#
# There is insufficient memory for the Java Runtime Environment to continue.
# Native memory allocation (malloc) failed to allocate 1183376 bytes for Chunk::new
# Possible reasons:
#   The system is out of physical RAM or swap space
#   The process is running with CompressedOops enabled, and the Java Heap may be blocking the growth of the native heap
# Possible solutions:
#   Reduce memory load on the system
#   Increase physical memory or swap space
#   Check if swap backing store is full
#   Decrease Java heap size (-Xmx/-Xms)
#   Decrease number of Java threads
#   Decrease Java thread stack sizes (-Xss)
#   Set larger code cache with -XX:ReservedCodeCacheSize=
#   JVM is running with Zero Based Compressed Oops mode in which the Java heap is
#     placed in the first 32GB address space. The Java Heap base address is the
#     maximum limit for the native heap growth. Please use -XX:HeapBaseMinAddress
#     to set the Java Heap base and to place the Java Heap above 32GB virtual address.
# This output file may be truncated or incomplete.
#
#  Out of Memory Error (./open/src/hotspot/share/memory/arena.cpp:197), pid=17608, tid=3788
#
# JRE version: Java(TM) SE Runtime Environment 18.9 (11.0.9+7) (build 11.0.9+7-LTS)
# Java VM: Java HotSpot(TM) 64-Bit Server VM 18.9 (11.0.9+7-LTS, mixed mode, tiered, compressed oops, g1 gc, windows-amd64)
# No core dump will be written. Minidumps are not enabled by default on client versions of Windows
#

---------------  S U M M A R Y ------------

Command Line: com.ditros.mcd.McdApplication

Host: Intel(R) Core(TM) i3-8130U CPU @ 2.20GHz, 4 cores, 11G,  Windows 10 , 64 bit Build 19041 (10.0.19041.3155)
Time: Wed Jul 19 14:00:04 2023 Afr. centrale Ouest elapsed time: 513.446806 seconds (0d 0h 8m 33s)

---------------  T H R E A D  ---------------

Current thread (0x000002326592e800):  JavaThread "C2 CompilerThread0" daemon [_thread_in_native, id=3788, stack(0x0000008dd5700000,0x0000008dd5800000)]


Current CompileTask:
C2: 513446 15345       4       org.hibernate.jpa.event.internal.CallbackDefinitionResolverLegacyImpl::resolveEntityCallbacks (818 bytes)

Stack: [0x0000008dd5700000,0x0000008dd5800000]
Native frames: (J=compiled Java code, j=interpreted, Vv=VM code, C=native code)
V  [jvm.dll+0x611a3a]
V  [jvm.dll+0x748aaf]
V  [jvm.dll+0x74a135]
V  [jvm.dll+0x74a7b3]
V  [jvm.dll+0x2439f8]
V  [jvm.dll+0xba2bc]
V  [jvm.dll+0xba9bc]
V  [jvm.dll+0x3454e7]
V  [jvm.dll+0x194221]
V  [jvm.dll+0x1fd5a2]
V  [jvm.dll+0x1fc64f]
V  [jvm.dll+0x17f08c]
V  [jvm.dll+0x20bc54]
V  [jvm.dll+0x209d2b]
V  [jvm.dll+0x7103d9]
V  [jvm.dll+0x709114]
V  [jvm.dll+0x610cb6]
C  [ucrtbase.dll+0x21bb2]
C  [KERNEL32.DLL+0x17614]
C  [ntdll.dll+0x526b1]


---------------  P R O C E S S  ---------------

Threads class SMR info:
_java_thread_list=0x0000023268a943b0, length=18, elements={
0x000002326507f800, 0x000002326591c800, 0x000002326592b000, 0x000002326592d800,
0x000002326592e800, 0x0000023265936800, 0x0000023265938000, 0x0000023265c3a800,
0x0000023265a89800, 0x000002326b55f800, 0x000002326cdb6800, 0x000002326cf11800,
0x000002326cdb8800, 0x000002326cdb7800, 0x000002326cdba000, 0x000002326cdbb800,
0x000002326cdba800, 0x000002326cdb5000
}

Java Threads: ( => current thread )
  0x000002326507f800 JavaThread "Reference Handler" daemon [_thread_blocked, id=13040, stack(0x0000008dd5300000,0x0000008dd5400000)]
  0x000002326591c800 JavaThread "Finalizer" daemon [_thread_blocked, id=18024, stack(0x0000008dd5400000,0x0000008dd5500000)]
  0x000002326592b000 JavaThread "Signal Dispatcher" daemon [_thread_blocked, id=19656, stack(0x0000008dd5500000,0x0000008dd5600000)]
  0x000002326592d800 JavaThread "Attach Listener" daemon [_thread_blocked, id=9948, stack(0x0000008dd5600000,0x0000008dd5700000)]
=>0x000002326592e800 JavaThread "C2 CompilerThread0" daemon [_thread_in_native, id=3788, stack(0x0000008dd5700000,0x0000008dd5800000)]
  0x0000023265936800 JavaThread "C1 CompilerThread0" daemon [_thread_blocked, id=1792, stack(0x0000008dd5800000,0x0000008dd5900000)]
  0x0000023265938000 JavaThread "Sweeper thread" daemon [_thread_blocked, id=15040, stack(0x0000008dd5900000,0x0000008dd5a00000)]
  0x0000023265c3a800 JavaThread "Service Thread" daemon [_thread_blocked, id=16016, stack(0x0000008dd5a00000,0x0000008dd5b00000)]
  0x0000023265a89800 JavaThread "Common-Cleaner" daemon [_thread_blocked, id=18836, stack(0x0000008dd5c00000,0x0000008dd5d00000)]
  0x000002326b55f800 JavaThread "mysql-cj-abandoned-connection-cleanup" daemon [_thread_blocked, id=7668, stack(0x0000008dd6300000,0x0000008dd6400000)]
  0x000002326cdb6800 JavaThread "Live Reload Server" daemon [_thread_in_native, id=20408, stack(0x0000008dd6b00000,0x0000008dd6c00000)]
  0x000002326cf11800 JavaThread "DestroyJavaVM" [_thread_blocked, id=4688, stack(0x0000008dd4c00000,0x0000008dd4d00000)]
  0x000002326cdb8800 JavaThread "Thread-7" [_thread_blocked, id=11664, stack(0x0000008dd4900000,0x0000008dd4a00000)]
  0x000002326cdb7800 JavaThread "File Watcher" daemon [_thread_blocked, id=6128, stack(0x0000008dd4b00000,0x0000008dd4c00000)]
  0x000002326cdba000 JavaThread "File Watcher" daemon [_thread_blocked, id=11516, stack(0x0000008dd6100000,0x0000008dd6200000)]
  0x000002326cdbb800 JavaThread "restartedMain" [_thread_in_Java, id=12132, stack(0x0000008dd6600000,0x0000008dd6700000)]
  0x000002326cdba800 JavaThread "HikariPool-3 housekeeper" daemon [_thread_blocked, id=424, stack(0x0000008dd6200000,0x0000008dd6300000)]
  0x000002326cdb5000 JavaThread "HikariPool-3 connection adder" daemon [_thread_blocked, id=20240, stack(0x0000008dd6500000,0x0000008dd6600000)]

Other Threads:
  0x000002326507d000 VMThread "VM Thread" [stack: 0x0000008dd5200000,0x0000008dd5300000] [id=13328]
  0x0000023265c3f800 WatcherThread [stack: 0x0000008dd5b00000,0x0000008dd5c00000] [id=14048]
  0x00000232445a7000 GCTaskThread "GC Thread#0" [stack: 0x0000008dd4d00000,0x0000008dd4e00000] [id=9368]
  0x0000023265f38000 GCTaskThread "GC Thread#1" [stack: 0x0000008dd5d00000,0x0000008dd5e00000] [id=2200]
  0x0000023265e7c000 GCTaskThread "GC Thread#2" [stack: 0x0000008dd5e00000,0x0000008dd5f00000] [id=17500]
  0x0000023265e82800 GCTaskThread "GC Thread#3" [stack: 0x0000008dd5f00000,0x0000008dd6000000] [id=2016]
  0x0000023244611800 ConcurrentGCThread "G1 Main Marker" [stack: 0x0000008dd4e00000,0x0000008dd4f00000] [id=20584]
  0x0000023244612800 ConcurrentGCThread "G1 Conc#0" [stack: 0x0000008dd4f00000,0x0000008dd5000000] [id=13156]
  0x0000023264f3f000 ConcurrentGCThread "G1 Refine#0" [stack: 0x0000008dd5000000,0x0000008dd5100000] [id=19788]
  0x0000023264f40800 ConcurrentGCThread "G1 Young RemSet Sampling" [stack: 0x0000008dd5100000,0x0000008dd5200000] [id=14912]

Threads with active compile tasks:
C2 CompilerThread0 513514 15345       4       org.hibernate.jpa.event.internal.CallbackDefinitionResolverLegacyImpl::resolveEntityCallbacks (818 bytes)

VM state:not at safepoint (normal execution)

VM Mutex/Monitor currently owned by a thread: None

Heap address: 0x0000000741600000, size: 3050 MB, Compressed Oops mode: Zero based, Oop shift amount: 3
Narrow klass base: 0x0000000800000000, Narrow klass shift: 0
Compressed class space size: 1073741824 Address: 0x0000000800000000

Heap:
 garbage-first heap   total 150528K, used 102975K [0x0000000741600000, 0x0000000800000000)
  region size 1024K, 59 young (60416K), 6 survivors (6144K)
 Metaspace       used 102734K, capacity 105441K, committed 105520K, reserved 1142784K
  class space    used 12139K, capacity 13155K, committed 13184K, reserved 1048576K
Heap Regions: E=young(eden), S=young(survivor), O=old, HS=humongous(starts), HC=humongous(continues), CS=collection set, F=free, A=archive, TAMS=top-at-mark-start (previous, next)
|   0|0x0000000741600000, 0x0000000741700000, 0x0000000741700000|100%|HS|  |TAMS 0x0000000741600000, 0x0000000741600000| Untracked 
|   1|0x0000000741700000, 0x00000007417ffff8, 0x0000000741800000| 99%| O|  |TAMS 0x0000000741700000, 0x0000000741700000| Untracked 
|   2|0x0000000741800000, 0x0000000741900000, 0x0000000741900000|100%| O|  |TAMS 0x0000000741800000, 0x0000000741800000| Untracked 
|   3|0x0000000741900000, 0x00000007419feb10, 0x0000000741a00000| 99%| O|  |TAMS 0x0000000741900000, 0x0000000741900000| Untracked 
|   4|0x0000000741a00000, 0x0000000741afffe0, 0x0000000741b00000| 99%| O|  |TAMS 0x0000000741a00000, 0x0000000741a00000| Untracked 
|   5|0x0000000741b00000, 0x0000000741bff770, 0x0000000741c00000| 99%| O|  |TAMS 0x0000000741b00000, 0x0000000741b00000| Untracked 
|   6|0x0000000741c00000, 0x0000000741cfffb8, 0x0000000741d00000| 99%| O|  |TAMS 0x0000000741c00000, 0x0000000741c00000| Untracked 
|   7|0x0000000741d00000, 0x0000000741dffff0, 0x0000000741e00000| 99%| O|  |TAMS 0x0000000741d00000, 0x0000000741d00000| Untracked 
|   8|0x0000000741e00000, 0x0000000741efffe0, 0x0000000741f00000| 99%| O|  |TAMS 0x0000000741e00000, 0x0000000741e00000| Untracked 
|   9|0x0000000741f00000, 0x0000000741ff08a0, 0x0000000742000000| 93%| O|  |TAMS 0x0000000741f00000, 0x0000000741f00000| Untracked 
|  10|0x0000000742000000, 0x00000007420ffa28, 0x0000000742100000| 99%| O|  |TAMS 0x0000000742000000, 0x0000000742000000| Untracked 
|  11|0x0000000742100000, 0x00000007421fffd0, 0x0000000742200000| 99%| O|  |TAMS 0x0000000742100000, 0x0000000742100000| Untracked 
|  12|0x0000000742200000, 0x00000007422ffff0, 0x0000000742300000| 99%| O|  |TAMS 0x0000000742200000, 0x0000000742200000| Untracked 
|  13|0x0000000742300000, 0x00000007423fffc0, 0x0000000742400000| 99%| O|  |TAMS 0x0000000742300000, 0x0000000742300000| Untracked 
|  14|0x0000000742400000, 0x00000007424fffe0, 0x0000000742500000| 99%| O|  |TAMS 0x0000000742400000, 0x0000000742400000| Untracked 
|  15|0x0000000742500000, 0x0000000742600000, 0x0000000742600000|100%| O|  |TAMS 0x0000000742500000, 0x0000000742500000| Untracked 
|  16|0x0000000742600000, 0x00000007426fffc0, 0x0000000742700000| 99%| O|  |TAMS 0x0000000742600000, 0x0000000742600000| Untracked 
|  17|0x0000000742700000, 0x00000007427ffdf8, 0x0000000742800000| 99%| O|  |TAMS 0x0000000742700000, 0x0000000742700000| Untracked 
|  18|0x0000000742800000, 0x0000000742900000, 0x0000000742900000|100%| O|  |TAMS 0x0000000742800000, 0x0000000742800000| Untracked 
|  19|0x0000000742900000, 0x00000007429ffff0, 0x0000000742a00000| 99%| O|  |TAMS 0x0000000742900000, 0x0000000742900000| Untracked 
|  20|0x0000000742a00000, 0x0000000742afffc8, 0x0000000742b00000| 99%| O|  |TAMS 0x0000000742a00000, 0x0000000742a00000| Untracked 
|  21|0x0000000742b00000, 0x0000000742bffff0, 0x0000000742c00000| 99%| O|  |TAMS 0x0000000742b00000, 0x0000000742b00000| Untracked 
|  22|0x0000000742c00000, 0x0000000742cfffe8, 0x0000000742d00000| 99%| O|  |TAMS 0x0000000742c00000, 0x0000000742c00000| Untracked 
|  23|0x0000000742d00000, 0x0000000742dffff8, 0x0000000742e00000| 99%| O|  |TAMS 0x0000000742d00000, 0x0000000742d00000| Untracked 
|  24|0x0000000742e00000, 0x0000000742efffe0, 0x0000000742f00000| 99%| O|  |TAMS 0x0000000742e00000, 0x0000000742e00000| Untracked 
|  25|0x0000000742f00000, 0x0000000743000000, 0x0000000743000000|100%| O|  |TAMS 0x0000000742f00000, 0x0000000742f00000| Untracked 
|  26|0x0000000743000000, 0x00000007430ffff8, 0x0000000743100000| 99%| O|  |TAMS 0x0000000743000000, 0x0000000743000000| Untracked 
|  27|0x0000000743100000, 0x00000007431ffff8, 0x0000000743200000| 99%| O|  |TAMS 0x0000000743100000, 0x0000000743100000| Untracked 
|  28|0x0000000743200000, 0x0000000743300000, 0x0000000743300000|100%| O|  |TAMS 0x0000000743200000, 0x0000000743200000| Untracked 
|  29|0x0000000743300000, 0x00000007433fffd0, 0x0000000743400000| 99%| O|  |TAMS 0x0000000743300000, 0x0000000743300000| Untracked 
|  30|0x0000000743400000, 0x00000007434ffff8, 0x0000000743500000| 99%| O|  |TAMS 0x0000000743400000, 0x0000000743400000| Untracked 
|  31|0x0000000743500000, 0x00000007435fffe0, 0x0000000743600000| 99%| O|  |TAMS 0x0000000743500000, 0x0000000743500000| Untracked 
|  32|0x0000000743600000, 0x00000007436ffff8, 0x0000000743700000| 99%| O|  |TAMS 0x0000000743600000, 0x0000000743600000| Untracked 
|  33|0x0000000743700000, 0x0000000743800000, 0x0000000743800000|100%| O|  |TAMS 0x0000000743700000, 0x0000000743700000| Untracked 
|  34|0x0000000743800000, 0x0000000743900000, 0x0000000743900000|100%| O|  |TAMS 0x0000000743800000, 0x0000000743800000| Untracked 
|  35|0x0000000743900000, 0x00000007439fffe8, 0x0000000743a00000| 99%| O|  |TAMS 0x0000000743900000, 0x0000000743900000| Untracked 
|  36|0x0000000743a00000, 0x0000000743a746e8, 0x0000000743b00000| 45%| O|  |TAMS 0x0000000743a00000, 0x0000000743a00000| Untracked 
|  37|0x0000000743b00000, 0x0000000743bf1000, 0x0000000743c00000| 94%| O|  |TAMS 0x0000000743b00000, 0x0000000743b00000| Untracked 
|  38|0x0000000743c00000, 0x0000000743cfffd8, 0x0000000743d00000| 99%| O|  |TAMS 0x0000000743c00000, 0x0000000743c00000| Untracked 
|  39|0x0000000743d00000, 0x0000000743e00000, 0x0000000743e00000|100%| O|  |TAMS 0x0000000743d00000, 0x0000000743d00000| Untracked 
|  40|0x0000000743e00000, 0x0000000743effff0, 0x0000000743f00000| 99%| O|  |TAMS 0x0000000743e00000, 0x0000000743e00000| Untracked 
|  41|0x0000000743f00000, 0x0000000743f6bed0, 0x0000000744000000| 42%| O|  |TAMS 0x0000000743f00000, 0x0000000743f00000| Untracked 
|  42|0x0000000744000000, 0x0000000744000000, 0x0000000744100000|  0%| F|  |TAMS 0x0000000744000000, 0x0000000744000000| Untracked 
|  43|0x0000000744100000, 0x00000007441ffff0, 0x0000000744200000| 99%| O|  |TAMS 0x0000000744100000, 0x0000000744100000| Untracked 
|  44|0x0000000744200000, 0x00000007442e2aa8, 0x0000000744300000| 88%| O|  |TAMS 0x0000000744200000, 0x0000000744200000| Untracked 
|  45|0x0000000744300000, 0x0000000744300000, 0x0000000744400000|  0%| F|  |TAMS 0x0000000744300000, 0x0000000744300000| Untracked 
|  46|0x0000000744400000, 0x0000000744400000, 0x0000000744500000|  0%| F|  |TAMS 0x0000000744400000, 0x0000000744400000| Untracked 
|  47|0x0000000744500000, 0x00000007445fd2b0, 0x0000000744600000| 98%| O|  |TAMS 0x0000000744500000, 0x0000000744500000| Untracked 
|  48|0x0000000744600000, 0x0000000744600000, 0x0000000744700000|  0%| F|  |TAMS 0x0000000744600000, 0x0000000744600000| Untracked 
|  49|0x0000000744700000, 0x0000000744700000, 0x0000000744800000|  0%| F|  |TAMS 0x0000000744700000, 0x0000000744700000| Untracked 
|  50|0x0000000744800000, 0x0000000744800000, 0x0000000744900000|  0%| F|  |TAMS 0x0000000744800000, 0x0000000744800000| Untracked 
|  51|0x0000000744900000, 0x0000000744900000, 0x0000000744a00000|  0%| F|  |TAMS 0x0000000744900000, 0x0000000744900000| Untracked 
|  52|0x0000000744a00000, 0x0000000744a00000, 0x0000000744b00000|  0%| F|  |TAMS 0x0000000744a00000, 0x0000000744a00000| Untracked 
|  53|0x0000000744b00000, 0x0000000744b00000, 0x0000000744c00000|  0%| F|  |TAMS 0x0000000744b00000, 0x0000000744b00000| Untracked 
|  54|0x0000000744c00000, 0x0000000744c00000, 0x0000000744d00000|  0%| F|  |TAMS 0x0000000744c00000, 0x0000000744c00000| Untracked 
|  55|0x0000000744d00000, 0x0000000744d00000, 0x0000000744e00000|  0%| F|  |TAMS 0x0000000744d00000, 0x0000000744d00000| Untracked 
|  56|0x0000000744e00000, 0x0000000744e00000, 0x0000000744f00000|  0%| F|  |TAMS 0x0000000744e00000, 0x0000000744e00000| Untracked 
|  57|0x0000000744f00000, 0x0000000744f00000, 0x0000000745000000|  0%| F|  |TAMS 0x0000000744f00000, 0x0000000744f00000| Untracked 
|  58|0x0000000745000000, 0x0000000745000000, 0x0000000745100000|  0%| F|  |TAMS 0x0000000745000000, 0x0000000745000000| Untracked 
|  59|0x0000000745100000, 0x0000000745100000, 0x0000000745200000|  0%| F|  |TAMS 0x0000000745100000, 0x0000000745100000| Untracked 
|  60|0x0000000745200000, 0x0000000745200000, 0x0000000745300000|  0%| F|  |TAMS 0x0000000745200000, 0x0000000745200000| Untracked 
|  61|0x0000000745300000, 0x0000000745300000, 0x0000000745400000|  0%| F|  |TAMS 0x0000000745300000, 0x0000000745300000| Untracked 
|  62|0x0000000745400000, 0x0000000745400000, 0x0000000745500000|  0%| F|  |TAMS 0x0000000745400000, 0x0000000745400000| Untracked 
|  63|0x0000000745500000, 0x0000000745500000, 0x0000000745600000|  0%| F|  |TAMS 0x0000000745500000, 0x0000000745500000| Untracked 
|  64|0x0000000745600000, 0x0000000745600000, 0x0000000745700000|  0%| F|  |TAMS 0x0000000745600000, 0x0000000745600000| Untracked 
|  65|0x0000000745700000, 0x0000000745700000, 0x0000000745800000|  0%| F|  |TAMS 0x0000000745700000, 0x0000000745700000| Untracked 
|  66|0x0000000745800000, 0x0000000745800000, 0x0000000745900000|  0%| F|  |TAMS 0x0000000745800000, 0x0000000745800000| Untracked 
|  67|0x0000000745900000, 0x0000000745900000, 0x0000000745a00000|  0%| F|  |TAMS 0x0000000745900000, 0x0000000745900000| Untracked 
|  68|0x0000000745a00000, 0x0000000745af0a20, 0x0000000745b00000| 93%| S|CS|TAMS 0x0000000745a00000, 0x0000000745a00000| Complete 
|  69|0x0000000745b00000, 0x0000000745c00000, 0x0000000745c00000|100%| S|CS|TAMS 0x0000000745b00000, 0x0000000745b00000| Complete 
|  70|0x0000000745c00000, 0x0000000745d00000, 0x0000000745d00000|100%| S|CS|TAMS 0x0000000745c00000, 0x0000000745c00000| Complete 
|  71|0x0000000745d00000, 0x0000000745e00000, 0x0000000745e00000|100%| S|CS|TAMS 0x0000000745d00000, 0x0000000745d00000| Complete 
|  72|0x0000000745e00000, 0x0000000745f00000, 0x0000000745f00000|100%| S|CS|TAMS 0x0000000745e00000, 0x0000000745e00000| Complete 
|  73|0x0000000745f00000, 0x0000000746000000, 0x0000000746000000|100%| S|CS|TAMS 0x0000000745f00000, 0x0000000745f00000| Complete 
|  74|0x0000000746000000, 0x0000000746000000, 0x0000000746100000|  0%| F|  |TAMS 0x0000000746000000, 0x0000000746000000| Untracked 
|  75|0x0000000746100000, 0x0000000746100000, 0x0000000746200000|  0%| F|  |TAMS 0x0000000746100000, 0x0000000746100000| Untracked 
|  76|0x0000000746200000, 0x0000000746200000, 0x0000000746300000|  0%| F|  |TAMS 0x0000000746200000, 0x0000000746200000| Untracked 
|  77|0x0000000746300000, 0x0000000746300000, 0x0000000746400000|  0%| F|  |TAMS 0x0000000746300000, 0x0000000746300000| Untracked 
|  78|0x0000000746400000, 0x0000000746400000, 0x0000000746500000|  0%| F|  |TAMS 0x0000000746400000, 0x0000000746400000| Untracked 
|  79|0x0000000746500000, 0x0000000746500000, 0x0000000746600000|  0%| F|  |TAMS 0x0000000746500000, 0x0000000746500000| Untracked 
|  80|0x0000000746600000, 0x0000000746600000, 0x0000000746700000|  0%| F|  |TAMS 0x0000000746600000, 0x0000000746600000| Untracked 
|  81|0x0000000746700000, 0x0000000746700000, 0x0000000746800000|  0%| F|  |TAMS 0x0000000746700000, 0x0000000746700000| Untracked 
|  82|0x0000000746800000, 0x0000000746800000, 0x0000000746900000|  0%| F|  |TAMS 0x0000000746800000, 0x0000000746800000| Untracked 
|  83|0x0000000746900000, 0x0000000746900000, 0x0000000746a00000|  0%| F|  |TAMS 0x0000000746900000, 0x0000000746900000| Untracked 
|  84|0x0000000746a00000, 0x0000000746a00000, 0x0000000746b00000|  0%| F|  |TAMS 0x0000000746a00000, 0x0000000746a00000| Untracked 
|  85|0x0000000746b00000, 0x0000000746b00000, 0x0000000746c00000|  0%| F|  |TAMS 0x0000000746b00000, 0x0000000746b00000| Untracked 
|  86|0x0000000746c00000, 0x0000000746c00000, 0x0000000746d00000|  0%| F|  |TAMS 0x0000000746c00000, 0x0000000746c00000| Untracked 
|  87|0x0000000746d00000, 0x0000000746d00000, 0x0000000746e00000|  0%| F|  |TAMS 0x0000000746d00000, 0x0000000746d00000| Untracked 
|  88|0x0000000746e00000, 0x0000000746e00000, 0x0000000746f00000|  0%| F|  |TAMS 0x0000000746e00000, 0x0000000746e00000| Untracked 
|  89|0x0000000746f00000, 0x0000000746f00000, 0x0000000747000000|  0%| F|  |TAMS 0x0000000746f00000, 0x0000000746f00000| Untracked 
|  90|0x0000000747000000, 0x0000000747000000, 0x0000000747100000|  0%| F|  |TAMS 0x0000000747000000, 0x0000000747000000| Untracked 
|  91|0x0000000747100000, 0x0000000747100000, 0x0000000747200000|  0%| F|  |TAMS 0x0000000747100000, 0x0000000747100000| Untracked 
|  92|0x0000000747200000, 0x0000000747200000, 0x0000000747300000|  0%| F|  |TAMS 0x0000000747200000, 0x0000000747200000| Untracked 
|  93|0x0000000747300000, 0x0000000747300000, 0x0000000747400000|  0%| F|  |TAMS 0x0000000747300000, 0x0000000747300000| Untracked 
|  94|0x0000000747400000, 0x0000000747500000, 0x0000000747500000|100%| E|  |TAMS 0x0000000747400000, 0x0000000747400000| Complete 
|  95|0x0000000747500000, 0x0000000747600000, 0x0000000747600000|100%| E|CS|TAMS 0x0000000747500000, 0x0000000747500000| Complete 
|  96|0x0000000747600000, 0x0000000747700000, 0x0000000747700000|100%| E|CS|TAMS 0x0000000747600000, 0x0000000747600000| Complete 
|  97|0x0000000747700000, 0x0000000747800000, 0x0000000747800000|100%| E|CS|TAMS 0x0000000747700000, 0x0000000747700000| Complete 
|  98|0x0000000747800000, 0x0000000747900000, 0x0000000747900000|100%| E|CS|TAMS 0x0000000747800000, 0x0000000747800000| Complete 
|  99|0x0000000747900000, 0x0000000747a00000, 0x0000000747a00000|100%| E|CS|TAMS 0x0000000747900000, 0x0000000747900000| Complete 
| 100|0x0000000747a00000, 0x0000000747b00000, 0x0000000747b00000|100%| E|CS|TAMS 0x0000000747a00000, 0x0000000747a00000| Complete 
| 101|0x0000000747b00000, 0x0000000747c00000, 0x0000000747c00000|100%| E|CS|TAMS 0x0000000747b00000, 0x0000000747b00000| Complete 
| 102|0x0000000747c00000, 0x0000000747d00000, 0x0000000747d00000|100%| E|CS|TAMS 0x0000000747c00000, 0x0000000747c00000| Complete 
| 103|0x0000000747d00000, 0x0000000747e00000, 0x0000000747e00000|100%| E|CS|TAMS 0x0000000747d00000, 0x0000000747d00000| Complete 
| 104|0x0000000747e00000, 0x0000000747f00000, 0x0000000747f00000|100%| E|CS|TAMS 0x0000000747e00000, 0x0000000747e00000| Complete 
| 105|0x0000000747f00000, 0x0000000748000000, 0x0000000748000000|100%| E|CS|TAMS 0x0000000747f00000, 0x0000000747f00000| Complete 
| 106|0x0000000748000000, 0x0000000748100000, 0x0000000748100000|100%| E|CS|TAMS 0x0000000748000000, 0x0000000748000000| Complete 
| 107|0x0000000748100000, 0x0000000748200000, 0x0000000748200000|100%| E|CS|TAMS 0x0000000748100000, 0x0000000748100000| Complete 
| 108|0x0000000748200000, 0x0000000748300000, 0x0000000748300000|100%| E|CS|TAMS 0x0000000748200000, 0x0000000748200000| Complete 
| 109|0x0000000748300000, 0x0000000748400000, 0x0000000748400000|100%| E|CS|TAMS 0x0000000748300000, 0x0000000748300000| Complete 
| 110|0x0000000748400000, 0x0000000748500000, 0x0000000748500000|100%| E|CS|TAMS 0x0000000748400000, 0x0000000748400000| Complete 
| 111|0x0000000748500000, 0x0000000748600000, 0x0000000748600000|100%| E|CS|TAMS 0x0000000748500000, 0x0000000748500000| Complete 
| 112|0x0000000748600000, 0x0000000748700000, 0x0000000748700000|100%| E|CS|TAMS 0x0000000748600000, 0x0000000748600000| Complete 
| 113|0x0000000748700000, 0x0000000748800000, 0x0000000748800000|100%| E|CS|TAMS 0x0000000748700000, 0x0000000748700000| Complete 
| 114|0x0000000748800000, 0x0000000748900000, 0x0000000748900000|100%| E|CS|TAMS 0x0000000748800000, 0x0000000748800000| Complete 
| 115|0x0000000748900000, 0x0000000748a00000, 0x0000000748a00000|100%| E|CS|TAMS 0x0000000748900000, 0x0000000748900000| Complete 
| 116|0x0000000748a00000, 0x0000000748b00000, 0x0000000748b00000|100%| E|CS|TAMS 0x0000000748a00000, 0x0000000748a00000| Complete 
| 117|0x0000000748b00000, 0x0000000748c00000, 0x0000000748c00000|100%| E|CS|TAMS 0x0000000748b00000, 0x0000000748b00000| Complete 
| 118|0x0000000748c00000, 0x0000000748d00000, 0x0000000748d00000|100%| E|CS|TAMS 0x0000000748c00000, 0x0000000748c00000| Complete 
| 119|0x0000000748d00000, 0x0000000748e00000, 0x0000000748e00000|100%| E|CS|TAMS 0x0000000748d00000, 0x0000000748d00000| Complete 
| 120|0x0000000748e00000, 0x0000000748f00000, 0x0000000748f00000|100%| E|CS|TAMS 0x0000000748e00000, 0x0000000748e00000| Complete 
| 121|0x0000000748f00000, 0x0000000749000000, 0x0000000749000000|100%| E|CS|TAMS 0x0000000748f00000, 0x0000000748f00000| Complete 
| 122|0x0000000749000000, 0x0000000749100000, 0x0000000749100000|100%| E|CS|TAMS 0x0000000749000000, 0x0000000749000000| Complete 
| 123|0x0000000749100000, 0x0000000749200000, 0x0000000749200000|100%| E|CS|TAMS 0x0000000749100000, 0x0000000749100000| Complete 
| 124|0x0000000749200000, 0x0000000749300000, 0x0000000749300000|100%| E|CS|TAMS 0x0000000749200000, 0x0000000749200000| Complete 
| 125|0x0000000749300000, 0x0000000749400000, 0x0000000749400000|100%| E|CS|TAMS 0x0000000749300000, 0x0000000749300000| Complete 
| 126|0x0000000749400000, 0x0000000749500000, 0x0000000749500000|100%| E|CS|TAMS 0x0000000749400000, 0x0000000749400000| Complete 
| 127|0x0000000749500000, 0x0000000749600000, 0x0000000749600000|100%| E|CS|TAMS 0x0000000749500000, 0x0000000749500000| Complete 
| 128|0x0000000749600000, 0x0000000749700000, 0x0000000749700000|100%| E|  |TAMS 0x0000000749600000, 0x0000000749600000| Complete 
| 129|0x0000000749700000, 0x0000000749800000, 0x0000000749800000|100%| E|CS|TAMS 0x0000000749700000, 0x0000000749700000| Complete 
| 130|0x0000000749800000, 0x0000000749900000, 0x0000000749900000|100%| E|CS|TAMS 0x0000000749800000, 0x0000000749800000| Complete 
| 131|0x0000000749900000, 0x0000000749a00000, 0x0000000749a00000|100%| E|CS|TAMS 0x0000000749900000, 0x0000000749900000| Complete 
| 132|0x0000000749a00000, 0x0000000749b00000, 0x0000000749b00000|100%| E|CS|TAMS 0x0000000749a00000, 0x0000000749a00000| Complete 
| 133|0x0000000749b00000, 0x0000000749c00000, 0x0000000749c00000|100%| E|CS|TAMS 0x0000000749b00000, 0x0000000749b00000| Complete 
| 134|0x0000000749c00000, 0x0000000749d00000, 0x0000000749d00000|100%| E|CS|TAMS 0x0000000749c00000, 0x0000000749c00000| Complete 
| 135|0x0000000749d00000, 0x0000000749e00000, 0x0000000749e00000|100%| E|CS|TAMS 0x0000000749d00000, 0x0000000749d00000| Complete 
| 136|0x0000000749e00000, 0x0000000749f00000, 0x0000000749f00000|100%| E|CS|TAMS 0x0000000749e00000, 0x0000000749e00000| Complete 
| 137|0x0000000749f00000, 0x000000074a000000, 0x000000074a000000|100%| E|CS|TAMS 0x0000000749f00000, 0x0000000749f00000| Complete 
| 138|0x000000074a000000, 0x000000074a100000, 0x000000074a100000|100%| E|CS|TAMS 0x000000074a000000, 0x000000074a000000| Complete 
| 139|0x000000074a100000, 0x000000074a200000, 0x000000074a200000|100%| E|CS|TAMS 0x000000074a100000, 0x000000074a100000| Complete 
| 140|0x000000074a200000, 0x000000074a300000, 0x000000074a300000|100%| E|CS|TAMS 0x000000074a200000, 0x000000074a200000| Complete 
| 141|0x000000074a300000, 0x000000074a400000, 0x000000074a400000|100%| E|CS|TAMS 0x000000074a300000, 0x000000074a300000| Complete 
| 142|0x000000074a400000, 0x000000074a500000, 0x000000074a500000|100%| E|CS|TAMS 0x000000074a400000, 0x000000074a400000| Complete 
| 143|0x000000074a500000, 0x000000074a600000, 0x000000074a600000|100%| E|CS|TAMS 0x000000074a500000, 0x000000074a500000| Complete 
| 144|0x000000074a600000, 0x000000074a700000, 0x000000074a700000|100%| E|CS|TAMS 0x000000074a600000, 0x000000074a600000| Complete 
| 145|0x000000074a700000, 0x000000074a800000, 0x000000074a800000|100%| E|CS|TAMS 0x000000074a700000, 0x000000074a700000| Complete 
| 146|0x000000074a800000, 0x000000074a900000, 0x000000074a900000|100%| E|CS|TAMS 0x000000074a800000, 0x000000074a800000| Complete 

Card table byte_map: [0x000002325c000000,0x000002325c600000] _byte_map_base: 0x00000232585f5000

Marking Bits (Prev, Next): (CMBitMap*) 0x0000023244604a30, (CMBitMap*) 0x00000232446049f8
 Prev Bits: [0x000002325fbb0000, 0x0000023262b58000)
 Next Bits: [0x000002325cc00000, 0x000002325fba8000)

Polling page: 0x0000023242730000

Metaspace:

Usage:
  Non-class:     90.12 MB capacity,    88.47 MB ( 98%) used,     1.32 MB (  1%) free+waste,   337.88 KB ( <1%) overhead. 
      Class:     12.85 MB capacity,    11.86 MB ( 92%) used,   865.95 KB (  7%) free+waste,   149.13 KB (  1%) overhead. 
       Both:    102.97 MB capacity,   100.33 MB ( 97%) used,     2.17 MB (  2%) free+waste,   487.00 KB ( <1%) overhead. 

Virtual space:
  Non-class space:       92.00 MB reserved,      90.17 MB ( 98%) committed 
      Class space:        1.00 GB reserved,      12.88 MB (  1%) committed 
             Both:        1.09 GB reserved,     103.05 MB (  9%) committed 

Chunk freelists:
   Non-Class:  6.25 KB
       Class:  3.63 KB
        Both:  9.88 KB

CodeHeap 'non-profiled nmethods': size=120064Kb used=10324Kb max_used=10324Kb free=109739Kb
 bounds [0x00000232544c0000, 0x0000023254ee0000, 0x000002325ba00000]
CodeHeap 'profiled nmethods': size=120000Kb used=26418Kb max_used=28085Kb free=93581Kb
 bounds [0x000002324cf90000, 0x000002324eb20000, 0x00000232544c0000]
CodeHeap 'non-nmethods': size=5696Kb used=1293Kb max_used=1370Kb free=4402Kb
 bounds [0x000002324ca00000, 0x000002324cc70000, 0x000002324cf90000]
 total_blobs=12615 nmethods=11952 adapters=573
 compilation: enabled
              stopped_count=0, restarted_count=0
 full_count=0

Compilation events (10 events):
Event: 513.184 Thread 0x0000023265936800 15404       3       com.zaxxer.hikari.pool.PoolEntry::getState (8 bytes)
Event: 513.184 Thread 0x0000023265936800 nmethod 15404 0x000002324d8a8010 code [0x000002324d8a81e0, 0x000002324d8a8510]
Event: 513.184 Thread 0x0000023265936800 15405       3       java.util.concurrent.atomic.AtomicIntegerFieldUpdater$AtomicIntegerFieldUpdaterImpl::get (17 bytes)
Event: 513.185 Thread 0x0000023265936800 nmethod 15405 0x000002324d8eb010 code [0x000002324d8eb1c0, 0x000002324d8eb450]
Event: 513.214 Thread 0x000002326cdb6000 15395       4       java.nio.ByteOrder::nativeOrder (4 bytes)
Event: 513.214 Thread 0x000002326cdb6000 nmethod 15395 0x0000023254ed5990 code [0x0000023254ed5b20, 0x0000023254ed5b78]
Event: 513.214 Thread 0x000002326cdb6000 15336       4       org.hibernate.annotations.common.reflection.java.JavaXSimpleType::getType (9 bytes)
Event: 513.249 Thread 0x000002326cdb6000 nmethod 15336 0x0000023254ed5c10 code [0x0000023254ed5f00, 0x0000023254ed6a98]
Event: 513.250 Thread 0x000002326cdb6000 15393       4       java.util.regex.Matcher::matches (10 bytes)
Event: 513.265 Thread 0x000002326cdb6000 nmethod 15393 0x0000023254ed7610 code [0x0000023254ed77e0, 0x0000023254ed7b08]

GC Heap History (10 events):
Event: 460.989 GC heap before
{Heap before GC invocations=38 (full 2):
 garbage-first heap   total 150528K, used 124437K [0x0000000741600000, 0x0000000800000000)
  region size 1024K, 80 young (81920K), 3 survivors (3072K)
 Metaspace       used 100728K, capacity 103244K, committed 103472K, reserved 1140736K
  class space    used 11915K, capacity 12876K, committed 12928K, reserved 1048576K
}
Event: 460.995 GC heap after
{Heap after GC invocations=39 (full 2):
 garbage-first heap   total 150528K, used 48276K [0x0000000741600000, 0x0000000800000000)
  region size 1024K, 5 young (5120K), 5 survivors (5120K)
 Metaspace       used 100728K, capacity 103244K, committed 103472K, reserved 1140736K
  class space    used 11915K, capacity 12876K, committed 12928K, reserved 1048576K
}
Event: 471.254 GC heap before
{Heap before GC invocations=39 (full 2):
 garbage-first heap   total 150528K, used 125076K [0x0000000741600000, 0x0000000800000000)
  region size 1024K, 81 young (82944K), 5 survivors (5120K)
 Metaspace       used 101462K, capacity 104073K, committed 104368K, reserved 1140736K
  class space    used 11994K, capacity 12980K, committed 13056K, reserved 1048576K
}
Event: 471.261 GC heap after
{Heap after GC invocations=40 (full 2):
 garbage-first heap   total 150528K, used 49229K [0x0000000741600000, 0x0000000800000000)
  region size 1024K, 6 young (6144K), 6 survivors (6144K)
 Metaspace       used 101462K, capacity 104073K, committed 104368K, reserved 1140736K
  class space    used 11994K, capacity 12980K, committed 13056K, reserved 1048576K
}
Event: 496.594 GC heap before
{Heap before GC invocations=40 (full 2):
 garbage-first heap   total 150528K, used 123981K [0x0000000741600000, 0x0000000800000000)
  region size 1024K, 80 young (81920K), 6 survivors (6144K)
 Metaspace       used 101489K, capacity 104087K, committed 104368K, reserved 1140736K
  class space    used 11995K, capacity 12984K, committed 13056K, reserved 1048576K
}
Event: 496.605 GC heap after
{Heap after GC invocations=41 (full 2):
 garbage-first heap   total 150528K, used 49105K [0x0000000741600000, 0x0000000800000000)
  region size 1024K, 5 young (5120K), 5 survivors (5120K)
 Metaspace       used 101489K, capacity 104087K, committed 104368K, reserved 1140736K
  class space    used 11995K, capacity 12984K, committed 13056K, reserved 1048576K
}
Event: 506.219 GC heap before
{Heap before GC invocations=41 (full 2):
 garbage-first heap   total 150528K, used 125905K [0x0000000741600000, 0x0000000800000000)
  region size 1024K, 80 young (81920K), 5 survivors (5120K)
 Metaspace       used 102311K, capacity 104981K, committed 105264K, reserved 1140736K
  class space    used 12094K, capacity 13089K, committed 13184K, reserved 1048576K
}
Event: 506.231 GC heap after
{Heap after GC invocations=42 (full 2):
 garbage-first heap   total 150528K, used 51447K [0x0000000741600000, 0x0000000800000000)
  region size 1024K, 7 young (7168K), 7 survivors (7168K)
 Metaspace       used 102311K, capacity 104981K, committed 105264K, reserved 1140736K
  class space    used 12094K, capacity 13089K, committed 13184K, reserved 1048576K
}
Event: 510.034 GC heap before
{Heap before GC invocations=42 (full 2):
 garbage-first heap   total 150528K, used 125175K [0x0000000741600000, 0x0000000800000000)
  region size 1024K, 80 young (81920K), 7 survivors (7168K)
 Metaspace       used 102622K, capacity 105334K, committed 105520K, reserved 1142784K
  class space    used 12128K, capacity 13121K, committed 13184K, reserved 1048576K
}
Event: 510.044 GC heap after
{Heap after GC invocations=43 (full 2):
 garbage-first heap   total 150528K, used 50751K [0x0000000741600000, 0x0000000800000000)
  region size 1024K, 6 young (6144K), 6 survivors (6144K)
 Metaspace       used 102622K, capacity 105334K, committed 105520K, reserved 1142784K
  class space    used 12128K, capacity 13121K, committed 13184K, reserved 1048576K
}

Deoptimization events (10 events):
Event: 506.232 Thread 0x000002326cdbb800 Uncommon trap: reason=unstable_if action=reinterpret pc=0x00000232547c4da8 method=org.springframework.util.ConcurrentReferenceHashMap$Segment.restructure(ZLorg/springframework/util/ConcurrentReferenceHashMap$Reference;)V @ 102 c2
Event: 508.393 Thread 0x000002326cdbb800 Uncommon trap: reason=class_check action=maybe_recompile pc=0x00000232547dbaf8 method=org.springframework.core.annotation.AnnotationsScanner.processMethodAnnotations(Ljava/lang/Object;ILjava/lang/reflect/Method;Lorg/springframework/core/annotation/Annotat
Event: 508.393 Thread 0x000002326cdbb800 Uncommon trap: reason=class_check action=maybe_recompile pc=0x00000232547dbaf8 method=org.springframework.core.annotation.AnnotationsScanner.processMethodAnnotations(Ljava/lang/Object;ILjava/lang/reflect/Method;Lorg/springframework/core/annotation/Annotat
Event: 510.510 Thread 0x000002326cdbb800 Uncommon trap: reason=array_check action=maybe_recompile pc=0x0000023254657384 method=java.util.ComparableTimSort.binarySort([Ljava/lang/Object;III)V @ 215 c2
Event: 510.514 Thread 0x000002326cdbb800 Uncommon trap: reason=array_check action=maybe_recompile pc=0x0000023254657384 method=java.util.ComparableTimSort.binarySort([Ljava/lang/Object;III)V @ 215 c2
Event: 510.628 Thread 0x000002326cdbb800 Uncommon trap: reason=array_check action=maybe_recompile pc=0x0000023254eb5d1c method=java.util.ComparableTimSort.reverseRange([Ljava/lang/Object;II)V @ 20 c2
Event: 511.127 Thread 0x000002326cdbb800 Uncommon trap: reason=profile_predicate action=maybe_recompile pc=0x0000023254be00d4 method=org.springframework.core.annotation.AnnotationsScanner.processClassInheritedAnnotations(Ljava/lang/Object;Ljava/lang/Class;Lorg/springframework/core/annotation/Mer
Event: 511.127 Thread 0x000002326cdbb800 Uncommon trap: reason=profile_predicate action=maybe_recompile pc=0x0000023254be00d4 method=org.springframework.core.annotation.AnnotationsScanner.processClassInheritedAnnotations(Ljava/lang/Object;Ljava/lang/Class;Lorg/springframework/core/annotation/Mer
Event: 511.127 Thread 0x000002326cdbb800 Uncommon trap: reason=profile_predicate action=maybe_recompile pc=0x0000023254be00d4 method=org.springframework.core.annotation.AnnotationsScanner.processClassInheritedAnnotations(Ljava/lang/Object;Ljava/lang/Class;Lorg/springframework/core/annotation/Mer
Event: 512.265 Thread 0x000002326cdbb800 Uncommon trap: reason=unstable_if action=reinterpret pc=0x00000232547f31d0 method=org.hibernate.cfg.annotations.reflection.internal.JPAXMLOverriddenMetadataProvider.getAnnotationReader(Ljava/lang/reflect/AnnotatedElement;)Lorg/hibernate/annotations/common

Classes redefined (0 events):
No events

Internal exceptions (10 events):
Event: 511.109 Thread 0x000002326cdbb800 Exception <a 'java/lang/ClassNotFoundException'{0x00000007491c4fc0}: com/ditros/mcd/security/KeycloakSecurityConfigCustomizer> (0x00000007491c4fc0) thrown at [./open/src/hotspot/share/classfile/systemDictionary.cpp, line 228]
Event: 511.111 Thread 0x000002326cdbb800 Exception <a 'java/lang/ClassNotFoundException'{0x00000007491f9f60}: com/ditros/mcd/security/KeycloakSecurityConfig$$EnhancerBySpringCGLIB$$2d29b87fCustomizer> (0x00000007491f9f60) thrown at [./open/src/hotspot/share/classfile/systemDictionary.cpp, line 2
Event: 511.113 Thread 0x000002326cdbb800 Exception <a 'java/lang/ClassNotFoundException'{0x000000074903eda0}: org/springframework/context/annotation/ConfigurationClassEnhancer$EnhancedConfigurationCustomizer> (0x000000074903eda0) thrown at [./open/src/hotspot/share/classfile/systemDictionary.cpp
Event: 511.114 Thread 0x000002326cdbb800 Exception <a 'java/lang/ClassNotFoundException'{0x0000000749064ba8}: org/springframework/beans/factory/BeanFactoryAwareCustomizer> (0x0000000749064ba8) thrown at [./open/src/hotspot/share/classfile/systemDictionary.cpp, line 228]
Event: 511.116 Thread 0x000002326cdbb800 Exception <a 'java/lang/ClassNotFoundException'{0x00000007490881d8}: org/springframework/beans/factory/AwareCustomizer> (0x00000007490881d8) thrown at [./open/src/hotspot/share/classfile/systemDictionary.cpp, line 228]
Event: 511.117 Thread 0x000002326cdbb800 Exception <a 'java/lang/ClassNotFoundException'{0x00000007490b4a88}: org/springframework/security/config/annotation/web/WebSecurityConfigurerCustomizer> (0x00000007490b4a88) thrown at [./open/src/hotspot/share/classfile/systemDictionary.cpp, line 228]
Event: 511.119 Thread 0x000002326cdbb800 Exception <a 'java/lang/ClassNotFoundException'{0x00000007490df808}: org/springframework/security/config/annotation/SecurityConfigurerCustomizer> (0x00000007490df808) thrown at [./open/src/hotspot/share/classfile/systemDictionary.cpp, line 228]
Event: 511.120 Thread 0x000002326cdbb800 Exception <a 'java/lang/ClassNotFoundException'{0x0000000748f0d438}: org/springframework/security/config/annotation/web/WebSecurityConfigurerCustomizer> (0x0000000748f0d438) thrown at [./open/src/hotspot/share/classfile/systemDictionary.cpp, line 228]
Event: 511.121 Thread 0x000002326cdbb800 Exception <a 'java/lang/ClassNotFoundException'{0x0000000748f37f08}: org/springframework/security/config/annotation/SecurityConfigurerCustomizer> (0x0000000748f37f08) thrown at [./open/src/hotspot/share/classfile/systemDictionary.cpp, line 228]
Event: 512.265 Thread 0x000002326cdbb800 Implicit null exception at 0x00000232547f2d1a to 0x00000232547f31ba

Events (10 events):
Event: 512.285 loading class com/ditros/mcd/model/entity/Virage
Event: 512.285 loading class com/ditros/mcd/model/entity/Virage done
Event: 512.285 loading class com/ditros/mcd/model/entity/WearingHelmet
Event: 512.285 loading class com/ditros/mcd/model/entity/WearingHelmet done
Event: 512.285 loading class com/ditros/mcd/model/entity/inherited/JournalData
Event: 512.285 loading class com/ditros/mcd/model/entity/inherited/JournalData done
Event: 512.408 Thread 0x000002326cdb5000 Thread added: 0x000002326cdb5000
Event: 513.076 Executing VM operation: RevokeBias
Event: 513.077 Executing VM operation: RevokeBias done
Event: 513.120 Thread 0x000002326cdb6000 Thread added: 0x000002326cdb6000


Dynamic libraries:
0x00007ff7c6eb0000 - 0x00007ff7c6ebf000 	C:\Program Files\Java\jdk-11.0.9\bin\java.exe
0x00007ffe51670000 - 0x00007ffe51868000 	C:\WINDOWS\SYSTEM32\ntdll.dll
0x00007ffe50240000 - 0x00007ffe502ff000 	C:\WINDOWS\System32\KERNEL32.DLL
0x00007ffe4f340000 - 0x00007ffe4f636000 	C:\WINDOWS\System32\KERNELBASE.dll
0x00007ffe4eec0000 - 0x00007ffe4efc0000 	C:\WINDOWS\System32\ucrtbase.dll
0x00007ffe3ca30000 - 0x00007ffe3ca45000 	C:\Program Files\Java\jdk-11.0.9\bin\VCRUNTIME140.dll
0x00007ffe3b010000 - 0x00007ffe3b028000 	C:\Program Files\Java\jdk-11.0.9\bin\jli.dll
0x00007ffe4ff90000 - 0x00007ffe5003f000 	C:\WINDOWS\System32\ADVAPI32.dll
0x00007ffe503f0000 - 0x00007ffe5048e000 	C:\WINDOWS\System32\msvcrt.dll
0x00007ffe51590000 - 0x00007ffe5162c000 	C:\WINDOWS\System32\sechost.dll
0x00007ffe51340000 - 0x00007ffe51466000 	C:\WINDOWS\System32\RPCRT4.dll
0x00007ffe4f6d0000 - 0x00007ffe4f86d000 	C:\WINDOWS\System32\USER32.dll
0x00007ffe4f270000 - 0x00007ffe4f292000 	C:\WINDOWS\System32\win32u.dll
0x00007ffe32710000 - 0x00007ffe329aa000 	C:\WINDOWS\WinSxS\amd64_microsoft.windows.common-controls_6595b64144ccf1df_6.0.19041.1110_none_60b5254171f9507e\COMCTL32.dll
0x00007ffe506f0000 - 0x00007ffe5071c000 	C:\WINDOWS\System32\GDI32.dll
0x00007ffe4efc0000 - 0x00007ffe4f0d5000 	C:\WINDOWS\System32\gdi32full.dll
0x00007ffe4f2a0000 - 0x00007ffe4f33d000 	C:\WINDOWS\System32\msvcp_win.dll
0x00007ffe492b0000 - 0x00007ffe492ba000 	C:\WINDOWS\SYSTEM32\VERSION.dll
0x00007ffe512e0000 - 0x00007ffe51310000 	C:\WINDOWS\System32\IMM32.DLL
0x00007ffe2d270000 - 0x00007ffe2d30b000 	C:\Program Files\Java\jdk-11.0.9\bin\msvcp140.dll
0x00007ffdcd390000 - 0x00007ffdcde87000 	C:\Program Files\Java\jdk-11.0.9\bin\server\jvm.dll
0x00007ffe4ff80000 - 0x00007ffe4ff88000 	C:\WINDOWS\System32\PSAPI.DLL
0x00007ffe49d20000 - 0x00007ffe49d47000 	C:\WINDOWS\SYSTEM32\WINMM.dll
0x00007ffe49cf0000 - 0x00007ffe49cf9000 	C:\WINDOWS\SYSTEM32\WSOCK32.dll
0x00007ffe501d0000 - 0x00007ffe5023b000 	C:\WINDOWS\System32\WS2_32.dll
0x00007ffe4d830000 - 0x00007ffe4d842000 	C:\WINDOWS\SYSTEM32\kernel.appcore.dll
0x00007ffe43f70000 - 0x00007ffe43f80000 	C:\Program Files\Java\jdk-11.0.9\bin\verify.dll
0x00007ffe4d240000 - 0x00007ffe4d424000 	C:\WINDOWS\SYSTEM32\DBGHELP.DLL
0x00007ffe391c0000 - 0x00007ffe391f4000 	C:\WINDOWS\SYSTEM32\dbgcore.DLL
0x00007ffe4f640000 - 0x00007ffe4f6c2000 	C:\WINDOWS\System32\bcryptPrimitives.dll
0x00007ffe39340000 - 0x00007ffe39368000 	C:\Program Files\Java\jdk-11.0.9\bin\java.dll
0x00007ffe3f0d0000 - 0x00007ffe3f0da000 	C:\Program Files\Java\jdk-11.0.9\bin\jimage.dll
0x00007ffe3a9e0000 - 0x00007ffe3a9f6000 	C:\Program Files\Java\jdk-11.0.9\bin\zip.dll
0x00007ffe50b90000 - 0x00007ffe512d4000 	C:\WINDOWS\System32\SHELL32.dll
0x00007ffe4c980000 - 0x00007ffe4d114000 	C:\WINDOWS\SYSTEM32\windows.storage.dll
0x00007ffe4f8f0000 - 0x00007ffe4fc44000 	C:\WINDOWS\System32\combase.dll
0x00007ffe4e5e0000 - 0x00007ffe4e60e000 	C:\WINDOWS\SYSTEM32\Wldp.dll
0x00007ffe50490000 - 0x00007ffe5053d000 	C:\WINDOWS\System32\SHCORE.dll
0x00007ffe50110000 - 0x00007ffe50165000 	C:\WINDOWS\System32\shlwapi.dll
0x00007ffe4ec80000 - 0x00007ffe4eca5000 	C:\WINDOWS\SYSTEM32\profapi.dll
0x00007ffe3a9a0000 - 0x00007ffe3a9b9000 	C:\Program Files\Java\jdk-11.0.9\bin\net.dll
0x00007ffe490a0000 - 0x00007ffe491aa000 	C:\WINDOWS\SYSTEM32\WINHTTP.dll
0x00007ffe4e3c0000 - 0x00007ffe4e42a000 	C:\WINDOWS\system32\mswsock.dll
0x00007ffe395c0000 - 0x00007ffe395d2000 	C:\Program Files\Java\jdk-11.0.9\bin\nio.dll
0x00007ffe3ca60000 - 0x00007ffe3ca69000 	C:\Program Files\Java\jdk-11.0.9\bin\management.dll
0x00007ffe3c1f0000 - 0x00007ffe3c1fb000 	C:\Program Files\Java\jdk-11.0.9\bin\management_ext.dll
0x00007ffe348c0000 - 0x00007ffe348d7000 	C:\WINDOWS\system32\napinsp.dll
0x00007ffe34720000 - 0x00007ffe3473b000 	C:\WINDOWS\system32\pnrpnsp.dll
0x00007ffe34700000 - 0x00007ffe34715000 	C:\WINDOWS\system32\wshbth.dll
0x00007ffe49420000 - 0x00007ffe4943d000 	C:\WINDOWS\system32\NLAapi.dll
0x00007ffe4e0d0000 - 0x00007ffe4e10c000 	C:\WINDOWS\SYSTEM32\IPHLPAPI.DLL
0x00007ffe4e160000 - 0x00007ffe4e22a000 	C:\WINDOWS\SYSTEM32\DNSAPI.dll
0x00007ffe51330000 - 0x00007ffe51338000 	C:\WINDOWS\System32\NSI.dll
0x00007ffe34580000 - 0x00007ffe34592000 	C:\WINDOWS\System32\winrnr.dll
0x00007ffe42df0000 - 0x00007ffe42dfa000 	C:\Windows\System32\rasadhlp.dll
0x00007ffe46910000 - 0x00007ffe46992000 	C:\WINDOWS\System32\fwpuclnt.dll
0x00007ffe4f240000 - 0x00007ffe4f267000 	C:\WINDOWS\System32\bcrypt.dll
0x00007ffe3aa60000 - 0x00007ffe3aa6d000 	C:\Program Files\Java\jdk-11.0.9\bin\sunmscapi.dll
0x00007ffe4f0e0000 - 0x00007ffe4f23e000 	C:\WINDOWS\System32\CRYPT32.dll
0x00007ffe4e6a0000 - 0x00007ffe4e6c8000 	C:\WINDOWS\SYSTEM32\ncrypt.dll
0x00007ffe4e660000 - 0x00007ffe4e69b000 	C:\WINDOWS\SYSTEM32\NTASN1.dll
0x00007ffe37c30000 - 0x00007ffe37c55000 	C:\Program Files\Java\jdk-11.0.9\bin\sunec.dll
0x00007ffe4e620000 - 0x00007ffe4e638000 	C:\WINDOWS\SYSTEM32\CRYPTSP.dll
0x00007ffe4dd00000 - 0x00007ffe4dd34000 	C:\WINDOWS\system32\rsaenh.dll
0x00007ffe4ec00000 - 0x00007ffe4ec2e000 	C:\WINDOWS\SYSTEM32\USERENV.dll
0x00007ffe4e550000 - 0x00007ffe4e55c000 	C:\WINDOWS\SYSTEM32\CRYPTBASE.dll
0x00007ffe495b0000 - 0x00007ffe495c7000 	C:\WINDOWS\SYSTEM32\dhcpcsvc6.DLL
0x00007ffe49590000 - 0x00007ffe495ad000 	C:\WINDOWS\SYSTEM32\dhcpcsvc.DLL

dbghelp: loaded successfully - version: 4.0.5 - missing functions: none
symbol engine: initialized successfully - sym options: 0x614 - pdb path: .;C:\Program Files\Java\jdk-11.0.9\bin;C:\WINDOWS\SYSTEM32;C:\WINDOWS\WinSxS\amd64_microsoft.windows.common-controls_6595b64144ccf1df_6.0.19041.1110_none_60b5254171f9507e;C:\Program Files\Java\jdk-11.0.9\bin\server

VM Arguments:
java_command: com.ditros.mcd.McdApplication
java_class_path (initial): D:\data-collect-back\target\classes;C:\Users\HP\.m2\repository\org\springframework\boot\spring-boot-starter-security\2.6.8\spring-boot-starter-security-2.6.8.jar;C:\Users\HP\.m2\repository\org\springframework\boot\spring-boot-starter\2.6.8\spring-boot-starter-2.6.8.jar;C:\Users\HP\.m2\repository\org\springframework\boot\spring-boot-starter-logging\2.6.8\spring-boot-starter-logging-2.6.8.jar;C:\Users\HP\.m2\repository\ch\qos\logback\logback-classic\1.2.11\logback-classic-1.2.11.jar;C:\Users\HP\.m2\repository\ch\qos\logback\logback-core\1.2.11\logback-core-1.2.11.jar;C:\Users\HP\.m2\repository\org\apache\logging\log4j\log4j-to-slf4j\2.17.2\log4j-to-slf4j-2.17.2.jar;C:\Users\HP\.m2\repository\org\apache\logging\log4j\log4j-api\2.17.2\log4j-api-2.17.2.jar;C:\Users\HP\.m2\repository\org\slf4j\jul-to-slf4j\1.7.36\jul-to-slf4j-1.7.36.jar;C:\Users\HP\.m2\repository\jakarta\annotation\jakarta.annotation-api\1.3.5\jakarta.annotation-api-1.3.5.jar;C:\Users\HP\.m2\repository\org\yaml\snakeyaml\1.29\snakeyaml-1.29.jar;C:\Users\HP\.m2\repository\org\springframework\spring-aop\5.3.20\spring-aop-5.3.20.jar;C:\Users\HP\.m2\repository\org\springframework\spring-beans\5.3.20\spring-beans-5.3.20.jar;C:\Users\HP\.m2\repository\org\springframework\security\spring-security-config\5.6.5\spring-security-config-5.6.5.jar;C:\Users\HP\.m2\repository\org\springframework\security\spring-security-core\5.6.5\spring-security-core-5.6.5.jar;C:\Users\HP\.m2\repository\org\springframework\security\spring-security-crypto\5.6.5\spring-security-crypto-5.6.5.jar;C:\Users\HP\.m2\repository\org\springframework\spring-context\5.3.20\spring-context-5.3.20.jar;C:\Users\HP\.m2\repository\org\springframework\security\spring-security-web\5.6.5\spring-security-web-5.6.5.jar;C:\Users\HP\.m2\repository\org\springframework\spring-expression\5.3.20\spring-expression-5.3.20.jar;C:\Users\HP\.m2\repository\org\springframework\boot\spring-boot-starter-websocket\2.6.8\spring-boot-starter-websoc
Launcher Type: SUN_STANDARD

[Global flags]
     intx CICompilerCount                          = 3                                         {product} {ergonomic}
     uint ConcGCThreads                            = 1                                         {product} {ergonomic}
     uint G1ConcRefinementThreads                  = 4                                         {product} {ergonomic}
   size_t G1HeapRegionSize                         = 1048576                                   {product} {ergonomic}
    uintx GCDrainStackTargetSize                   = 64                                        {product} {ergonomic}
   size_t InitialHeapSize                          = 201326592                                 {product} {ergonomic}
   size_t MarkStackSize                            = 4194304                                   {product} {ergonomic}
   size_t MaxHeapSize                              = 3198156800                                {product} {ergonomic}
   size_t MaxNewSize                               = 1918894080                                {product} {ergonomic}
   size_t MinHeapDeltaBytes                        = 1048576                                   {product} {ergonomic}
    uintx NonNMethodCodeHeapSize                   = 5830732                                {pd product} {ergonomic}
    uintx NonProfiledCodeHeapSize                  = 122913754                              {pd product} {ergonomic}
    uintx ProfiledCodeHeapSize                     = 122913754                              {pd product} {ergonomic}
    uintx ReservedCodeCacheSize                    = 251658240                              {pd product} {ergonomic}
     bool SegmentedCodeCache                       = true                                      {product} {ergonomic}
     bool UseCompressedClassPointers               = true                                 {lp64_product} {ergonomic}
     bool UseCompressedOops                        = true                                 {lp64_product} {ergonomic}
     bool UseG1GC                                  = true                                      {product} {ergonomic}
     bool UseLargePagesIndividualAllocation        = false                                  {pd product} {ergonomic}

Logging:
Log output configuration:
 #0: stdout all=warning uptime,level,tags
 #1: stderr all=off uptime,level,tags

Environment Variables:
JAVA_HOME=C:\Program Files\Java\jdk-11.0.9
PATH=C:\Program Files\Python310\Scripts\;C:\Program Files\Python310\;C:\Program Files (x86)\Common Files\Intel\Shared Libraries\redist\intel64\compiler;C:\WINDOWS\system32;C:\WINDOWS;C:\WINDOWS\System32\Wbem;C:\WINDOWS\System32\WindowsPowerShell\v1.0\;C:\WINDOWS\System32\OpenSSH\;C:\wamp64\www\scriptcase\components\php;C:\wamp64\bin\php\php7.4.26;C:\wamp64\bin\php\php7.3.25;C:\wamp64\bin\php\php7.1.29;C:\Program Files\nodejs;C:\Program Files\PuTTY\;C:\ProgramData\ComposerSetup\bin;C:\Program Files\Git\cmd;C:\Program Files (x86)\Yarn\bin\;C:\Program Files\Java\jdk-11.0.9\bin;C:\Users\HP\AppData\Local\Programs\Python\Python37;C:\Users\HP\AppData\Local\Programs\Python\Python37\Scripts;C:\Users\HP\AppData\Local\Android\flutter\bin;C:\Users\HP\AppData\Roaming\Composer\vendor\laravel\installer\bin;C:\Program Files (x86)\Bitvise SSH Client;C:\wamp64\www\apache-maven-3.8.4\bin;C:\Program Files\NetMake\v9-php73\components\php;C:\Program Files\Docker\Docker\resources\bin;C:\Program Files\nodejs\;C:\Program Files\CMake\bin;C:\Program Files\Java\jdk-11.0.19\bin;C:\Users\HP\AppData\Local\Programs\Python\Python310\Scripts\;C:\Users\HP\AppData\Local\Programs\Python\Python310\;C:\Users\HP\AppData\Local\Microsoft\WindowsApps;C:\Users\HP\AppData\Roaming\Composer\vendor\bin;C:\Users\HP\AppData\Local\Yarn\bin;C:\Program Files\heroku\bin;C:\Users\HP\AppData\Local\Programs\Microsoft VS Code\bin;C:\Users\HP\AppData\Local\GitHubDesktop\bin;C:\Users\HP\AppData\Roaming\npm;
USERNAME=HP
OS=Windows_NT
PROCESSOR_IDENTIFIER=Intel64 Family 6 Model 142 Stepping 10, GenuineIntel



---------------  S Y S T E M  ---------------

OS: Windows 10 , 64 bit Build 19041 (10.0.19041.3155)
HyperV virtualization detected

CPU:total 4 (initial active 4) (2 cores per cpu, 2 threads per core) family 6 model 142 stepping 10, cmov, cx8, fxsr, mmx, sse, sse2, sse3, ssse3, sse4.1, sse4.2, popcnt, avx, avx2, aes, clmul, erms, 3dnowpref, lzcnt, ht, tsc, tscinvbit, bmi1, bmi2, adx, fma

Memory: 4k page, system-wide physical 12199M (3281M free)
TotalPageFile size 14247M (AvailPageFile size 5M)
current process WorkingSet (physical memory assigned to process): 418M, peak: 603M
current process commit charge ("private bytes"): 450M, peak: 654M

vm_info: Java HotSpot(TM) 64-Bit Server VM (11.0.9+7-LTS) for windows-amd64 JRE (11.0.9+7-LTS), built on Sep 15 2020 16:47:03 by "mach5one" with MS VC++ 15.9 (VS2017)

END.
