#
# There is insufficient memory for the Java Runtime Environment to continue.
# Native memory allocation (malloc) failed to allocate 1841296 bytes for Chunk::new
# Possible reasons:
#   The system is out of physical RAM or swap space
#   The process is running with CompressedOops enabled, and the Java Heap may be blocking the growth of the native heap
# Possible solutions:
#   Reduce memory load on the system
#   Increase physical memory or swap space
#   Check if swap backing store is full
#   Decrease Java heap size (-Xmx/-Xms)
#   Decrease number of Java threads
#   Decrease Java thread stack sizes (-Xss)
#   Set larger code cache with -XX:ReservedCodeCacheSize=
#   JVM is running with Zero Based Compressed Oops mode in which the Java heap is
#     placed in the first 32GB address space. The Java Heap base address is the
#     maximum limit for the native heap growth. Please use -XX:HeapBaseMinAddress
#     to set the Java Heap base and to place the Java Heap above 32GB virtual address.
# This output file may be truncated or incomplete.
#
#  Out of Memory Error (./open/src/hotspot/share/memory/arena.cpp:197), pid=9092, tid=20944
#
# JRE version: Java(TM) SE Runtime Environment 18.9 (11.0.9+7) (build 11.0.9+7-LTS)
# Java VM: Java HotSpot(TM) 64-Bit Server VM 18.9 (11.0.9+7-LTS, mixed mode, tiered, compressed oops, g1 gc, windows-amd64)
# No core dump will be written. Minidumps are not enabled by default on client versions of Windows
#

---------------  S U M M A R Y ------------

Command Line: -ea -Dfile.encoding=UTF-8 org.eclipse.jdt.internal.junit.runner.RemoteTestRunner -version 3 -port 60496 -testLoaderClass org.eclipse.jdt.internal.junit5.runner.JUnit5TestLoader -loaderpluginname org.eclipse.jdt.junit5.runtime -test com.ditros.mcd.service.AccidentServiceTest:testDeclareAccident

Host: Intel(R) Core(TM) i3-8130U CPU @ 2.20GHz, 4 cores, 11G,  Windows 10 , 64 bit Build 19041 (10.0.19041.3031)
Time: Tue Jul 11 12:48:35 2023 Afr. centrale Ouest elapsed time: 7.392392 seconds (0d 0h 0m 7s)

---------------  T H R E A D  ---------------

Current thread (0x000001e265fd0800):  JavaThread "C2 CompilerThread1" daemon [_thread_in_native, id=20944, stack(0x0000000c77000000,0x0000000c77100000)]


Current CompileTask:
C2:   7392 4031       4       org.springframework.beans.factory.support.AbstractBeanFactory::isTypeMatch (607 bytes)

Stack: [0x0000000c77000000,0x0000000c77100000]
Native frames: (J=compiled Java code, j=interpreted, Vv=VM code, C=native code)
V  [jvm.dll+0x611a3a]
V  [jvm.dll+0x748aaf]
V  [jvm.dll+0x74a135]
V  [jvm.dll+0x74a7b3]
V  [jvm.dll+0x2439f8]
V  [jvm.dll+0xba2bc]
V  [jvm.dll+0xba9bc]
V  [jvm.dll+0x3454a2]
V  [jvm.dll+0x313343]
V  [jvm.dll+0x31268a]
V  [jvm.dll+0x1fd495]
V  [jvm.dll+0x1fc64f]
V  [jvm.dll+0x17f08c]
V  [jvm.dll+0x20bc54]
V  [jvm.dll+0x209d2b]
V  [jvm.dll+0x7103d9]
V  [jvm.dll+0x709114]
V  [jvm.dll+0x610cb6]
C  [ucrtbase.dll+0x21bb2]
C  [KERNEL32.DLL+0x17614]
C  [ntdll.dll+0x526f1]


---------------  P R O C E S S  ---------------

Threads class SMR info:
_java_thread_list=0x000001e267608f50, length=12, elements={
0x000001e24465b000, 0x000001e2659a4000, 0x000001e265992800, 0x000001e2659ec800,
0x000001e2659ee800, 0x000001e2659f0800, 0x000001e2659f8000, 0x000001e265a5e800,
0x000001e265d30000, 0x000001e265d45800, 0x000001e265fd0800, 0x000001e2669ff800
}

Java Threads: ( => current thread )
  0x000001e24465b000 JavaThread "main" [_thread_in_Java, id=9780, stack(0x0000000c75f00000,0x0000000c76000000)]
  0x000001e2659a4000 JavaThread "Reference Handler" daemon [_thread_blocked, id=23260, stack(0x0000000c76600000,0x0000000c76700000)]
  0x000001e265992800 JavaThread "Finalizer" daemon [_thread_blocked, id=8220, stack(0x0000000c76700000,0x0000000c76800000)]
  0x000001e2659ec800 JavaThread "Signal Dispatcher" daemon [_thread_blocked, id=24260, stack(0x0000000c76800000,0x0000000c76900000)]
  0x000001e2659ee800 JavaThread "Attach Listener" daemon [_thread_blocked, id=11064, stack(0x0000000c76900000,0x0000000c76a00000)]
  0x000001e2659f0800 JavaThread "C2 CompilerThread0" daemon [_thread_in_native, id=14592, stack(0x0000000c76a00000,0x0000000c76b00000)]
  0x000001e2659f8000 JavaThread "C1 CompilerThread0" daemon [_thread_in_native, id=12160, stack(0x0000000c76b00000,0x0000000c76c00000)]
  0x000001e265a5e800 JavaThread "Sweeper thread" daemon [_thread_blocked, id=13404, stack(0x0000000c76c00000,0x0000000c76d00000)]
  0x000001e265d30000 JavaThread "Service Thread" daemon [_thread_blocked, id=14948, stack(0x0000000c76d00000,0x0000000c76e00000)]
  0x000001e265d45800 JavaThread "Common-Cleaner" daemon [_thread_blocked, id=12452, stack(0x0000000c76f00000,0x0000000c77000000)]
=>0x000001e265fd0800 JavaThread "C2 CompilerThread1" daemon [_thread_in_native, id=20944, stack(0x0000000c77000000,0x0000000c77100000)]
  0x000001e2669ff800 JavaThread "ReaderThread" [_thread_in_native, id=9412, stack(0x0000000c77400000,0x0000000c77500000)]

Other Threads:
  0x000001e26596b800 VMThread "VM Thread" [stack: 0x0000000c76500000,0x0000000c76600000] [id=11532]
  0x000001e265c18800 WatcherThread [stack: 0x0000000c76e00000,0x0000000c76f00000] [id=23756]
  0x000001e244670800 GCTaskThread "GC Thread#0" [stack: 0x0000000c76000000,0x0000000c76100000] [id=22016]
  0x000001e266439000 GCTaskThread "GC Thread#1" [stack: 0x0000000c77100000,0x0000000c77200000] [id=19136]
  0x000001e26650b000 GCTaskThread "GC Thread#2" [stack: 0x0000000c77200000,0x0000000c77300000] [id=10900]
  0x000001e26650b800 GCTaskThread "GC Thread#3" [stack: 0x0000000c77300000,0x0000000c77400000] [id=24100]
  0x000001e2446b6000 ConcurrentGCThread "G1 Main Marker" [stack: 0x0000000c76100000,0x0000000c76200000] [id=10036]
  0x000001e2446b9800 ConcurrentGCThread "G1 Conc#0" [stack: 0x0000000c76200000,0x0000000c76300000] [id=22380]
  0x000001e264fd6000 ConcurrentGCThread "G1 Refine#0" [stack: 0x0000000c76300000,0x0000000c76400000] [id=19796]
  0x000001e264fd7000 ConcurrentGCThread "G1 Young RemSet Sampling" [stack: 0x0000000c76400000,0x0000000c76500000] [id=21912]

Threads with active compile tasks:
C2 CompilerThread0   7424 4071 % !   4       org.springframework.beans.factory.support.DefaultListableBeanFactory::doGetBeanNamesForType @ 20 (511 bytes)
C1 CompilerThread0   7424 4153       3       org.springframework.beans.factory.support.AbstractBeanFactory::evaluateBeanDefinitionString (55 bytes)
C2 CompilerThread1   7424 4031       4       org.springframework.beans.factory.support.AbstractBeanFactory::isTypeMatch (607 bytes)

VM state:not at safepoint (normal execution)

VM Mutex/Monitor currently owned by a thread: None

Heap address: 0x0000000741600000, size: 3050 MB, Compressed Oops mode: Zero based, Oop shift amount: 3
Narrow klass base: 0x0000000800000000, Narrow klass shift: 0
Compressed class space size: 1073741824 Address: 0x0000000800000000

Heap:
 garbage-first heap   total 236544K, used 107080K [0x0000000741600000, 0x0000000800000000)
  region size 1024K, 96 young (98304K), 9 survivors (9216K)
 Metaspace       used 39914K, capacity 41142K, committed 41388K, reserved 1085440K
  class space    used 4816K, capacity 5299K, committed 5376K, reserved 1048576K
Heap Regions: E=young(eden), S=young(survivor), O=old, HS=humongous(starts), HC=humongous(continues), CS=collection set, F=free, A=archive, TAMS=top-at-mark-start (previous, next)
|   0|0x0000000741600000, 0x0000000741700000, 0x0000000741700000|100%|HS|  |TAMS 0x0000000741700000, 0x0000000741600000| Complete 
|   1|0x0000000741700000, 0x0000000741800000, 0x0000000741800000|100%| O|  |TAMS 0x0000000741800000, 0x0000000741700000| Untracked 
|   2|0x0000000741800000, 0x0000000741900000, 0x0000000741900000|100%| O|  |TAMS 0x0000000741900000, 0x0000000741800000| Untracked 
|   3|0x0000000741900000, 0x0000000741a00000, 0x0000000741a00000|100%| O|  |TAMS 0x0000000741a00000, 0x0000000741900000| Untracked 
|   4|0x0000000741a00000, 0x0000000741b00000, 0x0000000741b00000|100%| O|  |TAMS 0x0000000741b00000, 0x0000000741a00000| Untracked 
|   5|0x0000000741b00000, 0x0000000741c00000, 0x0000000741c00000|100%| O|  |TAMS 0x0000000741c00000, 0x0000000741b00000| Untracked 
|   6|0x0000000741c00000, 0x0000000741d00000, 0x0000000741d00000|100%| O|  |TAMS 0x0000000741d00000, 0x0000000741c00000| Untracked 
|   7|0x0000000741d00000, 0x0000000741e00000, 0x0000000741e00000|100%| O|  |TAMS 0x0000000741e00000, 0x0000000741d00000| Untracked 
|   8|0x0000000741e00000, 0x0000000741f00000, 0x0000000741f00000|100%| O|  |TAMS 0x0000000741f00000, 0x0000000741e00000| Untracked 
|   9|0x0000000741f00000, 0x0000000741fea800, 0x0000000742000000| 91%| O|  |TAMS 0x0000000741fea800, 0x0000000741f00000| Untracked 
|  10|0x0000000742000000, 0x0000000742000000, 0x0000000742100000|  0%| F|  |TAMS 0x0000000742000000, 0x0000000742000000| Untracked 
|  11|0x0000000742100000, 0x0000000742100000, 0x0000000742200000|  0%| F|  |TAMS 0x0000000742100000, 0x0000000742100000| Untracked 
|  12|0x0000000742200000, 0x0000000742200000, 0x0000000742300000|  0%| F|  |TAMS 0x0000000742200000, 0x0000000742200000| Untracked 
|  13|0x0000000742300000, 0x0000000742300000, 0x0000000742400000|  0%| F|  |TAMS 0x0000000742300000, 0x0000000742300000| Untracked 
|  14|0x0000000742400000, 0x0000000742400000, 0x0000000742500000|  0%| F|  |TAMS 0x0000000742400000, 0x0000000742400000| Untracked 
|  15|0x0000000742500000, 0x0000000742500000, 0x0000000742600000|  0%| F|  |TAMS 0x0000000742500000, 0x0000000742500000| Untracked 
|  16|0x0000000742600000, 0x0000000742600000, 0x0000000742700000|  0%| F|  |TAMS 0x0000000742600000, 0x0000000742600000| Untracked 
|  17|0x0000000742700000, 0x0000000742700000, 0x0000000742800000|  0%| F|  |TAMS 0x0000000742700000, 0x0000000742700000| Untracked 
|  18|0x0000000742800000, 0x0000000742800000, 0x0000000742900000|  0%| F|  |TAMS 0x0000000742800000, 0x0000000742800000| Untracked 
|  19|0x0000000742900000, 0x0000000742900000, 0x0000000742a00000|  0%| F|  |TAMS 0x0000000742900000, 0x0000000742900000| Untracked 
|  20|0x0000000742a00000, 0x0000000742a00000, 0x0000000742b00000|  0%| F|  |TAMS 0x0000000742a00000, 0x0000000742a00000| Untracked 
|  21|0x0000000742b00000, 0x0000000742b00000, 0x0000000742c00000|  0%| F|  |TAMS 0x0000000742b00000, 0x0000000742b00000| Untracked 
|  22|0x0000000742c00000, 0x0000000742c00000, 0x0000000742d00000|  0%| F|  |TAMS 0x0000000742c00000, 0x0000000742c00000| Untracked 
|  23|0x0000000742d00000, 0x0000000742d00000, 0x0000000742e00000|  0%| F|  |TAMS 0x0000000742d00000, 0x0000000742d00000| Untracked 
|  24|0x0000000742e00000, 0x0000000742e00000, 0x0000000742f00000|  0%| F|  |TAMS 0x0000000742e00000, 0x0000000742e00000| Untracked 
|  25|0x0000000742f00000, 0x0000000742f00000, 0x0000000743000000|  0%| F|  |TAMS 0x0000000742f00000, 0x0000000742f00000| Untracked 
|  26|0x0000000743000000, 0x0000000743000000, 0x0000000743100000|  0%| F|  |TAMS 0x0000000743000000, 0x0000000743000000| Untracked 
|  27|0x0000000743100000, 0x0000000743100000, 0x0000000743200000|  0%| F|  |TAMS 0x0000000743100000, 0x0000000743100000| Untracked 
|  28|0x0000000743200000, 0x0000000743200000, 0x0000000743300000|  0%| F|  |TAMS 0x0000000743200000, 0x0000000743200000| Untracked 
|  29|0x0000000743300000, 0x0000000743300000, 0x0000000743400000|  0%| F|  |TAMS 0x0000000743300000, 0x0000000743300000| Untracked 
|  30|0x0000000743400000, 0x0000000743400000, 0x0000000743500000|  0%| F|  |TAMS 0x0000000743400000, 0x0000000743400000| Untracked 
|  31|0x0000000743500000, 0x0000000743500000, 0x0000000743600000|  0%| F|  |TAMS 0x0000000743500000, 0x0000000743500000| Untracked 
|  32|0x0000000743600000, 0x0000000743600000, 0x0000000743700000|  0%| F|  |TAMS 0x0000000743600000, 0x0000000743600000| Untracked 
|  33|0x0000000743700000, 0x0000000743700000, 0x0000000743800000|  0%| F|  |TAMS 0x0000000743700000, 0x0000000743700000| Untracked 
|  34|0x0000000743800000, 0x0000000743800000, 0x0000000743900000|  0%| F|  |TAMS 0x0000000743800000, 0x0000000743800000| Untracked 
|  35|0x0000000743900000, 0x0000000743900000, 0x0000000743a00000|  0%| F|  |TAMS 0x0000000743900000, 0x0000000743900000| Untracked 
|  36|0x0000000743a00000, 0x0000000743a00000, 0x0000000743b00000|  0%| F|  |TAMS 0x0000000743a00000, 0x0000000743a00000| Untracked 
|  37|0x0000000743b00000, 0x0000000743b00000, 0x0000000743c00000|  0%| F|  |TAMS 0x0000000743b00000, 0x0000000743b00000| Untracked 
|  38|0x0000000743c00000, 0x0000000743c00000, 0x0000000743d00000|  0%| F|  |TAMS 0x0000000743c00000, 0x0000000743c00000| Untracked 
|  39|0x0000000743d00000, 0x0000000743d00000, 0x0000000743e00000|  0%| F|  |TAMS 0x0000000743d00000, 0x0000000743d00000| Untracked 
|  40|0x0000000743e00000, 0x0000000743e00000, 0x0000000743f00000|  0%| F|  |TAMS 0x0000000743e00000, 0x0000000743e00000| Untracked 
|  41|0x0000000743f00000, 0x0000000743f00000, 0x0000000744000000|  0%| F|  |TAMS 0x0000000743f00000, 0x0000000743f00000| Untracked 
|  42|0x0000000744000000, 0x0000000744000000, 0x0000000744100000|  0%| F|  |TAMS 0x0000000744000000, 0x0000000744000000| Untracked 
|  43|0x0000000744100000, 0x0000000744100000, 0x0000000744200000|  0%| F|  |TAMS 0x0000000744100000, 0x0000000744100000| Untracked 
|  44|0x0000000744200000, 0x0000000744200000, 0x0000000744300000|  0%| F|  |TAMS 0x0000000744200000, 0x0000000744200000| Untracked 
|  45|0x0000000744300000, 0x0000000744300000, 0x0000000744400000|  0%| F|  |TAMS 0x0000000744300000, 0x0000000744300000| Untracked 
|  46|0x0000000744400000, 0x0000000744400000, 0x0000000744500000|  0%| F|  |TAMS 0x0000000744400000, 0x0000000744400000| Untracked 
|  47|0x0000000744500000, 0x0000000744500000, 0x0000000744600000|  0%| F|  |TAMS 0x0000000744500000, 0x0000000744500000| Untracked 
|  48|0x0000000744600000, 0x0000000744600000, 0x0000000744700000|  0%| F|  |TAMS 0x0000000744600000, 0x0000000744600000| Untracked 
|  49|0x0000000744700000, 0x0000000744700000, 0x0000000744800000|  0%| F|  |TAMS 0x0000000744700000, 0x0000000744700000| Untracked 
|  50|0x0000000744800000, 0x0000000744800000, 0x0000000744900000|  0%| F|  |TAMS 0x0000000744800000, 0x0000000744800000| Untracked 
|  51|0x0000000744900000, 0x0000000744900000, 0x0000000744a00000|  0%| F|  |TAMS 0x0000000744900000, 0x0000000744900000| Untracked 
|  52|0x0000000744a00000, 0x0000000744a00000, 0x0000000744b00000|  0%| F|  |TAMS 0x0000000744a00000, 0x0000000744a00000| Untracked 
|  53|0x0000000744b00000, 0x0000000744b00000, 0x0000000744c00000|  0%| F|  |TAMS 0x0000000744b00000, 0x0000000744b00000| Untracked 
|  54|0x0000000744c00000, 0x0000000744c00000, 0x0000000744d00000|  0%| F|  |TAMS 0x0000000744c00000, 0x0000000744c00000| Untracked 
|  55|0x0000000744d00000, 0x0000000744d00000, 0x0000000744e00000|  0%| F|  |TAMS 0x0000000744d00000, 0x0000000744d00000| Untracked 
|  56|0x0000000744e00000, 0x0000000744e00000, 0x0000000744f00000|  0%| F|  |TAMS 0x0000000744e00000, 0x0000000744e00000| Untracked 
|  57|0x0000000744f00000, 0x0000000744f00000, 0x0000000745000000|  0%| F|  |TAMS 0x0000000744f00000, 0x0000000744f00000| Untracked 
|  58|0x0000000745000000, 0x0000000745000000, 0x0000000745100000|  0%| F|  |TAMS 0x0000000745000000, 0x0000000745000000| Untracked 
|  59|0x0000000745100000, 0x0000000745100000, 0x0000000745200000|  0%| F|  |TAMS 0x0000000745100000, 0x0000000745100000| Untracked 
|  60|0x0000000745200000, 0x0000000745200000, 0x0000000745300000|  0%| F|  |TAMS 0x0000000745200000, 0x0000000745200000| Untracked 
|  61|0x0000000745300000, 0x0000000745300000, 0x0000000745400000|  0%| F|  |TAMS 0x0000000745300000, 0x0000000745300000| Untracked 
|  62|0x0000000745400000, 0x0000000745400000, 0x0000000745500000|  0%| F|  |TAMS 0x0000000745400000, 0x0000000745400000| Untracked 
|  63|0x0000000745500000, 0x0000000745500000, 0x0000000745600000|  0%| F|  |TAMS 0x0000000745500000, 0x0000000745500000| Untracked 
|  64|0x0000000745600000, 0x0000000745600000, 0x0000000745700000|  0%| F|  |TAMS 0x0000000745600000, 0x0000000745600000| Untracked 
|  65|0x0000000745700000, 0x0000000745700000, 0x0000000745800000|  0%| F|  |TAMS 0x0000000745700000, 0x0000000745700000| Untracked 
|  66|0x0000000745800000, 0x0000000745800000, 0x0000000745900000|  0%| F|  |TAMS 0x0000000745800000, 0x0000000745800000| Untracked 
|  67|0x0000000745900000, 0x0000000745900000, 0x0000000745a00000|  0%| F|  |TAMS 0x0000000745900000, 0x0000000745900000| Untracked 
|  68|0x0000000745a00000, 0x0000000745a00000, 0x0000000745b00000|  0%| F|  |TAMS 0x0000000745a00000, 0x0000000745a00000| Untracked 
|  69|0x0000000745b00000, 0x0000000745b00000, 0x0000000745c00000|  0%| F|  |TAMS 0x0000000745b00000, 0x0000000745b00000| Untracked 
|  70|0x0000000745c00000, 0x0000000745c00000, 0x0000000745d00000|  0%| F|  |TAMS 0x0000000745c00000, 0x0000000745c00000| Untracked 
|  71|0x0000000745d00000, 0x0000000745d00000, 0x0000000745e00000|  0%| F|  |TAMS 0x0000000745d00000, 0x0000000745d00000| Untracked 
|  72|0x0000000745e00000, 0x0000000745e00000, 0x0000000745f00000|  0%| F|  |TAMS 0x0000000745e00000, 0x0000000745e00000| Untracked 
|  73|0x0000000745f00000, 0x0000000745f00000, 0x0000000746000000|  0%| F|  |TAMS 0x0000000745f00000, 0x0000000745f00000| Untracked 
|  74|0x0000000746000000, 0x0000000746000000, 0x0000000746100000|  0%| F|  |TAMS 0x0000000746000000, 0x0000000746000000| Untracked 
|  75|0x0000000746100000, 0x0000000746100000, 0x0000000746200000|  0%| F|  |TAMS 0x0000000746100000, 0x0000000746100000| Untracked 
|  76|0x0000000746200000, 0x0000000746200000, 0x0000000746300000|  0%| F|  |TAMS 0x0000000746200000, 0x0000000746200000| Untracked 
|  77|0x0000000746300000, 0x0000000746300000, 0x0000000746400000|  0%| F|  |TAMS 0x0000000746300000, 0x0000000746300000| Untracked 
|  78|0x0000000746400000, 0x0000000746400000, 0x0000000746500000|  0%| F|  |TAMS 0x0000000746400000, 0x0000000746400000| Untracked 
|  79|0x0000000746500000, 0x0000000746500000, 0x0000000746600000|  0%| F|  |TAMS 0x0000000746500000, 0x0000000746500000| Untracked 
|  80|0x0000000746600000, 0x0000000746600000, 0x0000000746700000|  0%| F|  |TAMS 0x0000000746600000, 0x0000000746600000| Untracked 
|  81|0x0000000746700000, 0x0000000746700000, 0x0000000746800000|  0%| F|  |TAMS 0x0000000746700000, 0x0000000746700000| Untracked 
|  82|0x0000000746800000, 0x0000000746800000, 0x0000000746900000|  0%| F|  |TAMS 0x0000000746800000, 0x0000000746800000| Untracked 
|  83|0x0000000746900000, 0x0000000746900000, 0x0000000746a00000|  0%| F|  |TAMS 0x0000000746900000, 0x0000000746900000| Untracked 
|  84|0x0000000746a00000, 0x0000000746a00000, 0x0000000746b00000|  0%| F|  |TAMS 0x0000000746a00000, 0x0000000746a00000| Untracked 
|  85|0x0000000746b00000, 0x0000000746b00000, 0x0000000746c00000|  0%| F|  |TAMS 0x0000000746b00000, 0x0000000746b00000| Untracked 
|  86|0x0000000746c00000, 0x0000000746c00000, 0x0000000746d00000|  0%| F|  |TAMS 0x0000000746c00000, 0x0000000746c00000| Untracked 
|  87|0x0000000746d00000, 0x0000000746d00000, 0x0000000746e00000|  0%| F|  |TAMS 0x0000000746d00000, 0x0000000746d00000| Untracked 
|  88|0x0000000746e00000, 0x0000000746e00000, 0x0000000746f00000|  0%| F|  |TAMS 0x0000000746e00000, 0x0000000746e00000| Untracked 
|  89|0x0000000746f00000, 0x0000000746f00000, 0x0000000747000000|  0%| F|  |TAMS 0x0000000746f00000, 0x0000000746f00000| Untracked 
|  90|0x0000000747000000, 0x0000000747000000, 0x0000000747100000|  0%| F|  |TAMS 0x0000000747000000, 0x0000000747000000| Untracked 
|  91|0x0000000747100000, 0x0000000747100000, 0x0000000747200000|  0%| F|  |TAMS 0x0000000747100000, 0x0000000747100000| Untracked 
|  92|0x0000000747200000, 0x0000000747200000, 0x0000000747300000|  0%| F|  |TAMS 0x0000000747200000, 0x0000000747200000| Untracked 
|  93|0x0000000747300000, 0x0000000747300000, 0x0000000747400000|  0%| F|  |TAMS 0x0000000747300000, 0x0000000747300000| Untracked 
|  94|0x0000000747400000, 0x0000000747400000, 0x0000000747500000|  0%| F|  |TAMS 0x0000000747400000, 0x0000000747400000| Untracked 
|  95|0x0000000747500000, 0x0000000747500000, 0x0000000747600000|  0%| F|  |TAMS 0x0000000747500000, 0x0000000747500000| Untracked 
|  96|0x0000000747600000, 0x0000000747600000, 0x0000000747700000|  0%| F|  |TAMS 0x0000000747600000, 0x0000000747600000| Untracked 
|  97|0x0000000747700000, 0x0000000747700000, 0x0000000747800000|  0%| F|  |TAMS 0x0000000747700000, 0x0000000747700000| Untracked 
|  98|0x0000000747800000, 0x0000000747800000, 0x0000000747900000|  0%| F|  |TAMS 0x0000000747800000, 0x0000000747800000| Untracked 
|  99|0x0000000747900000, 0x0000000747900000, 0x0000000747a00000|  0%| F|  |TAMS 0x0000000747900000, 0x0000000747900000| Untracked 
| 100|0x0000000747a00000, 0x0000000747a00000, 0x0000000747b00000|  0%| F|  |TAMS 0x0000000747a00000, 0x0000000747a00000| Untracked 
| 101|0x0000000747b00000, 0x0000000747b00000, 0x0000000747c00000|  0%| F|  |TAMS 0x0000000747b00000, 0x0000000747b00000| Untracked 
| 102|0x0000000747c00000, 0x0000000747c00000, 0x0000000747d00000|  0%| F|  |TAMS 0x0000000747c00000, 0x0000000747c00000| Untracked 
| 103|0x0000000747d00000, 0x0000000747d00000, 0x0000000747e00000|  0%| F|  |TAMS 0x0000000747d00000, 0x0000000747d00000| Untracked 
| 104|0x0000000747e00000, 0x0000000747e00000, 0x0000000747f00000|  0%| F|  |TAMS 0x0000000747e00000, 0x0000000747e00000| Untracked 
| 105|0x0000000747f00000, 0x0000000747f00000, 0x0000000748000000|  0%| F|  |TAMS 0x0000000747f00000, 0x0000000747f00000| Untracked 
| 106|0x0000000748000000, 0x0000000748000000, 0x0000000748100000|  0%| F|  |TAMS 0x0000000748000000, 0x0000000748000000| Untracked 
| 107|0x0000000748100000, 0x0000000748100000, 0x0000000748200000|  0%| F|  |TAMS 0x0000000748100000, 0x0000000748100000| Untracked 
| 108|0x0000000748200000, 0x0000000748200000, 0x0000000748300000|  0%| F|  |TAMS 0x0000000748200000, 0x0000000748200000| Untracked 
| 109|0x0000000748300000, 0x0000000748300000, 0x0000000748400000|  0%| F|  |TAMS 0x0000000748300000, 0x0000000748300000| Untracked 
| 110|0x0000000748400000, 0x0000000748400000, 0x0000000748500000|  0%| F|  |TAMS 0x0000000748400000, 0x0000000748400000| Untracked 
| 111|0x0000000748500000, 0x0000000748500000, 0x0000000748600000|  0%| F|  |TAMS 0x0000000748500000, 0x0000000748500000| Untracked 
| 112|0x0000000748600000, 0x0000000748600000, 0x0000000748700000|  0%| F|  |TAMS 0x0000000748600000, 0x0000000748600000| Untracked 
| 113|0x0000000748700000, 0x0000000748700000, 0x0000000748800000|  0%| F|  |TAMS 0x0000000748700000, 0x0000000748700000| Untracked 
| 114|0x0000000748800000, 0x0000000748800000, 0x0000000748900000|  0%| F|  |TAMS 0x0000000748800000, 0x0000000748800000| Untracked 
| 115|0x0000000748900000, 0x0000000748900000, 0x0000000748a00000|  0%| F|  |TAMS 0x0000000748900000, 0x0000000748900000| Untracked 
| 116|0x0000000748a00000, 0x0000000748a00000, 0x0000000748b00000|  0%| F|  |TAMS 0x0000000748a00000, 0x0000000748a00000| Untracked 
| 117|0x0000000748b00000, 0x0000000748b00000, 0x0000000748c00000|  0%| F|  |TAMS 0x0000000748b00000, 0x0000000748b00000| Untracked 
| 118|0x0000000748c00000, 0x0000000748c00000, 0x0000000748d00000|  0%| F|  |TAMS 0x0000000748c00000, 0x0000000748c00000| Untracked 
| 119|0x0000000748d00000, 0x0000000748d00000, 0x0000000748e00000|  0%| F|  |TAMS 0x0000000748d00000, 0x0000000748d00000| Untracked 
| 120|0x0000000748e00000, 0x0000000748e00000, 0x0000000748f00000|  0%| F|  |TAMS 0x0000000748e00000, 0x0000000748e00000| Untracked 
| 121|0x0000000748f00000, 0x0000000748f00000, 0x0000000749000000|  0%| F|  |TAMS 0x0000000748f00000, 0x0000000748f00000| Untracked 
| 122|0x0000000749000000, 0x0000000749000000, 0x0000000749100000|  0%| F|  |TAMS 0x0000000749000000, 0x0000000749000000| Untracked 
| 123|0x0000000749100000, 0x0000000749100000, 0x0000000749200000|  0%| F|  |TAMS 0x0000000749100000, 0x0000000749100000| Untracked 
| 124|0x0000000749200000, 0x0000000749200000, 0x0000000749300000|  0%| F|  |TAMS 0x0000000749200000, 0x0000000749200000| Untracked 
| 125|0x0000000749300000, 0x0000000749300000, 0x0000000749400000|  0%| F|  |TAMS 0x0000000749300000, 0x0000000749300000| Untracked 
| 126|0x0000000749400000, 0x0000000749400000, 0x0000000749500000|  0%| F|  |TAMS 0x0000000749400000, 0x0000000749400000| Untracked 
| 127|0x0000000749500000, 0x0000000749500000, 0x0000000749600000|  0%| F|  |TAMS 0x0000000749500000, 0x0000000749500000| Untracked 
| 128|0x0000000749600000, 0x0000000749600000, 0x0000000749700000|  0%| F|  |TAMS 0x0000000749600000, 0x0000000749600000| Untracked 
| 129|0x0000000749700000, 0x0000000749700000, 0x0000000749800000|  0%| F|  |TAMS 0x0000000749700000, 0x0000000749700000| Untracked 
| 130|0x0000000749800000, 0x0000000749800000, 0x0000000749900000|  0%| F|  |TAMS 0x0000000749800000, 0x0000000749800000| Untracked 
| 131|0x0000000749900000, 0x0000000749900000, 0x0000000749a00000|  0%| F|  |TAMS 0x0000000749900000, 0x0000000749900000| Untracked 
| 132|0x0000000749a00000, 0x0000000749a00000, 0x0000000749b00000|  0%| F|  |TAMS 0x0000000749a00000, 0x0000000749a00000| Untracked 
| 133|0x0000000749b00000, 0x0000000749b00000, 0x0000000749c00000|  0%| F|  |TAMS 0x0000000749b00000, 0x0000000749b00000| Untracked 
| 134|0x0000000749c00000, 0x0000000749c00000, 0x0000000749d00000|  0%| F|  |TAMS 0x0000000749c00000, 0x0000000749c00000| Untracked 
| 135|0x0000000749d00000, 0x0000000749d80800, 0x0000000749e00000| 50%| E|  |TAMS 0x0000000749d00000, 0x0000000749d00000| Complete 
| 136|0x0000000749e00000, 0x0000000749f00000, 0x0000000749f00000|100%| E|CS|TAMS 0x0000000749e00000, 0x0000000749e00000| Complete 
| 137|0x0000000749f00000, 0x000000074a000000, 0x000000074a000000|100%| E|CS|TAMS 0x0000000749f00000, 0x0000000749f00000| Complete 
| 138|0x000000074a000000, 0x000000074a100000, 0x000000074a100000|100%| E|CS|TAMS 0x000000074a000000, 0x000000074a000000| Complete 
| 139|0x000000074a100000, 0x000000074a200000, 0x000000074a200000|100%| E|CS|TAMS 0x000000074a100000, 0x000000074a100000| Complete 
| 140|0x000000074a200000, 0x000000074a300000, 0x000000074a300000|100%| E|CS|TAMS 0x000000074a200000, 0x000000074a200000| Complete 
| 141|0x000000074a300000, 0x000000074a400000, 0x000000074a400000|100%| E|CS|TAMS 0x000000074a300000, 0x000000074a300000| Complete 
| 142|0x000000074a400000, 0x000000074a500000, 0x000000074a500000|100%| E|CS|TAMS 0x000000074a400000, 0x000000074a400000| Complete 
| 143|0x000000074a500000, 0x000000074a600000, 0x000000074a600000|100%| E|CS|TAMS 0x000000074a500000, 0x000000074a500000| Complete 
| 144|0x000000074a600000, 0x000000074a700000, 0x000000074a700000|100%| E|CS|TAMS 0x000000074a600000, 0x000000074a600000| Complete 
| 145|0x000000074a700000, 0x000000074a800000, 0x000000074a800000|100%| E|CS|TAMS 0x000000074a700000, 0x000000074a700000| Complete 
| 146|0x000000074a800000, 0x000000074a900000, 0x000000074a900000|100%| E|CS|TAMS 0x000000074a800000, 0x000000074a800000| Complete 
| 147|0x000000074a900000, 0x000000074aa00000, 0x000000074aa00000|100%| E|CS|TAMS 0x000000074a900000, 0x000000074a900000| Complete 
| 148|0x000000074aa00000, 0x000000074ab00000, 0x000000074ab00000|100%| E|CS|TAMS 0x000000074aa00000, 0x000000074aa00000| Complete 
| 149|0x000000074ab00000, 0x000000074ac00000, 0x000000074ac00000|100%| E|CS|TAMS 0x000000074ab00000, 0x000000074ab00000| Complete 
| 150|0x000000074ac00000, 0x000000074ad00000, 0x000000074ad00000|100%| E|CS|TAMS 0x000000074ac00000, 0x000000074ac00000| Complete 
| 151|0x000000074ad00000, 0x000000074ae00000, 0x000000074ae00000|100%| E|CS|TAMS 0x000000074ad00000, 0x000000074ad00000| Complete 
| 152|0x000000074ae00000, 0x000000074af00000, 0x000000074af00000|100%| E|CS|TAMS 0x000000074ae00000, 0x000000074ae00000| Complete 
| 153|0x000000074af00000, 0x000000074b000000, 0x000000074b000000|100%| E|CS|TAMS 0x000000074af00000, 0x000000074af00000| Complete 
| 154|0x000000074b000000, 0x000000074b100000, 0x000000074b100000|100%| E|CS|TAMS 0x000000074b000000, 0x000000074b000000| Complete 
| 155|0x000000074b100000, 0x000000074b200000, 0x000000074b200000|100%| E|CS|TAMS 0x000000074b100000, 0x000000074b100000| Complete 
| 156|0x000000074b200000, 0x000000074b300000, 0x000000074b300000|100%| E|CS|TAMS 0x000000074b200000, 0x000000074b200000| Complete 
| 157|0x000000074b300000, 0x000000074b400000, 0x000000074b400000|100%| E|CS|TAMS 0x000000074b300000, 0x000000074b300000| Complete 
| 158|0x000000074b400000, 0x000000074b500000, 0x000000074b500000|100%| E|CS|TAMS 0x000000074b400000, 0x000000074b400000| Complete 
| 159|0x000000074b500000, 0x000000074b600000, 0x000000074b600000|100%| E|CS|TAMS 0x000000074b500000, 0x000000074b500000| Complete 
| 160|0x000000074b600000, 0x000000074b700000, 0x000000074b700000|100%| E|CS|TAMS 0x000000074b600000, 0x000000074b600000| Complete 
| 161|0x000000074b700000, 0x000000074b800000, 0x000000074b800000|100%| E|CS|TAMS 0x000000074b700000, 0x000000074b700000| Complete 
| 162|0x000000074b800000, 0x000000074b900000, 0x000000074b900000|100%| E|CS|TAMS 0x000000074b800000, 0x000000074b800000| Complete 
| 163|0x000000074b900000, 0x000000074ba00000, 0x000000074ba00000|100%| E|CS|TAMS 0x000000074b900000, 0x000000074b900000| Complete 
| 164|0x000000074ba00000, 0x000000074bb00000, 0x000000074bb00000|100%| E|CS|TAMS 0x000000074ba00000, 0x000000074ba00000| Complete 
| 165|0x000000074bb00000, 0x000000074bc00000, 0x000000074bc00000|100%| E|CS|TAMS 0x000000074bb00000, 0x000000074bb00000| Complete 
| 166|0x000000074bc00000, 0x000000074bd00000, 0x000000074bd00000|100%| E|CS|TAMS 0x000000074bc00000, 0x000000074bc00000| Complete 
| 167|0x000000074bd00000, 0x000000074be00000, 0x000000074be00000|100%| E|CS|TAMS 0x000000074bd00000, 0x000000074bd00000| Complete 
| 168|0x000000074be00000, 0x000000074bf00000, 0x000000074bf00000|100%| E|CS|TAMS 0x000000074be00000, 0x000000074be00000| Complete 
| 169|0x000000074bf00000, 0x000000074c000000, 0x000000074c000000|100%| E|CS|TAMS 0x000000074bf00000, 0x000000074bf00000| Complete 
| 170|0x000000074c000000, 0x000000074c100000, 0x000000074c100000|100%| E|CS|TAMS 0x000000074c000000, 0x000000074c000000| Complete 
| 171|0x000000074c100000, 0x000000074c200000, 0x000000074c200000|100%| E|CS|TAMS 0x000000074c100000, 0x000000074c100000| Complete 
| 172|0x000000074c200000, 0x000000074c300000, 0x000000074c300000|100%| E|CS|TAMS 0x000000074c200000, 0x000000074c200000| Complete 
| 173|0x000000074c300000, 0x000000074c400000, 0x000000074c400000|100%| E|CS|TAMS 0x000000074c300000, 0x000000074c300000| Complete 
| 174|0x000000074c400000, 0x000000074c500000, 0x000000074c500000|100%| E|CS|TAMS 0x000000074c400000, 0x000000074c400000| Complete 
| 175|0x000000074c500000, 0x000000074c600000, 0x000000074c600000|100%| E|CS|TAMS 0x000000074c500000, 0x000000074c500000| Complete 
| 176|0x000000074c600000, 0x000000074c700000, 0x000000074c700000|100%| E|CS|TAMS 0x000000074c600000, 0x000000074c600000| Complete 
| 177|0x000000074c700000, 0x000000074c800000, 0x000000074c800000|100%| E|CS|TAMS 0x000000074c700000, 0x000000074c700000| Complete 
| 178|0x000000074c800000, 0x000000074c900000, 0x000000074c900000|100%| E|CS|TAMS 0x000000074c800000, 0x000000074c800000| Complete 
| 179|0x000000074c900000, 0x000000074ca00000, 0x000000074ca00000|100%| E|CS|TAMS 0x000000074c900000, 0x000000074c900000| Complete 
| 180|0x000000074ca00000, 0x000000074cb00000, 0x000000074cb00000|100%| E|CS|TAMS 0x000000074ca00000, 0x000000074ca00000| Complete 
| 181|0x000000074cb00000, 0x000000074cc00000, 0x000000074cc00000|100%| E|CS|TAMS 0x000000074cb00000, 0x000000074cb00000| Complete 
| 182|0x000000074cc00000, 0x000000074cd00000, 0x000000074cd00000|100%| E|CS|TAMS 0x000000074cc00000, 0x000000074cc00000| Complete 
| 183|0x000000074cd00000, 0x000000074ce00000, 0x000000074ce00000|100%| E|CS|TAMS 0x000000074cd00000, 0x000000074cd00000| Complete 
| 184|0x000000074ce00000, 0x000000074cf00000, 0x000000074cf00000|100%| E|CS|TAMS 0x000000074ce00000, 0x000000074ce00000| Complete 
| 185|0x000000074cf00000, 0x000000074d000000, 0x000000074d000000|100%| E|CS|TAMS 0x000000074cf00000, 0x000000074cf00000| Complete 
| 186|0x000000074d000000, 0x000000074d100000, 0x000000074d100000|100%| E|CS|TAMS 0x000000074d000000, 0x000000074d000000| Complete 
| 187|0x000000074d100000, 0x000000074d200000, 0x000000074d200000|100%| E|CS|TAMS 0x000000074d100000, 0x000000074d100000| Complete 
| 188|0x000000074d200000, 0x000000074d300000, 0x000000074d300000|100%| E|CS|TAMS 0x000000074d200000, 0x000000074d200000| Complete 
| 189|0x000000074d300000, 0x000000074d400000, 0x000000074d400000|100%| E|CS|TAMS 0x000000074d300000, 0x000000074d300000| Complete 
| 190|0x000000074d400000, 0x000000074d500000, 0x000000074d500000|100%| E|CS|TAMS 0x000000074d400000, 0x000000074d400000| Complete 
| 191|0x000000074d500000, 0x000000074d600000, 0x000000074d600000|100%| E|CS|TAMS 0x000000074d500000, 0x000000074d500000| Complete 
| 192|0x000000074d600000, 0x000000074d6a7b00, 0x000000074d700000| 65%| S|CS|TAMS 0x000000074d600000, 0x000000074d600000| Complete 
| 193|0x000000074d700000, 0x000000074d800000, 0x000000074d800000|100%| S|CS|TAMS 0x000000074d700000, 0x000000074d700000| Complete 
| 194|0x000000074d800000, 0x000000074d900000, 0x000000074d900000|100%| S|CS|TAMS 0x000000074d800000, 0x000000074d800000| Complete 
| 195|0x000000074d900000, 0x000000074da00000, 0x000000074da00000|100%| S|CS|TAMS 0x000000074d900000, 0x000000074d900000| Complete 
| 196|0x000000074da00000, 0x000000074db00000, 0x000000074db00000|100%| S|CS|TAMS 0x000000074da00000, 0x000000074da00000| Complete 
| 197|0x000000074db00000, 0x000000074dc00000, 0x000000074dc00000|100%| S|CS|TAMS 0x000000074db00000, 0x000000074db00000| Complete 
| 198|0x000000074dc00000, 0x000000074dd00000, 0x000000074dd00000|100%| S|CS|TAMS 0x000000074dc00000, 0x000000074dc00000| Complete 
| 199|0x000000074dd00000, 0x000000074de00000, 0x000000074de00000|100%| S|CS|TAMS 0x000000074dd00000, 0x000000074dd00000| Complete 
| 200|0x000000074de00000, 0x000000074df00000, 0x000000074df00000|100%| S|CS|TAMS 0x000000074de00000, 0x000000074de00000| Complete 
| 201|0x000000074df00000, 0x000000074e000000, 0x000000074e000000|100%| E|CS|TAMS 0x000000074df00000, 0x000000074df00000| Complete 
| 202|0x000000074e000000, 0x000000074e100000, 0x000000074e100000|100%| E|CS|TAMS 0x000000074e000000, 0x000000074e000000| Complete 
| 203|0x000000074e100000, 0x000000074e200000, 0x000000074e200000|100%| E|CS|TAMS 0x000000074e100000, 0x000000074e100000| Complete 
| 204|0x000000074e200000, 0x000000074e300000, 0x000000074e300000|100%| E|CS|TAMS 0x000000074e200000, 0x000000074e200000| Complete 
| 205|0x000000074e300000, 0x000000074e400000, 0x000000074e400000|100%| E|CS|TAMS 0x000000074e300000, 0x000000074e300000| Complete 
| 206|0x000000074e400000, 0x000000074e500000, 0x000000074e500000|100%| E|CS|TAMS 0x000000074e400000, 0x000000074e400000| Complete 
| 207|0x000000074e500000, 0x000000074e600000, 0x000000074e600000|100%| E|CS|TAMS 0x000000074e500000, 0x000000074e500000| Complete 
| 208|0x000000074e600000, 0x000000074e700000, 0x000000074e700000|100%| E|CS|TAMS 0x000000074e600000, 0x000000074e600000| Complete 
| 209|0x000000074e700000, 0x000000074e800000, 0x000000074e800000|100%| E|CS|TAMS 0x000000074e700000, 0x000000074e700000| Complete 
| 210|0x000000074e800000, 0x000000074e900000, 0x000000074e900000|100%| E|CS|TAMS 0x000000074e800000, 0x000000074e800000| Complete 
| 211|0x000000074e900000, 0x000000074ea00000, 0x000000074ea00000|100%| E|CS|TAMS 0x000000074e900000, 0x000000074e900000| Complete 
| 212|0x000000074ea00000, 0x000000074eb00000, 0x000000074eb00000|100%| E|CS|TAMS 0x000000074ea00000, 0x000000074ea00000| Complete 
| 213|0x000000074eb00000, 0x000000074ec00000, 0x000000074ec00000|100%| E|CS|TAMS 0x000000074eb00000, 0x000000074eb00000| Complete 
| 214|0x000000074ec00000, 0x000000074ed00000, 0x000000074ed00000|100%| E|CS|TAMS 0x000000074ec00000, 0x000000074ec00000| Complete 
| 215|0x000000074ed00000, 0x000000074ee00000, 0x000000074ee00000|100%| E|CS|TAMS 0x000000074ed00000, 0x000000074ed00000| Complete 
| 216|0x000000074ee00000, 0x000000074ef00000, 0x000000074ef00000|100%| E|CS|TAMS 0x000000074ee00000, 0x000000074ee00000| Complete 
| 217|0x000000074ef00000, 0x000000074f000000, 0x000000074f000000|100%| E|CS|TAMS 0x000000074ef00000, 0x000000074ef00000| Complete 
| 218|0x000000074f000000, 0x000000074f100000, 0x000000074f100000|100%| E|CS|TAMS 0x000000074f000000, 0x000000074f000000| Complete 
| 219|0x000000074f100000, 0x000000074f200000, 0x000000074f200000|100%| E|CS|TAMS 0x000000074f100000, 0x000000074f100000| Complete 
| 220|0x000000074f200000, 0x000000074f300000, 0x000000074f300000|100%| E|CS|TAMS 0x000000074f200000, 0x000000074f200000| Complete 
| 221|0x000000074f300000, 0x000000074f400000, 0x000000074f400000|100%| E|CS|TAMS 0x000000074f300000, 0x000000074f300000| Complete 
| 222|0x000000074f400000, 0x000000074f500000, 0x000000074f500000|100%| E|CS|TAMS 0x000000074f400000, 0x000000074f400000| Complete 
| 223|0x000000074f500000, 0x000000074f600000, 0x000000074f600000|100%| E|CS|TAMS 0x000000074f500000, 0x000000074f500000| Complete 
| 224|0x000000074f600000, 0x000000074f700000, 0x000000074f700000|100%| E|CS|TAMS 0x000000074f600000, 0x000000074f600000| Complete 
| 225|0x000000074f700000, 0x000000074f800000, 0x000000074f800000|100%| E|CS|TAMS 0x000000074f700000, 0x000000074f700000| Complete 
| 226|0x000000074f800000, 0x000000074f900000, 0x000000074f900000|100%| E|CS|TAMS 0x000000074f800000, 0x000000074f800000| Complete 
| 227|0x000000074f900000, 0x000000074fa00000, 0x000000074fa00000|100%| E|CS|TAMS 0x000000074f900000, 0x000000074f900000| Complete 
| 228|0x000000074fa00000, 0x000000074fb00000, 0x000000074fb00000|100%| E|CS|TAMS 0x000000074fa00000, 0x000000074fa00000| Complete 
| 229|0x000000074fb00000, 0x000000074fc00000, 0x000000074fc00000|100%| E|CS|TAMS 0x000000074fb00000, 0x000000074fb00000| Complete 
| 230|0x000000074fc00000, 0x000000074fd00000, 0x000000074fd00000|100%| E|CS|TAMS 0x000000074fc00000, 0x000000074fc00000| Complete 

Card table byte_map: [0x000001e25c0b0000,0x000001e25c6b0000] _byte_map_base: 0x000001e2586a5000

Marking Bits (Prev, Next): (CMBitMap*) 0x000001e2446a9548, (CMBitMap*) 0x000001e2446a9580
 Prev Bits: [0x000001e25ccb0000, 0x000001e25fc58000)
 Next Bits: [0x000001e25fc60000, 0x000001e262c08000)

Polling page: 0x000001e2424e0000

Metaspace:

Usage:
  Non-class:     35.01 MB capacity,    34.29 MB ( 98%) used,   589.53 KB (  2%) free+waste,   149.44 KB ( <1%) overhead. 
      Class:      5.18 MB capacity,     4.70 MB ( 91%) used,   411.23 KB (  8%) free+waste,    72.31 KB (  1%) overhead. 
       Both:     40.18 MB capacity,    38.99 MB ( 97%) used,  1000.77 KB (  2%) free+waste,   221.75 KB ( <1%) overhead. 

Virtual space:
  Non-class space:       36.00 MB reserved,      35.17 MB ( 98%) committed 
      Class space:        1.00 GB reserved,       5.25 MB ( <1%) committed 
             Both:        1.04 GB reserved,      40.42 MB (  4%) committed 

Chunk freelists:
   Non-Class:  4.63 KB
       Class:  1.38 KB
        Both:  6.00 KB

CodeHeap 'non-profiled nmethods': size=120064Kb used=2026Kb max_used=2026Kb free=118037Kb
 bounds [0x000001e254570000, 0x000001e2547e0000, 0x000001e25bab0000]
CodeHeap 'profiled nmethods': size=120000Kb used=9351Kb max_used=9351Kb free=110648Kb
 bounds [0x000001e24d040000, 0x000001e24d970000, 0x000001e254570000]
CodeHeap 'non-nmethods': size=5696Kb used=1145Kb max_used=1196Kb free=4550Kb
 bounds [0x000001e24cab0000, 0x000001e24cd20000, 0x000001e24d040000]
 total_blobs=4318 nmethods=3862 adapters=367
 compilation: enabled
              stopped_count=0, restarted_count=0
 full_count=0

Compilation events (10 events):
Event: 7.372 Thread 0x000001e2659f8000 4133       3       java.util.StringJoiner::compactElts (93 bytes)
Event: 7.373 Thread 0x000001e2659f8000 nmethod 4133 0x000001e24d94fd10 code [0x000001e24d94ffa0, 0x000001e24d950da0]
Event: 7.373 Thread 0x000001e2659f8000 4131       3       java.beans.Introspector::addMethod (196 bytes)
Event: 7.373 Thread 0x000001e2659f8000 nmethod 4131 0x000001e24d951310 code [0x000001e24d9515a0, 0x000001e24d952350]
Event: 7.373 Thread 0x000001e2659f8000 4132       3       java.lang.Class::getAnnotation (22 bytes)
Event: 7.374 Thread 0x000001e2659f8000 nmethod 4132 0x000001e24d952710 code [0x000001e24d952900, 0x000001e24d952df0]
Event: 7.384 Thread 0x000001e2659f8000 4134       3       java.beans.FeatureDescriptor::getTable (23 bytes)
Event: 7.385 Thread 0x000001e2659f8000 nmethod 4134 0x000001e24d952f90 code [0x000001e24d953180, 0x000001e24d9534b0]
Event: 7.388 Thread 0x000001e2659f8000 4135       3       com.sun.beans.util.Cache::index (7 bytes)
Event: 7.388 Thread 0x000001e2659f8000 nmethod 4135 0x000001e24d0ad590 code [0x000001e24d0ad720, 0x000001e24d0ad878]

GC Heap History (10 events):
Event: 2.166 GC heap before
{Heap before GC invocations=3 (full 0):
 garbage-first heap   total 196608K, used 46486K [0x0000000741600000, 0x0000000800000000)
  region size 1024K, 36 young (36864K), 2 survivors (2048K)
 Metaspace       used 18033K, capacity 18581K, committed 18816K, reserved 1067008K
  class space    used 1910K, capacity 2120K, committed 2176K, reserved 1048576K
}
Event: 2.170 GC heap after
{Heap after GC invocations=4 (full 0):
 garbage-first heap   total 196608K, used 12460K [0x0000000741600000, 0x0000000800000000)
  region size 1024K, 3 young (3072K), 3 survivors (3072K)
 Metaspace       used 18033K, capacity 18581K, committed 18816K, reserved 1067008K
  class space    used 1910K, capacity 2120K, committed 2176K, reserved 1048576K
}
Event: 2.566 GC heap before
{Heap before GC invocations=4 (full 0):
 garbage-first heap   total 196608K, used 34988K [0x0000000741600000, 0x0000000800000000)
  region size 1024K, 26 young (26624K), 3 survivors (3072K)
 Metaspace       used 20468K, capacity 21131K, committed 21248K, reserved 1069056K
  class space    used 2262K, capacity 2530K, committed 2560K, reserved 1048576K
}
Event: 2.572 GC heap after
{Heap after GC invocations=5 (full 0):
 garbage-first heap   total 196608K, used 13226K [0x0000000741600000, 0x0000000800000000)
  region size 1024K, 3 young (3072K), 3 survivors (3072K)
 Metaspace       used 20468K, capacity 21131K, committed 21248K, reserved 1069056K
  class space    used 2262K, capacity 2530K, committed 2560K, reserved 1048576K
}
Event: 3.548 GC heap before
{Heap before GC invocations=6 (full 0):
 garbage-first heap   total 196608K, used 91050K [0x0000000741600000, 0x0000000800000000)
  region size 1024K, 80 young (81920K), 3 survivors (3072K)
 Metaspace       used 28213K, capacity 29117K, committed 29312K, reserved 1075200K
  class space    used 3269K, capacity 3645K, committed 3712K, reserved 1048576K
}
Event: 3.563 GC heap after
{Heap after GC invocations=7 (full 0):
 garbage-first heap   total 196608K, used 15201K [0x0000000741600000, 0x0000000800000000)
  region size 1024K, 5 young (5120K), 5 survivors (5120K)
 Metaspace       used 28213K, capacity 29117K, committed 29312K, reserved 1075200K
  class space    used 3269K, capacity 3645K, committed 3712K, reserved 1048576K
}
Event: 5.167 GC heap before
{Heap before GC invocations=7 (full 0):
 garbage-first heap   total 196608K, used 111457K [0x0000000741600000, 0x0000000800000000)
  region size 1024K, 100 young (102400K), 5 survivors (5120K)
 Metaspace       used 32424K, capacity 33464K, committed 33664K, reserved 1079296K
  class space    used 3768K, capacity 4187K, committed 4224K, reserved 1048576K
}
Event: 5.181 GC heap after
{Heap after GC invocations=8 (full 0):
 garbage-first heap   total 236544K, used 18176K [0x0000000741600000, 0x0000000800000000)
  region size 1024K, 8 young (8192K), 8 survivors (8192K)
 Metaspace       used 32424K, capacity 33464K, committed 33664K, reserved 1079296K
  class space    used 3768K, capacity 4187K, committed 4224K, reserved 1048576K
}
Event: 5.786 GC heap before
{Heap before GC invocations=8 (full 0):
 garbage-first heap   total 236544K, used 47872K [0x0000000741600000, 0x0000000800000000)
  region size 1024K, 38 young (38912K), 8 survivors (8192K)
 Metaspace       used 34462K, capacity 35521K, committed 35628K, reserved 1081344K
  class space    used 4001K, capacity 4443K, committed 4480K, reserved 1048576K
}
Event: 5.801 GC heap after
{Heap after GC invocations=9 (full 0):
 garbage-first heap   total 236544K, used 19016K [0x0000000741600000, 0x0000000800000000)
  region size 1024K, 9 young (9216K), 9 survivors (9216K)
 Metaspace       used 34462K, capacity 35521K, committed 35628K, reserved 1081344K
  class space    used 4001K, capacity 4443K, committed 4480K, reserved 1048576K
}

Deoptimization events (10 events):
Event: 6.966 Thread 0x000001e24465b000 Uncommon trap: reason=unstable_if action=reinterpret pc=0x000001e2546ef710 method=org.springframework.beans.factory.support.AbstractBeanFactory.hasInstantiationAwareBeanPostProcessors()Z @ 12 c2
Event: 7.014 Thread 0x000001e24465b000 Uncommon trap: reason=unstable_if action=reinterpret pc=0x000001e2546e332c method=org.springframework.beans.factory.support.AbstractBeanFactory.hasInstantiationAwareBeanPostProcessors()Z @ 12 c2
Event: 7.151 Thread 0x000001e24465b000 Uncommon trap: reason=unstable_if action=reinterpret pc=0x000001e2547200d4 method=org.springframework.util.ConcurrentReferenceHashMap$Segment.findInChain(Lorg/springframework/util/ConcurrentReferenceHashMap$Reference;Ljava/lang/Object;I)Lorg/springframewo
Event: 7.215 Thread 0x000001e24465b000 Uncommon trap: reason=unstable_if action=reinterpret pc=0x000001e25462d790 method=org.springframework.core.ResolvableType.getGenerics()[Lorg/springframework/core/ResolvableType; @ 4 c2
Event: 7.217 Thread 0x000001e24465b000 Uncommon trap: reason=unstable_if action=reinterpret pc=0x000001e2546e807c method=org.springframework.beans.factory.support.AbstractBeanFactory.getBeanPostProcessorCache()Lorg/springframework/beans/factory/support/AbstractBeanFactory$BeanPostProcessorCach
Event: 7.239 Thread 0x000001e24465b000 Uncommon trap: reason=unstable_if action=reinterpret pc=0x000001e2546e043c method=org.springframework.beans.factory.support.DefaultSingletonBeanRegistry.getSingleton(Ljava/lang/String;Z)Ljava/lang/Object; @ 20 c2
Event: 7.297 Thread 0x000001e24465b000 Uncommon trap: reason=class_check action=maybe_recompile pc=0x000001e254728454 method=java.util.regex.Pattern$Slice.match(Ljava/util/regex/Matcher;ILjava/lang/CharSequence;)Z @ 75 c2
Event: 7.301 Thread 0x000001e24465b000 Uncommon trap: reason=class_check action=maybe_recompile pc=0x000001e254728454 method=java.util.regex.Pattern$Slice.match(Ljava/util/regex/Matcher;ILjava/lang/CharSequence;)Z @ 75 c2
Event: 7.302 Thread 0x000001e24465b000 Uncommon trap: reason=class_check action=maybe_recompile pc=0x000001e254728454 method=java.util.regex.Pattern$Slice.match(Ljava/util/regex/Matcher;ILjava/lang/CharSequence;)Z @ 75 c2
Event: 7.302 Thread 0x000001e24465b000 Uncommon trap: reason=class_check action=maybe_recompile pc=0x000001e254728454 method=java.util.regex.Pattern$Slice.match(Ljava/util/regex/Matcher;ILjava/lang/CharSequence;)Z @ 75 c2

Classes redefined (0 events):
No events

Internal exceptions (10 events):
Event: 7.371 Thread 0x000001e24465b000 Exception <a 'java/lang/ClassNotFoundException'{0x000000074a0972d0}: org/springframework/amqp/rabbit/annotation/RabbitListenerAnnotationBeanPostProcessorCustomizer> (0x000000074a0972d0) thrown at [./open/src/hotspot/share/classfile/systemDictionary.cpp, l
Event: 7.373 Thread 0x000001e24465b000 Exception <a 'java/lang/ClassNotFoundException'{0x000000074a0ce940}: org/springframework/beans/factory/config/BeanPostProcessorCustomizer> (0x000000074a0ce940) thrown at [./open/src/hotspot/share/classfile/systemDictionary.cpp, line 228]
Event: 7.380 Thread 0x000001e24465b000 Exception <a 'java/lang/ClassNotFoundException'{0x000000074a0f00a8}: org/springframework/core/OrderedCustomizer> (0x000000074a0f00a8) thrown at [./open/src/hotspot/share/classfile/systemDictionary.cpp, line 228]
Event: 7.382 Thread 0x000001e24465b000 Exception <a 'java/lang/ClassNotFoundException'{0x0000000749f17230}: org/springframework/beans/factory/BeanFactoryAwareCustomizer> (0x0000000749f17230) thrown at [./open/src/hotspot/share/classfile/systemDictionary.cpp, line 228]
Event: 7.383 Thread 0x000001e24465b000 Exception <a 'java/lang/ClassNotFoundException'{0x0000000749f3a7a8}: org/springframework/beans/factory/AwareCustomizer> (0x0000000749f3a7a8) thrown at [./open/src/hotspot/share/classfile/systemDictionary.cpp, line 228]
Event: 7.384 Thread 0x000001e24465b000 Exception <a 'java/lang/ClassNotFoundException'{0x0000000749f61570}: org/springframework/beans/factory/BeanClassLoaderAwareCustomizer> (0x0000000749f61570) thrown at [./open/src/hotspot/share/classfile/systemDictionary.cpp, line 228]
Event: 7.385 Thread 0x000001e24465b000 Exception <a 'java/lang/ClassNotFoundException'{0x0000000749f84850}: org/springframework/beans/factory/AwareCustomizer> (0x0000000749f84850) thrown at [./open/src/hotspot/share/classfile/systemDictionary.cpp, line 228]
Event: 7.386 Thread 0x000001e24465b000 Exception <a 'java/lang/ClassNotFoundException'{0x0000000749fa8aa8}: org/springframework/context/EnvironmentAwareCustomizer> (0x0000000749fa8aa8) thrown at [./open/src/hotspot/share/classfile/systemDictionary.cpp, line 228]
Event: 7.387 Thread 0x000001e24465b000 Exception <a 'java/lang/ClassNotFoundException'{0x0000000749fcba98}: org/springframework/beans/factory/AwareCustomizer> (0x0000000749fcba98) thrown at [./open/src/hotspot/share/classfile/systemDictionary.cpp, line 228]
Event: 7.388 Thread 0x000001e24465b000 Exception <a 'java/lang/ClassNotFoundException'{0x0000000749ff4be0}: org/springframework/beans/factory/SmartInitializingSingletonCustomizer> (0x0000000749ff4be0) thrown at [./open/src/hotspot/share/classfile/systemDictionary.cpp, line 228]

Events (10 events):
Event: 7.387 loading class org/springframework/beans/factory/SmartInitializingSingletonCustomizer
Event: 7.387 loading class org/springframework/beans/factory/SmartInitializingSingletonCustomizer done
Event: 7.387 loading class org/springframework/beans/factory/SmartInitializingSingletonCustomizer
Event: 7.387 loading class org/springframework/beans/factory/SmartInitializingSingletonCustomizer done
Event: 7.388 loading class org/springframework/beans/factory/SmartInitializingSingletonCustomizer
Event: 7.388 loading class org/springframework/beans/factory/SmartInitializingSingletonCustomizer done
Event: 7.389 loading class org/springframework/beans/factory/config/DependencyDescriptor$1
Event: 7.389 loading class org/springframework/beans/factory/config/DependencyDescriptor$1 done
Event: 7.389 loading class org/springframework/core/annotation/AnnotatedElementUtils$AnnotatedElementForAnnotations
Event: 7.389 loading class org/springframework/core/annotation/AnnotatedElementUtils$AnnotatedElementForAnnotations done


Dynamic libraries:
0x00007ff6e4d00000 - 0x00007ff6e4d0f000 	C:\Program Files\Java\jdk-11.0.9\bin\java.exe
0x00007ffe19550000 - 0x00007ffe19748000 	C:\WINDOWS\SYSTEM32\ntdll.dll
0x00007ffe18750000 - 0x00007ffe1880f000 	C:\WINDOWS\System32\KERNEL32.DLL
0x00007ffe16cd0000 - 0x00007ffe16fc6000 	C:\WINDOWS\System32\KERNELBASE.dll
0x00007ffe14010000 - 0x00007ffe140a1000 	C:\WINDOWS\SYSTEM32\apphelp.dll
0x00007ffe16fd0000 - 0x00007ffe170d0000 	C:\WINDOWS\System32\ucrtbase.dll
0x00007ffe0b1b0000 - 0x00007ffe0b1c5000 	C:\Program Files\Java\jdk-11.0.9\bin\VCRUNTIME140.dll
0x00007ffe01640000 - 0x00007ffe01658000 	C:\Program Files\Java\jdk-11.0.9\bin\jli.dll
0x00007ffe190c0000 - 0x00007ffe1916f000 	C:\WINDOWS\System32\ADVAPI32.dll
0x00007ffe193b0000 - 0x00007ffe1944e000 	C:\WINDOWS\System32\msvcrt.dll
0x00007ffe18e90000 - 0x00007ffe18f2c000 	C:\WINDOWS\System32\sechost.dll
0x00007ffe18810000 - 0x00007ffe18936000 	C:\WINDOWS\System32\RPCRT4.dll
0x00007ffe19210000 - 0x00007ffe193ad000 	C:\WINDOWS\System32\USER32.dll
0x00007ffe17580000 - 0x00007ffe175a2000 	C:\WINDOWS\System32\win32u.dll
0x00007ffe18630000 - 0x00007ffe1865c000 	C:\WINDOWS\System32\GDI32.dll
0x00007ffe17430000 - 0x00007ffe17545000 	C:\WINDOWS\System32\gdi32full.dll
0x00007ffe16c30000 - 0x00007ffe16ccd000 	C:\WINDOWS\System32\msvcp_win.dll
0x00007ffdf5310000 - 0x00007ffdf55aa000 	C:\WINDOWS\WinSxS\amd64_microsoft.windows.common-controls_6595b64144ccf1df_6.0.19041.1110_none_60b5254171f9507e\COMCTL32.dll
0x00007ffe11930000 - 0x00007ffe1193a000 	C:\WINDOWS\SYSTEM32\VERSION.dll
0x00007ffe184e0000 - 0x00007ffe18510000 	C:\WINDOWS\System32\IMM32.DLL
0x00007ffddf110000 - 0x00007ffddf1ab000 	C:\Program Files\Java\jdk-11.0.9\bin\msvcp140.dll
0x00007ffda7820000 - 0x00007ffda8317000 	C:\Program Files\Java\jdk-11.0.9\bin\server\jvm.dll
0x00007ffe19500000 - 0x00007ffe19508000 	C:\WINDOWS\System32\PSAPI.DLL
0x00007ffdfad50000 - 0x00007ffdfad59000 	C:\WINDOWS\SYSTEM32\WSOCK32.dll
0x00007ffe186e0000 - 0x00007ffe1874b000 	C:\WINDOWS\System32\WS2_32.dll
0x00007ffdfac30000 - 0x00007ffdfac57000 	C:\WINDOWS\SYSTEM32\WINMM.dll
0x00007ffe15420000 - 0x00007ffe15432000 	C:\WINDOWS\SYSTEM32\kernel.appcore.dll
0x00007ffe0bcf0000 - 0x00007ffe0bd00000 	C:\Program Files\Java\jdk-11.0.9\bin\verify.dll
0x00007ffe14920000 - 0x00007ffe14b04000 	C:\WINDOWS\SYSTEM32\DBGHELP.DLL
0x00007ffdfae90000 - 0x00007ffdfaec4000 	C:\WINDOWS\SYSTEM32\dbgcore.DLL
0x00007ffe17280000 - 0x00007ffe17302000 	C:\WINDOWS\System32\bcryptPrimitives.dll
0x00007ffdec460000 - 0x00007ffdec488000 	C:\Program Files\Java\jdk-11.0.9\bin\java.dll
0x00007ffe0b220000 - 0x00007ffe0b22a000 	C:\Program Files\Java\jdk-11.0.9\bin\jimage.dll
0x00007ffe015a0000 - 0x00007ffe015b6000 	C:\Program Files\Java\jdk-11.0.9\bin\zip.dll
0x00007ffe17b70000 - 0x00007ffe182b4000 	C:\WINDOWS\System32\SHELL32.dll
0x00007ffe14b10000 - 0x00007ffe152a3000 	C:\WINDOWS\SYSTEM32\windows.storage.dll
0x00007ffe18940000 - 0x00007ffe18c94000 	C:\WINDOWS\System32\combase.dll
0x00007ffe164c0000 - 0x00007ffe164ee000 	C:\WINDOWS\SYSTEM32\Wldp.dll
0x00007ffe19450000 - 0x00007ffe194fd000 	C:\WINDOWS\System32\SHCORE.dll
0x00007ffe18510000 - 0x00007ffe18565000 	C:\WINDOWS\System32\shlwapi.dll
0x00007ffe16b70000 - 0x00007ffe16b8f000 	C:\WINDOWS\SYSTEM32\profapi.dll
0x00007ffe01550000 - 0x00007ffe01569000 	C:\Program Files\Java\jdk-11.0.9\bin\net.dll
0x00007ffe10470000 - 0x00007ffe1057a000 	C:\WINDOWS\SYSTEM32\WINHTTP.dll
0x00007ffe162a0000 - 0x00007ffe1630a000 	C:\WINDOWS\system32\mswsock.dll
0x00007ffdfd400000 - 0x00007ffdfd412000 	C:\Program Files\Java\jdk-11.0.9\bin\nio.dll
0x00007ffe0b1a0000 - 0x00007ffe0b1a9000 	C:\Program Files\Java\jdk-11.0.9\bin\management.dll
0x00007ffe0b090000 - 0x00007ffe0b09b000 	C:\Program Files\Java\jdk-11.0.9\bin\management_ext.dll
0x00007ffdf9770000 - 0x00007ffdf9787000 	C:\WINDOWS\system32\napinsp.dll
0x00007ffdf96e0000 - 0x00007ffdf96fb000 	C:\WINDOWS\system32\pnrpnsp.dll
0x00007ffdfdf80000 - 0x00007ffdfdf95000 	C:\WINDOWS\system32\wshbth.dll
0x00007ffe11d50000 - 0x00007ffe11d6d000 	C:\WINDOWS\system32\NLAapi.dll
0x00007ffe15fb0000 - 0x00007ffe15fec000 	C:\WINDOWS\SYSTEM32\IPHLPAPI.DLL
0x00007ffe16040000 - 0x00007ffe1610a000 	C:\WINDOWS\SYSTEM32\DNSAPI.dll
0x00007ffe19200000 - 0x00007ffe19208000 	C:\WINDOWS\System32\NSI.dll
0x00007ffdf9680000 - 0x00007ffdf9692000 	C:\WINDOWS\System32\winrnr.dll
0x00007ffe08c40000 - 0x00007ffe08c4a000 	C:\Windows\System32\rasadhlp.dll
0x00007ffe0ee10000 - 0x00007ffe0ee92000 	C:\WINDOWS\System32\fwpuclnt.dll
0x00007ffe17550000 - 0x00007ffe17577000 	C:\WINDOWS\System32\bcrypt.dll

dbghelp: loaded successfully - version: 4.0.5 - missing functions: none
symbol engine: initialized successfully - sym options: 0x614 - pdb path: .;C:\Program Files\Java\jdk-11.0.9\bin;C:\WINDOWS\SYSTEM32;C:\WINDOWS\WinSxS\amd64_microsoft.windows.common-controls_6595b64144ccf1df_6.0.19041.1110_none_60b5254171f9507e;C:\Program Files\Java\jdk-11.0.9\bin\server

VM Arguments:
jvm_args: -ea -Dfile.encoding=UTF-8 
java_command: org.eclipse.jdt.internal.junit.runner.RemoteTestRunner -version 3 -port 60496 -testLoaderClass org.eclipse.jdt.internal.junit5.runner.JUnit5TestLoader -loaderpluginname org.eclipse.jdt.junit5.runtime -test com.ditros.mcd.service.AccidentServiceTest:testDeclareAccident
java_class_path (initial): d:\data-collect-back\target\test-classes;d:\data-collect-back\target\classes;c:\Users\HP\.m2\repository\org\springframework\boot\spring-boot-starter-security\2.6.8\spring-boot-starter-security-2.6.8.jar;c:\Users\HP\.m2\repository\org\springframework\boot\spring-boot-starter\2.6.8\spring-boot-starter-2.6.8.jar;c:\Users\HP\.m2\repository\org\springframework\boot\spring-boot-starter-logging\2.6.8\spring-boot-starter-logging-2.6.8.jar;c:\Users\HP\.m2\repository\ch\qos\logback\logback-classic\1.2.11\logback-classic-1.2.11.jar;c:\Users\HP\.m2\repository\ch\qos\logback\logback-core\1.2.11\logback-core-1.2.11.jar;c:\Users\HP\.m2\repository\org\apache\logging\log4j\log4j-to-slf4j\2.17.2\log4j-to-slf4j-2.17.2.jar;c:\Users\HP\.m2\repository\org\apache\logging\log4j\log4j-api\2.17.2\log4j-api-2.17.2.jar;c:\Users\HP\.m2\repository\org\slf4j\jul-to-slf4j\1.7.36\jul-to-slf4j-1.7.36.jar;c:\Users\HP\.m2\repository\jakarta\annotation\jakarta.annotation-api\1.3.5\jakarta.annotation-api-1.3.5.jar;c:\Users\HP\.m2\repository\org\yaml\snakeyaml\1.29\snakeyaml-1.29.jar;c:\Users\HP\.m2\repository\org\springframework\spring-aop\5.3.20\spring-aop-5.3.20.jar;c:\Users\HP\.m2\repository\org\springframework\spring-beans\5.3.20\spring-beans-5.3.20.jar;c:\Users\HP\.m2\repository\org\springframework\security\spring-security-config\5.6.5\spring-security-config-5.6.5.jar;c:\Users\HP\.m2\repository\org\springframework\security\spring-security-core\5.6.5\spring-security-core-5.6.5.jar;c:\Users\HP\.m2\repository\org\springframework\security\spring-security-crypto\5.6.5\spring-security-crypto-5.6.5.jar;c:\Users\HP\.m2\repository\org\springframework\spring-context\5.3.20\spring-context-5.3.20.jar;c:\Users\HP\.m2\repository\org\springframework\security\spring-security-web\5.6.5\spring-security-web-5.6.5.jar;c:\Users\HP\.m2\repository\org\springframework\spring-expression\5.3.20\spring-expression-5.3.20.jar;c:\Users\HP\.m2\repository\org\springframework\boot\spring-boot-starter-w
Launcher Type: SUN_STANDARD

[Global flags]
     intx CICompilerCount                          = 3                                         {product} {ergonomic}
     uint ConcGCThreads                            = 1                                         {product} {ergonomic}
     uint G1ConcRefinementThreads                  = 4                                         {product} {ergonomic}
   size_t G1HeapRegionSize                         = 1048576                                   {product} {ergonomic}
    uintx GCDrainStackTargetSize                   = 64                                        {product} {ergonomic}
   size_t InitialHeapSize                          = 201326592                                 {product} {ergonomic}
   size_t MarkStackSize                            = 4194304                                   {product} {ergonomic}
   size_t MaxHeapSize                              = 3198156800                                {product} {ergonomic}
   size_t MaxNewSize                               = 1918894080                                {product} {ergonomic}
   size_t MinHeapDeltaBytes                        = 1048576                                   {product} {ergonomic}
    uintx NonNMethodCodeHeapSize                   = 5830732                                {pd product} {ergonomic}
    uintx NonProfiledCodeHeapSize                  = 122913754                              {pd product} {ergonomic}
    uintx ProfiledCodeHeapSize                     = 122913754                              {pd product} {ergonomic}
    uintx ReservedCodeCacheSize                    = 251658240                              {pd product} {ergonomic}
     bool SegmentedCodeCache                       = true                                      {product} {ergonomic}
     bool UseCompressedClassPointers               = true                                 {lp64_product} {ergonomic}
     bool UseCompressedOops                        = true                                 {lp64_product} {ergonomic}
     bool UseG1GC                                  = true                                      {product} {ergonomic}
     bool UseLargePagesIndividualAllocation        = false                                  {pd product} {ergonomic}

Logging:
Log output configuration:
 #0: stdout all=warning uptime,level,tags
 #1: stderr all=off uptime,level,tags

Environment Variables:
JAVA_HOME=C:\Program Files\Java\jdk-11.0.9
PATH=C:\Program Files\Python310\Scripts\;C:\Program Files\Python310\;C:\Program Files (x86)\Common Files\Intel\Shared Libraries\redist\intel64\compiler;C:\WINDOWS\system32;C:\WINDOWS;C:\WINDOWS\System32\Wbem;C:\WINDOWS\System32\WindowsPowerShell\v1.0\;C:\WINDOWS\System32\OpenSSH\;C:\wamp64\www\scriptcase\components\php;C:\wamp64\bin\php\php7.4.26;C:\wamp64\bin\php\php7.3.25;C:\wamp64\bin\php\php7.1.29;C:\Program Files\nodejs;C:\Program Files\PuTTY\;C:\ProgramData\ComposerSetup\bin;C:\Program Files\Git\cmd;C:\Program Files (x86)\Yarn\bin\;C:\Program Files\Java\jdk-11.0.9\bin;C:\Users\HP\AppData\Local\Programs\Python\Python37;C:\Users\HP\AppData\Local\Programs\Python\Python37\Scripts;C:\Users\HP\AppData\Local\Android\flutter\bin;C:\Users\HP\AppData\Roaming\Composer\vendor\laravel\installer\bin;C:\Program Files (x86)\Bitvise SSH Client;C:\wamp64\www\apache-maven-3.8.4\bin;C:\Program Files\NetMake\v9-php73\components\php;C:\Program Files\Docker\Docker\resources\bin;C:\Program Files\Java\jdk1.8.0_261\bin;C:\Program Files\nodejs\;C:\Program Files\CMake\bin;C:\Users\HP\AppData\Local\Programs\Python\Python310\Scripts\;C:\Users\HP\AppData\Local\Programs\Python\Python310\;C:\Users\HP\AppData\Local\Microsoft\WindowsApps;C:\Users\HP\AppData\Roaming\Composer\vendor\bin;C:\Users\HP\AppData\Local\Yarn\bin;C:\Program Files\heroku\bin;C:\Users\HP\AppData\Local\Programs\Microsoft VS Code\bin;C:\Users\HP\AppData\Local\GitHubDesktop\bin;C:\Users\HP\AppData\Roaming\npm
USERNAME=HP
OS=Windows_NT
PROCESSOR_IDENTIFIER=Intel64 Family 6 Model 142 Stepping 10, GenuineIntel



---------------  S Y S T E M  ---------------

OS: Windows 10 , 64 bit Build 19041 (10.0.19041.3031)
HyperV virtualization detected

CPU:total 4 (initial active 4) (2 cores per cpu, 2 threads per core) family 6 model 142 stepping 10, cmov, cx8, fxsr, mmx, sse, sse2, sse3, ssse3, sse4.1, sse4.2, popcnt, avx, avx2, aes, clmul, erms, 3dnowpref, lzcnt, ht, tsc, tscinvbit, bmi1, bmi2, adx, fma

Memory: 4k page, system-wide physical 12199M (5265M free)
TotalPageFile size 14247M (AvailPageFile size 5M)
current process WorkingSet (physical memory assigned to process): 300M, peak: 300M
current process commit charge ("private bytes"): 410M, peak: 410M

vm_info: Java HotSpot(TM) 64-Bit Server VM (11.0.9+7-LTS) for windows-amd64 JRE (11.0.9+7-LTS), built on Sep 15 2020 16:47:03 by "mach5one" with MS VC++ 15.9 (VS2017)

END.
