#
# There is insufficient memory for the Java Runtime Environment to continue.
# Native memory allocation (malloc) failed to allocate 1048576 bytes for AllocateHeap
# Possible reasons:
#   The system is out of physical RAM or swap space
#   The process is running with CompressedOops enabled, and the Java Heap may be blocking the growth of the native heap
# Possible solutions:
#   Reduce memory load on the system
#   Increase physical memory or swap space
#   Check if swap backing store is full
#   Decrease Java heap size (-Xmx/-Xms)
#   Decrease number of Java threads
#   Decrease Java thread stack sizes (-Xss)
#   Set larger code cache with -XX:ReservedCodeCacheSize=
#   JVM is running with Unscaled Compressed Oops mode in which the Java heap is
#     placed in the first 4GB address space. The Java Heap base address is the
#     maximum limit for the native heap growth. Please use -XX:HeapBaseMinAddress
#     to set the Java Heap base and to place the Java Heap above 4GB virtual address.
# This output file may be truncated or incomplete.
#
#  Out of Memory Error (allocation.cpp:44), pid=13848, tid=18864
#
# JRE version: OpenJDK Runtime Environment Temurin-17.0.7+7 (17.0.7+7) (build 17.0.7+7)
# Java VM: OpenJDK 64-Bit Server VM Temurin-17.0.7+7 (17.0.7+7, mixed mode, emulated-client, tiered, compressed oops, compressed class ptrs, g1 gc, windows-amd64)
# No core dump will be written. Minidumps are not enabled by default on client versions of Windows
#

---------------  S U M M A R Y ------------

Command Line: -XX:+HeapDumpOnOutOfMemoryError -Xmx1024m -Dsts.lsp.client=vscode -Dsts.log.file=/dev/null -XX:TieredStopAtLevel=1 -Xlog:jni+resolve=off -Dspring.config.location=file:c:\Users\HP\.vscode\extensions\vmware.vscode-spring-boot-1.47.0\language-server\BOOT-INF\classes\application.properties org.springframework.ide.vscode.boot.app.BootLanguageServerBootApp

Host: Intel(R) Core(TM) i3-8130U CPU @ 2.20GHz, 4 cores, 11G,  Windows 10 , 64 bit Build 19041 (10.0.19041.3155)
Time: Mon Jul 24 12:30:44 2023 Afr. centrale Ouest elapsed time: 2823.579741 seconds (0d 0h 47m 3s)

---------------  T H R E A D  ---------------

Current thread (0x000002f32fe72d80):  VMThread "VM Thread" [stack: 0x000000ff9ab00000,0x000000ff9ac00000] [id=18864]

Stack: [0x000000ff9ab00000,0x000000ff9ac00000]
Native frames: (J=compiled Java code, j=interpreted, Vv=VM code, C=native code)
V  [jvm.dll+0x67754a]
V  [jvm.dll+0x834304]
V  [jvm.dll+0x835aae]
V  [jvm.dll+0x836113]
V  [jvm.dll+0x24696f]
V  [jvm.dll+0xa681f]
V  [jvm.dll+0x2f73f3]
V  [jvm.dll+0x2f30f0]
V  [jvm.dll+0x2db6c7]
V  [jvm.dll+0x31e777]
V  [jvm.dll+0x83a5bb]
V  [jvm.dll+0x83b2f4]
V  [jvm.dll+0x83b80c]
V  [jvm.dll+0x83bbe4]
V  [jvm.dll+0x83bcb0]
V  [jvm.dll+0x7e4e7a]
V  [jvm.dll+0x676395]
C  [ucrtbase.dll+0x21bb2]
C  [KERNEL32.DLL+0x17614]
C  [ntdll.dll+0x526b1]

VM_Operation (0x000000ff9befeda0): G1CollectFull, mode: safepoint, requested by thread 0x000002f33582a490


---------------  P R O C E S S  ---------------

Threads class SMR info:
_java_thread_list=0x000002f3358bac50, length=18, elements={
0x000002f32fe88750, 0x000002f32fe894d0, 0x000002f32feae6f0, 0x000002f32feaf470,
0x000002f334008070, 0x000002f334008930, 0x000002f3340091f0, 0x000002f334023e40,
0x000002f3342129d0, 0x000002f334216aa0, 0x000002f3357b3030, 0x000002f3357b5c10,
0x000002f33582a490, 0x000002f335832c20, 0x000002f325906640, 0x000002f335875050,
0x000002f3358b76e0, 0x000002f3358ce9b0
}

Java Threads: ( => current thread )
  0x000002f32fe88750 JavaThread "Reference Handler" daemon [_thread_blocked, id=3532, stack(0x000000ff9ac00000,0x000000ff9ad00000)]
  0x000002f32fe894d0 JavaThread "Finalizer" daemon [_thread_blocked, id=12192, stack(0x000000ff9ad00000,0x000000ff9ae00000)]
  0x000002f32feae6f0 JavaThread "Signal Dispatcher" daemon [_thread_blocked, id=11800, stack(0x000000ff9ae00000,0x000000ff9af00000)]
  0x000002f32feaf470 JavaThread "Attach Listener" daemon [_thread_blocked, id=17944, stack(0x000000ff9af00000,0x000000ff9b000000)]
  0x000002f334008070 JavaThread "Service Thread" daemon [_thread_blocked, id=3876, stack(0x000000ff9b000000,0x000000ff9b100000)]
  0x000002f334008930 JavaThread "Monitor Deflation Thread" daemon [_thread_blocked, id=17568, stack(0x000000ff9b100000,0x000000ff9b200000)]
  0x000002f3340091f0 JavaThread "C1 CompilerThread0" daemon [_thread_blocked, id=1768, stack(0x000000ff9b200000,0x000000ff9b300000)]
  0x000002f334023e40 JavaThread "Sweeper thread" daemon [_thread_blocked, id=14660, stack(0x000000ff9b300000,0x000000ff9b400000)]
  0x000002f3342129d0 JavaThread "Notification Thread" daemon [_thread_blocked, id=9672, stack(0x000000ff9b500000,0x000000ff9b600000)]
  0x000002f334216aa0 JavaThread "Common-Cleaner" daemon [_thread_blocked, id=13404, stack(0x000000ff9b700000,0x000000ff9b800000)]
  0x000002f3357b3030 JavaThread "boundedElastic-evictor-1" daemon [_thread_blocked, id=11252, stack(0x000000ff9bc00000,0x000000ff9bd00000)]
  0x000002f3357b5c10 JavaThread "boundedElastic-evictor-2" daemon [_thread_blocked, id=12348, stack(0x000000ff9bd00000,0x000000ff9be00000)]
  0x000002f33582a490 JavaThread "pool-10-thread-1" [_thread_blocked, id=9936, stack(0x000000ff9be00000,0x000000ff9bf00000)]
  0x000002f335832c20 JavaThread "LanguageServerApp-lifecycle" [_thread_blocked, id=15584, stack(0x000000ff9bf00000,0x000000ff9c000000)]
  0x000002f325906640 JavaThread "DestroyJavaVM" [_thread_blocked, id=1688, stack(0x000000ff9a400000,0x000000ff9a500000)]
  0x000002f335875050 JavaThread "pool-11-thread-1" [_thread_in_native, id=12144, stack(0x000000ff9c000000,0x000000ff9c100000)]
  0x000002f3358b76e0 JavaThread "Simple-Language-Server main thread" daemon [_thread_blocked, id=18192, stack(0x000000ff9c100000,0x000000ff9c200000)]
  0x000002f3358ce9b0 JavaThread "pool-6-thread-1" [_thread_blocked, id=17240, stack(0x000000ff9c200000,0x000000ff9c300000)]

Other Threads:
=>0x000002f32fe72d80 VMThread "VM Thread" [stack: 0x000000ff9ab00000,0x000000ff9ac00000] [id=18864]
  0x000002f334212ea0 WatcherThread [stack: 0x000000ff9b600000,0x000000ff9b700000] [id=7496]
  0x000002f325945280 GCTaskThread "GC Thread#0" [stack: 0x000000ff9a600000,0x000000ff9a700000] [id=6268]
  0x000002f3348187e0 GCTaskThread "GC Thread#1" [stack: 0x000000ff9b800000,0x000000ff9b900000] [id=16856]
  0x000002f33484e3d0 GCTaskThread "GC Thread#2" [stack: 0x000000ff9b900000,0x000000ff9ba00000] [id=9140]
  0x000002f33484e680 GCTaskThread "GC Thread#3" [stack: 0x000000ff9ba00000,0x000000ff9bb00000] [id=13496]
  0x000002f32594e0d0 ConcurrentGCThread "G1 Main Marker" [stack: 0x000000ff9a700000,0x000000ff9a800000] [id=4808]
  0x000002f32594fa00 ConcurrentGCThread "G1 Conc#0" [stack: 0x000000ff9a800000,0x000000ff9a900000] [id=14716]
  0x000002f32fce00a0 ConcurrentGCThread "G1 Refine#0" [stack: 0x000000ff9a900000,0x000000ff9aa00000] [id=16692]
  0x000002f32fce09d0 ConcurrentGCThread "G1 Service" [stack: 0x000000ff9aa00000,0x000000ff9ab00000] [id=7372]

Threads with active compile tasks:

VM state: at safepoint (normal execution)

VM Mutex/Monitor currently owned by a thread:  ([mutex/lock_event])
[0x000002f32377cd70] Threads_lock - owner thread: 0x000002f32fe72d80
[0x000002f325903ac0] Heap_lock - owner thread: 0x000002f33582a490

Heap address: 0x00000000c0000000, size: 1024 MB, Compressed Oops mode: 32-bit

CDS archive(s) not mapped
Compressed class space mapped at: 0x0000000100000000-0x0000000140000000, reserved size: 1073741824
Narrow klass base: 0x0000000000000000, Narrow klass shift: 3, Narrow klass range: 0x140000000

GC Precious Log:
 CPUs: 4 total, 4 available
 Memory: 12199M
 Large Page Support: Disabled
 NUMA Support: Disabled
 Compressed Oops: Enabled (32-bit)
 Heap Region Size: 1M
 Heap Min Capacity: 8M
 Heap Initial Capacity: 192M
 Heap Max Capacity: 1G
 Pre-touch: Disabled
 Parallel Workers: 4
 Concurrent Workers: 1
 Concurrent Refinement Workers: 4
 Periodic GC: Disabled

Heap:
 garbage-first heap   total 55296K, used 18135K [0x00000000c0000000, 0x0000000100000000)
  region size 1024K, 1 young (1024K), 0 survivors (0K)
 Metaspace       used 37101K, committed 37568K, reserved 1114112K
  class space    used 4800K, committed 4992K, reserved 1048576K

Heap Regions: E=young(eden), S=young(survivor), O=old, HS=humongous(starts), HC=humongous(continues), CS=collection set, F=free, OA=open archive, CA=closed archive, TAMS=top-at-mark-start (previous, next)
|   0|0x00000000c0000000, 0x00000000c0100000, 0x00000000c0100000|100%|HS|  |TAMS 0x00000000c0100000, 0x00000000c0000000| Untracked 
|   1|0x00000000c0100000, 0x00000000c01fffe0, 0x00000000c0200000| 99%| O|  |TAMS 0x00000000c01fffe0, 0x00000000c0100000| Untracked 
|   2|0x00000000c0200000, 0x00000000c0300000, 0x00000000c0300000|100%| O|  |TAMS 0x00000000c0300000, 0x00000000c0200000| Untracked 
|   3|0x00000000c0300000, 0x00000000c0400000, 0x00000000c0400000|100%| O|  |TAMS 0x00000000c0400000, 0x00000000c0300000| Untracked 
|   4|0x00000000c0400000, 0x00000000c0500000, 0x00000000c0500000|100%| O|  |TAMS 0x00000000c0500000, 0x00000000c0400000| Untracked 
|   5|0x00000000c0500000, 0x00000000c0600000, 0x00000000c0600000|100%| O|  |TAMS 0x00000000c0600000, 0x00000000c0500000| Untracked 
|   6|0x00000000c0600000, 0x00000000c06fff58, 0x00000000c0700000| 99%| O|  |TAMS 0x00000000c06fff58, 0x00000000c0600000| Untracked 
|   7|0x00000000c0700000, 0x00000000c0800000, 0x00000000c0800000|100%| O|  |TAMS 0x00000000c0800000, 0x00000000c0700000| Untracked 
|   8|0x00000000c0800000, 0x00000000c08ffff0, 0x00000000c0900000| 99%| O|  |TAMS 0x00000000c08ffff0, 0x00000000c0800000| Untracked 
|   9|0x00000000c0900000, 0x00000000c09ffff8, 0x00000000c0a00000| 99%| O|  |TAMS 0x00000000c09ffff8, 0x00000000c0900000| Untracked 
|  10|0x00000000c0a00000, 0x00000000c0afffe8, 0x00000000c0b00000| 99%| O|  |TAMS 0x00000000c0afffe8, 0x00000000c0a00000| Untracked 
|  11|0x00000000c0b00000, 0x00000000c0bffff0, 0x00000000c0c00000| 99%| O|  |TAMS 0x00000000c0bffff0, 0x00000000c0b00000| Untracked 
|  12|0x00000000c0c00000, 0x00000000c0cfff78, 0x00000000c0d00000| 99%| O|  |TAMS 0x00000000c0cfff78, 0x00000000c0c00000| Untracked 
|  13|0x00000000c0d00000, 0x00000000c0e00000, 0x00000000c0e00000|100%| O|  |TAMS 0x00000000c0e00000, 0x00000000c0d00000| Untracked 
|  14|0x00000000c0e00000, 0x00000000c0efffe8, 0x00000000c0f00000| 99%| O|  |TAMS 0x00000000c0efffe8, 0x00000000c0e00000| Untracked 
|  15|0x00000000c0f00000, 0x00000000c0fffff0, 0x00000000c1000000| 99%| O|  |TAMS 0x00000000c0fffff0, 0x00000000c0f00000| Untracked 
|  16|0x00000000c1000000, 0x00000000c10db308, 0x00000000c1100000| 85%| O|  |TAMS 0x00000000c1000000, 0x00000000c1000000| Untracked 
|  17|0x00000000c1100000, 0x00000000c11dab18, 0x00000000c1200000| 85%| O|  |TAMS 0x00000000c1100000, 0x00000000c1100000| Untracked 
|  18|0x00000000c1200000, 0x00000000c1200000, 0x00000000c1300000|  0%| F|  |TAMS 0x00000000c1200000, 0x00000000c1200000| Untracked 
|  19|0x00000000c1300000, 0x00000000c1300000, 0x00000000c1400000|  0%| F|  |TAMS 0x00000000c1300000, 0x00000000c1300000| Untracked 
|  20|0x00000000c1400000, 0x00000000c1400000, 0x00000000c1500000|  0%| F|  |TAMS 0x00000000c1400000, 0x00000000c1400000| Untracked 
|  21|0x00000000c1500000, 0x00000000c1500000, 0x00000000c1600000|  0%| F|  |TAMS 0x00000000c1500000, 0x00000000c1500000| Untracked 
|  22|0x00000000c1600000, 0x00000000c1600000, 0x00000000c1700000|  0%| F|  |TAMS 0x00000000c1600000, 0x00000000c1600000| Untracked 
|  23|0x00000000c1700000, 0x00000000c1700000, 0x00000000c1800000|  0%| F|  |TAMS 0x00000000c1700000, 0x00000000c1700000| Untracked 
|  24|0x00000000c1800000, 0x00000000c1800000, 0x00000000c1900000|  0%| F|  |TAMS 0x00000000c1800000, 0x00000000c1800000| Untracked 
|  25|0x00000000c1900000, 0x00000000c1900000, 0x00000000c1a00000|  0%| F|  |TAMS 0x00000000c1900000, 0x00000000c1900000| Untracked 
|  26|0x00000000c1a00000, 0x00000000c1a00000, 0x00000000c1b00000|  0%| F|  |TAMS 0x00000000c1a00000, 0x00000000c1a00000| Untracked 
|  27|0x00000000c1b00000, 0x00000000c1b00000, 0x00000000c1c00000|  0%| F|  |TAMS 0x00000000c1b00000, 0x00000000c1b00000| Untracked 
|  28|0x00000000c1c00000, 0x00000000c1c00000, 0x00000000c1d00000|  0%| F|  |TAMS 0x00000000c1c00000, 0x00000000c1c00000| Untracked 
|  29|0x00000000c1d00000, 0x00000000c1d00000, 0x00000000c1e00000|  0%| F|  |TAMS 0x00000000c1d00000, 0x00000000c1d00000| Untracked 
|  30|0x00000000c1e00000, 0x00000000c1e00000, 0x00000000c1f00000|  0%| F|  |TAMS 0x00000000c1e00000, 0x00000000c1e00000| Untracked 
|  31|0x00000000c1f00000, 0x00000000c1f00000, 0x00000000c2000000|  0%| F|  |TAMS 0x00000000c1f00000, 0x00000000c1f00000| Untracked 
|  32|0x00000000c2000000, 0x00000000c2000000, 0x00000000c2100000|  0%| F|  |TAMS 0x00000000c2000000, 0x00000000c2000000| Untracked 
|  33|0x00000000c2100000, 0x00000000c2100000, 0x00000000c2200000|  0%| F|  |TAMS 0x00000000c2100000, 0x00000000c2100000| Untracked 
|  34|0x00000000c2200000, 0x00000000c2200000, 0x00000000c2300000|  0%| F|  |TAMS 0x00000000c2200000, 0x00000000c2200000| Untracked 
|  35|0x00000000c2300000, 0x00000000c2300000, 0x00000000c2400000|  0%| F|  |TAMS 0x00000000c2300000, 0x00000000c2300000| Untracked 
|  36|0x00000000c2400000, 0x00000000c2400000, 0x00000000c2500000|  0%| F|  |TAMS 0x00000000c2400000, 0x00000000c2400000| Untracked 
|  37|0x00000000c2500000, 0x00000000c2500000, 0x00000000c2600000|  0%| F|  |TAMS 0x00000000c2500000, 0x00000000c2500000| Untracked 
|  38|0x00000000c2600000, 0x00000000c2600000, 0x00000000c2700000|  0%| F|  |TAMS 0x00000000c2600000, 0x00000000c2600000| Untracked 
|  39|0x00000000c2700000, 0x00000000c2700000, 0x00000000c2800000|  0%| F|  |TAMS 0x00000000c2700000, 0x00000000c2700000| Untracked 
|  40|0x00000000c2800000, 0x00000000c2800000, 0x00000000c2900000|  0%| F|  |TAMS 0x00000000c2800000, 0x00000000c2800000| Untracked 
|  41|0x00000000c2900000, 0x00000000c2900000, 0x00000000c2a00000|  0%| F|  |TAMS 0x00000000c2900000, 0x00000000c2900000| Untracked 
|  42|0x00000000c2a00000, 0x00000000c2a00000, 0x00000000c2b00000|  0%| F|  |TAMS 0x00000000c2a00000, 0x00000000c2a00000| Untracked 
|  43|0x00000000c2b00000, 0x00000000c2b00000, 0x00000000c2c00000|  0%| F|  |TAMS 0x00000000c2b00000, 0x00000000c2b00000| Untracked 
|  44|0x00000000c2c00000, 0x00000000c2c00000, 0x00000000c2d00000|  0%| F|  |TAMS 0x00000000c2c00000, 0x00000000c2c00000| Untracked 
|  45|0x00000000c2d00000, 0x00000000c2d00000, 0x00000000c2e00000|  0%| F|  |TAMS 0x00000000c2d00000, 0x00000000c2d00000| Untracked 
|  46|0x00000000c2e00000, 0x00000000c2e00000, 0x00000000c2f00000|  0%| F|  |TAMS 0x00000000c2e00000, 0x00000000c2e00000| Untracked 
| 156|0x00000000c9c00000, 0x00000000c9c00000, 0x00000000c9d00000|  0%| F|  |TAMS 0x00000000c9c00000, 0x00000000c9c00000| Untracked 
| 157|0x00000000c9d00000, 0x00000000c9d00000, 0x00000000c9e00000|  0%| F|  |TAMS 0x00000000c9d00000, 0x00000000c9d00000| Untracked 
| 158|0x00000000c9e00000, 0x00000000c9e00000, 0x00000000c9f00000|  0%| F|  |TAMS 0x00000000c9e00000, 0x00000000c9e00000| Untracked 
| 159|0x00000000c9f00000, 0x00000000c9f00000, 0x00000000ca000000|  0%| F|  |TAMS 0x00000000c9f00000, 0x00000000c9f00000| Untracked 
| 160|0x00000000ca000000, 0x00000000ca000000, 0x00000000ca100000|  0%| F|  |TAMS 0x00000000ca000000, 0x00000000ca000000| Untracked 
| 161|0x00000000ca100000, 0x00000000ca100000, 0x00000000ca200000|  0%| F|  |TAMS 0x00000000ca100000, 0x00000000ca100000| Untracked 
| 191|0x00000000cbf00000, 0x00000000cbf1a5f8, 0x00000000cc000000| 10%| E|  |TAMS 0x00000000cbf00000, 0x00000000cbf00000| Complete 

Card table byte_map: [0x000002f32b590000,0x000002f32b790000] _byte_map_base: 0x000002f32af90000

Marking Bits (Prev, Next): (CMBitMap*) 0x000002f3259457e0, (CMBitMap*) 0x000002f3259457a0
 Prev Bits: [0x000002f32c990000, 0x000002f32d990000)
 Next Bits: [0x000002f32b990000, 0x000002f32c990000)

Polling page: 0x000002f3236e0000

Metaspace:

Usage:
  Non-class:     31.54 MB used.
      Class:      4.69 MB used.
       Both:     36.23 MB used.

Virtual space:
  Non-class space:       64.00 MB reserved,      31.81 MB ( 50%) committed,  1 nodes.
      Class space:        1.00 GB reserved,       4.88 MB ( <1%) committed,  1 nodes.
             Both:        1.06 GB reserved,      36.69 MB (  3%) committed. 

Chunk freelists:
   Non-Class:  15.56 MB
       Class:  11.07 MB
        Both:  26.64 MB

MaxMetaspaceSize: unlimited
CompressedClassSpaceSize: 1.00 GB
Initial GC threshold: 21.00 MB
Current GC threshold: 61.19 MB
CDS: off
MetaspaceReclaimPolicy: balanced
 - commit_granule_bytes: 65536.
 - commit_granule_words: 8192.
 - virtual_space_node_default_size: 8388608.
 - enlarge_chunks_in_place: 1.
 - new_chunks_are_fully_committed: 0.
 - uncommit_free_chunks: 1.
 - use_allocation_guard: 0.
 - handle_deallocations: 1.


Internal statistics:

num_allocs_failed_limit: 8.
num_arena_births: 464.
num_arena_deaths: 132.
num_vsnodes_births: 2.
num_vsnodes_deaths: 0.
num_space_committed: 587.
num_space_uncommitted: 0.
num_chunks_returned_to_freelist: 156.
num_chunks_taken_from_freelist: 1550.
num_chunk_merges: 52.
num_chunk_splits: 1072.
num_chunks_enlarged: 806.
num_inconsistent_stats: 0.

CodeCache: size=49152Kb used=6720Kb max_used=7589Kb free=42432Kb
 bounds [0x000002f328590000, 0x000002f328d00000, 0x000002f32b590000]
 total_blobs=4121 nmethods=3587 adapters=461
 compilation: enabled
              stopped_count=0, restarted_count=0
 full_count=0

Compilation events (20 events):
Event: 2649.983 Thread 0x000002f3340091f0 3576       1       java.lang.ProcessHandleImpl::<init> (27 bytes)
Event: 2649.984 Thread 0x000002f3340091f0 nmethod 3576 0x000002f3286fe010 code [0x000002f3286fe1a0, 0x000002f3286fe298]
Event: 2660.150 Thread 0x000002f3340091f0 3578       1       java.lang.ProcessImpl$2::run (242 bytes)
Event: 2660.151 Thread 0x000002f3340091f0 nmethod 3578 0x000002f3286fc190 code [0x000002f3286fc440, 0x000002f3286fd1d8]
Event: 2660.151 Thread 0x000002f3340091f0 3579       1       java.io.BufferedOutputStream::<init> (9 bytes)
Event: 2660.151 Thread 0x000002f3340091f0 nmethod 3579 0x000002f3286fbc10 code [0x000002f3286fbda0, 0x000002f3286fc078]
Event: 2660.151 Thread 0x000002f3340091f0 3580       1       java.lang.ProcessImpl::waitFor (136 bytes)
Event: 2660.152 Thread 0x000002f3340091f0 nmethod 3580 0x000002f3286fb390 code [0x000002f3286fb5a0, 0x000002f3286fb9d8]
Event: 2660.327 Thread 0x000002f3340091f0 3582   !   1       java.io.FilterOutputStream::close (183 bytes)
Event: 2660.354 Thread 0x000002f3340091f0 nmethod 3582 0x000002f3286fa610 code [0x000002f3286fa820, 0x000002f3286facf8]
Event: 2660.354 Thread 0x000002f3340091f0 3587       1       java.lang.ProcessImpl$$Lambda$695/0x00000001003d8150::run (8 bytes)
Event: 2660.354 Thread 0x000002f3340091f0 nmethod 3587 0x000002f3286fa310 code [0x000002f3286fa4a0, 0x000002f3286fa588]
Event: 2660.354 Thread 0x000002f3340091f0 3588       1       java.lang.ProcessImpl::lambda$new$0 (6 bytes)
Event: 2660.355 Thread 0x000002f3340091f0 nmethod 3588 0x000002f3286fa010 code [0x000002f3286fa1a0, 0x000002f3286fa268]
Event: 2660.355 Thread 0x000002f3340091f0 3583   !   1       java.io.FileOutputStream::close (69 bytes)
Event: 2660.355 Thread 0x000002f3340091f0 nmethod 3583 0x000002f3286f9990 code [0x000002f3286f9b60, 0x000002f3286f9ed8]
Event: 2660.355 Thread 0x000002f3340091f0 3584       1       java.io.FileOutputStream$1::<init> (10 bytes)
Event: 2660.355 Thread 0x000002f3340091f0 nmethod 3584 0x000002f3286f9690 code [0x000002f3286f9820, 0x000002f3286f9938]
Event: 2660.355 Thread 0x000002f3340091f0 3585       1       java.io.FileOutputStream$1::close (11 bytes)
Event: 2660.355 Thread 0x000002f3340091f0 nmethod 3585 0x000002f3286f9010 code [0x000002f3286f91c0, 0x000002f3286f94d8]

GC Heap History (20 events):
Event: 2721.382 GC heap before
{Heap before GC invocations=272 (full 261):
 garbage-first heap   total 55296K, used 18135K [0x00000000c0000000, 0x0000000100000000)
  region size 1024K, 1 young (1024K), 0 survivors (0K)
 Metaspace       used 37101K, committed 37568K, reserved 1114112K
  class space    used 4800K, committed 4992K, reserved 1048576K
}
Event: 2721.411 GC heap after
{Heap after GC invocations=273 (full 262):
 garbage-first heap   total 55296K, used 18135K [0x00000000c0000000, 0x0000000100000000)
  region size 1024K, 0 young (0K), 0 survivors (0K)
 Metaspace       used 37101K, committed 37568K, reserved 1114112K
  class space    used 4800K, committed 4992K, reserved 1048576K
}
Event: 2731.633 GC heap before
{Heap before GC invocations=273 (full 262):
 garbage-first heap   total 55296K, used 18135K [0x00000000c0000000, 0x0000000100000000)
  region size 1024K, 1 young (1024K), 0 survivors (0K)
 Metaspace       used 37101K, committed 37568K, reserved 1114112K
  class space    used 4800K, committed 4992K, reserved 1048576K
}
Event: 2731.664 GC heap after
{Heap after GC invocations=274 (full 263):
 garbage-first heap   total 55296K, used 18135K [0x00000000c0000000, 0x0000000100000000)
  region size 1024K, 0 young (0K), 0 survivors (0K)
 Metaspace       used 37101K, committed 37568K, reserved 1114112K
  class space    used 4800K, committed 4992K, reserved 1048576K
}
Event: 2741.847 GC heap before
{Heap before GC invocations=274 (full 263):
 garbage-first heap   total 55296K, used 18135K [0x00000000c0000000, 0x0000000100000000)
  region size 1024K, 1 young (1024K), 0 survivors (0K)
 Metaspace       used 37101K, committed 37568K, reserved 1114112K
  class space    used 4800K, committed 4992K, reserved 1048576K
}
Event: 2741.872 GC heap after
{Heap after GC invocations=275 (full 264):
 garbage-first heap   total 55296K, used 18135K [0x00000000c0000000, 0x0000000100000000)
  region size 1024K, 0 young (0K), 0 survivors (0K)
 Metaspace       used 37101K, committed 37568K, reserved 1114112K
  class space    used 4800K, committed 4992K, reserved 1048576K
}
Event: 2752.028 GC heap before
{Heap before GC invocations=275 (full 264):
 garbage-first heap   total 55296K, used 18135K [0x00000000c0000000, 0x0000000100000000)
  region size 1024K, 1 young (1024K), 0 survivors (0K)
 Metaspace       used 37101K, committed 37568K, reserved 1114112K
  class space    used 4800K, committed 4992K, reserved 1048576K
}
Event: 2752.052 GC heap after
{Heap after GC invocations=276 (full 265):
 garbage-first heap   total 55296K, used 18135K [0x00000000c0000000, 0x0000000100000000)
  region size 1024K, 0 young (0K), 0 survivors (0K)
 Metaspace       used 37101K, committed 37568K, reserved 1114112K
  class space    used 4800K, committed 4992K, reserved 1048576K
}
Event: 2762.204 GC heap before
{Heap before GC invocations=276 (full 265):
 garbage-first heap   total 55296K, used 18135K [0x00000000c0000000, 0x0000000100000000)
  region size 1024K, 1 young (1024K), 0 survivors (0K)
 Metaspace       used 37101K, committed 37568K, reserved 1114112K
  class space    used 4800K, committed 4992K, reserved 1048576K
}
Event: 2762.233 GC heap after
{Heap after GC invocations=277 (full 266):
 garbage-first heap   total 55296K, used 18135K [0x00000000c0000000, 0x0000000100000000)
  region size 1024K, 0 young (0K), 0 survivors (0K)
 Metaspace       used 37101K, committed 37568K, reserved 1114112K
  class space    used 4800K, committed 4992K, reserved 1048576K
}
Event: 2772.362 GC heap before
{Heap before GC invocations=277 (full 266):
 garbage-first heap   total 55296K, used 18135K [0x00000000c0000000, 0x0000000100000000)
  region size 1024K, 1 young (1024K), 0 survivors (0K)
 Metaspace       used 37101K, committed 37568K, reserved 1114112K
  class space    used 4800K, committed 4992K, reserved 1048576K
}
Event: 2772.383 GC heap after
{Heap after GC invocations=278 (full 267):
 garbage-first heap   total 55296K, used 18135K [0x00000000c0000000, 0x0000000100000000)
  region size 1024K, 0 young (0K), 0 survivors (0K)
 Metaspace       used 37101K, committed 37568K, reserved 1114112K
  class space    used 4800K, committed 4992K, reserved 1048576K
}
Event: 2782.605 GC heap before
{Heap before GC invocations=278 (full 267):
 garbage-first heap   total 55296K, used 18135K [0x00000000c0000000, 0x0000000100000000)
  region size 1024K, 1 young (1024K), 0 survivors (0K)
 Metaspace       used 37101K, committed 37568K, reserved 1114112K
  class space    used 4800K, committed 4992K, reserved 1048576K
}
Event: 2782.627 GC heap after
{Heap after GC invocations=279 (full 268):
 garbage-first heap   total 55296K, used 18135K [0x00000000c0000000, 0x0000000100000000)
  region size 1024K, 0 young (0K), 0 survivors (0K)
 Metaspace       used 37101K, committed 37568K, reserved 1114112K
  class space    used 4800K, committed 4992K, reserved 1048576K
}
Event: 2792.777 GC heap before
{Heap before GC invocations=279 (full 268):
 garbage-first heap   total 55296K, used 18135K [0x00000000c0000000, 0x0000000100000000)
  region size 1024K, 1 young (1024K), 0 survivors (0K)
 Metaspace       used 37101K, committed 37568K, reserved 1114112K
  class space    used 4800K, committed 4992K, reserved 1048576K
}
Event: 2792.801 GC heap after
{Heap after GC invocations=280 (full 269):
 garbage-first heap   total 55296K, used 18135K [0x00000000c0000000, 0x0000000100000000)
  region size 1024K, 0 young (0K), 0 survivors (0K)
 Metaspace       used 37101K, committed 37568K, reserved 1114112K
  class space    used 4800K, committed 4992K, reserved 1048576K
}
Event: 2802.991 GC heap before
{Heap before GC invocations=280 (full 269):
 garbage-first heap   total 55296K, used 18135K [0x00000000c0000000, 0x0000000100000000)
  region size 1024K, 1 young (1024K), 0 survivors (0K)
 Metaspace       used 37101K, committed 37568K, reserved 1114112K
  class space    used 4800K, committed 4992K, reserved 1048576K
}
Event: 2803.015 GC heap after
{Heap after GC invocations=281 (full 270):
 garbage-first heap   total 55296K, used 18135K [0x00000000c0000000, 0x0000000100000000)
  region size 1024K, 0 young (0K), 0 survivors (0K)
 Metaspace       used 37101K, committed 37568K, reserved 1114112K
  class space    used 4800K, committed 4992K, reserved 1048576K
}
Event: 2813.413 GC heap before
{Heap before GC invocations=281 (full 270):
 garbage-first heap   total 55296K, used 18135K [0x00000000c0000000, 0x0000000100000000)
  region size 1024K, 1 young (1024K), 0 survivors (0K)
 Metaspace       used 37101K, committed 37568K, reserved 1114112K
  class space    used 4800K, committed 4992K, reserved 1048576K
}
Event: 2813.443 GC heap after
{Heap after GC invocations=282 (full 271):
 garbage-first heap   total 55296K, used 18135K [0x00000000c0000000, 0x0000000100000000)
  region size 1024K, 0 young (0K), 0 survivors (0K)
 Metaspace       used 37101K, committed 37568K, reserved 1114112K
  class space    used 4800K, committed 4992K, reserved 1048576K
}

Dll operation events (7 events):
Event: 0.013 Loaded shared library c:\Users\HP\.vscode\extensions\redhat.java-1.20.0-win32-x64\jre\17.0.7-win32-x86_64\bin\java.dll
Event: 2.024 Loaded shared library C:\Users\HP\.vscode\extensions\redhat.java-1.20.0-win32-x64\jre\17.0.7-win32-x86_64\bin\net.dll
Event: 2.027 Loaded shared library C:\Users\HP\.vscode\extensions\redhat.java-1.20.0-win32-x64\jre\17.0.7-win32-x86_64\bin\nio.dll
Event: 2.043 Loaded shared library C:\Users\HP\.vscode\extensions\redhat.java-1.20.0-win32-x64\jre\17.0.7-win32-x86_64\bin\zip.dll
Event: 3.157 Loaded shared library C:\Users\HP\.vscode\extensions\redhat.java-1.20.0-win32-x64\jre\17.0.7-win32-x86_64\bin\jimage.dll
Event: 10.841 Loaded shared library C:\Users\HP\.vscode\extensions\redhat.java-1.20.0-win32-x64\jre\17.0.7-win32-x86_64\bin\management.dll
Event: 10.845 Loaded shared library C:\Users\HP\.vscode\extensions\redhat.java-1.20.0-win32-x64\jre\17.0.7-win32-x86_64\bin\management_ext.dll

Deoptimization events (4 events):
Event: 7.437 Thread 0x000002f325906640 DEOPT PACKING pc=0x000002f328a78499 sp=0x000000ff9a4fd600
Event: 7.437 Thread 0x000002f325906640 DEOPT UNPACKING pc=0x000002f3285e7143 sp=0x000000ff9a4fcae0 mode 3
Event: 12.400 Thread 0x000002f3358b76e0 DEOPT PACKING pc=0x000002f328cf2e35 sp=0x000000ff9c1fd960
Event: 12.400 Thread 0x000002f3358b76e0 DEOPT UNPACKING pc=0x000002f3285e7143 sp=0x000000ff9c1fce88 mode 3

Classes unloaded (20 events):
Event: 62.025 Thread 0x000002f32fe72d80 Unloading class 0x000000010021a800 'java/lang/invoke/LambdaForm$MH+0x000000010021a800'
Event: 62.025 Thread 0x000002f32fe72d80 Unloading class 0x0000000100215000 'java/lang/invoke/LambdaForm$DMH+0x0000000100215000'
Event: 62.025 Thread 0x000002f32fe72d80 Unloading class 0x0000000100091c00 'java/lang/invoke/LambdaForm$MH+0x0000000100091c00'
Event: 62.025 Thread 0x000002f32fe72d80 Unloading class 0x0000000100091800 'java/lang/invoke/LambdaForm$MH+0x0000000100091800'
Event: 62.026 Thread 0x000002f32fe72d80 Unloading class 0x0000000100091400 'java/lang/invoke/LambdaForm$MH+0x0000000100091400'
Event: 62.026 Thread 0x000002f32fe72d80 Unloading class 0x0000000100091000 'java/lang/invoke/LambdaForm$MH+0x0000000100091000'
Event: 62.026 Thread 0x000002f32fe72d80 Unloading class 0x0000000100090c00 'java/lang/invoke/LambdaForm$MH+0x0000000100090c00'
Event: 62.026 Thread 0x000002f32fe72d80 Unloading class 0x0000000100090800 'java/lang/invoke/LambdaForm$MH+0x0000000100090800'
Event: 62.026 Thread 0x000002f32fe72d80 Unloading class 0x0000000100090400 'java/lang/invoke/LambdaForm$MH+0x0000000100090400'
Event: 62.026 Thread 0x000002f32fe72d80 Unloading class 0x0000000100090000 'java/lang/invoke/LambdaForm$MH+0x0000000100090000'
Event: 62.026 Thread 0x000002f32fe72d80 Unloading class 0x000000010008b800 'java/lang/invoke/LambdaForm$MH+0x000000010008b800'
Event: 62.026 Thread 0x000002f32fe72d80 Unloading class 0x000000010008b400 'java/lang/invoke/LambdaForm$MH+0x000000010008b400'
Event: 62.026 Thread 0x000002f32fe72d80 Unloading class 0x000000010008b000 'java/lang/invoke/LambdaForm$MH+0x000000010008b000'
Event: 62.026 Thread 0x000002f32fe72d80 Unloading class 0x000000010008ac00 'java/lang/invoke/LambdaForm$MH+0x000000010008ac00'
Event: 62.026 Thread 0x000002f32fe72d80 Unloading class 0x000000010008a800 'java/lang/invoke/LambdaForm$MH+0x000000010008a800'
Event: 62.026 Thread 0x000002f32fe72d80 Unloading class 0x000000010008a400 'java/lang/invoke/LambdaForm$MH+0x000000010008a400'
Event: 62.026 Thread 0x000002f32fe72d80 Unloading class 0x0000000100089c00 'java/lang/invoke/LambdaForm$MH+0x0000000100089c00'
Event: 62.026 Thread 0x000002f32fe72d80 Unloading class 0x0000000100089400 'java/lang/invoke/LambdaForm$MH+0x0000000100089400'
Event: 62.026 Thread 0x000002f32fe72d80 Unloading class 0x0000000100088c00 'java/lang/invoke/LambdaForm$MH+0x0000000100088c00'
Event: 62.026 Thread 0x000002f32fe72d80 Unloading class 0x0000000100088400 'java/lang/invoke/LambdaForm$MH+0x0000000100088400'

Classes redefined (0 events):
No events

Internal exceptions (20 events):
Event: 9.078 Thread 0x000002f325906640 Exception <a 'java/lang/NoSuchMethodError'{0x00000000c265a340}: 'java.lang.Object java.lang.invoke.Invokers$Holder.invoke_MT(java.lang.Object, java.lang.Object, java.lang.Object, java.lang.Object, java.lang.Object, java.lang.Object, java.lang.Object, java.lang.Object, java.lang.Object, java.lang.Object)'> (0x00000000c265a340) 
thrown [s\src\hotspot\share\interpreter\linkResolver.cpp, line 759]
Event: 9.092 Thread 0x000002f325906640 Exception <a 'java/lang/NoSuchMethodError'{0x00000000c269f6c0}: 'java.lang.Object java.lang.invoke.DirectMethodHandle$Holder.invokeSpecial(java.lang.Object, java.lang.Object, int, java.lang.Object, java.lang.Object)'> (0x00000000c269f6c0) 
thrown [s\src\hotspot\share\interpreter\linkResolver.cpp, line 759]
Event: 9.092 Thread 0x000002f325906640 Exception <a 'java/lang/NoSuchMethodError'{0x00000000c26a3368}: 'java.lang.Object java.lang.invoke.DelegatingMethodHandle$Holder.delegate(java.lang.Object, int, java.lang.Object, java.lang.Object)'> (0x00000000c26a3368) 
thrown [s\src\hotspot\share\interpreter\linkResolver.cpp, line 759]
Event: 9.096 Thread 0x000002f325906640 Exception <a 'java/lang/NoSuchMethodError'{0x00000000c26b4590}: 'int java.lang.invoke.Invokers$Holder.linkToTargetMethod(java.lang.Object, java.lang.Object, java.lang.Object)'> (0x00000000c26b4590) 
thrown [s\src\hotspot\share\interpreter\linkResolver.cpp, line 759]
Event: 9.185 Thread 0x000002f325906640 Exception <a 'java/lang/NoSuchMethodError'{0x00000000c231dbf8}: 'void java.lang.invoke.DirectMethodHandle$Holder.invokeSpecial(java.lang.Object, java.lang.Object, java.lang.Object, java.lang.Object, java.lang.Object, java.lang.Object)'> (0x00000000c231dbf8) 
thrown [s\src\hotspot\share\interpreter\linkResolver.cpp, line 759]
Event: 9.245 Thread 0x000002f325906640 Exception <a 'java/lang/NoSuchMethodError'{0x00000000c22df950}: 'java.lang.Object java.lang.invoke.DirectMethodHandle$Holder.invokeStaticInit(java.lang.Object, int, int, int, int)'> (0x00000000c22df950) 
thrown [s\src\hotspot\share\interpreter\linkResolver.cpp, line 759]
Event: 9.332 Thread 0x000002f325906640 Exception <a 'java/lang/NoSuchMethodError'{0x00000000cbfd8420}: 'java.lang.Object java.lang.invoke.DirectMethodHandle$Holder.invokeStaticInit(java.lang.Object, java.lang.Object, int, int, int, int)'> (0x00000000cbfd8420) 
thrown [s\src\hotspot\share\interpreter\linkResolver.cpp, line 759]
Event: 9.771 Thread 0x000002f325906640 Exception <a 'java/lang/NoSuchMethodError'{0x00000000c2d55aa0}: 'void java.lang.invoke.DirectMethodHandle$Holder.invokeSpecialIFC(java.lang.Object, java.lang.Object, java.lang.Object)'> (0x00000000c2d55aa0) 
thrown [s\src\hotspot\share\interpreter\linkResolver.cpp, line 759]
Event: 10.260 Thread 0x000002f325906640 Exception <a 'java/lang/NoSuchMethodError'{0x00000000c2e0d730}: 'void java.lang.invoke.DirectMethodHandle$Holder.invokeSpecial(java.lang.Object, java.lang.Object, java.lang.Object, java.lang.Object, java.lang.Object, java.lang.Object, java.lang.Object)'> (0x00000000c2e0d730) 
thrown [s\src\hotspot\share\interpreter\linkResolver.cpp, line 759]
Event: 10.397 Thread 0x000002f325906640 Exception <a 'java/lang/NoSuchMethodError'{0x00000000c2cd5188}: 'java.lang.Object java.lang.invoke.DirectMethodHandle$Holder.invokeInterface(java.lang.Object, java.lang.Object, int)'> (0x00000000c2cd5188) 
thrown [s\src\hotspot\share\interpreter\linkResolver.cpp, line 759]
Event: 10.400 Thread 0x000002f325906640 Exception <a 'java/lang/IncompatibleClassChangeError'{0x00000000c2ce7ea8}: Found class java.lang.Object, but interface was expected> (0x00000000c2ce7ea8) 
thrown [s\src\hotspot\share\interpreter\linkResolver.cpp, line 826]
Event: 10.820 Thread 0x000002f325906640 Exception <a 'java/lang/NoSuchMethodError'{0x00000000c28a6748}: 'java.lang.Object java.lang.invoke.DirectMethodHandle$Holder.newInvokeSpecial(java.lang.Object, java.lang.Object, int, java.lang.Object, java.lang.Object)'> (0x00000000c28a6748) 
thrown [s\src\hotspot\share\interpreter\linkResolver.cpp, line 759]
Event: 10.823 Thread 0x000002f325906640 Exception <a 'java/lang/NoSuchMethodError'{0x00000000c28b8768}: 'java.lang.Object java.lang.invoke.DirectMethodHandle$Holder.invokeSpecial(java.lang.Object, java.lang.Object, int, java.lang.Object, int, java.lang.Object)'> (0x00000000c28b8768) 
thrown [s\src\hotspot\share\interpreter\linkResolver.cpp, line 759]
Event: 10.824 Thread 0x000002f325906640 Exception <a 'java/lang/NoSuchMethodError'{0x00000000c28c0570}: 'java.lang.Object java.lang.invoke.DirectMethodHandle$Holder.newInvokeSpecial(java.lang.Object, java.lang.Object, int, java.lang.Object, int)'> (0x00000000c28c0570) 
thrown [s\src\hotspot\share\interpreter\linkResolver.cpp, line 759]
Event: 10.824 Thread 0x000002f325906640 Exception <a 'java/lang/NoSuchMethodError'{0x00000000c28c4670}: 'java.lang.Object java.lang.invoke.DirectMethodHandle$Holder.invokeSpecial(java.lang.Object, java.lang.Object, java.lang.Object, int, java.lang.Object, int)'> (0x00000000c28c4670) 
thrown [s\src\hotspot\share\interpreter\linkResolver.cpp, line 759]
Event: 11.660 Thread 0x000002f335875050 Exception <a 'java/lang/NoSuchMethodError'{0x00000000c2edee78}: 'java.lang.Object java.lang.invoke.DirectMethodHandle$Holder.invokeStatic(java.lang.Object, java.lang.Object, java.lang.Object, int, java.lang.Object, java.lang.Object)'> (0x00000000c2edee78) 
thrown [s\src\hotspot\share\interpreter\linkResolver.cpp, line 759]
Event: 12.397 Thread 0x000002f3358b76e0 Exception <a 'java/lang/NoSuchMethodError'{0x00000000c2c48b08}: 'java.lang.Object java.lang.invoke.DirectMethodHandle$Holder.invokeStatic(java.lang.Object, int, java.lang.Object)'> (0x00000000c2c48b08) 
thrown [s\src\hotspot\share\interpreter\linkResolver.cpp, line 759]
Event: 50.835 Thread 0x000002f33582a490 Exception <a 'java/lang/NoSuchMethodError'{0x00000000c2b6fe70}: 'void java.lang.invoke.DirectMethodHandle$Holder.invokeStatic(java.lang.Object, long)'> (0x00000000c2b6fe70) 
thrown [s\src\hotspot\share\interpreter\linkResolver.cpp, line 759]
Event: 50.836 Thread 0x000002f33582a490 Exception <a 'java/lang/NoSuchMethodError'{0x00000000c2b75218}: 'java.lang.Object java.lang.invoke.DirectMethodHandle$Holder.newInvokeSpecial(java.lang.Object, long)'> (0x00000000c2b75218) 
thrown [s\src\hotspot\share\interpreter\linkResolver.cpp, line 759]
Event: 2293.725 Thread 0x000002f33582a490 Exception <a 'java/io/IOException'{0x00000000cbf00630}: CreateProcess error=1455, Le fichier de pagination est insuffisant pour terminer cette opération> (0x00000000cbf00630) 
thrown [s\src\hotspot\share\prims\jni.cpp, line 535]

VM Operations (20 events):
Event: 2721.411 Executing VM operation: G1CollectFull done
Event: 2731.633 Executing VM operation: G1CollectFull
Event: 2731.664 Executing VM operation: G1CollectFull done
Event: 2741.847 Executing VM operation: G1CollectFull
Event: 2741.872 Executing VM operation: G1CollectFull done
Event: 2752.028 Executing VM operation: G1CollectFull
Event: 2752.053 Executing VM operation: G1CollectFull done
Event: 2762.204 Executing VM operation: G1CollectFull
Event: 2762.233 Executing VM operation: G1CollectFull done
Event: 2772.362 Executing VM operation: G1CollectFull
Event: 2772.383 Executing VM operation: G1CollectFull done
Event: 2782.605 Executing VM operation: G1CollectFull
Event: 2782.627 Executing VM operation: G1CollectFull done
Event: 2792.777 Executing VM operation: G1CollectFull
Event: 2792.802 Executing VM operation: G1CollectFull done
Event: 2802.990 Executing VM operation: G1CollectFull
Event: 2803.015 Executing VM operation: G1CollectFull done
Event: 2813.413 Executing VM operation: G1CollectFull
Event: 2813.443 Executing VM operation: G1CollectFull done
Event: 2823.543 Executing VM operation: G1CollectFull

Events (20 events):
Event: 17.970 Thread 0x000002f3355ab380 Thread exited: 0x000002f3355ab380
Event: 22.972 Thread 0x000002f3341f97b0 Thread exited: 0x000002f3341f97b0
Event: 50.813 loading class java/lang/ProcessBuilder
Event: 50.814 loading class java/lang/ProcessBuilder done
Event: 50.814 loading class java/lang/ProcessImpl
Event: 50.815 loading class java/lang/ProcessImpl done
Event: 50.837 loading class java/lang/ProcessImpl$2
Event: 50.837 loading class java/lang/ProcessImpl$2 done
Event: 50.838 loading class java/lang/Process$PipeInputStream
Event: 50.838 loading class java/lang/Process$PipeInputStream done
Event: 50.840 loading class jdk/internal/event/ProcessStartEvent
Event: 50.840 loading class jdk/internal/event/ProcessStartEvent done
Event: 51.824 loading class java/io/FileOutputStream$1
Event: 51.824 loading class java/io/FileOutputStream$1 done
Event: 72.644 Thread 0x000002f3356d8060 Thread exited: 0x000002f3356d8060
Event: 72.644 Thread 0x000002f3356d8a00 Thread exited: 0x000002f3356d8a00
Event: 72.644 Thread 0x000002f3356d8530 Thread exited: 0x000002f3356d8530
Event: 72.673 Thread 0x000002f3356d8ed0 Thread exited: 0x000002f3356d8ed0
Event: 72.972 Thread 0x000002f3356da210 Thread exited: 0x000002f3356da210
Event: 132.676 Thread 0x000002f3356d9d40 Thread exited: 0x000002f3356d9d40


Dynamic libraries:
0x00007ff6a2400000 - 0x00007ff6a240e000 	c:\Users\HP\.vscode\extensions\redhat.java-1.20.0-win32-x64\jre\17.0.7-win32-x86_64\bin\java.exe
0x00007ffef5730000 - 0x00007ffef5928000 	C:\WINDOWS\SYSTEM32\ntdll.dll
0x00007ffef3af0000 - 0x00007ffef3baf000 	C:\WINDOWS\System32\KERNEL32.DLL
0x00007ffef3190000 - 0x00007ffef3486000 	C:\WINDOWS\System32\KERNELBASE.dll
0x00007ffef3690000 - 0x00007ffef3790000 	C:\WINDOWS\System32\ucrtbase.dll
0x00007ffeddec0000 - 0x00007ffedded7000 	c:\Users\HP\.vscode\extensions\redhat.java-1.20.0-win32-x64\jre\17.0.7-win32-x86_64\bin\jli.dll
0x00007ffef4190000 - 0x00007ffef432d000 	C:\WINDOWS\System32\USER32.dll
0x00007ffef30f0000 - 0x00007ffef3112000 	C:\WINDOWS\System32\win32u.dll
0x00007ffef4c70000 - 0x00007ffef4c9c000 	C:\WINDOWS\System32\GDI32.dll
0x00007ffef3520000 - 0x00007ffef3635000 	C:\WINDOWS\System32\gdi32full.dll
0x00007ffef2ef0000 - 0x00007ffef2f8d000 	C:\WINDOWS\System32\msvcp_win.dll
0x00007ffed8930000 - 0x00007ffed8949000 	c:\Users\HP\.vscode\extensions\redhat.java-1.20.0-win32-x64\jre\17.0.7-win32-x86_64\bin\VCRUNTIME140.dll
0x00007ffedc220000 - 0x00007ffedc4ba000 	C:\WINDOWS\WinSxS\amd64_microsoft.windows.common-controls_6595b64144ccf1df_6.0.19041.1110_none_60b5254171f9507e\COMCTL32.dll
0x00007ffef3e00000 - 0x00007ffef3e9e000 	C:\WINDOWS\System32\msvcrt.dll
0x00007ffef4590000 - 0x00007ffef45c0000 	C:\WINDOWS\System32\IMM32.DLL
0x00007ffeea4d0000 - 0x00007ffeea4dc000 	c:\Users\HP\.vscode\extensions\redhat.java-1.20.0-win32-x64\jre\17.0.7-win32-x86_64\bin\vcruntime140_1.dll
0x00007ffeb4b60000 - 0x00007ffeb4bf1000 	c:\Users\HP\.vscode\extensions\redhat.java-1.20.0-win32-x64\jre\17.0.7-win32-x86_64\bin\msvcp140.dll
0x00007ffe7a970000 - 0x00007ffe7b5b8000 	c:\Users\HP\.vscode\extensions\redhat.java-1.20.0-win32-x64\jre\17.0.7-win32-x86_64\bin\server\jvm.dll
0x00007ffef4030000 - 0x00007ffef40df000 	C:\WINDOWS\System32\ADVAPI32.dll
0x00007ffef55a0000 - 0x00007ffef563c000 	C:\WINDOWS\System32\sechost.dll
0x00007ffef3ea0000 - 0x00007ffef3fc6000 	C:\WINDOWS\System32\RPCRT4.dll
0x00007ffeda340000 - 0x00007ffeda349000 	C:\WINDOWS\SYSTEM32\WSOCK32.dll
0x00007ffef5530000 - 0x00007ffef559b000 	C:\WINDOWS\System32\WS2_32.dll
0x00007ffed6b00000 - 0x00007ffed6b27000 	C:\WINDOWS\SYSTEM32\WINMM.dll
0x00007ffeed650000 - 0x00007ffeed65a000 	C:\WINDOWS\SYSTEM32\VERSION.dll
0x00007ffef1600000 - 0x00007ffef1612000 	C:\WINDOWS\SYSTEM32\kernel.appcore.dll
0x00007ffee1780000 - 0x00007ffee178a000 	c:\Users\HP\.vscode\extensions\redhat.java-1.20.0-win32-x64\jre\17.0.7-win32-x86_64\bin\jimage.dll
0x00007ffef0b00000 - 0x00007ffef0ce4000 	C:\WINDOWS\SYSTEM32\DBGHELP.DLL
0x00007ffed53d0000 - 0x00007ffed5404000 	C:\WINDOWS\SYSTEM32\dbgcore.DLL
0x00007ffef3490000 - 0x00007ffef3512000 	C:\WINDOWS\System32\bcryptPrimitives.dll
0x00007ffed69d0000 - 0x00007ffed69f5000 	c:\Users\HP\.vscode\extensions\redhat.java-1.20.0-win32-x64\jre\17.0.7-win32-x86_64\bin\java.dll
0x00007ffed4f30000 - 0x00007ffed4f48000 	c:\Users\HP\.vscode\extensions\redhat.java-1.20.0-win32-x64\jre\17.0.7-win32-x86_64\bin\zip.dll
0x00007ffef4de0000 - 0x00007ffef5524000 	C:\WINDOWS\System32\SHELL32.dll
0x00007ffef0cf0000 - 0x00007ffef1484000 	C:\WINDOWS\SYSTEM32\windows.storage.dll
0x00007ffef3790000 - 0x00007ffef3ae4000 	C:\WINDOWS\System32\combase.dll
0x00007ffef26a0000 - 0x00007ffef26ce000 	C:\WINDOWS\SYSTEM32\Wldp.dll
0x00007ffef5640000 - 0x00007ffef56ed000 	C:\WINDOWS\System32\SHCORE.dll
0x00007ffef45c0000 - 0x00007ffef4615000 	C:\WINDOWS\System32\shlwapi.dll
0x00007ffef2d40000 - 0x00007ffef2d65000 	C:\WINDOWS\SYSTEM32\profapi.dll
0x00007ffed3250000 - 0x00007ffed3269000 	C:\Users\HP\.vscode\extensions\redhat.java-1.20.0-win32-x64\jre\17.0.7-win32-x86_64\bin\net.dll
0x00007ffeec220000 - 0x00007ffeec32a000 	C:\WINDOWS\SYSTEM32\WINHTTP.dll
0x00007ffef2480000 - 0x00007ffef24ea000 	C:\WINDOWS\system32\mswsock.dll
0x00007ffed3230000 - 0x00007ffed3245000 	C:\Users\HP\.vscode\extensions\redhat.java-1.20.0-win32-x64\jre\17.0.7-win32-x86_64\bin\nio.dll
0x00007ffef26e0000 - 0x00007ffef26f8000 	C:\WINDOWS\SYSTEM32\CRYPTSP.dll
0x00007ffef1dc0000 - 0x00007ffef1df4000 	C:\WINDOWS\system32\rsaenh.dll
0x00007ffef2ec0000 - 0x00007ffef2ee7000 	C:\WINDOWS\System32\bcrypt.dll
0x00007ffef2cc0000 - 0x00007ffef2cee000 	C:\WINDOWS\SYSTEM32\USERENV.dll
0x00007ffef2610000 - 0x00007ffef261c000 	C:\WINDOWS\SYSTEM32\CRYPTBASE.dll
0x00007ffef2190000 - 0x00007ffef21cc000 	C:\WINDOWS\SYSTEM32\IPHLPAPI.DLL
0x00007ffef3c30000 - 0x00007ffef3c38000 	C:\WINDOWS\System32\NSI.dll
0x00007ffeec920000 - 0x00007ffeec937000 	C:\WINDOWS\SYSTEM32\dhcpcsvc6.DLL
0x00007ffeec9d0000 - 0x00007ffeec9ed000 	C:\WINDOWS\SYSTEM32\dhcpcsvc.DLL
0x00007ffef21d0000 - 0x00007ffef229a000 	C:\WINDOWS\SYSTEM32\DNSAPI.dll
0x00007ffeedf80000 - 0x00007ffeedf89000 	C:\Users\HP\.vscode\extensions\redhat.java-1.20.0-win32-x64\jre\17.0.7-win32-x86_64\bin\management.dll
0x00007ffee3980000 - 0x00007ffee398b000 	C:\Users\HP\.vscode\extensions\redhat.java-1.20.0-win32-x64\jre\17.0.7-win32-x86_64\bin\management_ext.dll
0x00007ffef3df0000 - 0x00007ffef3df8000 	C:\WINDOWS\System32\PSAPI.DLL

dbghelp: loaded successfully - version: 4.0.5 - missing functions: none
symbol engine: initialized successfully - sym options: 0x614 - pdb path: .;c:\Users\HP\.vscode\extensions\redhat.java-1.20.0-win32-x64\jre\17.0.7-win32-x86_64\bin;C:\WINDOWS\SYSTEM32;C:\WINDOWS\WinSxS\amd64_microsoft.windows.common-controls_6595b64144ccf1df_6.0.19041.1110_none_60b5254171f9507e;c:\Users\HP\.vscode\extensions\redhat.java-1.20.0-win32-x64\jre\17.0.7-win32-x86_64\bin\server

VM Arguments:
jvm_args: -XX:+HeapDumpOnOutOfMemoryError -Xmx1024m -Dsts.lsp.client=vscode -Dsts.log.file=/dev/null -XX:TieredStopAtLevel=1 -Xlog:jni+resolve=off -Dspring.config.location=file:c:\Users\HP\.vscode\extensions\vmware.vscode-spring-boot-1.47.0\language-server\BOOT-INF\classes\application.properties 
java_command: org.springframework.ide.vscode.boot.app.BootLanguageServerBootApp
java_class_path (initial): c:\Users\HP\.vscode\extensions\vmware.vscode-spring-boot-1.47.0\language-server\BOOT-INF\classes;c:\Users\HP\.vscode\extensions\vmware.vscode-spring-boot-1.47.0\language-server\BOOT-INF\lib\annotations-24.0.1.jar;c:\Users\HP\.vscode\extensions\vmware.vscode-spring-boot-1.47.0\language-server\BOOT-INF\lib\antlr-runtime-3.5.3.jar;c:\Users\HP\.vscode\extensions\vmware.vscode-spring-boot-1.47.0\language-server\BOOT-INF\lib\antlr4-4.11.1.jar;c:\Users\HP\.vscode\extensions\vmware.vscode-spring-boot-1.47.0\language-server\BOOT-INF\lib\antlr4-runtime-4.11.1.jar;c:\Users\HP\.vscode\extensions\vmware.vscode-spring-boot-1.47.0\language-server\BOOT-INF\lib\aopalliance-1.0.jar;c:\Users\HP\.vscode\extensions\vmware.vscode-spring-boot-1.47.0\language-server\BOOT-INF\lib\asm-9.5.jar;c:\Users\HP\.vscode\extensions\vmware.vscode-spring-boot-1.47.0\language-server\BOOT-INF\lib\asm-analysis-9.5.jar;c:\Users\HP\.vscode\extensions\vmware.vscode-spring-boot-1.47.0\language-server\BOOT-INF\lib\asm-tree-9.5.jar;c:\Users\HP\.vscode\extensions\vmware.vscode-spring-boot-1.47.0\language-server\BOOT-INF\lib\asm-util-9.5.jar;c:\Users\HP\.vscode\extensions\vmware.vscode-spring-boot-1.47.0\language-server\BOOT-INF\lib\auto-common-1.2.1.jar;c:\Users\HP\.vscode\extensions\vmware.vscode-spring-boot-1.47.0\language-server\BOOT-INF\lib\auto-value-annotations-1.9.jar;c:\Users\HP\.vscode\extensions\vmware.vscode-spring-boot-1.47.0\language-server\BOOT-INF\lib\caffeine-3.1.2.jar;c:\Users\HP\.vscode\extensions\vmware.vscode-spring-boot-1.47.0\language-server\BOOT-INF\lib\checker-qual-3.12.0.jar;c:\Users\HP\.vscode\extensions\vmware.vscode-spring-boot-1.47.0\language-server\BOOT-INF\lib\classgraph-4.8.149.jar;c:\Users\HP\.vscode\extensions\vmware.vscode-spring-boot-1.47.0\language-server\BOOT-INF\lib\commons-codec-1.15.jar;c:\Users\HP\.vscode\extensions\vmware.vscode-spring-boot-1.47.0\language-server\BOOT-INF\lib\commons-compress-1.23.0.jar;c:\Users\HP\.vscode\extensions\vmware.
Launcher Type: SUN_STANDARD

[Global flags]
     intx CICompilerCount                          = 3                                         {product} {ergonomic}
     uint ConcGCThreads                            = 1                                         {product} {ergonomic}
     uint G1ConcRefinementThreads                  = 4                                         {product} {ergonomic}
   size_t G1HeapRegionSize                         = 1048576                                   {product} {ergonomic}
    uintx GCDrainStackTargetSize                   = 64                                        {product} {ergonomic}
     bool HeapDumpOnOutOfMemoryError               = true                                   {manageable} {command line}
   size_t InitialHeapSize                          = 201326592                                 {product} {ergonomic}
   size_t MarkStackSize                            = 4194304                                   {product} {ergonomic}
   size_t MaxHeapSize                              = 1073741824                                {product} {command line}
   size_t MaxNewSize                               = 643825664                                 {product} {ergonomic}
   size_t MinHeapDeltaBytes                        = 1048576                                   {product} {ergonomic}
   size_t MinHeapSize                              = 8388608                                   {product} {ergonomic}
    uintx NonProfiledCodeHeapSize                  = 0                                      {pd product} {ergonomic}
     bool ProfileInterpreter                       = false                                  {pd product} {command line}
    uintx ProfiledCodeHeapSize                     = 0                                      {pd product} {ergonomic}
   size_t SoftMaxHeapSize                          = 1073741824                             {manageable} {ergonomic}
     intx TieredStopAtLevel                        = 1                                         {product} {command line}
     bool UseCompressedClassPointers               = true                           {product lp64_product} {ergonomic}
     bool UseCompressedOops                        = true                           {product lp64_product} {ergonomic}
     bool UseG1GC                                  = true                                      {product} {ergonomic}
     bool UseLargePagesIndividualAllocation        = false                                  {pd product} {ergonomic}

Logging:
Log output configuration:
 #0: stdout all=warning,jni+resolve=off uptime,level,tags
 #1: stderr all=off uptime,level,tags

Environment Variables:
JAVA_HOME=C:\Program Files\Java\jdk-11.0.9
PATH=C:\Program Files\Python310\Scripts\;C:\Program Files\Python310\;C:\Program Files (x86)\Common Files\Intel\Shared Libraries\redist\intel64\compiler;C:\WINDOWS\system32;C:\WINDOWS;C:\WINDOWS\System32\Wbem;C:\WINDOWS\System32\WindowsPowerShell\v1.0\;C:\WINDOWS\System32\OpenSSH\;C:\wamp64\www\scriptcase\components\php;C:\wamp64\bin\php\php7.4.26;C:\wamp64\bin\php\php7.3.25;C:\wamp64\bin\php\php7.1.29;C:\Program Files\nodejs;C:\Program Files\PuTTY\;C:\ProgramData\ComposerSetup\bin;C:\Program Files\Git\cmd;C:\Program Files (x86)\Yarn\bin\;C:\Program Files\Java\jdk-11.0.9\bin;C:\Users\HP\AppData\Local\Programs\Python\Python37;C:\Users\HP\AppData\Local\Programs\Python\Python37\Scripts;C:\Users\HP\AppData\Local\Android\flutter\bin;C:\Users\HP\AppData\Roaming\Composer\vendor\laravel\installer\bin;C:\Program Files (x86)\Bitvise SSH Client;C:\wamp64\www\apache-maven-3.8.4\bin;C:\Program Files\NetMake\v9-php73\components\php;C:\Program Files\Docker\Docker\resources\bin;C:\Program Files\nodejs\;C:\Program Files\CMake\bin;C:\Program Files\Java\jdk-11.0.19\bin;C:\Program Files\Tesseract-OCR;C:\Users\HP\AppData\Local\Programs\Python\Python310\Scripts\;C:\Users\HP\AppData\Local\Programs\Python\Python310\;C:\Users\HP\AppData\Local\Microsoft\WindowsApps;C:\Users\HP\AppData\Roaming\Composer\vendor\bin;C:\Users\HP\AppData\Local\Yarn\bin;C:\Program Files\heroku\bin;C:\Users\HP\AppData\Local\Programs\Microsoft VS Code\bin;C:\Users\HP\AppData\Local\GitHubDesktop\bin;C:\Users\HP\AppData\Roaming\npm;
USERNAME=HP
OS=Windows_NT
PROCESSOR_IDENTIFIER=Intel64 Family 6 Model 142 Stepping 10, GenuineIntel
TMP=C:\Users\HP\AppData\Local\Temp
TEMP=C:\Users\HP\AppData\Local\Temp



---------------  S Y S T E M  ---------------

OS:
 Windows 10 , 64 bit Build 19041 (10.0.19041.3155)
OS uptime: 3 days 18:06 hours
Hyper-V role detected

CPU: total 4 (initial active 4) (2 cores per cpu, 2 threads per core) family 6 model 142 stepping 10 microcode 0xca, cx8, cmov, fxsr, ht, mmx, 3dnowpref, sse, sse2, sse3, ssse3, sse4.1, sse4.2, popcnt, lzcnt, tsc, tscinvbit, avx, avx2, aes, erms, clmul, bmi1, bmi2, adx, fma, vzeroupper, clflush, clflushopt, hv

Memory: 4k page, system-wide physical 12199M (4777M free)
TotalPageFile size 14247M (AvailPageFile size 8M)
current process WorkingSet (physical memory assigned to process): 58M, peak: 143M
current process commit charge ("private bytes"): 172M, peak: 290M

vm_info: OpenJDK 64-Bit Server VM (17.0.7+7) for windows-amd64 JRE (17.0.7+7), built on Apr 18 2023 22:10:42 by "temurin" with MS VC++ 16.7 (VS2019)

END.
