#
# There is insufficient memory for the Java Runtime Environment to continue.
# Native memory allocation (malloc) failed to allocate 1048576 bytes for AllocateHeap
# Possible reasons:
#   The system is out of physical RAM or swap space
#   The process is running with CompressedOops enabled, and the Java Heap may be blocking the growth of the native heap
# Possible solutions:
#   Reduce memory load on the system
#   Increase physical memory or swap space
#   Check if swap backing store is full
#   Decrease Java heap size (-Xmx/-Xms)
#   Decrease number of Java threads
#   Decrease Java thread stack sizes (-Xss)
#   Set larger code cache with -XX:ReservedCodeCacheSize=
#   JVM is running with Unscaled Compressed Oops mode in which the Java heap is
#     placed in the first 4GB address space. The Java Heap base address is the
#     maximum limit for the native heap growth. Please use -XX:HeapBaseMinAddress
#     to set the Java Heap base and to place the Java Heap above 4GB virtual address.
# This output file may be truncated or incomplete.
#
#  Out of Memory Error (allocation.cpp:44), pid=10744, tid=24332
#
# JRE version: OpenJDK Runtime Environment Temurin-17.0.7+7 (17.0.7+7) (build 17.0.7+7)
# Java VM: OpenJDK 64-Bit Server VM Temurin-17.0.7+7 (17.0.7+7, mixed mode, emulated-client, tiered, compressed oops, compressed class ptrs, g1 gc, windows-amd64)
# No core dump will be written. Minidumps are not enabled by default on client versions of Windows
#

---------------  S U M M A R Y ------------

Command Line: -XX:+HeapDumpOnOutOfMemoryError -Xmx1024m -Dsts.lsp.client=vscode -Dsts.log.file=/dev/null -XX:TieredStopAtLevel=1 -Xlog:jni+resolve=off -Dspring.config.location=file:c:\Users\HP\.vscode\extensions\vmware.vscode-spring-boot-1.47.0\language-server\BOOT-INF\classes\application.properties org.springframework.ide.vscode.boot.app.BootLanguageServerBootApp

Host: Intel(R) Core(TM) i3-8130U CPU @ 2.20GHz, 4 cores, 11G,  Windows 10 , 64 bit Build 19041 (10.0.19041.3031)
Time: Wed Jul 12 14:16:04 2023 Afr. centrale Ouest elapsed time: 10249.446996 seconds (0d 2h 50m 49s)

---------------  T H R E A D  ---------------

Current thread (0x000002773c238c20):  VMThread "VM Thread" [stack: 0x000000a75c500000,0x000000a75c600000] [id=24332]

Stack: [0x000000a75c500000,0x000000a75c600000]
Native frames: (J=compiled Java code, j=interpreted, Vv=VM code, C=native code)
V  [jvm.dll+0x67754a]
V  [jvm.dll+0x834304]
V  [jvm.dll+0x835aae]
V  [jvm.dll+0x836113]
V  [jvm.dll+0x24696f]
V  [jvm.dll+0xa681f]
V  [jvm.dll+0x2f73f3]
V  [jvm.dll+0x2f30f0]
V  [jvm.dll+0x2db6c7]
V  [jvm.dll+0x31e777]
V  [jvm.dll+0x83a5bb]
V  [jvm.dll+0x83b2f4]
V  [jvm.dll+0x83b80c]
V  [jvm.dll+0x83bbe4]
V  [jvm.dll+0x83bcb0]
V  [jvm.dll+0x7e4e7a]
V  [jvm.dll+0x676395]
C  [ucrtbase.dll+0x21bb2]
C  [KERNEL32.DLL+0x17614]
C  [ntdll.dll+0x526f1]

VM_Operation (0x000000a75d8feac0): G1CollectFull, mode: safepoint, requested by thread 0x0000027741b5a4f0


---------------  P R O C E S S  ---------------

Threads class SMR info:
_java_thread_list=0x0000027741a59f90, length=18, elements={
0x000002773c245360, 0x000002773c2460e0, 0x000002773c3da010, 0x000002773c3dae80,
0x000002773c3de950, 0x000002773c26d9b0, 0x000002773c26e360, 0x000002773c26ed50,
0x000002773c5cff20, 0x000002773c5db870, 0x0000027741af66d0, 0x0000027741b5a020,
0x0000027741b5a4f0, 0x0000027741ada680, 0x000002772fd04fc0, 0x0000027741d44580,
0x0000027741d90a70, 0x00000277411e7590
}

Java Threads: ( => current thread )
  0x000002773c245360 JavaThread "Reference Handler" daemon [_thread_blocked, id=1092, stack(0x000000a75c600000,0x000000a75c700000)]
  0x000002773c2460e0 JavaThread "Finalizer" daemon [_thread_blocked, id=22560, stack(0x000000a75c700000,0x000000a75c800000)]
  0x000002773c3da010 JavaThread "Signal Dispatcher" daemon [_thread_blocked, id=21484, stack(0x000000a75c800000,0x000000a75c900000)]
  0x000002773c3dae80 JavaThread "Attach Listener" daemon [_thread_blocked, id=9920, stack(0x000000a75c900000,0x000000a75ca00000)]
  0x000002773c3de950 JavaThread "Service Thread" daemon [_thread_blocked, id=18256, stack(0x000000a75ca00000,0x000000a75cb00000)]
  0x000002773c26d9b0 JavaThread "Monitor Deflation Thread" daemon [_thread_blocked, id=10420, stack(0x000000a75cb00000,0x000000a75cc00000)]
  0x000002773c26e360 JavaThread "C1 CompilerThread0" daemon [_thread_blocked, id=5012, stack(0x000000a75cc00000,0x000000a75cd00000)]
  0x000002773c26ed50 JavaThread "Sweeper thread" daemon [_thread_blocked, id=10320, stack(0x000000a75cd00000,0x000000a75ce00000)]
  0x000002773c5cff20 JavaThread "Notification Thread" daemon [_thread_blocked, id=14420, stack(0x000000a75cf00000,0x000000a75d000000)]
  0x000002773c5db870 JavaThread "Common-Cleaner" daemon [_thread_blocked, id=23136, stack(0x000000a75d100000,0x000000a75d200000)]
  0x0000027741af66d0 JavaThread "boundedElastic-evictor-1" daemon [_thread_blocked, id=17228, stack(0x000000a75d500000,0x000000a75d600000)]
  0x0000027741b5a020 JavaThread "boundedElastic-evictor-2" daemon [_thread_blocked, id=15752, stack(0x000000a75d700000,0x000000a75d800000)]
  0x0000027741b5a4f0 JavaThread "pool-10-thread-1" [_thread_blocked, id=17152, stack(0x000000a75d800000,0x000000a75d900000)]
  0x0000027741ada680 JavaThread "LanguageServerApp-lifecycle" [_thread_blocked, id=24292, stack(0x000000a75d900000,0x000000a75da00000)]
  0x000002772fd04fc0 JavaThread "DestroyJavaVM" [_thread_blocked, id=1756, stack(0x000000a75bf00000,0x000000a75c000000)]
  0x0000027741d44580 JavaThread "pool-11-thread-1" [_thread_in_native, id=14824, stack(0x000000a75da00000,0x000000a75db00000)]
  0x0000027741d90a70 JavaThread "Simple-Language-Server main thread" daemon [_thread_blocked, id=23068, stack(0x000000a75db00000,0x000000a75dc00000)]
  0x00000277411e7590 JavaThread "pool-6-thread-1" [_thread_blocked, id=12172, stack(0x000000a75dc00000,0x000000a75dd00000)]

Other Threads:
=>0x000002773c238c20 VMThread "VM Thread" [stack: 0x000000a75c500000,0x000000a75c600000] [id=24332]
  0x000002773c5d03f0 WatcherThread [stack: 0x000000a75d000000,0x000000a75d100000] [id=22300]
  0x000002772fd43bd0 GCTaskThread "GC Thread#0" [stack: 0x000000a75c000000,0x000000a75c100000] [id=17816]
  0x000002773cbef770 GCTaskThread "GC Thread#1" [stack: 0x000000a75d200000,0x000000a75d300000] [id=22380]
  0x000002773ccba590 GCTaskThread "GC Thread#2" [stack: 0x000000a75d300000,0x000000a75d400000] [id=21744]
  0x000002773ccba840 GCTaskThread "GC Thread#3" [stack: 0x000000a75d400000,0x000000a75d500000] [id=16252]
  0x000002772fd4cb10 ConcurrentGCThread "G1 Main Marker" [stack: 0x000000a75c100000,0x000000a75c200000] [id=16964]
  0x000002772fd4d520 ConcurrentGCThread "G1 Conc#0" [stack: 0x000000a75c200000,0x000000a75c300000] [id=12048]
  0x000002772fdcdc40 ConcurrentGCThread "G1 Refine#0" [stack: 0x000000a75c300000,0x000000a75c400000] [id=15936]
  0x000002772fdce660 ConcurrentGCThread "G1 Service" [stack: 0x000000a75c400000,0x000000a75c500000] [id=15452]

Threads with active compile tasks:

VM state: at safepoint (normal execution)

VM Mutex/Monitor currently owned by a thread:  ([mutex/lock_event])
[0x000002772fabb5f0] Threads_lock - owner thread: 0x000002773c238c20
[0x000002772fcf5940] Heap_lock - owner thread: 0x0000027741b5a4f0

Heap address: 0x00000000c0000000, size: 1024 MB, Compressed Oops mode: 32-bit

CDS archive(s) not mapped
Compressed class space mapped at: 0x0000000100000000-0x0000000140000000, reserved size: 1073741824
Narrow klass base: 0x0000000000000000, Narrow klass shift: 3, Narrow klass range: 0x140000000

GC Precious Log:
 CPUs: 4 total, 4 available
 Memory: 12199M
 Large Page Support: Disabled
 NUMA Support: Disabled
 Compressed Oops: Enabled (32-bit)
 Heap Region Size: 1M
 Heap Min Capacity: 8M
 Heap Initial Capacity: 192M
 Heap Max Capacity: 1G
 Pre-touch: Disabled
 Parallel Workers: 4
 Concurrent Workers: 1
 Concurrent Refinement Workers: 4
 Periodic GC: Disabled

Heap:
 garbage-first heap   total 65536K, used 18884K [0x00000000c0000000, 0x0000000100000000)
  region size 1024K, 1 young (1024K), 0 survivors (0K)
 Metaspace       used 37349K, committed 37632K, reserved 1114112K
  class space    used 4861K, committed 4992K, reserved 1048576K

Heap Regions: E=young(eden), S=young(survivor), O=old, HS=humongous(starts), HC=humongous(continues), CS=collection set, F=free, OA=open archive, CA=closed archive, TAMS=top-at-mark-start (previous, next)
|   0|0x00000000c0000000, 0x00000000c0100000, 0x00000000c0100000|100%|HS|  |TAMS 0x00000000c0100000, 0x00000000c0000000| Untracked 
|   1|0x00000000c0100000, 0x00000000c01fffe8, 0x00000000c0200000| 99%| O|  |TAMS 0x00000000c01fffe8, 0x00000000c0100000| Untracked 
|   2|0x00000000c0200000, 0x00000000c0300000, 0x00000000c0300000|100%| O|  |TAMS 0x00000000c0300000, 0x00000000c0200000| Untracked 
|   3|0x00000000c0300000, 0x00000000c0400000, 0x00000000c0400000|100%| O|  |TAMS 0x00000000c0400000, 0x00000000c0300000| Untracked 
|   4|0x00000000c0400000, 0x00000000c0500000, 0x00000000c0500000|100%| O|  |TAMS 0x00000000c0500000, 0x00000000c0400000| Untracked 
|   5|0x00000000c0500000, 0x00000000c0600000, 0x00000000c0600000|100%| O|  |TAMS 0x00000000c0600000, 0x00000000c0500000| Untracked 
|   6|0x00000000c0600000, 0x00000000c06ffb90, 0x00000000c0700000| 99%| O|  |TAMS 0x00000000c06ffb90, 0x00000000c0600000| Untracked 
|   7|0x00000000c0700000, 0x00000000c0800000, 0x00000000c0800000|100%| O|  |TAMS 0x00000000c0800000, 0x00000000c0700000| Untracked 
|   8|0x00000000c0800000, 0x00000000c08fffd0, 0x00000000c0900000| 99%| O|  |TAMS 0x00000000c08fffd0, 0x00000000c0800000| Untracked 
|   9|0x00000000c0900000, 0x00000000c09fffb8, 0x00000000c0a00000| 99%| O|  |TAMS 0x00000000c09fffb8, 0x00000000c0900000| Untracked 
|  10|0x00000000c0a00000, 0x00000000c0afffd0, 0x00000000c0b00000| 99%| O|  |TAMS 0x00000000c0afffd0, 0x00000000c0a00000| Untracked 
|  11|0x00000000c0b00000, 0x00000000c0bffee8, 0x00000000c0c00000| 99%| O|  |TAMS 0x00000000c0bffee8, 0x00000000c0b00000| Untracked 
|  12|0x00000000c0c00000, 0x00000000c0cffff8, 0x00000000c0d00000| 99%| O|  |TAMS 0x00000000c0cffff8, 0x00000000c0c00000| Untracked 
|  13|0x00000000c0d00000, 0x00000000c0e00000, 0x00000000c0e00000|100%| O|  |TAMS 0x00000000c0e00000, 0x00000000c0d00000| Untracked 
|  14|0x00000000c0e00000, 0x00000000c0efffe8, 0x00000000c0f00000| 99%| O|  |TAMS 0x00000000c0efffe8, 0x00000000c0e00000| Untracked 
|  15|0x00000000c0f00000, 0x00000000c0fffff0, 0x00000000c1000000| 99%| O|  |TAMS 0x00000000c0fffff0, 0x00000000c0f00000| Untracked 
|  16|0x00000000c1000000, 0x00000000c1100000, 0x00000000c1100000|100%| O|  |TAMS 0x00000000c1100000, 0x00000000c1000000| Untracked 
|  17|0x00000000c1100000, 0x00000000c11fffc8, 0x00000000c1200000| 99%| O|  |TAMS 0x00000000c11fffc8, 0x00000000c1100000| Untracked 
|  18|0x00000000c1200000, 0x00000000c1271840, 0x00000000c1300000| 44%| O|  |TAMS 0x00000000c1200000, 0x00000000c1200000| Untracked 
|  19|0x00000000c1300000, 0x00000000c1300088, 0x00000000c1400000|  0%| O|  |TAMS 0x00000000c1300000, 0x00000000c1300000| Untracked 
|  20|0x00000000c1400000, 0x00000000c1400000, 0x00000000c1500000|  0%| F|  |TAMS 0x00000000c1400000, 0x00000000c1400000| Untracked 
|  21|0x00000000c1500000, 0x00000000c1500000, 0x00000000c1600000|  0%| F|  |TAMS 0x00000000c1500000, 0x00000000c1500000| Untracked 
|  22|0x00000000c1600000, 0x00000000c1600000, 0x00000000c1700000|  0%| F|  |TAMS 0x00000000c1600000, 0x00000000c1600000| Untracked 
|  23|0x00000000c1700000, 0x00000000c1700000, 0x00000000c1800000|  0%| F|  |TAMS 0x00000000c1700000, 0x00000000c1700000| Untracked 
|  24|0x00000000c1800000, 0x00000000c1800000, 0x00000000c1900000|  0%| F|  |TAMS 0x00000000c1800000, 0x00000000c1800000| Untracked 
|  25|0x00000000c1900000, 0x00000000c1900000, 0x00000000c1a00000|  0%| F|  |TAMS 0x00000000c1900000, 0x00000000c1900000| Untracked 
|  26|0x00000000c1a00000, 0x00000000c1a00000, 0x00000000c1b00000|  0%| F|  |TAMS 0x00000000c1a00000, 0x00000000c1a00000| Untracked 
|  27|0x00000000c1b00000, 0x00000000c1b00000, 0x00000000c1c00000|  0%| F|  |TAMS 0x00000000c1b00000, 0x00000000c1b00000| Untracked 
|  28|0x00000000c1c00000, 0x00000000c1c00000, 0x00000000c1d00000|  0%| F|  |TAMS 0x00000000c1c00000, 0x00000000c1c00000| Untracked 
|  29|0x00000000c1d00000, 0x00000000c1d00000, 0x00000000c1e00000|  0%| F|  |TAMS 0x00000000c1d00000, 0x00000000c1d00000| Untracked 
|  30|0x00000000c1e00000, 0x00000000c1e00000, 0x00000000c1f00000|  0%| F|  |TAMS 0x00000000c1e00000, 0x00000000c1e00000| Untracked 
|  31|0x00000000c1f00000, 0x00000000c1f00000, 0x00000000c2000000|  0%| F|  |TAMS 0x00000000c1f00000, 0x00000000c1f00000| Untracked 
|  32|0x00000000c2000000, 0x00000000c2000000, 0x00000000c2100000|  0%| F|  |TAMS 0x00000000c2000000, 0x00000000c2000000| Untracked 
|  33|0x00000000c2100000, 0x00000000c2100000, 0x00000000c2200000|  0%| F|  |TAMS 0x00000000c2100000, 0x00000000c2100000| Untracked 
|  34|0x00000000c2200000, 0x00000000c2200000, 0x00000000c2300000|  0%| F|  |TAMS 0x00000000c2200000, 0x00000000c2200000| Untracked 
|  35|0x00000000c2300000, 0x00000000c2300000, 0x00000000c2400000|  0%| F|  |TAMS 0x00000000c2300000, 0x00000000c2300000| Untracked 
|  36|0x00000000c2400000, 0x00000000c2400000, 0x00000000c2500000|  0%| F|  |TAMS 0x00000000c2400000, 0x00000000c2400000| Untracked 
|  37|0x00000000c2500000, 0x00000000c2500000, 0x00000000c2600000|  0%| F|  |TAMS 0x00000000c2500000, 0x00000000c2500000| Untracked 
|  38|0x00000000c2600000, 0x00000000c2600000, 0x00000000c2700000|  0%| F|  |TAMS 0x00000000c2600000, 0x00000000c2600000| Untracked 
|  39|0x00000000c2700000, 0x00000000c2700000, 0x00000000c2800000|  0%| F|  |TAMS 0x00000000c2700000, 0x00000000c2700000| Untracked 
|  40|0x00000000c2800000, 0x00000000c2800000, 0x00000000c2900000|  0%| F|  |TAMS 0x00000000c2800000, 0x00000000c2800000| Untracked 
|  41|0x00000000c2900000, 0x00000000c2900000, 0x00000000c2a00000|  0%| F|  |TAMS 0x00000000c2900000, 0x00000000c2900000| Untracked 
|  42|0x00000000c2a00000, 0x00000000c2a00000, 0x00000000c2b00000|  0%| F|  |TAMS 0x00000000c2a00000, 0x00000000c2a00000| Untracked 
|  43|0x00000000c2b00000, 0x00000000c2b00000, 0x00000000c2c00000|  0%| F|  |TAMS 0x00000000c2b00000, 0x00000000c2b00000| Untracked 
|  44|0x00000000c2c00000, 0x00000000c2c00000, 0x00000000c2d00000|  0%| F|  |TAMS 0x00000000c2c00000, 0x00000000c2c00000| Untracked 
|  45|0x00000000c2d00000, 0x00000000c2d00000, 0x00000000c2e00000|  0%| F|  |TAMS 0x00000000c2d00000, 0x00000000c2d00000| Untracked 
|  46|0x00000000c2e00000, 0x00000000c2e00000, 0x00000000c2f00000|  0%| F|  |TAMS 0x00000000c2e00000, 0x00000000c2e00000| Untracked 
|  47|0x00000000c2f00000, 0x00000000c2f00000, 0x00000000c3000000|  0%| F|  |TAMS 0x00000000c2f00000, 0x00000000c2f00000| Untracked 
|  48|0x00000000c3000000, 0x00000000c3000000, 0x00000000c3100000|  0%| F|  |TAMS 0x00000000c3000000, 0x00000000c3000000| Untracked 
|  49|0x00000000c3100000, 0x00000000c3100000, 0x00000000c3200000|  0%| F|  |TAMS 0x00000000c3100000, 0x00000000c3100000| Untracked 
|  50|0x00000000c3200000, 0x00000000c3200000, 0x00000000c3300000|  0%| F|  |TAMS 0x00000000c3200000, 0x00000000c3200000| Untracked 
|  51|0x00000000c3300000, 0x00000000c3300000, 0x00000000c3400000|  0%| F|  |TAMS 0x00000000c3300000, 0x00000000c3300000| Untracked 
|  52|0x00000000c3400000, 0x00000000c3400000, 0x00000000c3500000|  0%| F|  |TAMS 0x00000000c3400000, 0x00000000c3400000| Untracked 
|  53|0x00000000c3500000, 0x00000000c3500000, 0x00000000c3600000|  0%| F|  |TAMS 0x00000000c3500000, 0x00000000c3500000| Untracked 
|  54|0x00000000c3600000, 0x00000000c3600000, 0x00000000c3700000|  0%| F|  |TAMS 0x00000000c3600000, 0x00000000c3600000| Untracked 
|  55|0x00000000c3700000, 0x00000000c3700000, 0x00000000c3800000|  0%| F|  |TAMS 0x00000000c3700000, 0x00000000c3700000| Untracked 
|  56|0x00000000c3800000, 0x00000000c3800000, 0x00000000c3900000|  0%| F|  |TAMS 0x00000000c3800000, 0x00000000c3800000| Untracked 
|  57|0x00000000c3900000, 0x00000000c3900000, 0x00000000c3a00000|  0%| F|  |TAMS 0x00000000c3900000, 0x00000000c3900000| Untracked 
|  58|0x00000000c3a00000, 0x00000000c3a00000, 0x00000000c3b00000|  0%| F|  |TAMS 0x00000000c3a00000, 0x00000000c3a00000| Untracked 
|  59|0x00000000c3b00000, 0x00000000c3b00000, 0x00000000c3c00000|  0%| F|  |TAMS 0x00000000c3b00000, 0x00000000c3b00000| Untracked 
|  60|0x00000000c3c00000, 0x00000000c3c00000, 0x00000000c3d00000|  0%| F|  |TAMS 0x00000000c3c00000, 0x00000000c3c00000| Untracked 
|  61|0x00000000c3d00000, 0x00000000c3d00000, 0x00000000c3e00000|  0%| F|  |TAMS 0x00000000c3d00000, 0x00000000c3d00000| Untracked 
|  62|0x00000000c3e00000, 0x00000000c3e00000, 0x00000000c3f00000|  0%| F|  |TAMS 0x00000000c3e00000, 0x00000000c3e00000| Untracked 
|  63|0x00000000c3f00000, 0x00000000c3f21c80, 0x00000000c4000000| 13%| E|  |TAMS 0x00000000c3f00000, 0x00000000c3f00000| Complete 

Card table byte_map: [0x0000027737830000,0x0000027737a30000] _byte_map_base: 0x0000027737230000

Marking Bits (Prev, Next): (CMBitMap*) 0x000002772fd44220, (CMBitMap*) 0x000002772fd441e0
 Prev Bits: [0x0000027738c30000, 0x0000027739c30000)
 Next Bits: [0x0000027737c30000, 0x0000027738c30000)

Polling page: 0x000002772fdd0000

Metaspace:

Usage:
  Non-class:     31.73 MB used.
      Class:      4.75 MB used.
       Both:     36.47 MB used.

Virtual space:
  Non-class space:       64.00 MB reserved,      31.88 MB ( 50%) committed,  1 nodes.
      Class space:        1.00 GB reserved,       4.88 MB ( <1%) committed,  1 nodes.
             Both:        1.06 GB reserved,      36.75 MB (  3%) committed. 

Chunk freelists:
   Non-Class:  15.39 MB
       Class:  11.01 MB
        Both:  26.40 MB

MaxMetaspaceSize: unlimited
CompressedClassSpaceSize: 1.00 GB
Initial GC threshold: 21.00 MB
Current GC threshold: 61.19 MB
CDS: off
MetaspaceReclaimPolicy: balanced
 - commit_granule_bytes: 65536.
 - commit_granule_words: 8192.
 - virtual_space_node_default_size: 8388608.
 - enlarge_chunks_in_place: 1.
 - new_chunks_are_fully_committed: 0.
 - uncommit_free_chunks: 1.
 - use_allocation_guard: 0.
 - handle_deallocations: 1.


Internal statistics:

num_allocs_failed_limit: 8.
num_arena_births: 534.
num_arena_deaths: 152.
num_vsnodes_births: 2.
num_vsnodes_deaths: 0.
num_space_committed: 588.
num_space_uncommitted: 0.
num_chunks_returned_to_freelist: 180.
num_chunks_taken_from_freelist: 1701.
num_chunk_merges: 56.
num_chunk_splits: 1098.
num_chunks_enlarged: 811.
num_inconsistent_stats: 0.

CodeCache: size=49152Kb used=7752Kb max_used=8539Kb free=41399Kb
 bounds [0x0000027734190000, 0x0000027734a10000, 0x0000027737190000]
 total_blobs=4746 nmethods=4209 adapters=464
 compilation: enabled
              stopped_count=0, restarted_count=0
 full_count=0

Compilation events (20 events):
Event: 3839.907 Thread 0x000002773c26e360 4197       1       java.lang.ProcessImpl$2::<init> (20 bytes)
Event: 3839.907 Thread 0x000002773c26e360 nmethod 4197 0x00000277349e8090 code [0x00000277349e8220, 0x00000277349e8398]
Event: 3839.907 Thread 0x000002773c26e360 4198       1       java.lang.ProcessImpl$2::run (5 bytes)
Event: 3839.907 Thread 0x000002773c26e360 nmethod 4198 0x00000277349e7d90 code [0x00000277349e7f20, 0x00000277349e8008]
Event: 3839.907 Thread 0x000002773c26e360 4199       1       java.lang.ProcessImpl$2::run (242 bytes)
Event: 3839.908 Thread 0x000002773c26e360 nmethod 4199 0x00000277349e6710 code [0x00000277349e69c0, 0x00000277349e7758]
Event: 3840.124 Thread 0x000002773c26e360 4200   !   1       java.io.FilterOutputStream::close (183 bytes)
Event: 3840.155 Thread 0x000002773c26e360 nmethod 4200 0x00000277349e5990 code [0x00000277349e5ba0, 0x00000277349e6078]
Event: 3840.155 Thread 0x000002773c26e360 4201   !   1       java.io.FileOutputStream::close (69 bytes)
Event: 3840.155 Thread 0x000002773c26e360 nmethod 4201 0x00000277349e5310 code [0x00000277349e54e0, 0x00000277349e5858]
Event: 3840.155 Thread 0x000002773c26e360 4205       1       java.lang.ProcessImpl$$Lambda$690/0x00000001003d85c0::run (8 bytes)
Event: 3840.155 Thread 0x000002773c26e360 nmethod 4205 0x00000277349e5010 code [0x00000277349e51a0, 0x00000277349e5288]
Event: 3840.155 Thread 0x000002773c26e360 4206       1       java.lang.ProcessImpl::lambda$new$0 (6 bytes)
Event: 3840.155 Thread 0x000002773c26e360 nmethod 4206 0x00000277349e4d10 code [0x00000277349e4ea0, 0x00000277349e4f68]
Event: 3840.155 Thread 0x000002773c26e360 4202       1       java.io.FileOutputStream$1::<init> (10 bytes)
Event: 3840.155 Thread 0x000002773c26e360 nmethod 4202 0x00000277349e4a10 code [0x00000277349e4ba0, 0x00000277349e4cb8]
Event: 3840.155 Thread 0x000002773c26e360 4203       1       java.io.FileOutputStream$1::close (11 bytes)
Event: 3840.156 Thread 0x000002773c26e360 nmethod 4203 0x00000277349e4390 code [0x00000277349e4540, 0x00000277349e4858]
Event: 5150.232 Thread 0x000002773c26e360 4207       1       java.lang.ProcessImpl::waitFor (136 bytes)
Event: 5150.233 Thread 0x000002773c26e360 nmethod 4207 0x00000277349e3710 code [0x00000277349e3920, 0x00000277349e3d58]

GC Heap History (20 events):
Event: 10147.124 GC heap before
{Heap before GC invocations=882 (full 871):
 garbage-first heap   total 65536K, used 18884K [0x00000000c0000000, 0x0000000100000000)
  region size 1024K, 1 young (1024K), 0 survivors (0K)
 Metaspace       used 37349K, committed 37632K, reserved 1114112K
  class space    used 4861K, committed 4992K, reserved 1048576K
}
Event: 10147.146 GC heap after
{Heap after GC invocations=883 (full 872):
 garbage-first heap   total 65536K, used 18884K [0x00000000c0000000, 0x0000000100000000)
  region size 1024K, 0 young (0K), 0 survivors (0K)
 Metaspace       used 37349K, committed 37632K, reserved 1114112K
  class space    used 4861K, committed 4992K, reserved 1048576K
}
Event: 10157.355 GC heap before
{Heap before GC invocations=883 (full 872):
 garbage-first heap   total 65536K, used 18884K [0x00000000c0000000, 0x0000000100000000)
  region size 1024K, 1 young (1024K), 0 survivors (0K)
 Metaspace       used 37349K, committed 37632K, reserved 1114112K
  class space    used 4861K, committed 4992K, reserved 1048576K
}
Event: 10157.375 GC heap after
{Heap after GC invocations=884 (full 873):
 garbage-first heap   total 65536K, used 18884K [0x00000000c0000000, 0x0000000100000000)
  region size 1024K, 0 young (0K), 0 survivors (0K)
 Metaspace       used 37349K, committed 37632K, reserved 1114112K
  class space    used 4861K, committed 4992K, reserved 1048576K
}
Event: 10167.614 GC heap before
{Heap before GC invocations=884 (full 873):
 garbage-first heap   total 65536K, used 18884K [0x00000000c0000000, 0x0000000100000000)
  region size 1024K, 1 young (1024K), 0 survivors (0K)
 Metaspace       used 37349K, committed 37632K, reserved 1114112K
  class space    used 4861K, committed 4992K, reserved 1048576K
}
Event: 10167.641 GC heap after
{Heap after GC invocations=885 (full 874):
 garbage-first heap   total 65536K, used 18884K [0x00000000c0000000, 0x0000000100000000)
  region size 1024K, 0 young (0K), 0 survivors (0K)
 Metaspace       used 37349K, committed 37632K, reserved 1114112K
  class space    used 4861K, committed 4992K, reserved 1048576K
}
Event: 10177.974 GC heap before
{Heap before GC invocations=885 (full 874):
 garbage-first heap   total 65536K, used 18884K [0x00000000c0000000, 0x0000000100000000)
  region size 1024K, 1 young (1024K), 0 survivors (0K)
 Metaspace       used 37349K, committed 37632K, reserved 1114112K
  class space    used 4861K, committed 4992K, reserved 1048576K
}
Event: 10178.005 GC heap after
{Heap after GC invocations=886 (full 875):
 garbage-first heap   total 65536K, used 18884K [0x00000000c0000000, 0x0000000100000000)
  region size 1024K, 0 young (0K), 0 survivors (0K)
 Metaspace       used 37349K, committed 37632K, reserved 1114112K
  class space    used 4861K, committed 4992K, reserved 1048576K
}
Event: 10188.212 GC heap before
{Heap before GC invocations=886 (full 875):
 garbage-first heap   total 65536K, used 18884K [0x00000000c0000000, 0x0000000100000000)
  region size 1024K, 1 young (1024K), 0 survivors (0K)
 Metaspace       used 37349K, committed 37632K, reserved 1114112K
  class space    used 4861K, committed 4992K, reserved 1048576K
}
Event: 10188.236 GC heap after
{Heap after GC invocations=887 (full 876):
 garbage-first heap   total 65536K, used 18884K [0x00000000c0000000, 0x0000000100000000)
  region size 1024K, 0 young (0K), 0 survivors (0K)
 Metaspace       used 37349K, committed 37632K, reserved 1114112K
  class space    used 4861K, committed 4992K, reserved 1048576K
}
Event: 10198.405 GC heap before
{Heap before GC invocations=887 (full 876):
 garbage-first heap   total 65536K, used 18884K [0x00000000c0000000, 0x0000000100000000)
  region size 1024K, 1 young (1024K), 0 survivors (0K)
 Metaspace       used 37349K, committed 37632K, reserved 1114112K
  class space    used 4861K, committed 4992K, reserved 1048576K
}
Event: 10198.427 GC heap after
{Heap after GC invocations=888 (full 877):
 garbage-first heap   total 65536K, used 18884K [0x00000000c0000000, 0x0000000100000000)
  region size 1024K, 0 young (0K), 0 survivors (0K)
 Metaspace       used 37349K, committed 37632K, reserved 1114112K
  class space    used 4861K, committed 4992K, reserved 1048576K
}
Event: 10208.641 GC heap before
{Heap before GC invocations=888 (full 877):
 garbage-first heap   total 65536K, used 18884K [0x00000000c0000000, 0x0000000100000000)
  region size 1024K, 1 young (1024K), 0 survivors (0K)
 Metaspace       used 37349K, committed 37632K, reserved 1114112K
  class space    used 4861K, committed 4992K, reserved 1048576K
}
Event: 10208.665 GC heap after
{Heap after GC invocations=889 (full 878):
 garbage-first heap   total 65536K, used 18884K [0x00000000c0000000, 0x0000000100000000)
  region size 1024K, 0 young (0K), 0 survivors (0K)
 Metaspace       used 37349K, committed 37632K, reserved 1114112K
  class space    used 4861K, committed 4992K, reserved 1048576K
}
Event: 10218.854 GC heap before
{Heap before GC invocations=889 (full 878):
 garbage-first heap   total 65536K, used 18884K [0x00000000c0000000, 0x0000000100000000)
  region size 1024K, 1 young (1024K), 0 survivors (0K)
 Metaspace       used 37349K, committed 37632K, reserved 1114112K
  class space    used 4861K, committed 4992K, reserved 1048576K
}
Event: 10218.879 GC heap after
{Heap after GC invocations=890 (full 879):
 garbage-first heap   total 65536K, used 18884K [0x00000000c0000000, 0x0000000100000000)
  region size 1024K, 0 young (0K), 0 survivors (0K)
 Metaspace       used 37349K, committed 37632K, reserved 1114112K
  class space    used 4861K, committed 4992K, reserved 1048576K
}
Event: 10229.077 GC heap before
{Heap before GC invocations=890 (full 879):
 garbage-first heap   total 65536K, used 18884K [0x00000000c0000000, 0x0000000100000000)
  region size 1024K, 1 young (1024K), 0 survivors (0K)
 Metaspace       used 37349K, committed 37632K, reserved 1114112K
  class space    used 4861K, committed 4992K, reserved 1048576K
}
Event: 10229.102 GC heap after
{Heap after GC invocations=891 (full 880):
 garbage-first heap   total 65536K, used 18884K [0x00000000c0000000, 0x0000000100000000)
  region size 1024K, 0 young (0K), 0 survivors (0K)
 Metaspace       used 37349K, committed 37632K, reserved 1114112K
  class space    used 4861K, committed 4992K, reserved 1048576K
}
Event: 10239.309 GC heap before
{Heap before GC invocations=891 (full 880):
 garbage-first heap   total 65536K, used 18884K [0x00000000c0000000, 0x0000000100000000)
  region size 1024K, 1 young (1024K), 0 survivors (0K)
 Metaspace       used 37349K, committed 37632K, reserved 1114112K
  class space    used 4861K, committed 4992K, reserved 1048576K
}
Event: 10239.334 GC heap after
{Heap after GC invocations=892 (full 881):
 garbage-first heap   total 65536K, used 18884K [0x00000000c0000000, 0x0000000100000000)
  region size 1024K, 0 young (0K), 0 survivors (0K)
 Metaspace       used 37349K, committed 37632K, reserved 1114112K
  class space    used 4861K, committed 4992K, reserved 1048576K
}

Dll operation events (7 events):
Event: 0.013 Loaded shared library c:\Users\HP\.vscode\extensions\redhat.java-1.20.0-win32-x64\jre\17.0.7-win32-x86_64\bin\java.dll
Event: 0.382 Loaded shared library C:\Users\HP\.vscode\extensions\redhat.java-1.20.0-win32-x64\jre\17.0.7-win32-x86_64\bin\net.dll
Event: 0.384 Loaded shared library C:\Users\HP\.vscode\extensions\redhat.java-1.20.0-win32-x64\jre\17.0.7-win32-x86_64\bin\nio.dll
Event: 0.394 Loaded shared library C:\Users\HP\.vscode\extensions\redhat.java-1.20.0-win32-x64\jre\17.0.7-win32-x86_64\bin\zip.dll
Event: 0.736 Loaded shared library C:\Users\HP\.vscode\extensions\redhat.java-1.20.0-win32-x64\jre\17.0.7-win32-x86_64\bin\jimage.dll
Event: 5.290 Loaded shared library C:\Users\HP\.vscode\extensions\redhat.java-1.20.0-win32-x64\jre\17.0.7-win32-x86_64\bin\management.dll
Event: 5.293 Loaded shared library C:\Users\HP\.vscode\extensions\redhat.java-1.20.0-win32-x64\jre\17.0.7-win32-x86_64\bin\management_ext.dll

Deoptimization events (10 events):
Event: 3.107 Thread 0x000002772fd04fc0 DEOPT PACKING pc=0x00000277346fcb19 sp=0x000000a75bffd4f0
Event: 3.107 Thread 0x000002772fd04fc0 DEOPT UNPACKING pc=0x00000277341e7143 sp=0x000000a75bffc9d0 mode 3
Event: 5.704 Thread 0x0000027741d90a70 DEOPT PACKING pc=0x00000277348ecb35 sp=0x000000a75dbfd3b0
Event: 5.704 Thread 0x0000027741d90a70 DEOPT UNPACKING pc=0x00000277341e7143 sp=0x000000a75dbfc8d8 mode 3
Event: 139.387 Thread 0x0000027741d44580 DEOPT PACKING pc=0x0000027734777054 sp=0x000000a75daff290
Event: 139.387 Thread 0x0000027741d44580 DEOPT UNPACKING pc=0x00000277341e7143 sp=0x000000a75dafe738 mode 0
Event: 144.927 Thread 0x0000027741d44580 DEOPT PACKING pc=0x00000277346a2f01 sp=0x000000a75dafe0c0
Event: 144.927 Thread 0x0000027741d44580 DEOPT UNPACKING pc=0x00000277341e7143 sp=0x000000a75dafd550 mode 3
Event: 144.928 Thread 0x00000277411e7590 DEOPT PACKING pc=0x000002773467d417 sp=0x000000a75dcfef70
Event: 144.928 Thread 0x00000277411e7590 DEOPT UNPACKING pc=0x00000277341e7143 sp=0x000000a75dcfe3c8 mode 3

Classes unloaded (20 events):
Event: 76.501 Thread 0x000002773c238c20 Unloading class 0x00000001000cb800 'java/lang/invoke/LambdaForm$MH+0x00000001000cb800'
Event: 76.501 Thread 0x000002773c238c20 Unloading class 0x00000001000cb400 'java/lang/invoke/LambdaForm$MH+0x00000001000cb400'
Event: 76.501 Thread 0x000002773c238c20 Unloading class 0x00000001000cb000 'java/lang/invoke/LambdaForm$MH+0x00000001000cb000'
Event: 76.501 Thread 0x000002773c238c20 Unloading class 0x00000001000cac00 'java/lang/invoke/LambdaForm$MH+0x00000001000cac00'
Event: 76.501 Thread 0x000002773c238c20 Unloading class 0x00000001000ca800 'java/lang/invoke/LambdaForm$MH+0x00000001000ca800'
Event: 76.501 Thread 0x000002773c238c20 Unloading class 0x00000001000ca400 'java/lang/invoke/LambdaForm$MH+0x00000001000ca400'
Event: 76.501 Thread 0x000002773c238c20 Unloading class 0x00000001000c9c00 'java/lang/invoke/LambdaForm$MH+0x00000001000c9c00'
Event: 76.501 Thread 0x000002773c238c20 Unloading class 0x00000001000c9400 'java/lang/invoke/LambdaForm$MH+0x00000001000c9400'
Event: 76.501 Thread 0x000002773c238c20 Unloading class 0x00000001000c8c00 'java/lang/invoke/LambdaForm$MH+0x00000001000c8c00'
Event: 76.501 Thread 0x000002773c238c20 Unloading class 0x00000001000c8400 'java/lang/invoke/LambdaForm$MH+0x00000001000c8400'
Event: 730.231 Thread 0x000002773c238c20 Unloading class 0x00000001003b0c00 'java/lang/invoke/LambdaForm$MH+0x00000001003b0c00'
Event: 730.231 Thread 0x000002773c238c20 Unloading class 0x0000000100420400 'java/lang/invoke/LambdaForm$MH+0x0000000100420400'
Event: 730.231 Thread 0x000002773c238c20 Unloading class 0x00000001004f1000 'java/lang/invoke/LambdaForm$MH+0x00000001004f1000'
Event: 1245.623 Thread 0x000002773c238c20 Unloading class 0x0000000100391800 'java/lang/invoke/LambdaForm$MH+0x0000000100391800'
Event: 1245.623 Thread 0x000002773c238c20 Unloading class 0x0000000100397c00 'java/lang/invoke/LambdaForm$MH+0x0000000100397c00'
Event: 1245.623 Thread 0x000002773c238c20 Unloading class 0x0000000100397800 'java/lang/invoke/LambdaForm$MH+0x0000000100397800'
Event: 1245.623 Thread 0x000002773c238c20 Unloading class 0x0000000100314400 'java/lang/invoke/LambdaForm$MH+0x0000000100314400'
Event: 1245.623 Thread 0x000002773c238c20 Unloading class 0x0000000100390000 'java/lang/invoke/LambdaForm$MH+0x0000000100390000'
Event: 1245.623 Thread 0x000002773c238c20 Unloading class 0x0000000100391400 'java/lang/invoke/LambdaForm$MH+0x0000000100391400'
Event: 1245.623 Thread 0x000002773c238c20 Unloading class 0x00000001004f1000 'java/lang/invoke/LambdaForm$MH+0x00000001004f1000'

Classes redefined (0 events):
No events

Internal exceptions (20 events):
Event: 3.839 Thread 0x000002772fd04fc0 Exception <a 'java/lang/NoSuchMethodError'{0x00000000c26df710}: 'java.lang.Object java.lang.invoke.DirectMethodHandle$Holder.invokeSpecial(java.lang.Object, java.lang.Object, int, java.lang.Object, java.lang.Object)'> (0x00000000c26df710) 
thrown [s\src\hotspot\share\interpreter\linkResolver.cpp, line 759]
Event: 3.839 Thread 0x000002772fd04fc0 Exception <a 'java/lang/NoSuchMethodError'{0x00000000c26e33b8}: 'java.lang.Object java.lang.invoke.DelegatingMethodHandle$Holder.delegate(java.lang.Object, int, java.lang.Object, java.lang.Object)'> (0x00000000c26e33b8) 
thrown [s\src\hotspot\share\interpreter\linkResolver.cpp, line 759]
Event: 3.841 Thread 0x000002772fd04fc0 Exception <a 'java/lang/NoSuchMethodError'{0x00000000c26f4240}: 'int java.lang.invoke.Invokers$Holder.linkToTargetMethod(java.lang.Object, java.lang.Object, java.lang.Object)'> (0x00000000c26f4240) 
thrown [s\src\hotspot\share\interpreter\linkResolver.cpp, line 759]
Event: 3.967 Thread 0x000002772fd04fc0 Exception <a 'java/lang/NoSuchMethodError'{0x00000000c235f1c0}: 'void java.lang.invoke.DirectMethodHandle$Holder.invokeSpecial(java.lang.Object, java.lang.Object, java.lang.Object, java.lang.Object, java.lang.Object, java.lang.Object)'> (0x00000000c235f1c0) 
thrown [s\src\hotspot\share\interpreter\linkResolver.cpp, line 759]
Event: 4.027 Thread 0x000002772fd04fc0 Exception <a 'java/lang/NoSuchMethodError'{0x00000000c22fe2d0}: 'java.lang.Object java.lang.invoke.DirectMethodHandle$Holder.invokeStaticInit(java.lang.Object, int, int, int, int)'> (0x00000000c22fe2d0) 
thrown [s\src\hotspot\share\interpreter\linkResolver.cpp, line 759]
Event: 4.173 Thread 0x000002772fd04fc0 Exception <a 'java/lang/NoSuchMethodError'{0x00000000cbfedee8}: 'java.lang.Object java.lang.invoke.DirectMethodHandle$Holder.invokeStaticInit(java.lang.Object, java.lang.Object, int, int, int, int)'> (0x00000000cbfedee8) 
thrown [s\src\hotspot\share\interpreter\linkResolver.cpp, line 759]
Event: 4.468 Thread 0x000002772fd04fc0 Exception <a 'java/lang/NoSuchMethodError'{0x00000000c2d693c0}: 'void java.lang.invoke.DirectMethodHandle$Holder.invokeSpecialIFC(java.lang.Object, java.lang.Object, java.lang.Object)'> (0x00000000c2d693c0) 
thrown [s\src\hotspot\share\interpreter\linkResolver.cpp, line 759]
Event: 4.989 Thread 0x000002772fd04fc0 Exception <a 'java/lang/NoSuchMethodError'{0x00000000c2e1b468}: 'void java.lang.invoke.DirectMethodHandle$Holder.invokeSpecial(java.lang.Object, java.lang.Object, java.lang.Object, java.lang.Object, java.lang.Object, java.lang.Object, java.lang.Object)'> (0x00000000c2e1b468) 
thrown [s\src\hotspot\share\interpreter\linkResolver.cpp, line 759]
Event: 5.115 Thread 0x000002772fd04fc0 Exception <a 'java/lang/NoSuchMethodError'{0x00000000c2ce3498}: 'java.lang.Object java.lang.invoke.DirectMethodHandle$Holder.invokeInterface(java.lang.Object, java.lang.Object, int)'> (0x00000000c2ce3498) 
thrown [s\src\hotspot\share\interpreter\linkResolver.cpp, line 759]
Event: 5.117 Thread 0x000002772fd04fc0 Exception <a 'java/lang/IncompatibleClassChangeError'{0x00000000c2cf61b8}: Found class java.lang.Object, but interface was expected> (0x00000000c2cf61b8) 
thrown [s\src\hotspot\share\interpreter\linkResolver.cpp, line 826]
Event: 5.276 Thread 0x000002772fd04fc0 Exception <a 'java/lang/NoSuchMethodError'{0x00000000c28dc9c8}: 'java.lang.Object java.lang.invoke.DirectMethodHandle$Holder.newInvokeSpecial(java.lang.Object, java.lang.Object, int, java.lang.Object, java.lang.Object)'> (0x00000000c28dc9c8) 
thrown [s\src\hotspot\share\interpreter\linkResolver.cpp, line 759]
Event: 5.277 Thread 0x000002772fd04fc0 Exception <a 'java/lang/NoSuchMethodError'{0x00000000c28ee9e8}: 'java.lang.Object java.lang.invoke.DirectMethodHandle$Holder.invokeSpecial(java.lang.Object, java.lang.Object, int, java.lang.Object, int, java.lang.Object)'> (0x00000000c28ee9e8) 
thrown [s\src\hotspot\share\interpreter\linkResolver.cpp, line 759]
Event: 5.278 Thread 0x000002772fd04fc0 Exception <a 'java/lang/NoSuchMethodError'{0x00000000c28f67f0}: 'java.lang.Object java.lang.invoke.DirectMethodHandle$Holder.newInvokeSpecial(java.lang.Object, java.lang.Object, int, java.lang.Object, int)'> (0x00000000c28f67f0) 
thrown [s\src\hotspot\share\interpreter\linkResolver.cpp, line 759]
Event: 5.278 Thread 0x000002772fd04fc0 Exception <a 'java/lang/NoSuchMethodError'{0x00000000c28fa8f0}: 'java.lang.Object java.lang.invoke.DirectMethodHandle$Holder.invokeSpecial(java.lang.Object, java.lang.Object, java.lang.Object, int, java.lang.Object, int)'> (0x00000000c28fa8f0) 
thrown [s\src\hotspot\share\interpreter\linkResolver.cpp, line 759]
Event: 5.692 Thread 0x0000027741d44580 Exception <a 'java/lang/NoSuchMethodError'{0x00000000c48e7b90}: 'java.lang.Object java.lang.invoke.DirectMethodHandle$Holder.invokeStatic(java.lang.Object, java.lang.Object, java.lang.Object, int, java.lang.Object, java.lang.Object)'> (0x00000000c48e7b90) 
thrown [s\src\hotspot\share\interpreter\linkResolver.cpp, line 759]
Event: 5.699 Thread 0x0000027741d90a70 Exception <a 'java/lang/NoSuchMethodError'{0x00000000c4742da0}: 'java.lang.Object java.lang.invoke.DirectMethodHandle$Holder.invokeStatic(java.lang.Object, int, java.lang.Object)'> (0x00000000c4742da0) 
thrown [s\src\hotspot\share\interpreter\linkResolver.cpp, line 759]
Event: 45.313 Thread 0x0000027741b5a4f0 Exception <a 'java/lang/NoSuchMethodError'{0x00000000c451f970}: 'void java.lang.invoke.DirectMethodHandle$Holder.invokeStatic(java.lang.Object, long)'> (0x00000000c451f970) 
thrown [s\src\hotspot\share\interpreter\linkResolver.cpp, line 759]
Event: 45.314 Thread 0x0000027741b5a4f0 Exception <a 'java/lang/NoSuchMethodError'{0x00000000c4524d18}: 'java.lang.Object java.lang.invoke.DirectMethodHandle$Holder.newInvokeSpecial(java.lang.Object, long)'> (0x00000000c4524d18) 
thrown [s\src\hotspot\share\interpreter\linkResolver.cpp, line 759]
Event: 1169.593 Thread 0x0000027741c16250 Exception <a 'java/lang/NoSuchMethodError'{0x00000000c3ed60b0}: 'java.lang.Object java.lang.invoke.DirectMethodHandle$Holder.newInvokeSpecial(java.lang.Object, java.lang.Object, int, java.lang.Object)'> (0x00000000c3ed60b0) 
thrown [s\src\hotspot\share\interpreter\linkResolver.cpp, line 759]
Event: 1169.595 Thread 0x0000027741c16250 Exception <a 'java/lang/NoSuchMethodError'{0x00000000c3ed99d0}: 'java.lang.Object java.lang.invoke.Invokers$Holder.linkToTargetMethod(java.lang.Object, int, java.lang.Object, java.lang.Object)'> (0x00000000c3ed99d0) 
thrown [s\src\hotspot\share\interpreter\linkResolver.cpp, line 759]

VM Operations (20 events):
Event: 10147.146 Executing VM operation: G1CollectFull done
Event: 10157.355 Executing VM operation: G1CollectFull
Event: 10157.375 Executing VM operation: G1CollectFull done
Event: 10167.614 Executing VM operation: G1CollectFull
Event: 10167.641 Executing VM operation: G1CollectFull done
Event: 10177.974 Executing VM operation: G1CollectFull
Event: 10178.005 Executing VM operation: G1CollectFull done
Event: 10188.212 Executing VM operation: G1CollectFull
Event: 10188.236 Executing VM operation: G1CollectFull done
Event: 10198.405 Executing VM operation: G1CollectFull
Event: 10198.427 Executing VM operation: G1CollectFull done
Event: 10208.640 Executing VM operation: G1CollectFull
Event: 10208.665 Executing VM operation: G1CollectFull done
Event: 10218.854 Executing VM operation: G1CollectFull
Event: 10218.879 Executing VM operation: G1CollectFull done
Event: 10229.077 Executing VM operation: G1CollectFull
Event: 10229.102 Executing VM operation: G1CollectFull done
Event: 10239.309 Executing VM operation: G1CollectFull
Event: 10239.335 Executing VM operation: G1CollectFull done
Event: 10249.425 Executing VM operation: G1CollectFull

Events (20 events):
Event: 1108.787 Thread 0x0000027741c16250 Thread exited: 0x0000027741c16250
Event: 1108.787 Thread 0x0000027741c16720 Thread exited: 0x0000027741c16720
Event: 1147.586 Thread 0x0000027741c16250 Thread added: 0x0000027741c16250
Event: 1152.023 Thread 0x0000027741c158b0 Thread added: 0x0000027741c158b0
Event: 1254.177 Thread 0x0000027741c158b0 Thread exited: 0x0000027741c158b0
Event: 1264.911 Thread 0x0000027741c16250 Thread exited: 0x0000027741c16250
Event: 2583.417 Thread 0x0000027741c153e0 Thread added: 0x0000027741c153e0
Event: 2586.685 Thread 0x0000027741c16720 Thread added: 0x0000027741c16720
Event: 2724.149 Thread 0x0000027741c16720 Thread exited: 0x0000027741c16720
Event: 2725.433 Thread 0x0000027741c153e0 Thread exited: 0x0000027741c153e0
Event: 2743.252 Thread 0x00000277411798f0 Thread added: 0x00000277411798f0
Event: 2780.495 Thread 0x000002774117b100 Thread added: 0x000002774117b100
Event: 2840.507 Thread 0x000002774117b100 Thread exited: 0x000002774117b100
Event: 2850.242 Thread 0x00000277411798f0 Thread exited: 0x00000277411798f0
Event: 3441.314 Thread 0x00000277411798f0 Thread added: 0x00000277411798f0
Event: 3454.329 Thread 0x0000027741178f50 Thread added: 0x0000027741178f50
Event: 3493.802 Thread 0x00000277411785b0 Thread added: 0x00000277411785b0
Event: 3553.818 Thread 0x00000277411798f0 Thread exited: 0x00000277411798f0
Event: 3555.500 Thread 0x0000027741178f50 Thread exited: 0x0000027741178f50
Event: 3595.991 Thread 0x00000277411785b0 Thread exited: 0x00000277411785b0


Dynamic libraries:
0x00007ff6a1ee0000 - 0x00007ff6a1eee000 	c:\Users\HP\.vscode\extensions\redhat.java-1.20.0-win32-x64\jre\17.0.7-win32-x86_64\bin\java.exe
0x00007ffe19550000 - 0x00007ffe19748000 	C:\WINDOWS\SYSTEM32\ntdll.dll
0x00007ffe18750000 - 0x00007ffe1880f000 	C:\WINDOWS\System32\KERNEL32.DLL
0x00007ffe16cd0000 - 0x00007ffe16fc6000 	C:\WINDOWS\System32\KERNELBASE.dll
0x00007ffe16fd0000 - 0x00007ffe170d0000 	C:\WINDOWS\System32\ucrtbase.dll
0x00007ffddeb20000 - 0x00007ffddeb37000 	c:\Users\HP\.vscode\extensions\redhat.java-1.20.0-win32-x64\jre\17.0.7-win32-x86_64\bin\jli.dll
0x00007ffe19210000 - 0x00007ffe193ad000 	C:\WINDOWS\System32\USER32.dll
0x00007ffe17580000 - 0x00007ffe175a2000 	C:\WINDOWS\System32\win32u.dll
0x00007ffe18630000 - 0x00007ffe1865c000 	C:\WINDOWS\System32\GDI32.dll
0x00007ffe17430000 - 0x00007ffe17545000 	C:\WINDOWS\System32\gdi32full.dll
0x00007ffe16c30000 - 0x00007ffe16ccd000 	C:\WINDOWS\System32\msvcp_win.dll
0x00007ffddb120000 - 0x00007ffddb139000 	c:\Users\HP\.vscode\extensions\redhat.java-1.20.0-win32-x64\jre\17.0.7-win32-x86_64\bin\VCRUNTIME140.dll
0x00007ffdf5310000 - 0x00007ffdf55aa000 	C:\WINDOWS\WinSxS\amd64_microsoft.windows.common-controls_6595b64144ccf1df_6.0.19041.1110_none_60b5254171f9507e\COMCTL32.dll
0x00007ffe193b0000 - 0x00007ffe1944e000 	C:\WINDOWS\System32\msvcrt.dll
0x00007ffe184e0000 - 0x00007ffe18510000 	C:\WINDOWS\System32\IMM32.DLL
0x00007ffe01810000 - 0x00007ffe0181c000 	c:\Users\HP\.vscode\extensions\redhat.java-1.20.0-win32-x64\jre\17.0.7-win32-x86_64\bin\vcruntime140_1.dll
0x00007ffdd0330000 - 0x00007ffdd03c1000 	c:\Users\HP\.vscode\extensions\redhat.java-1.20.0-win32-x64\jre\17.0.7-win32-x86_64\bin\msvcp140.dll
0x00007ffdacbb0000 - 0x00007ffdad7f8000 	c:\Users\HP\.vscode\extensions\redhat.java-1.20.0-win32-x64\jre\17.0.7-win32-x86_64\bin\server\jvm.dll
0x00007ffe190c0000 - 0x00007ffe1916f000 	C:\WINDOWS\System32\ADVAPI32.dll
0x00007ffe18e90000 - 0x00007ffe18f2c000 	C:\WINDOWS\System32\sechost.dll
0x00007ffe18810000 - 0x00007ffe18936000 	C:\WINDOWS\System32\RPCRT4.dll
0x00007ffdfad50000 - 0x00007ffdfad59000 	C:\WINDOWS\SYSTEM32\WSOCK32.dll
0x00007ffe186e0000 - 0x00007ffe1874b000 	C:\WINDOWS\System32\WS2_32.dll
0x00007ffdfac30000 - 0x00007ffdfac57000 	C:\WINDOWS\SYSTEM32\WINMM.dll
0x00007ffe11930000 - 0x00007ffe1193a000 	C:\WINDOWS\SYSTEM32\VERSION.dll
0x00007ffe15420000 - 0x00007ffe15432000 	C:\WINDOWS\SYSTEM32\kernel.appcore.dll
0x00007ffdfb8a0000 - 0x00007ffdfb8aa000 	c:\Users\HP\.vscode\extensions\redhat.java-1.20.0-win32-x64\jre\17.0.7-win32-x86_64\bin\jimage.dll
0x00007ffe14920000 - 0x00007ffe14b04000 	C:\WINDOWS\SYSTEM32\DBGHELP.DLL
0x00007ffdfae90000 - 0x00007ffdfaec4000 	C:\WINDOWS\SYSTEM32\dbgcore.DLL
0x00007ffe17280000 - 0x00007ffe17302000 	C:\WINDOWS\System32\bcryptPrimitives.dll
0x00007ffdd9450000 - 0x00007ffdd9475000 	c:\Users\HP\.vscode\extensions\redhat.java-1.20.0-win32-x64\jre\17.0.7-win32-x86_64\bin\java.dll
0x00007ffdd2110000 - 0x00007ffdd2128000 	c:\Users\HP\.vscode\extensions\redhat.java-1.20.0-win32-x64\jre\17.0.7-win32-x86_64\bin\zip.dll
0x00007ffe17b70000 - 0x00007ffe182b4000 	C:\WINDOWS\System32\SHELL32.dll
0x00007ffe14b10000 - 0x00007ffe152a3000 	C:\WINDOWS\SYSTEM32\windows.storage.dll
0x00007ffe18940000 - 0x00007ffe18c94000 	C:\WINDOWS\System32\combase.dll
0x00007ffe164c0000 - 0x00007ffe164ee000 	C:\WINDOWS\SYSTEM32\Wldp.dll
0x00007ffe19450000 - 0x00007ffe194fd000 	C:\WINDOWS\System32\SHCORE.dll
0x00007ffe18510000 - 0x00007ffe18565000 	C:\WINDOWS\System32\shlwapi.dll
0x00007ffe16b70000 - 0x00007ffe16b8f000 	C:\WINDOWS\SYSTEM32\profapi.dll
0x00007ffdcfe20000 - 0x00007ffdcfe39000 	C:\Users\HP\.vscode\extensions\redhat.java-1.20.0-win32-x64\jre\17.0.7-win32-x86_64\bin\net.dll
0x00007ffe10470000 - 0x00007ffe1057a000 	C:\WINDOWS\SYSTEM32\WINHTTP.dll
0x00007ffe162a0000 - 0x00007ffe1630a000 	C:\WINDOWS\system32\mswsock.dll
0x00007ffdcfcf0000 - 0x00007ffdcfd05000 	C:\Users\HP\.vscode\extensions\redhat.java-1.20.0-win32-x64\jre\17.0.7-win32-x86_64\bin\nio.dll
0x00007ffe16570000 - 0x00007ffe16588000 	C:\WINDOWS\SYSTEM32\CRYPTSP.dll
0x00007ffe15be0000 - 0x00007ffe15c14000 	C:\WINDOWS\system32\rsaenh.dll
0x00007ffe17550000 - 0x00007ffe17577000 	C:\WINDOWS\System32\bcrypt.dll
0x00007ffe16af0000 - 0x00007ffe16b1e000 	C:\WINDOWS\SYSTEM32\USERENV.dll
0x00007ffe16430000 - 0x00007ffe1643c000 	C:\WINDOWS\SYSTEM32\CRYPTBASE.dll
0x00007ffe15fb0000 - 0x00007ffe15fec000 	C:\WINDOWS\SYSTEM32\IPHLPAPI.DLL
0x00007ffe19200000 - 0x00007ffe19208000 	C:\WINDOWS\System32\NSI.dll
0x00007ffe0e870000 - 0x00007ffe0e887000 	C:\WINDOWS\SYSTEM32\dhcpcsvc6.DLL
0x00007ffe0e7c0000 - 0x00007ffe0e7dd000 	C:\WINDOWS\SYSTEM32\dhcpcsvc.DLL
0x00007ffe16040000 - 0x00007ffe1610a000 	C:\WINDOWS\SYSTEM32\DNSAPI.dll
0x00007ffe10ae0000 - 0x00007ffe10ae9000 	C:\Users\HP\.vscode\extensions\redhat.java-1.20.0-win32-x64\jre\17.0.7-win32-x86_64\bin\management.dll
0x00007ffe10a20000 - 0x00007ffe10a2b000 	C:\Users\HP\.vscode\extensions\redhat.java-1.20.0-win32-x64\jre\17.0.7-win32-x86_64\bin\management_ext.dll
0x00007ffe19500000 - 0x00007ffe19508000 	C:\WINDOWS\System32\PSAPI.DLL

dbghelp: loaded successfully - version: 4.0.5 - missing functions: none
symbol engine: initialized successfully - sym options: 0x614 - pdb path: .;c:\Users\HP\.vscode\extensions\redhat.java-1.20.0-win32-x64\jre\17.0.7-win32-x86_64\bin;C:\WINDOWS\SYSTEM32;C:\WINDOWS\WinSxS\amd64_microsoft.windows.common-controls_6595b64144ccf1df_6.0.19041.1110_none_60b5254171f9507e;c:\Users\HP\.vscode\extensions\redhat.java-1.20.0-win32-x64\jre\17.0.7-win32-x86_64\bin\server

VM Arguments:
jvm_args: -XX:+HeapDumpOnOutOfMemoryError -Xmx1024m -Dsts.lsp.client=vscode -Dsts.log.file=/dev/null -XX:TieredStopAtLevel=1 -Xlog:jni+resolve=off -Dspring.config.location=file:c:\Users\HP\.vscode\extensions\vmware.vscode-spring-boot-1.47.0\language-server\BOOT-INF\classes\application.properties 
java_command: org.springframework.ide.vscode.boot.app.BootLanguageServerBootApp
java_class_path (initial): c:\Users\HP\.vscode\extensions\vmware.vscode-spring-boot-1.47.0\language-server\BOOT-INF\classes;c:\Users\HP\.vscode\extensions\vmware.vscode-spring-boot-1.47.0\language-server\BOOT-INF\lib\annotations-24.0.1.jar;c:\Users\HP\.vscode\extensions\vmware.vscode-spring-boot-1.47.0\language-server\BOOT-INF\lib\antlr-runtime-3.5.3.jar;c:\Users\HP\.vscode\extensions\vmware.vscode-spring-boot-1.47.0\language-server\BOOT-INF\lib\antlr4-4.11.1.jar;c:\Users\HP\.vscode\extensions\vmware.vscode-spring-boot-1.47.0\language-server\BOOT-INF\lib\antlr4-runtime-4.11.1.jar;c:\Users\HP\.vscode\extensions\vmware.vscode-spring-boot-1.47.0\language-server\BOOT-INF\lib\aopalliance-1.0.jar;c:\Users\HP\.vscode\extensions\vmware.vscode-spring-boot-1.47.0\language-server\BOOT-INF\lib\asm-9.5.jar;c:\Users\HP\.vscode\extensions\vmware.vscode-spring-boot-1.47.0\language-server\BOOT-INF\lib\asm-analysis-9.5.jar;c:\Users\HP\.vscode\extensions\vmware.vscode-spring-boot-1.47.0\language-server\BOOT-INF\lib\asm-tree-9.5.jar;c:\Users\HP\.vscode\extensions\vmware.vscode-spring-boot-1.47.0\language-server\BOOT-INF\lib\asm-util-9.5.jar;c:\Users\HP\.vscode\extensions\vmware.vscode-spring-boot-1.47.0\language-server\BOOT-INF\lib\auto-common-1.2.1.jar;c:\Users\HP\.vscode\extensions\vmware.vscode-spring-boot-1.47.0\language-server\BOOT-INF\lib\auto-value-annotations-1.9.jar;c:\Users\HP\.vscode\extensions\vmware.vscode-spring-boot-1.47.0\language-server\BOOT-INF\lib\caffeine-3.1.2.jar;c:\Users\HP\.vscode\extensions\vmware.vscode-spring-boot-1.47.0\language-server\BOOT-INF\lib\checker-qual-3.12.0.jar;c:\Users\HP\.vscode\extensions\vmware.vscode-spring-boot-1.47.0\language-server\BOOT-INF\lib\classgraph-4.8.149.jar;c:\Users\HP\.vscode\extensions\vmware.vscode-spring-boot-1.47.0\language-server\BOOT-INF\lib\commons-codec-1.15.jar;c:\Users\HP\.vscode\extensions\vmware.vscode-spring-boot-1.47.0\language-server\BOOT-INF\lib\commons-compress-1.23.0.jar;c:\Users\HP\.vscode\extensions\vmware.
Launcher Type: SUN_STANDARD

[Global flags]
     intx CICompilerCount                          = 3                                         {product} {ergonomic}
     uint ConcGCThreads                            = 1                                         {product} {ergonomic}
     uint G1ConcRefinementThreads                  = 4                                         {product} {ergonomic}
   size_t G1HeapRegionSize                         = 1048576                                   {product} {ergonomic}
    uintx GCDrainStackTargetSize                   = 64                                        {product} {ergonomic}
     bool HeapDumpOnOutOfMemoryError               = true                                   {manageable} {command line}
   size_t InitialHeapSize                          = 201326592                                 {product} {ergonomic}
   size_t MarkStackSize                            = 4194304                                   {product} {ergonomic}
   size_t MaxHeapSize                              = 1073741824                                {product} {command line}
   size_t MaxNewSize                               = 643825664                                 {product} {ergonomic}
   size_t MinHeapDeltaBytes                        = 1048576                                   {product} {ergonomic}
   size_t MinHeapSize                              = 8388608                                   {product} {ergonomic}
    uintx NonProfiledCodeHeapSize                  = 0                                      {pd product} {ergonomic}
     bool ProfileInterpreter                       = false                                  {pd product} {command line}
    uintx ProfiledCodeHeapSize                     = 0                                      {pd product} {ergonomic}
   size_t SoftMaxHeapSize                          = 1073741824                             {manageable} {ergonomic}
     intx TieredStopAtLevel                        = 1                                         {product} {command line}
     bool UseCompressedClassPointers               = true                           {product lp64_product} {ergonomic}
     bool UseCompressedOops                        = true                           {product lp64_product} {ergonomic}
     bool UseG1GC                                  = true                                      {product} {ergonomic}
     bool UseLargePagesIndividualAllocation        = false                                  {pd product} {ergonomic}

Logging:
Log output configuration:
 #0: stdout all=warning,jni+resolve=off uptime,level,tags
 #1: stderr all=off uptime,level,tags

Environment Variables:
JAVA_HOME=C:\Program Files\Java\jdk-11.0.9
PATH=C:\Program Files\Python310\Scripts\;C:\Program Files\Python310\;C:\Program Files (x86)\Common Files\Intel\Shared Libraries\redist\intel64\compiler;C:\WINDOWS\system32;C:\WINDOWS;C:\WINDOWS\System32\Wbem;C:\WINDOWS\System32\WindowsPowerShell\v1.0\;C:\WINDOWS\System32\OpenSSH\;C:\wamp64\www\scriptcase\components\php;C:\wamp64\bin\php\php7.4.26;C:\wamp64\bin\php\php7.3.25;C:\wamp64\bin\php\php7.1.29;C:\Program Files\nodejs;C:\Program Files\PuTTY\;C:\ProgramData\ComposerSetup\bin;C:\Program Files\Git\cmd;C:\Program Files (x86)\Yarn\bin\;C:\Program Files\Java\jdk-11.0.9\bin;C:\Users\HP\AppData\Local\Programs\Python\Python37;C:\Users\HP\AppData\Local\Programs\Python\Python37\Scripts;C:\Users\HP\AppData\Local\Android\flutter\bin;C:\Users\HP\AppData\Roaming\Composer\vendor\laravel\installer\bin;C:\Program Files (x86)\Bitvise SSH Client;C:\wamp64\www\apache-maven-3.8.4\bin;C:\Program Files\NetMake\v9-php73\components\php;C:\Program Files\Docker\Docker\resources\bin;C:\Program Files\nodejs\;C:\Program Files\CMake\bin;C:\Program Files\Java\jdk-11.0.19\bin;C:\Users\HP\AppData\Local\Programs\Python\Python310\Scripts\;C:\Users\HP\AppData\Local\Programs\Python\Python310\;C:\Users\HP\AppData\Local\Microsoft\WindowsApps;C:\Users\HP\AppData\Roaming\Composer\vendor\bin;C:\Users\HP\AppData\Local\Yarn\bin;C:\Program Files\heroku\bin;C:\Users\HP\AppData\Local\Programs\Microsoft VS Code\bin;C:\Users\HP\AppData\Local\GitHubDesktop\bin;C:\Users\HP\AppData\Roaming\npm;
USERNAME=HP
OS=Windows_NT
PROCESSOR_IDENTIFIER=Intel64 Family 6 Model 142 Stepping 10, GenuineIntel
TMP=C:\Users\HP\AppData\Local\Temp
TEMP=C:\Users\HP\AppData\Local\Temp



---------------  S Y S T E M  ---------------

OS:
 Windows 10 , 64 bit Build 19041 (10.0.19041.3031)
OS uptime: 6 days 4:43 hours
Hyper-V role detected

CPU: total 4 (initial active 4) (2 cores per cpu, 2 threads per core) family 6 model 142 stepping 10 microcode 0xca, cx8, cmov, fxsr, ht, mmx, 3dnowpref, sse, sse2, sse3, ssse3, sse4.1, sse4.2, popcnt, lzcnt, tsc, tscinvbit, avx, avx2, aes, erms, clmul, bmi1, bmi2, adx, fma, vzeroupper, clflush, clflushopt, hv

Memory: 4k page, system-wide physical 12199M (4144M free)
TotalPageFile size 14247M (AvailPageFile size 9M)
current process WorkingSet (physical memory assigned to process): 58M, peak: 151M
current process commit charge ("private bytes"): 185M, peak: 291M

vm_info: OpenJDK 64-Bit Server VM (17.0.7+7) for windows-amd64 JRE (17.0.7+7), built on Apr 18 2023 22:10:42 by "temurin" with MS VC++ 16.7 (VS2019)

END.
