#
# There is insufficient memory for the Java Runtime Environment to continue.
# Native memory allocation (malloc) failed to allocate 1083456 bytes for Chunk::new
# Possible reasons:
#   The system is out of physical RAM or swap space
#   The process is running with CompressedOops enabled, and the Java Heap may be blocking the growth of the native heap
# Possible solutions:
#   Reduce memory load on the system
#   Increase physical memory or swap space
#   Check if swap backing store is full
#   Decrease Java heap size (-Xmx/-Xms)
#   Decrease number of Java threads
#   Decrease Java thread stack sizes (-Xss)
#   Set larger code cache with -XX:ReservedCodeCacheSize=
#   JVM is running with Unscaled Compressed Oops mode in which the Java heap is
#     placed in the first 4GB address space. The Java Heap base address is the
#     maximum limit for the native heap growth. Please use -XX:HeapBaseMinAddress
#     to set the Java Heap base and to place the Java Heap above 4GB virtual address.
# This output file may be truncated or incomplete.
#
#  Out of Memory Error (arena.cpp:189), pid=21244, tid=4168
#
# JRE version: OpenJDK Runtime Environment Temurin-17.0.7+7 (17.0.7+7) (build 17.0.7+7)
# Java VM: OpenJDK 64-Bit Server VM Temurin-17.0.7+7 (17.0.7+7, mixed mode, tiered, compressed oops, compressed class ptrs, parallel gc, windows-amd64)
# No core dump will be written. Minidumps are not enabled by default on client versions of Windows
#

---------------  S U M M A R Y ------------

Command Line: --add-modules=ALL-SYSTEM --add-opens=java.base/java.util=ALL-UNNAMED --add-opens=java.base/java.lang=ALL-UNNAMED --add-opens=java.base/sun.nio.fs=ALL-UNNAMED -Declipse.application=org.eclipse.jdt.ls.core.id1 -Dosgi.bundles.defaultStartLevel=4 -Declipse.product=org.eclipse.jdt.ls.core.product -Djava.import.generatesMetadataFilesAtProjectRoot=false -Dfile.encoding=utf8 -XX:+UseParallelGC -XX:GCTimeRatio=4 -XX:AdaptiveSizePolicyWeight=90 -Dsun.zip.disableMemoryMapping=true -Xmx1G -Xms100m -Xlog:disable -javaagent:c:\Users\HP\.vscode\extensions\redhat.java-1.20.0-win32-x64\lombok\lombok-1.18.28.jar -XX:+HeapDumpOnOutOfMemoryError -XX:HeapDumpPath=c:\Users\HP\AppData\Roaming\Code\User\workspaceStorage\5541fb1794e4195495f0c57edcbd7686\redhat.java -Daether.dependencyCollector.impl=bf c:\Users\HP\.vscode\extensions\redhat.java-1.20.0-win32-x64\server\plugins\org.eclipse.equinox.launcher_1.6.500.v20230622-2056.jar -configuration c:\Users\HP\AppData\Roaming\Code\User\globalStorage\redhat.java\1.20.0\config_win -data c:\Users\HP\AppData\Roaming\Code\User\workspaceStorage\5541fb1794e4195495f0c57edcbd7686\redhat.java\jdt_ws

Host: Intel(R) Core(TM) i3-8130U CPU @ 2.20GHz, 4 cores, 11G,  Windows 10 , 64 bit Build 19041 (10.0.19041.3155)
Time: Wed Jul 19 11:03:46 2023 Afr. centrale Ouest elapsed time: 19.344805 seconds (0d 0h 0m 19s)

---------------  T H R E A D  ---------------

Current thread (0x0000022be6d30170):  JavaThread "C2 CompilerThread0" daemon [_thread_in_native, id=4168, stack(0x00000062bf000000,0x00000062bf100000)]


Current CompileTask:
C2:  19344 6728       4       jdk.internal.module.SystemModuleFinders$SystemModuleReader::find (59 bytes)

Stack: [0x00000062bf000000,0x00000062bf100000]
Native frames: (J=compiled Java code, j=interpreted, Vv=VM code, C=native code)
V  [jvm.dll+0x67754a]
V  [jvm.dll+0x834304]
V  [jvm.dll+0x835aae]
V  [jvm.dll+0x836113]
V  [jvm.dll+0x24696f]
V  [jvm.dll+0xac0ac]
V  [jvm.dll+0xac67c]
V  [jvm.dll+0x2adbef]
V  [jvm.dll+0x580067]
V  [jvm.dll+0x221e72]
V  [jvm.dll+0x22224f]
V  [jvm.dll+0x21b4a5]
V  [jvm.dll+0x21895b]
V  [jvm.dll+0x1a4d8d]
V  [jvm.dll+0x2284da]
V  [jvm.dll+0x226615]
V  [jvm.dll+0x7ea90b]
V  [jvm.dll+0x7e4e7a]
V  [jvm.dll+0x676395]
C  [ucrtbase.dll+0x21bb2]
C  [KERNEL32.DLL+0x17614]
C  [ntdll.dll+0x526b1]


---------------  P R O C E S S  ---------------

Threads class SMR info:
_java_thread_list=0x0000022bf016f5f0, length=32, elements={
0x0000022bd0fa2e00, 0x0000022bd0e8c6a0, 0x0000022be6d03190, 0x0000022be6d2a040,
0x0000022be6d2adc0, 0x0000022be6d2bb40, 0x0000022be6d2f580, 0x0000022be6d30170,
0x0000022bebf35170, 0x0000022bebf38230, 0x0000022be6bf10a0, 0x0000022bec210430,
0x0000022bec9a8b10, 0x0000022becb0e890, 0x0000022bec94c010, 0x0000022bec9c0200,
0x0000022bece3a040, 0x0000022bec602f60, 0x0000022bec6020f0, 0x0000022bec603900,
0x0000022bec6025c0, 0x0000022bec605ab0, 0x0000022bec6042a0, 0x0000022bec604c40,
0x0000022bedfe1bd0, 0x0000022bedfe6da0, 0x0000022bedfe4720, 0x0000022bedfe1700,
0x0000022bedfe6400, 0x0000022bedfe5a60, 0x0000022bedfe03c0, 0x0000022bed3d2c00
}

Java Threads: ( => current thread )
  0x0000022bd0fa2e00 JavaThread "main" [_thread_blocked, id=16148, stack(0x00000062be600000,0x00000062be700000)]
  0x0000022bd0e8c6a0 JavaThread "Reference Handler" daemon [_thread_blocked, id=20328, stack(0x00000062bea00000,0x00000062beb00000)]
  0x0000022be6d03190 JavaThread "Finalizer" daemon [_thread_blocked, id=17620, stack(0x00000062beb00000,0x00000062bec00000)]
  0x0000022be6d2a040 JavaThread "Signal Dispatcher" daemon [_thread_blocked, id=14516, stack(0x00000062bec00000,0x00000062bed00000)]
  0x0000022be6d2adc0 JavaThread "Attach Listener" daemon [_thread_blocked, id=11408, stack(0x00000062bed00000,0x00000062bee00000)]
  0x0000022be6d2bb40 JavaThread "Service Thread" daemon [_thread_blocked, id=13448, stack(0x00000062bee00000,0x00000062bef00000)]
  0x0000022be6d2f580 JavaThread "Monitor Deflation Thread" daemon [_thread_blocked, id=11128, stack(0x00000062bef00000,0x00000062bf000000)]
=>0x0000022be6d30170 JavaThread "C2 CompilerThread0" daemon [_thread_in_native, id=4168, stack(0x00000062bf000000,0x00000062bf100000)]
  0x0000022bebf35170 JavaThread "C1 CompilerThread0" daemon [_thread_blocked, id=6288, stack(0x00000062bf100000,0x00000062bf200000)]
  0x0000022bebf38230 JavaThread "Sweeper thread" daemon [_thread_blocked, id=2316, stack(0x00000062bf200000,0x00000062bf300000)]
  0x0000022be6bf10a0 JavaThread "Common-Cleaner" daemon [_thread_blocked, id=15780, stack(0x00000062bf300000,0x00000062bf400000)]
  0x0000022bec210430 JavaThread "Notification Thread" daemon [_thread_blocked, id=21420, stack(0x00000062bf400000,0x00000062bf500000)]
  0x0000022bec9a8b10 JavaThread "Active Thread: Equinox Container: 6f711aeb-3354-4dec-bcfa-6b56d4982777" [_thread_blocked, id=12408, stack(0x00000062bfa00000,0x00000062bfb00000)]
  0x0000022becb0e890 JavaThread "Framework Event Dispatcher: Equinox Container: 6f711aeb-3354-4dec-bcfa-6b56d4982777" daemon [_thread_blocked, id=17028, stack(0x00000062bfb00000,0x00000062bfc00000)]
  0x0000022bec94c010 JavaThread "Start Level: Equinox Container: 6f711aeb-3354-4dec-bcfa-6b56d4982777" daemon [_thread_blocked, id=15632, stack(0x00000062bfc00000,0x00000062bfd00000)]
  0x0000022bec9c0200 JavaThread "SCR Component Actor" daemon [_thread_blocked, id=8112, stack(0x00000062bf900000,0x00000062bfa00000)]
  0x0000022bece3a040 JavaThread "Worker-JM" [_thread_blocked, id=10780, stack(0x00000062bfe00000,0x00000062bff00000)]
  0x0000022bec602f60 JavaThread "Worker-0" [_thread_blocked, id=8032, stack(0x00000062bff00000,0x00000062c0000000)]
  0x0000022bec6020f0 JavaThread "Worker-1" [_thread_blocked, id=18632, stack(0x00000062c0000000,0x00000062c0100000)]
  0x0000022bec603900 JavaThread "Worker-2" [_thread_blocked, id=15832, stack(0x00000062c0100000,0x00000062c0200000)]
  0x0000022bec6025c0 JavaThread "Worker-3: Initialize Workspace" [_thread_blocked, id=3000, stack(0x00000062c0300000,0x00000062c0400000)]
  0x0000022bec605ab0 JavaThread "Java indexing" daemon [_thread_blocked, id=17800, stack(0x00000062c0400000,0x00000062c0500000)]
  0x0000022bec6042a0 JavaThread "JNA Cleaner" daemon [_thread_blocked, id=8264, stack(0x00000062c0500000,0x00000062c0600000)]
  0x0000022bec604c40 JavaThread "pool-2-thread-1" [_thread_blocked, id=11332, stack(0x00000062c0800000,0x00000062c0900000)]
  0x0000022bedfe1bd0 JavaThread "WorkspaceEventsHandler" [_thread_blocked, id=18188, stack(0x00000062c0200000,0x00000062c0300000)]
  0x0000022bedfe6da0 JavaThread "pool-1-thread-1" [_thread_blocked, id=16732, stack(0x00000062c0900000,0x00000062c0a00000)]
  0x0000022bedfe4720 JavaThread "Worker-4: Initialize workspace" [_thread_blocked, id=13232, stack(0x00000062c0a00000,0x00000062c0b00000)]
  0x0000022bedfe1700 JavaThread "ForkJoinPool.commonPool-worker-1" daemon [_thread_in_native, id=19044, stack(0x00000062c0b00000,0x00000062c0c00000)]
  0x0000022bedfe6400 JavaThread "ForkJoinPool.commonPool-worker-2" daemon [_thread_blocked, id=18728, stack(0x00000062c0c00000,0x00000062c0d00000)]
  0x0000022bedfe5a60 JavaThread "Bundle File Closer" daemon [_thread_blocked, id=16228, stack(0x00000062c0d00000,0x00000062c0e00000)]
  0x0000022bedfe03c0 JavaThread "ForkJoinPool.commonPool-worker-3" daemon [_thread_blocked, id=17072, stack(0x00000062c0e00000,0x00000062c0f00000)]
  0x0000022bed3d2c00 JavaThread "C2 CompilerThread1" daemon [_thread_in_native, id=19580, stack(0x00000062bfd00000,0x00000062bfe00000)]

Other Threads:
  0x0000022be6ce9220 VMThread "VM Thread" [stack: 0x00000062be900000,0x00000062bea00000] [id=11656]
  0x0000022bec212440 WatcherThread [stack: 0x00000062bf500000,0x00000062bf600000] [id=13864]
  0x0000022bd0fbb5b0 GCTaskThread "GC Thread#0" [stack: 0x00000062be800000,0x00000062be900000] [id=18792]
  0x0000022becaf1020 GCTaskThread "GC Thread#1" [stack: 0x00000062bf600000,0x00000062bf700000] [id=14632]
  0x0000022becaf16e0 GCTaskThread "GC Thread#2" [stack: 0x00000062bf700000,0x00000062bf800000] [id=5116]
  0x0000022becaf1990 GCTaskThread "GC Thread#3" [stack: 0x00000062bf800000,0x00000062bf900000] [id=14100]

Threads with active compile tasks:
C2 CompilerThread0    19438 6728       4       jdk.internal.module.SystemModuleFinders$SystemModuleReader::find (59 bytes)
C2 CompilerThread1    19438 6729       4       jdk.internal.module.SystemModuleFinders$SystemModuleReader::containsImageLocation (42 bytes)

VM state: not at safepoint (normal execution)

VM Mutex/Monitor currently owned by a thread: None

Heap address: 0x00000000c0000000, size: 1024 MB, Compressed Oops mode: 32-bit

CDS archive(s) not mapped
Compressed class space mapped at: 0x0000000100000000-0x0000000140000000, reserved size: 1073741824
Narrow klass base: 0x0000000000000000, Narrow klass shift: 3, Narrow klass range: 0x140000000

GC Precious Log:
 CPUs: 4 total, 4 available
 Memory: 12199M
 Large Page Support: Disabled
 NUMA Support: Disabled
 Compressed Oops: Enabled (32-bit)
 Alignments: Space 512K, Generation 512K, Heap 2M
 Heap Min Capacity: 100M
 Heap Initial Capacity: 100M
 Heap Max Capacity: 1G
 Pre-touch: Disabled
 Parallel Workers: 4

Heap:
 PSYoungGen      total 22528K, used 11043K [0x00000000eab00000, 0x00000000ec380000, 0x0000000100000000)
  eden space 22016K, 48% used [0x00000000eab00000,0x00000000eb578e18,0x00000000ec080000)
  from space 512K, 62% used [0x00000000ec080000,0x00000000ec0d0010,0x00000000ec100000)
  to   space 1024K, 0% used [0x00000000ec280000,0x00000000ec280000,0x00000000ec380000)
 ParOldGen       total 68608K, used 39523K [0x00000000c0000000, 0x00000000c4300000, 0x00000000eab00000)
  object space 68608K, 57% used [0x00000000c0000000,0x00000000c2698fc8,0x00000000c4300000)
 Metaspace       used 56873K, committed 57920K, reserved 1114112K
  class space    used 6155K, committed 6592K, reserved 1048576K

Card table byte_map: [0x0000022be4600000,0x0000022be4810000] _byte_map_base: 0x0000022be4000000

Marking Bits: (ParMarkBitMap*) 0x00007ffdfdbc52c0
 Begin Bits: [0x0000022be4970000, 0x0000022be5970000)
 End Bits:   [0x0000022be5970000, 0x0000022be6970000)

Polling page: 0x0000022bd0de0000

Metaspace:

Usage:
  Non-class:     49.53 MB used.
      Class:      6.01 MB used.
       Both:     55.54 MB used.

Virtual space:
  Non-class space:       64.00 MB reserved,      50.12 MB ( 78%) committed,  1 nodes.
      Class space:        1.00 GB reserved,       6.44 MB ( <1%) committed,  1 nodes.
             Both:        1.06 GB reserved,      56.56 MB (  5%) committed. 

Chunk freelists:
   Non-Class:  13.86 MB
       Class:  9.50 MB
        Both:  23.36 MB

MaxMetaspaceSize: unlimited
CompressedClassSpaceSize: 1.00 GB
Initial GC threshold: 21.00 MB
Current GC threshold: 58.38 MB
CDS: off
MetaspaceReclaimPolicy: balanced
 - commit_granule_bytes: 65536.
 - commit_granule_words: 8192.
 - virtual_space_node_default_size: 8388608.
 - enlarge_chunks_in_place: 1.
 - new_chunks_are_fully_committed: 0.
 - uncommit_free_chunks: 1.
 - use_allocation_guard: 0.
 - handle_deallocations: 1.


Internal statistics:

num_allocs_failed_limit: 8.
num_arena_births: 634.
num_arena_deaths: 14.
num_vsnodes_births: 2.
num_vsnodes_deaths: 0.
num_space_committed: 905.
num_space_uncommitted: 0.
num_chunks_returned_to_freelist: 22.
num_chunks_taken_from_freelist: 2942.
num_chunk_merges: 12.
num_chunk_splits: 1777.
num_chunks_enlarged: 926.
num_inconsistent_stats: 0.

CodeHeap 'non-profiled nmethods': size=120000Kb used=3653Kb max_used=3653Kb free=116346Kb
 bounds [0x0000022bdcef0000, 0x0000022bdd290000, 0x0000022be4420000]
CodeHeap 'profiled nmethods': size=120000Kb used=12775Kb max_used=12775Kb free=107224Kb
 bounds [0x0000022bd5420000, 0x0000022bd60a0000, 0x0000022bdc950000]
CodeHeap 'non-nmethods': size=5760Kb used=1305Kb max_used=1391Kb free=4454Kb
 bounds [0x0000022bdc950000, 0x0000022bdcbc0000, 0x0000022bdcef0000]
 total_blobs=6528 nmethods=5890 adapters=552
 compilation: enabled
              stopped_count=0, restarted_count=0
 full_count=0

Compilation events (20 events):
Event: 19.291 Thread 0x0000022bebf35170 nmethod 6757 0x0000022bd6080110 code [0x0000022bd60802a0, 0x0000022bd60803b8]
Event: 19.291 Thread 0x0000022bebf35170 6755       3       lombok.core.LombokImmutableList::get (7 bytes)
Event: 19.292 Thread 0x0000022bebf35170 nmethod 6755 0x0000022bd6080490 code [0x0000022bd6080620, 0x0000022bd6080758]
Event: 19.292 Thread 0x0000022bebf35170 6756       3       java.io.File::getParent (65 bytes)
Event: 19.292 Thread 0x0000022bebf35170 nmethod 6756 0x0000022bd6080810 code [0x0000022bd6080a40, 0x0000022bd6081138]
Event: 19.292 Thread 0x0000022bebf35170 6758       3       java.net.URI::toLower (19 bytes)
Event: 19.292 Thread 0x0000022bebf35170 nmethod 6758 0x0000022bd6081410 code [0x0000022bd60815a0, 0x0000022bd6081738]
Event: 19.295 Thread 0x0000022bebf35170 6760       3       lombok.core.LombokImmutableList$1::next (43 bytes)
Event: 19.295 Thread 0x0000022bebf35170 nmethod 6760 0x0000022bd6081810 code [0x0000022bd60819c0, 0x0000022bd6081c28]
Event: 19.296 Thread 0x0000022bebf35170 6761       3       lombok.core.configuration.ConfigurationFile::hashCode (8 bytes)
Event: 19.296 Thread 0x0000022bebf35170 nmethod 6761 0x0000022bd6081d90 code [0x0000022bd6081f40, 0x0000022bd6082088]
Event: 19.331 Thread 0x0000022bebf35170 6762       3       java.util.regex.Pattern$Branch::add (61 bytes)
Event: 19.331 Thread 0x0000022bebf35170 nmethod 6762 0x0000022bd6082190 code [0x0000022bd6082340, 0x0000022bd6082748]
Event: 19.333 Thread 0x0000022bebf35170 6763   !   3       lombok.launch.ShadowClassLoader::urlToDefineClass (256 bytes)
Event: 19.334 Thread 0x0000022bebf35170 nmethod 6763 0x0000022bd6082890 code [0x0000022bd6082c20, 0x0000022bd60844c8]
Event: 19.336 Thread 0x0000022bebf35170 6764       3       java.lang.reflect.ProxyGenerator::checkReturnTypes (281 bytes)
Event: 19.338 Thread 0x0000022bebf35170 nmethod 6764 0x0000022bd6084f10 code [0x0000022bd6085440, 0x0000022bd6087b38]
Event: 19.338 Thread 0x0000022bebf35170 6765       3       java.lang.reflect.ProxyGenerator$ProxyMethod::generateMethod (548 bytes)
Event: 19.342 Thread 0x0000022bebf35170 nmethod 6765 0x0000022bd6088890 code [0x0000022bd6088e20, 0x0000022bd608be18]
Event: 19.342 Thread 0x0000022bebf35170 6766       3       java.lang.reflect.ProxyGenerator::computeUniqueCatchList (167 bytes)

GC Heap History (20 events):
Event: 12.896 GC heap before
{Heap before GC invocations=18 (full 2):
 PSYoungGen      total 24576K, used 24416K [0x00000000eab00000, 0x00000000ec580000, 0x0000000100000000)
  eden space 22016K, 100% used [0x00000000eab00000,0x00000000ec080000,0x00000000ec080000)
  from space 2560K, 93% used [0x00000000ec080000,0x00000000ec2d8010,0x00000000ec300000)
  to   space 2560K, 0% used [0x00000000ec300000,0x00000000ec300000,0x00000000ec580000)
 ParOldGen       total 68608K, used 23959K [0x00000000c0000000, 0x00000000c4300000, 0x00000000eab00000)
  object space 68608K, 34% used [0x00000000c0000000,0x00000000c1765cb8,0x00000000c4300000)
 Metaspace       used 44195K, committed 45184K, reserved 1114112K
  class space    used 4708K, committed 5184K, reserved 1048576K
}
Event: 12.902 GC heap after
{Heap after GC invocations=18 (full 2):
 PSYoungGen      total 24576K, used 2272K [0x00000000eab00000, 0x00000000ec580000, 0x0000000100000000)
  eden space 22016K, 0% used [0x00000000eab00000,0x00000000eab00000,0x00000000ec080000)
  from space 2560K, 88% used [0x00000000ec300000,0x00000000ec538010,0x00000000ec580000)
  to   space 2560K, 0% used [0x00000000ec080000,0x00000000ec080000,0x00000000ec300000)
 ParOldGen       total 68608K, used 26287K [0x00000000c0000000, 0x00000000c4300000, 0x00000000eab00000)
  object space 68608K, 38% used [0x00000000c0000000,0x00000000c19abe10,0x00000000c4300000)
 Metaspace       used 44195K, committed 45184K, reserved 1114112K
  class space    used 4708K, committed 5184K, reserved 1048576K
}
Event: 13.159 GC heap before
{Heap before GC invocations=19 (full 2):
 PSYoungGen      total 24576K, used 24288K [0x00000000eab00000, 0x00000000ec580000, 0x0000000100000000)
  eden space 22016K, 100% used [0x00000000eab00000,0x00000000ec080000,0x00000000ec080000)
  from space 2560K, 88% used [0x00000000ec300000,0x00000000ec538010,0x00000000ec580000)
  to   space 2560K, 0% used [0x00000000ec080000,0x00000000ec080000,0x00000000ec300000)
 ParOldGen       total 68608K, used 26287K [0x00000000c0000000, 0x00000000c4300000, 0x00000000eab00000)
  object space 68608K, 38% used [0x00000000c0000000,0x00000000c19abe10,0x00000000c4300000)
 Metaspace       used 44664K, committed 45696K, reserved 1114112K
  class space    used 4769K, committed 5248K, reserved 1048576K
}
Event: 13.170 GC heap after
{Heap after GC invocations=19 (full 2):
 PSYoungGen      total 24576K, used 2016K [0x00000000eab00000, 0x00000000ec580000, 0x0000000100000000)
  eden space 22016K, 0% used [0x00000000eab00000,0x00000000eab00000,0x00000000ec080000)
  from space 2560K, 78% used [0x00000000ec080000,0x00000000ec278000,0x00000000ec300000)
  to   space 2560K, 0% used [0x00000000ec300000,0x00000000ec300000,0x00000000ec580000)
 ParOldGen       total 68608K, used 28502K [0x00000000c0000000, 0x00000000c4300000, 0x00000000eab00000)
  object space 68608K, 41% used [0x00000000c0000000,0x00000000c1bd5b20,0x00000000c4300000)
 Metaspace       used 44664K, committed 45696K, reserved 1114112K
  class space    used 4769K, committed 5248K, reserved 1048576K
}
Event: 14.036 GC heap before
{Heap before GC invocations=20 (full 2):
 PSYoungGen      total 24576K, used 24032K [0x00000000eab00000, 0x00000000ec580000, 0x0000000100000000)
  eden space 22016K, 100% used [0x00000000eab00000,0x00000000ec080000,0x00000000ec080000)
  from space 2560K, 78% used [0x00000000ec080000,0x00000000ec278000,0x00000000ec300000)
  to   space 2560K, 0% used [0x00000000ec300000,0x00000000ec300000,0x00000000ec580000)
 ParOldGen       total 68608K, used 28502K [0x00000000c0000000, 0x00000000c4300000, 0x00000000eab00000)
  object space 68608K, 41% used [0x00000000c0000000,0x00000000c1bd5b20,0x00000000c4300000)
 Metaspace       used 45128K, committed 46080K, reserved 1114112K
  class space    used 4826K, committed 5248K, reserved 1048576K
}
Event: 14.042 GC heap after
{Heap after GC invocations=20 (full 2):
 PSYoungGen      total 23552K, used 1312K [0x00000000eab00000, 0x00000000ec480000, 0x0000000100000000)
  eden space 22016K, 0% used [0x00000000eab00000,0x00000000eab00000,0x00000000ec080000)
  from space 1536K, 85% used [0x00000000ec300000,0x00000000ec448000,0x00000000ec480000)
  to   space 2048K, 0% used [0x00000000ec080000,0x00000000ec080000,0x00000000ec280000)
 ParOldGen       total 68608K, used 30486K [0x00000000c0000000, 0x00000000c4300000, 0x00000000eab00000)
  object space 68608K, 44% used [0x00000000c0000000,0x00000000c1dc5b20,0x00000000c4300000)
 Metaspace       used 45128K, committed 46080K, reserved 1114112K
  class space    used 4826K, committed 5248K, reserved 1048576K
}
Event: 14.737 GC heap before
{Heap before GC invocations=21 (full 2):
 PSYoungGen      total 23552K, used 23328K [0x00000000eab00000, 0x00000000ec480000, 0x0000000100000000)
  eden space 22016K, 100% used [0x00000000eab00000,0x00000000ec080000,0x00000000ec080000)
  from space 1536K, 85% used [0x00000000ec300000,0x00000000ec448000,0x00000000ec480000)
  to   space 2048K, 0% used [0x00000000ec080000,0x00000000ec080000,0x00000000ec280000)
 ParOldGen       total 68608K, used 30486K [0x00000000c0000000, 0x00000000c4300000, 0x00000000eab00000)
  object space 68608K, 44% used [0x00000000c0000000,0x00000000c1dc5b20,0x00000000c4300000)
 Metaspace       used 47764K, committed 48704K, reserved 1114112K
  class space    used 5134K, committed 5568K, reserved 1048576K
}
Event: 14.741 GC heap after
{Heap after GC invocations=21 (full 2):
 PSYoungGen      total 23040K, used 1008K [0x00000000eab00000, 0x00000000ec380000, 0x0000000100000000)
  eden space 22016K, 0% used [0x00000000eab00000,0x00000000eab00000,0x00000000ec080000)
  from space 1024K, 98% used [0x00000000ec080000,0x00000000ec17c010,0x00000000ec180000)
  to   space 1536K, 0% used [0x00000000ec200000,0x00000000ec200000,0x00000000ec380000)
 ParOldGen       total 68608K, used 31758K [0x00000000c0000000, 0x00000000c4300000, 0x00000000eab00000)
  object space 68608K, 46% used [0x00000000c0000000,0x00000000c1f03b20,0x00000000c4300000)
 Metaspace       used 47764K, committed 48704K, reserved 1114112K
  class space    used 5134K, committed 5568K, reserved 1048576K
}
Event: 15.640 GC heap before
{Heap before GC invocations=22 (full 2):
 PSYoungGen      total 23040K, used 23024K [0x00000000eab00000, 0x00000000ec380000, 0x0000000100000000)
  eden space 22016K, 100% used [0x00000000eab00000,0x00000000ec080000,0x00000000ec080000)
  from space 1024K, 98% used [0x00000000ec080000,0x00000000ec17c010,0x00000000ec180000)
  to   space 1536K, 0% used [0x00000000ec200000,0x00000000ec200000,0x00000000ec380000)
 ParOldGen       total 68608K, used 31758K [0x00000000c0000000, 0x00000000c4300000, 0x00000000eab00000)
  object space 68608K, 46% used [0x00000000c0000000,0x00000000c1f03b20,0x00000000c4300000)
 Metaspace       used 50642K, committed 51584K, reserved 1114112K
  class space    used 5479K, committed 5888K, reserved 1048576K
}
Event: 15.643 GC heap after
{Heap after GC invocations=22 (full 2):
 PSYoungGen      total 23552K, used 1192K [0x00000000eab00000, 0x00000000ec380000, 0x0000000100000000)
  eden space 22016K, 0% used [0x00000000eab00000,0x00000000eab00000,0x00000000ec080000)
  from space 1536K, 77% used [0x00000000ec200000,0x00000000ec32a0a8,0x00000000ec380000)
  to   space 1536K, 0% used [0x00000000ec080000,0x00000000ec080000,0x00000000ec200000)
 ParOldGen       total 68608K, used 32671K [0x00000000c0000000, 0x00000000c4300000, 0x00000000eab00000)
  object space 68608K, 47% used [0x00000000c0000000,0x00000000c1fe7d80,0x00000000c4300000)
 Metaspace       used 50642K, committed 51584K, reserved 1114112K
  class space    used 5479K, committed 5888K, reserved 1048576K
}
Event: 16.014 GC heap before
{Heap before GC invocations=23 (full 2):
 PSYoungGen      total 23552K, used 23208K [0x00000000eab00000, 0x00000000ec380000, 0x0000000100000000)
  eden space 22016K, 100% used [0x00000000eab00000,0x00000000ec080000,0x00000000ec080000)
  from space 1536K, 77% used [0x00000000ec200000,0x00000000ec32a0a8,0x00000000ec380000)
  to   space 1536K, 0% used [0x00000000ec080000,0x00000000ec080000,0x00000000ec200000)
 ParOldGen       total 68608K, used 32671K [0x00000000c0000000, 0x00000000c4300000, 0x00000000eab00000)
  object space 68608K, 47% used [0x00000000c0000000,0x00000000c1fe7d80,0x00000000c4300000)
 Metaspace       used 52350K, committed 53312K, reserved 1114112K
  class space    used 5687K, committed 6080K, reserved 1048576K
}
Event: 16.017 GC heap after
{Heap after GC invocations=23 (full 2):
 PSYoungGen      total 23552K, used 1520K [0x00000000eab00000, 0x00000000ec780000, 0x0000000100000000)
  eden space 22016K, 0% used [0x00000000eab00000,0x00000000eab00000,0x00000000ec080000)
  from space 1536K, 98% used [0x00000000ec080000,0x00000000ec1fc1b0,0x00000000ec200000)
  to   space 3584K, 0% used [0x00000000ec400000,0x00000000ec400000,0x00000000ec780000)
 ParOldGen       total 68608K, used 33963K [0x00000000c0000000, 0x00000000c4300000, 0x00000000eab00000)
  object space 68608K, 49% used [0x00000000c0000000,0x00000000c212ae48,0x00000000c4300000)
 Metaspace       used 52350K, committed 53312K, reserved 1114112K
  class space    used 5687K, committed 6080K, reserved 1048576K
}
Event: 16.381 GC heap before
{Heap before GC invocations=24 (full 2):
 PSYoungGen      total 23552K, used 23536K [0x00000000eab00000, 0x00000000ec780000, 0x0000000100000000)
  eden space 22016K, 100% used [0x00000000eab00000,0x00000000ec080000,0x00000000ec080000)
  from space 1536K, 98% used [0x00000000ec080000,0x00000000ec1fc1b0,0x00000000ec200000)
  to   space 3584K, 0% used [0x00000000ec400000,0x00000000ec400000,0x00000000ec780000)
 ParOldGen       total 68608K, used 33963K [0x00000000c0000000, 0x00000000c4300000, 0x00000000eab00000)
  object space 68608K, 49% used [0x00000000c0000000,0x00000000c212ae48,0x00000000c4300000)
 Metaspace       used 52613K, committed 53568K, reserved 1114112K
  class space    used 5703K, committed 6080K, reserved 1048576K
}
Event: 16.387 GC heap after
{Heap after GC invocations=24 (full 2):
 PSYoungGen      total 24576K, used 2272K [0x00000000eab00000, 0x00000000ec680000, 0x0000000100000000)
  eden space 22016K, 0% used [0x00000000eab00000,0x00000000eab00000,0x00000000ec080000)
  from space 2560K, 88% used [0x00000000ec400000,0x00000000ec638000,0x00000000ec680000)
  to   space 2560K, 0% used [0x00000000ec180000,0x00000000ec180000,0x00000000ec400000)
 ParOldGen       total 68608K, used 35464K [0x00000000c0000000, 0x00000000c4300000, 0x00000000eab00000)
  object space 68608K, 51% used [0x00000000c0000000,0x00000000c22a21d0,0x00000000c4300000)
 Metaspace       used 52613K, committed 53568K, reserved 1114112K
  class space    used 5703K, committed 6080K, reserved 1048576K
}
Event: 17.356 GC heap before
{Heap before GC invocations=25 (full 2):
 PSYoungGen      total 24576K, used 24288K [0x00000000eab00000, 0x00000000ec680000, 0x0000000100000000)
  eden space 22016K, 100% used [0x00000000eab00000,0x00000000ec080000,0x00000000ec080000)
  from space 2560K, 88% used [0x00000000ec400000,0x00000000ec638000,0x00000000ec680000)
  to   space 2560K, 0% used [0x00000000ec180000,0x00000000ec180000,0x00000000ec400000)
 ParOldGen       total 68608K, used 35464K [0x00000000c0000000, 0x00000000c4300000, 0x00000000eab00000)
  object space 68608K, 51% used [0x00000000c0000000,0x00000000c22a21d0,0x00000000c4300000)
 Metaspace       used 52801K, committed 53824K, reserved 1114112K
  class space    used 5724K, committed 6144K, reserved 1048576K
}
Event: 17.361 GC heap after
{Heap after GC invocations=25 (full 2):
 PSYoungGen      total 22528K, used 448K [0x00000000eab00000, 0x00000000ec480000, 0x0000000100000000)
  eden space 22016K, 0% used [0x00000000eab00000,0x00000000eab00000,0x00000000ec080000)
  from space 512K, 87% used [0x00000000ec180000,0x00000000ec1f0000,0x00000000ec200000)
  to   space 1536K, 0% used [0x00000000ec300000,0x00000000ec300000,0x00000000ec480000)
 ParOldGen       total 68608K, used 37686K [0x00000000c0000000, 0x00000000c4300000, 0x00000000eab00000)
  object space 68608K, 54% used [0x00000000c0000000,0x00000000c24cda50,0x00000000c4300000)
 Metaspace       used 52801K, committed 53824K, reserved 1114112K
  class space    used 5724K, committed 6144K, reserved 1048576K
}
Event: 18.372 GC heap before
{Heap before GC invocations=26 (full 2):
 PSYoungGen      total 22528K, used 22420K [0x00000000eab00000, 0x00000000ec480000, 0x0000000100000000)
  eden space 22016K, 99% used [0x00000000eab00000,0x00000000ec075128,0x00000000ec080000)
  from space 512K, 87% used [0x00000000ec180000,0x00000000ec1f0000,0x00000000ec200000)
  to   space 1536K, 0% used [0x00000000ec300000,0x00000000ec300000,0x00000000ec480000)
 ParOldGen       total 68608K, used 37686K [0x00000000c0000000, 0x00000000c4300000, 0x00000000eab00000)
  object space 68608K, 54% used [0x00000000c0000000,0x00000000c24cda50,0x00000000c4300000)
 Metaspace       used 55148K, committed 56192K, reserved 1114112K
  class space    used 5964K, committed 6400K, reserved 1048576K
}
Event: 18.378 GC heap after
{Heap after GC invocations=26 (full 2):
 PSYoungGen      total 23552K, used 1507K [0x00000000eab00000, 0x00000000ec580000, 0x0000000100000000)
  eden space 22016K, 0% used [0x00000000eab00000,0x00000000eab00000,0x00000000ec080000)
  from space 1536K, 98% used [0x00000000ec300000,0x00000000ec478f60,0x00000000ec480000)
  to   space 2560K, 0% used [0x00000000ec080000,0x00000000ec080000,0x00000000ec300000)
 ParOldGen       total 68608K, used 38054K [0x00000000c0000000, 0x00000000c4300000, 0x00000000eab00000)
  object space 68608K, 55% used [0x00000000c0000000,0x00000000c2529a50,0x00000000c4300000)
 Metaspace       used 55148K, committed 56192K, reserved 1114112K
  class space    used 5964K, committed 6400K, reserved 1048576K
}
Event: 19.070 GC heap before
{Heap before GC invocations=27 (full 2):
 PSYoungGen      total 23552K, used 23523K [0x00000000eab00000, 0x00000000ec580000, 0x0000000100000000)
  eden space 22016K, 100% used [0x00000000eab00000,0x00000000ec080000,0x00000000ec080000)
  from space 1536K, 98% used [0x00000000ec300000,0x00000000ec478f60,0x00000000ec480000)
  to   space 2560K, 0% used [0x00000000ec080000,0x00000000ec080000,0x00000000ec300000)
 ParOldGen       total 68608K, used 38054K [0x00000000c0000000, 0x00000000c4300000, 0x00000000eab00000)
  object space 68608K, 55% used [0x00000000c0000000,0x00000000c2529a50,0x00000000c4300000)
 Metaspace       used 55889K, committed 56960K, reserved 1114112K
  class space    used 6064K, committed 6528K, reserved 1048576K
}
Event: 19.072 GC heap after
{Heap after GC invocations=27 (full 2):
 PSYoungGen      total 22528K, used 320K [0x00000000eab00000, 0x00000000ec380000, 0x0000000100000000)
  eden space 22016K, 0% used [0x00000000eab00000,0x00000000eab00000,0x00000000ec080000)
  from space 512K, 62% used [0x00000000ec080000,0x00000000ec0d0010,0x00000000ec100000)
  to   space 1024K, 0% used [0x00000000ec280000,0x00000000ec280000,0x00000000ec380000)
 ParOldGen       total 68608K, used 39523K [0x00000000c0000000, 0x00000000c4300000, 0x00000000eab00000)
  object space 68608K, 57% used [0x00000000c0000000,0x00000000c2698fc8,0x00000000c4300000)
 Metaspace       used 55889K, committed 56960K, reserved 1114112K
  class space    used 6064K, committed 6528K, reserved 1048576K
}

Dll operation events (10 events):
Event: 0.010 Loaded shared library c:\Users\HP\.vscode\extensions\redhat.java-1.20.0-win32-x64\jre\17.0.7-win32-x86_64\bin\java.dll
Event: 0.349 Loaded shared library c:\Users\HP\.vscode\extensions\redhat.java-1.20.0-win32-x64\jre\17.0.7-win32-x86_64\bin\zip.dll
Event: 0.353 Loaded shared library C:\Users\HP\.vscode\extensions\redhat.java-1.20.0-win32-x64\jre\17.0.7-win32-x86_64\bin\instrument.dll
Event: 0.374 Loaded shared library C:\Users\HP\.vscode\extensions\redhat.java-1.20.0-win32-x64\jre\17.0.7-win32-x86_64\bin\net.dll
Event: 0.377 Loaded shared library C:\Users\HP\.vscode\extensions\redhat.java-1.20.0-win32-x64\jre\17.0.7-win32-x86_64\bin\nio.dll
Event: 0.388 Loaded shared library C:\Users\HP\.vscode\extensions\redhat.java-1.20.0-win32-x64\jre\17.0.7-win32-x86_64\bin\zip.dll
Event: 0.410 Loaded shared library C:\Users\HP\.vscode\extensions\redhat.java-1.20.0-win32-x64\jre\17.0.7-win32-x86_64\bin\jimage.dll
Event: 0.482 Loaded shared library c:\Users\HP\.vscode\extensions\redhat.java-1.20.0-win32-x64\jre\17.0.7-win32-x86_64\bin\verify.dll
Event: 2.912 Loaded shared library C:\Users\HP\AppData\Roaming\Code\User\globalStorage\redhat.java\1.20.0\config_win\org.eclipse.equinox.launcher\org.eclipse.equinox.launcher.win32.win32.x86_64_1.2.700.v20221108-1024\eclipse_11801.dll
Event: 10.545 Loaded shared library C:\Users\HP\AppData\Local\Temp\jna-2312\jna1851310783468926435.dll

Deoptimization events (20 events):
Event: 19.200 Thread 0x0000022bedfe6400 Uncommon trap: trap_request=0xffffffde fr.pc=0x0000022bdd0322f0 relative=0x0000000000000ad0
Event: 19.200 Thread 0x0000022bedfe6400 Uncommon trap: reason=class_check action=maybe_recompile pc=0x0000022bdd0322f0 method=java.util.concurrent.ConcurrentHashMap.putVal(Ljava/lang/Object;Ljava/lang/Object;Z)Ljava/lang/Object; @ 159 c2
Event: 19.200 Thread 0x0000022bedfe6400 DEOPT PACKING pc=0x0000022bdd0322f0 sp=0x00000062c0cfd570
Event: 19.200 Thread 0x0000022bedfe6400 DEOPT UNPACKING pc=0x0000022bdc9a66a3 sp=0x00000062c0cfd4f0 mode 2
Event: 19.200 Thread 0x0000022bedfe6da0 Uncommon trap: trap_request=0xffffffde fr.pc=0x0000022bdd0322f0 relative=0x0000000000000ad0
Event: 19.200 Thread 0x0000022bedfe1700 Uncommon trap: trap_request=0xffffffde fr.pc=0x0000022bdd0322f0 relative=0x0000000000000ad0
Event: 19.200 Thread 0x0000022bedfe6da0 Uncommon trap: reason=class_check action=maybe_recompile pc=0x0000022bdd0322f0 method=java.util.concurrent.ConcurrentHashMap.putVal(Ljava/lang/Object;Ljava/lang/Object;Z)Ljava/lang/Object; @ 159 c2
Event: 19.200 Thread 0x0000022bedfe1700 Uncommon trap: reason=class_check action=maybe_recompile pc=0x0000022bdd0322f0 method=java.util.concurrent.ConcurrentHashMap.putVal(Ljava/lang/Object;Ljava/lang/Object;Z)Ljava/lang/Object; @ 159 c2
Event: 19.200 Thread 0x0000022bedfe6da0 DEOPT PACKING pc=0x0000022bdd0322f0 sp=0x00000062c09fc690
Event: 19.200 Thread 0x0000022bedfe6da0 DEOPT UNPACKING pc=0x0000022bdc9a66a3 sp=0x00000062c09fc610 mode 2
Event: 19.200 Thread 0x0000022bedfe1700 DEOPT PACKING pc=0x0000022bdd0322f0 sp=0x00000062c0bfcf60
Event: 19.200 Thread 0x0000022bedfe1700 DEOPT UNPACKING pc=0x0000022bdc9a66a3 sp=0x00000062c0bfcee0 mode 2
Event: 19.331 Thread 0x0000022bedfe6400 Uncommon trap: trap_request=0xffffff45 fr.pc=0x0000022bdcf273ec relative=0x0000000000000c2c
Event: 19.331 Thread 0x0000022bedfe6400 Uncommon trap: reason=unstable_if action=reinterpret pc=0x0000022bdcf273ec method=java.util.regex.Pattern.atom()Ljava/util/regex/Pattern$Node; @ 14 c2
Event: 19.331 Thread 0x0000022bedfe6400 DEOPT PACKING pc=0x0000022bdcf273ec sp=0x00000062c0cfc4b0
Event: 19.331 Thread 0x0000022bedfe6400 DEOPT UNPACKING pc=0x0000022bdc9a66a3 sp=0x00000062c0cfc490 mode 2
Event: 19.331 Thread 0x0000022bedfe6400 Uncommon trap: trap_request=0xffffff45 fr.pc=0x0000022bdcf260b8 relative=0x00000000000006d8
Event: 19.331 Thread 0x0000022bedfe6400 Uncommon trap: reason=unstable_if action=reinterpret pc=0x0000022bdcf260b8 method=java.util.regex.Pattern.newSlice([IIZ)Ljava/util/regex/Pattern$Node; @ 19 c2
Event: 19.331 Thread 0x0000022bedfe6400 DEOPT PACKING pc=0x0000022bdcf260b8 sp=0x00000062c0cfc1d0
Event: 19.331 Thread 0x0000022bedfe6400 DEOPT UNPACKING pc=0x0000022bdc9a66a3 sp=0x00000062c0cfc190 mode 2

Classes unloaded (7 events):
Event: 6.335 Thread 0x0000022be6ce9220 Unloading class 0x000000010021a400 'java/lang/invoke/LambdaForm$MH+0x000000010021a400'
Event: 6.335 Thread 0x0000022be6ce9220 Unloading class 0x000000010021a000 'java/lang/invoke/LambdaForm$MH+0x000000010021a000'
Event: 6.335 Thread 0x0000022be6ce9220 Unloading class 0x0000000100219c00 'java/lang/invoke/LambdaForm$MH+0x0000000100219c00'
Event: 6.335 Thread 0x0000022be6ce9220 Unloading class 0x0000000100219800 'java/lang/invoke/LambdaForm$MH+0x0000000100219800'
Event: 6.335 Thread 0x0000022be6ce9220 Unloading class 0x0000000100219000 'java/lang/invoke/LambdaForm$BMH+0x0000000100219000'
Event: 6.335 Thread 0x0000022be6ce9220 Unloading class 0x0000000100218c00 'java/lang/invoke/LambdaForm$DMH+0x0000000100218c00'
Event: 6.335 Thread 0x0000022be6ce9220 Unloading class 0x0000000100216000 'java/lang/invoke/LambdaForm$DMH+0x0000000100216000'

Classes redefined (0 events):
No events

Internal exceptions (20 events):
Event: 17.048 Thread 0x0000022bec6025c0 Exception <a 'sun/nio/fs/WindowsException'{0x00000000eb3abee8}> (0x00000000eb3abee8) 
thrown [s\src\hotspot\share\prims\jni.cpp, line 516]
Event: 17.048 Thread 0x0000022bec6025c0 Exception <a 'sun/nio/fs/WindowsException'{0x00000000eb3ac4d8}> (0x00000000eb3ac4d8) 
thrown [s\src\hotspot\share\prims\jni.cpp, line 516]
Event: 17.048 Thread 0x0000022bec6025c0 Exception <a 'sun/nio/fs/WindowsException'{0x00000000eb3acad8}> (0x00000000eb3acad8) 
thrown [s\src\hotspot\share\prims\jni.cpp, line 516]
Event: 17.048 Thread 0x0000022bec6025c0 Exception <a 'sun/nio/fs/WindowsException'{0x00000000eb3b1388}> (0x00000000eb3b1388) 
thrown [s\src\hotspot\share\prims\jni.cpp, line 516]
Event: 17.048 Thread 0x0000022bec6025c0 Exception <a 'sun/nio/fs/WindowsException'{0x00000000eb3b1988}> (0x00000000eb3b1988) 
thrown [s\src\hotspot\share\prims\jni.cpp, line 516]
Event: 17.048 Thread 0x0000022bec6025c0 Exception <a 'sun/nio/fs/WindowsException'{0x00000000eb3b1f90}> (0x00000000eb3b1f90) 
thrown [s\src\hotspot\share\prims\jni.cpp, line 516]
Event: 17.048 Thread 0x0000022bec6025c0 Exception <a 'sun/nio/fs/WindowsException'{0x00000000eb3b25a8}> (0x00000000eb3b25a8) 
thrown [s\src\hotspot\share\prims\jni.cpp, line 516]
Event: 17.048 Thread 0x0000022bec6025c0 Exception <a 'sun/nio/fs/WindowsException'{0x00000000eb3b7040}> (0x00000000eb3b7040) 
thrown [s\src\hotspot\share\prims\jni.cpp, line 516]
Event: 17.049 Thread 0x0000022bec6025c0 Exception <a 'sun/nio/fs/WindowsException'{0x00000000eb3b7668}> (0x00000000eb3b7668) 
thrown [s\src\hotspot\share\prims\jni.cpp, line 516]
Event: 17.049 Thread 0x0000022bec6025c0 Exception <a 'sun/nio/fs/WindowsException'{0x00000000eb3b7c90}> (0x00000000eb3b7c90) 
thrown [s\src\hotspot\share\prims\jni.cpp, line 516]
Event: 17.049 Thread 0x0000022bec6025c0 Exception <a 'sun/nio/fs/WindowsException'{0x00000000eb3b82d0}> (0x00000000eb3b82d0) 
thrown [s\src\hotspot\share\prims\jni.cpp, line 516]
Event: 17.612 Thread 0x0000022bec6025c0 Exception <a 'sun/nio/fs/WindowsException'{0x00000000eae3e3f8}> (0x00000000eae3e3f8) 
thrown [s\src\hotspot\share\prims\jni.cpp, line 516]
Event: 17.634 Thread 0x0000022bec6025c0 Exception <a 'sun/nio/fs/WindowsException'{0x00000000eae77f80}> (0x00000000eae77f80) 
thrown [s\src\hotspot\share\prims\jni.cpp, line 516]
Event: 17.783 Thread 0x0000022bedfe6da0 Exception <a 'java/lang/NoSuchMethodError'{0x00000000eb20c620}: 'java.lang.Object java.lang.invoke.DirectMethodHandle$Holder.invokeInterface(java.lang.Object, java.lang.Object, java.lang.Object)'> (0x00000000eb20c620) 
thrown [s\src\hotspot\share\interpreter\linkResolver.cpp, line 759]
Event: 17.878 Thread 0x0000022bedfe5a60 Implicit null exception at 0x0000022bdd019f97 to 0x0000022bdd01a340
Event: 18.049 Thread 0x0000022bedfe6da0 Exception <a 'java/io/FileNotFoundException'{0x00000000eb9132f8}> (0x00000000eb9132f8) 
thrown [s\src\hotspot\share\prims\jni.cpp, line 516]
Event: 18.135 Thread 0x0000022bedfe1700 Exception <a 'java/lang/ClassNotFoundException'{0x00000000eb9eb530}: sun/util/logging/resources/spi/loggingProvider> (0x00000000eb9eb530) 
thrown [s\src\hotspot\share\classfile\systemDictionary.cpp, line 256]
Event: 18.251 Thread 0x0000022bedfe03c0 Exception <a 'java/lang/LinkageError'{0x00000000ebea6780}: loader lombok.launch.ShadowClassLoader @d7797e3 attempted duplicate class definition for lombok.launch.PatchFixesHider$Transform. (lombok.launch.PatchFixesHider$Transform is in unnamed module of loader lombok.launch.ShadowClassLoader @d7797e3, parent loader org.eclipse.osgi.internal.loader.EquinoxClassLoader @5cc85878)> (0x00000000ebea6780) 
thrown [s\src\hotspot\share\classfile\systemDictionary.cpp, line 1724]
Event: 18.251 Thread 0x0000022bedfe1700 Exception <a 'java/lang/LinkageError'{0x00000000ebeb88a8}: loader lombok.launch.ShadowClassLoader @d7797e3 attempted duplicate class definition for lombok.launch.PatchFixesHider$Transform. (lombok.launch.PatchFixesHider$Transform is in unnamed module of loader lombok.launch.ShadowClassLoader @d7797e3, parent loader org.eclipse.osgi.internal.loader.EquinoxClassLoader @5cc85878)> (0x00000000ebeb88a8) 
thrown [s\src\hotspot\share\classfile\systemDictionary.cpp, line 1724]
Event: 18.252 Thread 0x0000022bedfe6da0 Exception <a 'java/lang/LinkageError'{0x00000000ebec9d88}: loader lombok.launch.ShadowClassLoader @d7797e3 attempted duplicate class definition for lombok.launch.PatchFixesHider$Transform. (lombok.launch.PatchFixesHider$Transform is in unnamed module of loader lombok.launch.ShadowClassLoader @d7797e3, parent loader org.eclipse.osgi.internal.loader.EquinoxClassLoader @5cc85878)> (0x00000000ebec9d88) 
thrown [s\src\hotspot\share\classfile\systemDictionary.cpp, line 1724]

VM Operations (20 events):
Event: 16.321 Executing VM operation: HandshakeAllThreads
Event: 16.321 Executing VM operation: HandshakeAllThreads done
Event: 16.381 Executing VM operation: ParallelGCFailedAllocation
Event: 16.388 Executing VM operation: ParallelGCFailedAllocation done
Event: 17.356 Executing VM operation: ParallelGCFailedAllocation
Event: 17.361 Executing VM operation: ParallelGCFailedAllocation done
Event: 17.470 Executing VM operation: HandshakeAllThreads
Event: 17.470 Executing VM operation: HandshakeAllThreads done
Event: 17.843 Executing VM operation: HandshakeAllThreads
Event: 17.886 Executing VM operation: HandshakeAllThreads done
Event: 17.888 Executing VM operation: HandshakeAllThreads
Event: 17.933 Executing VM operation: HandshakeAllThreads done
Event: 17.933 Executing VM operation: ICBufferFull
Event: 17.934 Executing VM operation: ICBufferFull done
Event: 17.936 Executing VM operation: ICBufferFull
Event: 17.942 Executing VM operation: ICBufferFull done
Event: 18.372 Executing VM operation: ParallelGCFailedAllocation
Event: 18.378 Executing VM operation: ParallelGCFailedAllocation done
Event: 19.070 Executing VM operation: ParallelGCFailedAllocation
Event: 19.072 Executing VM operation: ParallelGCFailedAllocation done

Events (20 events):
Event: 18.136 loading class java/time/LocalDate$1
Event: 18.136 loading class java/time/LocalDate$1 done
Event: 18.137 loading class java/time/LocalTime$1
Event: 18.137 loading class java/time/LocalTime$1 done
Event: 18.143 loading class sun/nio/cs/ThreadLocalCoders
Event: 18.143 loading class sun/nio/cs/ThreadLocalCoders done
Event: 18.143 loading class sun/nio/cs/ThreadLocalCoders$1
Event: 18.143 loading class sun/nio/cs/ThreadLocalCoders$Cache
Event: 18.144 loading class sun/nio/cs/ThreadLocalCoders$Cache done
Event: 18.144 loading class sun/nio/cs/ThreadLocalCoders$1 done
Event: 18.144 loading class sun/nio/cs/ThreadLocalCoders$2
Event: 18.144 loading class sun/nio/cs/ThreadLocalCoders$2 done
Event: 18.517 Thread 0x0000022bef947e00 Thread exited: 0x0000022bef947e00
Event: 18.729 loading class java/util/Vector$1
Event: 18.729 loading class java/util/Vector$1 done
Event: 18.985 Thread 0x0000022bed3d2c00 Thread added: 0x0000022bed3d2c00
Event: 19.131 loading class java/util/Collections$UnmodifiableSortedSet
Event: 19.131 loading class java/util/Collections$UnmodifiableSortedSet done
Event: 19.178 loading class java/util/regex/Pattern$Caret
Event: 19.178 loading class java/util/regex/Pattern$Caret done


Dynamic libraries:
0x00007ff7b6210000 - 0x00007ff7b621e000 	c:\Users\HP\.vscode\extensions\redhat.java-1.20.0-win32-x64\jre\17.0.7-win32-x86_64\bin\java.exe
0x00007ffe51670000 - 0x00007ffe51868000 	C:\WINDOWS\SYSTEM32\ntdll.dll
0x00007ffe50240000 - 0x00007ffe502ff000 	C:\WINDOWS\System32\KERNEL32.DLL
0x00007ffe4f340000 - 0x00007ffe4f636000 	C:\WINDOWS\System32\KERNELBASE.dll
0x00007ffe4eec0000 - 0x00007ffe4efc0000 	C:\WINDOWS\System32\ucrtbase.dll
0x00007ffe489e0000 - 0x00007ffe489f7000 	c:\Users\HP\.vscode\extensions\redhat.java-1.20.0-win32-x64\jre\17.0.7-win32-x86_64\bin\jli.dll
0x00007ffe4f6d0000 - 0x00007ffe4f86d000 	C:\WINDOWS\System32\USER32.dll
0x00007ffe4f270000 - 0x00007ffe4f292000 	C:\WINDOWS\System32\win32u.dll
0x00007ffe506f0000 - 0x00007ffe5071c000 	C:\WINDOWS\System32\GDI32.dll
0x00007ffe4efc0000 - 0x00007ffe4f0d5000 	C:\WINDOWS\System32\gdi32full.dll
0x00007ffe4f2a0000 - 0x00007ffe4f33d000 	C:\WINDOWS\System32\msvcp_win.dll
0x00007ffe45bf0000 - 0x00007ffe45c09000 	c:\Users\HP\.vscode\extensions\redhat.java-1.20.0-win32-x64\jre\17.0.7-win32-x86_64\bin\VCRUNTIME140.dll
0x00007ffe32710000 - 0x00007ffe329aa000 	C:\WINDOWS\WinSxS\amd64_microsoft.windows.common-controls_6595b64144ccf1df_6.0.19041.1110_none_60b5254171f9507e\COMCTL32.dll
0x00007ffe503f0000 - 0x00007ffe5048e000 	C:\WINDOWS\System32\msvcrt.dll
0x00007ffe512e0000 - 0x00007ffe51310000 	C:\WINDOWS\System32\IMM32.DLL
0x00007ffe494b0000 - 0x00007ffe494bc000 	c:\Users\HP\.vscode\extensions\redhat.java-1.20.0-win32-x64\jre\17.0.7-win32-x86_64\bin\vcruntime140_1.dll
0x00007ffe31a30000 - 0x00007ffe31ac1000 	c:\Users\HP\.vscode\extensions\redhat.java-1.20.0-win32-x64\jre\17.0.7-win32-x86_64\bin\msvcp140.dll
0x00007ffdfd040000 - 0x00007ffdfdc88000 	c:\Users\HP\.vscode\extensions\redhat.java-1.20.0-win32-x64\jre\17.0.7-win32-x86_64\bin\server\jvm.dll
0x00007ffe4ff90000 - 0x00007ffe5003f000 	C:\WINDOWS\System32\ADVAPI32.dll
0x00007ffe51590000 - 0x00007ffe5162c000 	C:\WINDOWS\System32\sechost.dll
0x00007ffe51340000 - 0x00007ffe51466000 	C:\WINDOWS\System32\RPCRT4.dll
0x00007ffe49cf0000 - 0x00007ffe49cf9000 	C:\WINDOWS\SYSTEM32\WSOCK32.dll
0x00007ffe501d0000 - 0x00007ffe5023b000 	C:\WINDOWS\System32\WS2_32.dll
0x00007ffe49d20000 - 0x00007ffe49d47000 	C:\WINDOWS\SYSTEM32\WINMM.dll
0x00007ffe492b0000 - 0x00007ffe492ba000 	C:\WINDOWS\SYSTEM32\VERSION.dll
0x00007ffe4d830000 - 0x00007ffe4d842000 	C:\WINDOWS\SYSTEM32\kernel.appcore.dll
0x00007ffe47fb0000 - 0x00007ffe47fba000 	c:\Users\HP\.vscode\extensions\redhat.java-1.20.0-win32-x64\jre\17.0.7-win32-x86_64\bin\jimage.dll
0x00007ffe4d240000 - 0x00007ffe4d424000 	C:\WINDOWS\SYSTEM32\DBGHELP.DLL
0x00007ffe391c0000 - 0x00007ffe391f4000 	C:\WINDOWS\SYSTEM32\dbgcore.DLL
0x00007ffe4f640000 - 0x00007ffe4f6c2000 	C:\WINDOWS\System32\bcryptPrimitives.dll
0x00007ffe43f80000 - 0x00007ffe43f8e000 	c:\Users\HP\.vscode\extensions\redhat.java-1.20.0-win32-x64\jre\17.0.7-win32-x86_64\bin\instrument.dll
0x00007ffe3aa00000 - 0x00007ffe3aa25000 	c:\Users\HP\.vscode\extensions\redhat.java-1.20.0-win32-x64\jre\17.0.7-win32-x86_64\bin\java.dll
0x00007ffe42f90000 - 0x00007ffe42fa8000 	c:\Users\HP\.vscode\extensions\redhat.java-1.20.0-win32-x64\jre\17.0.7-win32-x86_64\bin\zip.dll
0x00007ffe50b90000 - 0x00007ffe512d4000 	C:\WINDOWS\System32\SHELL32.dll
0x00007ffe4c980000 - 0x00007ffe4d114000 	C:\WINDOWS\SYSTEM32\windows.storage.dll
0x00007ffe4f8f0000 - 0x00007ffe4fc44000 	C:\WINDOWS\System32\combase.dll
0x00007ffe4e5e0000 - 0x00007ffe4e60e000 	C:\WINDOWS\SYSTEM32\Wldp.dll
0x00007ffe50490000 - 0x00007ffe5053d000 	C:\WINDOWS\System32\SHCORE.dll
0x00007ffe50110000 - 0x00007ffe50165000 	C:\WINDOWS\System32\shlwapi.dll
0x00007ffe4ec80000 - 0x00007ffe4eca5000 	C:\WINDOWS\SYSTEM32\profapi.dll
0x00007ffe39540000 - 0x00007ffe39559000 	C:\Users\HP\.vscode\extensions\redhat.java-1.20.0-win32-x64\jre\17.0.7-win32-x86_64\bin\net.dll
0x00007ffe490a0000 - 0x00007ffe491aa000 	C:\WINDOWS\SYSTEM32\WINHTTP.dll
0x00007ffe4e3c0000 - 0x00007ffe4e42a000 	C:\WINDOWS\system32\mswsock.dll
0x00007ffe393b0000 - 0x00007ffe393c5000 	C:\Users\HP\.vscode\extensions\redhat.java-1.20.0-win32-x64\jre\17.0.7-win32-x86_64\bin\nio.dll
0x00007ffe42f70000 - 0x00007ffe42f80000 	c:\Users\HP\.vscode\extensions\redhat.java-1.20.0-win32-x64\jre\17.0.7-win32-x86_64\bin\verify.dll
0x00007ffe2d1d0000 - 0x00007ffe2d20e000 	C:\Users\HP\AppData\Roaming\Code\User\globalStorage\redhat.java\1.20.0\config_win\org.eclipse.equinox.launcher\org.eclipse.equinox.launcher.win32.win32.x86_64_1.2.700.v20221108-1024\eclipse_11801.dll
0x00007ffe4fcb0000 - 0x00007ffe4fdda000 	C:\WINDOWS\System32\ole32.dll
0x00007ffe4e620000 - 0x00007ffe4e638000 	C:\WINDOWS\SYSTEM32\CRYPTSP.dll
0x00007ffe4dd00000 - 0x00007ffe4dd34000 	C:\WINDOWS\system32\rsaenh.dll
0x00007ffe4f240000 - 0x00007ffe4f267000 	C:\WINDOWS\System32\bcrypt.dll
0x00007ffe4ec00000 - 0x00007ffe4ec2e000 	C:\WINDOWS\SYSTEM32\USERENV.dll
0x00007ffe4e550000 - 0x00007ffe4e55c000 	C:\WINDOWS\SYSTEM32\CRYPTBASE.dll
0x00007ffe4e0d0000 - 0x00007ffe4e10c000 	C:\WINDOWS\SYSTEM32\IPHLPAPI.DLL
0x00007ffe51330000 - 0x00007ffe51338000 	C:\WINDOWS\System32\NSI.dll
0x00007ffe495b0000 - 0x00007ffe495c7000 	C:\WINDOWS\SYSTEM32\dhcpcsvc6.DLL
0x00007ffe49590000 - 0x00007ffe495ad000 	C:\WINDOWS\SYSTEM32\dhcpcsvc.DLL
0x00007ffe4e160000 - 0x00007ffe4e22a000 	C:\WINDOWS\SYSTEM32\DNSAPI.dll
0x00007ffe2d210000 - 0x00007ffe2d255000 	C:\Users\HP\AppData\Local\Temp\jna-2312\jna1851310783468926435.dll
0x00007ffe4ff80000 - 0x00007ffe4ff88000 	C:\WINDOWS\System32\PSAPI.DLL

dbghelp: loaded successfully - version: 4.0.5 - missing functions: none
symbol engine: initialized successfully - sym options: 0x614 - pdb path: .;c:\Users\HP\.vscode\extensions\redhat.java-1.20.0-win32-x64\jre\17.0.7-win32-x86_64\bin;C:\WINDOWS\SYSTEM32;C:\WINDOWS\WinSxS\amd64_microsoft.windows.common-controls_6595b64144ccf1df_6.0.19041.1110_none_60b5254171f9507e;c:\Users\HP\.vscode\extensions\redhat.java-1.20.0-win32-x64\jre\17.0.7-win32-x86_64\bin\server;C:\Users\HP\AppData\Roaming\Code\User\globalStorage\redhat.java\1.20.0\config_win\org.eclipse.equinox.launcher\org.eclipse.equinox.launcher.win32.win32.x86_64_1.2.700.v20221108-1024;C:\Users\HP\AppData\Local\Temp\jna-2312

VM Arguments:
jvm_args: --add-modules=ALL-SYSTEM --add-opens=java.base/java.util=ALL-UNNAMED --add-opens=java.base/java.lang=ALL-UNNAMED --add-opens=java.base/sun.nio.fs=ALL-UNNAMED -Declipse.application=org.eclipse.jdt.ls.core.id1 -Dosgi.bundles.defaultStartLevel=4 -Declipse.product=org.eclipse.jdt.ls.core.product -Djava.import.generatesMetadataFilesAtProjectRoot=false -Dfile.encoding=utf8 -XX:+UseParallelGC -XX:GCTimeRatio=4 -XX:AdaptiveSizePolicyWeight=90 -Dsun.zip.disableMemoryMapping=true -Xmx1G -Xms100m -Xlog:disable -javaagent:c:\Users\HP\.vscode\extensions\redhat.java-1.20.0-win32-x64\lombok\lombok-1.18.28.jar -XX:+HeapDumpOnOutOfMemoryError -XX:HeapDumpPath=c:\Users\HP\AppData\Roaming\Code\User\workspaceStorage\5541fb1794e4195495f0c57edcbd7686\redhat.java -Daether.dependencyCollector.impl=bf 
java_command: c:\Users\HP\.vscode\extensions\redhat.java-1.20.0-win32-x64\server\plugins\org.eclipse.equinox.launcher_1.6.500.v20230622-2056.jar -configuration c:\Users\HP\AppData\Roaming\Code\User\globalStorage\redhat.java\1.20.0\config_win -data c:\Users\HP\AppData\Roaming\Code\User\workspaceStorage\5541fb1794e4195495f0c57edcbd7686\redhat.java\jdt_ws
java_class_path (initial): c:\Users\HP\.vscode\extensions\redhat.java-1.20.0-win32-x64\server\plugins\org.eclipse.equinox.launcher_1.6.500.v20230622-2056.jar
Launcher Type: SUN_STANDARD

[Global flags]
    uintx AdaptiveSizePolicyWeight                 = 90                                        {product} {command line}
     intx CICompilerCount                          = 3                                         {product} {ergonomic}
    uintx GCTimeRatio                              = 4                                         {product} {command line}
     bool HeapDumpOnOutOfMemoryError               = true                                   {manageable} {command line}
    ccstr HeapDumpPath                             = c:\Users\HP\AppData\Roaming\Code\User\workspaceStorage\5541fb1794e4195495f0c57edcbd7686\redhat.java         {manageable} {command line}
   size_t InitialHeapSize                          = 104857600                                 {product} {command line}
   size_t MaxHeapSize                              = 1073741824                                {product} {command line}
   size_t MaxNewSize                               = 357564416                                 {product} {ergonomic}
   size_t MinHeapDeltaBytes                        = 524288                                    {product} {ergonomic}
   size_t MinHeapSize                              = 104857600                                 {product} {command line}
   size_t NewSize                                  = 34603008                                  {product} {ergonomic}
    uintx NonNMethodCodeHeapSize                   = 5832780                                {pd product} {ergonomic}
    uintx NonProfiledCodeHeapSize                  = 122912730                              {pd product} {ergonomic}
   size_t OldSize                                  = 70254592                                  {product} {ergonomic}
    uintx ProfiledCodeHeapSize                     = 122912730                              {pd product} {ergonomic}
    uintx ReservedCodeCacheSize                    = 251658240                              {pd product} {ergonomic}
     bool SegmentedCodeCache                       = true                                      {product} {ergonomic}
   size_t SoftMaxHeapSize                          = 1073741824                             {manageable} {ergonomic}
     bool UseCompressedClassPointers               = true                           {product lp64_product} {ergonomic}
     bool UseCompressedOops                        = true                           {product lp64_product} {ergonomic}
     bool UseLargePagesIndividualAllocation        = false                                  {pd product} {ergonomic}
     bool UseParallelGC                            = true                                      {product} {command line}

Logging:
Log output configuration:
 #0: stdout all=off uptime,level,tags
 #1: stderr all=off uptime,level,tags

Environment Variables:
JAVA_HOME=C:\Program Files\Java\jdk-11.0.9
PATH=C:\Program Files\Python310\Scripts\;C:\Program Files\Python310\;C:\Program Files (x86)\Common Files\Intel\Shared Libraries\redist\intel64\compiler;C:\WINDOWS\system32;C:\WINDOWS;C:\WINDOWS\System32\Wbem;C:\WINDOWS\System32\WindowsPowerShell\v1.0\;C:\WINDOWS\System32\OpenSSH\;C:\wamp64\www\scriptcase\components\php;C:\wamp64\bin\php\php7.4.26;C:\wamp64\bin\php\php7.3.25;C:\wamp64\bin\php\php7.1.29;C:\Program Files\nodejs;C:\Program Files\PuTTY\;C:\ProgramData\ComposerSetup\bin;C:\Program Files\Git\cmd;C:\Program Files (x86)\Yarn\bin\;C:\Program Files\Java\jdk-11.0.9\bin;C:\Users\HP\AppData\Local\Programs\Python\Python37;C:\Users\HP\AppData\Local\Programs\Python\Python37\Scripts;C:\Users\HP\AppData\Local\Android\flutter\bin;C:\Users\HP\AppData\Roaming\Composer\vendor\laravel\installer\bin;C:\Program Files (x86)\Bitvise SSH Client;C:\wamp64\www\apache-maven-3.8.4\bin;C:\Program Files\NetMake\v9-php73\components\php;C:\Program Files\Docker\Docker\resources\bin;C:\Program Files\nodejs\;C:\Program Files\CMake\bin;C:\Program Files\Java\jdk-11.0.19\bin;C:\Users\HP\AppData\Local\Programs\Python\Python310\Scripts\;C:\Users\HP\AppData\Local\Programs\Python\Python310\;C:\Users\HP\AppData\Local\Microsoft\WindowsApps;C:\Users\HP\AppData\Roaming\Composer\vendor\bin;C:\Users\HP\AppData\Local\Yarn\bin;C:\Program Files\heroku\bin;C:\Users\HP\AppData\Local\Programs\Microsoft VS Code\bin;C:\Users\HP\AppData\Local\GitHubDesktop\bin;C:\Users\HP\AppData\Roaming\npm;
USERNAME=HP
OS=Windows_NT
PROCESSOR_IDENTIFIER=Intel64 Family 6 Model 142 Stepping 10, GenuineIntel
TMP=C:\Users\HP\AppData\Local\Temp
TEMP=C:\Users\HP\AppData\Local\Temp



---------------  S Y S T E M  ---------------

OS:
 Windows 10 , 64 bit Build 19041 (10.0.19041.3155)
OS uptime: 1 days 0:31 hours
Hyper-V role detected

CPU: total 4 (initial active 4) (2 cores per cpu, 2 threads per core) family 6 model 142 stepping 10 microcode 0xca, cx8, cmov, fxsr, ht, mmx, 3dnowpref, sse, sse2, sse3, ssse3, sse4.1, sse4.2, popcnt, lzcnt, tsc, tscinvbit, avx, avx2, aes, erms, clmul, bmi1, bmi2, adx, fma, vzeroupper, clflush, clflushopt, hv

Memory: 4k page, system-wide physical 12199M (4602M free)
TotalPageFile size 14247M (AvailPageFile size 5M)
current process WorkingSet (physical memory assigned to process): 225M, peak: 225M
current process commit charge ("private bytes"): 284M, peak: 286M

vm_info: OpenJDK 64-Bit Server VM (17.0.7+7) for windows-amd64 JRE (17.0.7+7), built on Apr 18 2023 22:10:42 by "temurin" with MS VC++ 16.7 (VS2019)

END.
