#
# There is insufficient memory for the Java Runtime Environment to continue.
# Native memory allocation (malloc) failed to allocate 1152112 bytes for Chunk::new
# Possible reasons:
#   The system is out of physical RAM or swap space
#   The process is running with CompressedOops enabled, and the Java Heap may be blocking the growth of the native heap
# Possible solutions:
#   Reduce memory load on the system
#   Increase physical memory or swap space
#   Check if swap backing store is full
#   Decrease Java heap size (-Xmx/-Xms)
#   Decrease number of Java threads
#   Decrease Java thread stack sizes (-Xss)
#   Set larger code cache with -XX:ReservedCodeCacheSize=
#   JVM is running with Unscaled Compressed Oops mode in which the Java heap is
#     placed in the first 4GB address space. The Java Heap base address is the
#     maximum limit for the native heap growth. Please use -XX:HeapBaseMinAddress
#     to set the Java Heap base and to place the Java Heap above 4GB virtual address.
# This output file may be truncated or incomplete.
#
#  Out of Memory Error (arena.cpp:189), pid=7848, tid=14808
#
# JRE version: OpenJDK Runtime Environment Temurin-17.0.7+7 (17.0.7+7) (build 17.0.7+7)
# Java VM: OpenJDK 64-Bit Server VM Temurin-17.0.7+7 (17.0.7+7, mixed mode, tiered, compressed oops, compressed class ptrs, parallel gc, windows-amd64)
# No core dump will be written. Minidumps are not enabled by default on client versions of Windows
#

---------------  S U M M A R Y ------------

Command Line: --add-modules=ALL-SYSTEM --add-opens=java.base/java.util=ALL-UNNAMED --add-opens=java.base/java.lang=ALL-UNNAMED --add-opens=java.base/sun.nio.fs=ALL-UNNAMED -Declipse.application=org.eclipse.jdt.ls.core.id1 -Dosgi.bundles.defaultStartLevel=4 -Declipse.product=org.eclipse.jdt.ls.core.product -Djava.import.generatesMetadataFilesAtProjectRoot=false -Dfile.encoding=utf8 -XX:+UseParallelGC -XX:GCTimeRatio=4 -XX:AdaptiveSizePolicyWeight=90 -Dsun.zip.disableMemoryMapping=true -Xmx1G -Xms100m -Xlog:disable -javaagent:c:\Users\HP\.vscode\extensions\redhat.java-1.20.0-win32-x64\lombok\lombok-1.18.28.jar c:\Users\HP\.vscode\extensions\redhat.java-1.20.0-win32-x64\server\plugins\org.eclipse.equinox.launcher_1.6.500.v20230622-2056.jar -configuration c:\Users\HP\AppData\Roaming\Code\User\globalStorage\redhat.java\1.20.0\config_ss_win -data c:\Users\HP\AppData\Roaming\Code\User\workspaceStorage\5541fb1794e4195495f0c57edcbd7686\redhat.java\ss_ws

Host: Intel(R) Core(TM) i3-8130U CPU @ 2.20GHz, 4 cores, 11G,  Windows 10 , 64 bit Build 19041 (10.0.19041.3155)
Time: Tue Jul 18 12:09:41 2023 Afr. centrale Ouest elapsed time: 38.406959 seconds (0d 0h 0m 38s)

---------------  T H R E A D  ---------------

Current thread (0x0000020c85224a30):  JavaThread "C2 CompilerThread1" daemon [_thread_in_native, id=14808, stack(0x0000005e10b00000,0x0000005e10c00000)]


Current CompileTask:
C2:  38407 6751       4       org.eclipse.jdt.internal.core.JavaElement::getElementInfo (27 bytes)

Stack: [0x0000005e10b00000,0x0000005e10c00000]
Native frames: (J=compiled Java code, j=interpreted, Vv=VM code, C=native code)
V  [jvm.dll+0x67754a]
V  [jvm.dll+0x834304]
V  [jvm.dll+0x835aae]
V  [jvm.dll+0x836113]
V  [jvm.dll+0x24696f]
V  [jvm.dll+0xac0ac]
V  [jvm.dll+0xac67c]
V  [jvm.dll+0x364e37]
V  [jvm.dll+0x1bcde8]
V  [jvm.dll+0x219799]
V  [jvm.dll+0x218a61]
V  [jvm.dll+0x1a4d8d]
V  [jvm.dll+0x2284da]
V  [jvm.dll+0x226615]
V  [jvm.dll+0x7ea90b]
V  [jvm.dll+0x7e4e7a]
V  [jvm.dll+0x676395]
C  [ucrtbase.dll+0x21bb2]
C  [KERNEL32.DLL+0x17614]
C  [ntdll.dll+0x526b1]


---------------  P R O C E S S  ---------------

Threads class SMR info:
_java_thread_list=0x0000020c88e6d9e0, length=28, elements={
0x0000020ce781c990, 0x0000020cfb63b750, 0x0000020cfb63d760, 0x0000020cfb667060,
0x0000020cfb667de0, 0x0000020cfb66b610, 0x0000020cfb67f7c0, 0x0000020cfb683960,
0x0000020cfb6a6d60, 0x0000020cfb6ade70, 0x0000020c85224560, 0x0000020c853ec530,
0x0000020c859145a0, 0x0000020c85ca8d10, 0x0000020c85ca9490, 0x0000020c85d2db00,
0x0000020c85f87030, 0x0000020c85e9ad60, 0x0000020c85e9c0a0, 0x0000020c85e9c570,
0x0000020c85e9b230, 0x0000020c85e9a3c0, 0x0000020c85e9ca40, 0x0000020c85e99080,
0x0000020c85e9a890, 0x0000020c85e9b700, 0x0000020c85e99550, 0x0000020c85224a30
}

Java Threads: ( => current thread )
  0x0000020ce781c990 JavaThread "main" [_thread_blocked, id=12700, stack(0x0000005e0e800000,0x0000005e0e900000)]
  0x0000020cfb63b750 JavaThread "Reference Handler" daemon [_thread_blocked, id=5508, stack(0x0000005e0eb00000,0x0000005e0ec00000)]
  0x0000020cfb63d760 JavaThread "Finalizer" daemon [_thread_blocked, id=15416, stack(0x0000005e0ec00000,0x0000005e0ed00000)]
  0x0000020cfb667060 JavaThread "Signal Dispatcher" daemon [_thread_blocked, id=16040, stack(0x0000005e0ed00000,0x0000005e0ee00000)]
  0x0000020cfb667de0 JavaThread "Attach Listener" daemon [_thread_blocked, id=4536, stack(0x0000005e0ee00000,0x0000005e0ef00000)]
  0x0000020cfb66b610 JavaThread "Service Thread" daemon [_thread_blocked, id=16076, stack(0x0000005e0ef00000,0x0000005e0f000000)]
  0x0000020cfb67f7c0 JavaThread "Monitor Deflation Thread" daemon [_thread_blocked, id=14840, stack(0x0000005e0f000000,0x0000005e0f100000)]
  0x0000020cfb683960 JavaThread "C2 CompilerThread0" daemon [_thread_in_native, id=14600, stack(0x0000005e0f100000,0x0000005e0f200000)]
  0x0000020cfb6a6d60 JavaThread "C1 CompilerThread0" daemon [_thread_blocked, id=10140, stack(0x0000005e0f200000,0x0000005e0f300000)]
  0x0000020cfb6ade70 JavaThread "Sweeper thread" daemon [_thread_blocked, id=7724, stack(0x0000005e0f300000,0x0000005e0f400000)]
  0x0000020c85224560 JavaThread "Common-Cleaner" daemon [_thread_blocked, id=13828, stack(0x0000005e0f400000,0x0000005e0f500000)]
  0x0000020c853ec530 JavaThread "Notification Thread" daemon [_thread_blocked, id=5864, stack(0x0000005e0f500000,0x0000005e0f600000)]
  0x0000020c859145a0 JavaThread "Active Thread: Equinox Container: 6746f0b4-7d38-4769-884f-523234456686" [_thread_blocked, id=8496, stack(0x0000005e0fa00000,0x0000005e0fb00000)]
  0x0000020c85ca8d10 JavaThread "Framework Event Dispatcher: Equinox Container: 6746f0b4-7d38-4769-884f-523234456686" daemon [_thread_blocked, id=14452, stack(0x0000005e0fc00000,0x0000005e0fd00000)]
  0x0000020c85ca9490 JavaThread "Start Level: Equinox Container: 6746f0b4-7d38-4769-884f-523234456686" daemon [_thread_blocked, id=13216, stack(0x0000005e0fd00000,0x0000005e0fe00000)]
  0x0000020c85d2db00 JavaThread "SCR Component Actor" daemon [_thread_blocked, id=9920, stack(0x0000005e0fe00000,0x0000005e0ff00000)]
  0x0000020c85f87030 JavaThread "Worker-JM" [_thread_blocked, id=13412, stack(0x0000005e10000000,0x0000005e10100000)]
  0x0000020c85e9ad60 JavaThread "Worker-0" [_thread_blocked, id=13052, stack(0x0000005e10100000,0x0000005e10200000)]
  0x0000020c85e9c0a0 JavaThread "Worker-1: Publish Diagnostics" [_thread_in_Java, id=15264, stack(0x0000005e0fb00000,0x0000005e0fc00000)]
  0x0000020c85e9c570 JavaThread "Worker-2" [_thread_blocked, id=16036, stack(0x0000005e10200000,0x0000005e10300000)]
  0x0000020c85e9b230 JavaThread "JNA Cleaner" daemon [_thread_blocked, id=6172, stack(0x0000005e0ff00000,0x0000005e10000000)]
  0x0000020c85e9a3c0 JavaThread "pool-2-thread-1" [_thread_blocked, id=11204, stack(0x0000005e10300000,0x0000005e10400000)]
  0x0000020c85e9ca40 JavaThread "WorkspaceEventsHandler" [_thread_blocked, id=9388, stack(0x0000005e10600000,0x0000005e10700000)]
  0x0000020c85e99080 JavaThread "pool-1-thread-1" [_thread_in_native, id=14380, stack(0x0000005e10700000,0x0000005e10800000)]
  0x0000020c85e9a890 JavaThread "ForkJoinPool.commonPool-worker-1" daemon [_thread_in_vm, id=2956, stack(0x0000005e10900000,0x0000005e10a00000)]
  0x0000020c85e9b700 JavaThread "ForkJoinPool.commonPool-worker-2" daemon [_thread_in_Java, id=7888, stack(0x0000005e10800000,0x0000005e10900000)]
  0x0000020c85e99550 JavaThread "ForkJoinPool.commonPool-worker-3" daemon [_thread_in_Java, id=4176, stack(0x0000005e10a00000,0x0000005e10b00000)]
=>0x0000020c85224a30 JavaThread "C2 CompilerThread1" daemon [_thread_in_native, id=14808, stack(0x0000005e10b00000,0x0000005e10c00000)]

Other Threads:
  0x0000020cfb623d00 VMThread "VM Thread" [stack: 0x0000005e0ea00000,0x0000005e0eb00000] [id=15336] _threads_hazard_ptr=0x0000020c88e6d9e0
  0x0000020c852e1090 WatcherThread [stack: 0x0000005e0f600000,0x0000005e0f700000] [id=16092]
  0x0000020ce78329b0 GCTaskThread "GC Thread#0" [stack: 0x0000005e0e900000,0x0000005e0ea00000] [id=14528]
  0x0000020c85874530 GCTaskThread "GC Thread#1" [stack: 0x0000005e0f700000,0x0000005e0f800000] [id=10660]
  0x0000020c85a4d4c0 GCTaskThread "GC Thread#2" [stack: 0x0000005e0f800000,0x0000005e0f900000] [id=14872]
  0x0000020c856dbc40 GCTaskThread "GC Thread#3" [stack: 0x0000005e0f900000,0x0000005e0fa00000] [id=14952]

Threads with active compile tasks:
C2 CompilerThread0    38451 6705       4       org.eclipse.jdt.internal.compiler.parser.Parser::consumeToken (2309 bytes)
C2 CompilerThread1    38451 6751       4       org.eclipse.jdt.internal.core.JavaElement::getElementInfo (27 bytes)

VM state: not at safepoint (normal execution)

VM Mutex/Monitor currently owned by a thread: None

Heap address: 0x00000000c0000000, size: 1024 MB, Compressed Oops mode: 32-bit

CDS archive(s) not mapped
Compressed class space mapped at: 0x0000000100000000-0x0000000140000000, reserved size: 1073741824
Narrow klass base: 0x0000000000000000, Narrow klass shift: 3, Narrow klass range: 0x140000000

GC Precious Log:
 CPUs: 4 total, 4 available
 Memory: 12199M
 Large Page Support: Disabled
 NUMA Support: Disabled
 Compressed Oops: Enabled (32-bit)
 Alignments: Space 512K, Generation 512K, Heap 2M
 Heap Min Capacity: 100M
 Heap Initial Capacity: 100M
 Heap Max Capacity: 1G
 Pre-touch: Disabled
 Parallel Workers: 4

Heap:
 PSYoungGen      total 15360K, used 8445K [0x00000000eab00000, 0x00000000ebc00000, 0x0000000100000000)
  eden space 13312K, 51% used [0x00000000eab00000,0x00000000eb1bb6a8,0x00000000eb800000)
  from space 2048K, 75% used [0x00000000eb880000,0x00000000eba04050,0x00000000eba80000)
  to   space 1536K, 0% used [0x00000000eba80000,0x00000000eba80000,0x00000000ebc00000)
 ParOldGen       total 68608K, used 61300K [0x00000000c0000000, 0x00000000c4300000, 0x00000000eab00000)
  object space 68608K, 89% used [0x00000000c0000000,0x00000000c3bdd2c8,0x00000000c4300000)
 Metaspace       used 48797K, committed 49600K, reserved 1114112K
  class space    used 4823K, committed 5184K, reserved 1048576K

Card table byte_map: [0x0000020ce71d0000,0x0000020ce73e0000] _byte_map_base: 0x0000020ce6bd0000

Marking Bits: (ParMarkBitMap*) 0x00007ffdfd4952c0
 Begin Bits: [0x0000020cf94b0000, 0x0000020cfa4b0000)
 End Bits:   [0x0000020cfa4b0000, 0x0000020cfb4b0000)

Polling page: 0x0000020ce5770000

Metaspace:

Usage:
  Non-class:     42.94 MB used.
      Class:      4.71 MB used.
       Both:     47.65 MB used.

Virtual space:
  Non-class space:       64.00 MB reserved,      43.38 MB ( 68%) committed,  1 nodes.
      Class space:        1.00 GB reserved,       5.06 MB ( <1%) committed,  1 nodes.
             Both:        1.06 GB reserved,      48.44 MB (  4%) committed. 

Chunk freelists:
   Non-Class:  4.61 MB
       Class:  10.84 MB
        Both:  15.45 MB

MaxMetaspaceSize: unlimited
CompressedClassSpaceSize: 1.00 GB
Initial GC threshold: 21.00 MB
Current GC threshold: 58.38 MB
CDS: off
MetaspaceReclaimPolicy: balanced
 - commit_granule_bytes: 65536.
 - commit_granule_words: 8192.
 - virtual_space_node_default_size: 8388608.
 - enlarge_chunks_in_place: 1.
 - new_chunks_are_fully_committed: 0.
 - uncommit_free_chunks: 1.
 - use_allocation_guard: 0.
 - handle_deallocations: 1.


Internal statistics:

num_allocs_failed_limit: 6.
num_arena_births: 366.
num_arena_deaths: 14.
num_vsnodes_births: 2.
num_vsnodes_deaths: 0.
num_space_committed: 775.
num_space_uncommitted: 0.
num_chunks_returned_to_freelist: 20.
num_chunks_taken_from_freelist: 2073.
num_chunk_merges: 10.
num_chunk_splits: 1334.
num_chunks_enlarged: 837.
num_inconsistent_stats: 0.

CodeHeap 'non-profiled nmethods': size=120000Kb used=4679Kb max_used=4679Kb free=115320Kb
 bounds [0x0000020cf1f80000, 0x0000020cf2420000, 0x0000020cf94b0000]
CodeHeap 'profiled nmethods': size=120000Kb used=13522Kb max_used=13522Kb free=106477Kb
 bounds [0x0000020cea4b0000, 0x0000020ceb1f0000, 0x0000020cf19e0000]
CodeHeap 'non-nmethods': size=5760Kb used=1325Kb max_used=1452Kb free=4434Kb
 bounds [0x0000020cf19e0000, 0x0000020cf1c50000, 0x0000020cf1f80000]
 total_blobs=6719 nmethods=6056 adapters=576
 compilation: enabled
              stopped_count=0, restarted_count=0
 full_count=0

Compilation events (20 events):
Event: 37.669 Thread 0x0000020c85224a30 nmethod 6746% 0x0000020cf2403c10 code [0x0000020cf2403d80, 0x0000020cf2403f18]
Event: 37.670 Thread 0x0000020c85224a30 6781       4       org.eclipse.jdt.internal.compiler.parser.Scanner::isInModuleDeclaration (37 bytes)
Event: 37.671 Thread 0x0000020c85224a30 nmethod 6781 0x0000020cf2404010 code [0x0000020cf24041a0, 0x0000020cf2404298]
Event: 37.671 Thread 0x0000020c85224a30 6752   !   4       org.eclipse.jdt.internal.compiler.parser.Parser::parse (907 bytes)
Event: 37.770 Thread 0x0000020c85224a30 nmethod 6752 0x0000020cf2404390 code [0x0000020cf24046c0, 0x0000020cf2406758]
Event: 37.770 Thread 0x0000020c85224a30 6739       4       lombok.eclipse.handlers.EclipseHandlerUtil::hasNonNullAnnotations (103 bytes)
Event: 37.819 Thread 0x0000020c85224a30 nmethod 6739 0x0000020cf2407c90 code [0x0000020cf2407ea0, 0x0000020cf2408a10]
Event: 37.819 Thread 0x0000020c85224a30 6822   !   4       org.eclipse.jdt.internal.compiler.parser.Scanner::scanForStringLiteral (659 bytes)
Event: 37.828 Thread 0x0000020c85224a30 nmethod 6822 0x0000020cf2409910 code [0x0000020cf2409aa0, 0x0000020cf2409e58]
Event: 37.828 Thread 0x0000020c85224a30 6816       4       java.lang.Class::getField0 (99 bytes)
Event: 38.019 Thread 0x0000020c85224a30 nmethod 6816 0x0000020cf240a090 code [0x0000020cf240a4c0, 0x0000020cf240dc58]
Event: 38.019 Thread 0x0000020c85224a30 6748  s    4       java.util.Vector::elementAt (48 bytes)
Event: 38.021 Thread 0x0000020c85224a30 nmethod 6748 0x0000020cf240f790 code [0x0000020cf240f900, 0x0000020cf240fb18]
Event: 38.021 Thread 0x0000020c85224a30 6743       4       java.lang.Class::privateGetDeclaredFields (64 bytes)
Event: 38.035 Thread 0x0000020c85224a30 nmethod 6743 0x0000020cf240fc90 code [0x0000020cf240fe80, 0x0000020cf2410558]
Event: 38.035 Thread 0x0000020c85224a30 6754   !   4       org.eclipse.jdt.internal.compiler.parser.Scanner::pushLineSeparator (295 bytes)
Event: 38.043 Thread 0x0000020c85224a30 nmethod 6754 0x0000020cf2410990 code [0x0000020cf2410b40, 0x0000020cf2411258]
Event: 38.044 Thread 0x0000020c85224a30 6758       4       org.eclipse.jdt.internal.compiler.classfmt.MethodInfo::getSelector (46 bytes)
Event: 38.052 Thread 0x0000020c85224a30 nmethod 6758 0x0000020cf2411590 code [0x0000020cf2411720, 0x0000020cf2411bb8]
Event: 38.052 Thread 0x0000020c85224a30 6751       4       org.eclipse.jdt.internal.core.JavaElement::getElementInfo (27 bytes)

GC Heap History (20 events):
Event: 34.115 GC heap before
{Heap before GC invocations=30 (full 2):
 PSYoungGen      total 16384K, used 15904K [0x00000000eab00000, 0x00000000ebe00000, 0x0000000100000000)
  eden space 14336K, 100% used [0x00000000eab00000,0x00000000eb900000,0x00000000eb900000)
  from space 2048K, 76% used [0x00000000eba00000,0x00000000ebb88020,0x00000000ebc00000)
  to   space 2048K, 0% used [0x00000000ebc00000,0x00000000ebc00000,0x00000000ebe00000)
 ParOldGen       total 68608K, used 45531K [0x00000000c0000000, 0x00000000c4300000, 0x00000000eab00000)
  object space 68608K, 66% used [0x00000000c0000000,0x00000000c2c76d00,0x00000000c4300000)
 Metaspace       used 47026K, committed 47808K, reserved 1114112K
  class space    used 4714K, committed 5056K, reserved 1048576K
}
Event: 34.123 GC heap after
{Heap after GC invocations=30 (full 2):
 PSYoungGen      total 15872K, used 1160K [0x00000000eab00000, 0x00000000ebd80000, 0x0000000100000000)
  eden space 14336K, 0% used [0x00000000eab00000,0x00000000eab00000,0x00000000eb900000)
  from space 1536K, 75% used [0x00000000ebc00000,0x00000000ebd22078,0x00000000ebd80000)
  to   space 1536K, 0% used [0x00000000eba80000,0x00000000eba80000,0x00000000ebc00000)
 ParOldGen       total 68608K, used 46929K [0x00000000c0000000, 0x00000000c4300000, 0x00000000eab00000)
  object space 68608K, 68% used [0x00000000c0000000,0x00000000c2dd4660,0x00000000c4300000)
 Metaspace       used 47026K, committed 47808K, reserved 1114112K
  class space    used 4714K, committed 5056K, reserved 1048576K
}
Event: 34.826 GC heap before
{Heap before GC invocations=31 (full 2):
 PSYoungGen      total 15872K, used 15496K [0x00000000eab00000, 0x00000000ebd80000, 0x0000000100000000)
  eden space 14336K, 100% used [0x00000000eab00000,0x00000000eb900000,0x00000000eb900000)
  from space 1536K, 75% used [0x00000000ebc00000,0x00000000ebd22078,0x00000000ebd80000)
  to   space 1536K, 0% used [0x00000000eba80000,0x00000000eba80000,0x00000000ebc00000)
 ParOldGen       total 68608K, used 46929K [0x00000000c0000000, 0x00000000c4300000, 0x00000000eab00000)
  object space 68608K, 68% used [0x00000000c0000000,0x00000000c2dd4660,0x00000000c4300000)
 Metaspace       used 47597K, committed 48384K, reserved 1114112K
  class space    used 4747K, committed 5120K, reserved 1048576K
}
Event: 34.829 GC heap after
{Heap after GC invocations=31 (full 2):
 PSYoungGen      total 15872K, used 1504K [0x00000000eab00000, 0x00000000ebd00000, 0x0000000100000000)
  eden space 14336K, 0% used [0x00000000eab00000,0x00000000eab00000,0x00000000eb900000)
  from space 1536K, 97% used [0x00000000eba80000,0x00000000ebbf8030,0x00000000ebc00000)
  to   space 1024K, 0% used [0x00000000ebc00000,0x00000000ebc00000,0x00000000ebd00000)
 ParOldGen       total 68608K, used 48044K [0x00000000c0000000, 0x00000000c4300000, 0x00000000eab00000)
  object space 68608K, 70% used [0x00000000c0000000,0x00000000c2eeb288,0x00000000c4300000)
 Metaspace       used 47597K, committed 48384K, reserved 1114112K
  class space    used 4747K, committed 5120K, reserved 1048576K
}
Event: 35.328 GC heap before
{Heap before GC invocations=32 (full 2):
 PSYoungGen      total 15872K, used 15840K [0x00000000eab00000, 0x00000000ebd00000, 0x0000000100000000)
  eden space 14336K, 100% used [0x00000000eab00000,0x00000000eb900000,0x00000000eb900000)
  from space 1536K, 97% used [0x00000000eba80000,0x00000000ebbf8030,0x00000000ebc00000)
  to   space 1024K, 0% used [0x00000000ebc00000,0x00000000ebc00000,0x00000000ebd00000)
 ParOldGen       total 68608K, used 48044K [0x00000000c0000000, 0x00000000c4300000, 0x00000000eab00000)
  object space 68608K, 70% used [0x00000000c0000000,0x00000000c2eeb288,0x00000000c4300000)
 Metaspace       used 47763K, committed 48576K, reserved 1114112K
  class space    used 4752K, committed 5120K, reserved 1048576K
}
Event: 35.334 GC heap after
{Heap after GC invocations=32 (full 2):
 PSYoungGen      total 14336K, used 1024K [0x00000000eab00000, 0x00000000ec100000, 0x0000000100000000)
  eden space 13312K, 0% used [0x00000000eab00000,0x00000000eab00000,0x00000000eb800000)
  from space 1024K, 100% used [0x00000000ebc00000,0x00000000ebd00000,0x00000000ebd00000)
  to   space 4096K, 0% used [0x00000000eb800000,0x00000000eb800000,0x00000000ebc00000)
 ParOldGen       total 68608K, used 50506K [0x00000000c0000000, 0x00000000c4300000, 0x00000000eab00000)
  object space 68608K, 73% used [0x00000000c0000000,0x00000000c3152978,0x00000000c4300000)
 Metaspace       used 47763K, committed 48576K, reserved 1114112K
  class space    used 4752K, committed 5120K, reserved 1048576K
}
Event: 35.753 GC heap before
{Heap before GC invocations=33 (full 2):
 PSYoungGen      total 14336K, used 14336K [0x00000000eab00000, 0x00000000ec100000, 0x0000000100000000)
  eden space 13312K, 100% used [0x00000000eab00000,0x00000000eb800000,0x00000000eb800000)
  from space 1024K, 100% used [0x00000000ebc00000,0x00000000ebd00000,0x00000000ebd00000)
  to   space 4096K, 0% used [0x00000000eb800000,0x00000000eb800000,0x00000000ebc00000)
 ParOldGen       total 68608K, used 50506K [0x00000000c0000000, 0x00000000c4300000, 0x00000000eab00000)
  object space 68608K, 73% used [0x00000000c0000000,0x00000000c3152978,0x00000000c4300000)
 Metaspace       used 47792K, committed 48576K, reserved 1114112K
  class space    used 4752K, committed 5120K, reserved 1048576K
}
Event: 35.757 GC heap after
{Heap after GC invocations=33 (full 2):
 PSYoungGen      total 15360K, used 1632K [0x00000000eab00000, 0x00000000ebd00000, 0x0000000100000000)
  eden space 13312K, 0% used [0x00000000eab00000,0x00000000eab00000,0x00000000eb800000)
  from space 2048K, 79% used [0x00000000eb800000,0x00000000eb998020,0x00000000eba00000)
  to   space 2560K, 0% used [0x00000000eba80000,0x00000000eba80000,0x00000000ebd00000)
 ParOldGen       total 68608K, used 51538K [0x00000000c0000000, 0x00000000c4300000, 0x00000000eab00000)
  object space 68608K, 75% used [0x00000000c0000000,0x00000000c32549a8,0x00000000c4300000)
 Metaspace       used 47792K, committed 48576K, reserved 1114112K
  class space    used 4752K, committed 5120K, reserved 1048576K
}
Event: 36.320 GC heap before
{Heap before GC invocations=34 (full 2):
 PSYoungGen      total 15360K, used 14944K [0x00000000eab00000, 0x00000000ebd00000, 0x0000000100000000)
  eden space 13312K, 100% used [0x00000000eab00000,0x00000000eb800000,0x00000000eb800000)
  from space 2048K, 79% used [0x00000000eb800000,0x00000000eb998020,0x00000000eba00000)
  to   space 2560K, 0% used [0x00000000eba80000,0x00000000eba80000,0x00000000ebd00000)
 ParOldGen       total 68608K, used 51538K [0x00000000c0000000, 0x00000000c4300000, 0x00000000eab00000)
  object space 68608K, 75% used [0x00000000c0000000,0x00000000c32549a8,0x00000000c4300000)
 Metaspace       used 47926K, committed 48704K, reserved 1114112K
  class space    used 4758K, committed 5120K, reserved 1048576K
}
Event: 36.325 GC heap after
{Heap after GC invocations=34 (full 2):
 PSYoungGen      total 15872K, used 2265K [0x00000000eab00000, 0x00000000ebd00000, 0x0000000100000000)
  eden space 13312K, 0% used [0x00000000eab00000,0x00000000eab00000,0x00000000eb800000)
  from space 2560K, 88% used [0x00000000eba80000,0x00000000ebcb6418,0x00000000ebd00000)
  to   space 2560K, 0% used [0x00000000eb800000,0x00000000eb800000,0x00000000eba80000)
 ParOldGen       total 68608K, used 52982K [0x00000000c0000000, 0x00000000c4300000, 0x00000000eab00000)
  object space 68608K, 77% used [0x00000000c0000000,0x00000000c33bda78,0x00000000c4300000)
 Metaspace       used 47926K, committed 48704K, reserved 1114112K
  class space    used 4758K, committed 5120K, reserved 1048576K
}
Event: 36.573 GC heap before
{Heap before GC invocations=35 (full 2):
 PSYoungGen      total 15872K, used 15577K [0x00000000eab00000, 0x00000000ebd00000, 0x0000000100000000)
  eden space 13312K, 100% used [0x00000000eab00000,0x00000000eb800000,0x00000000eb800000)
  from space 2560K, 88% used [0x00000000eba80000,0x00000000ebcb6418,0x00000000ebd00000)
  to   space 2560K, 0% used [0x00000000eb800000,0x00000000eb800000,0x00000000eba80000)
 ParOldGen       total 68608K, used 52982K [0x00000000c0000000, 0x00000000c4300000, 0x00000000eab00000)
  object space 68608K, 77% used [0x00000000c0000000,0x00000000c33bda78,0x00000000c4300000)
 Metaspace       used 47980K, committed 48768K, reserved 1114112K
  class space    used 4761K, committed 5120K, reserved 1048576K
}
Event: 36.580 GC heap after
{Heap after GC invocations=35 (full 2):
 PSYoungGen      total 15872K, used 2080K [0x00000000eab00000, 0x00000000ebd00000, 0x0000000100000000)
  eden space 13312K, 0% used [0x00000000eab00000,0x00000000eab00000,0x00000000eb800000)
  from space 2560K, 81% used [0x00000000eb800000,0x00000000eba08020,0x00000000eba80000)
  to   space 2560K, 0% used [0x00000000eba80000,0x00000000eba80000,0x00000000ebd00000)
 ParOldGen       total 68608K, used 55125K [0x00000000c0000000, 0x00000000c4300000, 0x00000000eab00000)
  object space 68608K, 80% used [0x00000000c0000000,0x00000000c35d5708,0x00000000c4300000)
 Metaspace       used 47980K, committed 48768K, reserved 1114112K
  class space    used 4761K, committed 5120K, reserved 1048576K
}
Event: 36.715 GC heap before
{Heap before GC invocations=36 (full 2):
 PSYoungGen      total 15872K, used 15392K [0x00000000eab00000, 0x00000000ebd00000, 0x0000000100000000)
  eden space 13312K, 100% used [0x00000000eab00000,0x00000000eb800000,0x00000000eb800000)
  from space 2560K, 81% used [0x00000000eb800000,0x00000000eba08020,0x00000000eba80000)
  to   space 2560K, 0% used [0x00000000eba80000,0x00000000eba80000,0x00000000ebd00000)
 ParOldGen       total 68608K, used 55125K [0x00000000c0000000, 0x00000000c4300000, 0x00000000eab00000)
  object space 68608K, 80% used [0x00000000c0000000,0x00000000c35d5708,0x00000000c4300000)
 Metaspace       used 48088K, committed 48832K, reserved 1114112K
  class space    used 4772K, committed 5120K, reserved 1048576K
}
Event: 36.723 GC heap after
{Heap after GC invocations=36 (full 2):
 PSYoungGen      total 14848K, used 1184K [0x00000000eab00000, 0x00000000ebc00000, 0x0000000100000000)
  eden space 13312K, 0% used [0x00000000eab00000,0x00000000eab00000,0x00000000eb800000)
  from space 1536K, 77% used [0x00000000eba80000,0x00000000ebba8040,0x00000000ebc00000)
  to   space 1536K, 0% used [0x00000000eb900000,0x00000000eb900000,0x00000000eba80000)
 ParOldGen       total 68608K, used 57105K [0x00000000c0000000, 0x00000000c4300000, 0x00000000eab00000)
  object space 68608K, 83% used [0x00000000c0000000,0x00000000c37c4760,0x00000000c4300000)
 Metaspace       used 48088K, committed 48832K, reserved 1114112K
  class space    used 4772K, committed 5120K, reserved 1048576K
}
Event: 36.840 GC heap before
{Heap before GC invocations=37 (full 2):
 PSYoungGen      total 14848K, used 14496K [0x00000000eab00000, 0x00000000ebc00000, 0x0000000100000000)
  eden space 13312K, 100% used [0x00000000eab00000,0x00000000eb800000,0x00000000eb800000)
  from space 1536K, 77% used [0x00000000eba80000,0x00000000ebba8040,0x00000000ebc00000)
  to   space 1536K, 0% used [0x00000000eb900000,0x00000000eb900000,0x00000000eba80000)
 ParOldGen       total 68608K, used 57105K [0x00000000c0000000, 0x00000000c4300000, 0x00000000eab00000)
  object space 68608K, 83% used [0x00000000c0000000,0x00000000c37c4760,0x00000000c4300000)
 Metaspace       used 48155K, committed 48896K, reserved 1114112K
  class space    used 4773K, committed 5120K, reserved 1048576K
}
Event: 36.845 GC heap after
{Heap after GC invocations=37 (full 2):
 PSYoungGen      total 14848K, used 1520K [0x00000000eab00000, 0x00000000ebe00000, 0x0000000100000000)
  eden space 13312K, 0% used [0x00000000eab00000,0x00000000eab00000,0x00000000eb800000)
  from space 1536K, 98% used [0x00000000eb900000,0x00000000eba7c030,0x00000000eba80000)
  to   space 3072K, 0% used [0x00000000ebb00000,0x00000000ebb00000,0x00000000ebe00000)
 ParOldGen       total 68608K, used 58369K [0x00000000c0000000, 0x00000000c4300000, 0x00000000eab00000)
  object space 68608K, 85% used [0x00000000c0000000,0x00000000c39007e0,0x00000000c4300000)
 Metaspace       used 48155K, committed 48896K, reserved 1114112K
  class space    used 4773K, committed 5120K, reserved 1048576K
}
Event: 37.177 GC heap before
{Heap before GC invocations=38 (full 2):
 PSYoungGen      total 14848K, used 14832K [0x00000000eab00000, 0x00000000ebe00000, 0x0000000100000000)
  eden space 13312K, 100% used [0x00000000eab00000,0x00000000eb800000,0x00000000eb800000)
  from space 1536K, 98% used [0x00000000eb900000,0x00000000eba7c030,0x00000000eba80000)
  to   space 3072K, 0% used [0x00000000ebb00000,0x00000000ebb00000,0x00000000ebe00000)
 ParOldGen       total 68608K, used 58369K [0x00000000c0000000, 0x00000000c4300000, 0x00000000eab00000)
  object space 68608K, 85% used [0x00000000c0000000,0x00000000c39007e0,0x00000000c4300000)
 Metaspace       used 48337K, committed 49088K, reserved 1114112K
  class space    used 4784K, committed 5120K, reserved 1048576K
}
Event: 37.183 GC heap after
{Heap after GC invocations=38 (full 2):
 PSYoungGen      total 14848K, used 1504K [0x00000000eab00000, 0x00000000ebc80000, 0x0000000100000000)
  eden space 13312K, 0% used [0x00000000eab00000,0x00000000eab00000,0x00000000eb800000)
  from space 1536K, 97% used [0x00000000ebb00000,0x00000000ebc78040,0x00000000ebc80000)
  to   space 2048K, 0% used [0x00000000eb880000,0x00000000eb880000,0x00000000eba80000)
 ParOldGen       total 68608K, used 59878K [0x00000000c0000000, 0x00000000c4300000, 0x00000000eab00000)
  object space 68608K, 87% used [0x00000000c0000000,0x00000000c3a798a0,0x00000000c4300000)
 Metaspace       used 48337K, committed 49088K, reserved 1114112K
  class space    used 4784K, committed 5120K, reserved 1048576K
}
Event: 37.443 GC heap before
{Heap before GC invocations=39 (full 2):
 PSYoungGen      total 14848K, used 14816K [0x00000000eab00000, 0x00000000ebc80000, 0x0000000100000000)
  eden space 13312K, 99% used [0x00000000eab00000,0x00000000eb7ffff8,0x00000000eb800000)
  from space 1536K, 97% used [0x00000000ebb00000,0x00000000ebc78040,0x00000000ebc80000)
  to   space 2048K, 0% used [0x00000000eb880000,0x00000000eb880000,0x00000000eba80000)
 ParOldGen       total 68608K, used 59878K [0x00000000c0000000, 0x00000000c4300000, 0x00000000eab00000)
  object space 68608K, 87% used [0x00000000c0000000,0x00000000c3a798a0,0x00000000c4300000)
 Metaspace       used 48656K, committed 49472K, reserved 1114112K
  class space    used 4812K, committed 5184K, reserved 1048576K
}
Event: 37.449 GC heap after
{Heap after GC invocations=39 (full 2):
 PSYoungGen      total 15360K, used 1552K [0x00000000eab00000, 0x00000000ebc00000, 0x0000000100000000)
  eden space 13312K, 0% used [0x00000000eab00000,0x00000000eab00000,0x00000000eb800000)
  from space 2048K, 75% used [0x00000000eb880000,0x00000000eba04050,0x00000000eba80000)
  to   space 1536K, 0% used [0x00000000eba80000,0x00000000eba80000,0x00000000ebc00000)
 ParOldGen       total 68608K, used 61300K [0x00000000c0000000, 0x00000000c4300000, 0x00000000eab00000)
  object space 68608K, 89% used [0x00000000c0000000,0x00000000c3bdd2c8,0x00000000c4300000)
 Metaspace       used 48656K, committed 49472K, reserved 1114112K
  class space    used 4812K, committed 5184K, reserved 1048576K
}

Dll operation events (10 events):
Event: 0.012 Loaded shared library c:\Users\HP\.vscode\extensions\redhat.java-1.20.0-win32-x64\jre\17.0.7-win32-x86_64\bin\java.dll
Event: 0.284 Loaded shared library c:\Users\HP\.vscode\extensions\redhat.java-1.20.0-win32-x64\jre\17.0.7-win32-x86_64\bin\zip.dll
Event: 0.288 Loaded shared library C:\Users\HP\.vscode\extensions\redhat.java-1.20.0-win32-x64\jre\17.0.7-win32-x86_64\bin\instrument.dll
Event: 0.319 Loaded shared library C:\Users\HP\.vscode\extensions\redhat.java-1.20.0-win32-x64\jre\17.0.7-win32-x86_64\bin\net.dll
Event: 0.324 Loaded shared library C:\Users\HP\.vscode\extensions\redhat.java-1.20.0-win32-x64\jre\17.0.7-win32-x86_64\bin\nio.dll
Event: 0.342 Loaded shared library C:\Users\HP\.vscode\extensions\redhat.java-1.20.0-win32-x64\jre\17.0.7-win32-x86_64\bin\zip.dll
Event: 0.375 Loaded shared library C:\Users\HP\.vscode\extensions\redhat.java-1.20.0-win32-x64\jre\17.0.7-win32-x86_64\bin\jimage.dll
Event: 0.463 Loaded shared library c:\Users\HP\.vscode\extensions\redhat.java-1.20.0-win32-x64\jre\17.0.7-win32-x86_64\bin\verify.dll
Event: 2.858 Loaded shared library C:\Users\HP\AppData\Roaming\Code\User\globalStorage\redhat.java\1.20.0\config_ss_win\org.eclipse.equinox.launcher\org.eclipse.equinox.launcher.win32.win32.x86_64_1.2.700.v20221108-1024\eclipse_11801.dll
Event: 14.847 Loaded shared library C:\Users\HP\AppData\Local\Temp\jna-2312\jna10142043441675522500.dll

Deoptimization events (20 events):
Event: 36.804 Thread 0x0000020c85e9c0a0 Uncommon trap: trap_request=0xffffff45 fr.pc=0x0000020cf23a7320 relative=0x0000000000001540
Event: 36.804 Thread 0x0000020c85e9c0a0 Uncommon trap: reason=unstable_if action=reinterpret pc=0x0000020cf23a7320 method=lombok.eclipse.handlers.EclipseHandlerUtil.findGetter(Llombok/eclipse/EclipseNode;)Llombok/eclipse/handlers/EclipseHandlerUtil$GetterMethod; @ 237 c2
Event: 36.804 Thread 0x0000020c85e9c0a0 DEOPT PACKING pc=0x0000020cf23a7320 sp=0x0000005e0fbfd580
Event: 36.804 Thread 0x0000020c85e9c0a0 DEOPT UNPACKING pc=0x0000020cf1a366a3 sp=0x0000005e0fbfd538 mode 2
Event: 36.808 Thread 0x0000020c85e99550 DEOPT PACKING pc=0x0000020cea57520d sp=0x0000005e10afd060
Event: 36.808 Thread 0x0000020c85e99550 DEOPT UNPACKING pc=0x0000020cf1a36e43 sp=0x0000005e10afc518 mode 0
Event: 36.818 Thread 0x0000020c85e9c0a0 DEOPT PACKING pc=0x0000020ceabd14ef sp=0x0000005e0fbfd4f0
Event: 36.818 Thread 0x0000020c85e9c0a0 DEOPT UNPACKING pc=0x0000020cf1a36e43 sp=0x0000005e0fbfca48 mode 0
Event: 37.305 Thread 0x0000020c85e9c0a0 DEOPT PACKING pc=0x0000020ceaf1705d sp=0x0000005e0fbfdf00
Event: 37.305 Thread 0x0000020c85e9c0a0 DEOPT UNPACKING pc=0x0000020cf1a36e43 sp=0x0000005e0fbfd3d0 mode 0
Event: 37.319 Thread 0x0000020c85e9c0a0 Uncommon trap: trap_request=0xffffff45 fr.pc=0x0000020cf202e53c relative=0x00000000000000bc
Event: 37.319 Thread 0x0000020c85e9c0a0 Uncommon trap: reason=unstable_if action=reinterpret pc=0x0000020cf202e53c method=java.util.Hashtable$Enumerator.nextElement()Ljava/lang/Object; @ 87 c2
Event: 37.319 Thread 0x0000020c85e9c0a0 DEOPT PACKING pc=0x0000020cf202e53c sp=0x0000005e0fbfebb0
Event: 37.319 Thread 0x0000020c85e9c0a0 DEOPT UNPACKING pc=0x0000020cf1a366a3 sp=0x0000005e0fbfead8 mode 2
Event: 37.399 Thread 0x0000020c85e9b700 Uncommon trap: trap_request=0xffffffde fr.pc=0x0000020cf2349d38 relative=0x00000000000021b8
Event: 37.399 Thread 0x0000020c85e9b700 Uncommon trap: reason=class_check action=maybe_recompile pc=0x0000020cf2349d38 method=org.eclipse.jdt.internal.compiler.parser.Scanner.maybeAtLambdaOrCast()Z @ 112 c2
Event: 37.399 Thread 0x0000020c85e9b700 DEOPT PACKING pc=0x0000020cf2349d38 sp=0x0000005e108fd1b0
Event: 37.399 Thread 0x0000020c85e9b700 DEOPT UNPACKING pc=0x0000020cf1a366a3 sp=0x0000005e108fd0d0 mode 2
Event: 37.469 Thread 0x0000020c85e9b700 DEOPT PACKING pc=0x0000020ceafd5309 sp=0x0000005e108fcf40
Event: 37.469 Thread 0x0000020c85e9b700 DEOPT UNPACKING pc=0x0000020cf1a36e43 sp=0x0000005e108fc468 mode 0

Classes unloaded (7 events):
Event: 4.509 Thread 0x0000020cfb623d00 Unloading class 0x0000000100212400 'java/lang/invoke/LambdaForm$MH+0x0000000100212400'
Event: 4.509 Thread 0x0000020cfb623d00 Unloading class 0x0000000100212000 'java/lang/invoke/LambdaForm$MH+0x0000000100212000'
Event: 4.509 Thread 0x0000020cfb623d00 Unloading class 0x0000000100211c00 'java/lang/invoke/LambdaForm$MH+0x0000000100211c00'
Event: 4.509 Thread 0x0000020cfb623d00 Unloading class 0x0000000100211800 'java/lang/invoke/LambdaForm$MH+0x0000000100211800'
Event: 4.509 Thread 0x0000020cfb623d00 Unloading class 0x0000000100211000 'java/lang/invoke/LambdaForm$BMH+0x0000000100211000'
Event: 4.509 Thread 0x0000020cfb623d00 Unloading class 0x0000000100210c00 'java/lang/invoke/LambdaForm$DMH+0x0000000100210c00'
Event: 4.509 Thread 0x0000020cfb623d00 Unloading class 0x000000010020e000 'java/lang/invoke/LambdaForm$DMH+0x000000010020e000'

Classes redefined (0 events):
No events

Internal exceptions (20 events):
Event: 36.774 Thread 0x0000020c85e9c0a0 Implicit null exception at 0x0000020cea9988b9 to 0x0000020cea999044
Event: 36.774 Thread 0x0000020c85e9c0a0 Exception <a 'java/lang/NullPointerException'{0x00000000eb042f08}> (0x00000000eb042f08) 
thrown [s\src\hotspot\share\runtime\sharedRuntime.cpp, line 628]
Event: 36.775 Thread 0x0000020c85e9c0a0 Implicit null exception at 0x0000020cea9988b9 to 0x0000020cea999044
Event: 36.775 Thread 0x0000020c85e9c0a0 Exception <a 'java/lang/NullPointerException'{0x00000000eb0486c8}> (0x00000000eb0486c8) 
thrown [s\src\hotspot\share\runtime\sharedRuntime.cpp, line 628]
Event: 36.775 Thread 0x0000020c85e9c0a0 Implicit null exception at 0x0000020cea9988b9 to 0x0000020cea999044
Event: 36.775 Thread 0x0000020c85e9c0a0 Exception <a 'java/lang/NullPointerException'{0x00000000eb0499d0}> (0x00000000eb0499d0) 
thrown [s\src\hotspot\share\runtime\sharedRuntime.cpp, line 628]
Event: 36.775 Thread 0x0000020c85e9c0a0 Implicit null exception at 0x0000020cea9988b9 to 0x0000020cea999044
Event: 36.775 Thread 0x0000020c85e9c0a0 Exception <a 'java/lang/NullPointerException'{0x00000000eb0865f0}> (0x00000000eb0865f0) 
thrown [s\src\hotspot\share\runtime\sharedRuntime.cpp, line 628]
Event: 36.775 Thread 0x0000020c85e9c0a0 Implicit null exception at 0x0000020cea9988b9 to 0x0000020cea999044
Event: 36.775 Thread 0x0000020c85e9c0a0 Exception <a 'java/lang/NullPointerException'{0x00000000eb0878f8}> (0x00000000eb0878f8) 
thrown [s\src\hotspot\share\runtime\sharedRuntime.cpp, line 628]
Event: 36.775 Thread 0x0000020c85e9c0a0 Implicit null exception at 0x0000020cea9988b9 to 0x0000020cea999044
Event: 36.775 Thread 0x0000020c85e9c0a0 Exception <a 'java/lang/NullPointerException'{0x00000000eb08d198}> (0x00000000eb08d198) 
thrown [s\src\hotspot\share\runtime\sharedRuntime.cpp, line 628]
Event: 36.775 Thread 0x0000020c85e9c0a0 Implicit null exception at 0x0000020cea9988b9 to 0x0000020cea999044
Event: 36.789 Thread 0x0000020c85e9c0a0 Exception <a 'java/lang/NullPointerException'{0x00000000eb08e4d0}> (0x00000000eb08e4d0) 
thrown [s\src\hotspot\share\runtime\sharedRuntime.cpp, line 628]
Event: 36.789 Thread 0x0000020c85e9c0a0 Implicit null exception at 0x0000020ceb11bf4f to 0x0000020ceb11d29c
Event: 36.789 Thread 0x0000020c85e9c0a0 Exception <a 'java/lang/NullPointerException'{0x00000000eb093e58}> (0x00000000eb093e58) 
thrown [s\src\hotspot\share\runtime\sharedRuntime.cpp, line 628]
Event: 36.789 Thread 0x0000020c85e9c0a0 Implicit null exception at 0x0000020ceb11bf4f to 0x0000020ceb11d29c
Event: 36.789 Thread 0x0000020c85e9c0a0 Exception <a 'java/lang/NullPointerException'{0x00000000eb095190}> (0x00000000eb095190) 
thrown [s\src\hotspot\share\runtime\sharedRuntime.cpp, line 628]
Event: 37.528 Thread 0x0000020c85e9c0a0 Exception <a 'java/io/FileNotFoundException'{0x00000000eafb1bf8}> (0x00000000eafb1bf8) 
thrown [s\src\hotspot\share\prims\jni.cpp, line 516]
Event: 37.528 Thread 0x0000020c85e9c0a0 Exception <a 'java/io/FileNotFoundException'{0x00000000eafb2ec0}> (0x00000000eafb2ec0) 
thrown [s\src\hotspot\share\prims\jni.cpp, line 516]

VM Operations (20 events):
Event: 35.819 Executing VM operation: ParallelGCFailedAllocation done
Event: 36.306 Executing VM operation: ParallelGCFailedAllocation
Event: 36.326 Executing VM operation: ParallelGCFailedAllocation done
Event: 36.475 Executing VM operation: ParallelGCFailedAllocation
Event: 36.594 Executing VM operation: ParallelGCFailedAllocation done
Event: 36.690 Executing VM operation: ParallelGCFailedAllocation
Event: 36.729 Executing VM operation: ParallelGCFailedAllocation done
Event: 36.729 Executing VM operation: HandshakeAllThreads
Event: 36.729 Executing VM operation: HandshakeAllThreads done
Event: 36.839 Executing VM operation: ParallelGCFailedAllocation
Event: 36.853 Executing VM operation: ParallelGCFailedAllocation done
Event: 37.074 Executing VM operation: ParallelGCFailedAllocation
Event: 37.192 Executing VM operation: ParallelGCFailedAllocation done
Event: 37.256 Executing VM operation: HandshakeAllThreads
Event: 37.300 Executing VM operation: HandshakeAllThreads done
Event: 37.355 Executing VM operation: HandshakeAllThreads
Event: 37.394 Executing VM operation: HandshakeAllThreads done
Event: 37.442 Executing VM operation: ParallelGCFailedAllocation
Event: 37.458 Executing VM operation: ParallelGCFailedAllocation done
Event: 37.526 Executing VM operation: HandshakeAllThreads

Events (20 events):
Event: 29.077 loading class java/util/concurrent/CompletionException done
Event: 32.007 Thread 0x0000020cfb6ade70 flushing nmethod 0x0000020cf223c290
Event: 32.009 Thread 0x0000020cfb6ade70 flushing nmethod 0x0000020cea660990
Event: 32.014 Thread 0x0000020cfb6ade70 flushing nmethod 0x0000020ceacbf510
Event: 32.014 Thread 0x0000020cfb6ade70 flushing nmethod 0x0000020ceaccbe10
Event: 32.014 Thread 0x0000020cfb6ade70 flushing nmethod 0x0000020ceaccc290
Event: 32.014 Thread 0x0000020cfb6ade70 flushing nmethod 0x0000020ceaccf790
Event: 32.015 Thread 0x0000020cfb6ade70 flushing nmethod 0x0000020cead14c90
Event: 32.016 Thread 0x0000020cfb6ade70 flushing nmethod 0x0000020cead81b10
Event: 32.016 Thread 0x0000020cfb6ade70 flushing nmethod 0x0000020ceadb3490
Event: 32.016 Thread 0x0000020cfb6ade70 flushing nmethod 0x0000020ceae2e490
Event: 34.375 loading class java/lang/UnsupportedClassVersionError
Event: 34.375 loading class java/lang/UnsupportedClassVersionError done
Event: 34.393 loading class jdk/internal/reflect/UnsafeQualifiedStaticIntegerFieldAccessorImpl
Event: 34.393 loading class jdk/internal/reflect/UnsafeQualifiedStaticIntegerFieldAccessorImpl done
Event: 36.743 Thread 0x0000020cfb6ade70 flushing nmethod 0x0000020cea6a6b10
Event: 36.748 Thread 0x0000020cfb6ade70 flushing nmethod 0x0000020ceac4d610
Event: 36.751 Thread 0x0000020cfb6ade70 flushing nmethod 0x0000020cead7c790
Event: 37.220 loading class jdk/internal/math/FDBigInteger
Event: 37.221 loading class jdk/internal/math/FDBigInteger done


Dynamic libraries:
0x00007ff7b6210000 - 0x00007ff7b621e000 	c:\Users\HP\.vscode\extensions\redhat.java-1.20.0-win32-x64\jre\17.0.7-win32-x86_64\bin\java.exe
0x00007ffe51670000 - 0x00007ffe51868000 	C:\WINDOWS\SYSTEM32\ntdll.dll
0x00007ffe50240000 - 0x00007ffe502ff000 	C:\WINDOWS\System32\KERNEL32.DLL
0x00007ffe4f340000 - 0x00007ffe4f636000 	C:\WINDOWS\System32\KERNELBASE.dll
0x00007ffe4eec0000 - 0x00007ffe4efc0000 	C:\WINDOWS\System32\ucrtbase.dll
0x00007ffe3aa10000 - 0x00007ffe3aa27000 	c:\Users\HP\.vscode\extensions\redhat.java-1.20.0-win32-x64\jre\17.0.7-win32-x86_64\bin\jli.dll
0x00007ffe4f6d0000 - 0x00007ffe4f86d000 	C:\WINDOWS\System32\USER32.dll
0x00007ffe4f270000 - 0x00007ffe4f292000 	C:\WINDOWS\System32\win32u.dll
0x00007ffe506f0000 - 0x00007ffe5071c000 	C:\WINDOWS\System32\GDI32.dll
0x00007ffe4efc0000 - 0x00007ffe4f0d5000 	C:\WINDOWS\System32\gdi32full.dll
0x00007ffe4f2a0000 - 0x00007ffe4f33d000 	C:\WINDOWS\System32\msvcp_win.dll
0x00007ffe38310000 - 0x00007ffe38329000 	c:\Users\HP\.vscode\extensions\redhat.java-1.20.0-win32-x64\jre\17.0.7-win32-x86_64\bin\VCRUNTIME140.dll
0x00007ffe32710000 - 0x00007ffe329aa000 	C:\WINDOWS\WinSxS\amd64_microsoft.windows.common-controls_6595b64144ccf1df_6.0.19041.1110_none_60b5254171f9507e\COMCTL32.dll
0x00007ffe503f0000 - 0x00007ffe5048e000 	C:\WINDOWS\System32\msvcrt.dll
0x00007ffe512e0000 - 0x00007ffe51310000 	C:\WINDOWS\System32\IMM32.DLL
0x00007ffe38300000 - 0x00007ffe3830c000 	c:\Users\HP\.vscode\extensions\redhat.java-1.20.0-win32-x64\jre\17.0.7-win32-x86_64\bin\vcruntime140_1.dll
0x00007ffe2cca0000 - 0x00007ffe2cd31000 	c:\Users\HP\.vscode\extensions\redhat.java-1.20.0-win32-x64\jre\17.0.7-win32-x86_64\bin\msvcp140.dll
0x00007ffdfc910000 - 0x00007ffdfd558000 	c:\Users\HP\.vscode\extensions\redhat.java-1.20.0-win32-x64\jre\17.0.7-win32-x86_64\bin\server\jvm.dll
0x00007ffe4ff90000 - 0x00007ffe5003f000 	C:\WINDOWS\System32\ADVAPI32.dll
0x00007ffe51590000 - 0x00007ffe5162c000 	C:\WINDOWS\System32\sechost.dll
0x00007ffe51340000 - 0x00007ffe51466000 	C:\WINDOWS\System32\RPCRT4.dll
0x00007ffe49cf0000 - 0x00007ffe49cf9000 	C:\WINDOWS\SYSTEM32\WSOCK32.dll
0x00007ffe501d0000 - 0x00007ffe5023b000 	C:\WINDOWS\System32\WS2_32.dll
0x00007ffe49d20000 - 0x00007ffe49d47000 	C:\WINDOWS\SYSTEM32\WINMM.dll
0x00007ffe492b0000 - 0x00007ffe492ba000 	C:\WINDOWS\SYSTEM32\VERSION.dll
0x00007ffe4d830000 - 0x00007ffe4d842000 	C:\WINDOWS\SYSTEM32\kernel.appcore.dll
0x00007ffe382f0000 - 0x00007ffe382fa000 	c:\Users\HP\.vscode\extensions\redhat.java-1.20.0-win32-x64\jre\17.0.7-win32-x86_64\bin\jimage.dll
0x00007ffe4d240000 - 0x00007ffe4d424000 	C:\WINDOWS\SYSTEM32\DBGHELP.DLL
0x00007ffe391c0000 - 0x00007ffe391f4000 	C:\WINDOWS\SYSTEM32\dbgcore.DLL
0x00007ffe4f640000 - 0x00007ffe4f6c2000 	C:\WINDOWS\System32\bcryptPrimitives.dll
0x00007ffe340a0000 - 0x00007ffe340ae000 	c:\Users\HP\.vscode\extensions\redhat.java-1.20.0-win32-x64\jre\17.0.7-win32-x86_64\bin\instrument.dll
0x00007ffe31c00000 - 0x00007ffe31c25000 	c:\Users\HP\.vscode\extensions\redhat.java-1.20.0-win32-x64\jre\17.0.7-win32-x86_64\bin\java.dll
0x00007ffe31be0000 - 0x00007ffe31bf8000 	c:\Users\HP\.vscode\extensions\redhat.java-1.20.0-win32-x64\jre\17.0.7-win32-x86_64\bin\zip.dll
0x00007ffe50b90000 - 0x00007ffe512d4000 	C:\WINDOWS\System32\SHELL32.dll
0x00007ffe4c980000 - 0x00007ffe4d114000 	C:\WINDOWS\SYSTEM32\windows.storage.dll
0x00007ffe4f8f0000 - 0x00007ffe4fc44000 	C:\WINDOWS\System32\combase.dll
0x00007ffe4e5e0000 - 0x00007ffe4e60e000 	C:\WINDOWS\SYSTEM32\Wldp.dll
0x00007ffe50490000 - 0x00007ffe5053d000 	C:\WINDOWS\System32\SHCORE.dll
0x00007ffe50110000 - 0x00007ffe50165000 	C:\WINDOWS\System32\shlwapi.dll
0x00007ffe4ec80000 - 0x00007ffe4eca5000 	C:\WINDOWS\SYSTEM32\profapi.dll
0x00007ffe2d1d0000 - 0x00007ffe2d1e9000 	C:\Users\HP\.vscode\extensions\redhat.java-1.20.0-win32-x64\jre\17.0.7-win32-x86_64\bin\net.dll
0x00007ffe490a0000 - 0x00007ffe491aa000 	C:\WINDOWS\SYSTEM32\WINHTTP.dll
0x00007ffe4e3c0000 - 0x00007ffe4e42a000 	C:\WINDOWS\system32\mswsock.dll
0x00007ffe2d030000 - 0x00007ffe2d045000 	C:\Users\HP\.vscode\extensions\redhat.java-1.20.0-win32-x64\jre\17.0.7-win32-x86_64\bin\nio.dll
0x00007ffe31bd0000 - 0x00007ffe31be0000 	c:\Users\HP\.vscode\extensions\redhat.java-1.20.0-win32-x64\jre\17.0.7-win32-x86_64\bin\verify.dll
0x00007ffe2cff0000 - 0x00007ffe2d02e000 	C:\Users\HP\AppData\Roaming\Code\User\globalStorage\redhat.java\1.20.0\config_ss_win\org.eclipse.equinox.launcher\org.eclipse.equinox.launcher.win32.win32.x86_64_1.2.700.v20221108-1024\eclipse_11801.dll
0x00007ffe4fcb0000 - 0x00007ffe4fdda000 	C:\WINDOWS\System32\ole32.dll
0x00007ffe4e620000 - 0x00007ffe4e638000 	C:\WINDOWS\SYSTEM32\CRYPTSP.dll
0x00007ffe4dd00000 - 0x00007ffe4dd34000 	C:\WINDOWS\system32\rsaenh.dll
0x00007ffe4f240000 - 0x00007ffe4f267000 	C:\WINDOWS\System32\bcrypt.dll
0x00007ffe4ec00000 - 0x00007ffe4ec2e000 	C:\WINDOWS\SYSTEM32\USERENV.dll
0x00007ffe4e550000 - 0x00007ffe4e55c000 	C:\WINDOWS\SYSTEM32\CRYPTBASE.dll
0x00007ffe4e0d0000 - 0x00007ffe4e10c000 	C:\WINDOWS\SYSTEM32\IPHLPAPI.DLL
0x00007ffe51330000 - 0x00007ffe51338000 	C:\WINDOWS\System32\NSI.dll
0x00007ffe495b0000 - 0x00007ffe495c7000 	C:\WINDOWS\SYSTEM32\dhcpcsvc6.DLL
0x00007ffe49590000 - 0x00007ffe495ad000 	C:\WINDOWS\SYSTEM32\dhcpcsvc.DLL
0x00007ffe4e160000 - 0x00007ffe4e22a000 	C:\WINDOWS\SYSTEM32\DNSAPI.dll
0x00007ffe2c5a0000 - 0x00007ffe2c5e5000 	C:\Users\HP\AppData\Local\Temp\jna-2312\jna10142043441675522500.dll
0x00007ffe4ff80000 - 0x00007ffe4ff88000 	C:\WINDOWS\System32\PSAPI.DLL

dbghelp: loaded successfully - version: 4.0.5 - missing functions: none
symbol engine: initialized successfully - sym options: 0x614 - pdb path: .;c:\Users\HP\.vscode\extensions\redhat.java-1.20.0-win32-x64\jre\17.0.7-win32-x86_64\bin;C:\WINDOWS\SYSTEM32;C:\WINDOWS\WinSxS\amd64_microsoft.windows.common-controls_6595b64144ccf1df_6.0.19041.1110_none_60b5254171f9507e;c:\Users\HP\.vscode\extensions\redhat.java-1.20.0-win32-x64\jre\17.0.7-win32-x86_64\bin\server;C:\Users\HP\AppData\Roaming\Code\User\globalStorage\redhat.java\1.20.0\config_ss_win\org.eclipse.equinox.launcher\org.eclipse.equinox.launcher.win32.win32.x86_64_1.2.700.v20221108-1024;C:\Users\HP\AppData\Local\Temp\jna-2312

VM Arguments:
jvm_args: --add-modules=ALL-SYSTEM --add-opens=java.base/java.util=ALL-UNNAMED --add-opens=java.base/java.lang=ALL-UNNAMED --add-opens=java.base/sun.nio.fs=ALL-UNNAMED -Declipse.application=org.eclipse.jdt.ls.core.id1 -Dosgi.bundles.defaultStartLevel=4 -Declipse.product=org.eclipse.jdt.ls.core.product -Djava.import.generatesMetadataFilesAtProjectRoot=false -Dfile.encoding=utf8 -XX:+UseParallelGC -XX:GCTimeRatio=4 -XX:AdaptiveSizePolicyWeight=90 -Dsun.zip.disableMemoryMapping=true -Xmx1G -Xms100m -Xlog:disable -javaagent:c:\Users\HP\.vscode\extensions\redhat.java-1.20.0-win32-x64\lombok\lombok-1.18.28.jar 
java_command: c:\Users\HP\.vscode\extensions\redhat.java-1.20.0-win32-x64\server\plugins\org.eclipse.equinox.launcher_1.6.500.v20230622-2056.jar -configuration c:\Users\HP\AppData\Roaming\Code\User\globalStorage\redhat.java\1.20.0\config_ss_win -data c:\Users\HP\AppData\Roaming\Code\User\workspaceStorage\5541fb1794e4195495f0c57edcbd7686\redhat.java\ss_ws
java_class_path (initial): c:\Users\HP\.vscode\extensions\redhat.java-1.20.0-win32-x64\server\plugins\org.eclipse.equinox.launcher_1.6.500.v20230622-2056.jar
Launcher Type: SUN_STANDARD

[Global flags]
    uintx AdaptiveSizePolicyWeight                 = 90                                        {product} {command line}
     intx CICompilerCount                          = 3                                         {product} {ergonomic}
    uintx GCTimeRatio                              = 4                                         {product} {command line}
   size_t InitialHeapSize                          = 104857600                                 {product} {command line}
   size_t MaxHeapSize                              = 1073741824                                {product} {command line}
   size_t MaxNewSize                               = 357564416                                 {product} {ergonomic}
   size_t MinHeapDeltaBytes                        = 524288                                    {product} {ergonomic}
   size_t MinHeapSize                              = 104857600                                 {product} {command line}
   size_t NewSize                                  = 34603008                                  {product} {ergonomic}
    uintx NonNMethodCodeHeapSize                   = 5832780                                {pd product} {ergonomic}
    uintx NonProfiledCodeHeapSize                  = 122912730                              {pd product} {ergonomic}
   size_t OldSize                                  = 70254592                                  {product} {ergonomic}
    uintx ProfiledCodeHeapSize                     = 122912730                              {pd product} {ergonomic}
    uintx ReservedCodeCacheSize                    = 251658240                              {pd product} {ergonomic}
     bool SegmentedCodeCache                       = true                                      {product} {ergonomic}
   size_t SoftMaxHeapSize                          = 1073741824                             {manageable} {ergonomic}
     bool UseCompressedClassPointers               = true                           {product lp64_product} {ergonomic}
     bool UseCompressedOops                        = true                           {product lp64_product} {ergonomic}
     bool UseLargePagesIndividualAllocation        = false                                  {pd product} {ergonomic}
     bool UseParallelGC                            = true                                      {product} {command line}

Logging:
Log output configuration:
 #0: stdout all=off uptime,level,tags
 #1: stderr all=off uptime,level,tags

Environment Variables:
JAVA_HOME=C:\Program Files\Java\jdk-11.0.9
PATH=C:\Program Files\Python310\Scripts\;C:\Program Files\Python310\;C:\Program Files (x86)\Common Files\Intel\Shared Libraries\redist\intel64\compiler;C:\WINDOWS\system32;C:\WINDOWS;C:\WINDOWS\System32\Wbem;C:\WINDOWS\System32\WindowsPowerShell\v1.0\;C:\WINDOWS\System32\OpenSSH\;C:\wamp64\www\scriptcase\components\php;C:\wamp64\bin\php\php7.4.26;C:\wamp64\bin\php\php7.3.25;C:\wamp64\bin\php\php7.1.29;C:\Program Files\nodejs;C:\Program Files\PuTTY\;C:\ProgramData\ComposerSetup\bin;C:\Program Files\Git\cmd;C:\Program Files (x86)\Yarn\bin\;C:\Program Files\Java\jdk-11.0.9\bin;C:\Users\HP\AppData\Local\Programs\Python\Python37;C:\Users\HP\AppData\Local\Programs\Python\Python37\Scripts;C:\Users\HP\AppData\Local\Android\flutter\bin;C:\Users\HP\AppData\Roaming\Composer\vendor\laravel\installer\bin;C:\Program Files (x86)\Bitvise SSH Client;C:\wamp64\www\apache-maven-3.8.4\bin;C:\Program Files\NetMake\v9-php73\components\php;C:\Program Files\Docker\Docker\resources\bin;C:\Program Files\nodejs\;C:\Program Files\CMake\bin;C:\Program Files\Java\jdk-11.0.19\bin;C:\Users\HP\AppData\Local\Programs\Python\Python310\Scripts\;C:\Users\HP\AppData\Local\Programs\Python\Python310\;C:\Users\HP\AppData\Local\Microsoft\WindowsApps;C:\Users\HP\AppData\Roaming\Composer\vendor\bin;C:\Users\HP\AppData\Local\Yarn\bin;C:\Program Files\heroku\bin;C:\Users\HP\AppData\Local\Programs\Microsoft VS Code\bin;C:\Users\HP\AppData\Local\GitHubDesktop\bin;C:\Users\HP\AppData\Roaming\npm;
USERNAME=HP
OS=Windows_NT
PROCESSOR_IDENTIFIER=Intel64 Family 6 Model 142 Stepping 10, GenuineIntel
TMP=C:\Users\HP\AppData\Local\Temp
TEMP=C:\Users\HP\AppData\Local\Temp



---------------  S Y S T E M  ---------------

OS:
 Windows 10 , 64 bit Build 19041 (10.0.19041.3155)
OS uptime: 0 days 1:37 hours
Hyper-V role detected

CPU: total 4 (initial active 4) (2 cores per cpu, 2 threads per core) family 6 model 142 stepping 10 microcode 0xca, cx8, cmov, fxsr, ht, mmx, 3dnowpref, sse, sse2, sse3, ssse3, sse4.1, sse4.2, popcnt, lzcnt, tsc, tscinvbit, avx, avx2, aes, erms, clmul, bmi1, bmi2, adx, fma, vzeroupper, clflush, clflushopt, hv

Memory: 4k page, system-wide physical 12199M (2618M free)
TotalPageFile size 14247M (AvailPageFile size 17M)
current process WorkingSet (physical memory assigned to process): 306M, peak: 306M
current process commit charge ("private bytes"): 351M, peak: 351M

vm_info: OpenJDK 64-Bit Server VM (17.0.7+7) for windows-amd64 JRE (17.0.7+7), built on Apr 18 2023 22:10:42 by "temurin" with MS VC++ 16.7 (VS2019)

END.
