#
# There is insufficient memory for the Java Runtime Environment to continue.
# Native memory allocation (malloc) failed to allocate 1192416 bytes for Chunk::new
# Possible reasons:
#   The system is out of physical RAM or swap space
#   The process is running with CompressedOops enabled, and the Java Heap may be blocking the growth of the native heap
# Possible solutions:
#   Reduce memory load on the system
#   Increase physical memory or swap space
#   Check if swap backing store is full
#   Decrease Java heap size (-Xmx/-Xms)
#   Decrease number of Java threads
#   Decrease Java thread stack sizes (-Xss)
#   Set larger code cache with -XX:ReservedCodeCacheSize=
#   JVM is running with Unscaled Compressed Oops mode in which the Java heap is
#     placed in the first 4GB address space. The Java Heap base address is the
#     maximum limit for the native heap growth. Please use -XX:HeapBaseMinAddress
#     to set the Java Heap base and to place the Java Heap above 4GB virtual address.
# This output file may be truncated or incomplete.
#
#  Out of Memory Error (arena.cpp:189), pid=14820, tid=7016
#
# JRE version: OpenJDK Runtime Environment Temurin-17.0.7+7 (17.0.7+7) (build 17.0.7+7)
# Java VM: OpenJDK 64-Bit Server VM Temurin-17.0.7+7 (17.0.7+7, mixed mode, tiered, compressed oops, compressed class ptrs, parallel gc, windows-amd64)
# No core dump will be written. Minidumps are not enabled by default on client versions of Windows
#

---------------  S U M M A R Y ------------

Command Line: --add-modules=ALL-SYSTEM --add-opens=java.base/java.util=ALL-UNNAMED --add-opens=java.base/java.lang=ALL-UNNAMED --add-opens=java.base/sun.nio.fs=ALL-UNNAMED -Declipse.application=org.eclipse.jdt.ls.core.id1 -Dosgi.bundles.defaultStartLevel=4 -Declipse.product=org.eclipse.jdt.ls.core.product -Djava.import.generatesMetadataFilesAtProjectRoot=false -Dfile.encoding=utf8 -XX:+UseParallelGC -XX:GCTimeRatio=4 -XX:AdaptiveSizePolicyWeight=90 -Dsun.zip.disableMemoryMapping=true -Xmx1G -Xms100m -Xlog:disable -javaagent:c:\Users\HP\.vscode\extensions\redhat.java-1.20.0-win32-x64\lombok\lombok-1.18.28.jar -XX:+HeapDumpOnOutOfMemoryError -XX:HeapDumpPath=c:\Users\HP\AppData\Roaming\Code\User\workspaceStorage\5541fb1794e4195495f0c57edcbd7686\redhat.java -Daether.dependencyCollector.impl=bf c:\Users\HP\.vscode\extensions\redhat.java-1.20.0-win32-x64\server\plugins\org.eclipse.equinox.launcher_1.6.500.v20230622-2056.jar -configuration c:\Users\HP\AppData\Roaming\Code\User\globalStorage\redhat.java\1.20.0\config_win -data c:\Users\HP\AppData\Roaming\Code\User\workspaceStorage\5541fb1794e4195495f0c57edcbd7686\redhat.java\jdt_ws

Host: Intel(R) Core(TM) i3-8130U CPU @ 2.20GHz, 4 cores, 11G,  Windows 10 , 64 bit Build 19041 (10.0.19041.3155)
Time: Wed Jul 19 13:56:24 2023 Afr. centrale Ouest elapsed time: 34.509158 seconds (0d 0h 0m 34s)

---------------  T H R E A D  ---------------

Current thread (0x0000026b434e39b0):  JavaThread "C2 CompilerThread1" daemon [_thread_in_native, id=7016, stack(0x0000006d2d900000,0x0000006d2da00000)]


Current CompileTask:
C2:  34509 15533       4       org.eclipse.jdt.internal.compiler.lookup.LookupEnvironment::getTypeFromTypeSignature (770 bytes)

Stack: [0x0000006d2d900000,0x0000006d2da00000]
Native frames: (J=compiled Java code, j=interpreted, Vv=VM code, C=native code)
V  [jvm.dll+0x67754a]
V  [jvm.dll+0x834304]
V  [jvm.dll+0x835aae]
V  [jvm.dll+0x836113]
V  [jvm.dll+0x24696f]
V  [jvm.dll+0xac0ac]
V  [jvm.dll+0xac67c]
V  [jvm.dll+0x364e37]
V  [jvm.dll+0x1bca82]
V  [jvm.dll+0x219799]
V  [jvm.dll+0x218a61]
V  [jvm.dll+0x1a4d8d]
V  [jvm.dll+0x2284da]
V  [jvm.dll+0x226615]
V  [jvm.dll+0x7ea90b]
V  [jvm.dll+0x7e4e7a]
V  [jvm.dll+0x676395]
C  [ucrtbase.dll+0x21bb2]
C  [KERNEL32.DLL+0x17614]
C  [ntdll.dll+0x526b1]


---------------  P R O C E S S  ---------------

Threads class SMR info:
_java_thread_list=0x0000026b46c8a300, length=33, elements={
0x0000026b2a35fce0, 0x0000026b28216380, 0x0000026b3e180090, 0x0000026b3e1aaa10,
0x0000026b3e1ab790, 0x0000026b3e1b1f90, 0x0000026b3e1b5400, 0x0000026b3e1c1be0,
0x0000026b3e1c3090, 0x0000026b3e1c4ce0, 0x0000026b43432d80, 0x0000026b434e39b0,
0x0000026b435ee7f0, 0x0000026b43dae7a0, 0x0000026b440da020, 0x0000026b43f3b030,
0x0000026b43e9bf80, 0x0000026b4418ece0, 0x0000026b43779a00, 0x0000026b43777d20,
0x0000026b437781f0, 0x0000026b43779530, 0x0000026b43776040, 0x0000026b43776510,
0x0000026b437769e0, 0x0000026b43777380, 0x0000026b442f9c70, 0x0000026b442f75f0,
0x0000026b442fb950, 0x0000026b442f8e00, 0x0000026b442fafb0, 0x0000026b442faae0,
0x0000026b46bc5f10
}

Java Threads: ( => current thread )
  0x0000026b2a35fce0 JavaThread "main" [_thread_blocked, id=13016, stack(0x0000006d2cc00000,0x0000006d2cd00000)]
  0x0000026b28216380 JavaThread "Reference Handler" daemon [_thread_blocked, id=12900, stack(0x0000006d2cf00000,0x0000006d2d000000)]
  0x0000026b3e180090 JavaThread "Finalizer" daemon [_thread_blocked, id=17700, stack(0x0000006d2d000000,0x0000006d2d100000)]
  0x0000026b3e1aaa10 JavaThread "Signal Dispatcher" daemon [_thread_blocked, id=2056, stack(0x0000006d2d100000,0x0000006d2d200000)]
  0x0000026b3e1ab790 JavaThread "Attach Listener" daemon [_thread_blocked, id=4784, stack(0x0000006d2d200000,0x0000006d2d300000)]
  0x0000026b3e1b1f90 JavaThread "Service Thread" daemon [_thread_blocked, id=6584, stack(0x0000006d2d300000,0x0000006d2d400000)]
  0x0000026b3e1b5400 JavaThread "Monitor Deflation Thread" daemon [_thread_blocked, id=9296, stack(0x0000006d2d400000,0x0000006d2d500000)]
  0x0000026b3e1c1be0 JavaThread "C2 CompilerThread0" daemon [_thread_in_native, id=18888, stack(0x0000006d2d500000,0x0000006d2d600000)]
  0x0000026b3e1c3090 JavaThread "C1 CompilerThread0" daemon [_thread_blocked, id=2432, stack(0x0000006d2d600000,0x0000006d2d700000)]
  0x0000026b3e1c4ce0 JavaThread "Sweeper thread" daemon [_thread_blocked, id=3444, stack(0x0000006d2d700000,0x0000006d2d800000)]
  0x0000026b43432d80 JavaThread "Common-Cleaner" daemon [_thread_blocked, id=16732, stack(0x0000006d2d800000,0x0000006d2d900000)]
=>0x0000026b434e39b0 JavaThread "C2 CompilerThread1" daemon [_thread_in_native, id=7016, stack(0x0000006d2d900000,0x0000006d2da00000)]
  0x0000026b435ee7f0 JavaThread "Notification Thread" daemon [_thread_blocked, id=14496, stack(0x0000006d2da00000,0x0000006d2db00000)]
  0x0000026b43dae7a0 JavaThread "Active Thread: Equinox Container: 5a0d6fbc-38e9-4dcd-a7ee-6a44ac82e38f" [_thread_blocked, id=20492, stack(0x0000006d2df00000,0x0000006d2e000000)]
  0x0000026b440da020 JavaThread "Framework Event Dispatcher: Equinox Container: 5a0d6fbc-38e9-4dcd-a7ee-6a44ac82e38f" daemon [_thread_blocked, id=16920, stack(0x0000006d2e000000,0x0000006d2e100000)]
  0x0000026b43f3b030 JavaThread "Start Level: Equinox Container: 5a0d6fbc-38e9-4dcd-a7ee-6a44ac82e38f" daemon [_thread_blocked, id=17152, stack(0x0000006d2e100000,0x0000006d2e200000)]
  0x0000026b43e9bf80 JavaThread "SCR Component Actor" daemon [_thread_blocked, id=13300, stack(0x0000006d2e200000,0x0000006d2e300000)]
  0x0000026b4418ece0 JavaThread "Worker-JM" [_thread_blocked, id=14036, stack(0x0000006d2e400000,0x0000006d2e500000)]
  0x0000026b43779a00 JavaThread "Worker-0" [_thread_blocked, id=9348, stack(0x0000006d2e500000,0x0000006d2e600000)]
  0x0000026b43777d20 JavaThread "Worker-1" [_thread_blocked, id=8972, stack(0x0000006d2e600000,0x0000006d2e700000)]
  0x0000026b437781f0 JavaThread "Worker-2" [_thread_blocked, id=18716, stack(0x0000006d2e700000,0x0000006d2e800000)]
  0x0000026b43779530 JavaThread "Java indexing" daemon [_thread_blocked, id=19944, stack(0x0000006d2e800000,0x0000006d2e900000)]
  0x0000026b43776040 JavaThread "Worker-3" [_thread_blocked, id=16060, stack(0x0000006d2e900000,0x0000006d2ea00000)]
  0x0000026b43776510 JavaThread "Worker-4" [_thread_blocked, id=7840, stack(0x0000006d2ea00000,0x0000006d2eb00000)]
  0x0000026b437769e0 JavaThread "Worker-5" [_thread_blocked, id=14196, stack(0x0000006d2eb00000,0x0000006d2ec00000)]
  0x0000026b43777380 JavaThread "JNA Cleaner" daemon [_thread_blocked, id=3112, stack(0x0000006d2ec00000,0x0000006d2ed00000)]
  0x0000026b442f9c70 JavaThread "pool-2-thread-1" [_thread_blocked, id=12588, stack(0x0000006d2ef00000,0x0000006d2f000000)]
  0x0000026b442f75f0 JavaThread "WorkspaceEventsHandler" [_thread_blocked, id=9968, stack(0x0000006d2f000000,0x0000006d2f100000)]
  0x0000026b442fb950 JavaThread "pool-1-thread-1" [_thread_in_native, id=1012, stack(0x0000006d2f100000,0x0000006d2f200000)]
  0x0000026b442f8e00 JavaThread "ForkJoinPool.commonPool-worker-1" daemon [_thread_blocked, id=4840, stack(0x0000006d2e300000,0x0000006d2e400000)]
  0x0000026b442fafb0 JavaThread "ForkJoinPool.commonPool-worker-2" daemon [_thread_in_native, id=13116, stack(0x0000006d2f200000,0x0000006d2f300000)]
  0x0000026b442faae0 JavaThread "ForkJoinPool.commonPool-worker-3" daemon [_thread_blocked, id=13504, stack(0x0000006d2f300000,0x0000006d2f400000)]
  0x0000026b46bc5f10 JavaThread "Bundle File Closer" daemon [_thread_blocked, id=7676, stack(0x0000006d2f400000,0x0000006d2f500000)]

Other Threads:
  0x0000026b3e168c10 VMThread "VM Thread" [stack: 0x0000006d2ce00000,0x0000006d2cf00000] [id=16128]
  0x0000026b4362fdf0 WatcherThread [stack: 0x0000006d2db00000,0x0000006d2dc00000] [id=15276]
  0x0000026b2a3784c0 GCTaskThread "GC Thread#0" [stack: 0x0000006d2cd00000,0x0000006d2ce00000] [id=14096]
  0x0000026b43d69050 GCTaskThread "GC Thread#1" [stack: 0x0000006d2dc00000,0x0000006d2dd00000] [id=10452]
  0x0000026b43d6a310 GCTaskThread "GC Thread#2" [stack: 0x0000006d2dd00000,0x0000006d2de00000] [id=14088]
  0x0000026b43d6a5c0 GCTaskThread "GC Thread#3" [stack: 0x0000006d2de00000,0x0000006d2df00000] [id=19428]

Threads with active compile tasks:
C2 CompilerThread0    34538 15744       4       org.eclipse.jdt.internal.compiler.parser.Parser::consumeRule (7847 bytes)
C2 CompilerThread1    34538 15533       4       org.eclipse.jdt.internal.compiler.lookup.LookupEnvironment::getTypeFromTypeSignature (770 bytes)

VM state: at safepoint (normal execution)

VM Mutex/Monitor currently owned by a thread:  ([mutex/lock_event])
[0x0000026b2a35bfb0] Threads_lock - owner thread: 0x0000026b3e168c10
[0x0000026b2a35cd30] Heap_lock - owner thread: 0x0000026b442f8e00

Heap address: 0x00000000c0000000, size: 1024 MB, Compressed Oops mode: 32-bit

CDS archive(s) not mapped
Compressed class space mapped at: 0x0000000100000000-0x0000000140000000, reserved size: 1073741824
Narrow klass base: 0x0000000000000000, Narrow klass shift: 3, Narrow klass range: 0x140000000

GC Precious Log:
 CPUs: 4 total, 4 available
 Memory: 12199M
 Large Page Support: Disabled
 NUMA Support: Disabled
 Compressed Oops: Enabled (32-bit)
 Alignments: Space 512K, Generation 512K, Heap 2M
 Heap Min Capacity: 100M
 Heap Initial Capacity: 100M
 Heap Max Capacity: 1G
 Pre-touch: Disabled
 Parallel Workers: 4

Heap:
 PSYoungGen      total 21504K, used 10752K [0x00000000eab00000, 0x00000000ecb80000, 0x0000000100000000)
  eden space 10752K, 100% used [0x00000000eab00000,0x00000000eb580000,0x00000000eb580000)
  from space 10752K, 0% used [0x00000000ec100000,0x00000000ec100000,0x00000000ecb80000)
  to   space 11264K, 1% used [0x00000000eb580000,0x00000000eb5a8000,0x00000000ec080000)
 ParOldGen       total 155136K, used 118339K [0x00000000c0000000, 0x00000000c9780000, 0x00000000eab00000)
  object space 155136K, 76% used [0x00000000c0000000,0x00000000c7390c70,0x00000000c9780000)
 Metaspace       used 74040K, committed 75264K, reserved 1179648K
  class space    used 7376K, committed 7936K, reserved 1048576K

Card table byte_map: [0x0000026b29d10000,0x0000026b29f20000] _byte_map_base: 0x0000026b29710000

Marking Bits: (ParMarkBitMap*) 0x00007ffdfdbc52c0
 Begin Bits: [0x0000026b3bff0000, 0x0000026b3cff0000)
 End Bits:   [0x0000026b3cff0000, 0x0000026b3dff0000)

Polling page: 0x0000026b281f0000

Metaspace:

Usage:
  Non-class:     65.10 MB used.
      Class:      7.20 MB used.
       Both:     72.31 MB used.

Virtual space:
  Non-class space:      128.00 MB reserved,      65.75 MB ( 51%) committed,  2 nodes.
      Class space:        1.00 GB reserved,       7.75 MB ( <1%) committed,  1 nodes.
             Both:        1.12 GB reserved,      73.50 MB (  6%) committed. 

Chunk freelists:
   Non-Class:  13.58 MB
       Class:  8.23 MB
        Both:  21.81 MB

MaxMetaspaceSize: unlimited
CompressedClassSpaceSize: 1.00 GB
Initial GC threshold: 21.00 MB
Current GC threshold: 122.50 MB
CDS: off
MetaspaceReclaimPolicy: balanced
 - commit_granule_bytes: 65536.
 - commit_granule_words: 8192.
 - virtual_space_node_default_size: 8388608.
 - enlarge_chunks_in_place: 1.
 - new_chunks_are_fully_committed: 0.
 - uncommit_free_chunks: 1.
 - use_allocation_guard: 0.
 - handle_deallocations: 1.


Internal statistics:

num_allocs_failed_limit: 9.
num_arena_births: 784.
num_arena_deaths: 14.
num_vsnodes_births: 3.
num_vsnodes_deaths: 0.
num_space_committed: 1176.
num_space_uncommitted: 0.
num_chunks_returned_to_freelist: 23.
num_chunks_taken_from_freelist: 4102.
num_chunk_merges: 13.
num_chunk_splits: 2404.
num_chunks_enlarged: 1171.
num_inconsistent_stats: 0.

CodeHeap 'non-profiled nmethods': size=120000Kb used=6702Kb max_used=6702Kb free=113297Kb
 bounds [0x0000026b34ac0000, 0x0000026b35160000, 0x0000026b3bff0000]
CodeHeap 'profiled nmethods': size=120000Kb used=27652Kb max_used=28305Kb free=92347Kb
 bounds [0x0000026b2cff0000, 0x0000026b2ebc0000, 0x0000026b34520000]
CodeHeap 'non-nmethods': size=5760Kb used=1371Kb max_used=1484Kb free=4388Kb
 bounds [0x0000026b34520000, 0x0000026b34790000, 0x0000026b34ac0000]
 total_blobs=12870 nmethods=12154 adapters=625
 compilation: enabled
              stopped_count=0, restarted_count=0
 full_count=0

Compilation events (20 events):
Event: 34.272 Thread 0x0000026b3e1c3090 15806       3       org.eclipse.jdt.internal.compiler.lookup.TypeBinding::equalsEquals (76 bytes)
Event: 34.273 Thread 0x0000026b3e1c3090 nmethod 15806 0x0000026b2ea4c010 code [0x0000026b2ea4c200, 0x0000026b2ea4c978]
Event: 34.283 Thread 0x0000026b3e1c3090 15808       1       org.eclipse.jdt.internal.compiler.classfmt.ClassFileReader::getSuperclassName (5 bytes)
Event: 34.284 Thread 0x0000026b3e1c3090 nmethod 15808 0x0000026b34e59a90 code [0x0000026b34e59c20, 0x0000026b34e59cf8]
Event: 34.284 Thread 0x0000026b3e1c3090 15809       1       org.eclipse.jdt.internal.compiler.classfmt.ClassFileReader::getInterfaceNames (5 bytes)
Event: 34.284 Thread 0x0000026b3e1c3090 nmethod 15809 0x0000026b34e59790 code [0x0000026b34e59920, 0x0000026b34e599f8]
Event: 34.488 Thread 0x0000026b3e1c3090 15811   !   3       org.eclipse.jdt.internal.core.NameLookup::acceptType (150 bytes)
Event: 34.489 Thread 0x0000026b3e1c1be0 nmethod 15534 0x0000026b34e52a10 code [0x0000026b34e52da0, 0x0000026b34e57880]
Event: 34.489 Thread 0x0000026b3e1c1be0 15744       4       org.eclipse.jdt.internal.compiler.parser.Parser::consumeRule (7847 bytes)
Event: 34.489 Thread 0x0000026b3e1c3090 nmethod 15811 0x0000026b2d5cd390 code [0x0000026b2d5cd620, 0x0000026b2d5ce588]
Event: 34.498 Thread 0x0000026b3e1c3090 15812       3       org.eclipse.jdt.internal.compiler.lookup.LookupEnvironment::buildTypeBindings (176 bytes)
Event: 34.499 Thread 0x0000026b3e1c3090 nmethod 15812 0x0000026b2e149510 code [0x0000026b2e149760, 0x0000026b2e14a0e8]
Event: 34.499 Thread 0x0000026b3e1c3090 15816       3       org.eclipse.jdt.internal.compiler.lookup.Scope$Substitutor::substitute (850 bytes)
Event: 34.503 Thread 0x0000026b3e1c3090 nmethod 15816 0x0000026b2e540110 code [0x0000026b2e5409a0, 0x0000026b2e546d18]
Event: 34.503 Thread 0x0000026b3e1c3090 15815       3       org.eclipse.jdt.internal.compiler.lookup.CompilationUnitScope::checkAndSetImports (309 bytes)
Event: 34.505 Thread 0x0000026b3e1c3090 nmethod 15815 0x0000026b2e718990 code [0x0000026b2e718d00, 0x0000026b2e71a658]
Event: 34.505 Thread 0x0000026b3e1c3090 15813       3       org.eclipse.jdt.internal.compiler.lookup.CompilationUnitScope::<init> (163 bytes)
Event: 34.506 Thread 0x0000026b3e1c3090 nmethod 15813 0x0000026b2e0ca590 code [0x0000026b2e0ca840, 0x0000026b2e0cb4d8]
Event: 34.506 Thread 0x0000026b3e1c3090 15814       3       org.eclipse.jdt.internal.compiler.lookup.ModuleBinding$UnNamedModule::getDeclaredPackage (79 bytes)
Event: 34.507 Thread 0x0000026b3e1c3090 nmethod 15814 0x0000026b2e05e790 code [0x0000026b2e05ea00, 0x0000026b2e05f6f8]

GC Heap History (20 events):
Event: 33.963 GC heap before
{Heap before GC invocations=348 (full 12):
 PSYoungGen      total 6656K, used 6304K [0x00000000eab00000, 0x00000000eb480000, 0x0000000100000000)
  eden space 4608K, 100% used [0x00000000eab00000,0x00000000eaf80000,0x00000000eaf80000)
  from space 2048K, 82% used [0x00000000eb280000,0x00000000eb428020,0x00000000eb480000)
  to   space 2048K, 0% used [0x00000000eb080000,0x00000000eb080000,0x00000000eb280000)
 ParOldGen       total 134144K, used 108985K [0x00000000c0000000, 0x00000000c8300000, 0x00000000eab00000)
  object space 134144K, 81% used [0x00000000c0000000,0x00000000c6a6e730,0x00000000c8300000)
 Metaspace       used 73849K, committed 75008K, reserved 1179648K
  class space    used 7356K, committed 7872K, reserved 1048576K
}
Event: 33.967 GC heap after
{Heap after GC invocations=348 (full 12):
 PSYoungGen      total 7168K, used 2016K [0x00000000eab00000, 0x00000000eb700000, 0x0000000100000000)
  eden space 5120K, 0% used [0x00000000eab00000,0x00000000eab00000,0x00000000eb000000)
  from space 2048K, 98% used [0x00000000eb080000,0x00000000eb278020,0x00000000eb280000)
  to   space 3584K, 0% used [0x00000000eb380000,0x00000000eb380000,0x00000000eb700000)
 ParOldGen       total 134144K, used 110184K [0x00000000c0000000, 0x00000000c8300000, 0x00000000eab00000)
  object space 134144K, 82% used [0x00000000c0000000,0x00000000c6b9a300,0x00000000c8300000)
 Metaspace       used 73849K, committed 75008K, reserved 1179648K
  class space    used 7356K, committed 7872K, reserved 1048576K
}
Event: 33.998 GC heap before
{Heap before GC invocations=349 (full 12):
 PSYoungGen      total 7168K, used 6984K [0x00000000eab00000, 0x00000000eb700000, 0x0000000100000000)
  eden space 5120K, 97% used [0x00000000eab00000,0x00000000eafda000,0x00000000eb000000)
  from space 2048K, 98% used [0x00000000eb080000,0x00000000eb278020,0x00000000eb280000)
  to   space 3584K, 0% used [0x00000000eb380000,0x00000000eb380000,0x00000000eb700000)
 ParOldGen       total 134144K, used 110184K [0x00000000c0000000, 0x00000000c8300000, 0x00000000eab00000)
  object space 134144K, 82% used [0x00000000c0000000,0x00000000c6b9a300,0x00000000c8300000)
 Metaspace       used 73855K, committed 75072K, reserved 1179648K
  class space    used 7356K, committed 7872K, reserved 1048576K
}
Event: 34.001 GC heap after
{Heap after GC invocations=349 (full 12):
 PSYoungGen      total 8192K, used 3561K [0x00000000eab00000, 0x00000000eb880000, 0x0000000100000000)
  eden space 4608K, 0% used [0x00000000eab00000,0x00000000eab00000,0x00000000eaf80000)
  from space 3584K, 99% used [0x00000000eb380000,0x00000000eb6fa4e0,0x00000000eb700000)
  to   space 4096K, 0% used [0x00000000eaf80000,0x00000000eaf80000,0x00000000eb380000)
 ParOldGen       total 134144K, used 112207K [0x00000000c0000000, 0x00000000c8300000, 0x00000000eab00000)
  object space 134144K, 83% used [0x00000000c0000000,0x00000000c6d93c90,0x00000000c8300000)
 Metaspace       used 73855K, committed 75072K, reserved 1179648K
  class space    used 7356K, committed 7872K, reserved 1048576K
}
Event: 34.013 GC heap before
{Heap before GC invocations=350 (full 12):
 PSYoungGen      total 8192K, used 8169K [0x00000000eab00000, 0x00000000eb880000, 0x0000000100000000)
  eden space 4608K, 100% used [0x00000000eab00000,0x00000000eaf80000,0x00000000eaf80000)
  from space 3584K, 99% used [0x00000000eb380000,0x00000000eb6fa4e0,0x00000000eb700000)
  to   space 4096K, 0% used [0x00000000eaf80000,0x00000000eaf80000,0x00000000eb380000)
 ParOldGen       total 134144K, used 112207K [0x00000000c0000000, 0x00000000c8300000, 0x00000000eab00000)
  object space 134144K, 83% used [0x00000000c0000000,0x00000000c6d93c90,0x00000000c8300000)
 Metaspace       used 73855K, committed 75072K, reserved 1179648K
  class space    used 7356K, committed 7872K, reserved 1048576K
}
Event: 34.017 GC heap after
{Heap after GC invocations=350 (full 12):
 PSYoungGen      total 8704K, used 3310K [0x00000000eab00000, 0x00000000eb780000, 0x0000000100000000)
  eden space 4608K, 0% used [0x00000000eab00000,0x00000000eab00000,0x00000000eaf80000)
  from space 4096K, 80% used [0x00000000eaf80000,0x00000000eb2bb838,0x00000000eb380000)
  to   space 3584K, 0% used [0x00000000eb400000,0x00000000eb400000,0x00000000eb780000)
 ParOldGen       total 134144K, used 115724K [0x00000000c0000000, 0x00000000c8300000, 0x00000000eab00000)
  object space 134144K, 86% used [0x00000000c0000000,0x00000000c7103050,0x00000000c8300000)
 Metaspace       used 73855K, committed 75072K, reserved 1179648K
  class space    used 7356K, committed 7872K, reserved 1048576K
}
Event: 34.050 GC heap before
{Heap before GC invocations=351 (full 12):
 PSYoungGen      total 8704K, used 7918K [0x00000000eab00000, 0x00000000eb780000, 0x0000000100000000)
  eden space 4608K, 100% used [0x00000000eab00000,0x00000000eaf80000,0x00000000eaf80000)
  from space 4096K, 80% used [0x00000000eaf80000,0x00000000eb2bb838,0x00000000eb380000)
  to   space 3584K, 0% used [0x00000000eb400000,0x00000000eb400000,0x00000000eb780000)
 ParOldGen       total 134144K, used 115724K [0x00000000c0000000, 0x00000000c8300000, 0x00000000eab00000)
  object space 134144K, 86% used [0x00000000c0000000,0x00000000c7103050,0x00000000c8300000)
 Metaspace       used 73862K, committed 75072K, reserved 1179648K
  class space    used 7356K, committed 7872K, reserved 1048576K
}
Event: 34.054 GC heap after
{Heap after GC invocations=351 (full 12):
 PSYoungGen      total 8704K, used 2711K [0x00000000eab00000, 0x00000000eb700000, 0x0000000100000000)
  eden space 5632K, 0% used [0x00000000eab00000,0x00000000eab00000,0x00000000eb080000)
  from space 3072K, 88% used [0x00000000eb400000,0x00000000eb6a5dd0,0x00000000eb700000)
  to   space 3072K, 0% used [0x00000000eb100000,0x00000000eb100000,0x00000000eb400000)
 ParOldGen       total 134144K, used 118954K [0x00000000c0000000, 0x00000000c8300000, 0x00000000eab00000)
  object space 134144K, 88% used [0x00000000c0000000,0x00000000c742a8a8,0x00000000c8300000)
 Metaspace       used 73862K, committed 75072K, reserved 1179648K
  class space    used 7356K, committed 7872K, reserved 1048576K
}
Event: 34.129 GC heap before
{Heap before GC invocations=352 (full 12):
 PSYoungGen      total 8704K, used 8250K [0x00000000eab00000, 0x00000000eb700000, 0x0000000100000000)
  eden space 5632K, 98% used [0x00000000eab00000,0x00000000eb068b18,0x00000000eb080000)
  from space 3072K, 88% used [0x00000000eb400000,0x00000000eb6a5dd0,0x00000000eb700000)
  to   space 3072K, 0% used [0x00000000eb100000,0x00000000eb100000,0x00000000eb400000)
 ParOldGen       total 134144K, used 118954K [0x00000000c0000000, 0x00000000c8300000, 0x00000000eab00000)
  object space 134144K, 88% used [0x00000000c0000000,0x00000000c742a8a8,0x00000000c8300000)
 Metaspace       used 73921K, committed 75136K, reserved 1179648K
  class space    used 7361K, committed 7936K, reserved 1048576K
}
Event: 34.135 GC heap after
{Heap after GC invocations=352 (full 12):
 PSYoungGen      total 9216K, used 3061K [0x00000000eab00000, 0x00000000ebe80000, 0x0000000100000000)
  eden space 6144K, 0% used [0x00000000eab00000,0x00000000eab00000,0x00000000eb100000)
  from space 3072K, 99% used [0x00000000eb100000,0x00000000eb3fd4c0,0x00000000eb400000)
  to   space 6656K, 0% used [0x00000000eb800000,0x00000000eb800000,0x00000000ebe80000)
 ParOldGen       total 134144K, used 121742K [0x00000000c0000000, 0x00000000c8300000, 0x00000000eab00000)
  object space 134144K, 90% used [0x00000000c0000000,0x00000000c76e38d8,0x00000000c8300000)
 Metaspace       used 73921K, committed 75136K, reserved 1179648K
  class space    used 7361K, committed 7936K, reserved 1048576K
}
Event: 34.169 GC heap before
{Heap before GC invocations=353 (full 12):
 PSYoungGen      total 9216K, used 9205K [0x00000000eab00000, 0x00000000ebe80000, 0x0000000100000000)
  eden space 6144K, 100% used [0x00000000eab00000,0x00000000eb100000,0x00000000eb100000)
  from space 3072K, 99% used [0x00000000eb100000,0x00000000eb3fd4c0,0x00000000eb400000)
  to   space 6656K, 0% used [0x00000000eb800000,0x00000000eb800000,0x00000000ebe80000)
 ParOldGen       total 134144K, used 121742K [0x00000000c0000000, 0x00000000c8300000, 0x00000000eab00000)
  object space 134144K, 90% used [0x00000000c0000000,0x00000000c76e38d8,0x00000000c8300000)
 Metaspace       used 73953K, committed 75200K, reserved 1179648K
  class space    used 7361K, committed 7936K, reserved 1048576K
}
Event: 34.174 GC heap after
{Heap after GC invocations=353 (full 12):
 PSYoungGen      total 10240K, used 2848K [0x00000000eab00000, 0x00000000ebb00000, 0x0000000100000000)
  eden space 7168K, 0% used [0x00000000eab00000,0x00000000eab00000,0x00000000eb200000)
  from space 3072K, 92% used [0x00000000eb800000,0x00000000ebac8138,0x00000000ebb00000)
  to   space 4096K, 0% used [0x00000000eb300000,0x00000000eb300000,0x00000000eb700000)
 ParOldGen       total 134144K, used 124810K [0x00000000c0000000, 0x00000000c8300000, 0x00000000eab00000)
  object space 134144K, 93% used [0x00000000c0000000,0x00000000c79e28b8,0x00000000c8300000)
 Metaspace       used 73953K, committed 75200K, reserved 1179648K
  class space    used 7361K, committed 7936K, reserved 1048576K
}
Event: 34.187 GC heap before
{Heap before GC invocations=354 (full 12):
 PSYoungGen      total 10240K, used 10016K [0x00000000eab00000, 0x00000000ebb00000, 0x0000000100000000)
  eden space 7168K, 100% used [0x00000000eab00000,0x00000000eb200000,0x00000000eb200000)
  from space 3072K, 92% used [0x00000000eb800000,0x00000000ebac8138,0x00000000ebb00000)
  to   space 4096K, 0% used [0x00000000eb300000,0x00000000eb300000,0x00000000eb700000)
 ParOldGen       total 134144K, used 124810K [0x00000000c0000000, 0x00000000c8300000, 0x00000000eab00000)
  object space 134144K, 93% used [0x00000000c0000000,0x00000000c79e28b8,0x00000000c8300000)
 Metaspace       used 73957K, committed 75200K, reserved 1179648K
  class space    used 7361K, committed 7936K, reserved 1048576K
}
Event: 34.194 GC heap after
{Heap after GC invocations=354 (full 12):
 PSYoungGen      total 9728K, used 1232K [0x00000000eab00000, 0x00000000eb880000, 0x0000000100000000)
  eden space 8192K, 0% used [0x00000000eab00000,0x00000000eab00000,0x00000000eb300000)
  from space 1536K, 80% used [0x00000000eb300000,0x00000000eb434030,0x00000000eb480000)
  to   space 2048K, 0% used [0x00000000eb680000,0x00000000eb680000,0x00000000eb880000)
 ParOldGen       total 134144K, used 127481K [0x00000000c0000000, 0x00000000c8300000, 0x00000000eab00000)
  object space 134144K, 95% used [0x00000000c0000000,0x00000000c7c7e548,0x00000000c8300000)
 Metaspace       used 73957K, committed 75200K, reserved 1179648K
  class space    used 7361K, committed 7936K, reserved 1048576K
}
Event: 34.231 GC heap before
{Heap before GC invocations=355 (full 12):
 PSYoungGen      total 9728K, used 9424K [0x00000000eab00000, 0x00000000eb880000, 0x0000000100000000)
  eden space 8192K, 100% used [0x00000000eab00000,0x00000000eb300000,0x00000000eb300000)
  from space 1536K, 80% used [0x00000000eb300000,0x00000000eb434030,0x00000000eb480000)
  to   space 2048K, 0% used [0x00000000eb680000,0x00000000eb680000,0x00000000eb880000)
 ParOldGen       total 134144K, used 127481K [0x00000000c0000000, 0x00000000c8300000, 0x00000000eab00000)
  object space 134144K, 95% used [0x00000000c0000000,0x00000000c7c7e548,0x00000000c8300000)
 Metaspace       used 73973K, committed 75200K, reserved 1179648K
  class space    used 7362K, committed 7936K, reserved 1048576K
}
Event: 34.236 GC heap after
{Heap after GC invocations=355 (full 12):
 PSYoungGen      total 11776K, used 1492K [0x00000000eab00000, 0x00000000eb880000, 0x0000000100000000)
  eden space 9728K, 0% used [0x00000000eab00000,0x00000000eab00000,0x00000000eb480000)
  from space 2048K, 72% used [0x00000000eb680000,0x00000000eb7f5200,0x00000000eb880000)
  to   space 2048K, 0% used [0x00000000eb480000,0x00000000eb480000,0x00000000eb680000)
 ParOldGen       total 134144K, used 128577K [0x00000000c0000000, 0x00000000c8300000, 0x00000000eab00000)
  object space 134144K, 95% used [0x00000000c0000000,0x00000000c7d90478,0x00000000c8300000)
 Metaspace       used 73973K, committed 75200K, reserved 1179648K
  class space    used 7362K, committed 7936K, reserved 1048576K
}
Event: 34.285 GC heap before
{Heap before GC invocations=356 (full 12):
 PSYoungGen      total 11776K, used 11220K [0x00000000eab00000, 0x00000000eb880000, 0x0000000100000000)
  eden space 9728K, 100% used [0x00000000eab00000,0x00000000eb480000,0x00000000eb480000)
  from space 2048K, 72% used [0x00000000eb680000,0x00000000eb7f5200,0x00000000eb880000)
  to   space 2048K, 0% used [0x00000000eb480000,0x00000000eb480000,0x00000000eb680000)
 ParOldGen       total 134144K, used 128577K [0x00000000c0000000, 0x00000000c8300000, 0x00000000eab00000)
  object space 134144K, 95% used [0x00000000c0000000,0x00000000c7d90478,0x00000000c8300000)
 Metaspace       used 74024K, committed 75264K, reserved 1179648K
  class space    used 7376K, committed 7936K, reserved 1048576K
}
Event: 34.294 GC heap after
{Heap after GC invocations=356 (full 12):
 PSYoungGen      total 11776K, used 2047K [0x00000000eab00000, 0x00000000ecc00000, 0x0000000100000000)
  eden space 9728K, 0% used [0x00000000eab00000,0x00000000eab00000,0x00000000eb480000)
  from space 2048K, 99% used [0x00000000eb480000,0x00000000eb67ff48,0x00000000eb680000)
  to   space 11264K, 0% used [0x00000000ec100000,0x00000000ec100000,0x00000000ecc00000)
 ParOldGen       total 136192K, used 136021K [0x00000000c0000000, 0x00000000c8500000, 0x00000000eab00000)
  object space 136192K, 99% used [0x00000000c0000000,0x00000000c84d5600,0x00000000c8500000)
 Metaspace       used 74024K, committed 75264K, reserved 1179648K
  class space    used 7376K, committed 7936K, reserved 1048576K
}
Event: 34.294 GC heap before
{Heap before GC invocations=357 (full 13):
 PSYoungGen      total 11776K, used 2047K [0x00000000eab00000, 0x00000000ecc00000, 0x0000000100000000)
  eden space 9728K, 0% used [0x00000000eab00000,0x00000000eab00000,0x00000000eb480000)
  from space 2048K, 99% used [0x00000000eb480000,0x00000000eb67ff48,0x00000000eb680000)
  to   space 11264K, 0% used [0x00000000ec100000,0x00000000ec100000,0x00000000ecc00000)
 ParOldGen       total 136192K, used 136021K [0x00000000c0000000, 0x00000000c8500000, 0x00000000eab00000)
  object space 136192K, 99% used [0x00000000c0000000,0x00000000c84d5600,0x00000000c8500000)
 Metaspace       used 74024K, committed 75264K, reserved 1179648K
  class space    used 7376K, committed 7936K, reserved 1048576K
}
Event: 34.481 GC heap after
{Heap after GC invocations=357 (full 13):
 PSYoungGen      total 21504K, used 0K [0x00000000eab00000, 0x00000000ecb80000, 0x0000000100000000)
  eden space 10752K, 0% used [0x00000000eab00000,0x00000000eab00000,0x00000000eb580000)
  from space 10752K, 0% used [0x00000000ec100000,0x00000000ec100000,0x00000000ecb80000)
  to   space 11264K, 0% used [0x00000000eb580000,0x00000000eb580000,0x00000000ec080000)
 ParOldGen       total 155136K, used 118339K [0x00000000c0000000, 0x00000000c9780000, 0x00000000eab00000)
  object space 155136K, 76% used [0x00000000c0000000,0x00000000c7390c70,0x00000000c9780000)
 Metaspace       used 74024K, committed 75264K, reserved 1179648K
  class space    used 7376K, committed 7936K, reserved 1048576K
}

Dll operation events (10 events):
Event: 0.008 Loaded shared library c:\Users\HP\.vscode\extensions\redhat.java-1.20.0-win32-x64\jre\17.0.7-win32-x86_64\bin\java.dll
Event: 0.130 Loaded shared library c:\Users\HP\.vscode\extensions\redhat.java-1.20.0-win32-x64\jre\17.0.7-win32-x86_64\bin\zip.dll
Event: 0.133 Loaded shared library C:\Users\HP\.vscode\extensions\redhat.java-1.20.0-win32-x64\jre\17.0.7-win32-x86_64\bin\instrument.dll
Event: 0.144 Loaded shared library C:\Users\HP\.vscode\extensions\redhat.java-1.20.0-win32-x64\jre\17.0.7-win32-x86_64\bin\net.dll
Event: 0.146 Loaded shared library C:\Users\HP\.vscode\extensions\redhat.java-1.20.0-win32-x64\jre\17.0.7-win32-x86_64\bin\nio.dll
Event: 0.151 Loaded shared library C:\Users\HP\.vscode\extensions\redhat.java-1.20.0-win32-x64\jre\17.0.7-win32-x86_64\bin\zip.dll
Event: 0.164 Loaded shared library C:\Users\HP\.vscode\extensions\redhat.java-1.20.0-win32-x64\jre\17.0.7-win32-x86_64\bin\jimage.dll
Event: 0.207 Loaded shared library c:\Users\HP\.vscode\extensions\redhat.java-1.20.0-win32-x64\jre\17.0.7-win32-x86_64\bin\verify.dll
Event: 1.233 Loaded shared library C:\Users\HP\AppData\Roaming\Code\User\globalStorage\redhat.java\1.20.0\config_win\org.eclipse.equinox.launcher\org.eclipse.equinox.launcher.win32.win32.x86_64_1.2.700.v20221108-1024\eclipse_11801.dll
Event: 5.129 Loaded shared library C:\Users\HP\AppData\Local\Temp\jna-2312\jna17675069386200370524.dll

Deoptimization events (20 events):
Event: 34.110 Thread 0x0000026b442fafb0 DEOPT PACKING pc=0x0000026b3500aeb8 sp=0x0000006d2f2fe130
Event: 34.110 Thread 0x0000026b442fafb0 DEOPT UNPACKING pc=0x0000026b345766a3 sp=0x0000006d2f2fe0f0 mode 2
Event: 34.110 Thread 0x0000026b442fafb0 Uncommon trap: trap_request=0xffffffde fr.pc=0x0000026b3500aeb8 relative=0x0000000000000ab8
Event: 34.110 Thread 0x0000026b442fafb0 Uncommon trap: reason=class_check action=maybe_recompile pc=0x0000026b3500aeb8 method=org.eclipse.jdt.internal.compiler.env.IModuleAwareNameEnvironment.findType([C[[C)Lorg/eclipse/jdt/internal/compiler/env/NameEnvironmentAnswer; @ 6 c2
Event: 34.110 Thread 0x0000026b442fafb0 DEOPT PACKING pc=0x0000026b3500aeb8 sp=0x0000006d2f2fe130
Event: 34.110 Thread 0x0000026b442fafb0 DEOPT UNPACKING pc=0x0000026b345766a3 sp=0x0000006d2f2fe0f0 mode 2
Event: 34.174 Thread 0x0000026b442f8e00 DEOPT PACKING pc=0x0000026b2e8584aa sp=0x0000006d2e3fde30
Event: 34.174 Thread 0x0000026b442f8e00 DEOPT UNPACKING pc=0x0000026b34576e43 sp=0x0000006d2e3fd318 mode 0
Event: 34.195 Thread 0x0000026b442fafb0 Uncommon trap: trap_request=0xffffffde fr.pc=0x0000026b3500aeb8 relative=0x0000000000000ab8
Event: 34.195 Thread 0x0000026b442fafb0 Uncommon trap: reason=class_check action=maybe_recompile pc=0x0000026b3500aeb8 method=org.eclipse.jdt.internal.compiler.env.IModuleAwareNameEnvironment.findType([C[[C)Lorg/eclipse/jdt/internal/compiler/env/NameEnvironmentAnswer; @ 6 c2
Event: 34.195 Thread 0x0000026b442fafb0 DEOPT PACKING pc=0x0000026b3500aeb8 sp=0x0000006d2f2fe130
Event: 34.195 Thread 0x0000026b442fafb0 DEOPT UNPACKING pc=0x0000026b345766a3 sp=0x0000006d2f2fe0f0 mode 2
Event: 34.260 Thread 0x0000026b442fafb0 Uncommon trap: trap_request=0xffffff45 fr.pc=0x0000026b350772d0 relative=0x0000000000000d50
Event: 34.260 Thread 0x0000026b442fafb0 Uncommon trap: reason=unstable_if action=reinterpret pc=0x0000026b350772d0 method=org.eclipse.jdt.internal.compiler.lookup.Scope$Substitutor.substitute(Lorg/eclipse/jdt/internal/compiler/lookup/Substitution;Lorg/eclipse/jdt/internal/compiler/lookup/TypeBi
Event: 34.261 Thread 0x0000026b442fafb0 DEOPT PACKING pc=0x0000026b350772d0 sp=0x0000006d2f2fe010
Event: 34.261 Thread 0x0000026b442fafb0 DEOPT UNPACKING pc=0x0000026b345766a3 sp=0x0000006d2f2fdfd0 mode 2
Event: 34.261 Thread 0x0000026b442fafb0 Uncommon trap: trap_request=0xffffff45 fr.pc=0x0000026b34ff1164 relative=0x00000000000000c4
Event: 34.261 Thread 0x0000026b442fafb0 Uncommon trap: reason=unstable_if action=reinterpret pc=0x0000026b34ff1164 method=org.eclipse.jdt.internal.compiler.lookup.TypeBinding.equalsEquals(Lorg/eclipse/jdt/internal/compiler/lookup/TypeBinding;Lorg/eclipse/jdt/internal/compiler/lookup/TypeBinding
Event: 34.261 Thread 0x0000026b442fafb0 DEOPT PACKING pc=0x0000026b34ff1164 sp=0x0000006d2f2fdfb0
Event: 34.261 Thread 0x0000026b442fafb0 DEOPT UNPACKING pc=0x0000026b345766a3 sp=0x0000006d2f2fdf60 mode 2

Classes unloaded (7 events):
Event: 1.944 Thread 0x0000026b3e168c10 Unloading class 0x0000000100212400 'java/lang/invoke/LambdaForm$MH+0x0000000100212400'
Event: 1.944 Thread 0x0000026b3e168c10 Unloading class 0x0000000100212000 'java/lang/invoke/LambdaForm$MH+0x0000000100212000'
Event: 1.944 Thread 0x0000026b3e168c10 Unloading class 0x0000000100211c00 'java/lang/invoke/LambdaForm$MH+0x0000000100211c00'
Event: 1.945 Thread 0x0000026b3e168c10 Unloading class 0x0000000100211800 'java/lang/invoke/LambdaForm$MH+0x0000000100211800'
Event: 1.945 Thread 0x0000026b3e168c10 Unloading class 0x0000000100211000 'java/lang/invoke/LambdaForm$BMH+0x0000000100211000'
Event: 1.945 Thread 0x0000026b3e168c10 Unloading class 0x0000000100210c00 'java/lang/invoke/LambdaForm$DMH+0x0000000100210c00'
Event: 1.945 Thread 0x0000026b3e168c10 Unloading class 0x000000010020e000 'java/lang/invoke/LambdaForm$DMH+0x000000010020e000'

Classes redefined (0 events):
No events

Internal exceptions (20 events):
Event: 29.044 Thread 0x0000026b43776040 Exception <a 'java/lang/NullPointerException'{0x00000000eaca1810}> (0x00000000eaca1810) 
thrown [s\src\hotspot\share\runtime\sharedRuntime.cpp, line 628]
Event: 29.044 Thread 0x0000026b43776040 Implicit null exception at 0x0000026b2d287bcf to 0x0000026b2d288f1c
Event: 29.044 Thread 0x0000026b43776040 Exception <a 'java/lang/NullPointerException'{0x00000000eaca2d78}> (0x00000000eaca2d78) 
thrown [s\src\hotspot\share\runtime\sharedRuntime.cpp, line 628]
Event: 29.044 Thread 0x0000026b43776040 Implicit null exception at 0x0000026b2d287bcf to 0x0000026b2d288f1c
Event: 29.044 Thread 0x0000026b43776040 Exception <a 'java/lang/NullPointerException'{0x00000000eaca8eb0}> (0x00000000eaca8eb0) 
thrown [s\src\hotspot\share\runtime\sharedRuntime.cpp, line 628]
Event: 29.044 Thread 0x0000026b43776040 Implicit null exception at 0x0000026b2d287bcf to 0x0000026b2d288f1c
Event: 29.044 Thread 0x0000026b43776040 Exception <a 'java/lang/NullPointerException'{0x00000000eacabba0}> (0x00000000eacabba0) 
thrown [s\src\hotspot\share\runtime\sharedRuntime.cpp, line 628]
Event: 29.245 Thread 0x0000026b43776040 Implicit null exception at 0x0000026b2d287bcf to 0x0000026b2d288f1c
Event: 29.245 Thread 0x0000026b43776040 Exception <a 'java/lang/NullPointerException'{0x00000000eabdad78}> (0x00000000eabdad78) 
thrown [s\src\hotspot\share\runtime\sharedRuntime.cpp, line 628]
Event: 29.245 Thread 0x0000026b43776040 Implicit null exception at 0x0000026b2d287bcf to 0x0000026b2d288f1c
Event: 29.245 Thread 0x0000026b43776040 Exception <a 'java/lang/NullPointerException'{0x00000000eabdc2b0}> (0x00000000eabdc2b0) 
thrown [s\src\hotspot\share\runtime\sharedRuntime.cpp, line 628]
Event: 29.246 Thread 0x0000026b43776040 Implicit null exception at 0x0000026b2d287bcf to 0x0000026b2d288f1c
Event: 29.246 Thread 0x0000026b43776040 Exception <a 'java/lang/NullPointerException'{0x00000000eabe31a0}> (0x00000000eabe31a0) 
thrown [s\src\hotspot\share\runtime\sharedRuntime.cpp, line 628]
Event: 29.246 Thread 0x0000026b43776040 Implicit null exception at 0x0000026b2d287bcf to 0x0000026b2d288f1c
Event: 29.246 Thread 0x0000026b43776040 Exception <a 'java/lang/NullPointerException'{0x00000000eabe46e8}> (0x00000000eabe46e8) 
thrown [s\src\hotspot\share\runtime\sharedRuntime.cpp, line 628]
Event: 30.250 Thread 0x0000026b46bc5f10 Implicit null exception at 0x0000026b34af64a0 to 0x0000026b34af6778
Event: 32.430 Thread 0x0000026b43779530 Implicit null exception at 0x0000026b34ecbab6 to 0x0000026b34ecbed4
Event: 33.148 Thread 0x0000026b43779530 Exception <a 'sun/nio/fs/WindowsException'{0x00000000eab17aa0}> (0x00000000eab17aa0) 
thrown [s\src\hotspot\share\prims\jni.cpp, line 516]
Event: 33.203 Thread 0x0000026b442faae0 Implicit null exception at 0x0000026b34e393ac to 0x0000026b34e3940c
Event: 34.261 Thread 0x0000026b442fafb0 Implicit null exception at 0x0000026b34ff10c0 to 0x0000026b34ff1150

VM Operations (20 events):
Event: 34.013 Executing VM operation: ParallelGCFailedAllocation
Event: 34.017 Executing VM operation: ParallelGCFailedAllocation done
Event: 34.050 Executing VM operation: ParallelGCFailedAllocation
Event: 34.055 Executing VM operation: ParallelGCFailedAllocation done
Event: 34.110 Executing VM operation: ParallelGCFailedAllocation
Event: 34.138 Executing VM operation: ParallelGCFailedAllocation done
Event: 34.169 Executing VM operation: ParallelGCFailedAllocation
Event: 34.174 Executing VM operation: ParallelGCFailedAllocation done
Event: 34.187 Executing VM operation: ParallelGCFailedAllocation
Event: 34.194 Executing VM operation: ParallelGCFailedAllocation done
Event: 34.208 Executing VM operation: HandshakeAllThreads
Event: 34.208 Executing VM operation: HandshakeAllThreads done
Event: 34.230 Executing VM operation: ParallelGCFailedAllocation
Event: 34.236 Executing VM operation: ParallelGCFailedAllocation done
Event: 34.260 Executing VM operation: HandshakeAllThreads
Event: 34.260 Executing VM operation: HandshakeAllThreads done
Event: 34.263 Executing VM operation: HandshakeAllThreads
Event: 34.263 Executing VM operation: HandshakeAllThreads done
Event: 34.285 Executing VM operation: ParallelGCFailedAllocation
Event: 34.481 Executing VM operation: ParallelGCFailedAllocation done

Events (20 events):
Event: 32.952 Thread 0x0000026b3e1c4ce0 flushing nmethod 0x0000026b2e86fd90
Event: 32.952 Thread 0x0000026b3e1c4ce0 flushing nmethod 0x0000026b2e870b90
Event: 32.952 Thread 0x0000026b3e1c4ce0 flushing nmethod 0x0000026b2e87a790
Event: 32.952 Thread 0x0000026b3e1c4ce0 flushing nmethod 0x0000026b2e87c810
Event: 32.952 Thread 0x0000026b3e1c4ce0 flushing nmethod 0x0000026b2e884610
Event: 32.952 Thread 0x0000026b3e1c4ce0 flushing nmethod 0x0000026b2e884990
Event: 32.952 Thread 0x0000026b3e1c4ce0 flushing nmethod 0x0000026b2e89b090
Event: 32.952 Thread 0x0000026b3e1c4ce0 flushing nmethod 0x0000026b2e89b710
Event: 32.952 Thread 0x0000026b3e1c4ce0 flushing nmethod 0x0000026b2e89ba90
Event: 32.952 Thread 0x0000026b3e1c4ce0 flushing nmethod 0x0000026b2e8a6c10
Event: 32.952 Thread 0x0000026b3e1c4ce0 flushing nmethod 0x0000026b2e91b610
Event: 32.953 Thread 0x0000026b3e1c4ce0 flushing nmethod 0x0000026b2ea4c010
Event: 32.953 Thread 0x0000026b3e1c4ce0 flushing nmethod 0x0000026b2ea65b10
Event: 32.953 Thread 0x0000026b3e1c4ce0 flushing nmethod 0x0000026b2ea66610
Event: 32.953 Thread 0x0000026b3e1c4ce0 flushing nmethod 0x0000026b2ea92790
Event: 32.954 Thread 0x0000026b3e1c4ce0 flushing nmethod 0x0000026b2eabbc10
Event: 32.954 Thread 0x0000026b3e1c4ce0 flushing nmethod 0x0000026b2eb03810
Event: 32.954 Thread 0x0000026b3e1c4ce0 flushing nmethod 0x0000026b2eb3dc10
Event: 32.954 Thread 0x0000026b3e1c4ce0 flushing nmethod 0x0000026b2eb3f390
Event: 32.954 Thread 0x0000026b3e1c4ce0 flushing nmethod 0x0000026b2eb40190


Dynamic libraries:
0x00007ff7b6210000 - 0x00007ff7b621e000 	c:\Users\HP\.vscode\extensions\redhat.java-1.20.0-win32-x64\jre\17.0.7-win32-x86_64\bin\java.exe
0x00007ffe51670000 - 0x00007ffe51868000 	C:\WINDOWS\SYSTEM32\ntdll.dll
0x00007ffe50240000 - 0x00007ffe502ff000 	C:\WINDOWS\System32\KERNEL32.DLL
0x00007ffe4f340000 - 0x00007ffe4f636000 	C:\WINDOWS\System32\KERNELBASE.dll
0x00007ffe4eec0000 - 0x00007ffe4efc0000 	C:\WINDOWS\System32\ucrtbase.dll
0x00007ffe45bf0000 - 0x00007ffe45c09000 	c:\Users\HP\.vscode\extensions\redhat.java-1.20.0-win32-x64\jre\17.0.7-win32-x86_64\bin\VCRUNTIME140.dll
0x00007ffe489e0000 - 0x00007ffe489f7000 	c:\Users\HP\.vscode\extensions\redhat.java-1.20.0-win32-x64\jre\17.0.7-win32-x86_64\bin\jli.dll
0x00007ffe4f6d0000 - 0x00007ffe4f86d000 	C:\WINDOWS\System32\USER32.dll
0x00007ffe4f270000 - 0x00007ffe4f292000 	C:\WINDOWS\System32\win32u.dll
0x00007ffe32710000 - 0x00007ffe329aa000 	C:\WINDOWS\WinSxS\amd64_microsoft.windows.common-controls_6595b64144ccf1df_6.0.19041.1110_none_60b5254171f9507e\COMCTL32.dll
0x00007ffe506f0000 - 0x00007ffe5071c000 	C:\WINDOWS\System32\GDI32.dll
0x00007ffe503f0000 - 0x00007ffe5048e000 	C:\WINDOWS\System32\msvcrt.dll
0x00007ffe4efc0000 - 0x00007ffe4f0d5000 	C:\WINDOWS\System32\gdi32full.dll
0x00007ffe4f2a0000 - 0x00007ffe4f33d000 	C:\WINDOWS\System32\msvcp_win.dll
0x00007ffe512e0000 - 0x00007ffe51310000 	C:\WINDOWS\System32\IMM32.DLL
0x00007ffe494b0000 - 0x00007ffe494bc000 	c:\Users\HP\.vscode\extensions\redhat.java-1.20.0-win32-x64\jre\17.0.7-win32-x86_64\bin\vcruntime140_1.dll
0x00007ffe31a30000 - 0x00007ffe31ac1000 	c:\Users\HP\.vscode\extensions\redhat.java-1.20.0-win32-x64\jre\17.0.7-win32-x86_64\bin\msvcp140.dll
0x00007ffdfd040000 - 0x00007ffdfdc88000 	c:\Users\HP\.vscode\extensions\redhat.java-1.20.0-win32-x64\jre\17.0.7-win32-x86_64\bin\server\jvm.dll
0x00007ffe4ff90000 - 0x00007ffe5003f000 	C:\WINDOWS\System32\ADVAPI32.dll
0x00007ffe51590000 - 0x00007ffe5162c000 	C:\WINDOWS\System32\sechost.dll
0x00007ffe51340000 - 0x00007ffe51466000 	C:\WINDOWS\System32\RPCRT4.dll
0x00007ffe49d20000 - 0x00007ffe49d47000 	C:\WINDOWS\SYSTEM32\WINMM.dll
0x00007ffe49cf0000 - 0x00007ffe49cf9000 	C:\WINDOWS\SYSTEM32\WSOCK32.dll
0x00007ffe492b0000 - 0x00007ffe492ba000 	C:\WINDOWS\SYSTEM32\VERSION.dll
0x00007ffe501d0000 - 0x00007ffe5023b000 	C:\WINDOWS\System32\WS2_32.dll
0x00007ffe4d830000 - 0x00007ffe4d842000 	C:\WINDOWS\SYSTEM32\kernel.appcore.dll
0x00007ffe47fb0000 - 0x00007ffe47fba000 	c:\Users\HP\.vscode\extensions\redhat.java-1.20.0-win32-x64\jre\17.0.7-win32-x86_64\bin\jimage.dll
0x00007ffe4d240000 - 0x00007ffe4d424000 	C:\WINDOWS\SYSTEM32\DBGHELP.DLL
0x00007ffe391c0000 - 0x00007ffe391f4000 	C:\WINDOWS\SYSTEM32\dbgcore.DLL
0x00007ffe4f640000 - 0x00007ffe4f6c2000 	C:\WINDOWS\System32\bcryptPrimitives.dll
0x00007ffe43f80000 - 0x00007ffe43f8e000 	c:\Users\HP\.vscode\extensions\redhat.java-1.20.0-win32-x64\jre\17.0.7-win32-x86_64\bin\instrument.dll
0x00007ffe3aa00000 - 0x00007ffe3aa25000 	c:\Users\HP\.vscode\extensions\redhat.java-1.20.0-win32-x64\jre\17.0.7-win32-x86_64\bin\java.dll
0x00007ffe42f90000 - 0x00007ffe42fa8000 	c:\Users\HP\.vscode\extensions\redhat.java-1.20.0-win32-x64\jre\17.0.7-win32-x86_64\bin\zip.dll
0x00007ffe50b90000 - 0x00007ffe512d4000 	C:\WINDOWS\System32\SHELL32.dll
0x00007ffe4c980000 - 0x00007ffe4d114000 	C:\WINDOWS\SYSTEM32\windows.storage.dll
0x00007ffe4f8f0000 - 0x00007ffe4fc44000 	C:\WINDOWS\System32\combase.dll
0x00007ffe4e5e0000 - 0x00007ffe4e60e000 	C:\WINDOWS\SYSTEM32\Wldp.dll
0x00007ffe50490000 - 0x00007ffe5053d000 	C:\WINDOWS\System32\SHCORE.dll
0x00007ffe50110000 - 0x00007ffe50165000 	C:\WINDOWS\System32\shlwapi.dll
0x00007ffe4ec80000 - 0x00007ffe4eca5000 	C:\WINDOWS\SYSTEM32\profapi.dll
0x00007ffe39540000 - 0x00007ffe39559000 	C:\Users\HP\.vscode\extensions\redhat.java-1.20.0-win32-x64\jre\17.0.7-win32-x86_64\bin\net.dll
0x00007ffe490a0000 - 0x00007ffe491aa000 	C:\WINDOWS\SYSTEM32\WINHTTP.dll
0x00007ffe4e3c0000 - 0x00007ffe4e42a000 	C:\WINDOWS\system32\mswsock.dll
0x00007ffe393b0000 - 0x00007ffe393c5000 	C:\Users\HP\.vscode\extensions\redhat.java-1.20.0-win32-x64\jre\17.0.7-win32-x86_64\bin\nio.dll
0x00007ffe42f70000 - 0x00007ffe42f80000 	c:\Users\HP\.vscode\extensions\redhat.java-1.20.0-win32-x64\jre\17.0.7-win32-x86_64\bin\verify.dll
0x00007ffe2d1d0000 - 0x00007ffe2d20e000 	C:\Users\HP\AppData\Roaming\Code\User\globalStorage\redhat.java\1.20.0\config_win\org.eclipse.equinox.launcher\org.eclipse.equinox.launcher.win32.win32.x86_64_1.2.700.v20221108-1024\eclipse_11801.dll
0x00007ffe4fcb0000 - 0x00007ffe4fdda000 	C:\WINDOWS\System32\ole32.dll
0x00007ffe4e620000 - 0x00007ffe4e638000 	C:\WINDOWS\SYSTEM32\CRYPTSP.dll
0x00007ffe4dd00000 - 0x00007ffe4dd34000 	C:\WINDOWS\system32\rsaenh.dll
0x00007ffe4f240000 - 0x00007ffe4f267000 	C:\WINDOWS\System32\bcrypt.dll
0x00007ffe4ec00000 - 0x00007ffe4ec2e000 	C:\WINDOWS\SYSTEM32\USERENV.dll
0x00007ffe4e550000 - 0x00007ffe4e55c000 	C:\WINDOWS\SYSTEM32\CRYPTBASE.dll
0x00007ffe4e0d0000 - 0x00007ffe4e10c000 	C:\WINDOWS\SYSTEM32\IPHLPAPI.DLL
0x00007ffe51330000 - 0x00007ffe51338000 	C:\WINDOWS\System32\NSI.dll
0x00007ffe495b0000 - 0x00007ffe495c7000 	C:\WINDOWS\SYSTEM32\dhcpcsvc6.DLL
0x00007ffe49590000 - 0x00007ffe495ad000 	C:\WINDOWS\SYSTEM32\dhcpcsvc.DLL
0x00007ffe4e160000 - 0x00007ffe4e22a000 	C:\WINDOWS\SYSTEM32\DNSAPI.dll
0x00007ffe45940000 - 0x00007ffe45985000 	C:\Users\HP\AppData\Local\Temp\jna-2312\jna17675069386200370524.dll
0x00007ffe4ff80000 - 0x00007ffe4ff88000 	C:\WINDOWS\System32\PSAPI.DLL

dbghelp: loaded successfully - version: 4.0.5 - missing functions: none
symbol engine: initialized successfully - sym options: 0x614 - pdb path: .;c:\Users\HP\.vscode\extensions\redhat.java-1.20.0-win32-x64\jre\17.0.7-win32-x86_64\bin;C:\WINDOWS\SYSTEM32;C:\WINDOWS\WinSxS\amd64_microsoft.windows.common-controls_6595b64144ccf1df_6.0.19041.1110_none_60b5254171f9507e;c:\Users\HP\.vscode\extensions\redhat.java-1.20.0-win32-x64\jre\17.0.7-win32-x86_64\bin\server;C:\Users\HP\AppData\Roaming\Code\User\globalStorage\redhat.java\1.20.0\config_win\org.eclipse.equinox.launcher\org.eclipse.equinox.launcher.win32.win32.x86_64_1.2.700.v20221108-1024;C:\Users\HP\AppData\Local\Temp\jna-2312

VM Arguments:
jvm_args: --add-modules=ALL-SYSTEM --add-opens=java.base/java.util=ALL-UNNAMED --add-opens=java.base/java.lang=ALL-UNNAMED --add-opens=java.base/sun.nio.fs=ALL-UNNAMED -Declipse.application=org.eclipse.jdt.ls.core.id1 -Dosgi.bundles.defaultStartLevel=4 -Declipse.product=org.eclipse.jdt.ls.core.product -Djava.import.generatesMetadataFilesAtProjectRoot=false -Dfile.encoding=utf8 -XX:+UseParallelGC -XX:GCTimeRatio=4 -XX:AdaptiveSizePolicyWeight=90 -Dsun.zip.disableMemoryMapping=true -Xmx1G -Xms100m -Xlog:disable -javaagent:c:\Users\HP\.vscode\extensions\redhat.java-1.20.0-win32-x64\lombok\lombok-1.18.28.jar -XX:+HeapDumpOnOutOfMemoryError -XX:HeapDumpPath=c:\Users\HP\AppData\Roaming\Code\User\workspaceStorage\5541fb1794e4195495f0c57edcbd7686\redhat.java -Daether.dependencyCollector.impl=bf 
java_command: c:\Users\HP\.vscode\extensions\redhat.java-1.20.0-win32-x64\server\plugins\org.eclipse.equinox.launcher_1.6.500.v20230622-2056.jar -configuration c:\Users\HP\AppData\Roaming\Code\User\globalStorage\redhat.java\1.20.0\config_win -data c:\Users\HP\AppData\Roaming\Code\User\workspaceStorage\5541fb1794e4195495f0c57edcbd7686\redhat.java\jdt_ws
java_class_path (initial): c:\Users\HP\.vscode\extensions\redhat.java-1.20.0-win32-x64\server\plugins\org.eclipse.equinox.launcher_1.6.500.v20230622-2056.jar
Launcher Type: SUN_STANDARD

[Global flags]
    uintx AdaptiveSizePolicyWeight                 = 90                                        {product} {command line}
     intx CICompilerCount                          = 3                                         {product} {ergonomic}
    uintx GCTimeRatio                              = 4                                         {product} {command line}
     bool HeapDumpOnOutOfMemoryError               = true                                   {manageable} {command line}
    ccstr HeapDumpPath                             = c:\Users\HP\AppData\Roaming\Code\User\workspaceStorage\5541fb1794e4195495f0c57edcbd7686\redhat.java         {manageable} {command line}
   size_t InitialHeapSize                          = 104857600                                 {product} {command line}
   size_t MaxHeapSize                              = 1073741824                                {product} {command line}
   size_t MaxNewSize                               = 357564416                                 {product} {ergonomic}
   size_t MinHeapDeltaBytes                        = 524288                                    {product} {ergonomic}
   size_t MinHeapSize                              = 104857600                                 {product} {command line}
   size_t NewSize                                  = 34603008                                  {product} {ergonomic}
    uintx NonNMethodCodeHeapSize                   = 5832780                                {pd product} {ergonomic}
    uintx NonProfiledCodeHeapSize                  = 122912730                              {pd product} {ergonomic}
   size_t OldSize                                  = 70254592                                  {product} {ergonomic}
    uintx ProfiledCodeHeapSize                     = 122912730                              {pd product} {ergonomic}
    uintx ReservedCodeCacheSize                    = 251658240                              {pd product} {ergonomic}
     bool SegmentedCodeCache                       = true                                      {product} {ergonomic}
   size_t SoftMaxHeapSize                          = 1073741824                             {manageable} {ergonomic}
     bool UseCompressedClassPointers               = true                           {product lp64_product} {ergonomic}
     bool UseCompressedOops                        = true                           {product lp64_product} {ergonomic}
     bool UseLargePagesIndividualAllocation        = false                                  {pd product} {ergonomic}
     bool UseParallelGC                            = true                                      {product} {command line}

Logging:
Log output configuration:
 #0: stdout all=off uptime,level,tags
 #1: stderr all=off uptime,level,tags

Environment Variables:
JAVA_HOME=C:\Program Files\Java\jdk-11.0.9
PATH=C:\Program Files\Python310\Scripts\;C:\Program Files\Python310\;C:\Program Files (x86)\Common Files\Intel\Shared Libraries\redist\intel64\compiler;C:\WINDOWS\system32;C:\WINDOWS;C:\WINDOWS\System32\Wbem;C:\WINDOWS\System32\WindowsPowerShell\v1.0\;C:\WINDOWS\System32\OpenSSH\;C:\wamp64\www\scriptcase\components\php;C:\wamp64\bin\php\php7.4.26;C:\wamp64\bin\php\php7.3.25;C:\wamp64\bin\php\php7.1.29;C:\Program Files\nodejs;C:\Program Files\PuTTY\;C:\ProgramData\ComposerSetup\bin;C:\Program Files\Git\cmd;C:\Program Files (x86)\Yarn\bin\;C:\Program Files\Java\jdk-11.0.9\bin;C:\Users\HP\AppData\Local\Programs\Python\Python37;C:\Users\HP\AppData\Local\Programs\Python\Python37\Scripts;C:\Users\HP\AppData\Local\Android\flutter\bin;C:\Users\HP\AppData\Roaming\Composer\vendor\laravel\installer\bin;C:\Program Files (x86)\Bitvise SSH Client;C:\wamp64\www\apache-maven-3.8.4\bin;C:\Program Files\NetMake\v9-php73\components\php;C:\Program Files\Docker\Docker\resources\bin;C:\Program Files\nodejs\;C:\Program Files\CMake\bin;C:\Program Files\Java\jdk-11.0.19\bin;C:\Users\HP\AppData\Local\Programs\Python\Python310\Scripts\;C:\Users\HP\AppData\Local\Programs\Python\Python310\;C:\Users\HP\AppData\Local\Microsoft\WindowsApps;C:\Users\HP\AppData\Roaming\Composer\vendor\bin;C:\Users\HP\AppData\Local\Yarn\bin;C:\Program Files\heroku\bin;C:\Users\HP\AppData\Local\Programs\Microsoft VS Code\bin;C:\Users\HP\AppData\Local\GitHubDesktop\bin;C:\Users\HP\AppData\Roaming\npm;
USERNAME=HP
OS=Windows_NT
PROCESSOR_IDENTIFIER=Intel64 Family 6 Model 142 Stepping 10, GenuineIntel
TMP=C:\Users\HP\AppData\Local\Temp
TEMP=C:\Users\HP\AppData\Local\Temp



---------------  S Y S T E M  ---------------

OS:
 Windows 10 , 64 bit Build 19041 (10.0.19041.3155)
OS uptime: 1 days 3:24 hours
Hyper-V role detected

CPU: total 4 (initial active 4) (2 cores per cpu, 2 threads per core) family 6 model 142 stepping 10 microcode 0xca, cx8, cmov, fxsr, ht, mmx, 3dnowpref, sse, sse2, sse3, ssse3, sse4.1, sse4.2, popcnt, lzcnt, tsc, tscinvbit, avx, avx2, aes, erms, clmul, bmi1, bmi2, adx, fma, vzeroupper, clflush, clflushopt, hv

Memory: 4k page, system-wide physical 12199M (3362M free)
TotalPageFile size 14247M (AvailPageFile size 9M)
current process WorkingSet (physical memory assigned to process): 407M, peak: 408M
current process commit charge ("private bytes"): 463M, peak: 470M

vm_info: OpenJDK 64-Bit Server VM (17.0.7+7) for windows-amd64 JRE (17.0.7+7), built on Apr 18 2023 22:10:42 by "temurin" with MS VC++ 16.7 (VS2019)

END.
