#
# There is insufficient memory for the Java Runtime Environment to continue.
# Native memory allocation (malloc) failed to allocate 454736 bytes for Chunk::new
# Possible reasons:
#   The system is out of physical RAM or swap space
#   The process is running with CompressedOops enabled, and the Java Heap may be blocking the growth of the native heap
# Possible solutions:
#   Reduce memory load on the system
#   Increase physical memory or swap space
#   Check if swap backing store is full
#   Decrease Java heap size (-Xmx/-Xms)
#   Decrease number of Java threads
#   Decrease Java thread stack sizes (-Xss)
#   Set larger code cache with -XX:ReservedCodeCacheSize=
#   JVM is running with Unscaled Compressed Oops mode in which the Java heap is
#     placed in the first 4GB address space. The Java Heap base address is the
#     maximum limit for the native heap growth. Please use -XX:HeapBaseMinAddress
#     to set the Java Heap base and to place the Java Heap above 4GB virtual address.
# This output file may be truncated or incomplete.
#
#  Out of Memory Error (arena.cpp:189), pid=5452, tid=4548
#
# JRE version: OpenJDK Runtime Environment Temurin-17.0.7+7 (17.0.7+7) (build 17.0.7+7)
# Java VM: OpenJDK 64-Bit Server VM Temurin-17.0.7+7 (17.0.7+7, mixed mode, tiered, compressed oops, compressed class ptrs, parallel gc, windows-amd64)
# No core dump will be written. Minidumps are not enabled by default on client versions of Windows
#

---------------  S U M M A R Y ------------

Command Line: --add-modules=ALL-SYSTEM --add-opens=java.base/java.util=ALL-UNNAMED --add-opens=java.base/java.lang=ALL-UNNAMED --add-opens=java.base/sun.nio.fs=ALL-UNNAMED -Declipse.application=org.eclipse.jdt.ls.core.id1 -Dosgi.bundles.defaultStartLevel=4 -Declipse.product=org.eclipse.jdt.ls.core.product -Djava.import.generatesMetadataFilesAtProjectRoot=false -Dfile.encoding=utf8 -XX:+UseParallelGC -XX:GCTimeRatio=4 -XX:AdaptiveSizePolicyWeight=90 -Dsun.zip.disableMemoryMapping=true -Xmx1G -Xms100m -Xlog:disable -javaagent:c:\Users\HP\.vscode\extensions\redhat.java-1.20.0-win32-x64\lombok\lombok-1.18.28.jar c:\Users\HP\.vscode\extensions\redhat.java-1.20.0-win32-x64\server\plugins\org.eclipse.equinox.launcher_1.6.500.v20230622-2056.jar -configuration c:\Users\HP\AppData\Roaming\Code\User\globalStorage\redhat.java\1.20.0\config_ss_win -data c:\Users\HP\AppData\Roaming\Code\User\workspaceStorage\5541fb1794e4195495f0c57edcbd7686\redhat.java\ss_ws

Host: Intel(R) Core(TM) i3-8130U CPU @ 2.20GHz, 4 cores, 11G,  Windows 10 , 64 bit Build 19041 (10.0.19041.3155)
Time: Wed Jul 19 09:22:52 2023 Afr. centrale Ouest elapsed time: 16.684667 seconds (0d 0h 0m 16s)

---------------  T H R E A D  ---------------

Current thread (0x000001e81da7e7f0):  JavaThread "C2 CompilerThread0" daemon [_thread_in_native, id=4548, stack(0x000000ae79d00000,0x000000ae79e00000)]


Current CompileTask:
C2:  16684 2757       4       org.eclipse.core.internal.dtree.AbstractDataTreeNode::assembleWith (124 bytes)

Stack: [0x000000ae79d00000,0x000000ae79e00000]
Native frames: (J=compiled Java code, j=interpreted, Vv=VM code, C=native code)
V  [jvm.dll+0x67754a]
V  [jvm.dll+0x834304]
V  [jvm.dll+0x835aae]
V  [jvm.dll+0x836113]
V  [jvm.dll+0x24696f]
V  [jvm.dll+0xac0ac]
V  [jvm.dll+0xac67c]
V  [jvm.dll+0x364de2]
V  [jvm.dll+0x32f6b1]
V  [jvm.dll+0x32eb5a]
V  [jvm.dll+0x219641]
V  [jvm.dll+0x218a61]
V  [jvm.dll+0x1a4d8d]
V  [jvm.dll+0x2284da]
V  [jvm.dll+0x226615]
V  [jvm.dll+0x7ea90b]
V  [jvm.dll+0x7e4e7a]
V  [jvm.dll+0x676395]
C  [ucrtbase.dll+0x21bb2]
C  [KERNEL32.DLL+0x17614]
C  [ntdll.dll+0x526b1]


---------------  P R O C E S S  ---------------

Threads class SMR info:
_java_thread_list=0x000001e8231e3f00, length=21, elements={
0x000001e809c1bf80, 0x000001e81da3a760, 0x000001e81da3cdd0, 0x000001e81da78410,
0x000001e81da79190, 0x000001e81da79f10, 0x000001e81da7bb40, 0x000001e81da7e7f0,
0x000001e822c02a90, 0x000001e822c04fb0, 0x000001e809cd9e90, 0x000001e822e656f0,
0x000001e82356b190, 0x000001e823519020, 0x000001e8235199d0, 0x000001e82365b8b0,
0x000001e823a0f170, 0x000001e82397b110, 0x000001e82397d2c0, 0x000001e823a0bfe0,
0x000001e823979dd0
}

Java Threads: ( => current thread )
  0x000001e809c1bf80 JavaThread "main" [_thread_blocked, id=15828, stack(0x000000ae79300000,0x000000ae79400000)]
  0x000001e81da3a760 JavaThread "Reference Handler" daemon [_thread_blocked, id=10584, stack(0x000000ae79700000,0x000000ae79800000)]
  0x000001e81da3cdd0 JavaThread "Finalizer" daemon [_thread_blocked, id=18472, stack(0x000000ae79800000,0x000000ae79900000)]
  0x000001e81da78410 JavaThread "Signal Dispatcher" daemon [_thread_blocked, id=19560, stack(0x000000ae79900000,0x000000ae79a00000)]
  0x000001e81da79190 JavaThread "Attach Listener" daemon [_thread_blocked, id=3044, stack(0x000000ae79a00000,0x000000ae79b00000)]
  0x000001e81da79f10 JavaThread "Service Thread" daemon [_thread_blocked, id=2076, stack(0x000000ae79b00000,0x000000ae79c00000)]
  0x000001e81da7bb40 JavaThread "Monitor Deflation Thread" daemon [_thread_blocked, id=244, stack(0x000000ae79c00000,0x000000ae79d00000)]
=>0x000001e81da7e7f0 JavaThread "C2 CompilerThread0" daemon [_thread_in_native, id=4548, stack(0x000000ae79d00000,0x000000ae79e00000)]
  0x000001e822c02a90 JavaThread "C1 CompilerThread0" daemon [_thread_blocked, id=7840, stack(0x000000ae79e00000,0x000000ae79f00000)]
  0x000001e822c04fb0 JavaThread "Sweeper thread" daemon [_thread_blocked, id=21472, stack(0x000000ae79f00000,0x000000ae7a000000)]
  0x000001e809cd9e90 JavaThread "Common-Cleaner" daemon [_thread_blocked, id=20372, stack(0x000000ae7a000000,0x000000ae7a100000)]
  0x000001e822e656f0 JavaThread "Notification Thread" daemon [_thread_blocked, id=12948, stack(0x000000ae7a100000,0x000000ae7a200000)]
  0x000001e82356b190 JavaThread "Active Thread: Equinox Container: a894f94e-bc96-4349-aaa7-44e317196637" [_thread_blocked, id=11724, stack(0x000000ae7a700000,0x000000ae7a800000)]
  0x000001e823519020 JavaThread "Framework Event Dispatcher: Equinox Container: a894f94e-bc96-4349-aaa7-44e317196637" daemon [_thread_blocked, id=18648, stack(0x000000ae7a600000,0x000000ae7a700000)]
  0x000001e8235199d0 JavaThread "Start Level: Equinox Container: a894f94e-bc96-4349-aaa7-44e317196637" daemon [_thread_in_native, id=1864, stack(0x000000ae7a800000,0x000000ae7a900000)]
  0x000001e82365b8b0 JavaThread "SCR Component Actor" daemon [_thread_blocked, id=19360, stack(0x000000ae7a900000,0x000000ae7aa00000)]
  0x000001e823a0f170 JavaThread "Worker-JM" [_thread_blocked, id=20936, stack(0x000000ae7ab00000,0x000000ae7ac00000)]
  0x000001e82397b110 JavaThread "Worker-0" [_thread_blocked, id=1664, stack(0x000000ae7ac00000,0x000000ae7ad00000)]
  0x000001e82397d2c0 JavaThread "Worker-1" [_thread_blocked, id=21116, stack(0x000000ae7ad00000,0x000000ae7ae00000)]
  0x000001e823a0bfe0 JavaThread "C2 CompilerThread1" daemon [_thread_in_native, id=15024, stack(0x000000ae7aa00000,0x000000ae7ab00000)]
  0x000001e823979dd0 JavaThread "Worker-2" [_thread_blocked, id=17464, stack(0x000000ae7ae00000,0x000000ae7af00000)]

Other Threads:
  0x000001e81d973b30 VMThread "VM Thread" [stack: 0x000000ae79600000,0x000000ae79700000] [id=19148]
  0x000001e822e65bc0 WatcherThread [stack: 0x000000ae7a200000,0x000000ae7a300000] [id=20248]
  0x000001e809c33760 GCTaskThread "GC Thread#0" [stack: 0x000000ae79500000,0x000000ae79600000] [id=16052]
  0x000001e82340d0f0 GCTaskThread "GC Thread#1" [stack: 0x000000ae7a300000,0x000000ae7a400000] [id=13128]
  0x000001e8236199f0 GCTaskThread "GC Thread#2" [stack: 0x000000ae7a400000,0x000000ae7a500000] [id=6224]
  0x000001e823619ca0 GCTaskThread "GC Thread#3" [stack: 0x000000ae7a500000,0x000000ae7a600000] [id=2004]

Threads with active compile tasks:
C2 CompilerThread0    16827 2757       4       org.eclipse.core.internal.dtree.AbstractDataTreeNode::assembleWith (124 bytes)
C2 CompilerThread1    16827 2758       4       org.eclipse.core.internal.watson.ElementTreeIterator::doIteration (114 bytes)

VM state: not at safepoint (normal execution)

VM Mutex/Monitor currently owned by a thread: None

Heap address: 0x00000000c0000000, size: 1024 MB, Compressed Oops mode: 32-bit

CDS archive(s) not mapped
Compressed class space mapped at: 0x0000000100000000-0x0000000140000000, reserved size: 1073741824
Narrow klass base: 0x0000000000000000, Narrow klass shift: 3, Narrow klass range: 0x140000000

GC Precious Log:
 CPUs: 4 total, 4 available
 Memory: 12199M
 Large Page Support: Disabled
 NUMA Support: Disabled
 Compressed Oops: Enabled (32-bit)
 Alignments: Space 512K, Generation 512K, Heap 2M
 Heap Min Capacity: 100M
 Heap Initial Capacity: 100M
 Heap Max Capacity: 1G
 Pre-touch: Disabled
 Parallel Workers: 4

Heap:
 PSYoungGen      total 26112K, used 6371K [0x00000000eab00000, 0x00000000ec800000, 0x0000000100000000)
  eden space 24576K, 19% used [0x00000000eab00000,0x00000000eafc0950,0x00000000ec300000)
  from space 1536K, 97% used [0x00000000ec500000,0x00000000ec6784d0,0x00000000ec680000)
  to   space 1536K, 0% used [0x00000000ec680000,0x00000000ec680000,0x00000000ec800000)
 ParOldGen       total 68608K, used 9011K [0x00000000c0000000, 0x00000000c4300000, 0x00000000eab00000)
  object space 68608K, 13% used [0x00000000c0000000,0x00000000c08ccd70,0x00000000c4300000)
 Metaspace       used 30804K, committed 31296K, reserved 1114112K
  class space    used 3031K, committed 3264K, reserved 1048576K

Card table byte_map: [0x000001e8095d0000,0x000001e8097e0000] _byte_map_base: 0x000001e808fd0000

Marking Bits: (ParMarkBitMap*) 0x00007ffdfd4952c0
 Begin Bits: [0x000001e81b8b0000, 0x000001e81c8b0000)
 End Bits:   [0x000001e81c8b0000, 0x000001e81d8b0000)

Polling page: 0x000001e807ac0000

Metaspace:

Usage:
  Non-class:     27.12 MB used.
      Class:      2.96 MB used.
       Both:     30.08 MB used.

Virtual space:
  Non-class space:       64.00 MB reserved,      27.38 MB ( 43%) committed,  1 nodes.
      Class space:        1.00 GB reserved,       3.19 MB ( <1%) committed,  1 nodes.
             Both:        1.06 GB reserved,      30.56 MB (  3%) committed. 

Chunk freelists:
   Non-Class:  4.00 MB
       Class:  12.83 MB
        Both:  16.83 MB

MaxMetaspaceSize: unlimited
CompressedClassSpaceSize: 1.00 GB
Initial GC threshold: 21.00 MB
Current GC threshold: 35.00 MB
CDS: off
MetaspaceReclaimPolicy: balanced
 - commit_granule_bytes: 65536.
 - commit_granule_words: 8192.
 - virtual_space_node_default_size: 8388608.
 - enlarge_chunks_in_place: 1.
 - new_chunks_are_fully_committed: 0.
 - uncommit_free_chunks: 1.
 - use_allocation_guard: 0.
 - handle_deallocations: 1.


Internal statistics:

num_allocs_failed_limit: 3.
num_arena_births: 262.
num_arena_deaths: 14.
num_vsnodes_births: 2.
num_vsnodes_deaths: 0.
num_space_committed: 489.
num_space_uncommitted: 0.
num_chunks_returned_to_freelist: 24.
num_chunks_taken_from_freelist: 1117.
num_chunk_merges: 9.
num_chunk_splits: 728.
num_chunks_enlarged: 492.
num_inconsistent_stats: 0.

CodeHeap 'non-profiled nmethods': size=120000Kb used=1160Kb max_used=1160Kb free=118839Kb
 bounds [0x000001e814380000, 0x000001e8145f0000, 0x000001e81b8b0000]
CodeHeap 'profiled nmethods': size=120000Kb used=5659Kb max_used=5659Kb free=114341Kb
 bounds [0x000001e80c8b0000, 0x000001e80ce40000, 0x000001e813de0000]
CodeHeap 'non-nmethods': size=5760Kb used=1239Kb max_used=1264Kb free=4520Kb
 bounds [0x000001e813de0000, 0x000001e814050000, 0x000001e814380000]
 total_blobs=3343 nmethods=2785 adapters=472
 compilation: enabled
              stopped_count=0, restarted_count=0
 full_count=0

Compilation events (20 events):
Event: 16.641 Thread 0x000001e822c02a90 2750       3       org.eclipse.core.internal.watson.ElementTree::isImmutable (8 bytes)
Event: 16.641 Thread 0x000001e822c02a90 nmethod 2750 0x000001e80ce1ff90 code [0x000001e80ce20120, 0x000001e80ce202d8]
Event: 16.641 Thread 0x000001e822c02a90 2751       3       org.eclipse.core.internal.dtree.DataDeltaNode::<init> (8 bytes)
Event: 16.641 Thread 0x000001e822c02a90 nmethod 2751 0x000001e80ce20390 code [0x000001e80ce20540, 0x000001e80ce20708]
Event: 16.641 Thread 0x000001e822c02a90 2748       3       org.eclipse.core.internal.dtree.DeltaDataTree::includes (12 bytes)
Event: 16.642 Thread 0x000001e822c02a90 nmethod 2748 0x000001e80ce20810 code [0x000001e80ce209c0, 0x000001e80ce20b68]
Event: 16.642 Thread 0x000001e822c02a90 2752       3       org.eclipse.core.internal.dtree.DataDeltaNode::<init> (7 bytes)
Event: 16.644 Thread 0x000001e822c02a90 nmethod 2752 0x000001e80ce20c10 code [0x000001e80ce20dc0, 0x000001e80ce20fa8]
Event: 16.644 Thread 0x000001e822c02a90 2753       3       org.eclipse.core.internal.dtree.DeltaDataTree::assembleNode (15 bytes)
Event: 16.644 Thread 0x000001e823a0bfe0 nmethod 2736 0x000001e81449ce10 code [0x000001e81449cfa0, 0x000001e81449d538]
Event: 16.644 Thread 0x000001e822c02a90 nmethod 2753 0x000001e80ce21090 code [0x000001e80ce21240, 0x000001e80ce21448]
Event: 16.644 Thread 0x000001e822c02a90 2754   !   3       org.eclipse.core.internal.resources.ResourceInfo::clone (8 bytes)
Event: 16.644 Thread 0x000001e822c02a90 nmethod 2754 0x000001e80ce21590 code [0x000001e80ce21740, 0x000001e80ce218c8]
Event: 16.644 Thread 0x000001e822c02a90 2747  s!   3       org.eclipse.core.internal.watson.ElementTree::openElementData (135 bytes)
Event: 16.645 Thread 0x000001e823a0bfe0 2758       4       org.eclipse.core.internal.watson.ElementTreeIterator::doIteration (114 bytes)
Event: 16.646 Thread 0x000001e822c02a90 nmethod 2747 0x000001e80ce21990 code [0x000001e80ce21ca0, 0x000001e80ce22f78]
Event: 16.646 Thread 0x000001e822c02a90 2755       3       org.eclipse.core.internal.resources.ResourceInfo::clear (13 bytes)
Event: 16.647 Thread 0x000001e822c02a90 nmethod 2755 0x000001e80ce23590 code [0x000001e80ce23720, 0x000001e80ce23838]
Event: 16.647 Thread 0x000001e822c02a90 2756       3       org.eclipse.core.internal.dtree.DataDeltaNode::copy (56 bytes)
Event: 16.647 Thread 0x000001e822c02a90 nmethod 2756 0x000001e80ce23910 code [0x000001e80ce23ae0, 0x000001e80ce23f38]

GC Heap History (14 events):
Event: 2.887 GC heap before
{Heap before GC invocations=1 (full 0):
 PSYoungGen      total 29696K, used 25600K [0x00000000eab00000, 0x00000000ecc00000, 0x0000000100000000)
  eden space 25600K, 100% used [0x00000000eab00000,0x00000000ec400000,0x00000000ec400000)
  from space 4096K, 0% used [0x00000000ec800000,0x00000000ec800000,0x00000000ecc00000)
  to   space 4096K, 0% used [0x00000000ec400000,0x00000000ec400000,0x00000000ec800000)
 ParOldGen       total 68608K, used 0K [0x00000000c0000000, 0x00000000c4300000, 0x00000000eab00000)
  object space 68608K, 0% used [0x00000000c0000000,0x00000000c0000000,0x00000000c4300000)
 Metaspace       used 11239K, committed 11392K, reserved 1114112K
  class space    used 1124K, committed 1216K, reserved 1048576K
}
Event: 2.918 GC heap after
{Heap after GC invocations=1 (full 0):
 PSYoungGen      total 29696K, used 3176K [0x00000000eab00000, 0x00000000ecc00000, 0x0000000100000000)
  eden space 25600K, 0% used [0x00000000eab00000,0x00000000eab00000,0x00000000ec400000)
  from space 4096K, 77% used [0x00000000ec400000,0x00000000ec71a3a8,0x00000000ec800000)
  to   space 4096K, 0% used [0x00000000ec800000,0x00000000ec800000,0x00000000ecc00000)
 ParOldGen       total 68608K, used 0K [0x00000000c0000000, 0x00000000c4300000, 0x00000000eab00000)
  object space 68608K, 0% used [0x00000000c0000000,0x00000000c0000000,0x00000000c4300000)
 Metaspace       used 11239K, committed 11392K, reserved 1114112K
  class space    used 1124K, committed 1216K, reserved 1048576K
}
Event: 4.867 GC heap before
{Heap before GC invocations=2 (full 0):
 PSYoungGen      total 29696K, used 28776K [0x00000000eab00000, 0x00000000ecc00000, 0x0000000100000000)
  eden space 25600K, 100% used [0x00000000eab00000,0x00000000ec400000,0x00000000ec400000)
  from space 4096K, 77% used [0x00000000ec400000,0x00000000ec71a3a8,0x00000000ec800000)
  to   space 4096K, 0% used [0x00000000ec800000,0x00000000ec800000,0x00000000ecc00000)
 ParOldGen       total 68608K, used 0K [0x00000000c0000000, 0x00000000c4300000, 0x00000000eab00000)
  object space 68608K, 0% used [0x00000000c0000000,0x00000000c0000000,0x00000000c4300000)
 Metaspace       used 15473K, committed 15744K, reserved 1114112K
  class space    used 1580K, committed 1728K, reserved 1048576K
}
Event: 4.874 GC heap after
{Heap after GC invocations=2 (full 0):
 PSYoungGen      total 29696K, used 4094K [0x00000000eab00000, 0x00000000ecc00000, 0x0000000100000000)
  eden space 25600K, 0% used [0x00000000eab00000,0x00000000eab00000,0x00000000ec400000)
  from space 4096K, 99% used [0x00000000ec800000,0x00000000ecbff8b8,0x00000000ecc00000)
  to   space 4096K, 0% used [0x00000000ec400000,0x00000000ec400000,0x00000000ec800000)
 ParOldGen       total 68608K, used 790K [0x00000000c0000000, 0x00000000c4300000, 0x00000000eab00000)
  object space 68608K, 1% used [0x00000000c0000000,0x00000000c00c5b60,0x00000000c4300000)
 Metaspace       used 15473K, committed 15744K, reserved 1114112K
  class space    used 1580K, committed 1728K, reserved 1048576K
}
Event: 7.477 GC heap before
{Heap before GC invocations=3 (full 0):
 PSYoungGen      total 29696K, used 29694K [0x00000000eab00000, 0x00000000ecc00000, 0x0000000100000000)
  eden space 25600K, 100% used [0x00000000eab00000,0x00000000ec400000,0x00000000ec400000)
  from space 4096K, 99% used [0x00000000ec800000,0x00000000ecbff8b8,0x00000000ecc00000)
  to   space 4096K, 0% used [0x00000000ec400000,0x00000000ec400000,0x00000000ec800000)
 ParOldGen       total 68608K, used 790K [0x00000000c0000000, 0x00000000c4300000, 0x00000000eab00000)
  object space 68608K, 1% used [0x00000000c0000000,0x00000000c00c5b60,0x00000000c4300000)
 Metaspace       used 20220K, committed 20608K, reserved 1114112K
  class space    used 2060K, committed 2240K, reserved 1048576K
}
Event: 7.483 GC heap after
{Heap after GC invocations=3 (full 0):
 PSYoungGen      total 29696K, used 4067K [0x00000000eab00000, 0x00000000ecc00000, 0x0000000100000000)
  eden space 25600K, 0% used [0x00000000eab00000,0x00000000eab00000,0x00000000ec400000)
  from space 4096K, 99% used [0x00000000ec400000,0x00000000ec7f8de8,0x00000000ec800000)
  to   space 4096K, 0% used [0x00000000ec800000,0x00000000ec800000,0x00000000ecc00000)
 ParOldGen       total 68608K, used 3150K [0x00000000c0000000, 0x00000000c4300000, 0x00000000eab00000)
  object space 68608K, 4% used [0x00000000c0000000,0x00000000c0313bd0,0x00000000c4300000)
 Metaspace       used 20220K, committed 20608K, reserved 1114112K
  class space    used 2060K, committed 2240K, reserved 1048576K
}
Event: 7.687 GC heap before
{Heap before GC invocations=4 (full 0):
 PSYoungGen      total 29696K, used 9401K [0x00000000eab00000, 0x00000000ecc00000, 0x0000000100000000)
  eden space 25600K, 20% used [0x00000000eab00000,0x00000000eb035938,0x00000000ec400000)
  from space 4096K, 99% used [0x00000000ec400000,0x00000000ec7f8de8,0x00000000ec800000)
  to   space 4096K, 0% used [0x00000000ec800000,0x00000000ec800000,0x00000000ecc00000)
 ParOldGen       total 68608K, used 3150K [0x00000000c0000000, 0x00000000c4300000, 0x00000000eab00000)
  object space 68608K, 4% used [0x00000000c0000000,0x00000000c0313bd0,0x00000000c4300000)
 Metaspace       used 21096K, committed 21504K, reserved 1114112K
  class space    used 2153K, committed 2368K, reserved 1048576K
}
Event: 7.692 GC heap after
{Heap after GC invocations=4 (full 0):
 PSYoungGen      total 29696K, used 4069K [0x00000000eab00000, 0x00000000ecc00000, 0x0000000100000000)
  eden space 25600K, 0% used [0x00000000eab00000,0x00000000eab00000,0x00000000ec400000)
  from space 4096K, 99% used [0x00000000ec800000,0x00000000ecbf95f8,0x00000000ecc00000)
  to   space 4096K, 0% used [0x00000000ec400000,0x00000000ec400000,0x00000000ec800000)
 ParOldGen       total 68608K, used 3583K [0x00000000c0000000, 0x00000000c4300000, 0x00000000eab00000)
  object space 68608K, 5% used [0x00000000c0000000,0x00000000c037fdd8,0x00000000c4300000)
 Metaspace       used 21096K, committed 21504K, reserved 1114112K
  class space    used 2153K, committed 2368K, reserved 1048576K
}
Event: 7.692 GC heap before
{Heap before GC invocations=5 (full 1):
 PSYoungGen      total 29696K, used 4069K [0x00000000eab00000, 0x00000000ecc00000, 0x0000000100000000)
  eden space 25600K, 0% used [0x00000000eab00000,0x00000000eab00000,0x00000000ec400000)
  from space 4096K, 99% used [0x00000000ec800000,0x00000000ecbf95f8,0x00000000ecc00000)
  to   space 4096K, 0% used [0x00000000ec400000,0x00000000ec400000,0x00000000ec800000)
 ParOldGen       total 68608K, used 3583K [0x00000000c0000000, 0x00000000c4300000, 0x00000000eab00000)
  object space 68608K, 5% used [0x00000000c0000000,0x00000000c037fdd8,0x00000000c4300000)
 Metaspace       used 21096K, committed 21504K, reserved 1114112K
  class space    used 2153K, committed 2368K, reserved 1048576K
}
Event: 7.723 GC heap after
{Heap after GC invocations=5 (full 1):
 PSYoungGen      total 29696K, used 0K [0x00000000eab00000, 0x00000000ecc00000, 0x0000000100000000)
  eden space 25600K, 0% used [0x00000000eab00000,0x00000000eab00000,0x00000000ec400000)
  from space 4096K, 0% used [0x00000000ec800000,0x00000000ec800000,0x00000000ecc00000)
  to   space 4096K, 0% used [0x00000000ec400000,0x00000000ec400000,0x00000000ec800000)
 ParOldGen       total 68608K, used 7500K [0x00000000c0000000, 0x00000000c4300000, 0x00000000eab00000)
  object space 68608K, 10% used [0x00000000c0000000,0x00000000c0753168,0x00000000c4300000)
 Metaspace       used 21082K, committed 21504K, reserved 1114112K
  class space    used 2150K, committed 2368K, reserved 1048576K
}
Event: 8.554 GC heap before
{Heap before GC invocations=6 (full 1):
 PSYoungGen      total 29696K, used 25600K [0x00000000eab00000, 0x00000000ecc00000, 0x0000000100000000)
  eden space 25600K, 100% used [0x00000000eab00000,0x00000000ec400000,0x00000000ec400000)
  from space 4096K, 0% used [0x00000000ec800000,0x00000000ec800000,0x00000000ecc00000)
  to   space 4096K, 0% used [0x00000000ec400000,0x00000000ec400000,0x00000000ec800000)
 ParOldGen       total 68608K, used 7500K [0x00000000c0000000, 0x00000000c4300000, 0x00000000eab00000)
  object space 68608K, 10% used [0x00000000c0000000,0x00000000c0753168,0x00000000c4300000)
 Metaspace       used 24551K, committed 25024K, reserved 1114112K
  class space    used 2395K, committed 2624K, reserved 1048576K
}
Event: 8.555 GC heap after
{Heap after GC invocations=6 (full 1):
 PSYoungGen      total 25600K, used 353K [0x00000000eab00000, 0x00000000ec880000, 0x0000000100000000)
  eden space 25088K, 0% used [0x00000000eab00000,0x00000000eab00000,0x00000000ec380000)
  from space 512K, 69% used [0x00000000ec400000,0x00000000ec458600,0x00000000ec480000)
  to   space 2048K, 0% used [0x00000000ec680000,0x00000000ec680000,0x00000000ec880000)
 ParOldGen       total 68608K, used 7500K [0x00000000c0000000, 0x00000000c4300000, 0x00000000eab00000)
  object space 68608K, 10% used [0x00000000c0000000,0x00000000c0753168,0x00000000c4300000)
 Metaspace       used 24551K, committed 25024K, reserved 1114112K
  class space    used 2395K, committed 2624K, reserved 1048576K
}
Event: 14.712 GC heap before
{Heap before GC invocations=7 (full 1):
 PSYoungGen      total 25600K, used 25441K [0x00000000eab00000, 0x00000000ec880000, 0x0000000100000000)
  eden space 25088K, 100% used [0x00000000eab00000,0x00000000ec380000,0x00000000ec380000)
  from space 512K, 69% used [0x00000000ec400000,0x00000000ec458600,0x00000000ec480000)
  to   space 2048K, 0% used [0x00000000ec680000,0x00000000ec680000,0x00000000ec880000)
 ParOldGen       total 68608K, used 7500K [0x00000000c0000000, 0x00000000c4300000, 0x00000000eab00000)
  object space 68608K, 10% used [0x00000000c0000000,0x00000000c0753168,0x00000000c4300000)
 Metaspace       used 27481K, committed 28032K, reserved 1114112K
  class space    used 2654K, committed 2880K, reserved 1048576K
}
Event: 14.713 GC heap after
{Heap after GC invocations=7 (full 1):
 PSYoungGen      total 26112K, used 1088K [0x00000000eab00000, 0x00000000ec800000, 0x0000000100000000)
  eden space 24576K, 0% used [0x00000000eab00000,0x00000000eab00000,0x00000000ec300000)
  from space 1536K, 70% used [0x00000000ec680000,0x00000000ec7901e0,0x00000000ec800000)
  to   space 1536K, 0% used [0x00000000ec500000,0x00000000ec500000,0x00000000ec680000)
 ParOldGen       total 68608K, used 7508K [0x00000000c0000000, 0x00000000c4300000, 0x00000000eab00000)
  object space 68608K, 10% used [0x00000000c0000000,0x00000000c0755168,0x00000000c4300000)
 Metaspace       used 27481K, committed 28032K, reserved 1114112K
  class space    used 2654K, committed 2880K, reserved 1048576K
}

Dll operation events (9 events):
Event: 0.010 Loaded shared library c:\Users\HP\.vscode\extensions\redhat.java-1.20.0-win32-x64\jre\17.0.7-win32-x86_64\bin\java.dll
Event: 0.519 Loaded shared library c:\Users\HP\.vscode\extensions\redhat.java-1.20.0-win32-x64\jre\17.0.7-win32-x86_64\bin\zip.dll
Event: 0.522 Loaded shared library C:\Users\HP\.vscode\extensions\redhat.java-1.20.0-win32-x64\jre\17.0.7-win32-x86_64\bin\instrument.dll
Event: 0.552 Loaded shared library C:\Users\HP\.vscode\extensions\redhat.java-1.20.0-win32-x64\jre\17.0.7-win32-x86_64\bin\net.dll
Event: 0.555 Loaded shared library C:\Users\HP\.vscode\extensions\redhat.java-1.20.0-win32-x64\jre\17.0.7-win32-x86_64\bin\nio.dll
Event: 0.567 Loaded shared library C:\Users\HP\.vscode\extensions\redhat.java-1.20.0-win32-x64\jre\17.0.7-win32-x86_64\bin\zip.dll
Event: 0.614 Loaded shared library C:\Users\HP\.vscode\extensions\redhat.java-1.20.0-win32-x64\jre\17.0.7-win32-x86_64\bin\jimage.dll
Event: 0.707 Loaded shared library c:\Users\HP\.vscode\extensions\redhat.java-1.20.0-win32-x64\jre\17.0.7-win32-x86_64\bin\verify.dll
Event: 4.466 Loaded shared library C:\Users\HP\AppData\Roaming\Code\User\globalStorage\redhat.java\1.20.0\config_ss_win\org.eclipse.equinox.launcher\org.eclipse.equinox.launcher.win32.win32.x86_64_1.2.700.v20221108-1024\eclipse_11801.dll

Deoptimization events (20 events):
Event: 16.354 Thread 0x000001e82397b110 DEOPT PACKING pc=0x000001e81447baf4 sp=0x000000ae7acfcfe0
Event: 16.354 Thread 0x000001e82397b110 DEOPT UNPACKING pc=0x000001e813e366a3 sp=0x000000ae7acfcf38 mode 2
Event: 16.368 Thread 0x000001e82397d2c0 Uncommon trap: trap_request=0xffffff76 fr.pc=0x000001e814486710 relative=0x0000000000000650
Event: 16.368 Thread 0x000001e82397d2c0 Uncommon trap: reason=predicate action=maybe_recompile pc=0x000001e814486710 method=java.util.TreeMap.getEntryUsingComparator(Ljava/lang/Object;)Ljava/util/TreeMap$Entry; @ 19 c2
Event: 16.368 Thread 0x000001e82397d2c0 DEOPT PACKING pc=0x000001e814486710 sp=0x000000ae7adfed80
Event: 16.368 Thread 0x000001e82397d2c0 DEOPT UNPACKING pc=0x000001e813e366a3 sp=0x000000ae7adfed20 mode 2
Event: 16.378 Thread 0x000001e82397b110 Uncommon trap: trap_request=0xffffffc6 fr.pc=0x000001e81446ff88 relative=0x00000000000006e8
Event: 16.379 Thread 0x000001e82397b110 Uncommon trap: reason=bimorphic_or_optimized_type_check action=maybe_recompile pc=0x000001e81446ff88 method=java.util.HashMap.putVal(ILjava/lang/Object;Ljava/lang/Object;ZZ)Ljava/lang/Object; @ 91 c2
Event: 16.379 Thread 0x000001e82397b110 DEOPT PACKING pc=0x000001e81446ff88 sp=0x000000ae7acfe630
Event: 16.379 Thread 0x000001e82397b110 DEOPT UNPACKING pc=0x000001e813e366a3 sp=0x000000ae7acfe5a0 mode 2
Event: 16.380 Thread 0x000001e82397b110 Uncommon trap: trap_request=0xffffffc6 fr.pc=0x000001e81446ff88 relative=0x00000000000006e8
Event: 16.380 Thread 0x000001e82397b110 Uncommon trap: reason=bimorphic_or_optimized_type_check action=maybe_recompile pc=0x000001e81446ff88 method=java.util.HashMap.putVal(ILjava/lang/Object;Ljava/lang/Object;ZZ)Ljava/lang/Object; @ 91 c2
Event: 16.380 Thread 0x000001e82397b110 DEOPT PACKING pc=0x000001e81446ff88 sp=0x000000ae7acfe630
Event: 16.380 Thread 0x000001e82397b110 DEOPT UNPACKING pc=0x000001e813e366a3 sp=0x000000ae7acfe5a0 mode 2
Event: 16.426 Thread 0x000001e82397d2c0 Uncommon trap: trap_request=0xffffff45 fr.pc=0x000001e8143b6780 relative=0x00000000000004c0
Event: 16.426 Thread 0x000001e82397d2c0 Uncommon trap: reason=unstable_if action=reinterpret pc=0x000001e8143b6780 method=java.util.HashMap$HashIterator.<init>(Ljava/util/HashMap;)V @ 45 c2
Event: 16.426 Thread 0x000001e82397d2c0 DEOPT PACKING pc=0x000001e8143b6780 sp=0x000000ae7adfefd0
Event: 16.426 Thread 0x000001e82397d2c0 DEOPT UNPACKING pc=0x000001e813e366a3 sp=0x000000ae7adfee40 mode 2
Event: 16.554 Thread 0x000001e8235199d0 DEOPT PACKING pc=0x000001e80cd397ce sp=0x000000ae7a8fd8a0
Event: 16.554 Thread 0x000001e8235199d0 DEOPT UNPACKING pc=0x000001e813e36e43 sp=0x000000ae7a8fcdb0 mode 0

Classes unloaded (7 events):
Event: 7.698 Thread 0x000001e81d973b30 Unloading class 0x0000000100212800 'java/lang/invoke/LambdaForm$MH+0x0000000100212800'
Event: 7.698 Thread 0x000001e81d973b30 Unloading class 0x0000000100212400 'java/lang/invoke/LambdaForm$MH+0x0000000100212400'
Event: 7.698 Thread 0x000001e81d973b30 Unloading class 0x0000000100212000 'java/lang/invoke/LambdaForm$MH+0x0000000100212000'
Event: 7.698 Thread 0x000001e81d973b30 Unloading class 0x0000000100211c00 'java/lang/invoke/LambdaForm$MH+0x0000000100211c00'
Event: 7.698 Thread 0x000001e81d973b30 Unloading class 0x0000000100211400 'java/lang/invoke/LambdaForm$BMH+0x0000000100211400'
Event: 7.698 Thread 0x000001e81d973b30 Unloading class 0x0000000100211000 'java/lang/invoke/LambdaForm$DMH+0x0000000100211000'
Event: 7.698 Thread 0x000001e81d973b30 Unloading class 0x000000010020c400 'java/lang/invoke/LambdaForm$DMH+0x000000010020c400'

Classes redefined (0 events):
No events

Internal exceptions (20 events):
Event: 7.554 Thread 0x000001e8235199d0 Exception <a 'java/lang/NoSuchMethodError'{0x00000000eac377c0}: 'int java.lang.invoke.DirectMethodHandle$Holder.invokeStaticInit(java.lang.Object, java.lang.Object, java.lang.Object)'> (0x00000000eac377c0) 
thrown [s\src\hotspot\share\interpreter\linkResolver.cpp, line 759]
Event: 7.563 Thread 0x000001e8235199d0 Exception <a 'java/lang/IncompatibleClassChangeError'{0x00000000eac9ed00}: Found class java.lang.Object, but interface was expected> (0x00000000eac9ed00) 
thrown [s\src\hotspot\share\interpreter\linkResolver.cpp, line 826]
Event: 7.584 Thread 0x000001e8235199d0 Exception <a 'java/lang/NoSuchMethodError'{0x00000000eacb0aa8}: 'java.lang.Object java.lang.invoke.DirectMethodHandle$Holder.invokeSpecial(java.lang.Object, java.lang.Object, java.lang.Object, int, java.lang.Object, java.lang.Object)'> (0x00000000eacb0aa8) 
thrown [s\src\hotspot\share\interpreter\linkResolver.cpp, line 759]
Event: 7.585 Thread 0x000001e8235199d0 Exception <a 'java/lang/NoSuchMethodError'{0x00000000eacb9230}: 'java.lang.Object java.lang.invoke.DirectMethodHandle$Holder.newInvokeSpecial(java.lang.Object, java.lang.Object, java.lang.Object, int, java.lang.Object)'> (0x00000000eacb9230) 
thrown [s\src\hotspot\share\interpreter\linkResolver.cpp, line 759]
Event: 7.585 Thread 0x000001e8235199d0 Exception <a 'java/lang/NoSuchMethodError'{0x00000000eacbd688}: 'java.lang.Object java.lang.invoke.DirectMethodHandle$Holder.invokeSpecial(java.lang.Object, java.lang.Object, java.lang.Object, java.lang.Object, int, java.lang.Object)'> (0x00000000eacbd688) 
thrown [s\src\hotspot\share\interpreter\linkResolver.cpp, line 759]
Event: 7.586 Thread 0x000001e82397b110 Exception <a 'java/lang/NoSuchMethodError'{0x00000000eacdf928}: 'java.lang.Object java.lang.invoke.DirectMethodHandle$Holder.invokeSpecial(java.lang.Object, java.lang.Object, int, java.lang.Object, java.lang.Object)'> (0x00000000eacdf928) 
thrown [s\src\hotspot\share\interpreter\linkResolver.cpp, line 759]
Event: 7.587 Thread 0x000001e82397b110 Exception <a 'java/lang/NoSuchMethodError'{0x00000000eace6ff8}: 'java.lang.Object java.lang.invoke.DirectMethodHandle$Holder.newInvokeSpecial(java.lang.Object, java.lang.Object, int, java.lang.Object)'> (0x00000000eace6ff8) 
thrown [s\src\hotspot\share\interpreter\linkResolver.cpp, line 759]
Event: 7.588 Thread 0x000001e82397b110 Exception <a 'java/lang/NoSuchMethodError'{0x00000000eaceab08}: 'java.lang.Object java.lang.invoke.DirectMethodHandle$Holder.invokeSpecial(java.lang.Object, java.lang.Object, java.lang.Object, int, java.lang.Object)'> (0x00000000eaceab08) 
thrown [s\src\hotspot\share\interpreter\linkResolver.cpp, line 759]
Event: 7.617 Thread 0x000001e82397b110 Exception <a 'java/io/FileNotFoundException'{0x00000000eaeb1030}> (0x00000000eaeb1030) 
thrown [s\src\hotspot\share\prims\jni.cpp, line 516]
Event: 9.527 Thread 0x000001e8235199d0 Exception <a 'java/lang/ClassNotFoundException'{0x00000000ec00d0b0}: com/sun/org/apache/xerces/internal/impl/msg/spi/DOMMessagesProvider> (0x00000000ec00d0b0) 
thrown [s\src\hotspot\share\classfile\systemDictionary.cpp, line 256]
Event: 9.633 Thread 0x000001e8235199d0 Exception <a 'java/lang/ClassNotFoundException'{0x00000000ec04bfe8}: com/sun/org/apache/xerces/internal/impl/msg/spi/XMLSerializerMessagesProvider> (0x00000000ec04bfe8) 
thrown [s\src\hotspot\share\classfile\systemDictionary.cpp, line 256]
Event: 9.637 Thread 0x000001e8235199d0 Exception <a 'java/lang/ClassNotFoundException'{0x00000000ec064630}: com/sun/org/apache/xerces/internal/impl/msg/spi/XMLMessagesProvider> (0x00000000ec064630) 
thrown [s\src\hotspot\share\classfile\systemDictionary.cpp, line 256]
Event: 9.750 Thread 0x000001e8235199d0 Exception <a 'java/lang/NoSuchMethodError'{0x00000000ec16b670}: 'void java.lang.invoke.DirectMethodHandle$Holder.invokeVirtual(java.lang.Object, java.lang.Object)'> (0x00000000ec16b670) 
thrown [s\src\hotspot\share\interpreter\linkResolver.cpp, line 759]
Event: 14.694 Thread 0x000001e8235199d0 Exception <a 'java/lang/NoSuchMethodError'{0x00000000ec32ea48}: 'java.lang.Object java.lang.invoke.DirectMethodHandle$Holder.invokeStaticInit(java.lang.Object, int, int, int, int)'> (0x00000000ec32ea48) 
thrown [s\src\hotspot\share\interpreter\linkResolver.cpp, line 759]
Event: 15.247 Thread 0x000001e8235199d0 Exception <a 'java/lang/NoSuchMethodError'{0x00000000eabfeca0}: 'java.lang.Object java.lang.invoke.DirectMethodHandle$Holder.invokeStaticInit(java.lang.Object, java.lang.Object, int, int, int, int)'> (0x00000000eabfeca0) 
thrown [s\src\hotspot\share\interpreter\linkResolver.cpp, line 759]
Event: 15.583 Thread 0x000001e8235199d0 Exception <a 'sun/nio/fs/WindowsException'{0x00000000ead880a0}> (0x00000000ead880a0) 
thrown [s\src\hotspot\share\prims\jni.cpp, line 516]
Event: 15.837 Thread 0x000001e8235199d0 Implicit null exception at 0x000001e81446508d to 0x000001e814465d78
Event: 16.117 Thread 0x000001e8235199d0 Exception <a 'java/lang/ClassNotFoundException'{0x00000000eb75cec0}: com/sun/org/apache/xml/internal/serializer/spi/XMLEntitiesProvider> (0x00000000eb75cec0) 
thrown [s\src\hotspot\share\classfile\systemDictionary.cpp, line 256]
Event: 16.362 Thread 0x000001e82397d2c0 Exception <a 'java/lang/NoSuchMethodError'{0x00000000eada7f08}: 'int java.lang.invoke.DirectMethodHandle$Holder.invokeVirtual(java.lang.Object, java.lang.Object)'> (0x00000000eada7f08) 
thrown [s\src\hotspot\share\interpreter\linkResolver.cpp, line 759]
Event: 16.573 Thread 0x000001e8235199d0 Exception <a 'java/io/FileNotFoundException'{0x00000000ebd7a7d8}> (0x00000000ebd7a7d8) 
thrown [s\src\hotspot\share\prims\jni.cpp, line 516]

VM Operations (20 events):
Event: 7.601 Executing VM operation: HandshakeAllThreads done
Event: 7.687 Executing VM operation: CollectForMetadataAllocation
Event: 7.723 Executing VM operation: CollectForMetadataAllocation done
Event: 8.496 Executing VM operation: HandshakeAllThreads
Event: 8.496 Executing VM operation: HandshakeAllThreads done
Event: 8.554 Executing VM operation: ParallelGCFailedAllocation
Event: 8.555 Executing VM operation: ParallelGCFailedAllocation done
Event: 9.771 Executing VM operation: HandshakeAllThreads
Event: 14.101 Executing VM operation: HandshakeAllThreads done
Event: 14.101 Executing VM operation: Cleanup
Event: 14.101 Executing VM operation: Cleanup done
Event: 14.712 Executing VM operation: ParallelGCFailedAllocation
Event: 14.713 Executing VM operation: ParallelGCFailedAllocation done
Event: 15.715 Executing VM operation: Cleanup
Event: 15.807 Executing VM operation: Cleanup done
Event: 16.321 Executing VM operation: HandshakeAllThreads
Event: 16.321 Executing VM operation: HandshakeAllThreads done
Event: 16.601 Executing VM operation: HandshakeAllThreads
Event: 16.606 Executing VM operation: HandshakeAllThreads done
Event: 16.678 Executing VM operation: ParallelGCFailedAllocation

Events (20 events):
Event: 16.666 loading class java/nio/charset/IllegalCharsetNameException
Event: 16.666 loading class java/nio/charset/IllegalCharsetNameException done
Event: 16.668 loading class java/util/logging/Logger
Event: 16.668 loading class java/util/logging/Logger done
Event: 16.668 loading class java/util/logging/Handler
Event: 16.669 loading class java/util/logging/Handler done
Event: 16.669 loading class java/util/logging/Level
Event: 16.669 loading class java/util/logging/Level done
Event: 16.669 loading class java/util/logging/Level$KnownLevel
Event: 16.669 loading class java/util/logging/Level$KnownLevel done
Event: 16.671 loading class java/util/logging/Logger$LoggerBundle
Event: 16.671 loading class java/util/logging/Logger$LoggerBundle done
Event: 16.672 loading class java/util/logging/Logger$ConfigurationData
Event: 16.672 loading class java/util/logging/Logger$ConfigurationData done
Event: 16.672 loading class java/util/logging/LogManager
Event: 16.673 loading class java/util/logging/LogManager done
Event: 16.677 loading class java/util/logging/LogManager$1
Event: 16.677 loading class java/util/logging/LogManager$1 done
Event: 16.677 loading class java/util/logging/LogManager$SystemLoggerContext
Event: 16.677 loading class java/util/logging/LogManager$LoggerContext


Dynamic libraries:
0x00007ff7b6210000 - 0x00007ff7b621e000 	c:\Users\HP\.vscode\extensions\redhat.java-1.20.0-win32-x64\jre\17.0.7-win32-x86_64\bin\java.exe
0x00007ffe51670000 - 0x00007ffe51868000 	C:\WINDOWS\SYSTEM32\ntdll.dll
0x00007ffe50240000 - 0x00007ffe502ff000 	C:\WINDOWS\System32\KERNEL32.DLL
0x00007ffe4f340000 - 0x00007ffe4f636000 	C:\WINDOWS\System32\KERNELBASE.dll
0x00007ffe4eec0000 - 0x00007ffe4efc0000 	C:\WINDOWS\System32\ucrtbase.dll
0x00007ffe3aa10000 - 0x00007ffe3aa27000 	c:\Users\HP\.vscode\extensions\redhat.java-1.20.0-win32-x64\jre\17.0.7-win32-x86_64\bin\jli.dll
0x00007ffe4f6d0000 - 0x00007ffe4f86d000 	C:\WINDOWS\System32\USER32.dll
0x00007ffe4f270000 - 0x00007ffe4f292000 	C:\WINDOWS\System32\win32u.dll
0x00007ffe506f0000 - 0x00007ffe5071c000 	C:\WINDOWS\System32\GDI32.dll
0x00007ffe4efc0000 - 0x00007ffe4f0d5000 	C:\WINDOWS\System32\gdi32full.dll
0x00007ffe4f2a0000 - 0x00007ffe4f33d000 	C:\WINDOWS\System32\msvcp_win.dll
0x00007ffe38310000 - 0x00007ffe38329000 	c:\Users\HP\.vscode\extensions\redhat.java-1.20.0-win32-x64\jre\17.0.7-win32-x86_64\bin\VCRUNTIME140.dll
0x00007ffe32710000 - 0x00007ffe329aa000 	C:\WINDOWS\WinSxS\amd64_microsoft.windows.common-controls_6595b64144ccf1df_6.0.19041.1110_none_60b5254171f9507e\COMCTL32.dll
0x00007ffe503f0000 - 0x00007ffe5048e000 	C:\WINDOWS\System32\msvcrt.dll
0x00007ffe512e0000 - 0x00007ffe51310000 	C:\WINDOWS\System32\IMM32.DLL
0x00007ffe38300000 - 0x00007ffe3830c000 	c:\Users\HP\.vscode\extensions\redhat.java-1.20.0-win32-x64\jre\17.0.7-win32-x86_64\bin\vcruntime140_1.dll
0x00007ffe2cca0000 - 0x00007ffe2cd31000 	c:\Users\HP\.vscode\extensions\redhat.java-1.20.0-win32-x64\jre\17.0.7-win32-x86_64\bin\msvcp140.dll
0x00007ffdfc910000 - 0x00007ffdfd558000 	c:\Users\HP\.vscode\extensions\redhat.java-1.20.0-win32-x64\jre\17.0.7-win32-x86_64\bin\server\jvm.dll
0x00007ffe4ff90000 - 0x00007ffe5003f000 	C:\WINDOWS\System32\ADVAPI32.dll
0x00007ffe51590000 - 0x00007ffe5162c000 	C:\WINDOWS\System32\sechost.dll
0x00007ffe51340000 - 0x00007ffe51466000 	C:\WINDOWS\System32\RPCRT4.dll
0x00007ffe49cf0000 - 0x00007ffe49cf9000 	C:\WINDOWS\SYSTEM32\WSOCK32.dll
0x00007ffe501d0000 - 0x00007ffe5023b000 	C:\WINDOWS\System32\WS2_32.dll
0x00007ffe49d20000 - 0x00007ffe49d47000 	C:\WINDOWS\SYSTEM32\WINMM.dll
0x00007ffe492b0000 - 0x00007ffe492ba000 	C:\WINDOWS\SYSTEM32\VERSION.dll
0x00007ffe4d830000 - 0x00007ffe4d842000 	C:\WINDOWS\SYSTEM32\kernel.appcore.dll
0x00007ffe382f0000 - 0x00007ffe382fa000 	c:\Users\HP\.vscode\extensions\redhat.java-1.20.0-win32-x64\jre\17.0.7-win32-x86_64\bin\jimage.dll
0x00007ffe4d240000 - 0x00007ffe4d424000 	C:\WINDOWS\SYSTEM32\DBGHELP.DLL
0x00007ffe391c0000 - 0x00007ffe391f4000 	C:\WINDOWS\SYSTEM32\dbgcore.DLL
0x00007ffe4f640000 - 0x00007ffe4f6c2000 	C:\WINDOWS\System32\bcryptPrimitives.dll
0x00007ffe340a0000 - 0x00007ffe340ae000 	c:\Users\HP\.vscode\extensions\redhat.java-1.20.0-win32-x64\jre\17.0.7-win32-x86_64\bin\instrument.dll
0x00007ffe31c00000 - 0x00007ffe31c25000 	c:\Users\HP\.vscode\extensions\redhat.java-1.20.0-win32-x64\jre\17.0.7-win32-x86_64\bin\java.dll
0x00007ffe31be0000 - 0x00007ffe31bf8000 	c:\Users\HP\.vscode\extensions\redhat.java-1.20.0-win32-x64\jre\17.0.7-win32-x86_64\bin\zip.dll
0x00007ffe50b90000 - 0x00007ffe512d4000 	C:\WINDOWS\System32\SHELL32.dll
0x00007ffe4c980000 - 0x00007ffe4d114000 	C:\WINDOWS\SYSTEM32\windows.storage.dll
0x00007ffe4f8f0000 - 0x00007ffe4fc44000 	C:\WINDOWS\System32\combase.dll
0x00007ffe4e5e0000 - 0x00007ffe4e60e000 	C:\WINDOWS\SYSTEM32\Wldp.dll
0x00007ffe50490000 - 0x00007ffe5053d000 	C:\WINDOWS\System32\SHCORE.dll
0x00007ffe50110000 - 0x00007ffe50165000 	C:\WINDOWS\System32\shlwapi.dll
0x00007ffe4ec80000 - 0x00007ffe4eca5000 	C:\WINDOWS\SYSTEM32\profapi.dll
0x00007ffe2d1d0000 - 0x00007ffe2d1e9000 	C:\Users\HP\.vscode\extensions\redhat.java-1.20.0-win32-x64\jre\17.0.7-win32-x86_64\bin\net.dll
0x00007ffe490a0000 - 0x00007ffe491aa000 	C:\WINDOWS\SYSTEM32\WINHTTP.dll
0x00007ffe4e3c0000 - 0x00007ffe4e42a000 	C:\WINDOWS\system32\mswsock.dll
0x00007ffe2d030000 - 0x00007ffe2d045000 	C:\Users\HP\.vscode\extensions\redhat.java-1.20.0-win32-x64\jre\17.0.7-win32-x86_64\bin\nio.dll
0x00007ffe3ca40000 - 0x00007ffe3ca50000 	c:\Users\HP\.vscode\extensions\redhat.java-1.20.0-win32-x64\jre\17.0.7-win32-x86_64\bin\verify.dll
0x00007ffe39560000 - 0x00007ffe3959e000 	C:\Users\HP\AppData\Roaming\Code\User\globalStorage\redhat.java\1.20.0\config_ss_win\org.eclipse.equinox.launcher\org.eclipse.equinox.launcher.win32.win32.x86_64_1.2.700.v20221108-1024\eclipse_11801.dll
0x00007ffe4fcb0000 - 0x00007ffe4fdda000 	C:\WINDOWS\System32\ole32.dll
0x00007ffe4e620000 - 0x00007ffe4e638000 	C:\WINDOWS\SYSTEM32\CRYPTSP.dll
0x00007ffe4dd00000 - 0x00007ffe4dd34000 	C:\WINDOWS\system32\rsaenh.dll
0x00007ffe4f240000 - 0x00007ffe4f267000 	C:\WINDOWS\System32\bcrypt.dll
0x00007ffe4ec00000 - 0x00007ffe4ec2e000 	C:\WINDOWS\SYSTEM32\USERENV.dll
0x00007ffe4e550000 - 0x00007ffe4e55c000 	C:\WINDOWS\SYSTEM32\CRYPTBASE.dll
0x00007ffe4e0d0000 - 0x00007ffe4e10c000 	C:\WINDOWS\SYSTEM32\IPHLPAPI.DLL
0x00007ffe51330000 - 0x00007ffe51338000 	C:\WINDOWS\System32\NSI.dll
0x00007ffe495b0000 - 0x00007ffe495c7000 	C:\WINDOWS\SYSTEM32\dhcpcsvc6.DLL
0x00007ffe49590000 - 0x00007ffe495ad000 	C:\WINDOWS\SYSTEM32\dhcpcsvc.DLL
0x00007ffe4e160000 - 0x00007ffe4e22a000 	C:\WINDOWS\SYSTEM32\DNSAPI.dll

dbghelp: loaded successfully - version: 4.0.5 - missing functions: none
symbol engine: initialized successfully - sym options: 0x614 - pdb path: .;c:\Users\HP\.vscode\extensions\redhat.java-1.20.0-win32-x64\jre\17.0.7-win32-x86_64\bin;C:\WINDOWS\SYSTEM32;C:\WINDOWS\WinSxS\amd64_microsoft.windows.common-controls_6595b64144ccf1df_6.0.19041.1110_none_60b5254171f9507e;c:\Users\HP\.vscode\extensions\redhat.java-1.20.0-win32-x64\jre\17.0.7-win32-x86_64\bin\server;C:\Users\HP\AppData\Roaming\Code\User\globalStorage\redhat.java\1.20.0\config_ss_win\org.eclipse.equinox.launcher\org.eclipse.equinox.launcher.win32.win32.x86_64_1.2.700.v20221108-1024

VM Arguments:
jvm_args: --add-modules=ALL-SYSTEM --add-opens=java.base/java.util=ALL-UNNAMED --add-opens=java.base/java.lang=ALL-UNNAMED --add-opens=java.base/sun.nio.fs=ALL-UNNAMED -Declipse.application=org.eclipse.jdt.ls.core.id1 -Dosgi.bundles.defaultStartLevel=4 -Declipse.product=org.eclipse.jdt.ls.core.product -Djava.import.generatesMetadataFilesAtProjectRoot=false -Dfile.encoding=utf8 -XX:+UseParallelGC -XX:GCTimeRatio=4 -XX:AdaptiveSizePolicyWeight=90 -Dsun.zip.disableMemoryMapping=true -Xmx1G -Xms100m -Xlog:disable -javaagent:c:\Users\HP\.vscode\extensions\redhat.java-1.20.0-win32-x64\lombok\lombok-1.18.28.jar 
java_command: c:\Users\HP\.vscode\extensions\redhat.java-1.20.0-win32-x64\server\plugins\org.eclipse.equinox.launcher_1.6.500.v20230622-2056.jar -configuration c:\Users\HP\AppData\Roaming\Code\User\globalStorage\redhat.java\1.20.0\config_ss_win -data c:\Users\HP\AppData\Roaming\Code\User\workspaceStorage\5541fb1794e4195495f0c57edcbd7686\redhat.java\ss_ws
java_class_path (initial): c:\Users\HP\.vscode\extensions\redhat.java-1.20.0-win32-x64\server\plugins\org.eclipse.equinox.launcher_1.6.500.v20230622-2056.jar
Launcher Type: SUN_STANDARD

[Global flags]
    uintx AdaptiveSizePolicyWeight                 = 90                                        {product} {command line}
     intx CICompilerCount                          = 3                                         {product} {ergonomic}
    uintx GCTimeRatio                              = 4                                         {product} {command line}
   size_t InitialHeapSize                          = 104857600                                 {product} {command line}
   size_t MaxHeapSize                              = 1073741824                                {product} {command line}
   size_t MaxNewSize                               = 357564416                                 {product} {ergonomic}
   size_t MinHeapDeltaBytes                        = 524288                                    {product} {ergonomic}
   size_t MinHeapSize                              = 104857600                                 {product} {command line}
   size_t NewSize                                  = 34603008                                  {product} {ergonomic}
    uintx NonNMethodCodeHeapSize                   = 5832780                                {pd product} {ergonomic}
    uintx NonProfiledCodeHeapSize                  = 122912730                              {pd product} {ergonomic}
   size_t OldSize                                  = 70254592                                  {product} {ergonomic}
    uintx ProfiledCodeHeapSize                     = 122912730                              {pd product} {ergonomic}
    uintx ReservedCodeCacheSize                    = 251658240                              {pd product} {ergonomic}
     bool SegmentedCodeCache                       = true                                      {product} {ergonomic}
   size_t SoftMaxHeapSize                          = 1073741824                             {manageable} {ergonomic}
     bool UseCompressedClassPointers               = true                           {product lp64_product} {ergonomic}
     bool UseCompressedOops                        = true                           {product lp64_product} {ergonomic}
     bool UseLargePagesIndividualAllocation        = false                                  {pd product} {ergonomic}
     bool UseParallelGC                            = true                                      {product} {command line}

Logging:
Log output configuration:
 #0: stdout all=off uptime,level,tags
 #1: stderr all=off uptime,level,tags

Environment Variables:
JAVA_HOME=C:\Program Files\Java\jdk-11.0.9
PATH=C:\Program Files\Python310\Scripts\;C:\Program Files\Python310\;C:\Program Files (x86)\Common Files\Intel\Shared Libraries\redist\intel64\compiler;C:\WINDOWS\system32;C:\WINDOWS;C:\WINDOWS\System32\Wbem;C:\WINDOWS\System32\WindowsPowerShell\v1.0\;C:\WINDOWS\System32\OpenSSH\;C:\wamp64\www\scriptcase\components\php;C:\wamp64\bin\php\php7.4.26;C:\wamp64\bin\php\php7.3.25;C:\wamp64\bin\php\php7.1.29;C:\Program Files\nodejs;C:\Program Files\PuTTY\;C:\ProgramData\ComposerSetup\bin;C:\Program Files\Git\cmd;C:\Program Files (x86)\Yarn\bin\;C:\Program Files\Java\jdk-11.0.9\bin;C:\Users\HP\AppData\Local\Programs\Python\Python37;C:\Users\HP\AppData\Local\Programs\Python\Python37\Scripts;C:\Users\HP\AppData\Local\Android\flutter\bin;C:\Users\HP\AppData\Roaming\Composer\vendor\laravel\installer\bin;C:\Program Files (x86)\Bitvise SSH Client;C:\wamp64\www\apache-maven-3.8.4\bin;C:\Program Files\NetMake\v9-php73\components\php;C:\Program Files\Docker\Docker\resources\bin;C:\Program Files\nodejs\;C:\Program Files\CMake\bin;C:\Program Files\Java\jdk-11.0.19\bin;C:\Users\HP\AppData\Local\Programs\Python\Python310\Scripts\;C:\Users\HP\AppData\Local\Programs\Python\Python310\;C:\Users\HP\AppData\Local\Microsoft\WindowsApps;C:\Users\HP\AppData\Roaming\Composer\vendor\bin;C:\Users\HP\AppData\Local\Yarn\bin;C:\Program Files\heroku\bin;C:\Users\HP\AppData\Local\Programs\Microsoft VS Code\bin;C:\Users\HP\AppData\Local\GitHubDesktop\bin;C:\Users\HP\AppData\Roaming\npm;
USERNAME=HP
OS=Windows_NT
PROCESSOR_IDENTIFIER=Intel64 Family 6 Model 142 Stepping 10, GenuineIntel
TMP=C:\Users\HP\AppData\Local\Temp
TEMP=C:\Users\HP\AppData\Local\Temp



---------------  S Y S T E M  ---------------

OS:
 Windows 10 , 64 bit Build 19041 (10.0.19041.3155)
OS uptime: 0 days 22:50 hours
Hyper-V role detected

CPU: total 4 (initial active 4) (2 cores per cpu, 2 threads per core) family 6 model 142 stepping 10 microcode 0xca, cx8, cmov, fxsr, ht, mmx, 3dnowpref, sse, sse2, sse3, ssse3, sse4.1, sse4.2, popcnt, lzcnt, tsc, tscinvbit, avx, avx2, aes, erms, clmul, bmi1, bmi2, adx, fma, vzeroupper, clflush, clflushopt, hv

Memory: 4k page, system-wide physical 12199M (3683M free)
TotalPageFile size 14247M (AvailPageFile size 8M)
current process WorkingSet (physical memory assigned to process): 127M, peak: 127M
current process commit charge ("private bytes"): 219M, peak: 219M

vm_info: OpenJDK 64-Bit Server VM (17.0.7+7) for windows-amd64 JRE (17.0.7+7), built on Apr 18 2023 22:10:42 by "temurin" with MS VC++ 16.7 (VS2019)

END.
