#
# There is insufficient memory for the Java Runtime Environment to continue.
# Native memory allocation (malloc) failed to allocate 2097152 bytes for AllocateHeap
# Possible reasons:
#   The system is out of physical RAM or swap space
#   The process is running with CompressedOops enabled, and the Java Heap may be blocking the growth of the native heap
# Possible solutions:
#   Reduce memory load on the system
#   Increase physical memory or swap space
#   Check if swap backing store is full
#   Decrease Java heap size (-Xmx/-Xms)
#   Decrease number of Java threads
#   Decrease Java thread stack sizes (-Xss)
#   Set larger code cache with -XX:ReservedCodeCacheSize=
#   JVM is running with Unscaled Compressed Oops mode in which the Java heap is
#     placed in the first 4GB address space. The Java Heap base address is the
#     maximum limit for the native heap growth. Please use -XX:HeapBaseMinAddress
#     to set the Java Heap base and to place the Java Heap above 4GB virtual address.
# This output file may be truncated or incomplete.
#
#  Out of Memory Error (allocation.cpp:44), pid=20756, tid=6148
#
# JRE version: OpenJDK Runtime Environment Temurin-17.0.7+7 (17.0.7+7) (build 17.0.7+7)
# Java VM: OpenJDK 64-Bit Server VM Temurin-17.0.7+7 (17.0.7+7, mixed mode, emulated-client, tiered, compressed oops, compressed class ptrs, g1 gc, windows-amd64)
# No core dump will be written. Minidumps are not enabled by default on client versions of Windows
#

---------------  S U M M A R Y ------------

Command Line: -XX:+HeapDumpOnOutOfMemoryError -Xmx1024m -Dsts.lsp.client=vscode -Dsts.log.file=/dev/null -XX:TieredStopAtLevel=1 -Xlog:jni+resolve=off -Dspring.config.location=file:c:\Users\HP\.vscode\extensions\vmware.vscode-spring-boot-1.46.0\language-server\BOOT-INF\classes\application.properties org.springframework.ide.vscode.boot.app.BootLanguageServerBootApp

Host: Intel(R) Core(TM) i3-8130U CPU @ 2.20GHz, 4 cores, 11G,  Windows 10 , 64 bit Build 19041 (10.0.19041.2913)
Time: Tue May 23 09:50:14 2023 Afr. centrale Ouest elapsed time: 105.773656 seconds (0d 0h 1m 45s)

---------------  T H R E A D  ---------------

Current thread (0x0000028c61720f60):  VMThread "VM Thread" [stack: 0x000000f3ac700000,0x000000f3ac800000] [id=6148]

Stack: [0x000000f3ac700000,0x000000f3ac800000]
Native frames: (J=compiled Java code, j=interpreted, Vv=VM code, C=native code)
V  [jvm.dll+0x67754a]
V  [jvm.dll+0x834304]
V  [jvm.dll+0x835aae]
V  [jvm.dll+0x836113]
V  [jvm.dll+0x24696f]
V  [jvm.dll+0xa681f]
V  [jvm.dll+0x2f7481]
V  [jvm.dll+0x2f30f0]
V  [jvm.dll+0x2db6c7]
V  [jvm.dll+0x31e777]
V  [jvm.dll+0x83a5bb]
V  [jvm.dll+0x83b2f4]
V  [jvm.dll+0x83b80c]
V  [jvm.dll+0x83bbe4]
V  [jvm.dll+0x83bcb0]
V  [jvm.dll+0x7e4e7a]
V  [jvm.dll+0x676395]
C  [ucrtbase.dll+0x21bb2]
C  [KERNEL32.DLL+0x17614]
C  [ntdll.dll+0x526a1]

VM_Operation (0x000000f3ad9ff140): G1CollectFull, mode: safepoint, requested by thread 0x0000028c66fd5040


---------------  P R O C E S S  ---------------

Threads class SMR info:
_java_thread_list=0x0000028c666a8470, length=18, elements={
0x0000028c61736750, 0x0000028c617374d0, 0x0000028c6175c810, 0x0000028c6175d590,
0x0000028c61761840, 0x0000028c6175fbf0, 0x0000028c617604b0, 0x0000028c618b9590,
0x0000028c61ae1e70, 0x0000028c61ae4790, 0x0000028c66541150, 0x0000028c619b2450,
0x0000028c66fd5040, 0x0000028c66fd5510, 0x0000028c571b2a10, 0x0000028c665f8ac0,
0x0000028c66f93020, 0x0000028c666b0cc0
}

Java Threads: ( => current thread )
  0x0000028c61736750 JavaThread "Reference Handler" daemon [_thread_blocked, id=22948, stack(0x000000f3ac800000,0x000000f3ac900000)]
  0x0000028c617374d0 JavaThread "Finalizer" daemon [_thread_blocked, id=21244, stack(0x000000f3ac900000,0x000000f3aca00000)]
  0x0000028c6175c810 JavaThread "Signal Dispatcher" daemon [_thread_blocked, id=6868, stack(0x000000f3aca00000,0x000000f3acb00000)]
  0x0000028c6175d590 JavaThread "Attach Listener" daemon [_thread_blocked, id=11412, stack(0x000000f3acb00000,0x000000f3acc00000)]
  0x0000028c61761840 JavaThread "Service Thread" daemon [_thread_blocked, id=12872, stack(0x000000f3acc00000,0x000000f3acd00000)]
  0x0000028c6175fbf0 JavaThread "Monitor Deflation Thread" daemon [_thread_blocked, id=23432, stack(0x000000f3acd00000,0x000000f3ace00000)]
  0x0000028c617604b0 JavaThread "C1 CompilerThread0" daemon [_thread_blocked, id=13168, stack(0x000000f3ace00000,0x000000f3acf00000)]
  0x0000028c618b9590 JavaThread "Sweeper thread" daemon [_thread_blocked, id=18844, stack(0x000000f3acf00000,0x000000f3ad000000)]
  0x0000028c61ae1e70 JavaThread "Notification Thread" daemon [_thread_blocked, id=16780, stack(0x000000f3ad000000,0x000000f3ad100000)]
  0x0000028c61ae4790 JavaThread "Common-Cleaner" daemon [_thread_blocked, id=13668, stack(0x000000f3ad200000,0x000000f3ad300000)]
  0x0000028c66541150 JavaThread "boundedElastic-evictor-1" daemon [_thread_blocked, id=17272, stack(0x000000f3ad400000,0x000000f3ad500000)]
  0x0000028c619b2450 JavaThread "boundedElastic-evictor-2" daemon [_thread_blocked, id=10896, stack(0x000000f3ad800000,0x000000f3ad900000)]
  0x0000028c66fd5040 JavaThread "pool-10-thread-1" [_thread_blocked, id=24304, stack(0x000000f3ad900000,0x000000f3ada00000)]
  0x0000028c66fd5510 JavaThread "LanguageServerApp-lifecycle" [_thread_blocked, id=23220, stack(0x000000f3ada00000,0x000000f3adb00000)]
  0x0000028c571b2a10 JavaThread "DestroyJavaVM" [_thread_blocked, id=10160, stack(0x000000f3ac100000,0x000000f3ac200000)]
  0x0000028c665f8ac0 JavaThread "pool-11-thread-1" [_thread_in_native, id=1564, stack(0x000000f3adb00000,0x000000f3adc00000)]
  0x0000028c66f93020 JavaThread "Simple-Language-Server main thread" daemon [_thread_blocked, id=436, stack(0x000000f3adc00000,0x000000f3add00000)]
  0x0000028c666b0cc0 JavaThread "pool-6-thread-1" [_thread_blocked, id=17304, stack(0x000000f3add00000,0x000000f3ade00000)]

Other Threads:
=>0x0000028c61720f60 VMThread "VM Thread" [stack: 0x000000f3ac700000,0x000000f3ac800000] [id=6148]
  0x0000028c61ae4350 WatcherThread [stack: 0x000000f3ad100000,0x000000f3ad200000] [id=14816]
  0x0000028c571f2700 GCTaskThread "GC Thread#0" [stack: 0x000000f3ac200000,0x000000f3ac300000] [id=21760]
  0x0000028c66624240 GCTaskThread "GC Thread#1" [stack: 0x000000f3ad500000,0x000000f3ad600000] [id=23896]
  0x0000028c6668d3b0 GCTaskThread "GC Thread#2" [stack: 0x000000f3ad600000,0x000000f3ad700000] [id=13172]
  0x0000028c6668d660 GCTaskThread "GC Thread#3" [stack: 0x000000f3ad700000,0x000000f3ad800000] [id=19012]
  0x0000028c571fb550 ConcurrentGCThread "G1 Main Marker" [stack: 0x000000f3ac300000,0x000000f3ac400000] [id=22276]
  0x0000028c571fbe70 ConcurrentGCThread "G1 Conc#0" [stack: 0x000000f3ac400000,0x000000f3ac500000] [id=11072]
  0x0000028c5727cbd0 ConcurrentGCThread "G1 Refine#0" [stack: 0x000000f3ac500000,0x000000f3ac600000] [id=17284]
  0x0000028c5727e510 ConcurrentGCThread "G1 Service" [stack: 0x000000f3ac600000,0x000000f3ac700000] [id=18916]

Threads with active compile tasks:

VM state: at safepoint (normal execution)

VM Mutex/Monitor currently owned by a thread:  ([mutex/lock_event])
[0x0000028c5511b6c0] Threads_lock - owner thread: 0x0000028c61720f60
[0x0000028c571af7d0] Heap_lock - owner thread: 0x0000028c66fd5040

Heap address: 0x00000000c0000000, size: 1024 MB, Compressed Oops mode: 32-bit

CDS archive(s) not mapped
Compressed class space mapped at: 0x0000000100000000-0x0000000140000000, reserved size: 1073741824
Narrow klass base: 0x0000000000000000, Narrow klass shift: 3, Narrow klass range: 0x140000000

GC Precious Log:
 CPUs: 4 total, 4 available
 Memory: 12199M
 Large Page Support: Disabled
 NUMA Support: Disabled
 Compressed Oops: Enabled (32-bit)
 Heap Region Size: 1M
 Heap Min Capacity: 8M
 Heap Initial Capacity: 192M
 Heap Max Capacity: 1G
 Pre-touch: Disabled
 Parallel Workers: 4
 Concurrent Workers: 1
 Concurrent Refinement Workers: 4
 Periodic GC: Disabled

Heap:
 garbage-first heap   total 45056K, used 14234K [0x00000000c0000000, 0x0000000100000000)
  region size 1024K, 1 young (1024K), 0 survivors (0K)
 Metaspace       used 34489K, committed 34944K, reserved 1114112K
  class space    used 4470K, committed 4672K, reserved 1048576K

Heap Regions: E=young(eden), S=young(survivor), O=old, HS=humongous(starts), HC=humongous(continues), CS=collection set, F=free, OA=open archive, CA=closed archive, TAMS=top-at-mark-start (previous, next)
|   0|0x00000000c0000000, 0x00000000c0100000, 0x00000000c0100000|100%| O|  |TAMS 0x00000000c0100000, 0x00000000c0000000| Untracked 
|   1|0x00000000c0100000, 0x00000000c01fffc8, 0x00000000c0200000| 99%| O|  |TAMS 0x00000000c0100000, 0x00000000c0100000| Untracked 
|   2|0x00000000c0200000, 0x00000000c0300000, 0x00000000c0300000|100%| O|  |TAMS 0x00000000c0300000, 0x00000000c0200000| Untracked 
|   3|0x00000000c0300000, 0x00000000c03fffe0, 0x00000000c0400000| 99%| O|  |TAMS 0x00000000c0300000, 0x00000000c0300000| Untracked 
|   4|0x00000000c0400000, 0x00000000c0500000, 0x00000000c0500000|100%| O|  |TAMS 0x00000000c0500000, 0x00000000c0400000| Untracked 
|   5|0x00000000c0500000, 0x00000000c0600000, 0x00000000c0600000|100%| O|  |TAMS 0x00000000c0600000, 0x00000000c0500000| Untracked 
|   6|0x00000000c0600000, 0x00000000c0700000, 0x00000000c0700000|100%| O|  |TAMS 0x00000000c0600000, 0x00000000c0600000| Untracked 
|   7|0x00000000c0700000, 0x00000000c07fffd8, 0x00000000c0800000| 99%| O|  |TAMS 0x00000000c0700000, 0x00000000c0700000| Untracked 
|   8|0x00000000c0800000, 0x00000000c08fffe8, 0x00000000c0900000| 99%| O|  |TAMS 0x00000000c0800000, 0x00000000c0800000| Untracked 
|   9|0x00000000c0900000, 0x00000000c09fd6b8, 0x00000000c0a00000| 98%| O|  |TAMS 0x00000000c0900000, 0x00000000c0900000| Untracked 
|  10|0x00000000c0a00000, 0x00000000c0b00000, 0x00000000c0b00000|100%| O|  |TAMS 0x00000000c0a00000, 0x00000000c0a00000| Untracked 
|  11|0x00000000c0b00000, 0x00000000c0bffff8, 0x00000000c0c00000| 99%| O|  |TAMS 0x00000000c0b00000, 0x00000000c0b00000| Untracked 
|  12|0x00000000c0c00000, 0x00000000c0cffff8, 0x00000000c0d00000| 99%| O|  |TAMS 0x00000000c0c00000, 0x00000000c0c00000| Untracked 
|  13|0x00000000c0d00000, 0x00000000c0d989e0, 0x00000000c0e00000| 59%| O|  |TAMS 0x00000000c0d00000, 0x00000000c0d00000| Untracked 
|  14|0x00000000c0e00000, 0x00000000c0e50818, 0x00000000c0f00000| 31%| O|  |TAMS 0x00000000c0e00000, 0x00000000c0e00000| Untracked 
|  15|0x00000000c0f00000, 0x00000000c0f00000, 0x00000000c1000000|  0%| F|  |TAMS 0x00000000c0f00000, 0x00000000c0f00000| Untracked 
|  16|0x00000000c1000000, 0x00000000c1000000, 0x00000000c1100000|  0%| F|  |TAMS 0x00000000c1000000, 0x00000000c1000000| Untracked 
|  17|0x00000000c1100000, 0x00000000c1100000, 0x00000000c1200000|  0%| F|  |TAMS 0x00000000c1100000, 0x00000000c1100000| Untracked 
|  18|0x00000000c1200000, 0x00000000c1200000, 0x00000000c1300000|  0%| F|  |TAMS 0x00000000c1200000, 0x00000000c1200000| Untracked 
|  19|0x00000000c1300000, 0x00000000c1300000, 0x00000000c1400000|  0%| F|  |TAMS 0x00000000c1300000, 0x00000000c1300000| Untracked 
|  20|0x00000000c1400000, 0x00000000c1400000, 0x00000000c1500000|  0%| F|  |TAMS 0x00000000c1400000, 0x00000000c1400000| Untracked 
|  21|0x00000000c1500000, 0x00000000c1500000, 0x00000000c1600000|  0%| F|  |TAMS 0x00000000c1500000, 0x00000000c1500000| Untracked 
|  22|0x00000000c1600000, 0x00000000c1600000, 0x00000000c1700000|  0%| F|  |TAMS 0x00000000c1600000, 0x00000000c1600000| Untracked 
|  23|0x00000000c1700000, 0x00000000c1700000, 0x00000000c1800000|  0%| F|  |TAMS 0x00000000c1700000, 0x00000000c1700000| Untracked 
|  24|0x00000000c1800000, 0x00000000c1800000, 0x00000000c1900000|  0%| F|  |TAMS 0x00000000c1800000, 0x00000000c1800000| Untracked 
|  25|0x00000000c1900000, 0x00000000c1900000, 0x00000000c1a00000|  0%| F|  |TAMS 0x00000000c1900000, 0x00000000c1900000| Untracked 
|  26|0x00000000c1a00000, 0x00000000c1a00000, 0x00000000c1b00000|  0%| F|  |TAMS 0x00000000c1a00000, 0x00000000c1a00000| Untracked 
|  27|0x00000000c1b00000, 0x00000000c1b00000, 0x00000000c1c00000|  0%| F|  |TAMS 0x00000000c1b00000, 0x00000000c1b00000| Untracked 
|  28|0x00000000c1c00000, 0x00000000c1c00000, 0x00000000c1d00000|  0%| F|  |TAMS 0x00000000c1c00000, 0x00000000c1c00000| Untracked 
|  29|0x00000000c1d00000, 0x00000000c1d00000, 0x00000000c1e00000|  0%| F|  |TAMS 0x00000000c1d00000, 0x00000000c1d00000| Untracked 
|  30|0x00000000c1e00000, 0x00000000c1e00000, 0x00000000c1f00000|  0%| F|  |TAMS 0x00000000c1e00000, 0x00000000c1e00000| Untracked 
|  31|0x00000000c1f00000, 0x00000000c1f00000, 0x00000000c2000000|  0%| F|  |TAMS 0x00000000c1f00000, 0x00000000c1f00000| Untracked 
|  32|0x00000000c2000000, 0x00000000c2000000, 0x00000000c2100000|  0%| F|  |TAMS 0x00000000c2000000, 0x00000000c2000000| Untracked 
|  33|0x00000000c2100000, 0x00000000c2100000, 0x00000000c2200000|  0%| F|  |TAMS 0x00000000c2100000, 0x00000000c2100000| Untracked 
|  34|0x00000000c2200000, 0x00000000c2200000, 0x00000000c2300000|  0%| F|  |TAMS 0x00000000c2200000, 0x00000000c2200000| Untracked 
|  35|0x00000000c2300000, 0x00000000c2300000, 0x00000000c2400000|  0%| F|  |TAMS 0x00000000c2300000, 0x00000000c2300000| Untracked 
|  36|0x00000000c2400000, 0x00000000c2400000, 0x00000000c2500000|  0%| F|  |TAMS 0x00000000c2400000, 0x00000000c2400000| Untracked 
|  37|0x00000000c2500000, 0x00000000c2500000, 0x00000000c2600000|  0%| F|  |TAMS 0x00000000c2500000, 0x00000000c2500000| Untracked 
| 163|0x00000000ca300000, 0x00000000ca300000, 0x00000000ca400000|  0%| F|  |TAMS 0x00000000ca300000, 0x00000000ca300000| Untracked 
| 164|0x00000000ca400000, 0x00000000ca400000, 0x00000000ca500000|  0%| F|  |TAMS 0x00000000ca400000, 0x00000000ca400000| Untracked 
| 168|0x00000000ca800000, 0x00000000ca800000, 0x00000000ca900000|  0%| F|  |TAMS 0x00000000ca800000, 0x00000000ca800000| Untracked 
| 169|0x00000000ca900000, 0x00000000ca900000, 0x00000000caa00000|  0%| F|  |TAMS 0x00000000ca900000, 0x00000000ca900000| Untracked 
| 170|0x00000000caa00000, 0x00000000caa00000, 0x00000000cab00000|  0%| F|  |TAMS 0x00000000caa00000, 0x00000000caa00000| Untracked 
| 191|0x00000000cbf00000, 0x00000000cbf1c7e8, 0x00000000cc000000| 11%| E|  |TAMS 0x00000000cbf00000, 0x00000000cbf00000| Complete 

Card table byte_map: [0x0000028c5ce40000,0x0000028c5d040000] _byte_map_base: 0x0000028c5c840000

Marking Bits (Prev, Next): (CMBitMap*) 0x0000028c571f2c60, (CMBitMap*) 0x0000028c571f2c20
 Prev Bits: [0x0000028c5e240000, 0x0000028c5f240000)
 Next Bits: [0x0000028c5d240000, 0x0000028c5e240000)

Polling page: 0x0000028c550a0000

Metaspace:

Usage:
  Non-class:     29.31 MB used.
      Class:      4.37 MB used.
       Both:     33.68 MB used.

Virtual space:
  Non-class space:       64.00 MB reserved,      29.56 MB ( 46%) committed,  1 nodes.
      Class space:        1.00 GB reserved,       4.56 MB ( <1%) committed,  1 nodes.
             Both:        1.06 GB reserved,      34.12 MB (  3%) committed. 

Chunk freelists:
   Non-Class:  1.94 MB
       Class:  11.35 MB
        Both:  13.30 MB

MaxMetaspaceSize: unlimited
CompressedClassSpaceSize: 1.00 GB
Initial GC threshold: 21.00 MB
Current GC threshold: 56.88 MB
CDS: off
MetaspaceReclaimPolicy: balanced
 - commit_granule_bytes: 65536.
 - commit_granule_words: 8192.
 - virtual_space_node_default_size: 8388608.
 - enlarge_chunks_in_place: 1.
 - new_chunks_are_fully_committed: 0.
 - uncommit_free_chunks: 1.
 - use_allocation_guard: 0.
 - handle_deallocations: 1.


Internal statistics:

num_allocs_failed_limit: 3.
num_arena_births: 448.
num_arena_deaths: 130.
num_vsnodes_births: 2.
num_vsnodes_deaths: 0.
num_space_committed: 546.
num_space_uncommitted: 0.
num_chunks_returned_to_freelist: 149.
num_chunks_taken_from_freelist: 1455.
num_chunk_merges: 49.
num_chunk_splits: 998.
num_chunks_enlarged: 736.
num_inconsistent_stats: 0.

CodeCache: size=49152Kb used=6125Kb max_used=6419Kb free=43026Kb
 bounds [0x0000028c59e40000, 0x0000028c5a490000, 0x0000028c5ce40000]
 total_blobs=3734 nmethods=3203 adapters=458
 compilation: enabled
              stopped_count=0, restarted_count=0
 full_count=0

Compilation events (20 events):
Event: 21.956 Thread 0x0000028c617604b0 3192       1       java.time.temporal.ChronoField::range (5 bytes)
Event: 21.956 Thread 0x0000028c617604b0 nmethod 3192 0x0000028c5a2f3490 code [0x0000028c5a2f3620, 0x0000028c5a2f36f8]
Event: 22.011 Thread 0x0000028c617604b0 3193       1       java.lang.reflect.Field::set (30 bytes)
Event: 22.011 Thread 0x0000028c617604b0 nmethod 3193 0x0000028c5a2f2f90 code [0x0000028c5a2f3160, 0x0000028c5a2f3358]
Event: 22.012 Thread 0x0000028c617604b0 3194       1       com.google.gson.stream.JsonReader::nextName (116 bytes)
Event: 22.012 Thread 0x0000028c617604b0 nmethod 3194 0x0000028c5a2f2410 code [0x0000028c5a2f2660, 0x0000028c5a2f2c48]
Event: 22.012 Thread 0x0000028c617604b0 3195       1       jdk.internal.reflect.UnsafeObjectFieldAccessorImpl::set (56 bytes)
Event: 22.013 Thread 0x0000028c617604b0 nmethod 3195 0x0000028c5a2f1790 code [0x0000028c5a2f19e0, 0x0000028c5a2f1fa8]
Event: 59.818 Thread 0x0000028c617604b0 3198       1       java.lang.invoke.MemberName::getFactory (4 bytes)
Event: 59.819 Thread 0x0000028c617604b0 nmethod 3198 0x0000028c5a2f0e90 code [0x0000028c5a2f1020, 0x0000028c5a2f10d8]
Event: 61.220 Thread 0x0000028c617604b0 3199       1       java.lang.invoke.LambdaForm$MH/0x0000000100131000::invoke (25 bytes)
Event: 61.220 Thread 0x0000028c617604b0 nmethod 3199 0x0000028c5a2f0a90 code [0x0000028c5a2f0c40, 0x0000028c5a2f0d98]
Event: 61.220 Thread 0x0000028c617604b0 3202  s!   1       java.io.FileDescriptor::closeAll (163 bytes)
Event: 61.248 Thread 0x0000028c617604b0 nmethod 3202 0x0000028c5a2efd90 code [0x0000028c5a2effc0, 0x0000028c5a2f0608]
Event: 61.248 Thread 0x0000028c617604b0 3200   !   1       java.io.FileInputStream::close (69 bytes)
Event: 61.248 Thread 0x0000028c617604b0 nmethod 3200 0x0000028c5a2ef710 code [0x0000028c5a2ef8e0, 0x0000028c5a2efc58]
Event: 61.248 Thread 0x0000028c617604b0 3201       1       java.io.FileInputStream$1::<init> (10 bytes)
Event: 61.248 Thread 0x0000028c617604b0 nmethod 3201 0x0000028c5a2ef410 code [0x0000028c5a2ef5a0, 0x0000028c5a2ef6b8]
Event: 61.248 Thread 0x0000028c617604b0 3203       1       java.io.FileInputStream$1::close (11 bytes)
Event: 61.249 Thread 0x0000028c617604b0 nmethod 3203 0x0000028c5a2eed90 code [0x0000028c5a2eef40, 0x0000028c5a2ef258]

GC Heap History (20 events):
Event: 1.742 GC heap before
{Heap before GC invocations=1 (full 0):
 garbage-first heap   total 196608K, used 15752K [0x00000000c0000000, 0x0000000100000000)
  region size 1024K, 11 young (11264K), 2 survivors (2048K)
 Metaspace       used 9460K, committed 9664K, reserved 1114112K
  class space    used 1145K, committed 1280K, reserved 1048576K
}
Event: 1.744 GC heap after
{Heap after GC invocations=2 (full 0):
 garbage-first heap   total 196608K, used 7384K [0x00000000c0000000, 0x0000000100000000)
  region size 1024K, 1 young (1024K), 1 survivors (1024K)
 Metaspace       used 9460K, committed 9664K, reserved 1114112K
  class space    used 1145K, committed 1280K, reserved 1048576K
}
Event: 2.958 GC heap before
{Heap before GC invocations=2 (full 0):
 garbage-first heap   total 196608K, used 30936K [0x00000000c0000000, 0x0000000100000000)
  region size 1024K, 24 young (24576K), 1 survivors (1024K)
 Metaspace       used 16437K, committed 16576K, reserved 1114112K
  class space    used 2049K, committed 2112K, reserved 1048576K
}
Event: 2.962 GC heap after
{Heap after GC invocations=3 (full 0):
 garbage-first heap   total 196608K, used 9981K [0x00000000c0000000, 0x0000000100000000)
  region size 1024K, 3 young (3072K), 3 survivors (3072K)
 Metaspace       used 16437K, committed 16576K, reserved 1114112K
  class space    used 2049K, committed 2112K, reserved 1048576K
}
Event: 3.592 GC heap before
{Heap before GC invocations=3 (full 0):
 garbage-first heap   total 196608K, used 30461K [0x00000000c0000000, 0x0000000100000000)
  region size 1024K, 24 young (24576K), 3 survivors (3072K)
 Metaspace       used 21369K, committed 21504K, reserved 1114112K
  class space    used 2629K, committed 2688K, reserved 1048576K
}
Event: 3.597 GC heap after
{Heap after GC invocations=4 (full 0):
 garbage-first heap   total 196608K, used 11711K [0x00000000c0000000, 0x0000000100000000)
  region size 1024K, 5 young (5120K), 5 survivors (5120K)
 Metaspace       used 21369K, committed 21504K, reserved 1114112K
  class space    used 2629K, committed 2688K, reserved 1048576K
}
Event: 5.360 GC heap before
{Heap before GC invocations=5 (full 0):
 garbage-first heap   total 45056K, used 33215K [0x00000000c0000000, 0x0000000100000000)
  region size 1024K, 26 young (26624K), 5 survivors (5120K)
 Metaspace       used 24824K, committed 25088K, reserved 1114112K
  class space    used 3081K, committed 3200K, reserved 1048576K
}
Event: 5.367 GC heap after
{Heap after GC invocations=6 (full 0):
 garbage-first heap   total 45056K, used 13182K [0x00000000c0000000, 0x0000000100000000)
  region size 1024K, 4 young (4096K), 4 survivors (4096K)
 Metaspace       used 24824K, committed 25088K, reserved 1114112K
  class space    used 3081K, committed 3200K, reserved 1048576K
}
Event: 5.408 GC heap before
{Heap before GC invocations=6 (full 0):
 garbage-first heap   total 45056K, used 14206K [0x00000000c0000000, 0x0000000100000000)
  region size 1024K, 5 young (5120K), 4 survivors (4096K)
 Metaspace       used 24897K, committed 25152K, reserved 1114112K
  class space    used 3096K, committed 3200K, reserved 1048576K
}
Event: 5.413 GC heap after
{Heap after GC invocations=7 (full 0):
 garbage-first heap   total 45056K, used 13871K [0x00000000c0000000, 0x0000000100000000)
  region size 1024K, 1 young (1024K), 1 survivors (1024K)
 Metaspace       used 24897K, committed 25152K, reserved 1114112K
  class space    used 3096K, committed 3200K, reserved 1048576K
}
Event: 6.792 GC heap before
{Heap before GC invocations=7 (full 0):
 garbage-first heap   total 45056K, used 30255K [0x00000000c0000000, 0x0000000100000000)
  region size 1024K, 17 young (17408K), 1 survivors (1024K)
 Metaspace       used 27999K, committed 28352K, reserved 1114112K
  class space    used 3541K, committed 3712K, reserved 1048576K
}
Event: 6.797 GC heap after
{Heap after GC invocations=8 (full 0):
 garbage-first heap   total 45056K, used 14432K [0x00000000c0000000, 0x0000000100000000)
  region size 1024K, 2 young (2048K), 2 survivors (2048K)
 Metaspace       used 27999K, committed 28352K, reserved 1114112K
  class space    used 3541K, committed 3712K, reserved 1048576K
}
Event: 9.210 GC heap before
{Heap before GC invocations=8 (full 0):
 garbage-first heap   total 45056K, used 29792K [0x00000000c0000000, 0x0000000100000000)
  region size 1024K, 18 young (18432K), 2 survivors (2048K)
 Metaspace       used 29887K, committed 30272K, reserved 1114112K
  class space    used 3803K, committed 3968K, reserved 1048576K
}
Event: 9.218 GC heap after
{Heap after GC invocations=9 (full 0):
 garbage-first heap   total 45056K, used 16540K [0x00000000c0000000, 0x0000000100000000)
  region size 1024K, 3 young (3072K), 3 survivors (3072K)
 Metaspace       used 29887K, committed 30272K, reserved 1114112K
  class space    used 3803K, committed 3968K, reserved 1048576K
}
Event: 19.776 GC heap before
{Heap before GC invocations=9 (full 0):
 garbage-first heap   total 45056K, used 31900K [0x00000000c0000000, 0x0000000100000000)
  region size 1024K, 18 young (18432K), 3 survivors (3072K)
 Metaspace       used 33152K, committed 33472K, reserved 1114112K
  class space    used 4284K, committed 4416K, reserved 1048576K
}
Event: 19.781 GC heap after
{Heap after GC invocations=10 (full 0):
 garbage-first heap   total 45056K, used 18124K [0x00000000c0000000, 0x0000000100000000)
  region size 1024K, 2 young (2048K), 2 survivors (2048K)
 Metaspace       used 33152K, committed 33472K, reserved 1114112K
  class space    used 4284K, committed 4416K, reserved 1048576K
}
Event: 61.220 GC heap before
{Heap before GC invocations=10 (full 0):
 garbage-first heap   total 45056K, used 26316K [0x00000000c0000000, 0x0000000100000000)
  region size 1024K, 12 young (12288K), 2 survivors (2048K)
 Metaspace       used 34617K, committed 34944K, reserved 1114112K
  class space    used 4503K, committed 4672K, reserved 1048576K
}
Event: 61.247 GC heap after
{Heap after GC invocations=11 (full 1):
 garbage-first heap   total 45056K, used 17398K [0x00000000c0000000, 0x0000000100000000)
  region size 1024K, 0 young (0K), 0 survivors (0K)
 Metaspace       used 34617K, committed 34944K, reserved 1114112K
  class space    used 4503K, committed 4672K, reserved 1048576K
}
Event: 95.605 GC heap before
{Heap before GC invocations=11 (full 1):
 garbage-first heap   total 45056K, used 17398K [0x00000000c0000000, 0x0000000100000000)
  region size 1024K, 1 young (1024K), 0 survivors (0K)
 Metaspace       used 34617K, committed 34944K, reserved 1114112K
  class space    used 4503K, committed 4672K, reserved 1048576K
}
Event: 95.642 GC heap after
{Heap after GC invocations=12 (full 2):
 garbage-first heap   total 45056K, used 14234K [0x00000000c0000000, 0x0000000100000000)
  region size 1024K, 0 young (0K), 0 survivors (0K)
 Metaspace       used 34489K, committed 34944K, reserved 1114112K
  class space    used 4470K, committed 4672K, reserved 1048576K
}

Dll operation events (7 events):
Event: 0.015 Loaded shared library c:\Users\HP\.vscode\extensions\redhat.java-1.18.0-win32-x64\jre\17.0.7-win32-x86_64\bin\java.dll
Event: 0.611 Loaded shared library C:\Users\HP\.vscode\extensions\redhat.java-1.18.0-win32-x64\jre\17.0.7-win32-x86_64\bin\net.dll
Event: 0.613 Loaded shared library C:\Users\HP\.vscode\extensions\redhat.java-1.18.0-win32-x64\jre\17.0.7-win32-x86_64\bin\nio.dll
Event: 0.625 Loaded shared library C:\Users\HP\.vscode\extensions\redhat.java-1.18.0-win32-x64\jre\17.0.7-win32-x86_64\bin\zip.dll
Event: 1.052 Loaded shared library C:\Users\HP\.vscode\extensions\redhat.java-1.18.0-win32-x64\jre\17.0.7-win32-x86_64\bin\jimage.dll
Event: 19.661 Loaded shared library C:\Users\HP\.vscode\extensions\redhat.java-1.18.0-win32-x64\jre\17.0.7-win32-x86_64\bin\management.dll
Event: 19.697 Loaded shared library C:\Users\HP\.vscode\extensions\redhat.java-1.18.0-win32-x64\jre\17.0.7-win32-x86_64\bin\management_ext.dll

Deoptimization events (8 events):
Event: 3.648 Thread 0x0000028c571b2a10 DEOPT PACKING pc=0x0000028c5a34d919 sp=0x000000f3ac1fd770
Event: 3.648 Thread 0x0000028c571b2a10 DEOPT UNPACKING pc=0x0000028c59e97143 sp=0x000000f3ac1fcc50 mode 3
Event: 21.262 Thread 0x0000028c66f93020 DEOPT PACKING pc=0x0000028c5a2fedb5 sp=0x000000f3adcfd070
Event: 21.262 Thread 0x0000028c66f93020 DEOPT UNPACKING pc=0x0000028c59e97143 sp=0x000000f3adcfc598 mode 3
Event: 21.956 Thread 0x0000028c665f8ac0 DEOPT PACKING pc=0x0000028c5a34ec81 sp=0x000000f3adbfe0e0
Event: 21.956 Thread 0x0000028c665f8ac0 DEOPT UNPACKING pc=0x0000028c59e97143 sp=0x000000f3adbfd570 mode 3
Event: 21.957 Thread 0x0000028c666b0cc0 DEOPT PACKING pc=0x0000028c5a34b417 sp=0x000000f3addff3b0
Event: 21.957 Thread 0x0000028c666b0cc0 DEOPT UNPACKING pc=0x0000028c59e97143 sp=0x000000f3addfe808 mode 3

Classes unloaded (20 events):
Event: 95.620 Thread 0x0000028c61720f60 Unloading class 0x000000010021a800 'java/lang/invoke/LambdaForm$MH+0x000000010021a800'
Event: 95.621 Thread 0x0000028c61720f60 Unloading class 0x0000000100215000 'java/lang/invoke/LambdaForm$DMH+0x0000000100215000'
Event: 95.621 Thread 0x0000028c61720f60 Unloading class 0x0000000100091c00 'java/lang/invoke/LambdaForm$MH+0x0000000100091c00'
Event: 95.621 Thread 0x0000028c61720f60 Unloading class 0x0000000100091800 'java/lang/invoke/LambdaForm$MH+0x0000000100091800'
Event: 95.621 Thread 0x0000028c61720f60 Unloading class 0x0000000100091400 'java/lang/invoke/LambdaForm$MH+0x0000000100091400'
Event: 95.621 Thread 0x0000028c61720f60 Unloading class 0x0000000100091000 'java/lang/invoke/LambdaForm$MH+0x0000000100091000'
Event: 95.621 Thread 0x0000028c61720f60 Unloading class 0x0000000100090c00 'java/lang/invoke/LambdaForm$MH+0x0000000100090c00'
Event: 95.621 Thread 0x0000028c61720f60 Unloading class 0x0000000100090800 'java/lang/invoke/LambdaForm$MH+0x0000000100090800'
Event: 95.621 Thread 0x0000028c61720f60 Unloading class 0x0000000100090400 'java/lang/invoke/LambdaForm$MH+0x0000000100090400'
Event: 95.621 Thread 0x0000028c61720f60 Unloading class 0x0000000100090000 'java/lang/invoke/LambdaForm$MH+0x0000000100090000'
Event: 95.621 Thread 0x0000028c61720f60 Unloading class 0x000000010008b800 'java/lang/invoke/LambdaForm$MH+0x000000010008b800'
Event: 95.621 Thread 0x0000028c61720f60 Unloading class 0x000000010008b400 'java/lang/invoke/LambdaForm$MH+0x000000010008b400'
Event: 95.621 Thread 0x0000028c61720f60 Unloading class 0x000000010008b000 'java/lang/invoke/LambdaForm$MH+0x000000010008b000'
Event: 95.621 Thread 0x0000028c61720f60 Unloading class 0x000000010008ac00 'java/lang/invoke/LambdaForm$MH+0x000000010008ac00'
Event: 95.621 Thread 0x0000028c61720f60 Unloading class 0x000000010008a800 'java/lang/invoke/LambdaForm$MH+0x000000010008a800'
Event: 95.621 Thread 0x0000028c61720f60 Unloading class 0x000000010008a400 'java/lang/invoke/LambdaForm$MH+0x000000010008a400'
Event: 95.621 Thread 0x0000028c61720f60 Unloading class 0x0000000100089c00 'java/lang/invoke/LambdaForm$MH+0x0000000100089c00'
Event: 95.621 Thread 0x0000028c61720f60 Unloading class 0x0000000100089400 'java/lang/invoke/LambdaForm$MH+0x0000000100089400'
Event: 95.621 Thread 0x0000028c61720f60 Unloading class 0x0000000100088c00 'java/lang/invoke/LambdaForm$MH+0x0000000100088c00'
Event: 95.621 Thread 0x0000028c61720f60 Unloading class 0x0000000100088400 'java/lang/invoke/LambdaForm$MH+0x0000000100088400'

Classes redefined (0 events):
No events

Internal exceptions (20 events):
Event: 5.958 Thread 0x0000028c571b2a10 Exception <a 'java/lang/NoSuchMethodError'{0x00000000c2470480}: 'int java.lang.invoke.Invokers$Holder.linkToTargetMethod(java.lang.Object, java.lang.Object)'> (0x00000000c2470480) 
thrown [s\src\hotspot\share\interpreter\linkResolver.cpp, line 759]
Event: 5.984 Thread 0x0000028c571b2a10 Exception <a 'java/lang/NoSuchMethodError'{0x00000000c233c2b0}: 'java.lang.Object java.lang.invoke.DirectMethodHandle$Holder.invokeSpecial(java.lang.Object, java.lang.Object, java.lang.Object, java.lang.Object, java.lang.Object, java.lang.Object, java.lang.Object, java.lang.Object, java.lang.Object, java.lang.Object)'> (0x00000000c233c2b0) 
thrown [s\src\hotspot\share\interpreter\linkResolver.cpp, line 759]
Event: 5.985 Thread 0x0000028c571b2a10 Exception <a 'java/lang/NoSuchMethodError'{0x00000000c2340898}: 'java.lang.Object java.lang.invoke.Invokers$Holder.invoke_MT(java.lang.Object, java.lang.Object, java.lang.Object, java.lang.Object, java.lang.Object, java.lang.Object, java.lang.Object, java.lang.Object, java.lang.Object, java.lang.Object)'> (0x00000000c2340898) 
thrown [s\src\hotspot\share\interpreter\linkResolver.cpp, line 759]
Event: 6.012 Thread 0x0000028c571b2a10 Exception <a 'java/lang/NoSuchMethodError'{0x00000000c2384f88}: 'java.lang.Object java.lang.invoke.DirectMethodHandle$Holder.invokeSpecial(java.lang.Object, java.lang.Object, int, java.lang.Object, java.lang.Object)'> (0x00000000c2384f88) 
thrown [s\src\hotspot\share\interpreter\linkResolver.cpp, line 759]
Event: 6.013 Thread 0x0000028c571b2a10 Exception <a 'java/lang/NoSuchMethodError'{0x00000000c2388c68}: 'java.lang.Object java.lang.invoke.DelegatingMethodHandle$Holder.delegate(java.lang.Object, int, java.lang.Object, java.lang.Object)'> (0x00000000c2388c68) 
thrown [s\src\hotspot\share\interpreter\linkResolver.cpp, line 759]
Event: 6.015 Thread 0x0000028c571b2a10 Exception <a 'java/lang/NoSuchMethodError'{0x00000000c2399af0}: 'int java.lang.invoke.Invokers$Holder.linkToTargetMethod(java.lang.Object, java.lang.Object, java.lang.Object)'> (0x00000000c2399af0) 
thrown [s\src\hotspot\share\interpreter\linkResolver.cpp, line 759]
Event: 6.134 Thread 0x0000028c571b2a10 Exception <a 'java/lang/NoSuchMethodError'{0x00000000c21eec10}: 'void java.lang.invoke.DirectMethodHandle$Holder.invokeSpecial(java.lang.Object, java.lang.Object, java.lang.Object, java.lang.Object, java.lang.Object, java.lang.Object)'> (0x00000000c21eec10) 
thrown [s\src\hotspot\share\interpreter\linkResolver.cpp, line 759]
Event: 6.260 Thread 0x0000028c571b2a10 Exception <a 'java/lang/NoSuchMethodError'{0x00000000c1f83708}: 'java.lang.Object java.lang.invoke.DirectMethodHandle$Holder.invokeStaticInit(java.lang.Object, int, int, int, int)'> (0x00000000c1f83708) 
thrown [s\src\hotspot\share\interpreter\linkResolver.cpp, line 759]
Event: 6.538 Thread 0x0000028c571b2a10 Exception <a 'java/lang/NoSuchMethodError'{0x00000000c1e42748}: 'java.lang.Object java.lang.invoke.DirectMethodHandle$Holder.invokeStaticInit(java.lang.Object, java.lang.Object, int, int, int, int)'> (0x00000000c1e42748) 
thrown [s\src\hotspot\share\interpreter\linkResolver.cpp, line 759]
Event: 7.094 Thread 0x0000028c571b2a10 Exception <a 'java/lang/NoSuchMethodError'{0x00000000ca8899b8}: 'void java.lang.invoke.DirectMethodHandle$Holder.invokeSpecialIFC(java.lang.Object, java.lang.Object, java.lang.Object)'> (0x00000000ca8899b8) 
thrown [s\src\hotspot\share\interpreter\linkResolver.cpp, line 759]
Event: 14.972 Thread 0x0000028c571b2a10 Exception <a 'java/lang/NoSuchMethodError'{0x00000000c24eb198}: 'java.lang.Object java.lang.invoke.DirectMethodHandle$Holder.invokeInterface(java.lang.Object, java.lang.Object, int)'> (0x00000000c24eb198) 
thrown [s\src\hotspot\share\interpreter\linkResolver.cpp, line 759]
Event: 14.973 Thread 0x0000028c571b2a10 Exception <a 'java/lang/IncompatibleClassChangeError'{0x00000000c24fe0a0}: Found class java.lang.Object, but interface was expected> (0x00000000c24fe0a0) 
thrown [s\src\hotspot\share\interpreter\linkResolver.cpp, line 826]
Event: 19.608 Thread 0x0000028c571b2a10 Exception <a 'java/lang/NoSuchMethodError'{0x00000000c20f6a50}: 'java.lang.Object java.lang.invoke.DirectMethodHandle$Holder.newInvokeSpecial(java.lang.Object, java.lang.Object, int, java.lang.Object, java.lang.Object)'> (0x00000000c20f6a50) 
thrown [s\src\hotspot\share\interpreter\linkResolver.cpp, line 759]
Event: 19.611 Thread 0x0000028c571b2a10 Exception <a 'java/lang/NoSuchMethodError'{0x00000000c1f08948}: 'java.lang.Object java.lang.invoke.DirectMethodHandle$Holder.invokeSpecial(java.lang.Object, java.lang.Object, int, java.lang.Object, int, java.lang.Object)'> (0x00000000c1f08948) 
thrown [s\src\hotspot\share\interpreter\linkResolver.cpp, line 759]
Event: 19.611 Thread 0x0000028c571b2a10 Exception <a 'java/lang/NoSuchMethodError'{0x00000000c1f10750}: 'java.lang.Object java.lang.invoke.DirectMethodHandle$Holder.newInvokeSpecial(java.lang.Object, java.lang.Object, int, java.lang.Object, int)'> (0x00000000c1f10750) 
thrown [s\src\hotspot\share\interpreter\linkResolver.cpp, line 759]
Event: 19.619 Thread 0x0000028c571b2a10 Exception <a 'java/lang/NoSuchMethodError'{0x00000000c1f14850}: 'java.lang.Object java.lang.invoke.DirectMethodHandle$Holder.invokeSpecial(java.lang.Object, java.lang.Object, java.lang.Object, int, java.lang.Object, int)'> (0x00000000c1f14850) 
thrown [s\src\hotspot\share\interpreter\linkResolver.cpp, line 759]
Event: 21.258 Thread 0x0000028c66f93020 Exception <a 'java/lang/NoSuchMethodError'{0x00000000c255c4f0}: 'java.lang.Object java.lang.invoke.DirectMethodHandle$Holder.invokeStatic(java.lang.Object, int, java.lang.Object)'> (0x00000000c255c4f0) 
thrown [s\src\hotspot\share\interpreter\linkResolver.cpp, line 759]
Event: 21.848 Thread 0x0000028c665f8ac0 Exception <a 'java/lang/NoSuchMethodError'{0x00000000c25de350}: 'java.lang.Object java.lang.invoke.DirectMethodHandle$Holder.invokeStatic(java.lang.Object, java.lang.Object, java.lang.Object, int, java.lang.Object, java.lang.Object)'> (0x00000000c25de350) 
thrown [s\src\hotspot\share\interpreter\linkResolver.cpp, line 759]
Event: 59.818 Thread 0x0000028c66fd5040 Exception <a 'java/lang/NoSuchMethodError'{0x00000000c2251038}: 'void java.lang.invoke.DirectMethodHandle$Holder.invokeStatic(java.lang.Object, long)'> (0x00000000c2251038) 
thrown [s\src\hotspot\share\interpreter\linkResolver.cpp, line 759]
Event: 59.818 Thread 0x0000028c66fd5040 Exception <a 'java/lang/NoSuchMethodError'{0x00000000c22563e0}: 'java.lang.Object java.lang.invoke.DirectMethodHandle$Holder.newInvokeSpecial(java.lang.Object, long)'> (0x00000000c22563e0) 
thrown [s\src\hotspot\share\interpreter\linkResolver.cpp, line 759]

VM Operations (20 events):
Event: 19.568 Executing VM operation: HandshakeAllThreads done
Event: 19.569 Executing VM operation: HandshakeAllThreads
Event: 19.569 Executing VM operation: HandshakeAllThreads done
Event: 19.776 Executing VM operation: G1CollectForAllocation
Event: 19.781 Executing VM operation: G1CollectForAllocation done
Event: 20.792 Executing VM operation: Cleanup
Event: 20.792 Executing VM operation: Cleanup done
Event: 21.799 Executing VM operation: Cleanup
Event: 21.799 Executing VM operation: Cleanup done
Event: 22.808 Executing VM operation: Cleanup
Event: 22.808 Executing VM operation: Cleanup done
Event: 25.819 Executing VM operation: Cleanup
Event: 25.819 Executing VM operation: Cleanup done
Event: 59.819 Executing VM operation: HandshakeAllThreads
Event: 59.819 Executing VM operation: HandshakeAllThreads done
Event: 61.220 Executing VM operation: G1CollectFull
Event: 61.247 Executing VM operation: G1CollectFull done
Event: 95.605 Executing VM operation: G1CollectFull
Event: 95.642 Executing VM operation: G1CollectFull done
Event: 105.763 Executing VM operation: G1CollectFull

Events (20 events):
Event: 22.640 loading class java/util/concurrent/CompletableFuture$UniApply
Event: 22.640 loading class java/util/concurrent/CompletableFuture$UniApply done
Event: 22.641 Thread 0x0000028c66703f60 Thread added: 0x0000028c66703f60
Event: 22.641 loading class java/util/concurrent/CompletableFuture$UniExceptionally
Event: 22.641 loading class java/util/concurrent/CompletableFuture$UniExceptionally done
Event: 59.634 loading class java/lang/ProcessBuilder
Event: 59.638 loading class java/lang/ProcessBuilder done
Event: 59.638 loading class java/lang/ProcessImpl
Event: 59.638 loading class java/lang/Process
Event: 59.639 loading class java/lang/Process done
Event: 59.639 loading class java/lang/ProcessImpl done
Event: 59.818 loading class java/lang/ProcessImpl$2
Event: 59.819 loading class java/lang/ProcessImpl$2 done
Event: 59.819 loading class java/lang/Process$PipeInputStream
Event: 59.819 loading class java/lang/Process$PipeInputStream done
Event: 59.819 loading class jdk/internal/event/ProcessStartEvent
Event: 59.819 loading class jdk/internal/event/ProcessStartEvent done
Event: 61.220 loading class java/io/FileOutputStream$1
Event: 61.220 loading class java/io/FileOutputStream$1 done
Event: 85.119 Thread 0x0000028c66703f60 Thread exited: 0x0000028c66703f60


Dynamic libraries:
0x00007ff63ff40000 - 0x00007ff63ff4e000 	c:\Users\HP\.vscode\extensions\redhat.java-1.18.0-win32-x64\jre\17.0.7-win32-x86_64\bin\java.exe
0x00007ffbf9550000 - 0x00007ffbf9748000 	C:\WINDOWS\SYSTEM32\ntdll.dll
0x00007ffbf7670000 - 0x00007ffbf772f000 	C:\WINDOWS\System32\KERNEL32.DLL
0x00007ffbf7230000 - 0x00007ffbf7526000 	C:\WINDOWS\System32\KERNELBASE.dll
0x00007ffbf7130000 - 0x00007ffbf7230000 	C:\WINDOWS\System32\ucrtbase.dll
0x00007ffbd08f0000 - 0x00007ffbd0907000 	c:\Users\HP\.vscode\extensions\redhat.java-1.18.0-win32-x64\jre\17.0.7-win32-x86_64\bin\jli.dll
0x00007ffbf7d50000 - 0x00007ffbf7eed000 	C:\WINDOWS\System32\USER32.dll
0x00007ffbf7580000 - 0x00007ffbf75a2000 	C:\WINDOWS\System32\win32u.dll
0x00007ffbf83d0000 - 0x00007ffbf83fc000 	C:\WINDOWS\System32\GDI32.dll
0x00007ffbf6e30000 - 0x00007ffbf6f45000 	C:\WINDOWS\System32\gdi32full.dll
0x00007ffbf6d90000 - 0x00007ffbf6e2d000 	C:\WINDOWS\System32\msvcp_win.dll
0x00007ffbcad30000 - 0x00007ffbcad49000 	c:\Users\HP\.vscode\extensions\redhat.java-1.18.0-win32-x64\jre\17.0.7-win32-x86_64\bin\VCRUNTIME140.dll
0x00007ffbd1f60000 - 0x00007ffbd21fa000 	C:\WINDOWS\WinSxS\amd64_microsoft.windows.common-controls_6595b64144ccf1df_6.0.19041.1110_none_60b5254171f9507e\COMCTL32.dll
0x00007ffbf8330000 - 0x00007ffbf83ce000 	C:\WINDOWS\System32\msvcrt.dll
0x00007ffbf7a90000 - 0x00007ffbf7ac0000 	C:\WINDOWS\System32\IMM32.DLL
0x00007ffbf0d90000 - 0x00007ffbf0d9c000 	c:\Users\HP\.vscode\extensions\redhat.java-1.18.0-win32-x64\jre\17.0.7-win32-x86_64\bin\vcruntime140_1.dll
0x00007ffbafe90000 - 0x00007ffbaff21000 	c:\Users\HP\.vscode\extensions\redhat.java-1.18.0-win32-x64\jre\17.0.7-win32-x86_64\bin\msvcp140.dll
0x00007ffb5e4f0000 - 0x00007ffb5f138000 	c:\Users\HP\.vscode\extensions\redhat.java-1.18.0-win32-x64\jre\17.0.7-win32-x86_64\bin\server\jvm.dll
0x00007ffbf8f90000 - 0x00007ffbf903f000 	C:\WINDOWS\System32\ADVAPI32.dll
0x00007ffbf75d0000 - 0x00007ffbf766c000 	C:\WINDOWS\System32\sechost.dll
0x00007ffbf8c30000 - 0x00007ffbf8d56000 	C:\WINDOWS\System32\RPCRT4.dll
0x00007ffbd62d0000 - 0x00007ffbd62d9000 	C:\WINDOWS\SYSTEM32\WSOCK32.dll
0x00007ffbf8070000 - 0x00007ffbf80db000 	C:\WINDOWS\System32\WS2_32.dll
0x00007ffbd9ef0000 - 0x00007ffbd9f17000 	C:\WINDOWS\SYSTEM32\WINMM.dll
0x00007ffbf1a80000 - 0x00007ffbf1a8a000 	C:\WINDOWS\SYSTEM32\VERSION.dll
0x00007ffbf5590000 - 0x00007ffbf55a2000 	C:\WINDOWS\SYSTEM32\kernel.appcore.dll
0x00007ffbe7820000 - 0x00007ffbe782a000 	c:\Users\HP\.vscode\extensions\redhat.java-1.18.0-win32-x64\jre\17.0.7-win32-x86_64\bin\jimage.dll
0x00007ffbf50d0000 - 0x00007ffbf52b4000 	C:\WINDOWS\SYSTEM32\DBGHELP.DLL
0x00007ffbdca10000 - 0x00007ffbdca44000 	C:\WINDOWS\SYSTEM32\dbgcore.DLL
0x00007ffbf6ff0000 - 0x00007ffbf7072000 	C:\WINDOWS\System32\bcryptPrimitives.dll
0x00007ffbba3a0000 - 0x00007ffbba3c5000 	c:\Users\HP\.vscode\extensions\redhat.java-1.18.0-win32-x64\jre\17.0.7-win32-x86_64\bin\java.dll
0x00007ffbc89e0000 - 0x00007ffbc89f8000 	c:\Users\HP\.vscode\extensions\redhat.java-1.18.0-win32-x64\jre\17.0.7-win32-x86_64\bin\zip.dll
0x00007ffbf84e0000 - 0x00007ffbf8c24000 	C:\WINDOWS\System32\SHELL32.dll
0x00007ffbf4870000 - 0x00007ffbf5003000 	C:\WINDOWS\SYSTEM32\windows.storage.dll
0x00007ffbf7730000 - 0x00007ffbf7a84000 	C:\WINDOWS\System32\combase.dll
0x00007ffbf64d0000 - 0x00007ffbf64fe000 	C:\WINDOWS\SYSTEM32\Wldp.dll
0x00007ffbf80e0000 - 0x00007ffbf818d000 	C:\WINDOWS\System32\SHCORE.dll
0x00007ffbf8f30000 - 0x00007ffbf8f85000 	C:\WINDOWS\System32\shlwapi.dll
0x00007ffbf6b70000 - 0x00007ffbf6b8f000 	C:\WINDOWS\SYSTEM32\profapi.dll
0x00007ffbc1fc0000 - 0x00007ffbc1fd9000 	C:\Users\HP\.vscode\extensions\redhat.java-1.18.0-win32-x64\jre\17.0.7-win32-x86_64\bin\net.dll
0x00007ffbec6a0000 - 0x00007ffbec7aa000 	C:\WINDOWS\SYSTEM32\WINHTTP.dll
0x00007ffbf62b0000 - 0x00007ffbf631a000 	C:\WINDOWS\system32\mswsock.dll
0x00007ffbbae90000 - 0x00007ffbbaea5000 	C:\Users\HP\.vscode\extensions\redhat.java-1.18.0-win32-x64\jre\17.0.7-win32-x86_64\bin\nio.dll
0x00007ffbf6510000 - 0x00007ffbf6528000 	C:\WINDOWS\SYSTEM32\CRYPTSP.dll
0x00007ffbf5bf0000 - 0x00007ffbf5c24000 	C:\WINDOWS\system32\rsaenh.dll
0x00007ffbf6fc0000 - 0x00007ffbf6fe7000 	C:\WINDOWS\System32\bcrypt.dll
0x00007ffbf6b30000 - 0x00007ffbf6b5e000 	C:\WINDOWS\SYSTEM32\USERENV.dll
0x00007ffbf6440000 - 0x00007ffbf644c000 	C:\WINDOWS\SYSTEM32\CRYPTBASE.dll
0x00007ffbf5fc0000 - 0x00007ffbf5ffc000 	C:\WINDOWS\SYSTEM32\IPHLPAPI.DLL
0x00007ffbf84d0000 - 0x00007ffbf84d8000 	C:\WINDOWS\System32\NSI.dll
0x00007ffbee5a0000 - 0x00007ffbee5b7000 	C:\WINDOWS\SYSTEM32\dhcpcsvc6.DLL
0x00007ffbee430000 - 0x00007ffbee44d000 	C:\WINDOWS\SYSTEM32\dhcpcsvc.DLL
0x00007ffbf6000000 - 0x00007ffbf60cb000 	C:\WINDOWS\SYSTEM32\DNSAPI.dll
0x00007ffbf1850000 - 0x00007ffbf1859000 	C:\Users\HP\.vscode\extensions\redhat.java-1.18.0-win32-x64\jre\17.0.7-win32-x86_64\bin\management.dll
0x00007ffbf1810000 - 0x00007ffbf181b000 	C:\Users\HP\.vscode\extensions\redhat.java-1.18.0-win32-x64\jre\17.0.7-win32-x86_64\bin\management_ext.dll
0x00007ffbf8d60000 - 0x00007ffbf8d68000 	C:\WINDOWS\System32\PSAPI.DLL

dbghelp: loaded successfully - version: 4.0.5 - missing functions: none
symbol engine: initialized successfully - sym options: 0x614 - pdb path: .;c:\Users\HP\.vscode\extensions\redhat.java-1.18.0-win32-x64\jre\17.0.7-win32-x86_64\bin;C:\WINDOWS\SYSTEM32;C:\WINDOWS\WinSxS\amd64_microsoft.windows.common-controls_6595b64144ccf1df_6.0.19041.1110_none_60b5254171f9507e;c:\Users\HP\.vscode\extensions\redhat.java-1.18.0-win32-x64\jre\17.0.7-win32-x86_64\bin\server

VM Arguments:
jvm_args: -XX:+HeapDumpOnOutOfMemoryError -Xmx1024m -Dsts.lsp.client=vscode -Dsts.log.file=/dev/null -XX:TieredStopAtLevel=1 -Xlog:jni+resolve=off -Dspring.config.location=file:c:\Users\HP\.vscode\extensions\vmware.vscode-spring-boot-1.46.0\language-server\BOOT-INF\classes\application.properties 
java_command: org.springframework.ide.vscode.boot.app.BootLanguageServerBootApp
java_class_path (initial): c:\Users\HP\.vscode\extensions\vmware.vscode-spring-boot-1.46.0\language-server\BOOT-INF\classes;c:\Users\HP\.vscode\extensions\vmware.vscode-spring-boot-1.46.0\language-server\BOOT-INF\lib\annotations-24.0.1.jar;c:\Users\HP\.vscode\extensions\vmware.vscode-spring-boot-1.46.0\language-server\BOOT-INF\lib\antlr-runtime-3.5.3.jar;c:\Users\HP\.vscode\extensions\vmware.vscode-spring-boot-1.46.0\language-server\BOOT-INF\lib\antlr4-4.11.1.jar;c:\Users\HP\.vscode\extensions\vmware.vscode-spring-boot-1.46.0\language-server\BOOT-INF\lib\antlr4-runtime-4.11.1.jar;c:\Users\HP\.vscode\extensions\vmware.vscode-spring-boot-1.46.0\language-server\BOOT-INF\lib\asm-9.5.jar;c:\Users\HP\.vscode\extensions\vmware.vscode-spring-boot-1.46.0\language-server\BOOT-INF\lib\asm-analysis-9.5.jar;c:\Users\HP\.vscode\extensions\vmware.vscode-spring-boot-1.46.0\language-server\BOOT-INF\lib\asm-tree-9.5.jar;c:\Users\HP\.vscode\extensions\vmware.vscode-spring-boot-1.46.0\language-server\BOOT-INF\lib\asm-util-9.5.jar;c:\Users\HP\.vscode\extensions\vmware.vscode-spring-boot-1.46.0\language-server\BOOT-INF\lib\caffeine-3.1.2.jar;c:\Users\HP\.vscode\extensions\vmware.vscode-spring-boot-1.46.0\language-server\BOOT-INF\lib\checker-qual-3.12.0.jar;c:\Users\HP\.vscode\extensions\vmware.vscode-spring-boot-1.46.0\language-server\BOOT-INF\lib\classgraph-4.8.149.jar;c:\Users\HP\.vscode\extensions\vmware.vscode-spring-boot-1.46.0\language-server\BOOT-INF\lib\commons-codec-1.15.jar;c:\Users\HP\.vscode\extensions\vmware.vscode-spring-boot-1.46.0\language-server\BOOT-INF\lib\commons-compress-1.23.0.jar;c:\Users\HP\.vscode\extensions\vmware.vscode-spring-boot-1.46.0\language-server\BOOT-INF\lib\commons-io-2.4.jar;c:\Users\HP\.vscode\extensions\vmware.vscode-spring-boot-1.46.0\language-server\BOOT-INF\lib\commons-java-1.46.0-SNAPSHOT.jar;c:\Users\HP\.vscode\extensions\vmware.vscode-spring-boot-1.46.0\language-server\BOOT-INF\lib\commons-lang3-3.12.0.jar;c:\Users\HP\.vscode\extensions\vmw
Launcher Type: SUN_STANDARD

[Global flags]
     intx CICompilerCount                          = 3                                         {product} {ergonomic}
     uint ConcGCThreads                            = 1                                         {product} {ergonomic}
     uint G1ConcRefinementThreads                  = 4                                         {product} {ergonomic}
   size_t G1HeapRegionSize                         = 1048576                                   {product} {ergonomic}
    uintx GCDrainStackTargetSize                   = 64                                        {product} {ergonomic}
     bool HeapDumpOnOutOfMemoryError               = true                                   {manageable} {command line}
   size_t InitialHeapSize                          = 201326592                                 {product} {ergonomic}
   size_t MarkStackSize                            = 4194304                                   {product} {ergonomic}
   size_t MaxHeapSize                              = 1073741824                                {product} {command line}
   size_t MaxNewSize                               = 643825664                                 {product} {ergonomic}
   size_t MinHeapDeltaBytes                        = 1048576                                   {product} {ergonomic}
   size_t MinHeapSize                              = 8388608                                   {product} {ergonomic}
    uintx NonProfiledCodeHeapSize                  = 0                                      {pd product} {ergonomic}
     bool ProfileInterpreter                       = false                                  {pd product} {command line}
    uintx ProfiledCodeHeapSize                     = 0                                      {pd product} {ergonomic}
   size_t SoftMaxHeapSize                          = 1073741824                             {manageable} {ergonomic}
     intx TieredStopAtLevel                        = 1                                         {product} {command line}
     bool UseCompressedClassPointers               = true                           {product lp64_product} {ergonomic}
     bool UseCompressedOops                        = true                           {product lp64_product} {ergonomic}
     bool UseG1GC                                  = true                                      {product} {ergonomic}
     bool UseLargePagesIndividualAllocation        = false                                  {pd product} {ergonomic}

Logging:
Log output configuration:
 #0: stdout all=warning,jni+resolve=off uptime,level,tags
 #1: stderr all=off uptime,level,tags

Environment Variables:
JAVA_HOME=C:\Program Files\Java\jdk-11.0.9
PATH=C:\Program Files\Python310\Scripts\;C:\Program Files\Python310\;C:\Program Files (x86)\Common Files\Intel\Shared Libraries\redist\intel64\compiler;C:\WINDOWS\system32;C:\WINDOWS;C:\WINDOWS\System32\Wbem;C:\WINDOWS\System32\WindowsPowerShell\v1.0\;C:\WINDOWS\System32\OpenSSH\;C:\wamp64\www\scriptcase\components\php;C:\wamp64\bin\php\php7.4.26;C:\wamp64\bin\php\php7.3.25;C:\wamp64\bin\php\php7.1.29;C:\Program Files\nodejs;C:\Program Files\PuTTY\;C:\ProgramData\ComposerSetup\bin;C:\Program Files\Git\cmd;C:\Program Files (x86)\Yarn\bin\;C:\Program Files\Java\jdk-11.0.9\bin;C:\Users\HP\AppData\Local\Programs\Python\Python37;C:\Users\HP\AppData\Local\Programs\Python\Python37\Scripts;C:\Users\HP\AppData\Local\Android\flutter\bin;C:\Users\HP\AppData\Roaming\Composer\vendor\laravel\installer\bin;C:\Program Files (x86)\Bitvise SSH Client;C:\wamp64\www\apache-maven-3.8.4\bin;C:\Program Files\NetMake\v9-php73\components\php;C:\Program Files\Docker\Docker\resources\bin;C:\Program Files\Java\jdk1.8.0_261\bin;C:\Program Files\nodejs\;C:\Program Files\CMake\bin;C:\Users\HP\AppData\Local\Programs\Python\Python310\Scripts\;C:\Users\HP\AppData\Local\Programs\Python\Python310\;C:\Users\HP\AppData\Local\Microsoft\WindowsApps;C:\Users\HP\AppData\Roaming\Composer\vendor\bin;C:\Users\HP\AppData\Local\Yarn\bin;C:\Program Files\heroku\bin;C:\Users\HP\AppData\Local\Programs\Microsoft VS Code\bin;C:\Users\HP\AppData\Local\GitHubDesktop\bin;C:\Users\HP\AppData\Roaming\npm
USERNAME=HP
OS=Windows_NT
PROCESSOR_IDENTIFIER=Intel64 Family 6 Model 142 Stepping 10, GenuineIntel
TMP=C:\Users\HP\AppData\Local\Temp
TEMP=C:\Users\HP\AppData\Local\Temp



---------------  S Y S T E M  ---------------

OS:
 Windows 10 , 64 bit Build 19041 (10.0.19041.2913)
OS uptime: 2 days 14:31 hours
Hyper-V role detected

CPU: total 4 (initial active 4) (2 cores per cpu, 2 threads per core) family 6 model 142 stepping 10 microcode 0xca, cx8, cmov, fxsr, ht, mmx, 3dnowpref, sse, sse2, sse3, ssse3, sse4.1, sse4.2, popcnt, lzcnt, tsc, tscinvbit, avx, avx2, aes, erms, clmul, bmi1, bmi2, adx, fma, vzeroupper, clflush, clflushopt, hv

Memory: 4k page, system-wide physical 12199M (2423M free)
TotalPageFile size 18429M (AvailPageFile size 4M)
current process WorkingSet (physical memory assigned to process): 128M, peak: 128M
current process commit charge ("private bytes"): 156M, peak: 290M

vm_info: OpenJDK 64-Bit Server VM (17.0.7+7) for windows-amd64 JRE (17.0.7+7), built on Apr 18 2023 22:10:42 by "temurin" with MS VC++ 16.7 (VS2019)

END.
