#
# There is insufficient memory for the Java Runtime Environment to continue.
# Native memory allocation (malloc) failed to allocate 2097152 bytes for AllocateHeap
# Possible reasons:
#   The system is out of physical RAM or swap space
#   The process is running with CompressedOops enabled, and the Java Heap may be blocking the growth of the native heap
# Possible solutions:
#   Reduce memory load on the system
#   Increase physical memory or swap space
#   Check if swap backing store is full
#   Decrease Java heap size (-Xmx/-Xms)
#   Decrease number of Java threads
#   Decrease Java thread stack sizes (-Xss)
#   Set larger code cache with -XX:ReservedCodeCacheSize=
#   JVM is running with Unscaled Compressed Oops mode in which the Java heap is
#     placed in the first 4GB address space. The Java Heap base address is the
#     maximum limit for the native heap growth. Please use -XX:HeapBaseMinAddress
#     to set the Java Heap base and to place the Java Heap above 4GB virtual address.
# This output file may be truncated or incomplete.
#
#  Out of Memory Error (allocation.cpp:44), pid=23052, tid=19956
#
# JRE version: OpenJDK Runtime Environment Temurin-17.0.7+7 (17.0.7+7) (build 17.0.7+7)
# Java VM: OpenJDK 64-Bit Server VM Temurin-17.0.7+7 (17.0.7+7, mixed mode, emulated-client, tiered, compressed oops, compressed class ptrs, g1 gc, windows-amd64)
# No core dump will be written. Minidumps are not enabled by default on client versions of Windows
#

---------------  S U M M A R Y ------------

Command Line: -XX:+HeapDumpOnOutOfMemoryError -Xmx1024m -Dsts.lsp.client=vscode -Dsts.log.file=/dev/null -XX:TieredStopAtLevel=1 -Xlog:jni+resolve=off -Dspring.config.location=file:c:\Users\HP\.vscode\extensions\vmware.vscode-spring-boot-1.47.0\language-server\BOOT-INF\classes\application.properties org.springframework.ide.vscode.boot.app.BootLanguageServerBootApp

Host: Intel(R) Core(TM) i3-8130U CPU @ 2.20GHz, 4 cores, 11G,  Windows 10 , 64 bit Build 19041 (10.0.19041.3031)
Time: Thu Jul 13 14:39:44 2023 Afr. centrale Ouest elapsed time: 3686.939775 seconds (0d 1h 1m 26s)

---------------  T H R E A D  ---------------

Current thread (0x0000019c7a439800):  VMThread "VM Thread" [stack: 0x0000008948400000,0x0000008948500000] [id=19956]

Stack: [0x0000008948400000,0x0000008948500000]
Native frames: (J=compiled Java code, j=interpreted, Vv=VM code, C=native code)
V  [jvm.dll+0x67754a]
V  [jvm.dll+0x834304]
V  [jvm.dll+0x835aae]
V  [jvm.dll+0x836113]
V  [jvm.dll+0x24696f]
V  [jvm.dll+0xa681f]
V  [jvm.dll+0x2f7481]
V  [jvm.dll+0x2f30f0]
V  [jvm.dll+0x2db6c7]
V  [jvm.dll+0x31e777]
V  [jvm.dll+0x83a5bb]
V  [jvm.dll+0x83b2f4]
V  [jvm.dll+0x83b80c]
V  [jvm.dll+0x83bbe4]
V  [jvm.dll+0x83bcb0]
V  [jvm.dll+0x7e4e7a]
V  [jvm.dll+0x676395]
C  [ucrtbase.dll+0x21bb2]
C  [KERNEL32.DLL+0x17614]
C  [ntdll.dll+0x526f1]

VM_Operation (0x00000089495feee0): G1CollectFull, mode: safepoint, requested by thread 0x0000019c006bc4f0


---------------  P R O C E S S  ---------------

Threads class SMR info:
_java_thread_list=0x0000019c00a755f0, length=18, elements={
0x0000019c7a44e790, 0x0000019c7a44f600, 0x0000019c7a471810, 0x0000019c7a472680,
0x0000019c7a476150, 0x0000019c7a476b00, 0x0000019c7a5b8600, 0x0000019c7a5b8ff0,
0x0000019c7a7c4630, 0x0000019c7a7c7cd0, 0x0000019c7f607460, 0x0000019c006bc020,
0x0000019c006bc4f0, 0x0000019c7a7732b0, 0x0000019c6de2dd10, 0x0000019c00674050,
0x0000019c7f703560, 0x0000019c7f703a30
}

Java Threads: ( => current thread )
  0x0000019c7a44e790 JavaThread "Reference Handler" daemon [_thread_blocked, id=14964, stack(0x0000008948500000,0x0000008948600000)]
  0x0000019c7a44f600 JavaThread "Finalizer" daemon [_thread_blocked, id=10420, stack(0x0000008948600000,0x0000008948700000)]
  0x0000019c7a471810 JavaThread "Signal Dispatcher" daemon [_thread_blocked, id=22624, stack(0x0000008948700000,0x0000008948800000)]
  0x0000019c7a472680 JavaThread "Attach Listener" daemon [_thread_blocked, id=22640, stack(0x0000008948800000,0x0000008948900000)]
  0x0000019c7a476150 JavaThread "Service Thread" daemon [_thread_blocked, id=3292, stack(0x0000008948900000,0x0000008948a00000)]
  0x0000019c7a476b00 JavaThread "Monitor Deflation Thread" daemon [_thread_blocked, id=2264, stack(0x0000008948a00000,0x0000008948b00000)]
  0x0000019c7a5b8600 JavaThread "C1 CompilerThread0" daemon [_thread_blocked, id=22224, stack(0x0000008948b00000,0x0000008948c00000)]
  0x0000019c7a5b8ff0 JavaThread "Sweeper thread" daemon [_thread_blocked, id=8196, stack(0x0000008948c00000,0x0000008948d00000)]
  0x0000019c7a7c4630 JavaThread "Notification Thread" daemon [_thread_blocked, id=20260, stack(0x0000008948f00000,0x0000008949000000)]
  0x0000019c7a7c7cd0 JavaThread "Common-Cleaner" daemon [_thread_blocked, id=11500, stack(0x0000008949100000,0x0000008949200000)]
  0x0000019c7f607460 JavaThread "boundedElastic-evictor-1" daemon [_thread_blocked, id=1324, stack(0x0000008948d00000,0x0000008948e00000)]
  0x0000019c006bc020 JavaThread "boundedElastic-evictor-2" daemon [_thread_blocked, id=6896, stack(0x0000008949400000,0x0000008949500000)]
  0x0000019c006bc4f0 JavaThread "pool-10-thread-1" [_thread_blocked, id=18072, stack(0x0000008949500000,0x0000008949600000)]
  0x0000019c7a7732b0 JavaThread "LanguageServerApp-lifecycle" [_thread_blocked, id=21216, stack(0x0000008949600000,0x0000008949700000)]
  0x0000019c6de2dd10 JavaThread "DestroyJavaVM" [_thread_blocked, id=19216, stack(0x0000008947e00000,0x0000008947f00000)]
  0x0000019c00674050 JavaThread "pool-11-thread-1" [_thread_in_native, id=15600, stack(0x0000008949700000,0x0000008949800000)]
  0x0000019c7f703560 JavaThread "Simple-Language-Server main thread" daemon [_thread_blocked, id=4648, stack(0x0000008949800000,0x0000008949900000)]
  0x0000019c7f703a30 JavaThread "pool-6-thread-1" [_thread_blocked, id=18612, stack(0x0000008949900000,0x0000008949a00000)]

Other Threads:
=>0x0000019c7a439800 VMThread "VM Thread" [stack: 0x0000008948400000,0x0000008948500000] [id=19956]
  0x0000019c6ff16d90 WatcherThread [stack: 0x0000008949000000,0x0000008949100000] [id=23216]
  0x0000019c6ff05200 GCTaskThread "GC Thread#0" [stack: 0x0000008947f00000,0x0000008948000000] [id=9688]
  0x0000019c7f4453f0 GCTaskThread "GC Thread#1" [stack: 0x0000008948e00000,0x0000008948f00000] [id=15376]
  0x0000019c7f520110 GCTaskThread "GC Thread#2" [stack: 0x0000008949200000,0x0000008949300000] [id=15636]
  0x0000019c7f5203c0 GCTaskThread "GC Thread#3" [stack: 0x0000008949300000,0x0000008949400000] [id=10136]
  0x0000019c6ff0e140 ConcurrentGCThread "G1 Main Marker" [stack: 0x0000008948000000,0x0000008948100000] [id=22692]
  0x0000019c6ff0f2f0 ConcurrentGCThread "G1 Conc#0" [stack: 0x0000008948100000,0x0000008948200000] [id=448]
  0x0000019c6ff8df20 ConcurrentGCThread "G1 Refine#0" [stack: 0x0000008948200000,0x0000008948300000] [id=21000]
  0x0000019c6ff8e940 ConcurrentGCThread "G1 Service" [stack: 0x0000008948300000,0x0000008948400000] [id=22748]

Threads with active compile tasks:

VM state: at safepoint (normal execution)

VM Mutex/Monitor currently owned by a thread:  ([mutex/lock_event])
[0x0000019c6dd6c610] Threads_lock - owner thread: 0x0000019c7a439800
[0x0000019c6dd459e0] Heap_lock - owner thread: 0x0000019c006bc4f0

Heap address: 0x00000000c0000000, size: 1024 MB, Compressed Oops mode: 32-bit

CDS archive(s) not mapped
Compressed class space mapped at: 0x0000000100000000-0x0000000140000000, reserved size: 1073741824
Narrow klass base: 0x0000000000000000, Narrow klass shift: 3, Narrow klass range: 0x140000000

GC Precious Log:
 CPUs: 4 total, 4 available
 Memory: 12199M
 Large Page Support: Disabled
 NUMA Support: Disabled
 Compressed Oops: Enabled (32-bit)
 Heap Region Size: 1M
 Heap Min Capacity: 8M
 Heap Initial Capacity: 192M
 Heap Max Capacity: 1G
 Pre-touch: Disabled
 Parallel Workers: 4
 Concurrent Workers: 1
 Concurrent Refinement Workers: 4
 Periodic GC: Disabled

Heap:
 garbage-first heap   total 58368K, used 18888K [0x00000000c0000000, 0x0000000100000000)
  region size 1024K, 1 young (1024K), 0 survivors (0K)
 Metaspace       used 37081K, committed 37568K, reserved 1114112K
  class space    used 4799K, committed 4992K, reserved 1048576K

Heap Regions: E=young(eden), S=young(survivor), O=old, HS=humongous(starts), HC=humongous(continues), CS=collection set, F=free, OA=open archive, CA=closed archive, TAMS=top-at-mark-start (previous, next)
|   0|0x00000000c0000000, 0x00000000c0100000, 0x00000000c0100000|100%|HS|  |TAMS 0x00000000c0100000, 0x00000000c0000000| Untracked 
|   1|0x00000000c0100000, 0x00000000c01ffff8, 0x00000000c0200000| 99%| O|  |TAMS 0x00000000c01ffff8, 0x00000000c0100000| Untracked 
|   2|0x00000000c0200000, 0x00000000c0300000, 0x00000000c0300000|100%| O|  |TAMS 0x00000000c0300000, 0x00000000c0200000| Untracked 
|   3|0x00000000c0300000, 0x00000000c0400000, 0x00000000c0400000|100%| O|  |TAMS 0x00000000c0400000, 0x00000000c0300000| Untracked 
|   4|0x00000000c0400000, 0x00000000c0500000, 0x00000000c0500000|100%| O|  |TAMS 0x00000000c0500000, 0x00000000c0400000| Untracked 
|   5|0x00000000c0500000, 0x00000000c0600000, 0x00000000c0600000|100%| O|  |TAMS 0x00000000c0600000, 0x00000000c0500000| Untracked 
|   6|0x00000000c0600000, 0x00000000c06fffb0, 0x00000000c0700000| 99%| O|  |TAMS 0x00000000c06fffb0, 0x00000000c0600000| Untracked 
|   7|0x00000000c0700000, 0x00000000c0800000, 0x00000000c0800000|100%| O|  |TAMS 0x00000000c0800000, 0x00000000c0700000| Untracked 
|   8|0x00000000c0800000, 0x00000000c08fffe8, 0x00000000c0900000| 99%| O|  |TAMS 0x00000000c08fffe8, 0x00000000c0800000| Untracked 
|   9|0x00000000c0900000, 0x00000000c09fffd8, 0x00000000c0a00000| 99%| O|  |TAMS 0x00000000c09fffd8, 0x00000000c0900000| Untracked 
|  10|0x00000000c0a00000, 0x00000000c0aeee20, 0x00000000c0b00000| 93%| O|  |TAMS 0x00000000c0a00000, 0x00000000c0a00000| Untracked 
|  11|0x00000000c0b00000, 0x00000000c0bffff8, 0x00000000c0c00000| 99%| O|  |TAMS 0x00000000c0bffff8, 0x00000000c0b00000| Untracked 
|  12|0x00000000c0c00000, 0x00000000c0d00000, 0x00000000c0d00000|100%| O|  |TAMS 0x00000000c0d00000, 0x00000000c0c00000| Untracked 
|  13|0x00000000c0d00000, 0x00000000c0e00000, 0x00000000c0e00000|100%| O|  |TAMS 0x00000000c0e00000, 0x00000000c0d00000| Untracked 
|  14|0x00000000c0e00000, 0x00000000c0effff0, 0x00000000c0f00000| 99%| O|  |TAMS 0x00000000c0effff0, 0x00000000c0e00000| Untracked 
|  15|0x00000000c0f00000, 0x00000000c0fffff8, 0x00000000c1000000| 99%| O|  |TAMS 0x00000000c0fffff8, 0x00000000c0f00000| Untracked 
|  16|0x00000000c1000000, 0x00000000c10fffa8, 0x00000000c1100000| 99%| O|  |TAMS 0x00000000c10fffa8, 0x00000000c1000000| Untracked 
|  17|0x00000000c1100000, 0x00000000c11ffff8, 0x00000000c1200000| 99%| O|  |TAMS 0x00000000c11ffff8, 0x00000000c1100000| Untracked 
|  18|0x00000000c1200000, 0x00000000c1283450, 0x00000000c1300000| 51%| O|  |TAMS 0x00000000c1200000, 0x00000000c1200000| Untracked 
|  19|0x00000000c1300000, 0x00000000c1300000, 0x00000000c1400000|  0%| F|  |TAMS 0x00000000c1300000, 0x00000000c1300000| Untracked 
|  20|0x00000000c1400000, 0x00000000c1400000, 0x00000000c1500000|  0%| F|  |TAMS 0x00000000c1400000, 0x00000000c1400000| Untracked 
|  21|0x00000000c1500000, 0x00000000c1500000, 0x00000000c1600000|  0%| F|  |TAMS 0x00000000c1500000, 0x00000000c1500000| Untracked 
|  22|0x00000000c1600000, 0x00000000c1600000, 0x00000000c1700000|  0%| F|  |TAMS 0x00000000c1600000, 0x00000000c1600000| Untracked 
|  23|0x00000000c1700000, 0x00000000c1700000, 0x00000000c1800000|  0%| F|  |TAMS 0x00000000c1700000, 0x00000000c1700000| Untracked 
|  24|0x00000000c1800000, 0x00000000c1800000, 0x00000000c1900000|  0%| F|  |TAMS 0x00000000c1800000, 0x00000000c1800000| Untracked 
|  25|0x00000000c1900000, 0x00000000c1900000, 0x00000000c1a00000|  0%| F|  |TAMS 0x00000000c1900000, 0x00000000c1900000| Untracked 
|  26|0x00000000c1a00000, 0x00000000c1a00000, 0x00000000c1b00000|  0%| F|  |TAMS 0x00000000c1a00000, 0x00000000c1a00000| Untracked 
|  27|0x00000000c1b00000, 0x00000000c1b00000, 0x00000000c1c00000|  0%| F|  |TAMS 0x00000000c1b00000, 0x00000000c1b00000| Untracked 
|  28|0x00000000c1c00000, 0x00000000c1c00000, 0x00000000c1d00000|  0%| F|  |TAMS 0x00000000c1c00000, 0x00000000c1c00000| Untracked 
|  29|0x00000000c1d00000, 0x00000000c1d00000, 0x00000000c1e00000|  0%| F|  |TAMS 0x00000000c1d00000, 0x00000000c1d00000| Untracked 
|  30|0x00000000c1e00000, 0x00000000c1e00000, 0x00000000c1f00000|  0%| F|  |TAMS 0x00000000c1e00000, 0x00000000c1e00000| Untracked 
|  31|0x00000000c1f00000, 0x00000000c1f00000, 0x00000000c2000000|  0%| F|  |TAMS 0x00000000c1f00000, 0x00000000c1f00000| Untracked 
|  32|0x00000000c2000000, 0x00000000c2000000, 0x00000000c2100000|  0%| F|  |TAMS 0x00000000c2000000, 0x00000000c2000000| Untracked 
|  33|0x00000000c2100000, 0x00000000c2100000, 0x00000000c2200000|  0%| F|  |TAMS 0x00000000c2100000, 0x00000000c2100000| Untracked 
|  34|0x00000000c2200000, 0x00000000c2200000, 0x00000000c2300000|  0%| F|  |TAMS 0x00000000c2200000, 0x00000000c2200000| Untracked 
|  35|0x00000000c2300000, 0x00000000c2300000, 0x00000000c2400000|  0%| F|  |TAMS 0x00000000c2300000, 0x00000000c2300000| Untracked 
|  36|0x00000000c2400000, 0x00000000c2400000, 0x00000000c2500000|  0%| F|  |TAMS 0x00000000c2400000, 0x00000000c2400000| Untracked 
|  37|0x00000000c2500000, 0x00000000c2500000, 0x00000000c2600000|  0%| F|  |TAMS 0x00000000c2500000, 0x00000000c2500000| Untracked 
|  38|0x00000000c2600000, 0x00000000c2600000, 0x00000000c2700000|  0%| F|  |TAMS 0x00000000c2600000, 0x00000000c2600000| Untracked 
|  39|0x00000000c2700000, 0x00000000c2700000, 0x00000000c2800000|  0%| F|  |TAMS 0x00000000c2700000, 0x00000000c2700000| Untracked 
|  40|0x00000000c2800000, 0x00000000c2800000, 0x00000000c2900000|  0%| F|  |TAMS 0x00000000c2800000, 0x00000000c2800000| Untracked 
|  41|0x00000000c2900000, 0x00000000c2900000, 0x00000000c2a00000|  0%| F|  |TAMS 0x00000000c2900000, 0x00000000c2900000| Untracked 
|  42|0x00000000c2a00000, 0x00000000c2a00000, 0x00000000c2b00000|  0%| F|  |TAMS 0x00000000c2a00000, 0x00000000c2a00000| Untracked 
|  43|0x00000000c2b00000, 0x00000000c2b00000, 0x00000000c2c00000|  0%| F|  |TAMS 0x00000000c2b00000, 0x00000000c2b00000| Untracked 
|  44|0x00000000c2c00000, 0x00000000c2c00000, 0x00000000c2d00000|  0%| F|  |TAMS 0x00000000c2c00000, 0x00000000c2c00000| Untracked 
|  45|0x00000000c2d00000, 0x00000000c2d00000, 0x00000000c2e00000|  0%| F|  |TAMS 0x00000000c2d00000, 0x00000000c2d00000| Untracked 
|  46|0x00000000c2e00000, 0x00000000c2e00000, 0x00000000c2f00000|  0%| F|  |TAMS 0x00000000c2e00000, 0x00000000c2e00000| Untracked 
|  47|0x00000000c2f00000, 0x00000000c2f00000, 0x00000000c3000000|  0%| F|  |TAMS 0x00000000c2f00000, 0x00000000c2f00000| Untracked 
|  48|0x00000000c3000000, 0x00000000c3000000, 0x00000000c3100000|  0%| F|  |TAMS 0x00000000c3000000, 0x00000000c3000000| Untracked 
| 155|0x00000000c9b00000, 0x00000000c9b00000, 0x00000000c9c00000|  0%| F|  |TAMS 0x00000000c9b00000, 0x00000000c9b00000| Untracked 
| 156|0x00000000c9c00000, 0x00000000c9c00000, 0x00000000c9d00000|  0%| F|  |TAMS 0x00000000c9c00000, 0x00000000c9c00000| Untracked 
| 157|0x00000000c9d00000, 0x00000000c9d00000, 0x00000000c9e00000|  0%| F|  |TAMS 0x00000000c9d00000, 0x00000000c9d00000| Untracked 
| 158|0x00000000c9e00000, 0x00000000c9e00000, 0x00000000c9f00000|  0%| F|  |TAMS 0x00000000c9e00000, 0x00000000c9e00000| Untracked 
| 159|0x00000000c9f00000, 0x00000000c9f00000, 0x00000000ca000000|  0%| F|  |TAMS 0x00000000c9f00000, 0x00000000c9f00000| Untracked 
| 160|0x00000000ca000000, 0x00000000ca000000, 0x00000000ca100000|  0%| F|  |TAMS 0x00000000ca000000, 0x00000000ca000000| Untracked 
| 190|0x00000000cbe00000, 0x00000000cbe00000, 0x00000000cbf00000|  0%| F|  |TAMS 0x00000000cbe00000, 0x00000000cbe00000| Untracked 
| 191|0x00000000cbf00000, 0x00000000cbf396d0, 0x00000000cc000000| 22%| E|  |TAMS 0x00000000cbf00000, 0x00000000cbf00000| Complete 

Card table byte_map: [0x0000019c75b50000,0x0000019c75d50000] _byte_map_base: 0x0000019c75550000

Marking Bits (Prev, Next): (CMBitMap*) 0x0000019c6ff05850, (CMBitMap*) 0x0000019c6ff05810
 Prev Bits: [0x0000019c76f50000, 0x0000019c77f50000)
 Next Bits: [0x0000019c75f50000, 0x0000019c76f50000)

Polling page: 0x0000019c6dcf0000

Metaspace:

Usage:
  Non-class:     31.53 MB used.
      Class:      4.69 MB used.
       Both:     36.21 MB used.

Virtual space:
  Non-class space:       64.00 MB reserved,      31.81 MB ( 50%) committed,  1 nodes.
      Class space:        1.00 GB reserved,       4.88 MB ( <1%) committed,  1 nodes.
             Both:        1.06 GB reserved,      36.69 MB (  3%) committed. 

Chunk freelists:
   Non-Class:  15.58 MB
       Class:  11.07 MB
        Both:  26.65 MB

MaxMetaspaceSize: unlimited
CompressedClassSpaceSize: 1.00 GB
Initial GC threshold: 21.00 MB
Current GC threshold: 61.19 MB
CDS: off
MetaspaceReclaimPolicy: balanced
 - commit_granule_bytes: 65536.
 - commit_granule_words: 8192.
 - virtual_space_node_default_size: 8388608.
 - enlarge_chunks_in_place: 1.
 - new_chunks_are_fully_committed: 0.
 - uncommit_free_chunks: 1.
 - use_allocation_guard: 0.
 - handle_deallocations: 1.


Internal statistics:

num_allocs_failed_limit: 6.
num_arena_births: 464.
num_arena_deaths: 132.
num_vsnodes_births: 2.
num_vsnodes_deaths: 0.
num_space_committed: 587.
num_space_uncommitted: 0.
num_chunks_returned_to_freelist: 154.
num_chunks_taken_from_freelist: 1555.
num_chunk_merges: 51.
num_chunk_splits: 1073.
num_chunks_enlarged: 806.
num_inconsistent_stats: 0.

CodeCache: size=49152Kb used=6662Kb max_used=6662Kb free=42489Kb
 bounds [0x0000019c72b50000, 0x0000019c731e0000, 0x0000019c75b50000]
 total_blobs=4070 nmethods=3536 adapters=461
 compilation: enabled
              stopped_count=0, restarted_count=0
 full_count=0

Compilation events (20 events):
Event: 2784.403 Thread 0x0000019c7a5b8600 3525       1       java.lang.ProcessImpl$$Lambda$695/0x00000001003d8150::<init> (10 bytes)
Event: 2784.403 Thread 0x0000019c7a5b8600 nmethod 3525 0x0000019c731ce810 code [0x0000019c731ce9a0, 0x0000019c731cea78]
Event: 2784.403 Thread 0x0000019c7a5b8600 3527       1       java.lang.ProcessHandleImpl::getInternal (13 bytes)
Event: 2784.403 Thread 0x0000019c7a5b8600 nmethod 3527 0x0000019c731ceb10 code [0x0000019c731ceca0, 0x0000019c731cee08]
Event: 2784.403 Thread 0x0000019c7a5b8600 3528       1       java.lang.ProcessImpl$2::<init> (20 bytes)
Event: 2784.403 Thread 0x0000019c7a5b8600 nmethod 3528 0x0000019c731cee90 code [0x0000019c731cf020, 0x0000019c731cf198]
Event: 2784.403 Thread 0x0000019c7a5b8600 3529       1       java.lang.ProcessImpl$2::run (5 bytes)
Event: 2784.403 Thread 0x0000019c7a5b8600 nmethod 3529 0x0000019c731cf210 code [0x0000019c731cf3a0, 0x0000019c731cf488]
Event: 2784.701 Thread 0x0000019c7a5b8600 3530   !   1       java.io.FilterOutputStream::close (183 bytes)
Event: 2784.727 Thread 0x0000019c7a5b8600 nmethod 3530 0x0000019c731cf910 code [0x0000019c731cfb20, 0x0000019c731cfff8]
Event: 2784.727 Thread 0x0000019c7a5b8600 3531   !   1       java.io.FileOutputStream::close (69 bytes)
Event: 2784.727 Thread 0x0000019c7a5b8600 nmethod 3531 0x0000019c731d0290 code [0x0000019c731d0460, 0x0000019c731d07d8]
Event: 2784.727 Thread 0x0000019c7a5b8600 3535       1       java.lang.ProcessImpl$$Lambda$695/0x00000001003d8150::run (8 bytes)
Event: 2784.727 Thread 0x0000019c7a5b8600 nmethod 3535 0x0000019c731d0910 code [0x0000019c731d0aa0, 0x0000019c731d0b88]
Event: 2784.727 Thread 0x0000019c7a5b8600 3536       1       java.lang.ProcessImpl::lambda$new$0 (6 bytes)
Event: 2784.727 Thread 0x0000019c7a5b8600 nmethod 3536 0x0000019c731d0c10 code [0x0000019c731d0da0, 0x0000019c731d0e68]
Event: 2784.727 Thread 0x0000019c7a5b8600 3532       1       java.io.FileOutputStream$1::<init> (10 bytes)
Event: 2784.727 Thread 0x0000019c7a5b8600 nmethod 3532 0x0000019c731d0f10 code [0x0000019c731d10a0, 0x0000019c731d11b8]
Event: 2784.727 Thread 0x0000019c7a5b8600 3533       1       java.io.FileOutputStream$1::close (11 bytes)
Event: 2784.727 Thread 0x0000019c7a5b8600 nmethod 3533 0x0000019c731d1210 code [0x0000019c731d13c0, 0x0000019c731d16d8]

GC Heap History (20 events):
Event: 3579.333 GC heap before
{Heap before GC invocations=340 (full 329):
 garbage-first heap   total 58368K, used 18888K [0x00000000c0000000, 0x0000000100000000)
  region size 1024K, 1 young (1024K), 0 survivors (0K)
 Metaspace       used 37081K, committed 37568K, reserved 1114112K
  class space    used 4799K, committed 4992K, reserved 1048576K
}
Event: 3579.360 GC heap after
{Heap after GC invocations=341 (full 330):
 garbage-first heap   total 58368K, used 18888K [0x00000000c0000000, 0x0000000100000000)
  region size 1024K, 0 young (0K), 0 survivors (0K)
 Metaspace       used 37081K, committed 37568K, reserved 1114112K
  class space    used 4799K, committed 4992K, reserved 1048576K
}
Event: 3590.135 GC heap before
{Heap before GC invocations=341 (full 330):
 garbage-first heap   total 58368K, used 18888K [0x00000000c0000000, 0x0000000100000000)
  region size 1024K, 1 young (1024K), 0 survivors (0K)
 Metaspace       used 37081K, committed 37568K, reserved 1114112K
  class space    used 4799K, committed 4992K, reserved 1048576K
}
Event: 3590.167 GC heap after
{Heap after GC invocations=342 (full 331):
 garbage-first heap   total 58368K, used 18888K [0x00000000c0000000, 0x0000000100000000)
  region size 1024K, 0 young (0K), 0 survivors (0K)
 Metaspace       used 37081K, committed 37568K, reserved 1114112K
  class space    used 4799K, committed 4992K, reserved 1048576K
}
Event: 3601.981 GC heap before
{Heap before GC invocations=342 (full 331):
 garbage-first heap   total 58368K, used 18888K [0x00000000c0000000, 0x0000000100000000)
  region size 1024K, 1 young (1024K), 0 survivors (0K)
 Metaspace       used 37081K, committed 37568K, reserved 1114112K
  class space    used 4799K, committed 4992K, reserved 1048576K
}
Event: 3602.005 GC heap after
{Heap after GC invocations=343 (full 332):
 garbage-first heap   total 58368K, used 18888K [0x00000000c0000000, 0x0000000100000000)
  region size 1024K, 0 young (0K), 0 survivors (0K)
 Metaspace       used 37081K, committed 37568K, reserved 1114112K
  class space    used 4799K, committed 4992K, reserved 1048576K
}
Event: 3612.702 GC heap before
{Heap before GC invocations=343 (full 332):
 garbage-first heap   total 58368K, used 18888K [0x00000000c0000000, 0x0000000100000000)
  region size 1024K, 1 young (1024K), 0 survivors (0K)
 Metaspace       used 37081K, committed 37568K, reserved 1114112K
  class space    used 4799K, committed 4992K, reserved 1048576K
}
Event: 3612.723 GC heap after
{Heap after GC invocations=344 (full 333):
 garbage-first heap   total 58368K, used 18888K [0x00000000c0000000, 0x0000000100000000)
  region size 1024K, 0 young (0K), 0 survivors (0K)
 Metaspace       used 37081K, committed 37568K, reserved 1114112K
  class space    used 4799K, committed 4992K, reserved 1048576K
}
Event: 3623.255 GC heap before
{Heap before GC invocations=344 (full 333):
 garbage-first heap   total 58368K, used 18888K [0x00000000c0000000, 0x0000000100000000)
  region size 1024K, 1 young (1024K), 0 survivors (0K)
 Metaspace       used 37081K, committed 37568K, reserved 1114112K
  class space    used 4799K, committed 4992K, reserved 1048576K
}
Event: 3623.278 GC heap after
{Heap after GC invocations=345 (full 334):
 garbage-first heap   total 58368K, used 18888K [0x00000000c0000000, 0x0000000100000000)
  region size 1024K, 0 young (0K), 0 survivors (0K)
 Metaspace       used 37081K, committed 37568K, reserved 1114112K
  class space    used 4799K, committed 4992K, reserved 1048576K
}
Event: 3633.482 GC heap before
{Heap before GC invocations=345 (full 334):
 garbage-first heap   total 58368K, used 18888K [0x00000000c0000000, 0x0000000100000000)
  region size 1024K, 1 young (1024K), 0 survivors (0K)
 Metaspace       used 37081K, committed 37568K, reserved 1114112K
  class space    used 4799K, committed 4992K, reserved 1048576K
}
Event: 3633.506 GC heap after
{Heap after GC invocations=346 (full 335):
 garbage-first heap   total 58368K, used 18888K [0x00000000c0000000, 0x0000000100000000)
  region size 1024K, 0 young (0K), 0 survivors (0K)
 Metaspace       used 37081K, committed 37568K, reserved 1114112K
  class space    used 4799K, committed 4992K, reserved 1048576K
}
Event: 3643.965 GC heap before
{Heap before GC invocations=346 (full 335):
 garbage-first heap   total 58368K, used 18888K [0x00000000c0000000, 0x0000000100000000)
  region size 1024K, 1 young (1024K), 0 survivors (0K)
 Metaspace       used 37081K, committed 37568K, reserved 1114112K
  class space    used 4799K, committed 4992K, reserved 1048576K
}
Event: 3643.988 GC heap after
{Heap after GC invocations=347 (full 336):
 garbage-first heap   total 58368K, used 18888K [0x00000000c0000000, 0x0000000100000000)
  region size 1024K, 0 young (0K), 0 survivors (0K)
 Metaspace       used 37081K, committed 37568K, reserved 1114112K
  class space    used 4799K, committed 4992K, reserved 1048576K
}
Event: 3654.425 GC heap before
{Heap before GC invocations=347 (full 336):
 garbage-first heap   total 58368K, used 18888K [0x00000000c0000000, 0x0000000100000000)
  region size 1024K, 1 young (1024K), 0 survivors (0K)
 Metaspace       used 37081K, committed 37568K, reserved 1114112K
  class space    used 4799K, committed 4992K, reserved 1048576K
}
Event: 3654.450 GC heap after
{Heap after GC invocations=348 (full 337):
 garbage-first heap   total 58368K, used 18888K [0x00000000c0000000, 0x0000000100000000)
  region size 1024K, 0 young (0K), 0 survivors (0K)
 Metaspace       used 37081K, committed 37568K, reserved 1114112K
  class space    used 4799K, committed 4992K, reserved 1048576K
}
Event: 3664.850 GC heap before
{Heap before GC invocations=348 (full 337):
 garbage-first heap   total 58368K, used 18888K [0x00000000c0000000, 0x0000000100000000)
  region size 1024K, 1 young (1024K), 0 survivors (0K)
 Metaspace       used 37081K, committed 37568K, reserved 1114112K
  class space    used 4799K, committed 4992K, reserved 1048576K
}
Event: 3664.873 GC heap after
{Heap after GC invocations=349 (full 338):
 garbage-first heap   total 58368K, used 18888K [0x00000000c0000000, 0x0000000100000000)
  region size 1024K, 0 young (0K), 0 survivors (0K)
 Metaspace       used 37081K, committed 37568K, reserved 1114112K
  class space    used 4799K, committed 4992K, reserved 1048576K
}
Event: 3675.317 GC heap before
{Heap before GC invocations=349 (full 338):
 garbage-first heap   total 58368K, used 18888K [0x00000000c0000000, 0x0000000100000000)
  region size 1024K, 1 young (1024K), 0 survivors (0K)
 Metaspace       used 37081K, committed 37568K, reserved 1114112K
  class space    used 4799K, committed 4992K, reserved 1048576K
}
Event: 3675.339 GC heap after
{Heap after GC invocations=350 (full 339):
 garbage-first heap   total 58368K, used 18888K [0x00000000c0000000, 0x0000000100000000)
  region size 1024K, 0 young (0K), 0 survivors (0K)
 Metaspace       used 37081K, committed 37568K, reserved 1114112K
  class space    used 4799K, committed 4992K, reserved 1048576K
}

Dll operation events (7 events):
Event: 0.010 Loaded shared library c:\Users\HP\.vscode\extensions\redhat.java-1.20.0-win32-x64\jre\17.0.7-win32-x86_64\bin\java.dll
Event: 1.272 Loaded shared library C:\Users\HP\.vscode\extensions\redhat.java-1.20.0-win32-x64\jre\17.0.7-win32-x86_64\bin\net.dll
Event: 1.275 Loaded shared library C:\Users\HP\.vscode\extensions\redhat.java-1.20.0-win32-x64\jre\17.0.7-win32-x86_64\bin\nio.dll
Event: 1.285 Loaded shared library C:\Users\HP\.vscode\extensions\redhat.java-1.20.0-win32-x64\jre\17.0.7-win32-x86_64\bin\zip.dll
Event: 2.891 Loaded shared library C:\Users\HP\.vscode\extensions\redhat.java-1.20.0-win32-x64\jre\17.0.7-win32-x86_64\bin\jimage.dll
Event: 32.826 Loaded shared library C:\Users\HP\.vscode\extensions\redhat.java-1.20.0-win32-x64\jre\17.0.7-win32-x86_64\bin\management.dll
Event: 32.872 Loaded shared library C:\Users\HP\.vscode\extensions\redhat.java-1.20.0-win32-x64\jre\17.0.7-win32-x86_64\bin\management_ext.dll

Deoptimization events (4 events):
Event: 6.997 Thread 0x0000019c6de2dd10 DEOPT PACKING pc=0x0000019c72f91c19 sp=0x0000008947efd540
Event: 6.997 Thread 0x0000019c6de2dd10 DEOPT UNPACKING pc=0x0000019c72ba7143 sp=0x0000008947efca20 mode 3
Event: 33.857 Thread 0x0000019c7f703560 DEOPT PACKING pc=0x0000019c7305c535 sp=0x00000089498fd1d0
Event: 33.857 Thread 0x0000019c7f703560 DEOPT UNPACKING pc=0x0000019c72ba7143 sp=0x00000089498fc6f8 mode 3

Classes unloaded (20 events):
Event: 85.178 Thread 0x0000019c7a439800 Unloading class 0x000000010021a800 'java/lang/invoke/LambdaForm$MH+0x000000010021a800'
Event: 85.178 Thread 0x0000019c7a439800 Unloading class 0x0000000100215000 'java/lang/invoke/LambdaForm$DMH+0x0000000100215000'
Event: 85.178 Thread 0x0000019c7a439800 Unloading class 0x0000000100091c00 'java/lang/invoke/LambdaForm$MH+0x0000000100091c00'
Event: 85.178 Thread 0x0000019c7a439800 Unloading class 0x0000000100091800 'java/lang/invoke/LambdaForm$MH+0x0000000100091800'
Event: 85.178 Thread 0x0000019c7a439800 Unloading class 0x0000000100091400 'java/lang/invoke/LambdaForm$MH+0x0000000100091400'
Event: 85.178 Thread 0x0000019c7a439800 Unloading class 0x0000000100091000 'java/lang/invoke/LambdaForm$MH+0x0000000100091000'
Event: 85.178 Thread 0x0000019c7a439800 Unloading class 0x0000000100090c00 'java/lang/invoke/LambdaForm$MH+0x0000000100090c00'
Event: 85.178 Thread 0x0000019c7a439800 Unloading class 0x0000000100090800 'java/lang/invoke/LambdaForm$MH+0x0000000100090800'
Event: 85.178 Thread 0x0000019c7a439800 Unloading class 0x0000000100090400 'java/lang/invoke/LambdaForm$MH+0x0000000100090400'
Event: 85.178 Thread 0x0000019c7a439800 Unloading class 0x0000000100090000 'java/lang/invoke/LambdaForm$MH+0x0000000100090000'
Event: 85.178 Thread 0x0000019c7a439800 Unloading class 0x000000010008b800 'java/lang/invoke/LambdaForm$MH+0x000000010008b800'
Event: 85.178 Thread 0x0000019c7a439800 Unloading class 0x000000010008b400 'java/lang/invoke/LambdaForm$MH+0x000000010008b400'
Event: 85.178 Thread 0x0000019c7a439800 Unloading class 0x000000010008b000 'java/lang/invoke/LambdaForm$MH+0x000000010008b000'
Event: 85.178 Thread 0x0000019c7a439800 Unloading class 0x000000010008ac00 'java/lang/invoke/LambdaForm$MH+0x000000010008ac00'
Event: 85.178 Thread 0x0000019c7a439800 Unloading class 0x000000010008a800 'java/lang/invoke/LambdaForm$MH+0x000000010008a800'
Event: 85.178 Thread 0x0000019c7a439800 Unloading class 0x000000010008a400 'java/lang/invoke/LambdaForm$MH+0x000000010008a400'
Event: 85.178 Thread 0x0000019c7a439800 Unloading class 0x0000000100089c00 'java/lang/invoke/LambdaForm$MH+0x0000000100089c00'
Event: 85.178 Thread 0x0000019c7a439800 Unloading class 0x0000000100089400 'java/lang/invoke/LambdaForm$MH+0x0000000100089400'
Event: 85.178 Thread 0x0000019c7a439800 Unloading class 0x0000000100088c00 'java/lang/invoke/LambdaForm$MH+0x0000000100088c00'
Event: 85.178 Thread 0x0000019c7a439800 Unloading class 0x0000000100088400 'java/lang/invoke/LambdaForm$MH+0x0000000100088400'

Classes redefined (0 events):
No events

Internal exceptions (20 events):
Event: 14.156 Thread 0x0000019c6de2dd10 Exception <a 'java/lang/NoSuchMethodError'{0x00000000c2b13568}: 'java.lang.Object java.lang.invoke.DirectMethodHandle$Holder.invokeSpecial(java.lang.Object, java.lang.Object, java.lang.Object, java.lang.Object, java.lang.Object, java.lang.Object, java.lang.Object, java.lang.Object, java.lang.Object, java.lang.Object)'> (0x00000000c2b13568) 
thrown [s\src\hotspot\share\interpreter\linkResolver.cpp, line 759]
Event: 14.156 Thread 0x0000019c6de2dd10 Exception <a 'java/lang/NoSuchMethodError'{0x00000000c2b17b50}: 'java.lang.Object java.lang.invoke.Invokers$Holder.invoke_MT(java.lang.Object, java.lang.Object, java.lang.Object, java.lang.Object, java.lang.Object, java.lang.Object, java.lang.Object, java.lang.Object, java.lang.Object, java.lang.Object)'> (0x00000000c2b17b50) 
thrown [s\src\hotspot\share\interpreter\linkResolver.cpp, line 759]
Event: 14.163 Thread 0x0000019c6de2dd10 Exception <a 'java/lang/NoSuchMethodError'{0x00000000c2b5ced0}: 'java.lang.Object java.lang.invoke.DirectMethodHandle$Holder.invokeSpecial(java.lang.Object, java.lang.Object, int, java.lang.Object, java.lang.Object)'> (0x00000000c2b5ced0) 
thrown [s\src\hotspot\share\interpreter\linkResolver.cpp, line 759]
Event: 14.163 Thread 0x0000019c6de2dd10 Exception <a 'java/lang/NoSuchMethodError'{0x00000000c2b60dd0}: 'java.lang.Object java.lang.invoke.DelegatingMethodHandle$Holder.delegate(java.lang.Object, int, java.lang.Object, java.lang.Object)'> (0x00000000c2b60dd0) 
thrown [s\src\hotspot\share\interpreter\linkResolver.cpp, line 759]
Event: 14.164 Thread 0x0000019c6de2dd10 Exception <a 'java/lang/NoSuchMethodError'{0x00000000c2b71c58}: 'int java.lang.invoke.Invokers$Holder.linkToTargetMethod(java.lang.Object, java.lang.Object, java.lang.Object)'> (0x00000000c2b71c58) 
thrown [s\src\hotspot\share\interpreter\linkResolver.cpp, line 759]
Event: 14.218 Thread 0x0000019c6de2dd10 Exception <a 'java/lang/NoSuchMethodError'{0x00000000c29da570}: 'void java.lang.invoke.DirectMethodHandle$Holder.invokeSpecial(java.lang.Object, java.lang.Object, java.lang.Object, java.lang.Object, java.lang.Object, java.lang.Object)'> (0x00000000c29da570) 
thrown [s\src\hotspot\share\interpreter\linkResolver.cpp, line 759]
Event: 14.252 Thread 0x0000019c6de2dd10 Exception <a 'java/lang/NoSuchMethodError'{0x00000000c2778850}: 'java.lang.Object java.lang.invoke.DirectMethodHandle$Holder.invokeStaticInit(java.lang.Object, int, int, int, int)'> (0x00000000c2778850) 
thrown [s\src\hotspot\share\interpreter\linkResolver.cpp, line 759]
Event: 18.255 Thread 0x0000019c6de2dd10 Exception <a 'java/lang/NoSuchMethodError'{0x00000000c2690df8}: 'java.lang.Object java.lang.invoke.DirectMethodHandle$Holder.invokeStaticInit(java.lang.Object, java.lang.Object, int, int, int, int)'> (0x00000000c2690df8) 
thrown [s\src\hotspot\share\interpreter\linkResolver.cpp, line 759]
Event: 19.233 Thread 0x0000019c6de2dd10 Exception <a 'java/lang/NoSuchMethodError'{0x00000000c9d2c4d0}: 'void java.lang.invoke.DirectMethodHandle$Holder.invokeSpecialIFC(java.lang.Object, java.lang.Object, java.lang.Object)'> (0x00000000c9d2c4d0) 
thrown [s\src\hotspot\share\interpreter\linkResolver.cpp, line 759]
Event: 24.948 Thread 0x0000019c6de2dd10 Exception <a 'java/lang/NoSuchMethodError'{0x00000000ca0da390}: 'void java.lang.invoke.DirectMethodHandle$Holder.invokeSpecial(java.lang.Object, java.lang.Object, java.lang.Object, java.lang.Object, java.lang.Object, java.lang.Object, java.lang.Object)'> (0x00000000ca0da390) 
thrown [s\src\hotspot\share\interpreter\linkResolver.cpp, line 759]
Event: 31.460 Thread 0x0000019c6de2dd10 Exception <a 'java/lang/NoSuchMethodError'{0x00000000c9da3380}: 'java.lang.Object java.lang.invoke.DirectMethodHandle$Holder.invokeInterface(java.lang.Object, java.lang.Object, int)'> (0x00000000c9da3380) 
thrown [s\src\hotspot\share\interpreter\linkResolver.cpp, line 759]
Event: 31.463 Thread 0x0000019c6de2dd10 Exception <a 'java/lang/IncompatibleClassChangeError'{0x00000000c9db60a0}: Found class java.lang.Object, but interface was expected> (0x00000000c9db60a0) 
thrown [s\src\hotspot\share\interpreter\linkResolver.cpp, line 826]
Event: 32.780 Thread 0x0000019c6de2dd10 Exception <a 'java/lang/NoSuchMethodError'{0x00000000c2fcc258}: 'java.lang.Object java.lang.invoke.DirectMethodHandle$Holder.newInvokeSpecial(java.lang.Object, java.lang.Object, int, java.lang.Object, java.lang.Object)'> (0x00000000c2fcc258) 
thrown [s\src\hotspot\share\interpreter\linkResolver.cpp, line 759]
Event: 32.781 Thread 0x0000019c6de2dd10 Exception <a 'java/lang/NoSuchMethodError'{0x00000000c2fde278}: 'java.lang.Object java.lang.invoke.DirectMethodHandle$Holder.invokeSpecial(java.lang.Object, java.lang.Object, int, java.lang.Object, int, java.lang.Object)'> (0x00000000c2fde278) 
thrown [s\src\hotspot\share\interpreter\linkResolver.cpp, line 759]
Event: 32.781 Thread 0x0000019c6de2dd10 Exception <a 'java/lang/NoSuchMethodError'{0x00000000c2fe6080}: 'java.lang.Object java.lang.invoke.DirectMethodHandle$Holder.newInvokeSpecial(java.lang.Object, java.lang.Object, int, java.lang.Object, int)'> (0x00000000c2fe6080) 
thrown [s\src\hotspot\share\interpreter\linkResolver.cpp, line 759]
Event: 32.781 Thread 0x0000019c6de2dd10 Exception <a 'java/lang/NoSuchMethodError'{0x00000000c2fea180}: 'java.lang.Object java.lang.invoke.DirectMethodHandle$Holder.invokeSpecial(java.lang.Object, java.lang.Object, java.lang.Object, int, java.lang.Object, int)'> (0x00000000c2fea180) 
thrown [s\src\hotspot\share\interpreter\linkResolver.cpp, line 759]
Event: 33.854 Thread 0x0000019c7f703560 Exception <a 'java/lang/NoSuchMethodError'{0x00000000c9ca2248}: 'java.lang.Object java.lang.invoke.DirectMethodHandle$Holder.invokeStatic(java.lang.Object, int, java.lang.Object)'> (0x00000000c9ca2248) 
thrown [s\src\hotspot\share\interpreter\linkResolver.cpp, line 759]
Event: 33.856 Thread 0x0000019c00674050 Exception <a 'java/lang/NoSuchMethodError'{0x00000000c9cea988}: 'java.lang.Object java.lang.invoke.DirectMethodHandle$Holder.invokeStatic(java.lang.Object, java.lang.Object, java.lang.Object, int, java.lang.Object, java.lang.Object)'> (0x00000000c9cea988) 
thrown [s\src\hotspot\share\interpreter\linkResolver.cpp, line 759]
Event: 72.844 Thread 0x0000019c006bc4f0 Exception <a 'java/lang/NoSuchMethodError'{0x00000000c2c64d40}: 'void java.lang.invoke.DirectMethodHandle$Holder.invokeStatic(java.lang.Object, long)'> (0x00000000c2c64d40) 
thrown [s\src\hotspot\share\interpreter\linkResolver.cpp, line 759]
Event: 72.845 Thread 0x0000019c006bc4f0 Exception <a 'java/lang/NoSuchMethodError'{0x00000000c2c6a0e8}: 'java.lang.Object java.lang.invoke.DirectMethodHandle$Holder.newInvokeSpecial(java.lang.Object, long)'> (0x00000000c2c6a0e8) 
thrown [s\src\hotspot\share\interpreter\linkResolver.cpp, line 759]

VM Operations (20 events):
Event: 3579.361 Executing VM operation: G1CollectFull done
Event: 3590.135 Executing VM operation: G1CollectFull
Event: 3590.167 Executing VM operation: G1CollectFull done
Event: 3601.981 Executing VM operation: G1CollectFull
Event: 3602.005 Executing VM operation: G1CollectFull done
Event: 3612.702 Executing VM operation: G1CollectFull
Event: 3612.723 Executing VM operation: G1CollectFull done
Event: 3623.255 Executing VM operation: G1CollectFull
Event: 3623.278 Executing VM operation: G1CollectFull done
Event: 3633.481 Executing VM operation: G1CollectFull
Event: 3633.506 Executing VM operation: G1CollectFull done
Event: 3643.965 Executing VM operation: G1CollectFull
Event: 3643.988 Executing VM operation: G1CollectFull done
Event: 3654.425 Executing VM operation: G1CollectFull
Event: 3654.450 Executing VM operation: G1CollectFull done
Event: 3664.850 Executing VM operation: G1CollectFull
Event: 3664.873 Executing VM operation: G1CollectFull done
Event: 3675.316 Executing VM operation: G1CollectFull
Event: 3675.339 Executing VM operation: G1CollectFull done
Event: 3685.428 Executing VM operation: G1CollectFull

Events (20 events):
Event: 33.904 loading class java/util/concurrent/ForkJoinPool$DefaultCommonPoolForkJoinWorkerThreadFactory$1
Event: 33.904 loading class java/util/concurrent/ForkJoinPool$DefaultCommonPoolForkJoinWorkerThreadFactory$1 done
Event: 33.904 Thread 0x0000019c7f7b3080 Thread added: 0x0000019c7f7b3080
Event: 33.906 loading class java/util/concurrent/CompletableFuture$UniRelay
Event: 33.906 loading class java/util/concurrent/CompletableFuture$UniRelay done
Event: 72.819 loading class java/lang/ProcessBuilder
Event: 72.819 loading class java/lang/ProcessBuilder done
Event: 72.819 loading class java/lang/ProcessImpl
Event: 72.820 loading class java/lang/ProcessImpl done
Event: 72.845 loading class java/lang/ProcessImpl$2
Event: 72.845 loading class java/lang/ProcessImpl$2 done
Event: 72.845 loading class java/lang/Process$PipeInputStream
Event: 72.845 loading class java/lang/Process$PipeInputStream done
Event: 72.846 loading class jdk/internal/event/ProcessStartEvent
Event: 72.846 loading class jdk/internal/event/ProcessStartEvent done
Event: 74.577 loading class java/io/FileOutputStream$1
Event: 74.577 loading class java/io/FileOutputStream$1 done
Event: 93.921 Thread 0x0000019c7f7b3080 Thread exited: 0x0000019c7f7b3080
Event: 95.301 Thread 0x0000019c7f7b2210 Thread exited: 0x0000019c7f7b2210
Event: 95.301 Thread 0x0000019c7f7b2bb0 Thread exited: 0x0000019c7f7b2bb0


Dynamic libraries:
0x00007ff6a1ee0000 - 0x00007ff6a1eee000 	c:\Users\HP\.vscode\extensions\redhat.java-1.20.0-win32-x64\jre\17.0.7-win32-x86_64\bin\java.exe
0x00007ffe19550000 - 0x00007ffe19748000 	C:\WINDOWS\SYSTEM32\ntdll.dll
0x00007ffe18750000 - 0x00007ffe1880f000 	C:\WINDOWS\System32\KERNEL32.DLL
0x00007ffe16cd0000 - 0x00007ffe16fc6000 	C:\WINDOWS\System32\KERNELBASE.dll
0x00007ffe16fd0000 - 0x00007ffe170d0000 	C:\WINDOWS\System32\ucrtbase.dll
0x00007ffddb120000 - 0x00007ffddb139000 	c:\Users\HP\.vscode\extensions\redhat.java-1.20.0-win32-x64\jre\17.0.7-win32-x86_64\bin\VCRUNTIME140.dll
0x00007ffddeb20000 - 0x00007ffddeb37000 	c:\Users\HP\.vscode\extensions\redhat.java-1.20.0-win32-x64\jre\17.0.7-win32-x86_64\bin\jli.dll
0x00007ffe19210000 - 0x00007ffe193ad000 	C:\WINDOWS\System32\USER32.dll
0x00007ffe17580000 - 0x00007ffe175a2000 	C:\WINDOWS\System32\win32u.dll
0x00007ffdf5310000 - 0x00007ffdf55aa000 	C:\WINDOWS\WinSxS\amd64_microsoft.windows.common-controls_6595b64144ccf1df_6.0.19041.1110_none_60b5254171f9507e\COMCTL32.dll
0x00007ffe18630000 - 0x00007ffe1865c000 	C:\WINDOWS\System32\GDI32.dll
0x00007ffe193b0000 - 0x00007ffe1944e000 	C:\WINDOWS\System32\msvcrt.dll
0x00007ffe17430000 - 0x00007ffe17545000 	C:\WINDOWS\System32\gdi32full.dll
0x00007ffe16c30000 - 0x00007ffe16ccd000 	C:\WINDOWS\System32\msvcp_win.dll
0x00007ffe184e0000 - 0x00007ffe18510000 	C:\WINDOWS\System32\IMM32.DLL
0x00007ffe01810000 - 0x00007ffe0181c000 	c:\Users\HP\.vscode\extensions\redhat.java-1.20.0-win32-x64\jre\17.0.7-win32-x86_64\bin\vcruntime140_1.dll
0x00007ffdd0330000 - 0x00007ffdd03c1000 	c:\Users\HP\.vscode\extensions\redhat.java-1.20.0-win32-x64\jre\17.0.7-win32-x86_64\bin\msvcp140.dll
0x00007ffdacbb0000 - 0x00007ffdad7f8000 	c:\Users\HP\.vscode\extensions\redhat.java-1.20.0-win32-x64\jre\17.0.7-win32-x86_64\bin\server\jvm.dll
0x00007ffe190c0000 - 0x00007ffe1916f000 	C:\WINDOWS\System32\ADVAPI32.dll
0x00007ffe18e90000 - 0x00007ffe18f2c000 	C:\WINDOWS\System32\sechost.dll
0x00007ffe18810000 - 0x00007ffe18936000 	C:\WINDOWS\System32\RPCRT4.dll
0x00007ffdfad50000 - 0x00007ffdfad59000 	C:\WINDOWS\SYSTEM32\WSOCK32.dll
0x00007ffe186e0000 - 0x00007ffe1874b000 	C:\WINDOWS\System32\WS2_32.dll
0x00007ffdfac30000 - 0x00007ffdfac57000 	C:\WINDOWS\SYSTEM32\WINMM.dll
0x00007ffe11930000 - 0x00007ffe1193a000 	C:\WINDOWS\SYSTEM32\VERSION.dll
0x00007ffe15420000 - 0x00007ffe15432000 	C:\WINDOWS\SYSTEM32\kernel.appcore.dll
0x00007ffdfb8a0000 - 0x00007ffdfb8aa000 	c:\Users\HP\.vscode\extensions\redhat.java-1.20.0-win32-x64\jre\17.0.7-win32-x86_64\bin\jimage.dll
0x00007ffe14920000 - 0x00007ffe14b04000 	C:\WINDOWS\SYSTEM32\DBGHELP.DLL
0x00007ffdfae90000 - 0x00007ffdfaec4000 	C:\WINDOWS\SYSTEM32\dbgcore.DLL
0x00007ffe17280000 - 0x00007ffe17302000 	C:\WINDOWS\System32\bcryptPrimitives.dll
0x00007ffdd9450000 - 0x00007ffdd9475000 	c:\Users\HP\.vscode\extensions\redhat.java-1.20.0-win32-x64\jre\17.0.7-win32-x86_64\bin\java.dll
0x00007ffdd2110000 - 0x00007ffdd2128000 	c:\Users\HP\.vscode\extensions\redhat.java-1.20.0-win32-x64\jre\17.0.7-win32-x86_64\bin\zip.dll
0x00007ffe17b70000 - 0x00007ffe182b4000 	C:\WINDOWS\System32\SHELL32.dll
0x00007ffe14b10000 - 0x00007ffe152a3000 	C:\WINDOWS\SYSTEM32\windows.storage.dll
0x00007ffe18940000 - 0x00007ffe18c94000 	C:\WINDOWS\System32\combase.dll
0x00007ffe164c0000 - 0x00007ffe164ee000 	C:\WINDOWS\SYSTEM32\Wldp.dll
0x00007ffe19450000 - 0x00007ffe194fd000 	C:\WINDOWS\System32\SHCORE.dll
0x00007ffe18510000 - 0x00007ffe18565000 	C:\WINDOWS\System32\shlwapi.dll
0x00007ffe16b70000 - 0x00007ffe16b8f000 	C:\WINDOWS\SYSTEM32\profapi.dll
0x00007ffdcfe20000 - 0x00007ffdcfe39000 	C:\Users\HP\.vscode\extensions\redhat.java-1.20.0-win32-x64\jre\17.0.7-win32-x86_64\bin\net.dll
0x00007ffe10470000 - 0x00007ffe1057a000 	C:\WINDOWS\SYSTEM32\WINHTTP.dll
0x00007ffe162a0000 - 0x00007ffe1630a000 	C:\WINDOWS\system32\mswsock.dll
0x00007ffdcfcf0000 - 0x00007ffdcfd05000 	C:\Users\HP\.vscode\extensions\redhat.java-1.20.0-win32-x64\jre\17.0.7-win32-x86_64\bin\nio.dll
0x00007ffe16570000 - 0x00007ffe16588000 	C:\WINDOWS\SYSTEM32\CRYPTSP.dll
0x00007ffe15be0000 - 0x00007ffe15c14000 	C:\WINDOWS\system32\rsaenh.dll
0x00007ffe17550000 - 0x00007ffe17577000 	C:\WINDOWS\System32\bcrypt.dll
0x00007ffe16af0000 - 0x00007ffe16b1e000 	C:\WINDOWS\SYSTEM32\USERENV.dll
0x00007ffe16430000 - 0x00007ffe1643c000 	C:\WINDOWS\SYSTEM32\CRYPTBASE.dll
0x00007ffe15fb0000 - 0x00007ffe15fec000 	C:\WINDOWS\SYSTEM32\IPHLPAPI.DLL
0x00007ffe19200000 - 0x00007ffe19208000 	C:\WINDOWS\System32\NSI.dll
0x00007ffe0e870000 - 0x00007ffe0e887000 	C:\WINDOWS\SYSTEM32\dhcpcsvc6.DLL
0x00007ffe0e7c0000 - 0x00007ffe0e7dd000 	C:\WINDOWS\SYSTEM32\dhcpcsvc.DLL
0x00007ffe16040000 - 0x00007ffe1610a000 	C:\WINDOWS\SYSTEM32\DNSAPI.dll
0x00007ffe12d20000 - 0x00007ffe12d29000 	C:\Users\HP\.vscode\extensions\redhat.java-1.20.0-win32-x64\jre\17.0.7-win32-x86_64\bin\management.dll
0x00007ffe12240000 - 0x00007ffe1224b000 	C:\Users\HP\.vscode\extensions\redhat.java-1.20.0-win32-x64\jre\17.0.7-win32-x86_64\bin\management_ext.dll
0x00007ffe19500000 - 0x00007ffe19508000 	C:\WINDOWS\System32\PSAPI.DLL

dbghelp: loaded successfully - version: 4.0.5 - missing functions: none
symbol engine: initialized successfully - sym options: 0x614 - pdb path: .;c:\Users\HP\.vscode\extensions\redhat.java-1.20.0-win32-x64\jre\17.0.7-win32-x86_64\bin;C:\WINDOWS\SYSTEM32;C:\WINDOWS\WinSxS\amd64_microsoft.windows.common-controls_6595b64144ccf1df_6.0.19041.1110_none_60b5254171f9507e;c:\Users\HP\.vscode\extensions\redhat.java-1.20.0-win32-x64\jre\17.0.7-win32-x86_64\bin\server

VM Arguments:
jvm_args: -XX:+HeapDumpOnOutOfMemoryError -Xmx1024m -Dsts.lsp.client=vscode -Dsts.log.file=/dev/null -XX:TieredStopAtLevel=1 -Xlog:jni+resolve=off -Dspring.config.location=file:c:\Users\HP\.vscode\extensions\vmware.vscode-spring-boot-1.47.0\language-server\BOOT-INF\classes\application.properties 
java_command: org.springframework.ide.vscode.boot.app.BootLanguageServerBootApp
java_class_path (initial): c:\Users\HP\.vscode\extensions\vmware.vscode-spring-boot-1.47.0\language-server\BOOT-INF\classes;c:\Users\HP\.vscode\extensions\vmware.vscode-spring-boot-1.47.0\language-server\BOOT-INF\lib\annotations-24.0.1.jar;c:\Users\HP\.vscode\extensions\vmware.vscode-spring-boot-1.47.0\language-server\BOOT-INF\lib\antlr-runtime-3.5.3.jar;c:\Users\HP\.vscode\extensions\vmware.vscode-spring-boot-1.47.0\language-server\BOOT-INF\lib\antlr4-4.11.1.jar;c:\Users\HP\.vscode\extensions\vmware.vscode-spring-boot-1.47.0\language-server\BOOT-INF\lib\antlr4-runtime-4.11.1.jar;c:\Users\HP\.vscode\extensions\vmware.vscode-spring-boot-1.47.0\language-server\BOOT-INF\lib\aopalliance-1.0.jar;c:\Users\HP\.vscode\extensions\vmware.vscode-spring-boot-1.47.0\language-server\BOOT-INF\lib\asm-9.5.jar;c:\Users\HP\.vscode\extensions\vmware.vscode-spring-boot-1.47.0\language-server\BOOT-INF\lib\asm-analysis-9.5.jar;c:\Users\HP\.vscode\extensions\vmware.vscode-spring-boot-1.47.0\language-server\BOOT-INF\lib\asm-tree-9.5.jar;c:\Users\HP\.vscode\extensions\vmware.vscode-spring-boot-1.47.0\language-server\BOOT-INF\lib\asm-util-9.5.jar;c:\Users\HP\.vscode\extensions\vmware.vscode-spring-boot-1.47.0\language-server\BOOT-INF\lib\auto-common-1.2.1.jar;c:\Users\HP\.vscode\extensions\vmware.vscode-spring-boot-1.47.0\language-server\BOOT-INF\lib\auto-value-annotations-1.9.jar;c:\Users\HP\.vscode\extensions\vmware.vscode-spring-boot-1.47.0\language-server\BOOT-INF\lib\caffeine-3.1.2.jar;c:\Users\HP\.vscode\extensions\vmware.vscode-spring-boot-1.47.0\language-server\BOOT-INF\lib\checker-qual-3.12.0.jar;c:\Users\HP\.vscode\extensions\vmware.vscode-spring-boot-1.47.0\language-server\BOOT-INF\lib\classgraph-4.8.149.jar;c:\Users\HP\.vscode\extensions\vmware.vscode-spring-boot-1.47.0\language-server\BOOT-INF\lib\commons-codec-1.15.jar;c:\Users\HP\.vscode\extensions\vmware.vscode-spring-boot-1.47.0\language-server\BOOT-INF\lib\commons-compress-1.23.0.jar;c:\Users\HP\.vscode\extensions\vmware.
Launcher Type: SUN_STANDARD

[Global flags]
     intx CICompilerCount                          = 3                                         {product} {ergonomic}
     uint ConcGCThreads                            = 1                                         {product} {ergonomic}
     uint G1ConcRefinementThreads                  = 4                                         {product} {ergonomic}
   size_t G1HeapRegionSize                         = 1048576                                   {product} {ergonomic}
    uintx GCDrainStackTargetSize                   = 64                                        {product} {ergonomic}
     bool HeapDumpOnOutOfMemoryError               = true                                   {manageable} {command line}
   size_t InitialHeapSize                          = 201326592                                 {product} {ergonomic}
   size_t MarkStackSize                            = 4194304                                   {product} {ergonomic}
   size_t MaxHeapSize                              = 1073741824                                {product} {command line}
   size_t MaxNewSize                               = 643825664                                 {product} {ergonomic}
   size_t MinHeapDeltaBytes                        = 1048576                                   {product} {ergonomic}
   size_t MinHeapSize                              = 8388608                                   {product} {ergonomic}
    uintx NonProfiledCodeHeapSize                  = 0                                      {pd product} {ergonomic}
     bool ProfileInterpreter                       = false                                  {pd product} {command line}
    uintx ProfiledCodeHeapSize                     = 0                                      {pd product} {ergonomic}
   size_t SoftMaxHeapSize                          = 1073741824                             {manageable} {ergonomic}
     intx TieredStopAtLevel                        = 1                                         {product} {command line}
     bool UseCompressedClassPointers               = true                           {product lp64_product} {ergonomic}
     bool UseCompressedOops                        = true                           {product lp64_product} {ergonomic}
     bool UseG1GC                                  = true                                      {product} {ergonomic}
     bool UseLargePagesIndividualAllocation        = false                                  {pd product} {ergonomic}

Logging:
Log output configuration:
 #0: stdout all=warning,jni+resolve=off uptime,level,tags
 #1: stderr all=off uptime,level,tags

Environment Variables:
JAVA_HOME=C:\Program Files\Java\jdk-11.0.9
PATH=C:\Program Files\Python310\Scripts\;C:\Program Files\Python310\;C:\Program Files (x86)\Common Files\Intel\Shared Libraries\redist\intel64\compiler;C:\WINDOWS\system32;C:\WINDOWS;C:\WINDOWS\System32\Wbem;C:\WINDOWS\System32\WindowsPowerShell\v1.0\;C:\WINDOWS\System32\OpenSSH\;C:\wamp64\www\scriptcase\components\php;C:\wamp64\bin\php\php7.4.26;C:\wamp64\bin\php\php7.3.25;C:\wamp64\bin\php\php7.1.29;C:\Program Files\nodejs;C:\Program Files\PuTTY\;C:\ProgramData\ComposerSetup\bin;C:\Program Files\Git\cmd;C:\Program Files (x86)\Yarn\bin\;C:\Program Files\Java\jdk-11.0.9\bin;C:\Users\HP\AppData\Local\Programs\Python\Python37;C:\Users\HP\AppData\Local\Programs\Python\Python37\Scripts;C:\Users\HP\AppData\Local\Android\flutter\bin;C:\Users\HP\AppData\Roaming\Composer\vendor\laravel\installer\bin;C:\Program Files (x86)\Bitvise SSH Client;C:\wamp64\www\apache-maven-3.8.4\bin;C:\Program Files\NetMake\v9-php73\components\php;C:\Program Files\Docker\Docker\resources\bin;C:\Program Files\nodejs\;C:\Program Files\CMake\bin;C:\Program Files\Java\jdk-11.0.19\bin;C:\Users\HP\AppData\Local\Programs\Python\Python310\Scripts\;C:\Users\HP\AppData\Local\Programs\Python\Python310\;C:\Users\HP\AppData\Local\Microsoft\WindowsApps;C:\Users\HP\AppData\Roaming\Composer\vendor\bin;C:\Users\HP\AppData\Local\Yarn\bin;C:\Program Files\heroku\bin;C:\Users\HP\AppData\Local\Programs\Microsoft VS Code\bin;C:\Users\HP\AppData\Local\GitHubDesktop\bin;C:\Users\HP\AppData\Roaming\npm;
USERNAME=HP
OS=Windows_NT
PROCESSOR_IDENTIFIER=Intel64 Family 6 Model 142 Stepping 10, GenuineIntel
TMP=C:\Users\HP\AppData\Local\Temp
TEMP=C:\Users\HP\AppData\Local\Temp



---------------  S Y S T E M  ---------------

OS:
 Windows 10 , 64 bit Build 19041 (10.0.19041.3031)
OS uptime: 7 days 5:07 hours
Hyper-V role detected

CPU: total 4 (initial active 4) (2 cores per cpu, 2 threads per core) family 6 model 142 stepping 10 microcode 0xca, cx8, cmov, fxsr, ht, mmx, 3dnowpref, sse, sse2, sse3, ssse3, sse4.1, sse4.2, popcnt, lzcnt, tsc, tscinvbit, avx, avx2, aes, erms, clmul, bmi1, bmi2, adx, fma, vzeroupper, clflush, clflushopt, hv

Memory: 4k page, system-wide physical 12199M (4031M free)
TotalPageFile size 14247M (AvailPageFile size 7M)
current process WorkingSet (physical memory assigned to process): 146M, peak: 146M
current process commit charge ("private bytes"): 176M, peak: 291M

vm_info: OpenJDK 64-Bit Server VM (17.0.7+7) for windows-amd64 JRE (17.0.7+7), built on Apr 18 2023 22:10:42 by "temurin" with MS VC++ 16.7 (VS2019)

END.
