#
# There is insufficient memory for the Java Runtime Environment to continue.
# Native memory allocation (malloc) failed to allocate 1578096 bytes for Chunk::new
# Possible reasons:
#   The system is out of physical RAM or swap space
#   The process is running with CompressedOops enabled, and the Java Heap may be blocking the growth of the native heap
# Possible solutions:
#   Reduce memory load on the system
#   Increase physical memory or swap space
#   Check if swap backing store is full
#   Decrease Java heap size (-Xmx/-Xms)
#   Decrease number of Java threads
#   Decrease Java thread stack sizes (-Xss)
#   Set larger code cache with -XX:ReservedCodeCacheSize=
#   JVM is running with Unscaled Compressed Oops mode in which the Java heap is
#     placed in the first 4GB address space. The Java Heap base address is the
#     maximum limit for the native heap growth. Please use -XX:HeapBaseMinAddress
#     to set the Java Heap base and to place the Java Heap above 4GB virtual address.
# This output file may be truncated or incomplete.
#
#  Out of Memory Error (arena.cpp:189), pid=10804, tid=7388
#
# JRE version: OpenJDK Runtime Environment Temurin-17.0.7+7 (17.0.7+7) (build 17.0.7+7)
# Java VM: OpenJDK 64-Bit Server VM Temurin-17.0.7+7 (17.0.7+7, mixed mode, tiered, compressed oops, compressed class ptrs, parallel gc, windows-amd64)
# No core dump will be written. Minidumps are not enabled by default on client versions of Windows
#

---------------  S U M M A R Y ------------

Command Line: --add-modules=ALL-SYSTEM --add-opens=java.base/java.util=ALL-UNNAMED --add-opens=java.base/java.lang=ALL-UNNAMED --add-opens=java.base/sun.nio.fs=ALL-UNNAMED -Declipse.application=org.eclipse.jdt.ls.core.id1 -Dosgi.bundles.defaultStartLevel=4 -Declipse.product=org.eclipse.jdt.ls.core.product -Djava.import.generatesMetadataFilesAtProjectRoot=false -Dfile.encoding=utf8 -XX:+UseParallelGC -XX:GCTimeRatio=4 -XX:AdaptiveSizePolicyWeight=90 -Dsun.zip.disableMemoryMapping=true -Xmx1G -Xms100m -Xlog:disable -javaagent:c:\Users\HP\.vscode\extensions\redhat.java-1.20.0-win32-x64\lombok\lombok-1.18.28.jar -XX:+HeapDumpOnOutOfMemoryError -XX:HeapDumpPath=c:\Users\HP\AppData\Roaming\Code\User\workspaceStorage\5541fb1794e4195495f0c57edcbd7686\redhat.java -Daether.dependencyCollector.impl=bf c:\Users\HP\.vscode\extensions\redhat.java-1.20.0-win32-x64\server\plugins\org.eclipse.equinox.launcher_1.6.500.v20230622-2056.jar -configuration c:\Users\HP\AppData\Roaming\Code\User\globalStorage\redhat.java\1.20.0\config_win -data c:\Users\HP\AppData\Roaming\Code\User\workspaceStorage\5541fb1794e4195495f0c57edcbd7686\redhat.java\jdt_ws

Host: Intel(R) Core(TM) i3-8130U CPU @ 2.20GHz, 4 cores, 11G,  Windows 10 , 64 bit Build 19041 (10.0.19041.3155)
Time: Tue Jul 18 14:39:06 2023 Afr. centrale Ouest elapsed time: 8519.966998 seconds (0d 2h 21m 59s)

---------------  T H R E A D  ---------------

Current thread (0x00000198a8770900):  JavaThread "C2 CompilerThread1" daemon [_thread_in_native, id=7388, stack(0x0000008435e00000,0x0000008435f00000)]


Current CompileTask:
C2:8519967 31024       4       org.eclipse.jdt.internal.compiler.ClassFile::traverse (7180 bytes)

Stack: [0x0000008435e00000,0x0000008435f00000]
Native frames: (J=compiled Java code, j=interpreted, Vv=VM code, C=native code)
V  [jvm.dll+0x67754a]
V  [jvm.dll+0x834304]
V  [jvm.dll+0x835aae]
V  [jvm.dll+0x836113]
V  [jvm.dll+0x24696f]
V  [jvm.dll+0xac0ac]
V  [jvm.dll+0xac67c]
V  [jvm.dll+0x364de2]
V  [jvm.dll+0x32f6b1]
V  [jvm.dll+0x32eb5a]
V  [jvm.dll+0x219641]
V  [jvm.dll+0x218a61]
V  [jvm.dll+0x1a4d8d]
V  [jvm.dll+0x2284da]
V  [jvm.dll+0x226615]
V  [jvm.dll+0x7ea90b]
V  [jvm.dll+0x7e4e7a]
V  [jvm.dll+0x676395]
C  [ucrtbase.dll+0x21bb2]
C  [KERNEL32.DLL+0x17614]
C  [ntdll.dll+0x526b1]


---------------  P R O C E S S  ---------------

Threads class SMR info:
_java_thread_list=0x00000198a9c8a9a0, length=39, elements={
0x0000019881c4e7a0, 0x00000198979be530, 0x00000198979d4770, 0x00000198979fc560,
0x00000198979fd2e0, 0x00000198979fe800, 0x0000019897a02020, 0x0000019897a06ec0,
0x0000019897a07f60, 0x0000019897a093f0, 0x000001989cc80f60, 0x000001989ce2d400,
0x000001989d149ea0, 0x000001989d98a5a0, 0x000001989dc91420, 0x000001989d856e10,
0x000001989dd37180, 0x000001989d0113a0, 0x000001989d0126e0, 0x000001989d010530,
0x000001989d012bb0, 0x000001989d010a00, 0x00000198a8358f20, 0x00000198a86351a0,
0x00000198a862ffd0, 0x00000198a8630970, 0x00000198a8634330, 0x00000198a8631310,
0x00000198a86317e0, 0x00000198a8631cb0, 0x00000198a8635b40, 0x00000198a86334c0,
0x00000198a8632180, 0x00000198a8632ff0, 0x00000198a8352ee0, 0x00000198a8357710,
0x00000198a8352a10, 0x00000198a8357240, 0x00000198a8770900
}

Java Threads: ( => current thread )
  0x0000019881c4e7a0 JavaThread "main" [_thread_blocked, id=14972, stack(0x0000008433800000,0x0000008433900000)]
  0x00000198979be530 JavaThread "Reference Handler" daemon [_thread_blocked, id=8956, stack(0x0000008433b00000,0x0000008433c00000)]
  0x00000198979d4770 JavaThread "Finalizer" daemon [_thread_blocked, id=12792, stack(0x0000008433c00000,0x0000008433d00000)]
  0x00000198979fc560 JavaThread "Signal Dispatcher" daemon [_thread_blocked, id=7352, stack(0x0000008433d00000,0x0000008433e00000)]
  0x00000198979fd2e0 JavaThread "Attach Listener" daemon [_thread_blocked, id=15528, stack(0x0000008433e00000,0x0000008433f00000)]
  0x00000198979fe800 JavaThread "Service Thread" daemon [_thread_blocked, id=11080, stack(0x0000008433f00000,0x0000008434000000)]
  0x0000019897a02020 JavaThread "Monitor Deflation Thread" daemon [_thread_blocked, id=13836, stack(0x0000008434000000,0x0000008434100000)]
  0x0000019897a06ec0 JavaThread "C2 CompilerThread0" daemon [_thread_blocked, id=11632, stack(0x0000008434100000,0x0000008434200000)]
  0x0000019897a07f60 JavaThread "C1 CompilerThread0" daemon [_thread_blocked, id=13720, stack(0x0000008434200000,0x0000008434300000)]
  0x0000019897a093f0 JavaThread "Sweeper thread" daemon [_thread_blocked, id=10108, stack(0x0000008434300000,0x0000008434400000)]
  0x000001989cc80f60 JavaThread "Common-Cleaner" daemon [_thread_blocked, id=13200, stack(0x0000008434400000,0x0000008434500000)]
  0x000001989ce2d400 JavaThread "Notification Thread" daemon [_thread_blocked, id=16292, stack(0x0000008434500000,0x0000008434600000)]
  0x000001989d149ea0 JavaThread "Active Thread: Equinox Container: 26bf1dd5-c0cf-424d-8a72-9351e0899113" [_thread_blocked, id=6012, stack(0x0000008434b00000,0x0000008434c00000)]
  0x000001989d98a5a0 JavaThread "Framework Event Dispatcher: Equinox Container: 26bf1dd5-c0cf-424d-8a72-9351e0899113" daemon [_thread_blocked, id=15248, stack(0x0000008434c00000,0x0000008434d00000)]
  0x000001989dc91420 JavaThread "Start Level: Equinox Container: 26bf1dd5-c0cf-424d-8a72-9351e0899113" daemon [_thread_blocked, id=15616, stack(0x0000008434d00000,0x0000008434e00000)]
  0x000001989d856e10 JavaThread "SCR Component Actor" daemon [_thread_blocked, id=9404, stack(0x0000008434e00000,0x0000008434f00000)]
  0x000001989dd37180 JavaThread "Worker-JM" [_thread_blocked, id=8804, stack(0x0000008434a00000,0x0000008434b00000)]
  0x000001989d0113a0 JavaThread "Java indexing" daemon [_thread_blocked, id=15456, stack(0x0000008435400000,0x0000008435500000)]
  0x000001989d0126e0 JavaThread "JNA Cleaner" daemon [_thread_blocked, id=1572, stack(0x0000008435600000,0x0000008435700000)]
  0x000001989d010530 JavaThread "pool-2-thread-1" [_thread_blocked, id=11968, stack(0x0000008435900000,0x0000008435a00000)]
  0x000001989d012bb0 JavaThread "WorkspaceEventsHandler" [_thread_blocked, id=15872, stack(0x0000008435a00000,0x0000008435b00000)]
  0x000001989d010a00 JavaThread "pool-1-thread-1" [_thread_in_native, id=15556, stack(0x0000008435b00000,0x0000008435c00000)]
  0x00000198a8358f20 JavaThread "Bundle File Closer" daemon [_thread_blocked, id=2172, stack(0x0000008433500000,0x0000008433600000)]
  0x00000198a86351a0 JavaThread "Worker-16" [_thread_blocked, id=8820, stack(0x0000008435100000,0x0000008435200000)]
  0x00000198a862ffd0 JavaThread "ForkJoinPool.commonPool-worker-41" daemon [_thread_blocked, id=2996, stack(0x0000008433600000,0x0000008433700000)]
  0x00000198a8630970 JavaThread "ForkJoinPool.commonPool-worker-42" daemon [_thread_blocked, id=17284, stack(0x0000008433700000,0x0000008433800000)]
  0x00000198a8634330 JavaThread "ForkJoinPool.commonPool-worker-44" daemon [_thread_blocked, id=14736, stack(0x0000008435200000,0x0000008435300000)]
  0x00000198a8631310 JavaThread "ForkJoinPool.commonPool-worker-45" daemon [_thread_blocked, id=9488, stack(0x0000008435300000,0x0000008435400000)]
  0x00000198a86317e0 JavaThread "ForkJoinPool.commonPool-worker-46" daemon [_thread_blocked, id=12964, stack(0x0000008435500000,0x0000008435600000)]
  0x00000198a8631cb0 JavaThread "ForkJoinPool.commonPool-worker-47" daemon [_thread_blocked, id=15048, stack(0x0000008435700000,0x0000008435800000)]
  0x00000198a8635b40 JavaThread "ForkJoinPool.commonPool-worker-48" daemon [_thread_blocked, id=12880, stack(0x0000008435800000,0x0000008435900000)]
  0x00000198a86334c0 JavaThread "ForkJoinPool.commonPool-worker-49" daemon [_thread_blocked, id=16700, stack(0x0000008435c00000,0x0000008435d00000)]
  0x00000198a8632180 JavaThread "ForkJoinPool.commonPool-worker-51" daemon [_thread_blocked, id=13476, stack(0x0000008436000000,0x0000008436100000)]
  0x00000198a8632ff0 JavaThread "Worker-19" [_thread_blocked, id=15856, stack(0x0000008435000000,0x0000008435100000)]
  0x00000198a8352ee0 JavaThread "Worker-22: Send Classpath Notifications" [_thread_blocked, id=4140, stack(0x0000008434f00000,0x0000008435000000)]
  0x00000198a8357710 JavaThread "Worker-23" [_thread_blocked, id=14032, stack(0x0000008435f00000,0x0000008436000000)]
  0x00000198a8352a10 JavaThread "Worker-24: Publish Diagnostics" [_thread_blocked, id=17816, stack(0x0000008436100000,0x0000008436200000)]
  0x00000198a8357240 JavaThread "Compiler Processing Task" daemon [_thread_in_native, id=17060, stack(0x0000008435d00000,0x0000008435e00000)]
=>0x00000198a8770900 JavaThread "C2 CompilerThread1" daemon [_thread_in_native, id=7388, stack(0x0000008435e00000,0x0000008435f00000)]

Other Threads:
  0x00000198979bb230 VMThread "VM Thread" [stack: 0x0000008433a00000,0x0000008433b00000] [id=15292]
  0x000001989ce2d8d0 WatcherThread [stack: 0x0000008434600000,0x0000008434700000] [id=16084]
  0x0000019881c603a0 GCTaskThread "GC Thread#0" [stack: 0x0000008433900000,0x0000008433a00000] [id=15328]
  0x000001989d17fa60 GCTaskThread "GC Thread#1" [stack: 0x0000008434700000,0x0000008434800000] [id=14228]
  0x000001989d2b5da0 GCTaskThread "GC Thread#2" [stack: 0x0000008434800000,0x0000008434900000] [id=16364]
  0x000001989cf828f0 GCTaskThread "GC Thread#3" [stack: 0x0000008434900000,0x0000008434a00000] [id=2004]

Threads with active compile tasks:
C2 CompilerThread1  8520451 31024       4       org.eclipse.jdt.internal.compiler.ClassFile::traverse (7180 bytes)

VM state: at safepoint (normal execution)

VM Mutex/Monitor currently owned by a thread:  ([mutex/lock_event])
[0x0000019881c4a0e0] Threads_lock - owner thread: 0x00000198979bb230
[0x0000019881c4bac0] Heap_lock - owner thread: 0x00000198a8352a10

Heap address: 0x00000000c0000000, size: 1024 MB, Compressed Oops mode: 32-bit

CDS archive(s) not mapped
Compressed class space mapped at: 0x0000000100000000-0x0000000140000000, reserved size: 1073741824
Narrow klass base: 0x0000000000000000, Narrow klass shift: 3, Narrow klass range: 0x140000000

GC Precious Log:
 CPUs: 4 total, 4 available
 Memory: 12199M
 Large Page Support: Disabled
 NUMA Support: Disabled
 Compressed Oops: Enabled (32-bit)
 Alignments: Space 512K, Generation 512K, Heap 2M
 Heap Min Capacity: 100M
 Heap Initial Capacity: 100M
 Heap Max Capacity: 1G
 Pre-touch: Disabled
 Parallel Workers: 4

Heap:
 PSYoungGen      total 9728K, used 9728K [0x00000000eab00000, 0x00000000eb800000, 0x0000000100000000)
  eden space 9216K, 100% used [0x00000000eab00000,0x00000000eb400000,0x00000000eb400000)
  from space 512K, 100% used [0x00000000eb700000,0x00000000eb780000,0x00000000eb780000)
  to   space 2048K, 25% used [0x00000000eb400000,0x00000000eb480000,0x00000000eb600000)
 ParOldGen       total 207872K, used 178757K [0x00000000c0000000, 0x00000000ccb00000, 0x00000000eab00000)
  object space 207872K, 85% used [0x00000000c0000000,0x00000000cae93630,0x00000000ccb00000)
 Metaspace       used 87647K, committed 88896K, reserved 1179648K
  class space    used 8526K, committed 9088K, reserved 1048576K

Card table byte_map: [0x00000198952d0000,0x00000198954e0000] _byte_map_base: 0x0000019894cd0000

Marking Bits: (ParMarkBitMap*) 0x00007ffdfd4952c0
 Begin Bits: [0x0000019895640000, 0x0000019896640000)
 End Bits:   [0x0000019896640000, 0x0000019897640000)

Polling page: 0x0000019881d20000

Metaspace:

Usage:
  Non-class:     77.27 MB used.
      Class:      8.33 MB used.
       Both:     85.59 MB used.

Virtual space:
  Non-class space:      128.00 MB reserved,      77.94 MB ( 61%) committed,  2 nodes.
      Class space:        1.00 GB reserved,       8.88 MB ( <1%) committed,  1 nodes.
             Both:        1.12 GB reserved,      86.81 MB (  8%) committed. 

Chunk freelists:
   Non-Class:  1.30 MB
       Class:  7.05 MB
        Both:  8.34 MB

MaxMetaspaceSize: unlimited
CompressedClassSpaceSize: 1.00 GB
Initial GC threshold: 21.00 MB
Current GC threshold: 144.62 MB
CDS: off
MetaspaceReclaimPolicy: balanced
 - commit_granule_bytes: 65536.
 - commit_granule_words: 8192.
 - virtual_space_node_default_size: 8388608.
 - enlarge_chunks_in_place: 1.
 - new_chunks_are_fully_committed: 0.
 - uncommit_free_chunks: 1.
 - use_allocation_guard: 0.
 - handle_deallocations: 1.


Internal statistics:

num_allocs_failed_limit: 9.
num_arena_births: 1096.
num_arena_deaths: 350.
num_vsnodes_births: 3.
num_vsnodes_deaths: 0.
num_space_committed: 1389.
num_space_uncommitted: 0.
num_chunks_returned_to_freelist: 486.
num_chunks_taken_from_freelist: 5443.
num_chunk_merges: 154.
num_chunk_splits: 3003.
num_chunks_enlarged: 1379.
num_inconsistent_stats: 0.

CodeHeap 'non-profiled nmethods': size=120000Kb used=26056Kb max_used=27824Kb free=93943Kb
 bounds [0x000001988dbc0000, 0x000001988f760000, 0x00000198950f0000]
CodeHeap 'profiled nmethods': size=120000Kb used=35801Kb max_used=35960Kb free=84198Kb
 bounds [0x00000198860f0000, 0x0000019888430000, 0x000001988d620000]
CodeHeap 'non-nmethods': size=5760Kb used=1395Kb max_used=1524Kb free=4364Kb
 bounds [0x000001988d620000, 0x000001988d890000, 0x000001988dbc0000]
 total_blobs=19368 nmethods=18630 adapters=646
 compilation: enabled
              stopped_count=0, restarted_count=0
 full_count=0

Compilation events (20 events):
Event: 8519.563 Thread 0x0000019897a07f60 nmethod 31016 0x0000019888414b10 code [0x0000019888414d00, 0x0000019888415278]
Event: 8519.564 Thread 0x0000019897a07f60 31017       3       org.eclipse.jdt.internal.compiler.flow.UnconditionalFlowInfo::isDefinitelyNonNull (184 bytes)
Event: 8519.565 Thread 0x0000019897a07f60 nmethod 31017 0x0000019888415490 code [0x00000198884156a0, 0x0000019888415db8]
Event: 8519.565 Thread 0x0000019897a06ec0 31018       4       org.eclipse.jdt.internal.compiler.ast.IfStatement::analyseCode (566 bytes)
Event: 8519.570 Thread 0x00000198a8770900 nmethod 31015 0x000001988e59bd10 code [0x000001988e59bf00, 0x000001988e59c4c8]
Event: 8519.571 Thread 0x0000019897a07f60 31019       3       org.eclipse.jdt.internal.compiler.ast.ReturnStatement::analyseCode (609 bytes)
Event: 8519.574 Thread 0x0000019897a07f60 nmethod 31019 0x0000019888416090 code [0x0000019888416560, 0x0000019888419918]
Event: 8519.590 Thread 0x0000019897a06ec0 nmethod 31018 0x000001988f683210 code [0x000001988f6834c0, 0x000001988f6840e0]
Event: 8519.600 Thread 0x00000198a8770900 31020       4       org.eclipse.jdt.internal.compiler.lookup.VariableBinding::isNonNull (40 bytes)
Event: 8519.600 Thread 0x00000198a8770900 nmethod 31020 0x000001988e102490 code [0x000001988e102600, 0x000001988e1026d8]
Event: 8519.603 Thread 0x0000019897a06ec0 31021       4       org.eclipse.jdt.internal.compiler.ast.MessageSend::generateCode (481 bytes)
Event: 8519.616 Thread 0x0000019897a07f60 31022       3       org.eclipse.jdt.internal.compiler.ast.BinaryExpression::generateCode (2738 bytes)
Event: 8519.619 Thread 0x00000198a8770900 31023       4       org.eclipse.jdt.internal.compiler.codegen.CodeStream::isDefinitelyAssigned (123 bytes)
Event: 8519.623 Thread 0x00000198a8770900 nmethod 31023 0x000001988ed4d210 code [0x000001988ed4d3a0, 0x000001988ed4d638]
Event: 8519.624 Thread 0x00000198a8770900 31024       4       org.eclipse.jdt.internal.compiler.ClassFile::traverse (7180 bytes)
Event: 8519.626 Thread 0x0000019897a07f60 nmethod 31022 0x000001988841a890 code [0x000001988841b980, 0x0000019888428a48]
Event: 8519.647 Thread 0x0000019897a06ec0 nmethod 31021 0x000001988f2e3110 code [0x000001988f2e3420, 0x000001988f2e48e8]
Event: 8519.648 Thread 0x0000019897a06ec0 31025       4       org.eclipse.jdt.internal.compiler.ast.Statement::generateArguments (335 bytes)
Event: 8519.702 Thread 0x0000019897a06ec0 nmethod 31025 0x000001988eb0b890 code [0x000001988eb0bc00, 0x000001988eb0d5c8]
Event: 8519.702 Thread 0x0000019897a06ec0 31026   !   4       org.eclipse.jdt.internal.compiler.ast.ConstructorDeclaration::internalGenerateCode (679 bytes)

GC Heap History (20 events):
Event: 8518.914 GC heap before
{Heap before GC invocations=5477 (full 160):
 PSYoungGen      total 10752K, used 10176K [0x00000000eab00000, 0x00000000eb700000, 0x0000000100000000)
  eden space 9216K, 100% used [0x00000000eab00000,0x00000000eb400000,0x00000000eb400000)
  from space 1536K, 62% used [0x00000000eb400000,0x00000000eb4f0020,0x00000000eb580000)
  to   space 1536K, 0% used [0x00000000eb580000,0x00000000eb580000,0x00000000eb700000)
 ParOldGen       total 207360K, used 200119K [0x00000000c0000000, 0x00000000cca80000, 0x00000000eab00000)
  object space 207360K, 96% used [0x00000000c0000000,0x00000000cc36dd70,0x00000000cca80000)
 Metaspace       used 87646K, committed 88832K, reserved 1179648K
  class space    used 8526K, committed 9088K, reserved 1048576K
}
Event: 8518.919 GC heap after
{Heap after GC invocations=5477 (full 160):
 PSYoungGen      total 10752K, used 1248K [0x00000000eab00000, 0x00000000eb700000, 0x0000000100000000)
  eden space 9216K, 0% used [0x00000000eab00000,0x00000000eab00000,0x00000000eb400000)
  from space 1536K, 81% used [0x00000000eb580000,0x00000000eb6b8040,0x00000000eb700000)
  to   space 1536K, 0% used [0x00000000eb400000,0x00000000eb400000,0x00000000eb580000)
 ParOldGen       total 207360K, used 200987K [0x00000000c0000000, 0x00000000cca80000, 0x00000000eab00000)
  object space 207360K, 96% used [0x00000000c0000000,0x00000000cc446e00,0x00000000cca80000)
 Metaspace       used 87646K, committed 88832K, reserved 1179648K
  class space    used 8526K, committed 9088K, reserved 1048576K
}
Event: 8518.939 GC heap before
{Heap before GC invocations=5478 (full 160):
 PSYoungGen      total 10752K, used 10464K [0x00000000eab00000, 0x00000000eb700000, 0x0000000100000000)
  eden space 9216K, 100% used [0x00000000eab00000,0x00000000eb400000,0x00000000eb400000)
  from space 1536K, 81% used [0x00000000eb580000,0x00000000eb6b8040,0x00000000eb700000)
  to   space 1536K, 0% used [0x00000000eb400000,0x00000000eb400000,0x00000000eb580000)
 ParOldGen       total 207360K, used 200987K [0x00000000c0000000, 0x00000000cca80000, 0x00000000eab00000)
  object space 207360K, 96% used [0x00000000c0000000,0x00000000cc446e00,0x00000000cca80000)
 Metaspace       used 87646K, committed 88832K, reserved 1179648K
  class space    used 8526K, committed 9088K, reserved 1048576K
}
Event: 8518.942 GC heap after
{Heap after GC invocations=5478 (full 160):
 PSYoungGen      total 10752K, used 1024K [0x00000000eab00000, 0x00000000eb700000, 0x0000000100000000)
  eden space 9216K, 0% used [0x00000000eab00000,0x00000000eab00000,0x00000000eb400000)
  from space 1536K, 66% used [0x00000000eb400000,0x00000000eb500020,0x00000000eb580000)
  to   space 1536K, 0% used [0x00000000eb580000,0x00000000eb580000,0x00000000eb700000)
 ParOldGen       total 207360K, used 202151K [0x00000000c0000000, 0x00000000cca80000, 0x00000000eab00000)
  object space 207360K, 97% used [0x00000000c0000000,0x00000000cc569eb0,0x00000000cca80000)
 Metaspace       used 87646K, committed 88832K, reserved 1179648K
  class space    used 8526K, committed 9088K, reserved 1048576K
}
Event: 8518.989 GC heap before
{Heap before GC invocations=5479 (full 160):
 PSYoungGen      total 10752K, used 10240K [0x00000000eab00000, 0x00000000eb700000, 0x0000000100000000)
  eden space 9216K, 100% used [0x00000000eab00000,0x00000000eb400000,0x00000000eb400000)
  from space 1536K, 66% used [0x00000000eb400000,0x00000000eb500020,0x00000000eb580000)
  to   space 1536K, 0% used [0x00000000eb580000,0x00000000eb580000,0x00000000eb700000)
 ParOldGen       total 207360K, used 202151K [0x00000000c0000000, 0x00000000cca80000, 0x00000000eab00000)
  object space 207360K, 97% used [0x00000000c0000000,0x00000000cc569eb0,0x00000000cca80000)
 Metaspace       used 87646K, committed 88832K, reserved 1179648K
  class space    used 8526K, committed 9088K, reserved 1048576K
}
Event: 8518.992 GC heap after
{Heap after GC invocations=5479 (full 160):
 PSYoungGen      total 10752K, used 1376K [0x00000000eab00000, 0x00000000eb700000, 0x0000000100000000)
  eden space 9216K, 0% used [0x00000000eab00000,0x00000000eab00000,0x00000000eb400000)
  from space 1536K, 89% used [0x00000000eb580000,0x00000000eb6d8020,0x00000000eb700000)
  to   space 1536K, 0% used [0x00000000eb400000,0x00000000eb400000,0x00000000eb580000)
 ParOldGen       total 207360K, used 203099K [0x00000000c0000000, 0x00000000cca80000, 0x00000000eab00000)
  object space 207360K, 97% used [0x00000000c0000000,0x00000000cc656fd0,0x00000000cca80000)
 Metaspace       used 87646K, committed 88832K, reserved 1179648K
  class space    used 8526K, committed 9088K, reserved 1048576K
}
Event: 8519.007 GC heap before
{Heap before GC invocations=5480 (full 160):
 PSYoungGen      total 10752K, used 10592K [0x00000000eab00000, 0x00000000eb700000, 0x0000000100000000)
  eden space 9216K, 100% used [0x00000000eab00000,0x00000000eb400000,0x00000000eb400000)
  from space 1536K, 89% used [0x00000000eb580000,0x00000000eb6d8020,0x00000000eb700000)
  to   space 1536K, 0% used [0x00000000eb400000,0x00000000eb400000,0x00000000eb580000)
 ParOldGen       total 207360K, used 203099K [0x00000000c0000000, 0x00000000cca80000, 0x00000000eab00000)
  object space 207360K, 97% used [0x00000000c0000000,0x00000000cc656fd0,0x00000000cca80000)
 Metaspace       used 87646K, committed 88832K, reserved 1179648K
  class space    used 8526K, committed 9088K, reserved 1048576K
}
Event: 8519.011 GC heap after
{Heap after GC invocations=5480 (full 160):
 PSYoungGen      total 10752K, used 1024K [0x00000000eab00000, 0x00000000eb700000, 0x0000000100000000)
  eden space 9216K, 0% used [0x00000000eab00000,0x00000000eab00000,0x00000000eb400000)
  from space 1536K, 66% used [0x00000000eb400000,0x00000000eb500020,0x00000000eb580000)
  to   space 1536K, 0% used [0x00000000eb580000,0x00000000eb580000,0x00000000eb700000)
 ParOldGen       total 207360K, used 204332K [0x00000000c0000000, 0x00000000cca80000, 0x00000000eab00000)
  object space 207360K, 98% used [0x00000000c0000000,0x00000000cc78b050,0x00000000cca80000)
 Metaspace       used 87646K, committed 88832K, reserved 1179648K
  class space    used 8526K, committed 9088K, reserved 1048576K
}
Event: 8519.099 GC heap before
{Heap before GC invocations=5481 (full 160):
 PSYoungGen      total 10752K, used 10240K [0x00000000eab00000, 0x00000000eb700000, 0x0000000100000000)
  eden space 9216K, 100% used [0x00000000eab00000,0x00000000eb400000,0x00000000eb400000)
  from space 1536K, 66% used [0x00000000eb400000,0x00000000eb500020,0x00000000eb580000)
  to   space 1536K, 0% used [0x00000000eb580000,0x00000000eb580000,0x00000000eb700000)
 ParOldGen       total 207360K, used 204332K [0x00000000c0000000, 0x00000000cca80000, 0x00000000eab00000)
  object space 207360K, 98% used [0x00000000c0000000,0x00000000cc78b050,0x00000000cca80000)
 Metaspace       used 87646K, committed 88832K, reserved 1179648K
  class space    used 8526K, committed 9088K, reserved 1048576K
}
Event: 8519.103 GC heap after
{Heap after GC invocations=5481 (full 160):
 PSYoungGen      total 10752K, used 1088K [0x00000000eab00000, 0x00000000eb700000, 0x0000000100000000)
  eden space 9216K, 0% used [0x00000000eab00000,0x00000000eab00000,0x00000000eb400000)
  from space 1536K, 70% used [0x00000000eb580000,0x00000000eb690040,0x00000000eb700000)
  to   space 1536K, 0% used [0x00000000eb400000,0x00000000eb400000,0x00000000eb580000)
 ParOldGen       total 207360K, used 205252K [0x00000000c0000000, 0x00000000cca80000, 0x00000000eab00000)
  object space 207360K, 98% used [0x00000000c0000000,0x00000000cc871070,0x00000000cca80000)
 Metaspace       used 87646K, committed 88832K, reserved 1179648K
  class space    used 8526K, committed 9088K, reserved 1048576K
}
Event: 8519.120 GC heap before
{Heap before GC invocations=5482 (full 160):
 PSYoungGen      total 10752K, used 10304K [0x00000000eab00000, 0x00000000eb700000, 0x0000000100000000)
  eden space 9216K, 100% used [0x00000000eab00000,0x00000000eb400000,0x00000000eb400000)
  from space 1536K, 70% used [0x00000000eb580000,0x00000000eb690040,0x00000000eb700000)
  to   space 1536K, 0% used [0x00000000eb400000,0x00000000eb400000,0x00000000eb580000)
 ParOldGen       total 207360K, used 205252K [0x00000000c0000000, 0x00000000cca80000, 0x00000000eab00000)
  object space 207360K, 98% used [0x00000000c0000000,0x00000000cc871070,0x00000000cca80000)
 Metaspace       used 87646K, committed 88832K, reserved 1179648K
  class space    used 8526K, committed 9088K, reserved 1048576K
}
Event: 8519.125 GC heap after
{Heap after GC invocations=5482 (full 160):
 PSYoungGen      total 10752K, used 1248K [0x00000000eab00000, 0x00000000eb700000, 0x0000000100000000)
  eden space 9216K, 0% used [0x00000000eab00000,0x00000000eab00000,0x00000000eb400000)
  from space 1536K, 81% used [0x00000000eb400000,0x00000000eb538000,0x00000000eb580000)
  to   space 1536K, 0% used [0x00000000eb580000,0x00000000eb580000,0x00000000eb700000)
 ParOldGen       total 207360K, used 206241K [0x00000000c0000000, 0x00000000cca80000, 0x00000000eab00000)
  object space 207360K, 99% used [0x00000000c0000000,0x00000000cc968778,0x00000000cca80000)
 Metaspace       used 87646K, committed 88832K, reserved 1179648K
  class space    used 8526K, committed 9088K, reserved 1048576K
}
Event: 8519.156 GC heap before
{Heap before GC invocations=5483 (full 160):
 PSYoungGen      total 10752K, used 10464K [0x00000000eab00000, 0x00000000eb700000, 0x0000000100000000)
  eden space 9216K, 100% used [0x00000000eab00000,0x00000000eb400000,0x00000000eb400000)
  from space 1536K, 81% used [0x00000000eb400000,0x00000000eb538000,0x00000000eb580000)
  to   space 1536K, 0% used [0x00000000eb580000,0x00000000eb580000,0x00000000eb700000)
 ParOldGen       total 207360K, used 206241K [0x00000000c0000000, 0x00000000cca80000, 0x00000000eab00000)
  object space 207360K, 99% used [0x00000000c0000000,0x00000000cc968778,0x00000000cca80000)
 Metaspace       used 87646K, committed 88832K, reserved 1179648K
  class space    used 8526K, committed 9088K, reserved 1048576K
}
Event: 8519.161 GC heap after
{Heap after GC invocations=5483 (full 160):
 PSYoungGen      total 10752K, used 1280K [0x00000000eab00000, 0x00000000eb700000, 0x0000000100000000)
  eden space 9216K, 0% used [0x00000000eab00000,0x00000000eab00000,0x00000000eb400000)
  from space 1536K, 83% used [0x00000000eb580000,0x00000000eb6c0000,0x00000000eb700000)
  to   space 1536K, 0% used [0x00000000eb400000,0x00000000eb400000,0x00000000eb580000)
 ParOldGen       total 207872K, used 207402K [0x00000000c0000000, 0x00000000ccb00000, 0x00000000eab00000)
  object space 207872K, 99% used [0x00000000c0000000,0x00000000cca8a848,0x00000000ccb00000)
 Metaspace       used 87646K, committed 88832K, reserved 1179648K
  class space    used 8526K, committed 9088K, reserved 1048576K
}
Event: 8519.161 GC heap before
{Heap before GC invocations=5484 (full 161):
 PSYoungGen      total 10752K, used 1280K [0x00000000eab00000, 0x00000000eb700000, 0x0000000100000000)
  eden space 9216K, 0% used [0x00000000eab00000,0x00000000eab00000,0x00000000eb400000)
  from space 1536K, 83% used [0x00000000eb580000,0x00000000eb6c0000,0x00000000eb700000)
  to   space 1536K, 0% used [0x00000000eb400000,0x00000000eb400000,0x00000000eb580000)
 ParOldGen       total 207872K, used 207402K [0x00000000c0000000, 0x00000000ccb00000, 0x00000000eab00000)
  object space 207872K, 99% used [0x00000000c0000000,0x00000000cca8a848,0x00000000ccb00000)
 Metaspace       used 87646K, committed 88832K, reserved 1179648K
  class space    used 8526K, committed 9088K, reserved 1048576K
}
Event: 8519.517 GC heap after
{Heap after GC invocations=5484 (full 161):
 PSYoungGen      total 10752K, used 0K [0x00000000eab00000, 0x00000000eb700000, 0x0000000100000000)
  eden space 9216K, 0% used [0x00000000eab00000,0x00000000eab00000,0x00000000eb400000)
  from space 1536K, 0% used [0x00000000eb400000,0x00000000eb400000,0x00000000eb580000)
  to   space 1536K, 0% used [0x00000000eb580000,0x00000000eb580000,0x00000000eb700000)
 ParOldGen       total 207872K, used 159815K [0x00000000c0000000, 0x00000000ccb00000, 0x00000000eab00000)
  object space 207872K, 76% used [0x00000000c0000000,0x00000000c9c11d48,0x00000000ccb00000)
 Metaspace       used 87646K, committed 88832K, reserved 1179648K
  class space    used 8526K, committed 9088K, reserved 1048576K
}
Event: 8519.595 GC heap before
{Heap before GC invocations=5485 (full 161):
 PSYoungGen      total 10752K, used 9216K [0x00000000eab00000, 0x00000000eb700000, 0x0000000100000000)
  eden space 9216K, 100% used [0x00000000eab00000,0x00000000eb400000,0x00000000eb400000)
  from space 1536K, 0% used [0x00000000eb400000,0x00000000eb400000,0x00000000eb580000)
  to   space 1536K, 0% used [0x00000000eb580000,0x00000000eb580000,0x00000000eb700000)
 ParOldGen       total 207872K, used 159815K [0x00000000c0000000, 0x00000000ccb00000, 0x00000000eab00000)
  object space 207872K, 76% used [0x00000000c0000000,0x00000000c9c11d48,0x00000000ccb00000)
 Metaspace       used 87646K, committed 88832K, reserved 1179648K
  class space    used 8526K, committed 9088K, reserved 1048576K
}
Event: 8519.597 GC heap after
{Heap after GC invocations=5485 (full 161):
 PSYoungGen      total 10752K, used 1104K [0x00000000eab00000, 0x00000000eb700000, 0x0000000100000000)
  eden space 9216K, 0% used [0x00000000eab00000,0x00000000eab00000,0x00000000eb400000)
  from space 1536K, 71% used [0x00000000eb580000,0x00000000eb694010,0x00000000eb700000)
  to   space 1536K, 0% used [0x00000000eb400000,0x00000000eb400000,0x00000000eb580000)
 ParOldGen       total 207872K, used 159815K [0x00000000c0000000, 0x00000000ccb00000, 0x00000000eab00000)
  object space 207872K, 76% used [0x00000000c0000000,0x00000000c9c11d48,0x00000000ccb00000)
 Metaspace       used 87646K, committed 88832K, reserved 1179648K
  class space    used 8526K, committed 9088K, reserved 1048576K
}
Event: 8519.641 GC heap before
{Heap before GC invocations=5486 (full 161):
 PSYoungGen      total 10752K, used 10320K [0x00000000eab00000, 0x00000000eb700000, 0x0000000100000000)
  eden space 9216K, 100% used [0x00000000eab00000,0x00000000eb400000,0x00000000eb400000)
  from space 1536K, 71% used [0x00000000eb580000,0x00000000eb694010,0x00000000eb700000)
  to   space 1536K, 0% used [0x00000000eb400000,0x00000000eb400000,0x00000000eb580000)
 ParOldGen       total 207872K, used 159815K [0x00000000c0000000, 0x00000000ccb00000, 0x00000000eab00000)
  object space 207872K, 76% used [0x00000000c0000000,0x00000000c9c11d48,0x00000000ccb00000)
 Metaspace       used 87646K, committed 88832K, reserved 1179648K
  class space    used 8526K, committed 9088K, reserved 1048576K
}
Event: 8519.645 GC heap after
{Heap after GC invocations=5486 (full 161):
 PSYoungGen      total 10752K, used 1509K [0x00000000eab00000, 0x00000000eb700000, 0x0000000100000000)
  eden space 9216K, 0% used [0x00000000eab00000,0x00000000eab00000,0x00000000eb400000)
  from space 1536K, 98% used [0x00000000eb400000,0x00000000eb579638,0x00000000eb580000)
  to   space 1536K, 0% used [0x00000000eb580000,0x00000000eb580000,0x00000000eb700000)
 ParOldGen       total 207872K, used 161362K [0x00000000c0000000, 0x00000000ccb00000, 0x00000000eab00000)
  object space 207872K, 77% used [0x00000000c0000000,0x00000000c9d949b0,0x00000000ccb00000)
 Metaspace       used 87646K, committed 88832K, reserved 1179648K
  class space    used 8526K, committed 9088K, reserved 1048576K
}

Dll operation events (10 events):
Event: 0.009 Loaded shared library c:\Users\HP\.vscode\extensions\redhat.java-1.20.0-win32-x64\jre\17.0.7-win32-x86_64\bin\java.dll
Event: 0.205 Loaded shared library c:\Users\HP\.vscode\extensions\redhat.java-1.20.0-win32-x64\jre\17.0.7-win32-x86_64\bin\zip.dll
Event: 0.209 Loaded shared library C:\Users\HP\.vscode\extensions\redhat.java-1.20.0-win32-x64\jre\17.0.7-win32-x86_64\bin\instrument.dll
Event: 0.237 Loaded shared library C:\Users\HP\.vscode\extensions\redhat.java-1.20.0-win32-x64\jre\17.0.7-win32-x86_64\bin\net.dll
Event: 0.239 Loaded shared library C:\Users\HP\.vscode\extensions\redhat.java-1.20.0-win32-x64\jre\17.0.7-win32-x86_64\bin\nio.dll
Event: 0.254 Loaded shared library C:\Users\HP\.vscode\extensions\redhat.java-1.20.0-win32-x64\jre\17.0.7-win32-x86_64\bin\zip.dll
Event: 0.294 Loaded shared library C:\Users\HP\.vscode\extensions\redhat.java-1.20.0-win32-x64\jre\17.0.7-win32-x86_64\bin\jimage.dll
Event: 0.398 Loaded shared library c:\Users\HP\.vscode\extensions\redhat.java-1.20.0-win32-x64\jre\17.0.7-win32-x86_64\bin\verify.dll
Event: 3.195 Loaded shared library C:\Users\HP\AppData\Roaming\Code\User\globalStorage\redhat.java\1.20.0\config_win\org.eclipse.equinox.launcher\org.eclipse.equinox.launcher.win32.win32.x86_64_1.2.700.v20221108-1024\eclipse_11801.dll
Event: 7.572 Loaded shared library C:\Users\HP\AppData\Local\Temp\jna-2312\jna4346901194233722517.dll

Deoptimization events (20 events):
Event: 8519.558 Thread 0x00000198a8352a10 Uncommon trap: trap_request=0xffffffbe fr.pc=0x000001988e46fa18 relative=0x0000000000001ed8
Event: 8519.558 Thread 0x00000198a8352a10 Uncommon trap: reason=profile_predicate action=maybe_recompile pc=0x000001988e46fa18 method=org.eclipse.jdt.internal.compiler.lookup.Scope.getPackage([[C)Lorg/eclipse/jdt/internal/compiler/lookup/Binding; @ 233 c2
Event: 8519.558 Thread 0x00000198a8352a10 DEOPT PACKING pc=0x000001988e46fa18 sp=0x00000084361fdc60
Event: 8519.558 Thread 0x00000198a8352a10 DEOPT UNPACKING pc=0x000001988d6766a3 sp=0x00000084361fdba8 mode 2
Event: 8519.558 Thread 0x00000198a8352a10 Uncommon trap: trap_request=0xffffffbe fr.pc=0x000001988e46fa18 relative=0x0000000000001ed8
Event: 8519.558 Thread 0x00000198a8352a10 Uncommon trap: reason=profile_predicate action=maybe_recompile pc=0x000001988e46fa18 method=org.eclipse.jdt.internal.compiler.lookup.Scope.getPackage([[C)Lorg/eclipse/jdt/internal/compiler/lookup/Binding; @ 233 c2
Event: 8519.558 Thread 0x00000198a8352a10 DEOPT PACKING pc=0x000001988e46fa18 sp=0x00000084361fdef0
Event: 8519.558 Thread 0x00000198a8352a10 DEOPT UNPACKING pc=0x000001988d6766a3 sp=0x00000084361fde38 mode 2
Event: 8519.558 Thread 0x00000198a8352a10 Uncommon trap: trap_request=0xffffffbe fr.pc=0x000001988e46fa18 relative=0x0000000000001ed8
Event: 8519.558 Thread 0x00000198a8352a10 Uncommon trap: reason=profile_predicate action=maybe_recompile pc=0x000001988e46fa18 method=org.eclipse.jdt.internal.compiler.lookup.Scope.getPackage([[C)Lorg/eclipse/jdt/internal/compiler/lookup/Binding; @ 233 c2
Event: 8519.558 Thread 0x00000198a8352a10 DEOPT PACKING pc=0x000001988e46fa18 sp=0x00000084361fdef0
Event: 8519.558 Thread 0x00000198a8352a10 DEOPT UNPACKING pc=0x000001988d6766a3 sp=0x00000084361fde38 mode 2
Event: 8519.558 Thread 0x00000198a8352a10 Uncommon trap: trap_request=0xffffffbe fr.pc=0x000001988e46fa18 relative=0x0000000000001ed8
Event: 8519.559 Thread 0x00000198a8352a10 Uncommon trap: reason=profile_predicate action=maybe_recompile pc=0x000001988e46fa18 method=org.eclipse.jdt.internal.compiler.lookup.Scope.getPackage([[C)Lorg/eclipse/jdt/internal/compiler/lookup/Binding; @ 233 c2
Event: 8519.559 Thread 0x00000198a8352a10 DEOPT PACKING pc=0x000001988e46fa18 sp=0x00000084361fe250
Event: 8519.559 Thread 0x00000198a8352a10 DEOPT UNPACKING pc=0x000001988d6766a3 sp=0x00000084361fe198 mode 2
Event: 8519.625 Thread 0x00000198a8352a10 DEOPT PACKING pc=0x000001988821e462 sp=0x00000084361fe090
Event: 8519.626 Thread 0x00000198a8352a10 DEOPT UNPACKING pc=0x000001988d676e43 sp=0x00000084361fda08 mode 0
Event: 8519.630 Thread 0x00000198a8352a10 DEOPT PACKING pc=0x0000019887735f7e sp=0x00000084361fe9b0
Event: 8519.630 Thread 0x00000198a8352a10 DEOPT UNPACKING pc=0x000001988d676e43 sp=0x00000084361fde90 mode 0

Classes unloaded (20 events):
Event: 7702.194 Thread 0x00000198979bb230 Unloading class 0x00000001002aa800 'jdk/internal/reflect/GeneratedSerializationConstructorAccessor49'
Event: 7702.194 Thread 0x00000198979bb230 Unloading class 0x0000000100879400 'jdk/internal/reflect/GeneratedSerializationConstructorAccessor48'
Event: 7702.194 Thread 0x00000198979bb230 Unloading class 0x0000000100879000 'jdk/internal/reflect/GeneratedSerializationConstructorAccessor47'
Event: 7702.194 Thread 0x00000198979bb230 Unloading class 0x0000000100294400 'jdk/internal/reflect/GeneratedSerializationConstructorAccessor46'
Event: 7702.194 Thread 0x00000198979bb230 Unloading class 0x0000000100296000 'jdk/internal/reflect/GeneratedSerializationConstructorAccessor45'
Event: 7702.194 Thread 0x00000198979bb230 Unloading class 0x000000010029a000 'jdk/internal/reflect/GeneratedMethodAccessor70'
Event: 7702.194 Thread 0x00000198979bb230 Unloading class 0x000000010029a800 'jdk/internal/reflect/GeneratedMethodAccessor69'
Event: 7702.194 Thread 0x00000198979bb230 Unloading class 0x00000001002a2400 'jdk/internal/reflect/GeneratedSerializationConstructorAccessor44'
Event: 7702.194 Thread 0x00000198979bb230 Unloading class 0x00000001002a3800 'jdk/internal/reflect/GeneratedSerializationConstructorAccessor43'
Event: 7702.194 Thread 0x00000198979bb230 Unloading class 0x00000001002a5000 'jdk/internal/reflect/GeneratedSerializationConstructorAccessor42'
Event: 7702.194 Thread 0x00000198979bb230 Unloading class 0x00000001002a8400 'jdk/internal/reflect/GeneratedSerializationConstructorAccessor41'
Event: 7702.194 Thread 0x00000198979bb230 Unloading class 0x00000001002aa400 'jdk/internal/reflect/GeneratedSerializationConstructorAccessor40'
Event: 7702.194 Thread 0x00000198979bb230 Unloading class 0x00000001002adc00 'jdk/internal/reflect/GeneratedSerializationConstructorAccessor39'
Event: 7702.194 Thread 0x00000198979bb230 Unloading class 0x00000001002ae000 'jdk/internal/reflect/GeneratedSerializationConstructorAccessor38'
Event: 7702.194 Thread 0x00000198979bb230 Unloading class 0x00000001002b2000 'jdk/internal/reflect/GeneratedSerializationConstructorAccessor37'
Event: 7702.194 Thread 0x00000198979bb230 Unloading class 0x00000001007c4000 'jdk/internal/reflect/GeneratedSerializationConstructorAccessor36'
Event: 7702.194 Thread 0x00000198979bb230 Unloading class 0x0000000100870400 'jdk/internal/reflect/GeneratedSerializationConstructorAccessor35'
Event: 7702.194 Thread 0x00000198979bb230 Unloading class 0x0000000100879800 'jdk/internal/reflect/GeneratedSerializationConstructorAccessor34'
Event: 7702.194 Thread 0x00000198979bb230 Unloading class 0x00000001008d1c00 'jdk/internal/reflect/GeneratedSerializationConstructorAccessor33'
Event: 7702.194 Thread 0x00000198979bb230 Unloading class 0x00000001008c4000 'jdk/internal/reflect/GeneratedConstructorAccessor42'

Classes redefined (0 events):
No events

Internal exceptions (20 events):
Event: 8481.965 Thread 0x00000198a8634330 Exception <a 'sun/nio/fs/WindowsException'{0x00000000eb0979b8}> (0x00000000eb0979b8) 
thrown [s\src\hotspot\share\prims\jni.cpp, line 516]
Event: 8482.002 Thread 0x00000198a8634330 Exception <a 'sun/nio/fs/WindowsException'{0x00000000eb1d51b8}> (0x00000000eb1d51b8) 
thrown [s\src\hotspot\share\prims\jni.cpp, line 516]
Event: 8482.273 Thread 0x00000198a8634330 Exception <a 'sun/nio/fs/WindowsException'{0x00000000eab2de68}> (0x00000000eab2de68) 
thrown [s\src\hotspot\share\prims\jni.cpp, line 516]
Event: 8482.502 Thread 0x00000198a8634330 Exception <a 'sun/nio/fs/WindowsException'{0x00000000eaba3bc8}> (0x00000000eaba3bc8) 
thrown [s\src\hotspot\share\prims\jni.cpp, line 516]
Event: 8483.253 Thread 0x00000198a8634330 Exception <a 'sun/nio/fs/WindowsException'{0x00000000eb1e8048}> (0x00000000eb1e8048) 
thrown [s\src\hotspot\share\prims\jni.cpp, line 516]
Event: 8483.267 Thread 0x00000198a8634330 Exception <a 'sun/nio/fs/WindowsException'{0x00000000eb1f6740}> (0x00000000eb1f6740) 
thrown [s\src\hotspot\share\prims\jni.cpp, line 516]
Event: 8483.805 Thread 0x00000198a8634330 Exception <a 'sun/nio/fs/WindowsException'{0x00000000eab850e0}> (0x00000000eab850e0) 
thrown [s\src\hotspot\share\prims\jni.cpp, line 516]
Event: 8483.830 Thread 0x00000198a8634330 Exception <a 'sun/nio/fs/WindowsException'{0x00000000eacb5280}> (0x00000000eacb5280) 
thrown [s\src\hotspot\share\prims\jni.cpp, line 516]
Event: 8485.480 Thread 0x00000198a8634330 Exception <a 'sun/nio/fs/WindowsException'{0x00000000eadf9ff8}> (0x00000000eadf9ff8) 
thrown [s\src\hotspot\share\prims\jni.cpp, line 516]
Event: 8486.887 Thread 0x00000198a8634330 Exception <a 'sun/nio/fs/WindowsException'{0x00000000eb023130}> (0x00000000eb023130) 
thrown [s\src\hotspot\share\prims\jni.cpp, line 516]
Event: 8486.910 Thread 0x00000198a8634330 Exception <a 'sun/nio/fs/WindowsException'{0x00000000eb02ffb0}> (0x00000000eb02ffb0) 
thrown [s\src\hotspot\share\prims\jni.cpp, line 516]
Event: 8487.563 Thread 0x00000198a8634330 Exception <a 'sun/nio/fs/WindowsException'{0x00000000eab26b10}> (0x00000000eab26b10) 
thrown [s\src\hotspot\share\prims\jni.cpp, line 516]
Event: 8493.004 Thread 0x00000198a8634330 Exception <a 'sun/nio/fs/WindowsException'{0x00000000eab931f0}> (0x00000000eab931f0) 
thrown [s\src\hotspot\share\prims\jni.cpp, line 516]
Event: 8493.007 Thread 0x00000198a8634330 Exception <a 'sun/nio/fs/WindowsException'{0x00000000eab93e38}> (0x00000000eab93e38) 
thrown [s\src\hotspot\share\prims\jni.cpp, line 516]
Event: 8493.009 Thread 0x00000198a8634330 Exception <a 'sun/nio/fs/WindowsException'{0x00000000eab94850}> (0x00000000eab94850) 
thrown [s\src\hotspot\share\prims\jni.cpp, line 516]
Event: 8493.045 Thread 0x00000198a8634330 Exception <a 'sun/nio/fs/WindowsException'{0x00000000eab9c0c8}> (0x00000000eab9c0c8) 
thrown [s\src\hotspot\share\prims\jni.cpp, line 516]
Event: 8493.639 Thread 0x00000198a8634330 Exception <a 'sun/nio/fs/WindowsException'{0x00000000eac6e9f0}> (0x00000000eac6e9f0) 
thrown [s\src\hotspot\share\prims\jni.cpp, line 516]
Event: 8493.665 Thread 0x00000198a8634330 Exception <a 'sun/nio/fs/WindowsException'{0x00000000eacfdd70}> (0x00000000eacfdd70) 
thrown [s\src\hotspot\share\prims\jni.cpp, line 516]
Event: 8494.183 Thread 0x00000198a8634330 Exception <a 'sun/nio/fs/WindowsException'{0x00000000ead07200}> (0x00000000ead07200) 
thrown [s\src\hotspot\share\prims\jni.cpp, line 516]
Event: 8510.199 Thread 0x00000198a8634330 Implicit null exception at 0x000001988f260114 to 0x000001988f261be8

VM Operations (20 events):
Event: 8518.913 Executing VM operation: ParallelGCFailedAllocation
Event: 8518.919 Executing VM operation: ParallelGCFailedAllocation done
Event: 8518.939 Executing VM operation: ParallelGCFailedAllocation
Event: 8518.972 Executing VM operation: ParallelGCFailedAllocation done
Event: 8518.989 Executing VM operation: ParallelGCFailedAllocation
Event: 8518.992 Executing VM operation: ParallelGCFailedAllocation done
Event: 8519.007 Executing VM operation: ParallelGCFailedAllocation
Event: 8519.011 Executing VM operation: ParallelGCFailedAllocation done
Event: 8519.099 Executing VM operation: ParallelGCFailedAllocation
Event: 8519.103 Executing VM operation: ParallelGCFailedAllocation done
Event: 8519.120 Executing VM operation: ParallelGCFailedAllocation
Event: 8519.125 Executing VM operation: ParallelGCFailedAllocation done
Event: 8519.156 Executing VM operation: ParallelGCFailedAllocation
Event: 8519.555 Executing VM operation: ParallelGCFailedAllocation done
Event: 8519.559 Executing VM operation: HandshakeAllThreads
Event: 8519.587 Executing VM operation: HandshakeAllThreads done
Event: 8519.594 Executing VM operation: ParallelGCFailedAllocation
Event: 8519.597 Executing VM operation: ParallelGCFailedAllocation done
Event: 8519.641 Executing VM operation: ParallelGCFailedAllocation
Event: 8519.645 Executing VM operation: ParallelGCFailedAllocation done

Events (20 events):
Event: 8519.621 Thread 0x0000019897a093f0 flushing nmethod 0x00000198875c9210
Event: 8519.624 Thread 0x0000019897a093f0 flushing nmethod 0x00000198878ad090
Event: 8519.624 Thread 0x0000019897a093f0 flushing nmethod 0x00000198878e1790
Event: 8519.624 Thread 0x0000019897a093f0 flushing nmethod 0x00000198878e9590
Event: 8519.624 Thread 0x0000019897a093f0 flushing nmethod 0x000001988794e710
Event: 8519.625 Thread 0x0000019897a093f0 flushing nmethod 0x0000019887a12e10
Event: 8519.625 Thread 0x0000019897a093f0 flushing nmethod 0x0000019887a21f10
Event: 8519.625 Thread 0x0000019897a093f0 flushing nmethod 0x0000019887a3c810
Event: 8519.627 Thread 0x0000019897a093f0 flushing nmethod 0x0000019887bd1c10
Event: 8519.629 Thread 0x0000019897a093f0 flushing nmethod 0x0000019887dcc910
Event: 8519.630 Thread 0x0000019897a093f0 flushing nmethod 0x0000019887fa0890
Event: 8519.630 Thread 0x0000019897a093f0 flushing nmethod 0x0000019887fbd890
Event: 8519.631 Thread 0x0000019897a093f0 flushing nmethod 0x0000019888088790
Event: 8519.631 Thread 0x0000019897a093f0 flushing nmethod 0x000001988815c610
Event: 8519.631 Thread 0x0000019897a093f0 flushing nmethod 0x000001988817b010
Event: 8519.632 Thread 0x0000019897a093f0 flushing nmethod 0x000001988822b290
Event: 8519.632 Thread 0x0000019897a093f0 flushing nmethod 0x000001988829b290
Event: 8519.632 Thread 0x0000019897a093f0 flushing nmethod 0x00000198882ea490
Event: 8519.632 Thread 0x0000019897a093f0 flushing nmethod 0x00000198882eb990
Event: 8519.632 Thread 0x0000019897a093f0 flushing nmethod 0x000001988831cf90


Dynamic libraries:
0x00007ff7b6210000 - 0x00007ff7b621e000 	c:\Users\HP\.vscode\extensions\redhat.java-1.20.0-win32-x64\jre\17.0.7-win32-x86_64\bin\java.exe
0x00007ffe51670000 - 0x00007ffe51868000 	C:\WINDOWS\SYSTEM32\ntdll.dll
0x00007ffe50240000 - 0x00007ffe502ff000 	C:\WINDOWS\System32\KERNEL32.DLL
0x00007ffe4f340000 - 0x00007ffe4f636000 	C:\WINDOWS\System32\KERNELBASE.dll
0x00007ffe4eec0000 - 0x00007ffe4efc0000 	C:\WINDOWS\System32\ucrtbase.dll
0x00007ffe3aa10000 - 0x00007ffe3aa27000 	c:\Users\HP\.vscode\extensions\redhat.java-1.20.0-win32-x64\jre\17.0.7-win32-x86_64\bin\jli.dll
0x00007ffe38310000 - 0x00007ffe38329000 	c:\Users\HP\.vscode\extensions\redhat.java-1.20.0-win32-x64\jre\17.0.7-win32-x86_64\bin\VCRUNTIME140.dll
0x00007ffe4f6d0000 - 0x00007ffe4f86d000 	C:\WINDOWS\System32\USER32.dll
0x00007ffe4f270000 - 0x00007ffe4f292000 	C:\WINDOWS\System32\win32u.dll
0x00007ffe32710000 - 0x00007ffe329aa000 	C:\WINDOWS\WinSxS\amd64_microsoft.windows.common-controls_6595b64144ccf1df_6.0.19041.1110_none_60b5254171f9507e\COMCTL32.dll
0x00007ffe503f0000 - 0x00007ffe5048e000 	C:\WINDOWS\System32\msvcrt.dll
0x00007ffe506f0000 - 0x00007ffe5071c000 	C:\WINDOWS\System32\GDI32.dll
0x00007ffe4efc0000 - 0x00007ffe4f0d5000 	C:\WINDOWS\System32\gdi32full.dll
0x00007ffe4f2a0000 - 0x00007ffe4f33d000 	C:\WINDOWS\System32\msvcp_win.dll
0x00007ffe512e0000 - 0x00007ffe51310000 	C:\WINDOWS\System32\IMM32.DLL
0x00007ffe38300000 - 0x00007ffe3830c000 	c:\Users\HP\.vscode\extensions\redhat.java-1.20.0-win32-x64\jre\17.0.7-win32-x86_64\bin\vcruntime140_1.dll
0x00007ffe2cca0000 - 0x00007ffe2cd31000 	c:\Users\HP\.vscode\extensions\redhat.java-1.20.0-win32-x64\jre\17.0.7-win32-x86_64\bin\msvcp140.dll
0x00007ffdfc910000 - 0x00007ffdfd558000 	c:\Users\HP\.vscode\extensions\redhat.java-1.20.0-win32-x64\jre\17.0.7-win32-x86_64\bin\server\jvm.dll
0x00007ffe4ff90000 - 0x00007ffe5003f000 	C:\WINDOWS\System32\ADVAPI32.dll
0x00007ffe51590000 - 0x00007ffe5162c000 	C:\WINDOWS\System32\sechost.dll
0x00007ffe51340000 - 0x00007ffe51466000 	C:\WINDOWS\System32\RPCRT4.dll
0x00007ffe49cf0000 - 0x00007ffe49cf9000 	C:\WINDOWS\SYSTEM32\WSOCK32.dll
0x00007ffe501d0000 - 0x00007ffe5023b000 	C:\WINDOWS\System32\WS2_32.dll
0x00007ffe49d20000 - 0x00007ffe49d47000 	C:\WINDOWS\SYSTEM32\WINMM.dll
0x00007ffe492b0000 - 0x00007ffe492ba000 	C:\WINDOWS\SYSTEM32\VERSION.dll
0x00007ffe4d830000 - 0x00007ffe4d842000 	C:\WINDOWS\SYSTEM32\kernel.appcore.dll
0x00007ffe382f0000 - 0x00007ffe382fa000 	c:\Users\HP\.vscode\extensions\redhat.java-1.20.0-win32-x64\jre\17.0.7-win32-x86_64\bin\jimage.dll
0x00007ffe4d240000 - 0x00007ffe4d424000 	C:\WINDOWS\SYSTEM32\DBGHELP.DLL
0x00007ffe391c0000 - 0x00007ffe391f4000 	C:\WINDOWS\SYSTEM32\dbgcore.DLL
0x00007ffe4f640000 - 0x00007ffe4f6c2000 	C:\WINDOWS\System32\bcryptPrimitives.dll
0x00007ffe340a0000 - 0x00007ffe340ae000 	c:\Users\HP\.vscode\extensions\redhat.java-1.20.0-win32-x64\jre\17.0.7-win32-x86_64\bin\instrument.dll
0x00007ffe31c00000 - 0x00007ffe31c25000 	c:\Users\HP\.vscode\extensions\redhat.java-1.20.0-win32-x64\jre\17.0.7-win32-x86_64\bin\java.dll
0x00007ffe31be0000 - 0x00007ffe31bf8000 	c:\Users\HP\.vscode\extensions\redhat.java-1.20.0-win32-x64\jre\17.0.7-win32-x86_64\bin\zip.dll
0x00007ffe50b90000 - 0x00007ffe512d4000 	C:\WINDOWS\System32\SHELL32.dll
0x00007ffe4c980000 - 0x00007ffe4d114000 	C:\WINDOWS\SYSTEM32\windows.storage.dll
0x00007ffe4f8f0000 - 0x00007ffe4fc44000 	C:\WINDOWS\System32\combase.dll
0x00007ffe4e5e0000 - 0x00007ffe4e60e000 	C:\WINDOWS\SYSTEM32\Wldp.dll
0x00007ffe50490000 - 0x00007ffe5053d000 	C:\WINDOWS\System32\SHCORE.dll
0x00007ffe50110000 - 0x00007ffe50165000 	C:\WINDOWS\System32\shlwapi.dll
0x00007ffe4ec80000 - 0x00007ffe4eca5000 	C:\WINDOWS\SYSTEM32\profapi.dll
0x00007ffe2d1d0000 - 0x00007ffe2d1e9000 	C:\Users\HP\.vscode\extensions\redhat.java-1.20.0-win32-x64\jre\17.0.7-win32-x86_64\bin\net.dll
0x00007ffe490a0000 - 0x00007ffe491aa000 	C:\WINDOWS\SYSTEM32\WINHTTP.dll
0x00007ffe4e3c0000 - 0x00007ffe4e42a000 	C:\WINDOWS\system32\mswsock.dll
0x00007ffe2d030000 - 0x00007ffe2d045000 	C:\Users\HP\.vscode\extensions\redhat.java-1.20.0-win32-x64\jre\17.0.7-win32-x86_64\bin\nio.dll
0x00007ffe3ca40000 - 0x00007ffe3ca50000 	c:\Users\HP\.vscode\extensions\redhat.java-1.20.0-win32-x64\jre\17.0.7-win32-x86_64\bin\verify.dll
0x00007ffe2d2d0000 - 0x00007ffe2d30e000 	C:\Users\HP\AppData\Roaming\Code\User\globalStorage\redhat.java\1.20.0\config_win\org.eclipse.equinox.launcher\org.eclipse.equinox.launcher.win32.win32.x86_64_1.2.700.v20221108-1024\eclipse_11801.dll
0x00007ffe4fcb0000 - 0x00007ffe4fdda000 	C:\WINDOWS\System32\ole32.dll
0x00007ffe4e620000 - 0x00007ffe4e638000 	C:\WINDOWS\SYSTEM32\CRYPTSP.dll
0x00007ffe4dd00000 - 0x00007ffe4dd34000 	C:\WINDOWS\system32\rsaenh.dll
0x00007ffe4f240000 - 0x00007ffe4f267000 	C:\WINDOWS\System32\bcrypt.dll
0x00007ffe4ec00000 - 0x00007ffe4ec2e000 	C:\WINDOWS\SYSTEM32\USERENV.dll
0x00007ffe4e550000 - 0x00007ffe4e55c000 	C:\WINDOWS\SYSTEM32\CRYPTBASE.dll
0x00007ffe4e0d0000 - 0x00007ffe4e10c000 	C:\WINDOWS\SYSTEM32\IPHLPAPI.DLL
0x00007ffe51330000 - 0x00007ffe51338000 	C:\WINDOWS\System32\NSI.dll
0x00007ffe495b0000 - 0x00007ffe495c7000 	C:\WINDOWS\SYSTEM32\dhcpcsvc6.DLL
0x00007ffe49590000 - 0x00007ffe495ad000 	C:\WINDOWS\SYSTEM32\dhcpcsvc.DLL
0x00007ffe4e160000 - 0x00007ffe4e22a000 	C:\WINDOWS\SYSTEM32\DNSAPI.dll
0x00007ffe2d280000 - 0x00007ffe2d2c5000 	C:\Users\HP\AppData\Local\Temp\jna-2312\jna4346901194233722517.dll
0x00007ffe4ff80000 - 0x00007ffe4ff88000 	C:\WINDOWS\System32\PSAPI.DLL

dbghelp: loaded successfully - version: 4.0.5 - missing functions: none
symbol engine: initialized successfully - sym options: 0x614 - pdb path: .;c:\Users\HP\.vscode\extensions\redhat.java-1.20.0-win32-x64\jre\17.0.7-win32-x86_64\bin;C:\WINDOWS\SYSTEM32;C:\WINDOWS\WinSxS\amd64_microsoft.windows.common-controls_6595b64144ccf1df_6.0.19041.1110_none_60b5254171f9507e;c:\Users\HP\.vscode\extensions\redhat.java-1.20.0-win32-x64\jre\17.0.7-win32-x86_64\bin\server;C:\Users\HP\AppData\Roaming\Code\User\globalStorage\redhat.java\1.20.0\config_win\org.eclipse.equinox.launcher\org.eclipse.equinox.launcher.win32.win32.x86_64_1.2.700.v20221108-1024;C:\Users\HP\AppData\Local\Temp\jna-2312

VM Arguments:
jvm_args: --add-modules=ALL-SYSTEM --add-opens=java.base/java.util=ALL-UNNAMED --add-opens=java.base/java.lang=ALL-UNNAMED --add-opens=java.base/sun.nio.fs=ALL-UNNAMED -Declipse.application=org.eclipse.jdt.ls.core.id1 -Dosgi.bundles.defaultStartLevel=4 -Declipse.product=org.eclipse.jdt.ls.core.product -Djava.import.generatesMetadataFilesAtProjectRoot=false -Dfile.encoding=utf8 -XX:+UseParallelGC -XX:GCTimeRatio=4 -XX:AdaptiveSizePolicyWeight=90 -Dsun.zip.disableMemoryMapping=true -Xmx1G -Xms100m -Xlog:disable -javaagent:c:\Users\HP\.vscode\extensions\redhat.java-1.20.0-win32-x64\lombok\lombok-1.18.28.jar -XX:+HeapDumpOnOutOfMemoryError -XX:HeapDumpPath=c:\Users\HP\AppData\Roaming\Code\User\workspaceStorage\5541fb1794e4195495f0c57edcbd7686\redhat.java -Daether.dependencyCollector.impl=bf 
java_command: c:\Users\HP\.vscode\extensions\redhat.java-1.20.0-win32-x64\server\plugins\org.eclipse.equinox.launcher_1.6.500.v20230622-2056.jar -configuration c:\Users\HP\AppData\Roaming\Code\User\globalStorage\redhat.java\1.20.0\config_win -data c:\Users\HP\AppData\Roaming\Code\User\workspaceStorage\5541fb1794e4195495f0c57edcbd7686\redhat.java\jdt_ws
java_class_path (initial): c:\Users\HP\.vscode\extensions\redhat.java-1.20.0-win32-x64\server\plugins\org.eclipse.equinox.launcher_1.6.500.v20230622-2056.jar
Launcher Type: SUN_STANDARD

[Global flags]
    uintx AdaptiveSizePolicyWeight                 = 90                                        {product} {command line}
     intx CICompilerCount                          = 3                                         {product} {ergonomic}
    uintx GCTimeRatio                              = 4                                         {product} {command line}
     bool HeapDumpOnOutOfMemoryError               = true                                   {manageable} {command line}
    ccstr HeapDumpPath                             = c:\Users\HP\AppData\Roaming\Code\User\workspaceStorage\5541fb1794e4195495f0c57edcbd7686\redhat.java         {manageable} {command line}
   size_t InitialHeapSize                          = 104857600                                 {product} {command line}
   size_t MaxHeapSize                              = 1073741824                                {product} {command line}
   size_t MaxNewSize                               = 357564416                                 {product} {ergonomic}
   size_t MinHeapDeltaBytes                        = 524288                                    {product} {ergonomic}
   size_t MinHeapSize                              = 104857600                                 {product} {command line}
   size_t NewSize                                  = 34603008                                  {product} {ergonomic}
    uintx NonNMethodCodeHeapSize                   = 5832780                                {pd product} {ergonomic}
    uintx NonProfiledCodeHeapSize                  = 122912730                              {pd product} {ergonomic}
   size_t OldSize                                  = 70254592                                  {product} {ergonomic}
    uintx ProfiledCodeHeapSize                     = 122912730                              {pd product} {ergonomic}
    uintx ReservedCodeCacheSize                    = 251658240                              {pd product} {ergonomic}
     bool SegmentedCodeCache                       = true                                      {product} {ergonomic}
   size_t SoftMaxHeapSize                          = 1073741824                             {manageable} {ergonomic}
     bool UseCompressedClassPointers               = true                           {product lp64_product} {ergonomic}
     bool UseCompressedOops                        = true                           {product lp64_product} {ergonomic}
     bool UseLargePagesIndividualAllocation        = false                                  {pd product} {ergonomic}
     bool UseParallelGC                            = true                                      {product} {command line}

Logging:
Log output configuration:
 #0: stdout all=off uptime,level,tags
 #1: stderr all=off uptime,level,tags

Environment Variables:
JAVA_HOME=C:\Program Files\Java\jdk-11.0.9
PATH=C:\Program Files\Python310\Scripts\;C:\Program Files\Python310\;C:\Program Files (x86)\Common Files\Intel\Shared Libraries\redist\intel64\compiler;C:\WINDOWS\system32;C:\WINDOWS;C:\WINDOWS\System32\Wbem;C:\WINDOWS\System32\WindowsPowerShell\v1.0\;C:\WINDOWS\System32\OpenSSH\;C:\wamp64\www\scriptcase\components\php;C:\wamp64\bin\php\php7.4.26;C:\wamp64\bin\php\php7.3.25;C:\wamp64\bin\php\php7.1.29;C:\Program Files\nodejs;C:\Program Files\PuTTY\;C:\ProgramData\ComposerSetup\bin;C:\Program Files\Git\cmd;C:\Program Files (x86)\Yarn\bin\;C:\Program Files\Java\jdk-11.0.9\bin;C:\Users\HP\AppData\Local\Programs\Python\Python37;C:\Users\HP\AppData\Local\Programs\Python\Python37\Scripts;C:\Users\HP\AppData\Local\Android\flutter\bin;C:\Users\HP\AppData\Roaming\Composer\vendor\laravel\installer\bin;C:\Program Files (x86)\Bitvise SSH Client;C:\wamp64\www\apache-maven-3.8.4\bin;C:\Program Files\NetMake\v9-php73\components\php;C:\Program Files\Docker\Docker\resources\bin;C:\Program Files\nodejs\;C:\Program Files\CMake\bin;C:\Program Files\Java\jdk-11.0.19\bin;C:\Users\HP\AppData\Local\Programs\Python\Python310\Scripts\;C:\Users\HP\AppData\Local\Programs\Python\Python310\;C:\Users\HP\AppData\Local\Microsoft\WindowsApps;C:\Users\HP\AppData\Roaming\Composer\vendor\bin;C:\Users\HP\AppData\Local\Yarn\bin;C:\Program Files\heroku\bin;C:\Users\HP\AppData\Local\Programs\Microsoft VS Code\bin;C:\Users\HP\AppData\Local\GitHubDesktop\bin;C:\Users\HP\AppData\Roaming\npm;
USERNAME=HP
OS=Windows_NT
PROCESSOR_IDENTIFIER=Intel64 Family 6 Model 142 Stepping 10, GenuineIntel
TMP=C:\Users\HP\AppData\Local\Temp
TEMP=C:\Users\HP\AppData\Local\Temp



---------------  S Y S T E M  ---------------

OS:
 Windows 10 , 64 bit Build 19041 (10.0.19041.3155)
OS uptime: 0 days 4:07 hours
Hyper-V role detected

CPU: total 4 (initial active 4) (2 cores per cpu, 2 threads per core) family 6 model 142 stepping 10 microcode 0xca, cx8, cmov, fxsr, ht, mmx, 3dnowpref, sse, sse2, sse3, ssse3, sse4.1, sse4.2, popcnt, lzcnt, tsc, tscinvbit, avx, avx2, aes, erms, clmul, bmi1, bmi2, adx, fma, vzeroupper, clflush, clflushopt, hv

Memory: 4k page, system-wide physical 12199M (3251M free)
TotalPageFile size 14247M (AvailPageFile size 89M)
current process WorkingSet (physical memory assigned to process): 495M, peak: 726M
current process commit charge ("private bytes"): 524M, peak: 1004M

vm_info: OpenJDK 64-Bit Server VM (17.0.7+7) for windows-amd64 JRE (17.0.7+7), built on Apr 18 2023 22:10:42 by "temurin" with MS VC++ 16.7 (VS2019)

END.
