#
# There is insufficient memory for the Java Runtime Environment to continue.
# Native memory allocation (malloc) failed to allocate 2097152 bytes for AllocateHeap
# Possible reasons:
#   The system is out of physical RAM or swap space
#   The process is running with CompressedOops enabled, and the Java Heap may be blocking the growth of the native heap
# Possible solutions:
#   Reduce memory load on the system
#   Increase physical memory or swap space
#   Check if swap backing store is full
#   Decrease Java heap size (-Xmx/-Xms)
#   Decrease number of Java threads
#   Decrease Java thread stack sizes (-Xss)
#   Set larger code cache with -XX:ReservedCodeCacheSize=
#   JVM is running with Unscaled Compressed Oops mode in which the Java heap is
#     placed in the first 4GB address space. The Java Heap base address is the
#     maximum limit for the native heap growth. Please use -XX:HeapBaseMinAddress
#     to set the Java Heap base and to place the Java Heap above 4GB virtual address.
# This output file may be truncated or incomplete.
#
#  Out of Memory Error (allocation.cpp:44), pid=9844, tid=6832
#
# JRE version: OpenJDK Runtime Environment Temurin-17.0.7+7 (17.0.7+7) (build 17.0.7+7)
# Java VM: OpenJDK 64-Bit Server VM Temurin-17.0.7+7 (17.0.7+7, mixed mode, emulated-client, tiered, compressed oops, compressed class ptrs, g1 gc, windows-amd64)
# No core dump will be written. Minidumps are not enabled by default on client versions of Windows
#

---------------  S U M M A R Y ------------

Command Line: -XX:+HeapDumpOnOutOfMemoryError -Xmx1024m -Dsts.lsp.client=vscode -Dsts.log.file=/dev/null -XX:TieredStopAtLevel=1 -Xlog:jni+resolve=off -Dspring.config.location=file:c:\Users\HP\.vscode\extensions\vmware.vscode-spring-boot-1.46.0\language-server\BOOT-INF\classes\application.properties org.springframework.ide.vscode.boot.app.BootLanguageServerBootApp

Host: Intel(R) Core(TM) i3-8130U CPU @ 2.20GHz, 4 cores, 11G,  Windows 10 , 64 bit Build 19041 (10.0.19041.2913)
Time: Mon May 22 15:51:11 2023 Afr. centrale Ouest elapsed time: 23872.387156 seconds (0d 6h 37m 52s)

---------------  T H R E A D  ---------------

Current thread (0x0000024a002aed70):  VMThread "VM Thread" [stack: 0x000000ada0b00000,0x000000ada0c00000] [id=6832]

Stack: [0x000000ada0b00000,0x000000ada0c00000]
Native frames: (J=compiled Java code, j=interpreted, Vv=VM code, C=native code)
V  [jvm.dll+0x67754a]
V  [jvm.dll+0x834304]
V  [jvm.dll+0x835aae]
V  [jvm.dll+0x836113]
V  [jvm.dll+0x24696f]
V  [jvm.dll+0xa681f]
V  [jvm.dll+0x2f7481]
V  [jvm.dll+0x2f30f0]
V  [jvm.dll+0x2db6c7]
V  [jvm.dll+0x31e777]
V  [jvm.dll+0x83a5bb]
V  [jvm.dll+0x83b2f4]
V  [jvm.dll+0x83b80c]
V  [jvm.dll+0x83bbe4]
V  [jvm.dll+0x83bcb0]
V  [jvm.dll+0x7e4e7a]
V  [jvm.dll+0x676395]
C  [ucrtbase.dll+0x21bb2]
C  [KERNEL32.DLL+0x17614]
C  [ntdll.dll+0x526a1]

VM_Operation (0x000000ada1cfeaa0): G1CollectFull, mode: safepoint, requested by thread 0x0000024a0549f840


---------------  P R O C E S S  ---------------

Threads class SMR info:
_java_thread_list=0x0000024a0fba8720, length=24, elements={
0x0000024a002d4750, 0x0000024a002d54d0, 0x0000024a0030b010, 0x0000024a0030bd90,
0x0000024a0030d760, 0x0000024a0030e020, 0x0000024a0030e990, 0x0000024a0047cbd0,
0x0000024a00660980, 0x0000024a00659630, 0x0000024a05650600, 0x0000024a05f88050,
0x0000024a0549f840, 0x0000024a05efd020, 0x0000024a75d32c50, 0x0000024a05fcb340,
0x0000024a059cc880, 0x0000024a0576bfa0, 0x0000024a05768ab0, 0x0000024a064804b0,
0x0000024a0647f640, 0x0000024a0647eca0, 0x0000024a0647c620, 0x0000024a06479130
}

Java Threads: ( => current thread )
  0x0000024a002d4750 JavaThread "Reference Handler" daemon [_thread_blocked, id=15200, stack(0x000000ada0c00000,0x000000ada0d00000)]
  0x0000024a002d54d0 JavaThread "Finalizer" daemon [_thread_blocked, id=472, stack(0x000000ada0d00000,0x000000ada0e00000)]
  0x0000024a0030b010 JavaThread "Signal Dispatcher" daemon [_thread_blocked, id=13964, stack(0x000000ada0e00000,0x000000ada0f00000)]
  0x0000024a0030bd90 JavaThread "Attach Listener" daemon [_thread_blocked, id=17932, stack(0x000000ada0f00000,0x000000ada1000000)]
  0x0000024a0030d760 JavaThread "Service Thread" daemon [_thread_blocked, id=7372, stack(0x000000ada1000000,0x000000ada1100000)]
  0x0000024a0030e020 JavaThread "Monitor Deflation Thread" daemon [_thread_blocked, id=16960, stack(0x000000ada1100000,0x000000ada1200000)]
  0x0000024a0030e990 JavaThread "C1 CompilerThread0" daemon [_thread_blocked, id=9332, stack(0x000000ada1200000,0x000000ada1300000)]
  0x0000024a0047cbd0 JavaThread "Sweeper thread" daemon [_thread_blocked, id=5976, stack(0x000000ada1300000,0x000000ada1400000)]
  0x0000024a00660980 JavaThread "Notification Thread" daemon [_thread_blocked, id=15984, stack(0x000000ada1600000,0x000000ada1700000)]
  0x0000024a00659630 JavaThread "Common-Cleaner" daemon [_thread_blocked, id=15860, stack(0x000000ada1800000,0x000000ada1900000)]
  0x0000024a05650600 JavaThread "boundedElastic-evictor-1" daemon [_thread_blocked, id=17252, stack(0x000000ada1400000,0x000000ada1500000)]
  0x0000024a05f88050 JavaThread "boundedElastic-evictor-2" daemon [_thread_blocked, id=11744, stack(0x000000ada1500000,0x000000ada1600000)]
  0x0000024a0549f840 JavaThread "pool-10-thread-1" [_thread_blocked, id=9948, stack(0x000000ada1c00000,0x000000ada1d00000)]
  0x0000024a05efd020 JavaThread "LanguageServerApp-lifecycle" [_thread_blocked, id=16796, stack(0x000000ada1d00000,0x000000ada1e00000)]
  0x0000024a75d32c50 JavaThread "DestroyJavaVM" [_thread_blocked, id=17280, stack(0x000000ada0500000,0x000000ada0600000)]
  0x0000024a05fcb340 JavaThread "pool-11-thread-1" [_thread_in_native, id=6064, stack(0x000000ada1e00000,0x000000ada1f00000)]
  0x0000024a059cc880 JavaThread "Simple-Language-Server main thread" daemon [_thread_blocked, id=14148, stack(0x000000ada1f00000,0x000000ada2000000)]
  0x0000024a0576bfa0 JavaThread "pool-6-thread-1" [_thread_blocked, id=14428, stack(0x000000ada2300000,0x000000ada2400000)]
  0x0000024a05768ab0 JavaThread "parallel-1" daemon [_thread_blocked, id=14712, stack(0x000000ada2d00000,0x000000ada2e00000)]
  0x0000024a064804b0 JavaThread "pool-4-thread-1" [_thread_blocked, id=15260, stack(0x000000ada3300000,0x000000ada3400000)]
  0x0000024a0647f640 JavaThread "parallel-2" daemon [_thread_blocked, id=14600, stack(0x000000ada3500000,0x000000ada3600000)]
  0x0000024a0647eca0 JavaThread "parallel-3" daemon [_thread_blocked, id=15512, stack(0x000000ada2700000,0x000000ada2800000)]
  0x0000024a0647c620 JavaThread "parallel-4" daemon [_thread_blocked, id=9764, stack(0x000000ada2800000,0x000000ada2900000)]
  0x0000024a06479130 JavaThread "Reconciler-1" daemon [_thread_blocked, id=16280, stack(0x000000ada2900000,0x000000ada2a00000)]

Other Threads:
=>0x0000024a002aed70 VMThread "VM Thread" [stack: 0x000000ada0b00000,0x000000ada0c00000] [id=6832]
  0x0000024a006593a0 WatcherThread [stack: 0x000000ada1700000,0x000000ada1800000] [id=10824]
  0x0000024a75d72760 GCTaskThread "GC Thread#0" [stack: 0x000000ada0600000,0x000000ada0700000] [id=17236]
  0x0000024a005d7be0 GCTaskThread "GC Thread#1" [stack: 0x000000ada1900000,0x000000ada1a00000] [id=17096]
  0x0000024a054b9fb0 GCTaskThread "GC Thread#2" [stack: 0x000000ada1a00000,0x000000ada1b00000] [id=13668]
  0x0000024a00506560 GCTaskThread "GC Thread#3" [stack: 0x000000ada1b00000,0x000000ada1c00000] [id=3168]
  0x0000024a75d7b5b0 ConcurrentGCThread "G1 Main Marker" [stack: 0x000000ada0700000,0x000000ada0800000] [id=4296]
  0x0000024a75d7bed0 ConcurrentGCThread "G1 Conc#0" [stack: 0x000000ada0800000,0x000000ada0900000] [id=14668]
  0x0000024a001300a0 ConcurrentGCThread "G1 Refine#0" [stack: 0x000000ada0900000,0x000000ada0a00000] [id=7996]
  0x0000024a063153e0 ConcurrentGCThread "G1 Refine#1" [stack: 0x000000ada3400000,0x000000ada3500000] [id=16800]
  0x0000024a063156c0 ConcurrentGCThread "G1 Refine#2" [stack: 0x000000ada3900000,0x000000ada3a00000] [id=18248]
  0x0000024a06314580 ConcurrentGCThread "G1 Refine#3" [stack: 0x000000ada3a00000,0x000000ada3b00000] [id=17440]
  0x0000024a001319e0 ConcurrentGCThread "G1 Service" [stack: 0x000000ada0a00000,0x000000ada0b00000] [id=14844]

Threads with active compile tasks:

VM state: at safepoint (normal execution)

VM Mutex/Monitor currently owned by a thread:  ([mutex/lock_event])
[0x0000024a73c0c040] Threads_lock - owner thread: 0x0000024a002aed70
[0x0000024a75d2f470] Heap_lock - owner thread: 0x0000024a0549f840

Heap address: 0x00000000c0000000, size: 1024 MB, Compressed Oops mode: 32-bit

CDS archive(s) not mapped
Compressed class space mapped at: 0x0000000100000000-0x0000000140000000, reserved size: 1073741824
Narrow klass base: 0x0000000000000000, Narrow klass shift: 3, Narrow klass range: 0x140000000

GC Precious Log:
 CPUs: 4 total, 4 available
 Memory: 12199M
 Large Page Support: Disabled
 NUMA Support: Disabled
 Compressed Oops: Enabled (32-bit)
 Heap Region Size: 1M
 Heap Min Capacity: 8M
 Heap Initial Capacity: 192M
 Heap Max Capacity: 1G
 Pre-touch: Disabled
 Parallel Workers: 4
 Concurrent Workers: 1
 Concurrent Refinement Workers: 4
 Periodic GC: Disabled

Heap:
 garbage-first heap   total 389120K, used 116484K [0x00000000c0000000, 0x0000000100000000)
  region size 1024K, 1 young (1024K), 0 survivors (0K)
 Metaspace       used 72989K, committed 73472K, reserved 1114112K
  class space    used 10039K, committed 10240K, reserved 1048576K

Heap Regions: E=young(eden), S=young(survivor), O=old, HS=humongous(starts), HC=humongous(continues), CS=collection set, F=free, OA=open archive, CA=closed archive, TAMS=top-at-mark-start (previous, next)
|   0|0x00000000c0000000, 0x00000000c00ffff8, 0x00000000c0100000| 99%| O|  |TAMS 0x00000000c00ffff8, 0x00000000c0000000| Untracked 
|   1|0x00000000c0100000, 0x00000000c01fffd0, 0x00000000c0200000| 99%| O|  |TAMS 0x00000000c01fffd0, 0x00000000c0100000| Untracked 
|   2|0x00000000c0200000, 0x00000000c02fffd0, 0x00000000c0300000| 99%| O|  |TAMS 0x00000000c02fffd0, 0x00000000c0200000| Untracked 
|   3|0x00000000c0300000, 0x00000000c0400000, 0x00000000c0400000|100%| O|  |TAMS 0x00000000c0400000, 0x00000000c0300000| Untracked 
|   4|0x00000000c0400000, 0x00000000c04ffff8, 0x00000000c0500000| 99%| O|  |TAMS 0x00000000c04ffff8, 0x00000000c0400000| Untracked 
|   5|0x00000000c0500000, 0x00000000c0600000, 0x00000000c0600000|100%| O|  |TAMS 0x00000000c0600000, 0x00000000c0500000| Untracked 
|   6|0x00000000c0600000, 0x00000000c06fe580, 0x00000000c0700000| 99%| O|  |TAMS 0x00000000c06fe580, 0x00000000c0600000| Untracked 
|   7|0x00000000c0700000, 0x00000000c07fffe0, 0x00000000c0800000| 99%| O|  |TAMS 0x00000000c07fffe0, 0x00000000c0700000| Untracked 
|   8|0x00000000c0800000, 0x00000000c08ffff0, 0x00000000c0900000| 99%| O|  |TAMS 0x00000000c08ffff0, 0x00000000c0800000| Untracked 
|   9|0x00000000c0900000, 0x00000000c09ffff8, 0x00000000c0a00000| 99%| O|  |TAMS 0x00000000c09ffff8, 0x00000000c0900000| Untracked 
|  10|0x00000000c0a00000, 0x00000000c0b00000, 0x00000000c0b00000|100%| O|  |TAMS 0x00000000c0b00000, 0x00000000c0a00000| Untracked 
|  11|0x00000000c0b00000, 0x00000000c0bffff8, 0x00000000c0c00000| 99%| O|  |TAMS 0x00000000c0bffff8, 0x00000000c0b00000| Untracked 
|  12|0x00000000c0c00000, 0x00000000c0cffff8, 0x00000000c0d00000| 99%| O|  |TAMS 0x00000000c0cffff8, 0x00000000c0c00000| Untracked 
|  13|0x00000000c0d00000, 0x00000000c0dfffe8, 0x00000000c0e00000| 99%| O|  |TAMS 0x00000000c0dfffe8, 0x00000000c0d00000| Untracked 
|  14|0x00000000c0e00000, 0x00000000c0effff8, 0x00000000c0f00000| 99%| O|  |TAMS 0x00000000c0effff8, 0x00000000c0e00000| Untracked 
|  15|0x00000000c0f00000, 0x00000000c1000000, 0x00000000c1000000|100%| O|  |TAMS 0x00000000c1000000, 0x00000000c0f00000| Untracked 
|  16|0x00000000c1000000, 0x00000000c10ffff0, 0x00000000c1100000| 99%| O|  |TAMS 0x00000000c10ffff0, 0x00000000c1000000| Untracked 
|  17|0x00000000c1100000, 0x00000000c11fc8b0, 0x00000000c1200000| 98%| O|  |TAMS 0x00000000c11fc8b0, 0x00000000c1100000| Untracked 
|  18|0x00000000c1200000, 0x00000000c12fffd0, 0x00000000c1300000| 99%| O|  |TAMS 0x00000000c12fffd0, 0x00000000c1200000| Untracked 
|  19|0x00000000c1300000, 0x00000000c13fff98, 0x00000000c1400000| 99%| O|  |TAMS 0x00000000c13fff98, 0x00000000c1300000| Untracked 
|  20|0x00000000c1400000, 0x00000000c14fffb8, 0x00000000c1500000| 99%| O|  |TAMS 0x00000000c14fffb8, 0x00000000c1400000| Untracked 
|  21|0x00000000c1500000, 0x00000000c1600000, 0x00000000c1600000|100%| O|  |TAMS 0x00000000c1600000, 0x00000000c1500000| Untracked 
|  22|0x00000000c1600000, 0x00000000c16fffe8, 0x00000000c1700000| 99%| O|  |TAMS 0x00000000c16fffe8, 0x00000000c1600000| Untracked 
|  23|0x00000000c1700000, 0x00000000c17ffff8, 0x00000000c1800000| 99%| O|  |TAMS 0x00000000c17ffff8, 0x00000000c1700000| Untracked 
|  24|0x00000000c1800000, 0x00000000c18fffe0, 0x00000000c1900000| 99%| O|  |TAMS 0x00000000c18fffe0, 0x00000000c1800000| Untracked 
|  25|0x00000000c1900000, 0x00000000c1a00000, 0x00000000c1a00000|100%| O|  |TAMS 0x00000000c1a00000, 0x00000000c1900000| Untracked 
|  26|0x00000000c1a00000, 0x00000000c1b00000, 0x00000000c1b00000|100%| O|  |TAMS 0x00000000c1b00000, 0x00000000c1a00000| Untracked 
|  27|0x00000000c1b00000, 0x00000000c1bfff28, 0x00000000c1c00000| 99%| O|  |TAMS 0x00000000c1bfff28, 0x00000000c1b00000| Untracked 
|  28|0x00000000c1c00000, 0x00000000c1cf9878, 0x00000000c1d00000| 97%| O|  |TAMS 0x00000000c1cf9878, 0x00000000c1c00000| Untracked 
|  29|0x00000000c1d00000, 0x00000000c1dfffc0, 0x00000000c1e00000| 99%| O|  |TAMS 0x00000000c1dfffc0, 0x00000000c1d00000| Untracked 
|  30|0x00000000c1e00000, 0x00000000c1efffd0, 0x00000000c1f00000| 99%| O|  |TAMS 0x00000000c1efffd0, 0x00000000c1e00000| Untracked 
|  31|0x00000000c1f00000, 0x00000000c1ffffc8, 0x00000000c2000000| 99%| O|  |TAMS 0x00000000c1ffffc8, 0x00000000c1f00000| Untracked 
|  32|0x00000000c2000000, 0x00000000c20ffff0, 0x00000000c2100000| 99%| O|  |TAMS 0x00000000c20ffff0, 0x00000000c2000000| Untracked 
|  33|0x00000000c2100000, 0x00000000c21ffff8, 0x00000000c2200000| 99%| O|  |TAMS 0x00000000c21ffff8, 0x00000000c2100000| Untracked 
|  34|0x00000000c2200000, 0x00000000c22ffff8, 0x00000000c2300000| 99%| O|  |TAMS 0x00000000c22ffff8, 0x00000000c2200000| Untracked 
|  35|0x00000000c2300000, 0x00000000c23ffff0, 0x00000000c2400000| 99%| O|  |TAMS 0x00000000c23ffff0, 0x00000000c2300000| Untracked 
|  36|0x00000000c2400000, 0x00000000c24fced8, 0x00000000c2500000| 98%| O|  |TAMS 0x00000000c24fced8, 0x00000000c2400000| Untracked 
|  37|0x00000000c2500000, 0x00000000c25fffc0, 0x00000000c2600000| 99%| O|  |TAMS 0x00000000c25fffc0, 0x00000000c2500000| Untracked 
|  38|0x00000000c2600000, 0x00000000c2700000, 0x00000000c2700000|100%| O|  |TAMS 0x00000000c2700000, 0x00000000c2600000| Untracked 
|  39|0x00000000c2700000, 0x00000000c27fffc8, 0x00000000c2800000| 99%| O|  |TAMS 0x00000000c27fffc8, 0x00000000c2700000| Untracked 
|  40|0x00000000c2800000, 0x00000000c2900000, 0x00000000c2900000|100%| O|  |TAMS 0x00000000c2900000, 0x00000000c2800000| Untracked 
|  41|0x00000000c2900000, 0x00000000c29fffd8, 0x00000000c2a00000| 99%| O|  |TAMS 0x00000000c29fffd8, 0x00000000c2900000| Untracked 
|  42|0x00000000c2a00000, 0x00000000c2affff8, 0x00000000c2b00000| 99%| O|  |TAMS 0x00000000c2affff8, 0x00000000c2a00000| Untracked 
|  43|0x00000000c2b00000, 0x00000000c2c00000, 0x00000000c2c00000|100%|HS|  |TAMS 0x00000000c2c00000, 0x00000000c2b00000| Untracked 
|  44|0x00000000c2c00000, 0x00000000c2cffff8, 0x00000000c2d00000| 99%| O|  |TAMS 0x00000000c2cffff8, 0x00000000c2c00000| Untracked 
|  45|0x00000000c2d00000, 0x00000000c2dfff38, 0x00000000c2e00000| 99%| O|  |TAMS 0x00000000c2dfff38, 0x00000000c2d00000| Untracked 
|  46|0x00000000c2e00000, 0x00000000c2efffd0, 0x00000000c2f00000| 99%| O|  |TAMS 0x00000000c2efffd0, 0x00000000c2e00000| Untracked 
|  47|0x00000000c2f00000, 0x00000000c2fffff0, 0x00000000c3000000| 99%| O|  |TAMS 0x00000000c2fffff0, 0x00000000c2f00000| Untracked 
|  48|0x00000000c3000000, 0x00000000c30fff98, 0x00000000c3100000| 99%| O|  |TAMS 0x00000000c30fff98, 0x00000000c3000000| Untracked 
|  49|0x00000000c3100000, 0x00000000c31ffff8, 0x00000000c3200000| 99%| O|  |TAMS 0x00000000c31ffff8, 0x00000000c3100000| Untracked 
|  50|0x00000000c3200000, 0x00000000c3300000, 0x00000000c3300000|100%| O|  |TAMS 0x00000000c3300000, 0x00000000c3200000| Untracked 
|  51|0x00000000c3300000, 0x00000000c33ffff8, 0x00000000c3400000| 99%| O|  |TAMS 0x00000000c33ffff8, 0x00000000c3300000| Untracked 
|  52|0x00000000c3400000, 0x00000000c34ffff0, 0x00000000c3500000| 99%| O|  |TAMS 0x00000000c34ffff0, 0x00000000c3400000| Untracked 
|  53|0x00000000c3500000, 0x00000000c35ffff8, 0x00000000c3600000| 99%| O|  |TAMS 0x00000000c35ffff8, 0x00000000c3500000| Untracked 
|  54|0x00000000c3600000, 0x00000000c36fffe8, 0x00000000c3700000| 99%| O|  |TAMS 0x00000000c36fffe8, 0x00000000c3600000| Untracked 
|  55|0x00000000c3700000, 0x00000000c37ffff0, 0x00000000c3800000| 99%| O|  |TAMS 0x00000000c37ffff0, 0x00000000c3700000| Untracked 
|  56|0x00000000c3800000, 0x00000000c38fffd0, 0x00000000c3900000| 99%| O|  |TAMS 0x00000000c38fffd0, 0x00000000c3800000| Untracked 
|  57|0x00000000c3900000, 0x00000000c39fffe8, 0x00000000c3a00000| 99%| O|  |TAMS 0x00000000c39fffe8, 0x00000000c3900000| Untracked 
|  58|0x00000000c3a00000, 0x00000000c3afffe8, 0x00000000c3b00000| 99%| O|  |TAMS 0x00000000c3afffe8, 0x00000000c3a00000| Untracked 
|  59|0x00000000c3b00000, 0x00000000c3bffff0, 0x00000000c3c00000| 99%| O|  |TAMS 0x00000000c3bffff0, 0x00000000c3b00000| Untracked 
|  60|0x00000000c3c00000, 0x00000000c3cfffd8, 0x00000000c3d00000| 99%| O|  |TAMS 0x00000000c3cfffd8, 0x00000000c3c00000| Untracked 
|  61|0x00000000c3d00000, 0x00000000c3e00000, 0x00000000c3e00000|100%| O|  |TAMS 0x00000000c3e00000, 0x00000000c3d00000| Untracked 
|  62|0x00000000c3e00000, 0x00000000c3efffe8, 0x00000000c3f00000| 99%| O|  |TAMS 0x00000000c3efffe8, 0x00000000c3e00000| Untracked 
|  63|0x00000000c3f00000, 0x00000000c3ffffe0, 0x00000000c4000000| 99%| O|  |TAMS 0x00000000c3ffffe0, 0x00000000c3f00000| Untracked 
|  64|0x00000000c4000000, 0x00000000c4100000, 0x00000000c4100000|100%| O|  |TAMS 0x00000000c4100000, 0x00000000c4000000| Untracked 
|  65|0x00000000c4100000, 0x00000000c4200000, 0x00000000c4200000|100%| O|  |TAMS 0x00000000c4200000, 0x00000000c4100000| Untracked 
|  66|0x00000000c4200000, 0x00000000c42fffd0, 0x00000000c4300000| 99%| O|  |TAMS 0x00000000c42fffd0, 0x00000000c4200000| Untracked 
|  67|0x00000000c4300000, 0x00000000c43ffff8, 0x00000000c4400000| 99%| O|  |TAMS 0x00000000c43ffff8, 0x00000000c4300000| Untracked 
|  68|0x00000000c4400000, 0x00000000c44ffff8, 0x00000000c4500000| 99%| O|  |TAMS 0x00000000c44ffff8, 0x00000000c4400000| Untracked 
|  69|0x00000000c4500000, 0x00000000c4600000, 0x00000000c4600000|100%| O|  |TAMS 0x00000000c4600000, 0x00000000c4500000| Untracked 
|  70|0x00000000c4600000, 0x00000000c4700000, 0x00000000c4700000|100%| O|  |TAMS 0x00000000c4700000, 0x00000000c4600000| Untracked 
|  71|0x00000000c4700000, 0x00000000c47fffb8, 0x00000000c4800000| 99%| O|  |TAMS 0x00000000c47fffb8, 0x00000000c4700000| Untracked 
|  72|0x00000000c4800000, 0x00000000c4900000, 0x00000000c4900000|100%| O|  |TAMS 0x00000000c4900000, 0x00000000c4800000| Untracked 
|  73|0x00000000c4900000, 0x00000000c49ffff0, 0x00000000c4a00000| 99%| O|  |TAMS 0x00000000c49ffff0, 0x00000000c4900000| Untracked 
|  74|0x00000000c4a00000, 0x00000000c4afffd8, 0x00000000c4b00000| 99%| O|  |TAMS 0x00000000c4afffd8, 0x00000000c4a00000| Untracked 
|  75|0x00000000c4b00000, 0x00000000c4bffbc0, 0x00000000c4c00000| 99%| O|  |TAMS 0x00000000c4bffbc0, 0x00000000c4b00000| Untracked 
|  76|0x00000000c4c00000, 0x00000000c4cfffe8, 0x00000000c4d00000| 99%| O|  |TAMS 0x00000000c4cfffe8, 0x00000000c4c00000| Untracked 
|  77|0x00000000c4d00000, 0x00000000c4e00000, 0x00000000c4e00000|100%| O|  |TAMS 0x00000000c4e00000, 0x00000000c4d00000| Untracked 
|  78|0x00000000c4e00000, 0x00000000c4efffe0, 0x00000000c4f00000| 99%| O|  |TAMS 0x00000000c4efffe0, 0x00000000c4e00000| Untracked 
|  79|0x00000000c4f00000, 0x00000000c4fffc88, 0x00000000c5000000| 99%| O|  |TAMS 0x00000000c4fffc88, 0x00000000c4f00000| Untracked 
|  80|0x00000000c5000000, 0x00000000c50ffff8, 0x00000000c5100000| 99%| O|  |TAMS 0x00000000c50ffff8, 0x00000000c5000000| Untracked 
|  81|0x00000000c5100000, 0x00000000c51ffff0, 0x00000000c5200000| 99%| O|  |TAMS 0x00000000c51ffff0, 0x00000000c5100000| Untracked 
|  82|0x00000000c5200000, 0x00000000c52fffd8, 0x00000000c5300000| 99%| O|  |TAMS 0x00000000c52fffd8, 0x00000000c5200000| Untracked 
|  83|0x00000000c5300000, 0x00000000c53ffff8, 0x00000000c5400000| 99%| O|  |TAMS 0x00000000c53ffff8, 0x00000000c5300000| Untracked 
|  84|0x00000000c5400000, 0x00000000c54ffff0, 0x00000000c5500000| 99%| O|  |TAMS 0x00000000c54ffff0, 0x00000000c5400000| Untracked 
|  85|0x00000000c5500000, 0x00000000c5600000, 0x00000000c5600000|100%| O|  |TAMS 0x00000000c5600000, 0x00000000c5500000| Untracked 
|  86|0x00000000c5600000, 0x00000000c5700000, 0x00000000c5700000|100%| O|  |TAMS 0x00000000c5700000, 0x00000000c5600000| Untracked 
|  87|0x00000000c5700000, 0x00000000c57fffe0, 0x00000000c5800000| 99%| O|  |TAMS 0x00000000c57fffe0, 0x00000000c5700000| Untracked 
|  88|0x00000000c5800000, 0x00000000c58fcce8, 0x00000000c5900000| 98%| O|  |TAMS 0x00000000c58fcce8, 0x00000000c5800000| Untracked 
|  89|0x00000000c5900000, 0x00000000c5a00000, 0x00000000c5a00000|100%| O|  |TAMS 0x00000000c5a00000, 0x00000000c5900000| Untracked 
|  90|0x00000000c5a00000, 0x00000000c5afffe0, 0x00000000c5b00000| 99%| O|  |TAMS 0x00000000c5afffe0, 0x00000000c5a00000| Untracked 
|  91|0x00000000c5b00000, 0x00000000c5bd40d0, 0x00000000c5c00000| 82%| O|  |TAMS 0x00000000c5b00000, 0x00000000c5b00000| Untracked 
|  92|0x00000000c5c00000, 0x00000000c5cffff8, 0x00000000c5d00000| 99%| O|  |TAMS 0x00000000c5cffff8, 0x00000000c5c00000| Untracked 
|  93|0x00000000c5d00000, 0x00000000c5d00000, 0x00000000c5e00000|  0%| F|  |TAMS 0x00000000c5d00000, 0x00000000c5d00000| Untracked 
|  94|0x00000000c5e00000, 0x00000000c5e00000, 0x00000000c5f00000|  0%| F|  |TAMS 0x00000000c5e00000, 0x00000000c5e00000| Untracked 
|  95|0x00000000c5f00000, 0x00000000c5f00000, 0x00000000c6000000|  0%| F|  |TAMS 0x00000000c5f00000, 0x00000000c5f00000| Untracked 
|  96|0x00000000c6000000, 0x00000000c6000000, 0x00000000c6100000|  0%| F|  |TAMS 0x00000000c6000000, 0x00000000c6000000| Untracked 
|  97|0x00000000c6100000, 0x00000000c6100000, 0x00000000c6200000|  0%| F|  |TAMS 0x00000000c6100000, 0x00000000c6100000| Untracked 
|  98|0x00000000c6200000, 0x00000000c6200000, 0x00000000c6300000|  0%| F|  |TAMS 0x00000000c6200000, 0x00000000c6200000| Untracked 
|  99|0x00000000c6300000, 0x00000000c6300000, 0x00000000c6400000|  0%| F|  |TAMS 0x00000000c6300000, 0x00000000c6300000| Untracked 
| 100|0x00000000c6400000, 0x00000000c6400000, 0x00000000c6500000|  0%| F|  |TAMS 0x00000000c6400000, 0x00000000c6400000| Untracked 
| 101|0x00000000c6500000, 0x00000000c6500000, 0x00000000c6600000|  0%| F|  |TAMS 0x00000000c6500000, 0x00000000c6500000| Untracked 
| 102|0x00000000c6600000, 0x00000000c6600000, 0x00000000c6700000|  0%| F|  |TAMS 0x00000000c6600000, 0x00000000c6600000| Untracked 
| 103|0x00000000c6700000, 0x00000000c6700000, 0x00000000c6800000|  0%| F|  |TAMS 0x00000000c6700000, 0x00000000c6700000| Untracked 
| 104|0x00000000c6800000, 0x00000000c6800000, 0x00000000c6900000|  0%| F|  |TAMS 0x00000000c6800000, 0x00000000c6800000| Untracked 
| 105|0x00000000c6900000, 0x00000000c6a00000, 0x00000000c6a00000|100%|HS|  |TAMS 0x00000000c6a00000, 0x00000000c6900000| Untracked 
| 106|0x00000000c6a00000, 0x00000000c6a00000, 0x00000000c6b00000|  0%| F|  |TAMS 0x00000000c6a00000, 0x00000000c6a00000| Untracked 
| 107|0x00000000c6b00000, 0x00000000c6bfffd8, 0x00000000c6c00000| 99%| O|  |TAMS 0x00000000c6bfffd8, 0x00000000c6b00000| Untracked 
| 108|0x00000000c6c00000, 0x00000000c6c00000, 0x00000000c6d00000|  0%| F|  |TAMS 0x00000000c6c00000, 0x00000000c6c00000| Untracked 
| 109|0x00000000c6d00000, 0x00000000c6d00000, 0x00000000c6e00000|  0%| F|  |TAMS 0x00000000c6d00000, 0x00000000c6d00000| Untracked 
| 110|0x00000000c6e00000, 0x00000000c6e00088, 0x00000000c6f00000|  0%| O|  |TAMS 0x00000000c6e00000, 0x00000000c6e00000| Untracked 
| 111|0x00000000c6f00000, 0x00000000c6f00000, 0x00000000c7000000|  0%| F|  |TAMS 0x00000000c6f00000, 0x00000000c6f00000| Untracked 
| 112|0x00000000c7000000, 0x00000000c7000000, 0x00000000c7100000|  0%| F|  |TAMS 0x00000000c7000000, 0x00000000c7000000| Untracked 
| 113|0x00000000c7100000, 0x00000000c7100000, 0x00000000c7200000|  0%| F|  |TAMS 0x00000000c7100000, 0x00000000c7100000| Untracked 
| 114|0x00000000c7200000, 0x00000000c7200000, 0x00000000c7300000|  0%| F|  |TAMS 0x00000000c7200000, 0x00000000c7200000| Untracked 
| 115|0x00000000c7300000, 0x00000000c7300000, 0x00000000c7400000|  0%| F|  |TAMS 0x00000000c7300000, 0x00000000c7300000| Untracked 
| 116|0x00000000c7400000, 0x00000000c7400000, 0x00000000c7500000|  0%| F|  |TAMS 0x00000000c7400000, 0x00000000c7400000| Untracked 
| 117|0x00000000c7500000, 0x00000000c7500000, 0x00000000c7600000|  0%| F|  |TAMS 0x00000000c7500000, 0x00000000c7500000| Untracked 
| 118|0x00000000c7600000, 0x00000000c7600000, 0x00000000c7700000|  0%| F|  |TAMS 0x00000000c7600000, 0x00000000c7600000| Untracked 
| 119|0x00000000c7700000, 0x00000000c7700000, 0x00000000c7800000|  0%| F|  |TAMS 0x00000000c7700000, 0x00000000c7700000| Untracked 
| 120|0x00000000c7800000, 0x00000000c7800000, 0x00000000c7900000|  0%| F|  |TAMS 0x00000000c7800000, 0x00000000c7800000| Untracked 
| 121|0x00000000c7900000, 0x00000000c7900000, 0x00000000c7a00000|  0%| F|  |TAMS 0x00000000c7900000, 0x00000000c7900000| Untracked 
| 122|0x00000000c7a00000, 0x00000000c7a00000, 0x00000000c7b00000|  0%| F|  |TAMS 0x00000000c7a00000, 0x00000000c7a00000| Untracked 
| 123|0x00000000c7b00000, 0x00000000c7b00000, 0x00000000c7c00000|  0%| F|  |TAMS 0x00000000c7b00000, 0x00000000c7b00000| Untracked 
| 124|0x00000000c7c00000, 0x00000000c7c00000, 0x00000000c7d00000|  0%| F|  |TAMS 0x00000000c7c00000, 0x00000000c7c00000| Untracked 
| 125|0x00000000c7d00000, 0x00000000c7d00000, 0x00000000c7e00000|  0%| F|  |TAMS 0x00000000c7d00000, 0x00000000c7d00000| Untracked 
| 126|0x00000000c7e00000, 0x00000000c7e00000, 0x00000000c7f00000|  0%| F|  |TAMS 0x00000000c7e00000, 0x00000000c7e00000| Untracked 
| 127|0x00000000c7f00000, 0x00000000c8000000, 0x00000000c8000000|100%| O|  |TAMS 0x00000000c8000000, 0x00000000c7f00000| Untracked 
| 128|0x00000000c8000000, 0x00000000c8000000, 0x00000000c8100000|  0%| F|  |TAMS 0x00000000c8000000, 0x00000000c8000000| Untracked 
| 129|0x00000000c8100000, 0x00000000c8100000, 0x00000000c8200000|  0%| F|  |TAMS 0x00000000c8100000, 0x00000000c8100000| Untracked 
| 130|0x00000000c8200000, 0x00000000c8300000, 0x00000000c8300000|100%| O|  |TAMS 0x00000000c8300000, 0x00000000c8200000| Untracked 
| 131|0x00000000c8300000, 0x00000000c8400000, 0x00000000c8400000|100%| O|  |TAMS 0x00000000c8400000, 0x00000000c8300000| Untracked 
| 132|0x00000000c8400000, 0x00000000c8400000, 0x00000000c8500000|  0%| F|  |TAMS 0x00000000c8400000, 0x00000000c8400000| Untracked 
| 133|0x00000000c8500000, 0x00000000c8500000, 0x00000000c8600000|  0%| F|  |TAMS 0x00000000c8500000, 0x00000000c8500000| Untracked 
| 134|0x00000000c8600000, 0x00000000c8600000, 0x00000000c8700000|  0%| F|  |TAMS 0x00000000c8600000, 0x00000000c8600000| Untracked 
| 135|0x00000000c8700000, 0x00000000c8800000, 0x00000000c8800000|100%| O|  |TAMS 0x00000000c8800000, 0x00000000c8700000| Untracked 
| 136|0x00000000c8800000, 0x00000000c8800000, 0x00000000c8900000|  0%| F|  |TAMS 0x00000000c8800000, 0x00000000c8800000| Untracked 
| 137|0x00000000c8900000, 0x00000000c8900000, 0x00000000c8a00000|  0%| F|  |TAMS 0x00000000c8900000, 0x00000000c8900000| Untracked 
| 138|0x00000000c8a00000, 0x00000000c8a00000, 0x00000000c8b00000|  0%| F|  |TAMS 0x00000000c8a00000, 0x00000000c8a00000| Untracked 
| 139|0x00000000c8b00000, 0x00000000c8b00000, 0x00000000c8c00000|  0%| F|  |TAMS 0x00000000c8b00000, 0x00000000c8b00000| Untracked 
| 140|0x00000000c8c00000, 0x00000000c8c00000, 0x00000000c8d00000|  0%| F|  |TAMS 0x00000000c8c00000, 0x00000000c8c00000| Untracked 
| 141|0x00000000c8d00000, 0x00000000c8d00000, 0x00000000c8e00000|  0%| F|  |TAMS 0x00000000c8d00000, 0x00000000c8d00000| Untracked 
| 142|0x00000000c8e00000, 0x00000000c8e00000, 0x00000000c8f00000|  0%| F|  |TAMS 0x00000000c8e00000, 0x00000000c8e00000| Untracked 
| 143|0x00000000c8f00000, 0x00000000c8f00000, 0x00000000c9000000|  0%| F|  |TAMS 0x00000000c8f00000, 0x00000000c8f00000| Untracked 
| 144|0x00000000c9000000, 0x00000000c9000000, 0x00000000c9100000|  0%| F|  |TAMS 0x00000000c9000000, 0x00000000c9000000| Untracked 
| 145|0x00000000c9100000, 0x00000000c9100000, 0x00000000c9200000|  0%| F|  |TAMS 0x00000000c9100000, 0x00000000c9100000| Untracked 
| 146|0x00000000c9200000, 0x00000000c9300000, 0x00000000c9300000|100%|HS|  |TAMS 0x00000000c9300000, 0x00000000c9200000| Untracked 
| 147|0x00000000c9300000, 0x00000000c9400000, 0x00000000c9400000|100%|HC|  |TAMS 0x00000000c9400000, 0x00000000c9300000| Untracked 
| 148|0x00000000c9400000, 0x00000000c9500000, 0x00000000c9500000|100%|HC|  |TAMS 0x00000000c9500000, 0x00000000c9400000| Untracked 
| 149|0x00000000c9500000, 0x00000000c9500000, 0x00000000c9600000|  0%| F|  |TAMS 0x00000000c9500000, 0x00000000c9500000| Untracked 
| 150|0x00000000c9600000, 0x00000000c9700000, 0x00000000c9700000|100%| O|  |TAMS 0x00000000c9700000, 0x00000000c9600000| Untracked 
| 151|0x00000000c9700000, 0x00000000c9700000, 0x00000000c9800000|  0%| F|  |TAMS 0x00000000c9700000, 0x00000000c9700000| Untracked 
| 152|0x00000000c9800000, 0x00000000c9900000, 0x00000000c9900000|100%| O|  |TAMS 0x00000000c9900000, 0x00000000c9800000| Untracked 
| 153|0x00000000c9900000, 0x00000000c9900000, 0x00000000c9a00000|  0%| F|  |TAMS 0x00000000c9900000, 0x00000000c9900000| Untracked 
| 154|0x00000000c9a00000, 0x00000000c9a00000, 0x00000000c9b00000|  0%| F|  |TAMS 0x00000000c9a00000, 0x00000000c9a00000| Untracked 
| 155|0x00000000c9b00000, 0x00000000c9b00000, 0x00000000c9c00000|  0%| F|  |TAMS 0x00000000c9b00000, 0x00000000c9b00000| Untracked 
| 156|0x00000000c9c00000, 0x00000000c9c00000, 0x00000000c9d00000|  0%| F|  |TAMS 0x00000000c9c00000, 0x00000000c9c00000| Untracked 
| 157|0x00000000c9d00000, 0x00000000c9e00000, 0x00000000c9e00000|100%| O|  |TAMS 0x00000000c9e00000, 0x00000000c9d00000| Untracked 
| 158|0x00000000c9e00000, 0x00000000c9f00000, 0x00000000c9f00000|100%| O|  |TAMS 0x00000000c9f00000, 0x00000000c9e00000| Untracked 
| 159|0x00000000c9f00000, 0x00000000c9f00000, 0x00000000ca000000|  0%| F|  |TAMS 0x00000000c9f00000, 0x00000000c9f00000| Untracked 
| 160|0x00000000ca000000, 0x00000000ca100000, 0x00000000ca100000|100%| O|  |TAMS 0x00000000ca100000, 0x00000000ca000000| Untracked 
| 161|0x00000000ca100000, 0x00000000ca200000, 0x00000000ca200000|100%| O|  |TAMS 0x00000000ca200000, 0x00000000ca100000| Untracked 
| 162|0x00000000ca200000, 0x00000000ca200000, 0x00000000ca300000|  0%| F|  |TAMS 0x00000000ca200000, 0x00000000ca200000| Untracked 
| 163|0x00000000ca300000, 0x00000000ca300000, 0x00000000ca400000|  0%| F|  |TAMS 0x00000000ca300000, 0x00000000ca300000| Untracked 
| 164|0x00000000ca400000, 0x00000000ca400000, 0x00000000ca500000|  0%| F|  |TAMS 0x00000000ca400000, 0x00000000ca400000| Untracked 
| 165|0x00000000ca500000, 0x00000000ca500000, 0x00000000ca600000|  0%| F|  |TAMS 0x00000000ca500000, 0x00000000ca500000| Untracked 
| 166|0x00000000ca600000, 0x00000000ca600000, 0x00000000ca700000|  0%| F|  |TAMS 0x00000000ca600000, 0x00000000ca600000| Untracked 
| 167|0x00000000ca700000, 0x00000000ca700000, 0x00000000ca800000|  0%| F|  |TAMS 0x00000000ca700000, 0x00000000ca700000| Untracked 
| 168|0x00000000ca800000, 0x00000000ca800000, 0x00000000ca900000|  0%| F|  |TAMS 0x00000000ca800000, 0x00000000ca800000| Untracked 
| 169|0x00000000ca900000, 0x00000000ca900000, 0x00000000caa00000|  0%| F|  |TAMS 0x00000000ca900000, 0x00000000ca900000| Untracked 
| 170|0x00000000caa00000, 0x00000000caa00000, 0x00000000cab00000|  0%| F|  |TAMS 0x00000000caa00000, 0x00000000caa00000| Untracked 
| 171|0x00000000cab00000, 0x00000000cab00000, 0x00000000cac00000|  0%| F|  |TAMS 0x00000000cab00000, 0x00000000cab00000| Untracked 
| 172|0x00000000cac00000, 0x00000000cac00000, 0x00000000cad00000|  0%| F|  |TAMS 0x00000000cac00000, 0x00000000cac00000| Untracked 
| 173|0x00000000cad00000, 0x00000000cad00000, 0x00000000cae00000|  0%| F|  |TAMS 0x00000000cad00000, 0x00000000cad00000| Untracked 
| 174|0x00000000cae00000, 0x00000000cae00000, 0x00000000caf00000|  0%| F|  |TAMS 0x00000000cae00000, 0x00000000cae00000| Untracked 
| 175|0x00000000caf00000, 0x00000000caf00000, 0x00000000cb000000|  0%| F|  |TAMS 0x00000000caf00000, 0x00000000caf00000| Untracked 
| 176|0x00000000cb000000, 0x00000000cb000000, 0x00000000cb100000|  0%| F|  |TAMS 0x00000000cb000000, 0x00000000cb000000| Untracked 
| 177|0x00000000cb100000, 0x00000000cb100000, 0x00000000cb200000|  0%| F|  |TAMS 0x00000000cb100000, 0x00000000cb100000| Untracked 
| 178|0x00000000cb200000, 0x00000000cb200000, 0x00000000cb300000|  0%| F|  |TAMS 0x00000000cb200000, 0x00000000cb200000| Untracked 
| 179|0x00000000cb300000, 0x00000000cb300000, 0x00000000cb400000|  0%| F|  |TAMS 0x00000000cb300000, 0x00000000cb300000| Untracked 
| 180|0x00000000cb400000, 0x00000000cb400000, 0x00000000cb500000|  0%| F|  |TAMS 0x00000000cb400000, 0x00000000cb400000| Untracked 
| 181|0x00000000cb500000, 0x00000000cb500000, 0x00000000cb600000|  0%| F|  |TAMS 0x00000000cb500000, 0x00000000cb500000| Untracked 
| 182|0x00000000cb600000, 0x00000000cb600000, 0x00000000cb700000|  0%| F|  |TAMS 0x00000000cb600000, 0x00000000cb600000| Untracked 
| 183|0x00000000cb700000, 0x00000000cb700000, 0x00000000cb800000|  0%| F|  |TAMS 0x00000000cb700000, 0x00000000cb700000| Untracked 
| 184|0x00000000cb800000, 0x00000000cb800000, 0x00000000cb900000|  0%| F|  |TAMS 0x00000000cb800000, 0x00000000cb800000| Untracked 
| 185|0x00000000cb900000, 0x00000000cb900000, 0x00000000cba00000|  0%| F|  |TAMS 0x00000000cb900000, 0x00000000cb900000| Untracked 
| 186|0x00000000cba00000, 0x00000000cba00000, 0x00000000cbb00000|  0%| F|  |TAMS 0x00000000cba00000, 0x00000000cba00000| Untracked 
| 187|0x00000000cbb00000, 0x00000000cbb00000, 0x00000000cbc00000|  0%| F|  |TAMS 0x00000000cbb00000, 0x00000000cbb00000| Untracked 
| 188|0x00000000cbc00000, 0x00000000cbc00000, 0x00000000cbd00000|  0%| F|  |TAMS 0x00000000cbc00000, 0x00000000cbc00000| Untracked 
| 189|0x00000000cbd00000, 0x00000000cbd00000, 0x00000000cbe00000|  0%| F|  |TAMS 0x00000000cbd00000, 0x00000000cbd00000| Untracked 
| 190|0x00000000cbe00000, 0x00000000cbf00000, 0x00000000cbf00000|100%| O|  |TAMS 0x00000000cbf00000, 0x00000000cbe00000| Untracked 
| 191|0x00000000cbf00000, 0x00000000cc000000, 0x00000000cc000000|100%| O|  |TAMS 0x00000000cc000000, 0x00000000cbf00000| Untracked 
| 192|0x00000000cc000000, 0x00000000cc000000, 0x00000000cc100000|  0%| F|  |TAMS 0x00000000cc000000, 0x00000000cc000000| Untracked 
| 193|0x00000000cc100000, 0x00000000cc100000, 0x00000000cc200000|  0%| F|  |TAMS 0x00000000cc100000, 0x00000000cc100000| Untracked 
| 194|0x00000000cc200000, 0x00000000cc200000, 0x00000000cc300000|  0%| F|  |TAMS 0x00000000cc200000, 0x00000000cc200000| Untracked 
| 195|0x00000000cc300000, 0x00000000cc300000, 0x00000000cc400000|  0%| F|  |TAMS 0x00000000cc300000, 0x00000000cc300000| Untracked 
| 196|0x00000000cc400000, 0x00000000cc400000, 0x00000000cc500000|  0%| F|  |TAMS 0x00000000cc400000, 0x00000000cc400000| Untracked 
| 197|0x00000000cc500000, 0x00000000cc500000, 0x00000000cc600000|  0%| F|  |TAMS 0x00000000cc500000, 0x00000000cc500000| Untracked 
| 198|0x00000000cc600000, 0x00000000cc600000, 0x00000000cc700000|  0%| F|  |TAMS 0x00000000cc600000, 0x00000000cc600000| Untracked 
| 199|0x00000000cc700000, 0x00000000cc700000, 0x00000000cc800000|  0%| F|  |TAMS 0x00000000cc700000, 0x00000000cc700000| Untracked 
| 200|0x00000000cc800000, 0x00000000cc800000, 0x00000000cc900000|  0%| F|  |TAMS 0x00000000cc800000, 0x00000000cc800000| Untracked 
| 201|0x00000000cc900000, 0x00000000cc900000, 0x00000000cca00000|  0%| F|  |TAMS 0x00000000cc900000, 0x00000000cc900000| Untracked 
| 202|0x00000000cca00000, 0x00000000ccb00000, 0x00000000ccb00000|100%| O|  |TAMS 0x00000000ccb00000, 0x00000000cca00000| Untracked 
| 203|0x00000000ccb00000, 0x00000000ccb00000, 0x00000000ccc00000|  0%| F|  |TAMS 0x00000000ccb00000, 0x00000000ccb00000| Untracked 
| 204|0x00000000ccc00000, 0x00000000ccc00000, 0x00000000ccd00000|  0%| F|  |TAMS 0x00000000ccc00000, 0x00000000ccc00000| Untracked 
| 205|0x00000000ccd00000, 0x00000000ccd00000, 0x00000000cce00000|  0%| F|  |TAMS 0x00000000ccd00000, 0x00000000ccd00000| Untracked 
| 206|0x00000000cce00000, 0x00000000cce00000, 0x00000000ccf00000|  0%| F|  |TAMS 0x00000000cce00000, 0x00000000cce00000| Untracked 
| 207|0x00000000ccf00000, 0x00000000ccf00000, 0x00000000cd000000|  0%| F|  |TAMS 0x00000000ccf00000, 0x00000000ccf00000| Untracked 
| 208|0x00000000cd000000, 0x00000000cd000000, 0x00000000cd100000|  0%| F|  |TAMS 0x00000000cd000000, 0x00000000cd000000| Untracked 
| 209|0x00000000cd100000, 0x00000000cd100000, 0x00000000cd200000|  0%| F|  |TAMS 0x00000000cd100000, 0x00000000cd100000| Untracked 
| 210|0x00000000cd200000, 0x00000000cd300000, 0x00000000cd300000|100%| O|  |TAMS 0x00000000cd300000, 0x00000000cd200000| Untracked 
| 211|0x00000000cd300000, 0x00000000cd300000, 0x00000000cd400000|  0%| F|  |TAMS 0x00000000cd300000, 0x00000000cd300000| Untracked 
| 212|0x00000000cd400000, 0x00000000cd400000, 0x00000000cd500000|  0%| F|  |TAMS 0x00000000cd400000, 0x00000000cd400000| Untracked 
| 213|0x00000000cd500000, 0x00000000cd500000, 0x00000000cd600000|  0%| F|  |TAMS 0x00000000cd500000, 0x00000000cd500000| Untracked 
| 214|0x00000000cd600000, 0x00000000cd600000, 0x00000000cd700000|  0%| F|  |TAMS 0x00000000cd600000, 0x00000000cd600000| Untracked 
| 215|0x00000000cd700000, 0x00000000cd700000, 0x00000000cd800000|  0%| F|  |TAMS 0x00000000cd700000, 0x00000000cd700000| Untracked 
| 216|0x00000000cd800000, 0x00000000cd800000, 0x00000000cd900000|  0%| F|  |TAMS 0x00000000cd800000, 0x00000000cd800000| Untracked 
| 217|0x00000000cd900000, 0x00000000cd900000, 0x00000000cda00000|  0%| F|  |TAMS 0x00000000cd900000, 0x00000000cd900000| Untracked 
| 218|0x00000000cda00000, 0x00000000cda00000, 0x00000000cdb00000|  0%| F|  |TAMS 0x00000000cda00000, 0x00000000cda00000| Untracked 
| 219|0x00000000cdb00000, 0x00000000cdb00000, 0x00000000cdc00000|  0%| F|  |TAMS 0x00000000cdb00000, 0x00000000cdb00000| Untracked 
| 220|0x00000000cdc00000, 0x00000000cdc00000, 0x00000000cdd00000|  0%| F|  |TAMS 0x00000000cdc00000, 0x00000000cdc00000| Untracked 
| 221|0x00000000cdd00000, 0x00000000cdd00000, 0x00000000cde00000|  0%| F|  |TAMS 0x00000000cdd00000, 0x00000000cdd00000| Untracked 
| 222|0x00000000cde00000, 0x00000000cde00000, 0x00000000cdf00000|  0%| F|  |TAMS 0x00000000cde00000, 0x00000000cde00000| Untracked 
| 223|0x00000000cdf00000, 0x00000000cdf00000, 0x00000000ce000000|  0%| F|  |TAMS 0x00000000cdf00000, 0x00000000cdf00000| Untracked 
| 224|0x00000000ce000000, 0x00000000ce000000, 0x00000000ce100000|  0%| F|  |TAMS 0x00000000ce000000, 0x00000000ce000000| Untracked 
| 225|0x00000000ce100000, 0x00000000ce100000, 0x00000000ce200000|  0%| F|  |TAMS 0x00000000ce100000, 0x00000000ce100000| Untracked 
| 226|0x00000000ce200000, 0x00000000ce200000, 0x00000000ce300000|  0%| F|  |TAMS 0x00000000ce200000, 0x00000000ce200000| Untracked 
| 227|0x00000000ce300000, 0x00000000ce300000, 0x00000000ce400000|  0%| F|  |TAMS 0x00000000ce300000, 0x00000000ce300000| Untracked 
| 228|0x00000000ce400000, 0x00000000ce400000, 0x00000000ce500000|  0%| F|  |TAMS 0x00000000ce400000, 0x00000000ce400000| Untracked 
| 229|0x00000000ce500000, 0x00000000ce500000, 0x00000000ce600000|  0%| F|  |TAMS 0x00000000ce500000, 0x00000000ce500000| Untracked 
| 230|0x00000000ce600000, 0x00000000ce600000, 0x00000000ce700000|  0%| F|  |TAMS 0x00000000ce600000, 0x00000000ce600000| Untracked 
| 231|0x00000000ce700000, 0x00000000ce700000, 0x00000000ce800000|  0%| F|  |TAMS 0x00000000ce700000, 0x00000000ce700000| Untracked 
| 232|0x00000000ce800000, 0x00000000ce800000, 0x00000000ce900000|  0%| F|  |TAMS 0x00000000ce800000, 0x00000000ce800000| Untracked 
| 233|0x00000000ce900000, 0x00000000ce900000, 0x00000000cea00000|  0%| F|  |TAMS 0x00000000ce900000, 0x00000000ce900000| Untracked 
| 234|0x00000000cea00000, 0x00000000cea00000, 0x00000000ceb00000|  0%| F|  |TAMS 0x00000000cea00000, 0x00000000cea00000| Untracked 
| 235|0x00000000ceb00000, 0x00000000cec00000, 0x00000000cec00000|100%| O|  |TAMS 0x00000000cec00000, 0x00000000ceb00000| Untracked 
| 236|0x00000000cec00000, 0x00000000cec00000, 0x00000000ced00000|  0%| F|  |TAMS 0x00000000cec00000, 0x00000000cec00000| Untracked 
| 237|0x00000000ced00000, 0x00000000ced00000, 0x00000000cee00000|  0%| F|  |TAMS 0x00000000ced00000, 0x00000000ced00000| Untracked 
| 238|0x00000000cee00000, 0x00000000cef00000, 0x00000000cef00000|100%| O|  |TAMS 0x00000000cef00000, 0x00000000cee00000| Untracked 
| 239|0x00000000cef00000, 0x00000000cef00000, 0x00000000cf000000|  0%| F|  |TAMS 0x00000000cef00000, 0x00000000cef00000| Untracked 
| 240|0x00000000cf000000, 0x00000000cf000000, 0x00000000cf100000|  0%| F|  |TAMS 0x00000000cf000000, 0x00000000cf000000| Untracked 
| 241|0x00000000cf100000, 0x00000000cf100000, 0x00000000cf200000|  0%| F|  |TAMS 0x00000000cf100000, 0x00000000cf100000| Untracked 
| 242|0x00000000cf200000, 0x00000000cf200000, 0x00000000cf300000|  0%| F|  |TAMS 0x00000000cf200000, 0x00000000cf200000| Untracked 
| 243|0x00000000cf300000, 0x00000000cf300000, 0x00000000cf400000|  0%| F|  |TAMS 0x00000000cf300000, 0x00000000cf300000| Untracked 
| 244|0x00000000cf400000, 0x00000000cf400000, 0x00000000cf500000|  0%| F|  |TAMS 0x00000000cf400000, 0x00000000cf400000| Untracked 
| 245|0x00000000cf500000, 0x00000000cf500000, 0x00000000cf600000|  0%| F|  |TAMS 0x00000000cf500000, 0x00000000cf500000| Untracked 
| 246|0x00000000cf600000, 0x00000000cf600000, 0x00000000cf700000|  0%| F|  |TAMS 0x00000000cf600000, 0x00000000cf600000| Untracked 
| 247|0x00000000cf700000, 0x00000000cf700000, 0x00000000cf800000|  0%| F|  |TAMS 0x00000000cf700000, 0x00000000cf700000| Untracked 
| 248|0x00000000cf800000, 0x00000000cf800000, 0x00000000cf900000|  0%| F|  |TAMS 0x00000000cf800000, 0x00000000cf800000| Untracked 
| 249|0x00000000cf900000, 0x00000000cf900000, 0x00000000cfa00000|  0%| F|  |TAMS 0x00000000cf900000, 0x00000000cf900000| Untracked 
| 250|0x00000000cfa00000, 0x00000000cfa00000, 0x00000000cfb00000|  0%| F|  |TAMS 0x00000000cfa00000, 0x00000000cfa00000| Untracked 
| 251|0x00000000cfb00000, 0x00000000cfb00000, 0x00000000cfc00000|  0%| F|  |TAMS 0x00000000cfb00000, 0x00000000cfb00000| Untracked 
| 252|0x00000000cfc00000, 0x00000000cfc00000, 0x00000000cfd00000|  0%| F|  |TAMS 0x00000000cfc00000, 0x00000000cfc00000| Untracked 
| 253|0x00000000cfd00000, 0x00000000cfd00000, 0x00000000cfe00000|  0%| F|  |TAMS 0x00000000cfd00000, 0x00000000cfd00000| Untracked 
| 254|0x00000000cfe00000, 0x00000000cfe00000, 0x00000000cff00000|  0%| F|  |TAMS 0x00000000cfe00000, 0x00000000cfe00000| Untracked 
| 255|0x00000000cff00000, 0x00000000cff00000, 0x00000000d0000000|  0%| F|  |TAMS 0x00000000cff00000, 0x00000000cff00000| Untracked 
| 256|0x00000000d0000000, 0x00000000d0000000, 0x00000000d0100000|  0%| F|  |TAMS 0x00000000d0000000, 0x00000000d0000000| Untracked 
| 257|0x00000000d0100000, 0x00000000d0100000, 0x00000000d0200000|  0%| F|  |TAMS 0x00000000d0100000, 0x00000000d0100000| Untracked 
| 258|0x00000000d0200000, 0x00000000d0200000, 0x00000000d0300000|  0%| F|  |TAMS 0x00000000d0200000, 0x00000000d0200000| Untracked 
| 259|0x00000000d0300000, 0x00000000d0300000, 0x00000000d0400000|  0%| F|  |TAMS 0x00000000d0300000, 0x00000000d0300000| Untracked 
| 260|0x00000000d0400000, 0x00000000d0400000, 0x00000000d0500000|  0%| F|  |TAMS 0x00000000d0400000, 0x00000000d0400000| Untracked 
| 261|0x00000000d0500000, 0x00000000d0500000, 0x00000000d0600000|  0%| F|  |TAMS 0x00000000d0500000, 0x00000000d0500000| Untracked 
| 262|0x00000000d0600000, 0x00000000d0600000, 0x00000000d0700000|  0%| F|  |TAMS 0x00000000d0600000, 0x00000000d0600000| Untracked 
| 263|0x00000000d0700000, 0x00000000d0700000, 0x00000000d0800000|  0%| F|  |TAMS 0x00000000d0700000, 0x00000000d0700000| Untracked 
| 264|0x00000000d0800000, 0x00000000d0800000, 0x00000000d0900000|  0%| F|  |TAMS 0x00000000d0800000, 0x00000000d0800000| Untracked 
| 265|0x00000000d0900000, 0x00000000d0900000, 0x00000000d0a00000|  0%| F|  |TAMS 0x00000000d0900000, 0x00000000d0900000| Untracked 
| 266|0x00000000d0a00000, 0x00000000d0a00000, 0x00000000d0b00000|  0%| F|  |TAMS 0x00000000d0a00000, 0x00000000d0a00000| Untracked 
| 267|0x00000000d0b00000, 0x00000000d0b00000, 0x00000000d0c00000|  0%| F|  |TAMS 0x00000000d0b00000, 0x00000000d0b00000| Untracked 
| 268|0x00000000d0c00000, 0x00000000d0c00000, 0x00000000d0d00000|  0%| F|  |TAMS 0x00000000d0c00000, 0x00000000d0c00000| Untracked 
| 269|0x00000000d0d00000, 0x00000000d0d00000, 0x00000000d0e00000|  0%| F|  |TAMS 0x00000000d0d00000, 0x00000000d0d00000| Untracked 
| 270|0x00000000d0e00000, 0x00000000d0e00000, 0x00000000d0f00000|  0%| F|  |TAMS 0x00000000d0e00000, 0x00000000d0e00000| Untracked 
| 271|0x00000000d0f00000, 0x00000000d0f00000, 0x00000000d1000000|  0%| F|  |TAMS 0x00000000d0f00000, 0x00000000d0f00000| Untracked 
| 272|0x00000000d1000000, 0x00000000d1000000, 0x00000000d1100000|  0%| F|  |TAMS 0x00000000d1000000, 0x00000000d1000000| Untracked 
| 273|0x00000000d1100000, 0x00000000d1100000, 0x00000000d1200000|  0%| F|  |TAMS 0x00000000d1100000, 0x00000000d1100000| Untracked 
| 274|0x00000000d1200000, 0x00000000d1200000, 0x00000000d1300000|  0%| F|  |TAMS 0x00000000d1200000, 0x00000000d1200000| Untracked 
| 275|0x00000000d1300000, 0x00000000d1300000, 0x00000000d1400000|  0%| F|  |TAMS 0x00000000d1300000, 0x00000000d1300000| Untracked 
| 276|0x00000000d1400000, 0x00000000d1400000, 0x00000000d1500000|  0%| F|  |TAMS 0x00000000d1400000, 0x00000000d1400000| Untracked 
| 277|0x00000000d1500000, 0x00000000d1500000, 0x00000000d1600000|  0%| F|  |TAMS 0x00000000d1500000, 0x00000000d1500000| Untracked 
| 278|0x00000000d1600000, 0x00000000d1600000, 0x00000000d1700000|  0%| F|  |TAMS 0x00000000d1600000, 0x00000000d1600000| Untracked 
| 279|0x00000000d1700000, 0x00000000d1700000, 0x00000000d1800000|  0%| F|  |TAMS 0x00000000d1700000, 0x00000000d1700000| Untracked 
| 280|0x00000000d1800000, 0x00000000d1800000, 0x00000000d1900000|  0%| F|  |TAMS 0x00000000d1800000, 0x00000000d1800000| Untracked 
| 281|0x00000000d1900000, 0x00000000d1900000, 0x00000000d1a00000|  0%| F|  |TAMS 0x00000000d1900000, 0x00000000d1900000| Untracked 
| 282|0x00000000d1a00000, 0x00000000d1a00000, 0x00000000d1b00000|  0%| F|  |TAMS 0x00000000d1a00000, 0x00000000d1a00000| Untracked 
| 283|0x00000000d1b00000, 0x00000000d1b00000, 0x00000000d1c00000|  0%| F|  |TAMS 0x00000000d1b00000, 0x00000000d1b00000| Untracked 
| 284|0x00000000d1c00000, 0x00000000d1c00000, 0x00000000d1d00000|  0%| F|  |TAMS 0x00000000d1c00000, 0x00000000d1c00000| Untracked 
| 285|0x00000000d1d00000, 0x00000000d1d00000, 0x00000000d1e00000|  0%| F|  |TAMS 0x00000000d1d00000, 0x00000000d1d00000| Untracked 
| 286|0x00000000d1e00000, 0x00000000d1e00000, 0x00000000d1f00000|  0%| F|  |TAMS 0x00000000d1e00000, 0x00000000d1e00000| Untracked 
| 287|0x00000000d1f00000, 0x00000000d1f00000, 0x00000000d2000000|  0%| F|  |TAMS 0x00000000d1f00000, 0x00000000d1f00000| Untracked 
| 288|0x00000000d2000000, 0x00000000d2000000, 0x00000000d2100000|  0%| F|  |TAMS 0x00000000d2000000, 0x00000000d2000000| Untracked 
| 289|0x00000000d2100000, 0x00000000d2100000, 0x00000000d2200000|  0%| F|  |TAMS 0x00000000d2100000, 0x00000000d2100000| Untracked 
| 290|0x00000000d2200000, 0x00000000d2200000, 0x00000000d2300000|  0%| F|  |TAMS 0x00000000d2200000, 0x00000000d2200000| Untracked 
| 291|0x00000000d2300000, 0x00000000d2300000, 0x00000000d2400000|  0%| F|  |TAMS 0x00000000d2300000, 0x00000000d2300000| Untracked 
| 292|0x00000000d2400000, 0x00000000d2400000, 0x00000000d2500000|  0%| F|  |TAMS 0x00000000d2400000, 0x00000000d2400000| Untracked 
| 293|0x00000000d2500000, 0x00000000d2500000, 0x00000000d2600000|  0%| F|  |TAMS 0x00000000d2500000, 0x00000000d2500000| Untracked 
| 294|0x00000000d2600000, 0x00000000d2600000, 0x00000000d2700000|  0%| F|  |TAMS 0x00000000d2600000, 0x00000000d2600000| Untracked 
| 295|0x00000000d2700000, 0x00000000d2700000, 0x00000000d2800000|  0%| F|  |TAMS 0x00000000d2700000, 0x00000000d2700000| Untracked 
| 296|0x00000000d2800000, 0x00000000d2800000, 0x00000000d2900000|  0%| F|  |TAMS 0x00000000d2800000, 0x00000000d2800000| Untracked 
| 297|0x00000000d2900000, 0x00000000d2900000, 0x00000000d2a00000|  0%| F|  |TAMS 0x00000000d2900000, 0x00000000d2900000| Untracked 
| 298|0x00000000d2a00000, 0x00000000d2a00000, 0x00000000d2b00000|  0%| F|  |TAMS 0x00000000d2a00000, 0x00000000d2a00000| Untracked 
| 299|0x00000000d2b00000, 0x00000000d2b00000, 0x00000000d2c00000|  0%| F|  |TAMS 0x00000000d2b00000, 0x00000000d2b00000| Untracked 
| 300|0x00000000d2c00000, 0x00000000d2c00000, 0x00000000d2d00000|  0%| F|  |TAMS 0x00000000d2c00000, 0x00000000d2c00000| Untracked 
| 301|0x00000000d2d00000, 0x00000000d2d00000, 0x00000000d2e00000|  0%| F|  |TAMS 0x00000000d2d00000, 0x00000000d2d00000| Untracked 
| 302|0x00000000d2e00000, 0x00000000d2e00000, 0x00000000d2f00000|  0%| F|  |TAMS 0x00000000d2e00000, 0x00000000d2e00000| Untracked 
| 303|0x00000000d2f00000, 0x00000000d2f00000, 0x00000000d3000000|  0%| F|  |TAMS 0x00000000d2f00000, 0x00000000d2f00000| Untracked 
| 304|0x00000000d3000000, 0x00000000d3000000, 0x00000000d3100000|  0%| F|  |TAMS 0x00000000d3000000, 0x00000000d3000000| Untracked 
| 305|0x00000000d3100000, 0x00000000d3100000, 0x00000000d3200000|  0%| F|  |TAMS 0x00000000d3100000, 0x00000000d3100000| Untracked 
| 306|0x00000000d3200000, 0x00000000d3200000, 0x00000000d3300000|  0%| F|  |TAMS 0x00000000d3200000, 0x00000000d3200000| Untracked 
| 307|0x00000000d3300000, 0x00000000d3300000, 0x00000000d3400000|  0%| F|  |TAMS 0x00000000d3300000, 0x00000000d3300000| Untracked 
| 308|0x00000000d3400000, 0x00000000d3400000, 0x00000000d3500000|  0%| F|  |TAMS 0x00000000d3400000, 0x00000000d3400000| Untracked 
| 309|0x00000000d3500000, 0x00000000d3500000, 0x00000000d3600000|  0%| F|  |TAMS 0x00000000d3500000, 0x00000000d3500000| Untracked 
| 310|0x00000000d3600000, 0x00000000d3600000, 0x00000000d3700000|  0%| F|  |TAMS 0x00000000d3600000, 0x00000000d3600000| Untracked 
| 311|0x00000000d3700000, 0x00000000d3700000, 0x00000000d3800000|  0%| F|  |TAMS 0x00000000d3700000, 0x00000000d3700000| Untracked 
| 312|0x00000000d3800000, 0x00000000d3800000, 0x00000000d3900000|  0%| F|  |TAMS 0x00000000d3800000, 0x00000000d3800000| Untracked 
| 313|0x00000000d3900000, 0x00000000d3900000, 0x00000000d3a00000|  0%| F|  |TAMS 0x00000000d3900000, 0x00000000d3900000| Untracked 
| 314|0x00000000d3a00000, 0x00000000d3a00000, 0x00000000d3b00000|  0%| F|  |TAMS 0x00000000d3a00000, 0x00000000d3a00000| Untracked 
| 315|0x00000000d3b00000, 0x00000000d3b00000, 0x00000000d3c00000|  0%| F|  |TAMS 0x00000000d3b00000, 0x00000000d3b00000| Untracked 
| 316|0x00000000d3c00000, 0x00000000d3c00000, 0x00000000d3d00000|  0%| F|  |TAMS 0x00000000d3c00000, 0x00000000d3c00000| Untracked 
| 317|0x00000000d3d00000, 0x00000000d3d00000, 0x00000000d3e00000|  0%| F|  |TAMS 0x00000000d3d00000, 0x00000000d3d00000| Untracked 
| 318|0x00000000d3e00000, 0x00000000d3e00000, 0x00000000d3f00000|  0%| F|  |TAMS 0x00000000d3e00000, 0x00000000d3e00000| Untracked 
| 319|0x00000000d3f00000, 0x00000000d3f00000, 0x00000000d4000000|  0%| F|  |TAMS 0x00000000d3f00000, 0x00000000d3f00000| Untracked 
| 320|0x00000000d4000000, 0x00000000d4000000, 0x00000000d4100000|  0%| F|  |TAMS 0x00000000d4000000, 0x00000000d4000000| Untracked 
| 321|0x00000000d4100000, 0x00000000d4100000, 0x00000000d4200000|  0%| F|  |TAMS 0x00000000d4100000, 0x00000000d4100000| Untracked 
| 322|0x00000000d4200000, 0x00000000d4200000, 0x00000000d4300000|  0%| F|  |TAMS 0x00000000d4200000, 0x00000000d4200000| Untracked 
| 323|0x00000000d4300000, 0x00000000d4300000, 0x00000000d4400000|  0%| F|  |TAMS 0x00000000d4300000, 0x00000000d4300000| Untracked 
| 324|0x00000000d4400000, 0x00000000d4400000, 0x00000000d4500000|  0%| F|  |TAMS 0x00000000d4400000, 0x00000000d4400000| Untracked 
| 325|0x00000000d4500000, 0x00000000d4500000, 0x00000000d4600000|  0%| F|  |TAMS 0x00000000d4500000, 0x00000000d4500000| Untracked 
| 326|0x00000000d4600000, 0x00000000d4600000, 0x00000000d4700000|  0%| F|  |TAMS 0x00000000d4600000, 0x00000000d4600000| Untracked 
| 327|0x00000000d4700000, 0x00000000d4700000, 0x00000000d4800000|  0%| F|  |TAMS 0x00000000d4700000, 0x00000000d4700000| Untracked 
| 328|0x00000000d4800000, 0x00000000d4800000, 0x00000000d4900000|  0%| F|  |TAMS 0x00000000d4800000, 0x00000000d4800000| Untracked 
| 329|0x00000000d4900000, 0x00000000d4900000, 0x00000000d4a00000|  0%| F|  |TAMS 0x00000000d4900000, 0x00000000d4900000| Untracked 
| 330|0x00000000d4a00000, 0x00000000d4a00000, 0x00000000d4b00000|  0%| F|  |TAMS 0x00000000d4a00000, 0x00000000d4a00000| Untracked 
| 331|0x00000000d4b00000, 0x00000000d4b00000, 0x00000000d4c00000|  0%| F|  |TAMS 0x00000000d4b00000, 0x00000000d4b00000| Untracked 
| 332|0x00000000d4c00000, 0x00000000d4c00000, 0x00000000d4d00000|  0%| F|  |TAMS 0x00000000d4c00000, 0x00000000d4c00000| Untracked 
| 333|0x00000000d4d00000, 0x00000000d4d00000, 0x00000000d4e00000|  0%| F|  |TAMS 0x00000000d4d00000, 0x00000000d4d00000| Untracked 
| 334|0x00000000d4e00000, 0x00000000d4e00000, 0x00000000d4f00000|  0%| F|  |TAMS 0x00000000d4e00000, 0x00000000d4e00000| Untracked 
| 335|0x00000000d4f00000, 0x00000000d4f00000, 0x00000000d5000000|  0%| F|  |TAMS 0x00000000d4f00000, 0x00000000d4f00000| Untracked 
| 336|0x00000000d5000000, 0x00000000d5000000, 0x00000000d5100000|  0%| F|  |TAMS 0x00000000d5000000, 0x00000000d5000000| Untracked 
| 337|0x00000000d5100000, 0x00000000d5100000, 0x00000000d5200000|  0%| F|  |TAMS 0x00000000d5100000, 0x00000000d5100000| Untracked 
| 338|0x00000000d5200000, 0x00000000d5200000, 0x00000000d5300000|  0%| F|  |TAMS 0x00000000d5200000, 0x00000000d5200000| Untracked 
| 339|0x00000000d5300000, 0x00000000d5300000, 0x00000000d5400000|  0%| F|  |TAMS 0x00000000d5300000, 0x00000000d5300000| Untracked 
| 340|0x00000000d5400000, 0x00000000d5400000, 0x00000000d5500000|  0%| F|  |TAMS 0x00000000d5400000, 0x00000000d5400000| Untracked 
| 341|0x00000000d5500000, 0x00000000d5500000, 0x00000000d5600000|  0%| F|  |TAMS 0x00000000d5500000, 0x00000000d5500000| Untracked 
| 342|0x00000000d5600000, 0x00000000d5600000, 0x00000000d5700000|  0%| F|  |TAMS 0x00000000d5600000, 0x00000000d5600000| Untracked 
| 343|0x00000000d5700000, 0x00000000d5700000, 0x00000000d5800000|  0%| F|  |TAMS 0x00000000d5700000, 0x00000000d5700000| Untracked 
| 344|0x00000000d5800000, 0x00000000d5800000, 0x00000000d5900000|  0%| F|  |TAMS 0x00000000d5800000, 0x00000000d5800000| Untracked 
| 345|0x00000000d5900000, 0x00000000d5900000, 0x00000000d5a00000|  0%| F|  |TAMS 0x00000000d5900000, 0x00000000d5900000| Untracked 
| 346|0x00000000d5a00000, 0x00000000d5a00000, 0x00000000d5b00000|  0%| F|  |TAMS 0x00000000d5a00000, 0x00000000d5a00000| Untracked 
| 347|0x00000000d5b00000, 0x00000000d5b00000, 0x00000000d5c00000|  0%| F|  |TAMS 0x00000000d5b00000, 0x00000000d5b00000| Untracked 
| 348|0x00000000d5c00000, 0x00000000d5c00000, 0x00000000d5d00000|  0%| F|  |TAMS 0x00000000d5c00000, 0x00000000d5c00000| Untracked 
| 349|0x00000000d5d00000, 0x00000000d5d00000, 0x00000000d5e00000|  0%| F|  |TAMS 0x00000000d5d00000, 0x00000000d5d00000| Untracked 
| 350|0x00000000d5e00000, 0x00000000d5e00000, 0x00000000d5f00000|  0%| F|  |TAMS 0x00000000d5e00000, 0x00000000d5e00000| Untracked 
| 351|0x00000000d5f00000, 0x00000000d5f00000, 0x00000000d6000000|  0%| F|  |TAMS 0x00000000d5f00000, 0x00000000d5f00000| Untracked 
| 352|0x00000000d6000000, 0x00000000d6000000, 0x00000000d6100000|  0%| F|  |TAMS 0x00000000d6000000, 0x00000000d6000000| Untracked 
| 353|0x00000000d6100000, 0x00000000d6100000, 0x00000000d6200000|  0%| F|  |TAMS 0x00000000d6100000, 0x00000000d6100000| Untracked 
| 354|0x00000000d6200000, 0x00000000d6200000, 0x00000000d6300000|  0%| F|  |TAMS 0x00000000d6200000, 0x00000000d6200000| Untracked 
| 355|0x00000000d6300000, 0x00000000d6300000, 0x00000000d6400000|  0%| F|  |TAMS 0x00000000d6300000, 0x00000000d6300000| Untracked 
| 356|0x00000000d6400000, 0x00000000d6400000, 0x00000000d6500000|  0%| F|  |TAMS 0x00000000d6400000, 0x00000000d6400000| Untracked 
| 357|0x00000000d6500000, 0x00000000d6500000, 0x00000000d6600000|  0%| F|  |TAMS 0x00000000d6500000, 0x00000000d6500000| Untracked 
| 358|0x00000000d6600000, 0x00000000d6600000, 0x00000000d6700000|  0%| F|  |TAMS 0x00000000d6600000, 0x00000000d6600000| Untracked 
| 359|0x00000000d6700000, 0x00000000d6700000, 0x00000000d6800000|  0%| F|  |TAMS 0x00000000d6700000, 0x00000000d6700000| Untracked 
| 360|0x00000000d6800000, 0x00000000d6800000, 0x00000000d6900000|  0%| F|  |TAMS 0x00000000d6800000, 0x00000000d6800000| Untracked 
| 361|0x00000000d6900000, 0x00000000d6900000, 0x00000000d6a00000|  0%| F|  |TAMS 0x00000000d6900000, 0x00000000d6900000| Untracked 
| 362|0x00000000d6a00000, 0x00000000d6a00000, 0x00000000d6b00000|  0%| F|  |TAMS 0x00000000d6a00000, 0x00000000d6a00000| Untracked 
| 363|0x00000000d6b00000, 0x00000000d6b00000, 0x00000000d6c00000|  0%| F|  |TAMS 0x00000000d6b00000, 0x00000000d6b00000| Untracked 
| 364|0x00000000d6c00000, 0x00000000d6c00000, 0x00000000d6d00000|  0%| F|  |TAMS 0x00000000d6c00000, 0x00000000d6c00000| Untracked 
| 365|0x00000000d6d00000, 0x00000000d6d00000, 0x00000000d6e00000|  0%| F|  |TAMS 0x00000000d6d00000, 0x00000000d6d00000| Untracked 
| 366|0x00000000d6e00000, 0x00000000d6e00000, 0x00000000d6f00000|  0%| F|  |TAMS 0x00000000d6e00000, 0x00000000d6e00000| Untracked 
| 367|0x00000000d6f00000, 0x00000000d6f00000, 0x00000000d7000000|  0%| F|  |TAMS 0x00000000d6f00000, 0x00000000d6f00000| Untracked 
| 368|0x00000000d7000000, 0x00000000d7000000, 0x00000000d7100000|  0%| F|  |TAMS 0x00000000d7000000, 0x00000000d7000000| Untracked 
| 369|0x00000000d7100000, 0x00000000d7100000, 0x00000000d7200000|  0%| F|  |TAMS 0x00000000d7100000, 0x00000000d7100000| Untracked 
| 370|0x00000000d7200000, 0x00000000d7200000, 0x00000000d7300000|  0%| F|  |TAMS 0x00000000d7200000, 0x00000000d7200000| Untracked 
| 371|0x00000000d7300000, 0x00000000d7300000, 0x00000000d7400000|  0%| F|  |TAMS 0x00000000d7300000, 0x00000000d7300000| Untracked 
| 372|0x00000000d7400000, 0x00000000d7400000, 0x00000000d7500000|  0%| F|  |TAMS 0x00000000d7400000, 0x00000000d7400000| Untracked 
| 373|0x00000000d7500000, 0x00000000d7500000, 0x00000000d7600000|  0%| F|  |TAMS 0x00000000d7500000, 0x00000000d7500000| Untracked 
| 374|0x00000000d7600000, 0x00000000d7600000, 0x00000000d7700000|  0%| F|  |TAMS 0x00000000d7600000, 0x00000000d7600000| Untracked 
| 375|0x00000000d7700000, 0x00000000d7700000, 0x00000000d7800000|  0%| F|  |TAMS 0x00000000d7700000, 0x00000000d7700000| Untracked 
| 376|0x00000000d7800000, 0x00000000d7800000, 0x00000000d7900000|  0%| F|  |TAMS 0x00000000d7800000, 0x00000000d7800000| Untracked 
| 377|0x00000000d7900000, 0x00000000d7900000, 0x00000000d7a00000|  0%| F|  |TAMS 0x00000000d7900000, 0x00000000d7900000| Untracked 
| 378|0x00000000d7a00000, 0x00000000d7a00000, 0x00000000d7b00000|  0%| F|  |TAMS 0x00000000d7a00000, 0x00000000d7a00000| Untracked 
| 379|0x00000000d7b00000, 0x00000000d7b06f48, 0x00000000d7c00000|  2%| E|  |TAMS 0x00000000d7b00000, 0x00000000d7b00000| Complete 

Card table byte_map: [0x0000024a7b9c0000,0x0000024a7bbc0000] _byte_map_base: 0x0000024a7b3c0000

Marking Bits (Prev, Next): (CMBitMap*) 0x0000024a75d72cc0, (CMBitMap*) 0x0000024a75d72c80
 Prev Bits: [0x0000024a7cdc0000, 0x0000024a7ddc0000)
 Next Bits: [0x0000024a7bdc0000, 0x0000024a7cdc0000)

Polling page: 0x0000024a73bb0000

Metaspace:

Usage:
  Non-class:     61.47 MB used.
      Class:      9.80 MB used.
       Both:     71.28 MB used.

Virtual space:
  Non-class space:       64.00 MB reserved,      61.75 MB ( 96%) committed,  1 nodes.
      Class space:        1.00 GB reserved,      10.00 MB ( <1%) committed,  1 nodes.
             Both:        1.06 GB reserved,      71.75 MB (  7%) committed. 

Chunk freelists:
   Non-Class:  1.86 MB
       Class:  5.92 MB
        Both:  7.78 MB

MaxMetaspaceSize: unlimited
CompressedClassSpaceSize: 1.00 GB
Initial GC threshold: 21.00 MB
Current GC threshold: 119.50 MB
CDS: off
MetaspaceReclaimPolicy: balanced
 - commit_granule_bytes: 65536.
 - commit_granule_words: 8192.
 - virtual_space_node_default_size: 8388608.
 - enlarge_chunks_in_place: 1.
 - new_chunks_are_fully_committed: 0.
 - uncommit_free_chunks: 1.
 - use_allocation_guard: 0.
 - handle_deallocations: 1.


Internal statistics:

num_allocs_failed_limit: 6.
num_arena_births: 792.
num_arena_deaths: 256.
num_vsnodes_births: 2.
num_vsnodes_deaths: 0.
num_space_committed: 1148.
num_space_uncommitted: 0.
num_chunks_returned_to_freelist: 308.
num_chunks_taken_from_freelist: 3257.
num_chunk_merges: 101.
num_chunk_splits: 2236.
num_chunks_enlarged: 1706.
num_inconsistent_stats: 0.

CodeCache: size=49152Kb used=30114Kb max_used=30566Kb free=19037Kb
 bounds [0x0000024a789c0000, 0x0000024a7a800000, 0x0000024a7b9c0000]
 total_blobs=16301 nmethods=15608 adapters=619
 compilation: enabled
              stopped_count=0, restarted_count=0
 full_count=0

Compilation events (20 events):
Event: 19559.353 Thread 0x0000024a0030e990 15863       1       com.sun.tools.javac.comp.Flow$SnippetAliveAnalyzer::isAlive (16 bytes)
Event: 19559.353 Thread 0x0000024a0030e990 nmethod 15863 0x0000024a7a6a3590 code [0x0000024a7a6a3720, 0x0000024a7a6a3818]
Event: 19559.353 Thread 0x0000024a0030e990 15865   !   1       com.sun.tools.javac.comp.Attr::visitNewClass (1560 bytes)
Event: 19559.371 Thread 0x0000024a0030e990 nmethod 15865 0x0000024a7a69ae90 code [0x0000024a7a69b840, 0x0000024a7a6a0118]
Event: 19559.380 Thread 0x0000024a0030e990 15866   !   1       java.util.concurrent.CompletableFuture$UniAccept::tryFire (149 bytes)
Event: 19559.383 Thread 0x0000024a0030e990 nmethod 15866 0x0000024a7a699510 code [0x0000024a7a699820, 0x0000024a7a69a6e8]
Event: 20312.912 Thread 0x0000024a0030e990 15867       1       org.eclipse.jdt.internal.compiler.codegen.BranchLabel::addForwardReference (248 bytes)
Event: 20312.913 Thread 0x0000024a0030e990 nmethod 15867 0x0000024a7a698710 code [0x0000024a7a698940, 0x0000024a7a699158]
Event: 20312.913 Thread 0x0000024a0030e990 15868       1       org.eclipse.jdt.internal.compiler.codegen.StackMapFrameCodeStream::writePosition (15 bytes)
Event: 20312.913 Thread 0x0000024a0030e990 nmethod 15868 0x0000024a7a698310 code [0x0000024a7a6984c0, 0x0000024a7a6985d8]
Event: 20312.913 Thread 0x0000024a0030e990 15869       1       org.eclipse.jdt.internal.compiler.codegen.CodeStream::writePosition (79 bytes)
Event: 20312.913 Thread 0x0000024a0030e990 nmethod 15869 0x0000024a7a697d90 code [0x0000024a7a697f60, 0x0000024a7a6981d8]
Event: 20312.913 Thread 0x0000024a0030e990 15870       1       org.eclipse.jdt.internal.compiler.codegen.CodeStream::writeSignedShort (44 bytes)
Event: 20312.913 Thread 0x0000024a0030e990 nmethod 15870 0x0000024a7a697510 code [0x0000024a7a6976c0, 0x0000024a7a697828]
Event: 20312.913 Thread 0x0000024a0030e990 15871       1       java.util.concurrent.ForkJoinPool::compareAndExchangeCtl (10 bytes)
Event: 20312.914 Thread 0x0000024a0030e990 nmethod 15871 0x0000024a7a697010 code [0x0000024a7a6971c0, 0x0000024a7a6973c8]
Event: 20312.914 Thread 0x0000024a0030e990 15872       1       java.lang.invoke.VarHandleGuards::guard_LJJ_J (88 bytes)
Event: 20312.916 Thread 0x0000024a0030e990 nmethod 15872 0x0000024a7a695990 code [0x0000024a7a695c20, 0x0000024a7a6966a8]
Event: 20312.916 Thread 0x0000024a0030e990 15873       1       java.lang.invoke.VarHandleLongs$FieldInstanceReadWrite::compareAndExchange (33 bytes)
Event: 20312.916 Thread 0x0000024a0030e990 nmethod 15873 0x0000024a7a695310 code [0x0000024a7a6954e0, 0x0000024a7a6957b8]

GC Heap History (20 events):
Event: 23765.783 GC heap before
{Heap before GC invocations=2310 (full 2190):
 garbage-first heap   total 389120K, used 116484K [0x00000000c0000000, 0x0000000100000000)
  region size 1024K, 1 young (1024K), 0 survivors (0K)
 Metaspace       used 72989K, committed 73472K, reserved 1114112K
  class space    used 10039K, committed 10240K, reserved 1048576K
}
Event: 23765.887 GC heap after
{Heap after GC invocations=2311 (full 2191):
 garbage-first heap   total 389120K, used 116484K [0x00000000c0000000, 0x0000000100000000)
  region size 1024K, 0 young (0K), 0 survivors (0K)
 Metaspace       used 72989K, committed 73472K, reserved 1114112K
  class space    used 10039K, committed 10240K, reserved 1048576K
}
Event: 23776.315 GC heap before
{Heap before GC invocations=2311 (full 2191):
 garbage-first heap   total 389120K, used 116484K [0x00000000c0000000, 0x0000000100000000)
  region size 1024K, 1 young (1024K), 0 survivors (0K)
 Metaspace       used 72989K, committed 73472K, reserved 1114112K
  class space    used 10039K, committed 10240K, reserved 1048576K
}
Event: 23776.429 GC heap after
{Heap after GC invocations=2312 (full 2192):
 garbage-first heap   total 389120K, used 116484K [0x00000000c0000000, 0x0000000100000000)
  region size 1024K, 0 young (0K), 0 survivors (0K)
 Metaspace       used 72989K, committed 73472K, reserved 1114112K
  class space    used 10039K, committed 10240K, reserved 1048576K
}
Event: 23786.819 GC heap before
{Heap before GC invocations=2312 (full 2192):
 garbage-first heap   total 389120K, used 116484K [0x00000000c0000000, 0x0000000100000000)
  region size 1024K, 1 young (1024K), 0 survivors (0K)
 Metaspace       used 72989K, committed 73472K, reserved 1114112K
  class space    used 10039K, committed 10240K, reserved 1048576K
}
Event: 23786.955 GC heap after
{Heap after GC invocations=2313 (full 2193):
 garbage-first heap   total 389120K, used 116484K [0x00000000c0000000, 0x0000000100000000)
  region size 1024K, 0 young (0K), 0 survivors (0K)
 Metaspace       used 72989K, committed 73472K, reserved 1114112K
  class space    used 10039K, committed 10240K, reserved 1048576K
}
Event: 23797.274 GC heap before
{Heap before GC invocations=2313 (full 2193):
 garbage-first heap   total 389120K, used 116484K [0x00000000c0000000, 0x0000000100000000)
  region size 1024K, 1 young (1024K), 0 survivors (0K)
 Metaspace       used 72989K, committed 73472K, reserved 1114112K
  class space    used 10039K, committed 10240K, reserved 1048576K
}
Event: 23797.408 GC heap after
{Heap after GC invocations=2314 (full 2194):
 garbage-first heap   total 389120K, used 116484K [0x00000000c0000000, 0x0000000100000000)
  region size 1024K, 0 young (0K), 0 survivors (0K)
 Metaspace       used 72989K, committed 73472K, reserved 1114112K
  class space    used 10039K, committed 10240K, reserved 1048576K
}
Event: 23807.731 GC heap before
{Heap before GC invocations=2314 (full 2194):
 garbage-first heap   total 389120K, used 116484K [0x00000000c0000000, 0x0000000100000000)
  region size 1024K, 1 young (1024K), 0 survivors (0K)
 Metaspace       used 72989K, committed 73472K, reserved 1114112K
  class space    used 10039K, committed 10240K, reserved 1048576K
}
Event: 23807.858 GC heap after
{Heap after GC invocations=2315 (full 2195):
 garbage-first heap   total 389120K, used 116484K [0x00000000c0000000, 0x0000000100000000)
  region size 1024K, 0 young (0K), 0 survivors (0K)
 Metaspace       used 72989K, committed 73472K, reserved 1114112K
  class space    used 10039K, committed 10240K, reserved 1048576K
}
Event: 23818.236 GC heap before
{Heap before GC invocations=2315 (full 2195):
 garbage-first heap   total 389120K, used 116484K [0x00000000c0000000, 0x0000000100000000)
  region size 1024K, 1 young (1024K), 0 survivors (0K)
 Metaspace       used 72989K, committed 73472K, reserved 1114112K
  class space    used 10039K, committed 10240K, reserved 1048576K
}
Event: 23818.385 GC heap after
{Heap after GC invocations=2316 (full 2196):
 garbage-first heap   total 389120K, used 116484K [0x00000000c0000000, 0x0000000100000000)
  region size 1024K, 0 young (0K), 0 survivors (0K)
 Metaspace       used 72989K, committed 73472K, reserved 1114112K
  class space    used 10039K, committed 10240K, reserved 1048576K
}
Event: 23828.675 GC heap before
{Heap before GC invocations=2316 (full 2196):
 garbage-first heap   total 389120K, used 116484K [0x00000000c0000000, 0x0000000100000000)
  region size 1024K, 1 young (1024K), 0 survivors (0K)
 Metaspace       used 72989K, committed 73472K, reserved 1114112K
  class space    used 10039K, committed 10240K, reserved 1048576K
}
Event: 23828.819 GC heap after
{Heap after GC invocations=2317 (full 2197):
 garbage-first heap   total 389120K, used 116484K [0x00000000c0000000, 0x0000000100000000)
  region size 1024K, 0 young (0K), 0 survivors (0K)
 Metaspace       used 72989K, committed 73472K, reserved 1114112K
  class space    used 10039K, committed 10240K, reserved 1048576K
}
Event: 23839.144 GC heap before
{Heap before GC invocations=2317 (full 2197):
 garbage-first heap   total 389120K, used 116484K [0x00000000c0000000, 0x0000000100000000)
  region size 1024K, 1 young (1024K), 0 survivors (0K)
 Metaspace       used 72989K, committed 73472K, reserved 1114112K
  class space    used 10039K, committed 10240K, reserved 1048576K
}
Event: 23839.259 GC heap after
{Heap after GC invocations=2318 (full 2198):
 garbage-first heap   total 389120K, used 116484K [0x00000000c0000000, 0x0000000100000000)
  region size 1024K, 0 young (0K), 0 survivors (0K)
 Metaspace       used 72989K, committed 73472K, reserved 1114112K
  class space    used 10039K, committed 10240K, reserved 1048576K
}
Event: 23849.996 GC heap before
{Heap before GC invocations=2318 (full 2198):
 garbage-first heap   total 389120K, used 116484K [0x00000000c0000000, 0x0000000100000000)
  region size 1024K, 1 young (1024K), 0 survivors (0K)
 Metaspace       used 72989K, committed 73472K, reserved 1114112K
  class space    used 10039K, committed 10240K, reserved 1048576K
}
Event: 23850.111 GC heap after
{Heap after GC invocations=2319 (full 2199):
 garbage-first heap   total 389120K, used 116484K [0x00000000c0000000, 0x0000000100000000)
  region size 1024K, 0 young (0K), 0 survivors (0K)
 Metaspace       used 72989K, committed 73472K, reserved 1114112K
  class space    used 10039K, committed 10240K, reserved 1048576K
}
Event: 23860.382 GC heap before
{Heap before GC invocations=2319 (full 2199):
 garbage-first heap   total 389120K, used 116484K [0x00000000c0000000, 0x0000000100000000)
  region size 1024K, 1 young (1024K), 0 survivors (0K)
 Metaspace       used 72989K, committed 73472K, reserved 1114112K
  class space    used 10039K, committed 10240K, reserved 1048576K
}
Event: 23860.504 GC heap after
{Heap after GC invocations=2320 (full 2200):
 garbage-first heap   total 389120K, used 116484K [0x00000000c0000000, 0x0000000100000000)
  region size 1024K, 0 young (0K), 0 survivors (0K)
 Metaspace       used 72989K, committed 73472K, reserved 1114112K
  class space    used 10039K, committed 10240K, reserved 1048576K
}

Dll operation events (10 events):
Event: 0.036 Loaded shared library c:\Users\HP\.vscode\extensions\redhat.java-1.18.0-win32-x64\jre\17.0.7-win32-x86_64\bin\java.dll
Event: 2.099 Loaded shared library C:\Users\HP\.vscode\extensions\redhat.java-1.18.0-win32-x64\jre\17.0.7-win32-x86_64\bin\net.dll
Event: 2.102 Loaded shared library C:\Users\HP\.vscode\extensions\redhat.java-1.18.0-win32-x64\jre\17.0.7-win32-x86_64\bin\nio.dll
Event: 2.138 Loaded shared library C:\Users\HP\.vscode\extensions\redhat.java-1.18.0-win32-x64\jre\17.0.7-win32-x86_64\bin\zip.dll
Event: 12.522 Loaded shared library C:\Users\HP\.vscode\extensions\redhat.java-1.18.0-win32-x64\jre\17.0.7-win32-x86_64\bin\jimage.dll
Event: 31.763 Loaded shared library C:\Users\HP\.vscode\extensions\redhat.java-1.18.0-win32-x64\jre\17.0.7-win32-x86_64\bin\management.dll
Event: 31.827 Loaded shared library C:\Users\HP\.vscode\extensions\redhat.java-1.18.0-win32-x64\jre\17.0.7-win32-x86_64\bin\management_ext.dll
Event: 37.474 Loaded shared library C:\Users\HP\.vscode\extensions\redhat.java-1.18.0-win32-x64\jre\17.0.7-win32-x86_64\bin\sunmscapi.dll
Event: 53.097 Loaded shared library c:\Users\HP\.vscode\extensions\redhat.java-1.18.0-win32-x64\jre\17.0.7-win32-x86_64\bin\verify.dll
Event: 59.089 Loaded shared library C:\Users\HP\AppData\Local\Temp\snappy-1.1.8-dd2e0d52-e707-4249-9cec-59eb54b3aac1-snappyjava.dll

Deoptimization events (20 events):
Event: 67.534 Thread 0x0000024a0576a2c0 DEOPT PACKING pc=0x0000024a79d6effc sp=0x000000ada24fbbd0
Event: 67.534 Thread 0x0000024a0576a2c0 DEOPT UNPACKING pc=0x0000024a78a17143 sp=0x000000ada24fb168 mode 0
Event: 67.592 Thread 0x0000024a0576a2c0 DEOPT PACKING pc=0x0000024a79d530c4 sp=0x000000ada24fc250
Event: 67.592 Thread 0x0000024a0576a2c0 DEOPT UNPACKING pc=0x0000024a78a17143 sp=0x000000ada24fb630 mode 0
Event: 68.608 Thread 0x0000024a06479fa0 DEOPT PACKING pc=0x0000024a79cfe63d sp=0x000000ada2afd190
Event: 68.608 Thread 0x0000024a06479fa0 DEOPT UNPACKING pc=0x0000024a78a17143 sp=0x000000ada2afc6f8 mode 3
Event: 75.013 Thread 0x0000024a0576a2c0 DEOPT PACKING pc=0x0000024a7a165ea0 sp=0x000000ada24fc1f0
Event: 75.013 Thread 0x0000024a0576a2c0 DEOPT UNPACKING pc=0x0000024a78a17143 sp=0x000000ada24fb670 mode 3
Event: 75.166 Thread 0x0000024a0576a2c0 DEOPT PACKING pc=0x0000024a7a1d6b8a sp=0x000000ada24fd4c0
Event: 75.166 Thread 0x0000024a0576a2c0 DEOPT UNPACKING pc=0x0000024a78a17143 sp=0x000000ada24fc970 mode 3
Event: 171.907 Thread 0x0000024a05fcb340 DEOPT PACKING pc=0x0000024a78b432d4 sp=0x000000ada1efef10
Event: 171.907 Thread 0x0000024a05fcb340 DEOPT UNPACKING pc=0x0000024a78a17143 sp=0x000000ada1efe398 mode 0
Event: 336.563 Thread 0x0000024a0647c150 DEOPT PACKING pc=0x0000024a7a3b4d66 sp=0x000000ada20fc850
Event: 336.563 Thread 0x0000024a0647c150 DEOPT UNPACKING pc=0x0000024a78a17143 sp=0x000000ada20fbd28 mode 3
Event: 589.917 Thread 0x0000024a0647e300 DEOPT PACKING pc=0x0000024a7a0f959d sp=0x000000ada22fcab0
Event: 589.917 Thread 0x0000024a0647e300 DEOPT UNPACKING pc=0x0000024a78a17143 sp=0x000000ada22fbfe0 mode 3
Event: 589.955 Thread 0x0000024a0647e300 DEOPT PACKING pc=0x0000024a7a10e59f sp=0x000000ada22fdfa0
Event: 589.955 Thread 0x0000024a0647e300 DEOPT UNPACKING pc=0x0000024a78a17143 sp=0x000000ada22fda20 mode 3
Event: 601.192 Thread 0x0000024a0647cfc0 DEOPT PACKING pc=0x0000024a793de3a4 sp=0x000000ada20fe200
Event: 601.192 Thread 0x0000024a0647cfc0 DEOPT UNPACKING pc=0x0000024a78a17143 sp=0x000000ada20fd748 mode 0

Classes unloaded (20 events):
Event: 1021.348 Thread 0x0000024a002aed70 Unloading class 0x0000000100a11800 'java/lang/invoke/LambdaForm$MH+0x0000000100a11800'
Event: 1021.348 Thread 0x0000024a002aed70 Unloading class 0x0000000100a11400 'java/lang/invoke/LambdaForm$MH+0x0000000100a11400'
Event: 1021.348 Thread 0x0000024a002aed70 Unloading class 0x0000000100a11000 'java/lang/invoke/LambdaForm$MH+0x0000000100a11000'
Event: 1021.348 Thread 0x0000024a002aed70 Unloading class 0x0000000100a10c00 'java/lang/invoke/LambdaForm$MH+0x0000000100a10c00'
Event: 1021.348 Thread 0x0000024a002aed70 Unloading class 0x0000000100a10800 'java/lang/invoke/LambdaForm$MH+0x0000000100a10800'
Event: 1021.348 Thread 0x0000024a002aed70 Unloading class 0x0000000100a10400 'java/lang/invoke/LambdaForm$MH+0x0000000100a10400'
Event: 1021.348 Thread 0x0000024a002aed70 Unloading class 0x0000000100211000 'java/lang/invoke/LambdaForm$MH+0x0000000100211000'
Event: 1021.348 Thread 0x0000024a002aed70 Unloading class 0x000000010021dc00 'java/lang/invoke/LambdaForm$MH+0x000000010021dc00'
Event: 1021.348 Thread 0x0000024a002aed70 Unloading class 0x000000010021e800 'java/lang/invoke/LambdaForm$MH+0x000000010021e800'
Event: 1021.348 Thread 0x0000024a002aed70 Unloading class 0x000000010034c000 'java/lang/invoke/LambdaForm$MH+0x000000010034c000'
Event: 1021.348 Thread 0x0000024a002aed70 Unloading class 0x0000000100355c00 'java/lang/invoke/LambdaForm$MH+0x0000000100355c00'
Event: 1021.348 Thread 0x0000024a002aed70 Unloading class 0x0000000100356c00 'java/lang/invoke/LambdaForm$MH+0x0000000100356c00'
Event: 1021.348 Thread 0x0000024a002aed70 Unloading class 0x0000000100361000 'java/lang/invoke/LambdaForm$MH+0x0000000100361000'
Event: 1237.997 Thread 0x0000024a002aed70 Unloading class 0x000000010035d000 'jdk/internal/reflect/GeneratedMethodAccessor37'
Event: 1237.997 Thread 0x0000024a002aed70 Unloading class 0x000000010035e000 'jdk/internal/reflect/GeneratedConstructorAccessor59'
Event: 1237.997 Thread 0x0000024a002aed70 Unloading class 0x0000000100374000 'jdk/internal/reflect/GeneratedMethodAccessor36'
Event: 1237.997 Thread 0x0000024a002aed70 Unloading class 0x0000000100374800 'jdk/internal/reflect/GeneratedConstructorAccessor58'
Event: 1237.997 Thread 0x0000024a002aed70 Unloading class 0x000000010039e000 'jdk/internal/reflect/GeneratedMethodAccessor35'
Event: 1237.997 Thread 0x0000024a002aed70 Unloading class 0x00000001000c8c00 'jdk/internal/reflect/GeneratedMethodAccessor34'
Event: 1237.997 Thread 0x0000024a002aed70 Unloading class 0x00000001000c8400 'jdk/internal/reflect/GeneratedMethodAccessor33'

Classes redefined (0 events):
No events

Internal exceptions (20 events):
Event: 18858.222 Thread 0x0000024a0647a470 Exception <a 'sun/nio/fs/WindowsException'{0x00000000d6e0ec00}> (0x00000000d6e0ec00) 
thrown [s\src\hotspot\share\prims\jni.cpp, line 516]
Event: 18858.222 Thread 0x0000024a0647a470 Exception <a 'sun/nio/fs/WindowsException'{0x00000000d6e0fa40}> (0x00000000d6e0fa40) 
thrown [s\src\hotspot\share\prims\jni.cpp, line 516]
Event: 18865.658 Thread 0x0000024a0647a470 Exception <a 'java/lang/ClassCastException'{0x00000000d20939d0}> (0x00000000d20939d0) 
thrown [s\src\hotspot\share\runtime\sharedRuntime.cpp, line 628]
Event: 18865.677 Thread 0x0000024a0647a470 Exception <a 'java/lang/ClassCastException'{0x00000000d20faaf0}> (0x00000000d20faaf0) 
thrown [s\src\hotspot\share\runtime\sharedRuntime.cpp, line 628]
Event: 18869.531 Thread 0x0000024a0647a470 Exception <a 'sun/nio/fs/WindowsException'{0x00000000d1a7b8e0}> (0x00000000d1a7b8e0) 
thrown [s\src\hotspot\share\prims\jni.cpp, line 516]
Event: 18869.532 Thread 0x0000024a0647a470 Exception <a 'sun/nio/fs/WindowsException'{0x00000000d1a7c720}> (0x00000000d1a7c720) 
thrown [s\src\hotspot\share\prims\jni.cpp, line 516]
Event: 18871.773 Thread 0x0000024a0647a470 Exception <a 'sun/nio/fs/WindowsException'{0x00000000cfba8800}> (0x00000000cfba8800) 
thrown [s\src\hotspot\share\prims\jni.cpp, line 516]
Event: 18871.773 Thread 0x0000024a0647a470 Exception <a 'sun/nio/fs/WindowsException'{0x00000000cfba8a70}> (0x00000000cfba8a70) 
thrown [s\src\hotspot\share\prims\jni.cpp, line 516]
Event: 18871.773 Thread 0x0000024a0647a470 Exception <a 'sun/nio/fs/WindowsException'{0x00000000cfba98d8}> (0x00000000cfba98d8) 
thrown [s\src\hotspot\share\prims\jni.cpp, line 516]
Event: 18871.774 Thread 0x0000024a0647a470 Exception <a 'sun/nio/fs/WindowsException'{0x00000000cfba9b68}> (0x00000000cfba9b68) 
thrown [s\src\hotspot\share\prims\jni.cpp, line 516]
Event: 18871.774 Thread 0x0000024a0647a470 Exception <a 'sun/nio/fs/WindowsException'{0x00000000cfbb0018}> (0x00000000cfbb0018) 
thrown [s\src\hotspot\share\prims\jni.cpp, line 516]
Event: 18871.774 Thread 0x0000024a0647a470 Exception <a 'sun/nio/fs/WindowsException'{0x00000000cfbb02b8}> (0x00000000cfbb02b8) 
thrown [s\src\hotspot\share\prims\jni.cpp, line 516]
Event: 18871.774 Thread 0x0000024a0647a470 Exception <a 'sun/nio/fs/WindowsException'{0x00000000cfbb1150}> (0x00000000cfbb1150) 
thrown [s\src\hotspot\share\prims\jni.cpp, line 516]
Event: 18871.774 Thread 0x0000024a0647a470 Exception <a 'sun/nio/fs/WindowsException'{0x00000000cfbb1410}> (0x00000000cfbb1410) 
thrown [s\src\hotspot\share\prims\jni.cpp, line 516]
Event: 18871.775 Thread 0x0000024a0647a470 Exception <a 'sun/nio/fs/WindowsException'{0x00000000cfbb4da8}> (0x00000000cfbb4da8) 
thrown [s\src\hotspot\share\prims\jni.cpp, line 516]
Event: 18871.775 Thread 0x0000024a0647a470 Exception <a 'sun/nio/fs/WindowsException'{0x00000000cfbb5068}> (0x00000000cfbb5068) 
thrown [s\src\hotspot\share\prims\jni.cpp, line 516]
Event: 18871.775 Thread 0x0000024a0647a470 Exception <a 'sun/nio/fs/WindowsException'{0x00000000cfbb5f08}> (0x00000000cfbb5f08) 
thrown [s\src\hotspot\share\prims\jni.cpp, line 516]
Event: 18871.775 Thread 0x0000024a0647a470 Exception <a 'sun/nio/fs/WindowsException'{0x00000000cfbb61d8}> (0x00000000cfbb61d8) 
thrown [s\src\hotspot\share\prims\jni.cpp, line 516]
Event: 19558.809 Thread 0x0000024a0647bc80 Exception <a 'sun/nio/fs/WindowsException'{0x00000000d7884630}> (0x00000000d7884630) 
thrown [s\src\hotspot\share\prims\jni.cpp, line 516]
Event: 19558.810 Thread 0x0000024a0647bc80 Exception <a 'sun/nio/fs/WindowsException'{0x00000000d7885470}> (0x00000000d7885470) 
thrown [s\src\hotspot\share\prims\jni.cpp, line 516]

VM Operations (20 events):
Event: 23765.887 Executing VM operation: G1CollectFull done
Event: 23776.314 Executing VM operation: G1CollectFull
Event: 23776.429 Executing VM operation: G1CollectFull done
Event: 23786.819 Executing VM operation: G1CollectFull
Event: 23786.955 Executing VM operation: G1CollectFull done
Event: 23797.274 Executing VM operation: G1CollectFull
Event: 23797.409 Executing VM operation: G1CollectFull done
Event: 23807.730 Executing VM operation: G1CollectFull
Event: 23807.858 Executing VM operation: G1CollectFull done
Event: 23818.236 Executing VM operation: G1CollectFull
Event: 23818.386 Executing VM operation: G1CollectFull done
Event: 23828.675 Executing VM operation: G1CollectFull
Event: 23828.820 Executing VM operation: G1CollectFull done
Event: 23839.144 Executing VM operation: G1CollectFull
Event: 23839.259 Executing VM operation: G1CollectFull done
Event: 23849.996 Executing VM operation: G1CollectFull
Event: 23850.112 Executing VM operation: G1CollectFull done
Event: 23860.382 Executing VM operation: G1CollectFull
Event: 23860.504 Executing VM operation: G1CollectFull done
Event: 23871.687 Executing VM operation: G1CollectFull

Events (20 events):
Event: 19052.121 Thread 0x0000024a0647e300 Thread added: 0x0000024a0647e300
Event: 19052.123 Thread 0x0000024a0647caf0 Thread added: 0x0000024a0647caf0
Event: 19112.161 Thread 0x0000024a0647caf0 Thread exited: 0x0000024a0647caf0
Event: 19112.177 Thread 0x0000024a0647e300 Thread exited: 0x0000024a0647e300
Event: 19301.359 Thread 0x0000024a06478c60 Thread added: 0x0000024a06478c60
Event: 19301.401 Thread 0x0000024a0647bc80 Thread added: 0x0000024a0647bc80
Event: 19361.457 Thread 0x0000024a0647bc80 Thread exited: 0x0000024a0647bc80
Event: 19361.458 Thread 0x0000024a06478c60 Thread exited: 0x0000024a06478c60
Event: 19489.063 Thread 0x0000024a0647ae10 Thread added: 0x0000024a0647ae10
Event: 19489.065 Thread 0x0000024a0647bc80 Thread added: 0x0000024a0647bc80
Event: 19549.101 Thread 0x0000024a0647bc80 Thread exited: 0x0000024a0647bc80
Event: 19552.550 Thread 0x0000024a0647bc80 Thread added: 0x0000024a0647bc80
Event: 19558.752 Thread 0x0000024a0647b2e0 Thread added: 0x0000024a0647b2e0
Event: 19618.753 Thread 0x0000024a0647ae10 Thread exited: 0x0000024a0647ae10
Event: 19619.381 Thread 0x0000024a0647bc80 Thread exited: 0x0000024a0647bc80
Event: 19622.063 Thread 0x0000024a0647b2e0 Thread exited: 0x0000024a0647b2e0
Event: 20312.884 Thread 0x0000024a0647de30 Thread added: 0x0000024a0647de30
Event: 20312.887 Thread 0x0000024a0647e300 Thread added: 0x0000024a0647e300
Event: 20372.917 Thread 0x0000024a0647de30 Thread exited: 0x0000024a0647de30
Event: 20372.917 Thread 0x0000024a0647e300 Thread exited: 0x0000024a0647e300


Dynamic libraries:
0x00007ff63ff40000 - 0x00007ff63ff4e000 	c:\Users\HP\.vscode\extensions\redhat.java-1.18.0-win32-x64\jre\17.0.7-win32-x86_64\bin\java.exe
0x00007ffbf9550000 - 0x00007ffbf9748000 	C:\WINDOWS\SYSTEM32\ntdll.dll
0x00007ffbf7670000 - 0x00007ffbf772f000 	C:\WINDOWS\System32\KERNEL32.DLL
0x00007ffbf7230000 - 0x00007ffbf7526000 	C:\WINDOWS\System32\KERNELBASE.dll
0x00007ffbf7130000 - 0x00007ffbf7230000 	C:\WINDOWS\System32\ucrtbase.dll
0x00007ffbcad30000 - 0x00007ffbcad47000 	c:\Users\HP\.vscode\extensions\redhat.java-1.18.0-win32-x64\jre\17.0.7-win32-x86_64\bin\jli.dll
0x00007ffbf7d50000 - 0x00007ffbf7eed000 	C:\WINDOWS\System32\USER32.dll
0x00007ffbf7580000 - 0x00007ffbf75a2000 	C:\WINDOWS\System32\win32u.dll
0x00007ffbf83d0000 - 0x00007ffbf83fc000 	C:\WINDOWS\System32\GDI32.dll
0x00007ffbf6e30000 - 0x00007ffbf6f45000 	C:\WINDOWS\System32\gdi32full.dll
0x00007ffbf6d90000 - 0x00007ffbf6e2d000 	C:\WINDOWS\System32\msvcp_win.dll
0x00007ffbd08f0000 - 0x00007ffbd0909000 	c:\Users\HP\.vscode\extensions\redhat.java-1.18.0-win32-x64\jre\17.0.7-win32-x86_64\bin\VCRUNTIME140.dll
0x00007ffbd1f60000 - 0x00007ffbd21fa000 	C:\WINDOWS\WinSxS\amd64_microsoft.windows.common-controls_6595b64144ccf1df_6.0.19041.1110_none_60b5254171f9507e\COMCTL32.dll
0x00007ffbf8330000 - 0x00007ffbf83ce000 	C:\WINDOWS\System32\msvcrt.dll
0x00007ffbf7a90000 - 0x00007ffbf7ac0000 	C:\WINDOWS\System32\IMM32.DLL
0x00007ffbf0d90000 - 0x00007ffbf0d9c000 	c:\Users\HP\.vscode\extensions\redhat.java-1.18.0-win32-x64\jre\17.0.7-win32-x86_64\bin\vcruntime140_1.dll
0x00007ffbafe90000 - 0x00007ffbaff21000 	c:\Users\HP\.vscode\extensions\redhat.java-1.18.0-win32-x64\jre\17.0.7-win32-x86_64\bin\msvcp140.dll
0x00007ffb5e4f0000 - 0x00007ffb5f138000 	c:\Users\HP\.vscode\extensions\redhat.java-1.18.0-win32-x64\jre\17.0.7-win32-x86_64\bin\server\jvm.dll
0x00007ffbf8f90000 - 0x00007ffbf903f000 	C:\WINDOWS\System32\ADVAPI32.dll
0x00007ffbf75d0000 - 0x00007ffbf766c000 	C:\WINDOWS\System32\sechost.dll
0x00007ffbf8c30000 - 0x00007ffbf8d56000 	C:\WINDOWS\System32\RPCRT4.dll
0x00007ffbd62d0000 - 0x00007ffbd62d9000 	C:\WINDOWS\SYSTEM32\WSOCK32.dll
0x00007ffbf8070000 - 0x00007ffbf80db000 	C:\WINDOWS\System32\WS2_32.dll
0x00007ffbd9ef0000 - 0x00007ffbd9f17000 	C:\WINDOWS\SYSTEM32\WINMM.dll
0x00007ffbf1a80000 - 0x00007ffbf1a8a000 	C:\WINDOWS\SYSTEM32\VERSION.dll
0x00007ffbf5590000 - 0x00007ffbf55a2000 	C:\WINDOWS\SYSTEM32\kernel.appcore.dll
0x00007ffbe7820000 - 0x00007ffbe782a000 	c:\Users\HP\.vscode\extensions\redhat.java-1.18.0-win32-x64\jre\17.0.7-win32-x86_64\bin\jimage.dll
0x00007ffbf50d0000 - 0x00007ffbf52b4000 	C:\WINDOWS\SYSTEM32\DBGHELP.DLL
0x00007ffbdca10000 - 0x00007ffbdca44000 	C:\WINDOWS\SYSTEM32\dbgcore.DLL
0x00007ffbf6ff0000 - 0x00007ffbf7072000 	C:\WINDOWS\System32\bcryptPrimitives.dll
0x00007ffbba3a0000 - 0x00007ffbba3c5000 	c:\Users\HP\.vscode\extensions\redhat.java-1.18.0-win32-x64\jre\17.0.7-win32-x86_64\bin\java.dll
0x00007ffbc89e0000 - 0x00007ffbc89f8000 	c:\Users\HP\.vscode\extensions\redhat.java-1.18.0-win32-x64\jre\17.0.7-win32-x86_64\bin\zip.dll
0x00007ffbf84e0000 - 0x00007ffbf8c24000 	C:\WINDOWS\System32\SHELL32.dll
0x00007ffbf4870000 - 0x00007ffbf5003000 	C:\WINDOWS\SYSTEM32\windows.storage.dll
0x00007ffbf7730000 - 0x00007ffbf7a84000 	C:\WINDOWS\System32\combase.dll
0x00007ffbf64d0000 - 0x00007ffbf64fe000 	C:\WINDOWS\SYSTEM32\Wldp.dll
0x00007ffbf80e0000 - 0x00007ffbf818d000 	C:\WINDOWS\System32\SHCORE.dll
0x00007ffbf8f30000 - 0x00007ffbf8f85000 	C:\WINDOWS\System32\shlwapi.dll
0x00007ffbf6b70000 - 0x00007ffbf6b8f000 	C:\WINDOWS\SYSTEM32\profapi.dll
0x00007ffbbae90000 - 0x00007ffbbaea9000 	C:\Users\HP\.vscode\extensions\redhat.java-1.18.0-win32-x64\jre\17.0.7-win32-x86_64\bin\net.dll
0x00007ffbec6a0000 - 0x00007ffbec7aa000 	C:\WINDOWS\SYSTEM32\WINHTTP.dll
0x00007ffbf62b0000 - 0x00007ffbf631a000 	C:\WINDOWS\system32\mswsock.dll
0x00007ffbba220000 - 0x00007ffbba235000 	C:\Users\HP\.vscode\extensions\redhat.java-1.18.0-win32-x64\jre\17.0.7-win32-x86_64\bin\nio.dll
0x00007ffbf6510000 - 0x00007ffbf6528000 	C:\WINDOWS\SYSTEM32\CRYPTSP.dll
0x00007ffbf5bf0000 - 0x00007ffbf5c24000 	C:\WINDOWS\system32\rsaenh.dll
0x00007ffbf6fc0000 - 0x00007ffbf6fe7000 	C:\WINDOWS\System32\bcrypt.dll
0x00007ffbf6b30000 - 0x00007ffbf6b5e000 	C:\WINDOWS\SYSTEM32\USERENV.dll
0x00007ffbf6440000 - 0x00007ffbf644c000 	C:\WINDOWS\SYSTEM32\CRYPTBASE.dll
0x00007ffbf5fc0000 - 0x00007ffbf5ffc000 	C:\WINDOWS\SYSTEM32\IPHLPAPI.DLL
0x00007ffbf84d0000 - 0x00007ffbf84d8000 	C:\WINDOWS\System32\NSI.dll
0x00007ffbee5a0000 - 0x00007ffbee5b7000 	C:\WINDOWS\SYSTEM32\dhcpcsvc6.DLL
0x00007ffbee430000 - 0x00007ffbee44d000 	C:\WINDOWS\SYSTEM32\dhcpcsvc.DLL
0x00007ffbf6000000 - 0x00007ffbf60cb000 	C:\WINDOWS\SYSTEM32\DNSAPI.dll
0x00007ffbb3aa0000 - 0x00007ffbb3aa9000 	C:\Users\HP\.vscode\extensions\redhat.java-1.18.0-win32-x64\jre\17.0.7-win32-x86_64\bin\management.dll
0x00007ffbb3440000 - 0x00007ffbb344b000 	C:\Users\HP\.vscode\extensions\redhat.java-1.18.0-win32-x64\jre\17.0.7-win32-x86_64\bin\management_ext.dll
0x00007ffbf8d60000 - 0x00007ffbf8d68000 	C:\WINDOWS\System32\PSAPI.DLL
0x00007ffbdb860000 - 0x00007ffbdb86e000 	C:\Users\HP\.vscode\extensions\redhat.java-1.18.0-win32-x64\jre\17.0.7-win32-x86_64\bin\sunmscapi.dll
0x00007ffbf6c30000 - 0x00007ffbf6d8e000 	C:\WINDOWS\System32\CRYPT32.dll
0x00007ffbf65a0000 - 0x00007ffbf65c8000 	C:\WINDOWS\SYSTEM32\ncrypt.dll
0x00007ffbf6550000 - 0x00007ffbf658b000 	C:\WINDOWS\SYSTEM32\NTASN1.dll
0x00007ffbecd30000 - 0x00007ffbecd3a000 	C:\Windows\System32\rasadhlp.dll
0x00007ffbec490000 - 0x00007ffbec512000 	C:\WINDOWS\System32\fwpuclnt.dll
0x00007ffbdc4f0000 - 0x00007ffbdc500000 	c:\Users\HP\.vscode\extensions\redhat.java-1.18.0-win32-x64\jre\17.0.7-win32-x86_64\bin\verify.dll
0x000000006c500000 - 0x000000006c5c7000 	C:\Users\HP\AppData\Local\Temp\snappy-1.1.8-dd2e0d52-e707-4249-9cec-59eb54b3aac1-snappyjava.dll

dbghelp: loaded successfully - version: 4.0.5 - missing functions: none
symbol engine: initialized successfully - sym options: 0x614 - pdb path: .;c:\Users\HP\.vscode\extensions\redhat.java-1.18.0-win32-x64\jre\17.0.7-win32-x86_64\bin;C:\WINDOWS\SYSTEM32;C:\WINDOWS\WinSxS\amd64_microsoft.windows.common-controls_6595b64144ccf1df_6.0.19041.1110_none_60b5254171f9507e;c:\Users\HP\.vscode\extensions\redhat.java-1.18.0-win32-x64\jre\17.0.7-win32-x86_64\bin\server;C:\Users\HP\AppData\Local\Temp

VM Arguments:
jvm_args: -XX:+HeapDumpOnOutOfMemoryError -Xmx1024m -Dsts.lsp.client=vscode -Dsts.log.file=/dev/null -XX:TieredStopAtLevel=1 -Xlog:jni+resolve=off -Dspring.config.location=file:c:\Users\HP\.vscode\extensions\vmware.vscode-spring-boot-1.46.0\language-server\BOOT-INF\classes\application.properties 
java_command: org.springframework.ide.vscode.boot.app.BootLanguageServerBootApp
java_class_path (initial): c:\Users\HP\.vscode\extensions\vmware.vscode-spring-boot-1.46.0\language-server\BOOT-INF\classes;c:\Users\HP\.vscode\extensions\vmware.vscode-spring-boot-1.46.0\language-server\BOOT-INF\lib\annotations-24.0.1.jar;c:\Users\HP\.vscode\extensions\vmware.vscode-spring-boot-1.46.0\language-server\BOOT-INF\lib\antlr-runtime-3.5.3.jar;c:\Users\HP\.vscode\extensions\vmware.vscode-spring-boot-1.46.0\language-server\BOOT-INF\lib\antlr4-4.11.1.jar;c:\Users\HP\.vscode\extensions\vmware.vscode-spring-boot-1.46.0\language-server\BOOT-INF\lib\antlr4-runtime-4.11.1.jar;c:\Users\HP\.vscode\extensions\vmware.vscode-spring-boot-1.46.0\language-server\BOOT-INF\lib\asm-9.5.jar;c:\Users\HP\.vscode\extensions\vmware.vscode-spring-boot-1.46.0\language-server\BOOT-INF\lib\asm-analysis-9.5.jar;c:\Users\HP\.vscode\extensions\vmware.vscode-spring-boot-1.46.0\language-server\BOOT-INF\lib\asm-tree-9.5.jar;c:\Users\HP\.vscode\extensions\vmware.vscode-spring-boot-1.46.0\language-server\BOOT-INF\lib\asm-util-9.5.jar;c:\Users\HP\.vscode\extensions\vmware.vscode-spring-boot-1.46.0\language-server\BOOT-INF\lib\caffeine-3.1.2.jar;c:\Users\HP\.vscode\extensions\vmware.vscode-spring-boot-1.46.0\language-server\BOOT-INF\lib\checker-qual-3.12.0.jar;c:\Users\HP\.vscode\extensions\vmware.vscode-spring-boot-1.46.0\language-server\BOOT-INF\lib\classgraph-4.8.149.jar;c:\Users\HP\.vscode\extensions\vmware.vscode-spring-boot-1.46.0\language-server\BOOT-INF\lib\commons-codec-1.15.jar;c:\Users\HP\.vscode\extensions\vmware.vscode-spring-boot-1.46.0\language-server\BOOT-INF\lib\commons-compress-1.23.0.jar;c:\Users\HP\.vscode\extensions\vmware.vscode-spring-boot-1.46.0\language-server\BOOT-INF\lib\commons-io-2.4.jar;c:\Users\HP\.vscode\extensions\vmware.vscode-spring-boot-1.46.0\language-server\BOOT-INF\lib\commons-java-1.46.0-SNAPSHOT.jar;c:\Users\HP\.vscode\extensions\vmware.vscode-spring-boot-1.46.0\language-server\BOOT-INF\lib\commons-lang3-3.12.0.jar;c:\Users\HP\.vscode\extensions\vmw
Launcher Type: SUN_STANDARD

[Global flags]
     intx CICompilerCount                          = 3                                         {product} {ergonomic}
     uint ConcGCThreads                            = 1                                         {product} {ergonomic}
     uint G1ConcRefinementThreads                  = 4                                         {product} {ergonomic}
   size_t G1HeapRegionSize                         = 1048576                                   {product} {ergonomic}
    uintx GCDrainStackTargetSize                   = 64                                        {product} {ergonomic}
     bool HeapDumpOnOutOfMemoryError               = true                                   {manageable} {command line}
   size_t InitialHeapSize                          = 201326592                                 {product} {ergonomic}
   size_t MarkStackSize                            = 4194304                                   {product} {ergonomic}
   size_t MaxHeapSize                              = 1073741824                                {product} {command line}
   size_t MaxNewSize                               = 643825664                                 {product} {ergonomic}
   size_t MinHeapDeltaBytes                        = 1048576                                   {product} {ergonomic}
   size_t MinHeapSize                              = 8388608                                   {product} {ergonomic}
    uintx NonProfiledCodeHeapSize                  = 0                                      {pd product} {ergonomic}
     bool ProfileInterpreter                       = false                                  {pd product} {command line}
    uintx ProfiledCodeHeapSize                     = 0                                      {pd product} {ergonomic}
   size_t SoftMaxHeapSize                          = 1073741824                             {manageable} {ergonomic}
     intx TieredStopAtLevel                        = 1                                         {product} {command line}
     bool UseCompressedClassPointers               = true                           {product lp64_product} {ergonomic}
     bool UseCompressedOops                        = true                           {product lp64_product} {ergonomic}
     bool UseG1GC                                  = true                                      {product} {ergonomic}
     bool UseLargePagesIndividualAllocation        = false                                  {pd product} {ergonomic}

Logging:
Log output configuration:
 #0: stdout all=warning,jni+resolve=off uptime,level,tags
 #1: stderr all=off uptime,level,tags

Environment Variables:
JAVA_HOME=C:\Program Files\Java\jdk-11.0.9
PATH=C:\Program Files\Python310\Scripts\;C:\Program Files\Python310\;C:\Program Files (x86)\Common Files\Intel\Shared Libraries\redist\intel64\compiler;C:\WINDOWS\system32;C:\WINDOWS;C:\WINDOWS\System32\Wbem;C:\WINDOWS\System32\WindowsPowerShell\v1.0\;C:\WINDOWS\System32\OpenSSH\;C:\wamp64\www\scriptcase\components\php;C:\wamp64\bin\php\php7.4.26;C:\wamp64\bin\php\php7.3.25;C:\wamp64\bin\php\php7.1.29;C:\Program Files\nodejs;C:\Program Files\PuTTY\;C:\ProgramData\ComposerSetup\bin;C:\Program Files\Git\cmd;C:\Program Files (x86)\Yarn\bin\;C:\Program Files\Java\jdk-11.0.9\bin;C:\Users\HP\AppData\Local\Programs\Python\Python37;C:\Users\HP\AppData\Local\Programs\Python\Python37\Scripts;C:\Users\HP\AppData\Local\Android\flutter\bin;C:\Users\HP\AppData\Roaming\Composer\vendor\laravel\installer\bin;C:\Program Files (x86)\Bitvise SSH Client;C:\wamp64\www\apache-maven-3.8.4\bin;C:\Program Files\NetMake\v9-php73\components\php;C:\Program Files\Docker\Docker\resources\bin;C:\Program Files\Java\jdk1.8.0_261\bin;C:\Program Files\nodejs\;C:\Program Files\CMake\bin;C:\Users\HP\AppData\Local\Programs\Python\Python310\Scripts\;C:\Users\HP\AppData\Local\Programs\Python\Python310\;C:\Users\HP\AppData\Local\Microsoft\WindowsApps;C:\Users\HP\AppData\Roaming\Composer\vendor\bin;C:\Users\HP\AppData\Local\Yarn\bin;C:\Program Files\heroku\bin;C:\Users\HP\AppData\Local\Programs\Microsoft VS Code\bin;C:\Users\HP\AppData\Local\GitHubDesktop\bin;C:\Users\HP\AppData\Roaming\npm
USERNAME=HP
OS=Windows_NT
PROCESSOR_IDENTIFIER=Intel64 Family 6 Model 142 Stepping 10, GenuineIntel
TMP=C:\Users\HP\AppData\Local\Temp
TEMP=C:\Users\HP\AppData\Local\Temp



---------------  S Y S T E M  ---------------

OS:
 Windows 10 , 64 bit Build 19041 (10.0.19041.2913)
OS uptime: 1 days 20:32 hours
Hyper-V role detected

CPU: total 4 (initial active 4) (2 cores per cpu, 2 threads per core) family 6 model 142 stepping 10 microcode 0xca, cx8, cmov, fxsr, ht, mmx, 3dnowpref, sse, sse2, sse3, ssse3, sse4.1, sse4.2, popcnt, lzcnt, tsc, tscinvbit, avx, avx2, aes, erms, clmul, bmi1, bmi2, adx, fma, vzeroupper, clflush, clflushopt, hv

Memory: 4k page, system-wide physical 12199M (3695M free)
TotalPageFile size 17853M (AvailPageFile size 89M)
current process WorkingSet (physical memory assigned to process): 193M, peak: 1175M
current process commit charge ("private bytes"): 608M, peak: 1139M

vm_info: OpenJDK 64-Bit Server VM (17.0.7+7) for windows-amd64 JRE (17.0.7+7), built on Apr 18 2023 22:10:42 by "temurin" with MS VC++ 16.7 (VS2019)

END.
