#
# There is insufficient memory for the Java Runtime Environment to continue.
# Native memory allocation (malloc) failed to allocate 1075904 bytes for Chunk::new
# Possible reasons:
#   The system is out of physical RAM or swap space
#   The process is running with CompressedOops enabled, and the Java Heap may be blocking the growth of the native heap
# Possible solutions:
#   Reduce memory load on the system
#   Increase physical memory or swap space
#   Check if swap backing store is full
#   Decrease Java heap size (-Xmx/-Xms)
#   Decrease number of Java threads
#   Decrease Java thread stack sizes (-Xss)
#   Set larger code cache with -XX:ReservedCodeCacheSize=
#   JVM is running with Unscaled Compressed Oops mode in which the Java heap is
#     placed in the first 4GB address space. The Java Heap base address is the
#     maximum limit for the native heap growth. Please use -XX:HeapBaseMinAddress
#     to set the Java Heap base and to place the Java Heap above 4GB virtual address.
# This output file may be truncated or incomplete.
#
#  Out of Memory Error (arena.cpp:189), pid=14304, tid=11596
#
# JRE version: OpenJDK Runtime Environment Temurin-17.0.7+7 (17.0.7+7) (build 17.0.7+7)
# Java VM: OpenJDK 64-Bit Server VM Temurin-17.0.7+7 (17.0.7+7, mixed mode, tiered, compressed oops, compressed class ptrs, parallel gc, windows-amd64)
# No core dump will be written. Minidumps are not enabled by default on client versions of Windows
#

---------------  S U M M A R Y ------------

Command Line: --add-modules=ALL-SYSTEM --add-opens=java.base/java.util=ALL-UNNAMED --add-opens=java.base/java.lang=ALL-UNNAMED --add-opens=java.base/sun.nio.fs=ALL-UNNAMED -Declipse.application=org.eclipse.jdt.ls.core.id1 -Dosgi.bundles.defaultStartLevel=4 -Declipse.product=org.eclipse.jdt.ls.core.product -Djava.import.generatesMetadataFilesAtProjectRoot=false -Dfile.encoding=utf8 -XX:+UseParallelGC -XX:GCTimeRatio=4 -XX:AdaptiveSizePolicyWeight=90 -Dsun.zip.disableMemoryMapping=true -Xmx1G -Xms100m -Xlog:disable -javaagent:c:\Users\HP\.vscode\extensions\redhat.java-1.20.0-win32-x64\lombok\lombok-1.18.28.jar -XX:+HeapDumpOnOutOfMemoryError -XX:HeapDumpPath=c:\Users\HP\AppData\Roaming\Code\User\workspaceStorage\5541fb1794e4195495f0c57edcbd7686\redhat.java -Daether.dependencyCollector.impl=bf c:\Users\HP\.vscode\extensions\redhat.java-1.20.0-win32-x64\server\plugins\org.eclipse.equinox.launcher_1.6.500.v20230622-2056.jar -configuration c:\Users\HP\AppData\Roaming\Code\User\globalStorage\redhat.java\1.20.0\config_win -data c:\Users\HP\AppData\Roaming\Code\User\workspaceStorage\5541fb1794e4195495f0c57edcbd7686\redhat.java\jdt_ws

Host: Intel(R) Core(TM) i3-8130U CPU @ 2.20GHz, 4 cores, 11G,  Windows 10 , 64 bit Build 19041 (10.0.19041.3155)
Time: Tue Jul 18 12:17:06 2023 Afr. centrale Ouest elapsed time: 397.478987 seconds (0d 0h 6m 37s)

---------------  T H R E A D  ---------------

Current thread (0x0000021bac12fea0):  JavaThread "C2 CompilerThread0" daemon [_thread_in_native, id=11596, stack(0x000000480f100000,0x000000480f200000)]


Current CompileTask:
C2: 397479 21764       4       org.eclipse.jdt.internal.compiler.lookup.Scope::findMethod0 (1773 bytes)

Stack: [0x000000480f100000,0x000000480f200000]
Native frames: (J=compiled Java code, j=interpreted, Vv=VM code, C=native code)
V  [jvm.dll+0x67754a]
V  [jvm.dll+0x834304]
V  [jvm.dll+0x835aae]
V  [jvm.dll+0x836113]
V  [jvm.dll+0x24696f]
V  [jvm.dll+0xac0ac]
V  [jvm.dll+0xac67c]
V  [jvm.dll+0x364e37]
V  [jvm.dll+0x32f6b1]
V  [jvm.dll+0x32eb5a]
V  [jvm.dll+0x219641]
V  [jvm.dll+0x218a61]
V  [jvm.dll+0x1a4d8d]
V  [jvm.dll+0x2284da]
V  [jvm.dll+0x226615]
V  [jvm.dll+0x7ea90b]
V  [jvm.dll+0x7e4e7a]
V  [jvm.dll+0x676395]
C  [ucrtbase.dll+0x21bb2]
C  [KERNEL32.DLL+0x17614]
C  [ntdll.dll+0x526b1]


---------------  P R O C E S S  ---------------

Threads class SMR info:
_java_thread_list=0x0000021bbeaaed00, length=29, elements={
0x0000021b982d3db0, 0x0000021b960ad580, 0x0000021bac0f2cb0, 0x0000021bac12b160,
0x0000021bac12bb20, 0x0000021bac12c5e0, 0x0000021bac12f2b0, 0x0000021bac12fea0,
0x0000021bac15a6d0, 0x0000021bac15d390, 0x0000021bb14253a0, 0x0000021bb15538d0,
0x0000021bb1d77d10, 0x0000021bb20e3fc0, 0x0000021bb1e29110, 0x0000021bb1a86cc0,
0x0000021bb1f451c0, 0x0000021bb1931cc0, 0x0000021bb1930980, 0x0000021bb1931320,
0x0000021bb1932190, 0x0000021bb1932660, 0x0000021bb1b52e10, 0x0000021bb1b4f450,
0x0000021bb1b4e5e0, 0x0000021bb1b51fa0, 0x0000021bbe564090, 0x0000021bbe5653d0,
0x0000021bbe55e9f0
}

Java Threads: ( => current thread )
  0x0000021b982d3db0 JavaThread "main" [_thread_blocked, id=5852, stack(0x000000480e800000,0x000000480e900000)]
  0x0000021b960ad580 JavaThread "Reference Handler" daemon [_thread_blocked, id=4792, stack(0x000000480eb00000,0x000000480ec00000)]
  0x0000021bac0f2cb0 JavaThread "Finalizer" daemon [_thread_blocked, id=5004, stack(0x000000480ec00000,0x000000480ed00000)]
  0x0000021bac12b160 JavaThread "Signal Dispatcher" daemon [_thread_blocked, id=15172, stack(0x000000480ed00000,0x000000480ee00000)]
  0x0000021bac12bb20 JavaThread "Attach Listener" daemon [_thread_blocked, id=10064, stack(0x000000480ee00000,0x000000480ef00000)]
  0x0000021bac12c5e0 JavaThread "Service Thread" daemon [_thread_blocked, id=2252, stack(0x000000480ef00000,0x000000480f000000)]
  0x0000021bac12f2b0 JavaThread "Monitor Deflation Thread" daemon [_thread_blocked, id=4824, stack(0x000000480f000000,0x000000480f100000)]
=>0x0000021bac12fea0 JavaThread "C2 CompilerThread0" daemon [_thread_in_native, id=11596, stack(0x000000480f100000,0x000000480f200000)]
  0x0000021bac15a6d0 JavaThread "C1 CompilerThread0" daemon [_thread_blocked, id=2144, stack(0x000000480f200000,0x000000480f300000)]
  0x0000021bac15d390 JavaThread "Sweeper thread" daemon [_thread_blocked, id=16052, stack(0x000000480f300000,0x000000480f400000)]
  0x0000021bb14253a0 JavaThread "Common-Cleaner" daemon [_thread_blocked, id=14256, stack(0x000000480f400000,0x000000480f500000)]
  0x0000021bb15538d0 JavaThread "Notification Thread" daemon [_thread_blocked, id=7976, stack(0x000000480f500000,0x000000480f600000)]
  0x0000021bb1d77d10 JavaThread "Active Thread: Equinox Container: 30c2769d-4c55-4b44-af74-bdc1d637ec38" [_thread_blocked, id=4236, stack(0x000000480fb00000,0x000000480fc00000)]
  0x0000021bb20e3fc0 JavaThread "Framework Event Dispatcher: Equinox Container: 30c2769d-4c55-4b44-af74-bdc1d637ec38" daemon [_thread_blocked, id=16080, stack(0x000000480fa00000,0x000000480fb00000)]
  0x0000021bb1e29110 JavaThread "Start Level: Equinox Container: 30c2769d-4c55-4b44-af74-bdc1d637ec38" daemon [_thread_blocked, id=14372, stack(0x000000480fc00000,0x000000480fd00000)]
  0x0000021bb1a86cc0 JavaThread "SCR Component Actor" daemon [_thread_blocked, id=14232, stack(0x000000480fd00000,0x000000480fe00000)]
  0x0000021bb1f451c0 JavaThread "Worker-JM" [_thread_blocked, id=14840, stack(0x000000480ff00000,0x0000004810000000)]
  0x0000021bb1931cc0 JavaThread "Java indexing" daemon [_thread_blocked, id=16072, stack(0x0000004810300000,0x0000004810400000)]
  0x0000021bb1930980 JavaThread "JNA Cleaner" daemon [_thread_blocked, id=9620, stack(0x000000480fe00000,0x000000480ff00000)]
  0x0000021bb1931320 JavaThread "pool-2-thread-1" [_thread_blocked, id=2696, stack(0x0000004810800000,0x0000004810900000)]
  0x0000021bb1932190 JavaThread "WorkspaceEventsHandler" [_thread_blocked, id=14512, stack(0x0000004810900000,0x0000004810a00000)]
  0x0000021bb1932660 JavaThread "pool-1-thread-1" [_thread_in_native, id=3344, stack(0x0000004810a00000,0x0000004810b00000)]
  0x0000021bb1b52e10 JavaThread "ForkJoinPool.commonPool-worker-1" daemon [_thread_in_Java, id=7792, stack(0x0000004810500000,0x0000004810600000)]
  0x0000021bb1b4f450 JavaThread "ForkJoinPool.commonPool-worker-2" daemon [_thread_in_Java, id=13432, stack(0x0000004810c00000,0x0000004810d00000)]
  0x0000021bb1b4e5e0 JavaThread "Bundle File Closer" daemon [_thread_blocked, id=15896, stack(0x0000004810d00000,0x0000004810e00000)]
  0x0000021bb1b51fa0 JavaThread "Worker-6" [_thread_blocked, id=14172, stack(0x0000004811400000,0x0000004811500000)]
  0x0000021bbe564090 JavaThread "ForkJoinPool.commonPool-worker-4" daemon [_thread_in_Java, id=13868, stack(0x000000480e700000,0x000000480e800000)]
  0x0000021bbe5653d0 JavaThread "Worker-8" [_thread_blocked, id=3752, stack(0x0000004810000000,0x0000004810100000)]
  0x0000021bbe55e9f0 JavaThread "ForkJoinPool.commonPool-worker-5" daemon [_thread_in_Java, id=13012, stack(0x0000004810100000,0x0000004810200000)]

Other Threads:
  0x0000021bac0d8dd0 VMThread "VM Thread" [stack: 0x000000480ea00000,0x000000480eb00000] [id=15476]
  0x0000021bb1553da0 WatcherThread [stack: 0x000000480f600000,0x000000480f700000] [id=8736]
  0x0000021b982ebd80 GCTaskThread "GC Thread#0" [stack: 0x000000480e900000,0x000000480ea00000] [id=11724]
  0x0000021bb1aedc30 GCTaskThread "GC Thread#1" [stack: 0x000000480f700000,0x000000480f800000] [id=8016]
  0x0000021bb1988780 GCTaskThread "GC Thread#2" [stack: 0x000000480f800000,0x000000480f900000] [id=12776]
  0x0000021bb1988a30 GCTaskThread "GC Thread#3" [stack: 0x000000480f900000,0x000000480fa00000] [id=13420]

Threads with active compile tasks:
C2 CompilerThread0   397529 21764       4       org.eclipse.jdt.internal.compiler.lookup.Scope::findMethod0 (1773 bytes)

VM state: not at safepoint (normal execution)

VM Mutex/Monitor currently owned by a thread: None

Heap address: 0x00000000c0000000, size: 1024 MB, Compressed Oops mode: 32-bit

CDS archive(s) not mapped
Compressed class space mapped at: 0x0000000100000000-0x0000000140000000, reserved size: 1073741824
Narrow klass base: 0x0000000000000000, Narrow klass shift: 3, Narrow klass range: 0x140000000

GC Precious Log:
 CPUs: 4 total, 4 available
 Memory: 12199M
 Large Page Support: Disabled
 NUMA Support: Disabled
 Compressed Oops: Enabled (32-bit)
 Alignments: Space 512K, Generation 512K, Heap 2M
 Heap Min Capacity: 100M
 Heap Initial Capacity: 100M
 Heap Max Capacity: 1G
 Pre-touch: Disabled
 Parallel Workers: 4

Heap:
 PSYoungGen      total 133120K, used 88519K [0x00000000eab00000, 0x00000000f7000000, 0x0000000100000000)
  eden space 118784K, 62% used [0x00000000eab00000,0x00000000ef378700,0x00000000f1f00000)
  from space 14336K, 99% used [0x00000000f1f00000,0x00000000f2cf9620,0x00000000f2d00000)
  to   space 35328K, 0% used [0x00000000f4d80000,0x00000000f4d80000,0x00000000f7000000)
 ParOldGen       total 393728K, used 374725K [0x00000000c0000000, 0x00000000d8080000, 0x00000000eab00000)
  object space 393728K, 95% used [0x00000000c0000000,0x00000000d6df1460,0x00000000d8080000)
 Metaspace       used 83236K, committed 84544K, reserved 1179648K
  class space    used 8223K, committed 8832K, reserved 1048576K

Card table byte_map: [0x0000021b97cb0000,0x0000021b97ec0000] _byte_map_base: 0x0000021b976b0000

Marking Bits: (ParMarkBitMap*) 0x00007ffdfd4952c0
 Begin Bits: [0x0000021ba9f60000, 0x0000021baaf60000)
 End Bits:   [0x0000021baaf60000, 0x0000021babf60000)

Polling page: 0x0000021b97aa0000

Metaspace:

Usage:
  Non-class:     73.25 MB used.
      Class:      8.03 MB used.
       Both:     81.29 MB used.

Virtual space:
  Non-class space:      128.00 MB reserved,      73.94 MB ( 58%) committed,  2 nodes.
      Class space:        1.00 GB reserved,       8.62 MB ( <1%) committed,  1 nodes.
             Both:        1.12 GB reserved,      82.56 MB (  7%) committed. 

Chunk freelists:
   Non-Class:  5.91 MB
       Class:  7.42 MB
        Both:  13.33 MB

MaxMetaspaceSize: unlimited
CompressedClassSpaceSize: 1.00 GB
Initial GC threshold: 21.00 MB
Current GC threshold: 137.62 MB
CDS: off
MetaspaceReclaimPolicy: balanced
 - commit_granule_bytes: 65536.
 - commit_granule_words: 8192.
 - virtual_space_node_default_size: 8388608.
 - enlarge_chunks_in_place: 1.
 - new_chunks_are_fully_committed: 0.
 - uncommit_free_chunks: 1.
 - use_allocation_guard: 0.
 - handle_deallocations: 1.


Internal statistics:

num_allocs_failed_limit: 9.
num_arena_births: 908.
num_arena_deaths: 14.
num_vsnodes_births: 3.
num_vsnodes_deaths: 0.
num_space_committed: 1321.
num_space_uncommitted: 0.
num_chunks_returned_to_freelist: 23.
num_chunks_taken_from_freelist: 4655.
num_chunk_merges: 13.
num_chunk_splits: 2748.
num_chunks_enlarged: 1373.
num_inconsistent_stats: 0.

CodeHeap 'non-profiled nmethods': size=120000Kb used=22459Kb max_used=22459Kb free=97540Kb
 bounds [0x0000021ba2a30000, 0x0000021ba4020000, 0x0000021ba9f60000]
CodeHeap 'profiled nmethods': size=120000Kb used=31202Kb max_used=32821Kb free=88797Kb
 bounds [0x0000021b9af60000, 0x0000021b9cfb0000, 0x0000021ba2490000]
CodeHeap 'non-nmethods': size=5760Kb used=1382Kb max_used=1521Kb free=4377Kb
 bounds [0x0000021ba2490000, 0x0000021ba2700000, 0x0000021ba2a30000]
 total_blobs=16493 nmethods=15765 adapters=639
 compilation: enabled
              stopped_count=0, restarted_count=0
 full_count=0

Compilation events (20 events):
Event: 396.916 Thread 0x0000021bac15a6d0 21755       3       java.util.concurrent.CompletableFuture$UniExceptionally::<init> (14 bytes)
Event: 396.917 Thread 0x0000021bac15a6d0 nmethod 21755 0x0000021b9befc310 code [0x0000021b9befc4c0, 0x0000021b9befc798]
Event: 396.943 Thread 0x0000021bac12fea0 nmethod 21752 0x0000021ba4012d10 code [0x0000021ba4013040, 0x0000021ba4014450]
Event: 396.944 Thread 0x0000021bac12fea0 21754       4       org.eclipse.jdt.internal.compiler.codegen.CodeStream::generateReturnBytecode (109 bytes)
Event: 397.017 Thread 0x0000021bac12fea0 nmethod 21754 0x0000021ba4015790 code [0x0000021ba4015a20, 0x0000021ba40165f0]
Event: 397.018 Thread 0x0000021bac12fea0 21756       4       org.eclipse.jdt.internal.corext.dom.GenericVisitor::visit (6 bytes)
Event: 397.018 Thread 0x0000021bac12fea0 nmethod 21756 0x0000021ba4016f90 code [0x0000021ba4017100, 0x0000021ba4017198]
Event: 397.041 Thread 0x0000021bac12fea0 21757       4       lombok.eclipse.handlers.HandleConstructor::generateExtraNoArgsConstructor (56 bytes)
Event: 397.049 Thread 0x0000021bac12fea0 nmethod 21757 0x0000021ba4017290 code [0x0000021ba4017460, 0x0000021ba4017808]
Event: 397.052 Thread 0x0000021bac12fea0 21758       4       lombok.eclipse.handlers.HandleData::handle (138 bytes)
Event: 397.073 Thread 0x0000021bac15a6d0 21759       3       org.eclipse.lsp4j.jsonrpc.json.adapters.MessageTypeAdapter::parseParams (235 bytes)
Event: 397.076 Thread 0x0000021bac15a6d0 nmethod 21759 0x0000021b9c9a2c10 code [0x0000021b9c9a2fc0, 0x0000021b9c9a4f28]
Event: 397.076 Thread 0x0000021bac15a6d0 21760       3       org.eclipse.lsp4j.jsonrpc.json.adapters.MessageTypeAdapter::parseResult (115 bytes)
Event: 397.078 Thread 0x0000021bac15a6d0 nmethod 21760 0x0000021b9bf82090 code [0x0000021b9bf82320, 0x0000021b9bf82f98]
Event: 397.078 Thread 0x0000021bac15a6d0 21761       3       org.eclipse.lsp4j.jsonrpc.json.adapters.MessageTypeAdapter::createMessage (140 bytes)
Event: 397.079 Thread 0x0000021bac15a6d0 nmethod 21761 0x0000021b9c3fdb10 code [0x0000021b9c3fdd60, 0x0000021b9c3feaa8]
Event: 397.255 Thread 0x0000021bac15a6d0 21765       3       org.eclipse.jdt.internal.compiler.codegen.CodeStream::lconst_1 (86 bytes)
Event: 397.257 Thread 0x0000021bac15a6d0 nmethod 21765 0x0000021b9bf32d90 code [0x0000021b9bf32fa0, 0x0000021b9bf33878]
Event: 397.261 Thread 0x0000021bac12fea0 nmethod 21758 0x0000021ba4017c90 code [0x0000021ba4018260, 0x0000021ba401b3d8]
Event: 397.261 Thread 0x0000021bac12fea0 21764       4       org.eclipse.jdt.internal.compiler.lookup.Scope::findMethod0 (1773 bytes)

GC Heap History (20 events):
Event: 395.226 GC heap before
{Heap before GC invocations=1320 (full 48):
 PSYoungGen      total 131072K, used 130795K [0x00000000eab00000, 0x00000000f4980000, 0x0000000100000000)
  eden space 112128K, 100% used [0x00000000eab00000,0x00000000f1880000,0x00000000f1880000)
  from space 18944K, 98% used [0x00000000f1a80000,0x00000000f2cbafa0,0x00000000f2d00000)
  to   space 22528K, 0% used [0x00000000f3380000,0x00000000f3380000,0x00000000f4980000)
 ParOldGen       total 393728K, used 230747K [0x00000000c0000000, 0x00000000d8080000, 0x00000000eab00000)
  object space 393728K, 58% used [0x00000000c0000000,0x00000000ce156c00,0x00000000d8080000)
 Metaspace       used 83216K, committed 84544K, reserved 1179648K
  class space    used 8222K, committed 8832K, reserved 1048576K
}
Event: 395.253 GC heap after
{Heap after GC invocations=1320 (full 48):
 PSYoungGen      total 123904K, used 13569K [0x00000000eab00000, 0x00000000f4100000, 0x0000000100000000)
  eden space 110080K, 0% used [0x00000000eab00000,0x00000000eab00000,0x00000000f1680000)
  from space 13824K, 98% used [0x00000000f3380000,0x00000000f40c0400,0x00000000f4100000)
  to   space 16384K, 0% used [0x00000000f2100000,0x00000000f2100000,0x00000000f3100000)
 ParOldGen       total 393728K, used 249149K [0x00000000c0000000, 0x00000000d8080000, 0x00000000eab00000)
  object space 393728K, 63% used [0x00000000c0000000,0x00000000cf34f598,0x00000000d8080000)
 Metaspace       used 83216K, committed 84544K, reserved 1179648K
  class space    used 8222K, committed 8832K, reserved 1048576K
}
Event: 395.363 GC heap before
{Heap before GC invocations=1321 (full 48):
 PSYoungGen      total 123904K, used 123649K [0x00000000eab00000, 0x00000000f4100000, 0x0000000100000000)
  eden space 110080K, 100% used [0x00000000eab00000,0x00000000f1680000,0x00000000f1680000)
  from space 13824K, 98% used [0x00000000f3380000,0x00000000f40c0400,0x00000000f4100000)
  to   space 16384K, 0% used [0x00000000f2100000,0x00000000f2100000,0x00000000f3100000)
 ParOldGen       total 393728K, used 249149K [0x00000000c0000000, 0x00000000d8080000, 0x00000000eab00000)
  object space 393728K, 63% used [0x00000000c0000000,0x00000000cf34f598,0x00000000d8080000)
 Metaspace       used 83216K, committed 84544K, reserved 1179648K
  class space    used 8222K, committed 8832K, reserved 1048576K
}
Event: 395.389 GC heap after
{Heap after GC invocations=1321 (full 48):
 PSYoungGen      total 121856K, used 13359K [0x00000000eab00000, 0x00000000f3400000, 0x0000000100000000)
  eden space 108032K, 0% used [0x00000000eab00000,0x00000000eab00000,0x00000000f1480000)
  from space 13824K, 96% used [0x00000000f2100000,0x00000000f2e0bd88,0x00000000f2e80000)
  to   space 5632K, 0% used [0x00000000f2e80000,0x00000000f2e80000,0x00000000f3400000)
 ParOldGen       total 393728K, used 262624K [0x00000000c0000000, 0x00000000d8080000, 0x00000000eab00000)
  object space 393728K, 66% used [0x00000000c0000000,0x00000000d0078308,0x00000000d8080000)
 Metaspace       used 83216K, committed 84544K, reserved 1179648K
  class space    used 8222K, committed 8832K, reserved 1048576K
}
Event: 395.593 GC heap before
{Heap before GC invocations=1322 (full 48):
 PSYoungGen      total 121856K, used 121391K [0x00000000eab00000, 0x00000000f3400000, 0x0000000100000000)
  eden space 108032K, 100% used [0x00000000eab00000,0x00000000f1480000,0x00000000f1480000)
  from space 13824K, 96% used [0x00000000f2100000,0x00000000f2e0bd88,0x00000000f2e80000)
  to   space 5632K, 0% used [0x00000000f2e80000,0x00000000f2e80000,0x00000000f3400000)
 ParOldGen       total 393728K, used 262624K [0x00000000c0000000, 0x00000000d8080000, 0x00000000eab00000)
  object space 393728K, 66% used [0x00000000c0000000,0x00000000d0078308,0x00000000d8080000)
 Metaspace       used 83218K, committed 84544K, reserved 1179648K
  class space    used 8222K, committed 8832K, reserved 1048576K
}
Event: 395.616 GC heap after
{Heap after GC invocations=1322 (full 48):
 PSYoungGen      total 111616K, used 5616K [0x00000000eab00000, 0x00000000f4880000, 0x0000000100000000)
  eden space 105984K, 0% used [0x00000000eab00000,0x00000000eab00000,0x00000000f1280000)
  from space 5632K, 99% used [0x00000000f2e80000,0x00000000f33fc070,0x00000000f3400000)
  to   space 27648K, 0% used [0x00000000f1280000,0x00000000f1280000,0x00000000f2d80000)
 ParOldGen       total 393728K, used 282327K [0x00000000c0000000, 0x00000000d8080000, 0x00000000eab00000)
  object space 393728K, 71% used [0x00000000c0000000,0x00000000d13b5fc0,0x00000000d8080000)
 Metaspace       used 83218K, committed 84544K, reserved 1179648K
  class space    used 8222K, committed 8832K, reserved 1048576K
}
Event: 395.756 GC heap before
{Heap before GC invocations=1323 (full 48):
 PSYoungGen      total 111616K, used 111600K [0x00000000eab00000, 0x00000000f4880000, 0x0000000100000000)
  eden space 105984K, 99% used [0x00000000eab00000,0x00000000f127fff8,0x00000000f1280000)
  from space 5632K, 99% used [0x00000000f2e80000,0x00000000f33fc070,0x00000000f3400000)
  to   space 27648K, 0% used [0x00000000f1280000,0x00000000f1280000,0x00000000f2d80000)
 ParOldGen       total 393728K, used 282327K [0x00000000c0000000, 0x00000000d8080000, 0x00000000eab00000)
  object space 393728K, 71% used [0x00000000c0000000,0x00000000d13b5fc0,0x00000000d8080000)
 Metaspace       used 83218K, committed 84544K, reserved 1179648K
  class space    used 8222K, committed 8832K, reserved 1048576K
}
Event: 395.774 GC heap after
{Heap after GC invocations=1323 (full 48):
 PSYoungGen      total 119808K, used 15600K [0x00000000eab00000, 0x00000000f3680000, 0x0000000100000000)
  eden space 103936K, 0% used [0x00000000eab00000,0x00000000eab00000,0x00000000f1080000)
  from space 15872K, 98% used [0x00000000f1280000,0x00000000f21bc258,0x00000000f2200000)
  to   space 19456K, 0% used [0x00000000f2380000,0x00000000f2380000,0x00000000f3680000)
 ParOldGen       total 393728K, used 287687K [0x00000000c0000000, 0x00000000d8080000, 0x00000000eab00000)
  object space 393728K, 73% used [0x00000000c0000000,0x00000000d18f1df8,0x00000000d8080000)
 Metaspace       used 83218K, committed 84544K, reserved 1179648K
  class space    used 8222K, committed 8832K, reserved 1048576K
}
Event: 395.905 GC heap before
{Heap before GC invocations=1324 (full 48):
 PSYoungGen      total 119808K, used 119536K [0x00000000eab00000, 0x00000000f3680000, 0x0000000100000000)
  eden space 103936K, 100% used [0x00000000eab00000,0x00000000f1080000,0x00000000f1080000)
  from space 15872K, 98% used [0x00000000f1280000,0x00000000f21bc258,0x00000000f2200000)
  to   space 19456K, 0% used [0x00000000f2380000,0x00000000f2380000,0x00000000f3680000)
 ParOldGen       total 393728K, used 287687K [0x00000000c0000000, 0x00000000d8080000, 0x00000000eab00000)
  object space 393728K, 73% used [0x00000000c0000000,0x00000000d18f1df8,0x00000000d8080000)
 Metaspace       used 83219K, committed 84544K, reserved 1179648K
  class space    used 8222K, committed 8832K, reserved 1048576K
}
Event: 395.931 GC heap after
{Heap after GC invocations=1324 (full 48):
 PSYoungGen      total 124416K, used 17612K [0x00000000eab00000, 0x00000000f4100000, 0x0000000100000000)
  eden space 104960K, 0% used [0x00000000eab00000,0x00000000eab00000,0x00000000f1180000)
  from space 19456K, 90% used [0x00000000f2380000,0x00000000f34b3040,0x00000000f3680000)
  to   space 18432K, 0% used [0x00000000f1180000,0x00000000f1180000,0x00000000f2380000)
 ParOldGen       total 393728K, used 302895K [0x00000000c0000000, 0x00000000d8080000, 0x00000000eab00000)
  object space 393728K, 76% used [0x00000000c0000000,0x00000000d27cbc90,0x00000000d8080000)
 Metaspace       used 83219K, committed 84544K, reserved 1179648K
  class space    used 8222K, committed 8832K, reserved 1048576K
}
Event: 396.153 GC heap before
{Heap before GC invocations=1325 (full 48):
 PSYoungGen      total 124416K, used 122572K [0x00000000eab00000, 0x00000000f4100000, 0x0000000100000000)
  eden space 104960K, 100% used [0x00000000eab00000,0x00000000f1180000,0x00000000f1180000)
  from space 19456K, 90% used [0x00000000f2380000,0x00000000f34b3040,0x00000000f3680000)
  to   space 18432K, 0% used [0x00000000f1180000,0x00000000f1180000,0x00000000f2380000)
 ParOldGen       total 393728K, used 302895K [0x00000000c0000000, 0x00000000d8080000, 0x00000000eab00000)
  object space 393728K, 76% used [0x00000000c0000000,0x00000000d27cbc90,0x00000000d8080000)
 Metaspace       used 83220K, committed 84544K, reserved 1179648K
  class space    used 8222K, committed 8832K, reserved 1048576K
}
Event: 396.192 GC heap after
{Heap after GC invocations=1325 (full 48):
 PSYoungGen      total 123392K, used 11760K [0x00000000eab00000, 0x00000000f3a80000, 0x0000000100000000)
  eden space 104960K, 0% used [0x00000000eab00000,0x00000000eab00000,0x00000000f1180000)
  from space 18432K, 63% used [0x00000000f1180000,0x00000000f1cfc0f0,0x00000000f2380000)
  to   space 14336K, 0% used [0x00000000f2c80000,0x00000000f2c80000,0x00000000f3a80000)
 ParOldGen       total 393728K, used 320334K [0x00000000c0000000, 0x00000000d8080000, 0x00000000eab00000)
  object space 393728K, 81% used [0x00000000c0000000,0x00000000d38d39e8,0x00000000d8080000)
 Metaspace       used 83220K, committed 84544K, reserved 1179648K
  class space    used 8222K, committed 8832K, reserved 1048576K
}
Event: 396.446 GC heap before
{Heap before GC invocations=1326 (full 48):
 PSYoungGen      total 123392K, used 116720K [0x00000000eab00000, 0x00000000f3a80000, 0x0000000100000000)
  eden space 104960K, 100% used [0x00000000eab00000,0x00000000f1180000,0x00000000f1180000)
  from space 18432K, 63% used [0x00000000f1180000,0x00000000f1cfc0f0,0x00000000f2380000)
  to   space 14336K, 0% used [0x00000000f2c80000,0x00000000f2c80000,0x00000000f3a80000)
 ParOldGen       total 393728K, used 320334K [0x00000000c0000000, 0x00000000d8080000, 0x00000000eab00000)
  object space 393728K, 81% used [0x00000000c0000000,0x00000000d38d39e8,0x00000000d8080000)
 Metaspace       used 83221K, committed 84544K, reserved 1179648K
  class space    used 8222K, committed 8832K, reserved 1048576K
}
Event: 396.479 GC heap after
{Heap after GC invocations=1326 (full 48):
 PSYoungGen      total 118272K, used 14319K [0x00000000eab00000, 0x00000000f5680000, 0x0000000100000000)
  eden space 103936K, 0% used [0x00000000eab00000,0x00000000eab00000,0x00000000f1080000)
  from space 14336K, 99% used [0x00000000f2c80000,0x00000000f3a7bfa8,0x00000000f3a80000)
  to   space 28672K, 0% used [0x00000000f1080000,0x00000000f1080000,0x00000000f2c80000)
 ParOldGen       total 393728K, used 331983K [0x00000000c0000000, 0x00000000d8080000, 0x00000000eab00000)
  object space 393728K, 84% used [0x00000000c0000000,0x00000000d4433d88,0x00000000d8080000)
 Metaspace       used 83221K, committed 84544K, reserved 1179648K
  class space    used 8222K, committed 8832K, reserved 1048576K
}
Event: 396.713 GC heap before
{Heap before GC invocations=1327 (full 48):
 PSYoungGen      total 118272K, used 118255K [0x00000000eab00000, 0x00000000f5680000, 0x0000000100000000)
  eden space 103936K, 100% used [0x00000000eab00000,0x00000000f1080000,0x00000000f1080000)
  from space 14336K, 99% used [0x00000000f2c80000,0x00000000f3a7bfa8,0x00000000f3a80000)
  to   space 28672K, 0% used [0x00000000f1080000,0x00000000f1080000,0x00000000f2c80000)
 ParOldGen       total 393728K, used 331983K [0x00000000c0000000, 0x00000000d8080000, 0x00000000eab00000)
  object space 393728K, 84% used [0x00000000c0000000,0x00000000d4433d88,0x00000000d8080000)
 Metaspace       used 83223K, committed 84544K, reserved 1179648K
  class space    used 8222K, committed 8832K, reserved 1048576K
}
Event: 396.745 GC heap after
{Heap after GC invocations=1327 (full 48):
 PSYoungGen      total 132608K, used 11232K [0x00000000eab00000, 0x00000000f3e00000, 0x0000000100000000)
  eden space 103936K, 0% used [0x00000000eab00000,0x00000000eab00000,0x00000000f1080000)
  from space 28672K, 39% used [0x00000000f1080000,0x00000000f1b78120,0x00000000f2c80000)
  to   space 16896K, 0% used [0x00000000f2d80000,0x00000000f2d80000,0x00000000f3e00000)
 ParOldGen       total 393728K, used 346260K [0x00000000c0000000, 0x00000000d8080000, 0x00000000eab00000)
  object space 393728K, 87% used [0x00000000c0000000,0x00000000d5225280,0x00000000d8080000)
 Metaspace       used 83223K, committed 84544K, reserved 1179648K
  class space    used 8222K, committed 8832K, reserved 1048576K
}
Event: 396.986 GC heap before
{Heap before GC invocations=1328 (full 48):
 PSYoungGen      total 132608K, used 115168K [0x00000000eab00000, 0x00000000f3e00000, 0x0000000100000000)
  eden space 103936K, 100% used [0x00000000eab00000,0x00000000f1080000,0x00000000f1080000)
  from space 28672K, 39% used [0x00000000f1080000,0x00000000f1b78120,0x00000000f2c80000)
  to   space 16896K, 0% used [0x00000000f2d80000,0x00000000f2d80000,0x00000000f3e00000)
 ParOldGen       total 393728K, used 346260K [0x00000000c0000000, 0x00000000d8080000, 0x00000000eab00000)
  object space 393728K, 87% used [0x00000000c0000000,0x00000000d5225280,0x00000000d8080000)
 Metaspace       used 83231K, committed 84544K, reserved 1179648K
  class space    used 8223K, committed 8832K, reserved 1048576K
}
Event: 397.017 GC heap after
{Heap after GC invocations=1328 (full 48):
 PSYoungGen      total 130560K, used 13424K [0x00000000eab00000, 0x00000000f3b00000, 0x0000000100000000)
  eden space 116736K, 0% used [0x00000000eab00000,0x00000000eab00000,0x00000000f1d00000)
  from space 13824K, 97% used [0x00000000f2d80000,0x00000000f3a9c3b0,0x00000000f3b00000)
  to   space 14336K, 0% used [0x00000000f1f00000,0x00000000f1f00000,0x00000000f2d00000)
 ParOldGen       total 393728K, used 357136K [0x00000000c0000000, 0x00000000d8080000, 0x00000000eab00000)
  object space 393728K, 90% used [0x00000000c0000000,0x00000000d5cc41c0,0x00000000d8080000)
 Metaspace       used 83231K, committed 84544K, reserved 1179648K
  class space    used 8223K, committed 8832K, reserved 1048576K
}
Event: 397.287 GC heap before
{Heap before GC invocations=1329 (full 48):
 PSYoungGen      total 130560K, used 130160K [0x00000000eab00000, 0x00000000f3b00000, 0x0000000100000000)
  eden space 116736K, 100% used [0x00000000eab00000,0x00000000f1d00000,0x00000000f1d00000)
  from space 13824K, 97% used [0x00000000f2d80000,0x00000000f3a9c3b0,0x00000000f3b00000)
  to   space 14336K, 0% used [0x00000000f1f00000,0x00000000f1f00000,0x00000000f2d00000)
 ParOldGen       total 393728K, used 357136K [0x00000000c0000000, 0x00000000d8080000, 0x00000000eab00000)
  object space 393728K, 90% used [0x00000000c0000000,0x00000000d5cc41c0,0x00000000d8080000)
 Metaspace       used 83235K, committed 84544K, reserved 1179648K
  class space    used 8223K, committed 8832K, reserved 1048576K
}
Event: 397.329 GC heap after
{Heap after GC invocations=1329 (full 48):
 PSYoungGen      total 133120K, used 14309K [0x00000000eab00000, 0x00000000f7000000, 0x0000000100000000)
  eden space 118784K, 0% used [0x00000000eab00000,0x00000000eab00000,0x00000000f1f00000)
  from space 14336K, 99% used [0x00000000f1f00000,0x00000000f2cf9620,0x00000000f2d00000)
  to   space 35328K, 0% used [0x00000000f4d80000,0x00000000f4d80000,0x00000000f7000000)
 ParOldGen       total 393728K, used 374725K [0x00000000c0000000, 0x00000000d8080000, 0x00000000eab00000)
  object space 393728K, 95% used [0x00000000c0000000,0x00000000d6df1460,0x00000000d8080000)
 Metaspace       used 83235K, committed 84544K, reserved 1179648K
  class space    used 8223K, committed 8832K, reserved 1048576K
}

Dll operation events (11 events):
Event: 0.037 Loaded shared library c:\Users\HP\.vscode\extensions\redhat.java-1.20.0-win32-x64\jre\17.0.7-win32-x86_64\bin\java.dll
Event: 0.897 Loaded shared library c:\Users\HP\.vscode\extensions\redhat.java-1.20.0-win32-x64\jre\17.0.7-win32-x86_64\bin\zip.dll
Event: 0.902 Loaded shared library C:\Users\HP\.vscode\extensions\redhat.java-1.20.0-win32-x64\jre\17.0.7-win32-x86_64\bin\instrument.dll
Event: 0.951 Loaded shared library C:\Users\HP\.vscode\extensions\redhat.java-1.20.0-win32-x64\jre\17.0.7-win32-x86_64\bin\net.dll
Event: 0.953 Loaded shared library C:\Users\HP\.vscode\extensions\redhat.java-1.20.0-win32-x64\jre\17.0.7-win32-x86_64\bin\nio.dll
Event: 0.999 Loaded shared library C:\Users\HP\.vscode\extensions\redhat.java-1.20.0-win32-x64\jre\17.0.7-win32-x86_64\bin\zip.dll
Event: 1.075 Loaded shared library C:\Users\HP\.vscode\extensions\redhat.java-1.20.0-win32-x64\jre\17.0.7-win32-x86_64\bin\jimage.dll
Event: 1.196 Loaded shared library c:\Users\HP\.vscode\extensions\redhat.java-1.20.0-win32-x64\jre\17.0.7-win32-x86_64\bin\verify.dll
Event: 6.973 Loaded shared library C:\Users\HP\AppData\Roaming\Code\User\globalStorage\redhat.java\1.20.0\config_win\org.eclipse.equinox.launcher\org.eclipse.equinox.launcher.win32.win32.x86_64_1.2.700.v20221108-1024\eclipse_11801.dll
Event: 24.282 Loaded shared library C:\Users\HP\AppData\Local\Temp\jna-2312\jna2074220241033571737.dll
Event: 132.032 Loaded shared library C:\Users\HP\.vscode\extensions\redhat.java-1.20.0-win32-x64\jre\17.0.7-win32-x86_64\bin\sunmscapi.dll

Deoptimization events (20 events):
Event: 392.771 Thread 0x0000021bb1b52e10 DEOPT PACKING pc=0x0000021b9c20fdd5 sp=0x00000048105fd540
Event: 392.771 Thread 0x0000021bb1b52e10 DEOPT UNPACKING pc=0x0000021ba24e6e43 sp=0x00000048105fca08 mode 0
Event: 394.148 Thread 0x0000021bb1b52e10 DEOPT PACKING pc=0x0000021b9cf62d5d sp=0x00000048105fe8c0
Event: 394.148 Thread 0x0000021bb1b52e10 DEOPT UNPACKING pc=0x0000021ba24e6e43 sp=0x00000048105fdd68 mode 0
Event: 395.108 Thread 0x0000021bbe564090 Uncommon trap: trap_request=0xffffffbe fr.pc=0x0000021ba3fecec0 relative=0x0000000000004e80
Event: 395.108 Thread 0x0000021bbe564090 Uncommon trap: reason=profile_predicate action=maybe_recompile pc=0x0000021ba3fecec0 method=org.eclipse.jdt.internal.compiler.lookup.Scope.findMethod0(Lorg/eclipse/jdt/internal/compiler/lookup/ReferenceBinding;[C[Lorg/eclipse/jdt/internal/compiler/lookup/
Event: 395.108 Thread 0x0000021bbe564090 DEOPT PACKING pc=0x0000021ba3fecec0 sp=0x000000480e7fdc50
Event: 395.108 Thread 0x0000021bbe564090 DEOPT UNPACKING pc=0x0000021ba24e66a3 sp=0x000000480e7fdbb0 mode 2
Event: 395.109 Thread 0x0000021bbe564090 Uncommon trap: trap_request=0xffffffbe fr.pc=0x0000021ba3fecec0 relative=0x0000000000004e80
Event: 395.109 Thread 0x0000021bbe564090 Uncommon trap: reason=profile_predicate action=maybe_recompile pc=0x0000021ba3fecec0 method=org.eclipse.jdt.internal.compiler.lookup.Scope.findMethod0(Lorg/eclipse/jdt/internal/compiler/lookup/ReferenceBinding;[C[Lorg/eclipse/jdt/internal/compiler/lookup/
Event: 395.109 Thread 0x0000021bbe564090 DEOPT PACKING pc=0x0000021ba3fecec0 sp=0x000000480e7fdc50
Event: 395.109 Thread 0x0000021bbe564090 DEOPT UNPACKING pc=0x0000021ba24e66a3 sp=0x000000480e7fdbb0 mode 2
Event: 395.619 Thread 0x0000021bb1b52e10 Uncommon trap: trap_request=0xffffffbe fr.pc=0x0000021ba3fecec0 relative=0x0000000000004e80
Event: 395.619 Thread 0x0000021bb1b52e10 Uncommon trap: reason=profile_predicate action=maybe_recompile pc=0x0000021ba3fecec0 method=org.eclipse.jdt.internal.compiler.lookup.Scope.findMethod0(Lorg/eclipse/jdt/internal/compiler/lookup/ReferenceBinding;[C[Lorg/eclipse/jdt/internal/compiler/lookup/
Event: 395.619 Thread 0x0000021bb1b52e10 DEOPT PACKING pc=0x0000021ba3fecec0 sp=0x00000048105fdfd0
Event: 395.619 Thread 0x0000021bb1b52e10 DEOPT UNPACKING pc=0x0000021ba24e66a3 sp=0x00000048105fdf30 mode 2
Event: 395.622 Thread 0x0000021bb1b52e10 Uncommon trap: trap_request=0xffffffbe fr.pc=0x0000021ba3fecec0 relative=0x0000000000004e80
Event: 395.622 Thread 0x0000021bb1b52e10 Uncommon trap: reason=profile_predicate action=maybe_recompile pc=0x0000021ba3fecec0 method=org.eclipse.jdt.internal.compiler.lookup.Scope.findMethod0(Lorg/eclipse/jdt/internal/compiler/lookup/ReferenceBinding;[C[Lorg/eclipse/jdt/internal/compiler/lookup/
Event: 395.622 Thread 0x0000021bb1b52e10 DEOPT PACKING pc=0x0000021ba3fecec0 sp=0x00000048105fdfd0
Event: 395.622 Thread 0x0000021bb1b52e10 DEOPT UNPACKING pc=0x0000021ba24e66a3 sp=0x00000048105fdf30 mode 2

Classes unloaded (7 events):
Event: 11.384 Thread 0x0000021bac0d8dd0 Unloading class 0x0000000100219400 'java/lang/invoke/LambdaForm$MH+0x0000000100219400'
Event: 11.384 Thread 0x0000021bac0d8dd0 Unloading class 0x0000000100219000 'java/lang/invoke/LambdaForm$MH+0x0000000100219000'
Event: 11.384 Thread 0x0000021bac0d8dd0 Unloading class 0x0000000100218c00 'java/lang/invoke/LambdaForm$MH+0x0000000100218c00'
Event: 11.384 Thread 0x0000021bac0d8dd0 Unloading class 0x0000000100218800 'java/lang/invoke/LambdaForm$MH+0x0000000100218800'
Event: 11.384 Thread 0x0000021bac0d8dd0 Unloading class 0x0000000100218000 'java/lang/invoke/LambdaForm$BMH+0x0000000100218000'
Event: 11.384 Thread 0x0000021bac0d8dd0 Unloading class 0x0000000100217c00 'java/lang/invoke/LambdaForm$DMH+0x0000000100217c00'
Event: 11.384 Thread 0x0000021bac0d8dd0 Unloading class 0x0000000100215000 'java/lang/invoke/LambdaForm$DMH+0x0000000100215000'

Classes redefined (0 events):
No events

Internal exceptions (20 events):
Event: 132.124 Thread 0x0000021bb1b4c430 Exception <a 'sun/nio/fs/WindowsException'{0x00000000eac46a78}> (0x00000000eac46a78) 
thrown [s\src\hotspot\share\prims\jni.cpp, line 516]
Event: 137.715 Thread 0x0000021bb1933000 Exception <a 'java/lang/NoSuchMethodError'{0x00000000eab40ed8}: 'void java.lang.invoke.DirectMethodHandle$Holder.invokeSpecial(java.lang.Object, java.lang.Object, java.lang.Object, java.lang.Object, java.lang.Object)'> (0x00000000eab40ed8) 
thrown [s\src\hotspot\share\interpreter\linkResolver.cpp, line 759]
Event: 147.283 Thread 0x0000021bb1b52e10 Implicit null exception at 0x0000021ba3249205 to 0x0000021ba3249a10
Event: 315.991 Thread 0x0000021bb1933000 Implicit null exception at 0x0000021ba3708960 to 0x0000021ba3708cec
Event: 316.045 Thread 0x0000021bb1933000 Exception <a 'java/lang/NoSuchMethodError'{0x00000000eb05da30}: static [J.<clinit>()V> (0x00000000eb05da30) 
thrown [s\src\hotspot\share\prims\jni.cpp, line 1107]
Event: 316.069 Thread 0x0000021bb1933000 Exception <a 'java/lang/NoSuchMethodError'{0x00000000eb0ac540}: 'java.lang.Object java.lang.invoke.DirectMethodHandle$Holder.newInvokeSpecial(java.lang.Object, java.lang.Object, java.lang.Object, java.lang.Object, java.lang.Object, java.lang.Object, java.lang.Object, java.lang.Object)'> (0x00000000eb0ac540) 
thrown [s\src\hotspot\share\interpreter\linkResolver.cpp, line 759]
Event: 316.070 Thread 0x0000021bb1933000 Exception <a 'java/lang/NoSuchMethodError'{0x00000000eb0b0cf8}: 'java.lang.Object java.lang.invoke.Invokers$Holder.linkToTargetMethod(java.lang.Object, java.lang.Object, java.lang.Object, java.lang.Object, java.lang.Object, java.lang.Object, java.lang.Object, java.lang.Object)'> (0x00000000eb0b0cf8) 
thrown [s\src\hotspot\share\interpreter\linkResolver.cpp, line 759]
Event: 318.727 Thread 0x0000021bb1b4f450 Implicit null exception at 0x0000021ba37ccc4f to 0x0000021ba37cccc0
Event: 319.086 Thread 0x0000021bb1b4f450 Exception <a 'java/lang/NoSuchMethodError'{0x00000000eab10a38}: 'java.lang.Object java.lang.invoke.DirectMethodHandle$Holder.invokeStatic(java.lang.Object, int, java.lang.Object)'> (0x00000000eab10a38) 
thrown [s\src\hotspot\share\interpreter\linkResolver.cpp, line 759]
Event: 321.960 Thread 0x0000021bb1932660 Implicit null exception at 0x0000021ba36a1dcc to 0x0000021ba36a2014
Event: 338.017 Thread 0x0000021bb1b4f450 Implicit null exception at 0x0000021ba3553014 to 0x0000021ba35540c0
Event: 338.104 Thread 0x0000021bb1b4f450 Implicit null exception at 0x0000021ba3543344 to 0x0000021ba3544460
Event: 340.855 Thread 0x0000021bb1b52e10 Implicit null exception at 0x0000021ba33bcfa0 to 0x0000021ba33bd128
Event: 340.856 Thread 0x0000021bb1b52e10 Implicit null exception at 0x0000021ba31a21f5 to 0x0000021ba31a2720
Event: 340.907 Thread 0x0000021bb1b52e10 Implicit null exception at 0x0000021ba397d1e7 to 0x0000021ba3981980
Event: 341.382 Thread 0x0000021bbe564090 Implicit null exception at 0x0000021ba3cc61e0 to 0x0000021ba3cca450
Event: 381.429 Thread 0x0000021bb1b52e10 Implicit null exception at 0x0000021ba386cc00 to 0x0000021ba386d174
Event: 381.436 Thread 0x0000021bb1b52e10 Implicit null exception at 0x0000021ba386cc00 to 0x0000021ba386d174
Event: 381.459 Thread 0x0000021bb1b52e10 Implicit null exception at 0x0000021ba386cc00 to 0x0000021ba386d174
Event: 381.461 Thread 0x0000021bb1b52e10 Implicit null exception at 0x0000021ba386cc00 to 0x0000021ba386d174

VM Operations (20 events):
Event: 395.226 Executing VM operation: ParallelGCFailedAllocation
Event: 395.253 Executing VM operation: ParallelGCFailedAllocation done
Event: 395.363 Executing VM operation: ParallelGCFailedAllocation
Event: 395.389 Executing VM operation: ParallelGCFailedAllocation done
Event: 395.580 Executing VM operation: ParallelGCFailedAllocation
Event: 395.638 Executing VM operation: ParallelGCFailedAllocation done
Event: 395.756 Executing VM operation: ParallelGCFailedAllocation
Event: 395.775 Executing VM operation: ParallelGCFailedAllocation done
Event: 395.905 Executing VM operation: ParallelGCFailedAllocation
Event: 395.931 Executing VM operation: ParallelGCFailedAllocation done
Event: 396.144 Executing VM operation: ParallelGCFailedAllocation
Event: 396.194 Executing VM operation: ParallelGCFailedAllocation done
Event: 396.446 Executing VM operation: ParallelGCFailedAllocation
Event: 396.485 Executing VM operation: ParallelGCFailedAllocation done
Event: 396.713 Executing VM operation: ParallelGCFailedAllocation
Event: 396.745 Executing VM operation: ParallelGCFailedAllocation done
Event: 396.986 Executing VM operation: ParallelGCFailedAllocation
Event: 397.018 Executing VM operation: ParallelGCFailedAllocation done
Event: 397.287 Executing VM operation: ParallelGCFailedAllocation
Event: 397.334 Executing VM operation: ParallelGCFailedAllocation done

Events (20 events):
Event: 382.159 Thread 0x0000021bac15d390 flushing nmethod 0x0000021b9c9a4c10
Event: 382.160 Thread 0x0000021bac15d390 flushing nmethod 0x0000021b9ca37110
Event: 382.160 Thread 0x0000021bac15d390 flushing nmethod 0x0000021b9ca3c210
Event: 382.160 Thread 0x0000021bac15d390 flushing nmethod 0x0000021b9ca5aa90
Event: 382.160 Thread 0x0000021bac15d390 flushing nmethod 0x0000021b9ca5f090
Event: 382.160 Thread 0x0000021bac15d390 flushing nmethod 0x0000021b9cac1d10
Event: 382.160 Thread 0x0000021bac15d390 flushing nmethod 0x0000021b9cad3590
Event: 382.160 Thread 0x0000021bac15d390 flushing nmethod 0x0000021b9caf1190
Event: 382.161 Thread 0x0000021bac15d390 flushing nmethod 0x0000021b9cba2c90
Event: 382.161 Thread 0x0000021bac15d390 flushing nmethod 0x0000021b9cc55490
Event: 382.162 Thread 0x0000021bac15d390 flushing nmethod 0x0000021b9cc97690
Event: 382.162 Thread 0x0000021bac15d390 flushing nmethod 0x0000021b9cd1cb90
Event: 382.162 Thread 0x0000021bac15d390 flushing nmethod 0x0000021b9cd36e10
Event: 382.162 Thread 0x0000021bac15d390 flushing nmethod 0x0000021b9cd48b10
Event: 382.162 Thread 0x0000021bac15d390 flushing nmethod 0x0000021b9cd50510
Event: 382.162 Thread 0x0000021bac15d390 flushing nmethod 0x0000021b9cd65690
Event: 382.162 Thread 0x0000021bac15d390 flushing nmethod 0x0000021b9cd75690
Event: 385.288 Thread 0x0000021bb14b5a80 Thread added: 0x0000021bb14b5a80
Event: 385.698 Thread 0x0000021bb14b5a80 Thread exited: 0x0000021bb14b5a80
Event: 390.485 Thread 0x0000021bb1933000 Thread exited: 0x0000021bb1933000


Dynamic libraries:
0x00007ff7b6210000 - 0x00007ff7b621e000 	c:\Users\HP\.vscode\extensions\redhat.java-1.20.0-win32-x64\jre\17.0.7-win32-x86_64\bin\java.exe
0x00007ffe51670000 - 0x00007ffe51868000 	C:\WINDOWS\SYSTEM32\ntdll.dll
0x00007ffe50240000 - 0x00007ffe502ff000 	C:\WINDOWS\System32\KERNEL32.DLL
0x00007ffe4f340000 - 0x00007ffe4f636000 	C:\WINDOWS\System32\KERNELBASE.dll
0x00007ffe4eec0000 - 0x00007ffe4efc0000 	C:\WINDOWS\System32\ucrtbase.dll
0x00007ffe3aa10000 - 0x00007ffe3aa27000 	c:\Users\HP\.vscode\extensions\redhat.java-1.20.0-win32-x64\jre\17.0.7-win32-x86_64\bin\jli.dll
0x00007ffe4f6d0000 - 0x00007ffe4f86d000 	C:\WINDOWS\System32\USER32.dll
0x00007ffe4f270000 - 0x00007ffe4f292000 	C:\WINDOWS\System32\win32u.dll
0x00007ffe506f0000 - 0x00007ffe5071c000 	C:\WINDOWS\System32\GDI32.dll
0x00007ffe4efc0000 - 0x00007ffe4f0d5000 	C:\WINDOWS\System32\gdi32full.dll
0x00007ffe4f2a0000 - 0x00007ffe4f33d000 	C:\WINDOWS\System32\msvcp_win.dll
0x00007ffe38310000 - 0x00007ffe38329000 	c:\Users\HP\.vscode\extensions\redhat.java-1.20.0-win32-x64\jre\17.0.7-win32-x86_64\bin\VCRUNTIME140.dll
0x00007ffe32710000 - 0x00007ffe329aa000 	C:\WINDOWS\WinSxS\amd64_microsoft.windows.common-controls_6595b64144ccf1df_6.0.19041.1110_none_60b5254171f9507e\COMCTL32.dll
0x00007ffe503f0000 - 0x00007ffe5048e000 	C:\WINDOWS\System32\msvcrt.dll
0x00007ffe512e0000 - 0x00007ffe51310000 	C:\WINDOWS\System32\IMM32.DLL
0x00007ffe38300000 - 0x00007ffe3830c000 	c:\Users\HP\.vscode\extensions\redhat.java-1.20.0-win32-x64\jre\17.0.7-win32-x86_64\bin\vcruntime140_1.dll
0x00007ffe2cca0000 - 0x00007ffe2cd31000 	c:\Users\HP\.vscode\extensions\redhat.java-1.20.0-win32-x64\jre\17.0.7-win32-x86_64\bin\msvcp140.dll
0x00007ffdfc910000 - 0x00007ffdfd558000 	c:\Users\HP\.vscode\extensions\redhat.java-1.20.0-win32-x64\jre\17.0.7-win32-x86_64\bin\server\jvm.dll
0x00007ffe4ff90000 - 0x00007ffe5003f000 	C:\WINDOWS\System32\ADVAPI32.dll
0x00007ffe51590000 - 0x00007ffe5162c000 	C:\WINDOWS\System32\sechost.dll
0x00007ffe51340000 - 0x00007ffe51466000 	C:\WINDOWS\System32\RPCRT4.dll
0x00007ffe49cf0000 - 0x00007ffe49cf9000 	C:\WINDOWS\SYSTEM32\WSOCK32.dll
0x00007ffe501d0000 - 0x00007ffe5023b000 	C:\WINDOWS\System32\WS2_32.dll
0x00007ffe49d20000 - 0x00007ffe49d47000 	C:\WINDOWS\SYSTEM32\WINMM.dll
0x00007ffe492b0000 - 0x00007ffe492ba000 	C:\WINDOWS\SYSTEM32\VERSION.dll
0x00007ffe4d830000 - 0x00007ffe4d842000 	C:\WINDOWS\SYSTEM32\kernel.appcore.dll
0x00007ffe382f0000 - 0x00007ffe382fa000 	c:\Users\HP\.vscode\extensions\redhat.java-1.20.0-win32-x64\jre\17.0.7-win32-x86_64\bin\jimage.dll
0x00007ffe4d240000 - 0x00007ffe4d424000 	C:\WINDOWS\SYSTEM32\DBGHELP.DLL
0x00007ffe391c0000 - 0x00007ffe391f4000 	C:\WINDOWS\SYSTEM32\dbgcore.DLL
0x00007ffe4f640000 - 0x00007ffe4f6c2000 	C:\WINDOWS\System32\bcryptPrimitives.dll
0x00007ffe340a0000 - 0x00007ffe340ae000 	c:\Users\HP\.vscode\extensions\redhat.java-1.20.0-win32-x64\jre\17.0.7-win32-x86_64\bin\instrument.dll
0x00007ffe31c00000 - 0x00007ffe31c25000 	c:\Users\HP\.vscode\extensions\redhat.java-1.20.0-win32-x64\jre\17.0.7-win32-x86_64\bin\java.dll
0x00007ffe31be0000 - 0x00007ffe31bf8000 	c:\Users\HP\.vscode\extensions\redhat.java-1.20.0-win32-x64\jre\17.0.7-win32-x86_64\bin\zip.dll
0x00007ffe50b90000 - 0x00007ffe512d4000 	C:\WINDOWS\System32\SHELL32.dll
0x00007ffe4c980000 - 0x00007ffe4d114000 	C:\WINDOWS\SYSTEM32\windows.storage.dll
0x00007ffe4f8f0000 - 0x00007ffe4fc44000 	C:\WINDOWS\System32\combase.dll
0x00007ffe4e5e0000 - 0x00007ffe4e60e000 	C:\WINDOWS\SYSTEM32\Wldp.dll
0x00007ffe50490000 - 0x00007ffe5053d000 	C:\WINDOWS\System32\SHCORE.dll
0x00007ffe50110000 - 0x00007ffe50165000 	C:\WINDOWS\System32\shlwapi.dll
0x00007ffe4ec80000 - 0x00007ffe4eca5000 	C:\WINDOWS\SYSTEM32\profapi.dll
0x00007ffe2d1d0000 - 0x00007ffe2d1e9000 	C:\Users\HP\.vscode\extensions\redhat.java-1.20.0-win32-x64\jre\17.0.7-win32-x86_64\bin\net.dll
0x00007ffe490a0000 - 0x00007ffe491aa000 	C:\WINDOWS\SYSTEM32\WINHTTP.dll
0x00007ffe4e3c0000 - 0x00007ffe4e42a000 	C:\WINDOWS\system32\mswsock.dll
0x00007ffe2d030000 - 0x00007ffe2d045000 	C:\Users\HP\.vscode\extensions\redhat.java-1.20.0-win32-x64\jre\17.0.7-win32-x86_64\bin\nio.dll
0x00007ffe31bd0000 - 0x00007ffe31be0000 	c:\Users\HP\.vscode\extensions\redhat.java-1.20.0-win32-x64\jre\17.0.7-win32-x86_64\bin\verify.dll
0x00007ffe2cc20000 - 0x00007ffe2cc5e000 	C:\Users\HP\AppData\Roaming\Code\User\globalStorage\redhat.java\1.20.0\config_win\org.eclipse.equinox.launcher\org.eclipse.equinox.launcher.win32.win32.x86_64_1.2.700.v20221108-1024\eclipse_11801.dll
0x00007ffe4fcb0000 - 0x00007ffe4fdda000 	C:\WINDOWS\System32\ole32.dll
0x00007ffe4e620000 - 0x00007ffe4e638000 	C:\WINDOWS\SYSTEM32\CRYPTSP.dll
0x00007ffe4dd00000 - 0x00007ffe4dd34000 	C:\WINDOWS\system32\rsaenh.dll
0x00007ffe4f240000 - 0x00007ffe4f267000 	C:\WINDOWS\System32\bcrypt.dll
0x00007ffe4ec00000 - 0x00007ffe4ec2e000 	C:\WINDOWS\SYSTEM32\USERENV.dll
0x00007ffe4e550000 - 0x00007ffe4e55c000 	C:\WINDOWS\SYSTEM32\CRYPTBASE.dll
0x00007ffe4e0d0000 - 0x00007ffe4e10c000 	C:\WINDOWS\SYSTEM32\IPHLPAPI.DLL
0x00007ffe51330000 - 0x00007ffe51338000 	C:\WINDOWS\System32\NSI.dll
0x00007ffe495b0000 - 0x00007ffe495c7000 	C:\WINDOWS\SYSTEM32\dhcpcsvc6.DLL
0x00007ffe49590000 - 0x00007ffe495ad000 	C:\WINDOWS\SYSTEM32\dhcpcsvc.DLL
0x00007ffe4e160000 - 0x00007ffe4e22a000 	C:\WINDOWS\SYSTEM32\DNSAPI.dll
0x00007ffe2ce50000 - 0x00007ffe2ce95000 	C:\Users\HP\AppData\Local\Temp\jna-2312\jna2074220241033571737.dll
0x00007ffe4ff80000 - 0x00007ffe4ff88000 	C:\WINDOWS\System32\PSAPI.DLL
0x00007ffe2d020000 - 0x00007ffe2d02e000 	C:\Users\HP\.vscode\extensions\redhat.java-1.20.0-win32-x64\jre\17.0.7-win32-x86_64\bin\sunmscapi.dll
0x00007ffe4f0e0000 - 0x00007ffe4f23e000 	C:\WINDOWS\System32\CRYPT32.dll
0x00007ffe4e6a0000 - 0x00007ffe4e6c8000 	C:\WINDOWS\SYSTEM32\ncrypt.dll
0x00007ffe4e660000 - 0x00007ffe4e69b000 	C:\WINDOWS\SYSTEM32\NTASN1.dll

dbghelp: loaded successfully - version: 4.0.5 - missing functions: none
symbol engine: initialized successfully - sym options: 0x614 - pdb path: .;c:\Users\HP\.vscode\extensions\redhat.java-1.20.0-win32-x64\jre\17.0.7-win32-x86_64\bin;C:\WINDOWS\SYSTEM32;C:\WINDOWS\WinSxS\amd64_microsoft.windows.common-controls_6595b64144ccf1df_6.0.19041.1110_none_60b5254171f9507e;c:\Users\HP\.vscode\extensions\redhat.java-1.20.0-win32-x64\jre\17.0.7-win32-x86_64\bin\server;C:\Users\HP\AppData\Roaming\Code\User\globalStorage\redhat.java\1.20.0\config_win\org.eclipse.equinox.launcher\org.eclipse.equinox.launcher.win32.win32.x86_64_1.2.700.v20221108-1024;C:\Users\HP\AppData\Local\Temp\jna-2312

VM Arguments:
jvm_args: --add-modules=ALL-SYSTEM --add-opens=java.base/java.util=ALL-UNNAMED --add-opens=java.base/java.lang=ALL-UNNAMED --add-opens=java.base/sun.nio.fs=ALL-UNNAMED -Declipse.application=org.eclipse.jdt.ls.core.id1 -Dosgi.bundles.defaultStartLevel=4 -Declipse.product=org.eclipse.jdt.ls.core.product -Djava.import.generatesMetadataFilesAtProjectRoot=false -Dfile.encoding=utf8 -XX:+UseParallelGC -XX:GCTimeRatio=4 -XX:AdaptiveSizePolicyWeight=90 -Dsun.zip.disableMemoryMapping=true -Xmx1G -Xms100m -Xlog:disable -javaagent:c:\Users\HP\.vscode\extensions\redhat.java-1.20.0-win32-x64\lombok\lombok-1.18.28.jar -XX:+HeapDumpOnOutOfMemoryError -XX:HeapDumpPath=c:\Users\HP\AppData\Roaming\Code\User\workspaceStorage\5541fb1794e4195495f0c57edcbd7686\redhat.java -Daether.dependencyCollector.impl=bf 
java_command: c:\Users\HP\.vscode\extensions\redhat.java-1.20.0-win32-x64\server\plugins\org.eclipse.equinox.launcher_1.6.500.v20230622-2056.jar -configuration c:\Users\HP\AppData\Roaming\Code\User\globalStorage\redhat.java\1.20.0\config_win -data c:\Users\HP\AppData\Roaming\Code\User\workspaceStorage\5541fb1794e4195495f0c57edcbd7686\redhat.java\jdt_ws
java_class_path (initial): c:\Users\HP\.vscode\extensions\redhat.java-1.20.0-win32-x64\server\plugins\org.eclipse.equinox.launcher_1.6.500.v20230622-2056.jar
Launcher Type: SUN_STANDARD

[Global flags]
    uintx AdaptiveSizePolicyWeight                 = 90                                        {product} {command line}
     intx CICompilerCount                          = 3                                         {product} {ergonomic}
    uintx GCTimeRatio                              = 4                                         {product} {command line}
     bool HeapDumpOnOutOfMemoryError               = true                                   {manageable} {command line}
    ccstr HeapDumpPath                             = c:\Users\HP\AppData\Roaming\Code\User\workspaceStorage\5541fb1794e4195495f0c57edcbd7686\redhat.java         {manageable} {command line}
   size_t InitialHeapSize                          = 104857600                                 {product} {command line}
   size_t MaxHeapSize                              = 1073741824                                {product} {command line}
   size_t MaxNewSize                               = 357564416                                 {product} {ergonomic}
   size_t MinHeapDeltaBytes                        = 524288                                    {product} {ergonomic}
   size_t MinHeapSize                              = 104857600                                 {product} {command line}
   size_t NewSize                                  = 34603008                                  {product} {ergonomic}
    uintx NonNMethodCodeHeapSize                   = 5832780                                {pd product} {ergonomic}
    uintx NonProfiledCodeHeapSize                  = 122912730                              {pd product} {ergonomic}
   size_t OldSize                                  = 70254592                                  {product} {ergonomic}
    uintx ProfiledCodeHeapSize                     = 122912730                              {pd product} {ergonomic}
    uintx ReservedCodeCacheSize                    = 251658240                              {pd product} {ergonomic}
     bool SegmentedCodeCache                       = true                                      {product} {ergonomic}
   size_t SoftMaxHeapSize                          = 1073741824                             {manageable} {ergonomic}
     bool UseCompressedClassPointers               = true                           {product lp64_product} {ergonomic}
     bool UseCompressedOops                        = true                           {product lp64_product} {ergonomic}
     bool UseLargePagesIndividualAllocation        = false                                  {pd product} {ergonomic}
     bool UseParallelGC                            = true                                      {product} {command line}

Logging:
Log output configuration:
 #0: stdout all=off uptime,level,tags
 #1: stderr all=off uptime,level,tags

Environment Variables:
JAVA_HOME=C:\Program Files\Java\jdk-11.0.9
PATH=C:\Program Files\Python310\Scripts\;C:\Program Files\Python310\;C:\Program Files (x86)\Common Files\Intel\Shared Libraries\redist\intel64\compiler;C:\WINDOWS\system32;C:\WINDOWS;C:\WINDOWS\System32\Wbem;C:\WINDOWS\System32\WindowsPowerShell\v1.0\;C:\WINDOWS\System32\OpenSSH\;C:\wamp64\www\scriptcase\components\php;C:\wamp64\bin\php\php7.4.26;C:\wamp64\bin\php\php7.3.25;C:\wamp64\bin\php\php7.1.29;C:\Program Files\nodejs;C:\Program Files\PuTTY\;C:\ProgramData\ComposerSetup\bin;C:\Program Files\Git\cmd;C:\Program Files (x86)\Yarn\bin\;C:\Program Files\Java\jdk-11.0.9\bin;C:\Users\HP\AppData\Local\Programs\Python\Python37;C:\Users\HP\AppData\Local\Programs\Python\Python37\Scripts;C:\Users\HP\AppData\Local\Android\flutter\bin;C:\Users\HP\AppData\Roaming\Composer\vendor\laravel\installer\bin;C:\Program Files (x86)\Bitvise SSH Client;C:\wamp64\www\apache-maven-3.8.4\bin;C:\Program Files\NetMake\v9-php73\components\php;C:\Program Files\Docker\Docker\resources\bin;C:\Program Files\nodejs\;C:\Program Files\CMake\bin;C:\Program Files\Java\jdk-11.0.19\bin;C:\Users\HP\AppData\Local\Programs\Python\Python310\Scripts\;C:\Users\HP\AppData\Local\Programs\Python\Python310\;C:\Users\HP\AppData\Local\Microsoft\WindowsApps;C:\Users\HP\AppData\Roaming\Composer\vendor\bin;C:\Users\HP\AppData\Local\Yarn\bin;C:\Program Files\heroku\bin;C:\Users\HP\AppData\Local\Programs\Microsoft VS Code\bin;C:\Users\HP\AppData\Local\GitHubDesktop\bin;C:\Users\HP\AppData\Roaming\npm;
USERNAME=HP
OS=Windows_NT
PROCESSOR_IDENTIFIER=Intel64 Family 6 Model 142 Stepping 10, GenuineIntel
TMP=C:\Users\HP\AppData\Local\Temp
TEMP=C:\Users\HP\AppData\Local\Temp



---------------  S Y S T E M  ---------------

OS:
 Windows 10 , 64 bit Build 19041 (10.0.19041.3155)
OS uptime: 0 days 1:45 hours
Hyper-V role detected

CPU: total 4 (initial active 4) (2 cores per cpu, 2 threads per core) family 6 model 142 stepping 10 microcode 0xca, cx8, cmov, fxsr, ht, mmx, 3dnowpref, sse, sse2, sse3, ssse3, sse4.1, sse4.2, popcnt, lzcnt, tsc, tscinvbit, avx, avx2, aes, erms, clmul, bmi1, bmi2, adx, fma, vzeroupper, clflush, clflushopt, hv

Memory: 4k page, system-wide physical 12199M (2594M free)
TotalPageFile size 14247M (AvailPageFile size 5M)
current process WorkingSet (physical memory assigned to process): 802M, peak: 802M
current process commit charge ("private bytes"): 880M, peak: 1133M

vm_info: OpenJDK 64-Bit Server VM (17.0.7+7) for windows-amd64 JRE (17.0.7+7), built on Apr 18 2023 22:10:42 by "temurin" with MS VC++ 16.7 (VS2019)

END.
