#
# There is insufficient memory for the Java Runtime Environment to continue.
# Native memory allocation (malloc) failed to allocate 32744 bytes for ChunkPool::allocate
# Possible reasons:
#   The system is out of physical RAM or swap space
#   The process is running with CompressedOops enabled, and the Java Heap may be blocking the growth of the native heap
# Possible solutions:
#   Reduce memory load on the system
#   Increase physical memory or swap space
#   Check if swap backing store is full
#   Decrease Java heap size (-Xmx/-Xms)
#   Decrease number of Java threads
#   Decrease Java thread stack sizes (-Xss)
#   Set larger code cache with -XX:ReservedCodeCacheSize=
#   JVM is running with Unscaled Compressed Oops mode in which the Java heap is
#     placed in the first 4GB address space. The Java Heap base address is the
#     maximum limit for the native heap growth. Please use -XX:HeapBaseMinAddress
#     to set the Java Heap base and to place the Java Heap above 4GB virtual address.
# This output file may be truncated or incomplete.
#
#  Out of Memory Error (arena.cpp:78), pid=16468, tid=18760
#
# JRE version: OpenJDK Runtime Environment Temurin-17.0.7+7 (17.0.7+7) (build 17.0.7+7)
# Java VM: OpenJDK 64-Bit Server VM Temurin-17.0.7+7 (17.0.7+7, mixed mode, tiered, compressed oops, compressed class ptrs, parallel gc, windows-amd64)
# No core dump will be written. Minidumps are not enabled by default on client versions of Windows
#

---------------  S U M M A R Y ------------

Command Line: --add-modules=ALL-SYSTEM --add-opens=java.base/java.util=ALL-UNNAMED --add-opens=java.base/java.lang=ALL-UNNAMED --add-opens=java.base/sun.nio.fs=ALL-UNNAMED -Declipse.application=org.eclipse.jdt.ls.core.id1 -Dosgi.bundles.defaultStartLevel=4 -Declipse.product=org.eclipse.jdt.ls.core.product -Djava.import.generatesMetadataFilesAtProjectRoot=false -Dfile.encoding=utf8 -XX:+UseParallelGC -XX:GCTimeRatio=4 -XX:AdaptiveSizePolicyWeight=90 -Dsun.zip.disableMemoryMapping=true -Xmx1G -Xms100m -Xlog:disable -javaagent:c:\Users\HP\.vscode\extensions\redhat.java-1.20.0-win32-x64\lombok\lombok-1.18.28.jar -XX:+HeapDumpOnOutOfMemoryError -XX:HeapDumpPath=c:\Users\HP\AppData\Roaming\Code\User\workspaceStorage\5541fb1794e4195495f0c57edcbd7686\redhat.java -Daether.dependencyCollector.impl=bf c:\Users\HP\.vscode\extensions\redhat.java-1.20.0-win32-x64\server\plugins\org.eclipse.equinox.launcher_1.6.500.v20230622-2056.jar -configuration c:\Users\HP\AppData\Roaming\Code\User\globalStorage\redhat.java\1.20.0\config_win -data c:\Users\HP\AppData\Roaming\Code\User\workspaceStorage\5541fb1794e4195495f0c57edcbd7686\redhat.java\jdt_ws

Host: Intel(R) Core(TM) i3-8130U CPU @ 2.20GHz, 4 cores, 11G,  Windows 10 , 64 bit Build 19041 (10.0.19041.3155)
Time: Mon Jul 24 15:22:29 2023 Afr. centrale Ouest elapsed time: 61.290806 seconds (0d 0h 1m 1s)

---------------  T H R E A D  ---------------

Current thread (0x000002b0a2a02e10):  JavaThread "C1 CompilerThread0" daemon [_thread_in_native, id=18760, stack(0x000000dcc2300000,0x000000dcc2400000)]


Current CompileTask:
C1:  61290 13555   !   3       org.eclipse.jdt.ls.core.internal.handlers.DocumentSymbolHandler::toDocumentSymbol (412 bytes)

Stack: [0x000000dcc2300000,0x000000dcc2400000]
Native frames: (J=compiled Java code, j=interpreted, Vv=VM code, C=native code)
V  [jvm.dll+0x67754a]
V  [jvm.dll+0x834304]
V  [jvm.dll+0x835aae]
V  [jvm.dll+0x836113]
V  [jvm.dll+0x24696f]
V  [jvm.dll+0xac2cc]
V  [jvm.dll+0xac67c]
V  [jvm.dll+0x176195]
V  [jvm.dll+0x17b5f4]
V  [jvm.dll+0x135ae3]
V  [jvm.dll+0x1353df]
V  [jvm.dll+0x135616]
V  [jvm.dll+0x134aaa]
V  [jvm.dll+0x136771]
V  [jvm.dll+0x2284da]
V  [jvm.dll+0x226615]
V  [jvm.dll+0x7ea90b]
V  [jvm.dll+0x7e4e7a]
V  [jvm.dll+0x676395]
C  [ucrtbase.dll+0x21bb2]
C  [KERNEL32.DLL+0x17614]
C  [ntdll.dll+0x526b1]


---------------  P R O C E S S  ---------------

Threads class SMR info:
_java_thread_list=0x000002b0a69aaae0, length=33, elements={
0x000002b0899b2860, 0x000002b09d7d2750, 0x000002b09d7d3db0, 0x000002b09d7fa280,
0x000002b09d7fb000, 0x000002b09d7fbc80, 0x000002b09d7fd550, 0x000002b09d7fe140,
0x000002b0a2a02e10, 0x000002b0a2a05ed0, 0x000002b0a2ab1a50, 0x000002b0a2cc5e20,
0x000002b0a348e0f0, 0x000002b0a32fee80, 0x000002b0a32ff350, 0x000002b0a3288110,
0x000002b0a39fe040, 0x000002b0a3a31200, 0x000002b0a2e975f0, 0x000002b0a2e98e00,
0x000002b0a2e95de0, 0x000002b0a2e997a0, 0x000002b0a2e962b0, 0x000002b0a2e96780,
0x000002b0a2e98460, 0x000002b0a2e96c50, 0x000002b0a67be760, 0x000002b0a67bd420,
0x000002b0a67c0de0, 0x000002b0a67bf5d0, 0x000002b0a67c1780, 0x000002b0a67bfaa0,
0x000002b0a67bc0e0
}

Java Threads: ( => current thread )
  0x000002b0899b2860 JavaThread "main" [_thread_blocked, id=17632, stack(0x000000dcc1900000,0x000000dcc1a00000)]
  0x000002b09d7d2750 JavaThread "Reference Handler" daemon [_thread_blocked, id=9100, stack(0x000000dcc1c00000,0x000000dcc1d00000)]
  0x000002b09d7d3db0 JavaThread "Finalizer" daemon [_thread_blocked, id=17432, stack(0x000000dcc1d00000,0x000000dcc1e00000)]
  0x000002b09d7fa280 JavaThread "Signal Dispatcher" daemon [_thread_blocked, id=17436, stack(0x000000dcc1e00000,0x000000dcc1f00000)]
  0x000002b09d7fb000 JavaThread "Attach Listener" daemon [_thread_blocked, id=2668, stack(0x000000dcc1f00000,0x000000dcc2000000)]
  0x000002b09d7fbc80 JavaThread "Service Thread" daemon [_thread_blocked, id=408, stack(0x000000dcc2000000,0x000000dcc2100000)]
  0x000002b09d7fd550 JavaThread "Monitor Deflation Thread" daemon [_thread_blocked, id=3724, stack(0x000000dcc2100000,0x000000dcc2200000)]
  0x000002b09d7fe140 JavaThread "C2 CompilerThread0" daemon [_thread_blocked, id=10156, stack(0x000000dcc2200000,0x000000dcc2300000)]
=>0x000002b0a2a02e10 JavaThread "C1 CompilerThread0" daemon [_thread_in_native, id=18760, stack(0x000000dcc2300000,0x000000dcc2400000)]
  0x000002b0a2a05ed0 JavaThread "Sweeper thread" daemon [_thread_blocked, id=20196, stack(0x000000dcc2400000,0x000000dcc2500000)]
  0x000002b0a2ab1a50 JavaThread "Common-Cleaner" daemon [_thread_blocked, id=10940, stack(0x000000dcc2500000,0x000000dcc2600000)]
  0x000002b0a2cc5e20 JavaThread "Notification Thread" daemon [_thread_blocked, id=19212, stack(0x000000dcc2600000,0x000000dcc2700000)]
  0x000002b0a348e0f0 JavaThread "Active Thread: Equinox Container: fcb6a748-c348-42f0-95ac-6a63c5afef79" [_thread_blocked, id=19228, stack(0x000000dcc2c00000,0x000000dcc2d00000)]
  0x000002b0a32fee80 JavaThread "Framework Event Dispatcher: Equinox Container: fcb6a748-c348-42f0-95ac-6a63c5afef79" daemon [_thread_blocked, id=17348, stack(0x000000dcc2d00000,0x000000dcc2e00000)]
  0x000002b0a32ff350 JavaThread "Start Level: Equinox Container: fcb6a748-c348-42f0-95ac-6a63c5afef79" daemon [_thread_blocked, id=19944, stack(0x000000dcc2e00000,0x000000dcc2f00000)]
  0x000002b0a3288110 JavaThread "SCR Component Actor" daemon [_thread_blocked, id=17596, stack(0x000000dcc2b00000,0x000000dcc2c00000)]
  0x000002b0a39fe040 JavaThread "Worker-JM" [_thread_blocked, id=14608, stack(0x000000dcc3000000,0x000000dcc3100000)]
  0x000002b0a3a31200 JavaThread "Worker-0" [_thread_blocked, id=5296, stack(0x000000dcc3100000,0x000000dcc3200000)]
  0x000002b0a2e975f0 JavaThread "Worker-1" [_thread_blocked, id=8548, stack(0x000000dcc3200000,0x000000dcc3300000)]
  0x000002b0a2e98e00 JavaThread "Worker-2" [_thread_blocked, id=17464, stack(0x000000dcc3300000,0x000000dcc3400000)]
  0x000002b0a2e95de0 JavaThread "Java indexing" daemon [_thread_blocked, id=16328, stack(0x000000dcc3500000,0x000000dcc3600000)]
  0x000002b0a2e997a0 JavaThread "JNA Cleaner" daemon [_thread_blocked, id=19676, stack(0x000000dcc3400000,0x000000dcc3500000)]
  0x000002b0a2e962b0 JavaThread "pool-2-thread-1" [_thread_blocked, id=14128, stack(0x000000dcc3900000,0x000000dcc3a00000)]
  0x000002b0a2e96780 JavaThread "WorkspaceEventsHandler" [_thread_blocked, id=19416, stack(0x000000dcc2f00000,0x000000dcc3000000)]
  0x000002b0a2e98460 JavaThread "pool-1-thread-1" [_thread_in_native, id=7488, stack(0x000000dcc3800000,0x000000dcc3900000)]
  0x000002b0a2e96c50 JavaThread "Worker-3" [_thread_blocked, id=11712, stack(0x000000dcc3b00000,0x000000dcc3c00000)]
  0x000002b0a67be760 JavaThread "Worker-4" [_thread_blocked, id=18020, stack(0x000000dcc3c00000,0x000000dcc3d00000)]
  0x000002b0a67bd420 JavaThread "ForkJoinPool.commonPool-worker-1" daemon [_thread_blocked, id=17260, stack(0x000000dcc3d00000,0x000000dcc3e00000)]
  0x000002b0a67c0de0 JavaThread "Worker-5" [_thread_blocked, id=19940, stack(0x000000dcc3e00000,0x000000dcc3f00000)]
  0x000002b0a67bf5d0 JavaThread "ForkJoinPool.commonPool-worker-2" daemon [_thread_blocked, id=16132, stack(0x000000dcc3f00000,0x000000dcc4000000)]
  0x000002b0a67c1780 JavaThread "Worker-6" [_thread_blocked, id=20420, stack(0x000000dcc4000000,0x000000dcc4100000)]
  0x000002b0a67bfaa0 JavaThread "Bundle File Closer" daemon [_thread_blocked, id=18216, stack(0x000000dcc4100000,0x000000dcc4200000)]
  0x000002b0a67bc0e0 JavaThread "ForkJoinPool.commonPool-worker-3" daemon [_thread_blocked, id=19304, stack(0x000000dcc4200000,0x000000dcc4300000)]

Other Threads:
  0x000002b09d7b9280 VMThread "VM Thread" [stack: 0x000000dcc1b00000,0x000000dcc1c00000] [id=16520]
  0x000002b0a2c8e450 WatcherThread [stack: 0x000000dcc2700000,0x000000dcc2800000] [id=19564]
  0x000002b0899cbf40 GCTaskThread "GC Thread#0" [stack: 0x000000dcc1a00000,0x000000dcc1b00000] [id=19132]
  0x000002b0a35dea10 GCTaskThread "GC Thread#1" [stack: 0x000000dcc2800000,0x000000dcc2900000] [id=5724]
  0x000002b0a35decc0 GCTaskThread "GC Thread#2" [stack: 0x000000dcc2900000,0x000000dcc2a00000] [id=15940]
  0x000002b0a35ba750 GCTaskThread "GC Thread#3" [stack: 0x000000dcc2a00000,0x000000dcc2b00000] [id=4812]

Threads with active compile tasks:
C1 CompilerThread0    61479 13555   !   3       org.eclipse.jdt.ls.core.internal.handlers.DocumentSymbolHandler::toDocumentSymbol (412 bytes)

VM state: at safepoint (normal execution)

VM Mutex/Monitor currently owned by a thread:  ([mutex/lock_event])
[0x000002b0899ae620] Threads_lock - owner thread: 0x000002b09d7b9280
[0x000002b0899ae7d0] Heap_lock - owner thread: 0x000002b0a67bc0e0

Heap address: 0x00000000c0000000, size: 1024 MB, Compressed Oops mode: 32-bit

CDS archive(s) not mapped
Compressed class space mapped at: 0x0000000100000000-0x0000000140000000, reserved size: 1073741824
Narrow klass base: 0x0000000000000000, Narrow klass shift: 3, Narrow klass range: 0x140000000

GC Precious Log:
 CPUs: 4 total, 4 available
 Memory: 12199M
 Large Page Support: Disabled
 NUMA Support: Disabled
 Compressed Oops: Enabled (32-bit)
 Alignments: Space 512K, Generation 512K, Heap 2M
 Heap Min Capacity: 100M
 Heap Initial Capacity: 100M
 Heap Max Capacity: 1G
 Pre-touch: Disabled
 Parallel Workers: 4

Heap:
 PSYoungGen      total 6656K, used 6528K [0x00000000eab00000, 0x00000000eb380000, 0x0000000100000000)
  eden space 5632K, 100% used [0x00000000eab00000,0x00000000eb080000,0x00000000eb080000)
  from space 1024K, 87% used [0x00000000eb280000,0x00000000eb360000,0x00000000eb380000)
  to   space 1024K, 46% used [0x00000000eb180000,0x00000000eb1f8000,0x00000000eb280000)
 ParOldGen       total 123392K, used 113061K [0x00000000c0000000, 0x00000000c7880000, 0x00000000eab00000)
  object space 123392K, 91% used [0x00000000c0000000,0x00000000c6e69530,0x00000000c7880000)
 Metaspace       used 73865K, committed 75072K, reserved 1179648K
  class space    used 7503K, committed 8064K, reserved 1048576K

Card table byte_map: [0x000002b089370000,0x000002b089580000] _byte_map_base: 0x000002b088d70000

Marking Bits: (ParMarkBitMap*) 0x00007ffe8a5452c0
 Begin Bits: [0x000002b09b640000, 0x000002b09c640000)
 End Bits:   [0x000002b09c640000, 0x000002b09d640000)

Polling page: 0x000002b087b40000

Metaspace:

Usage:
  Non-class:     64.81 MB used.
      Class:      7.33 MB used.
       Both:     72.13 MB used.

Virtual space:
  Non-class space:      128.00 MB reserved,      65.44 MB ( 51%) committed,  2 nodes.
      Class space:        1.00 GB reserved,       7.88 MB ( <1%) committed,  1 nodes.
             Both:        1.12 GB reserved,      73.31 MB (  6%) committed. 

Chunk freelists:
   Non-Class:  13.88 MB
       Class:  8.17 MB
        Both:  22.05 MB

MaxMetaspaceSize: unlimited
CompressedClassSpaceSize: 1.00 GB
Initial GC threshold: 21.00 MB
Current GC threshold: 121.69 MB
CDS: off
MetaspaceReclaimPolicy: balanced
 - commit_granule_bytes: 65536.
 - commit_granule_words: 8192.
 - virtual_space_node_default_size: 8388608.
 - enlarge_chunks_in_place: 1.
 - new_chunks_are_fully_committed: 0.
 - uncommit_free_chunks: 1.
 - use_allocation_guard: 0.
 - handle_deallocations: 1.


Internal statistics:

num_allocs_failed_limit: 11.
num_arena_births: 810.
num_arena_deaths: 14.
num_vsnodes_births: 3.
num_vsnodes_deaths: 0.
num_space_committed: 1173.
num_space_uncommitted: 0.
num_chunks_returned_to_freelist: 25.
num_chunks_taken_from_freelist: 4011.
num_chunk_merges: 15.
num_chunk_splits: 2390.
num_chunks_enlarged: 1257.
num_inconsistent_stats: 0.

CodeHeap 'non-profiled nmethods': size=120000Kb used=7840Kb max_used=7840Kb free=112159Kb
 bounds [0x000002b094110000, 0x000002b0948c0000, 0x000002b09b640000]
CodeHeap 'profiled nmethods': size=120000Kb used=25443Kb max_used=25990Kb free=94556Kb
 bounds [0x000002b08c640000, 0x000002b08dfb0000, 0x000002b093b70000]
CodeHeap 'non-nmethods': size=5760Kb used=1359Kb max_used=1470Kb free=4400Kb
 bounds [0x000002b093b70000, 0x000002b093de0000, 0x000002b094110000]
 total_blobs=11846 nmethods=11143 adapters=615
 compilation: enabled
              stopped_count=0, restarted_count=0
 full_count=0

Compilation events (20 events):
Event: 55.578 Thread 0x000002b0a2a02e10 13546       3       org.eclipse.jdt.core.dom.ParameterizedType::accept0 (34 bytes)
Event: 55.579 Thread 0x000002b0a2a02e10 nmethod 13546 0x000002b08d860290 code [0x000002b08d860480, 0x000002b08d8608a8]
Event: 55.584 Thread 0x000002b0a2a02e10 13547       3       org.eclipse.jdt.core.dom.Block::accept0 (25 bytes)
Event: 55.585 Thread 0x000002b0a2a02e10 nmethod 13547 0x000002b08d25a890 code [0x000002b08d25aa60, 0x000002b08d25ad68]
Event: 55.586 Thread 0x000002b0a2a02e10 13548       3       org.eclipse.jdt.core.dom.ASTVisitor::endVisit (1 bytes)
Event: 55.586 Thread 0x000002b0a2a02e10 nmethod 13548 0x000002b08dbbeb90 code [0x000002b08dbbed20, 0x000002b08dbbee38]
Event: 55.587 Thread 0x000002b0a2a02e10 13549       1       org.eclipse.jdt.core.dom.ASTVisitor::visit (2 bytes)
Event: 55.587 Thread 0x000002b0a2a02e10 nmethod 13549 0x000002b094516f90 code [0x000002b094517120, 0x000002b0945171f8]
Event: 55.587 Thread 0x000002b0a2a02e10 13550       3       org.eclipse.jdt.internal.corext.util.JdtFlags::isInterfaceOrAnnotation (40 bytes)
Event: 55.588 Thread 0x000002b0a2a02e10 nmethod 13550 0x000002b08d8ef690 code [0x000002b08d8ef860, 0x000002b08d8efd78]
Event: 55.590 Thread 0x000002b0a2a02e10 13551       1       org.eclipse.lsp4j.jsonrpc.messages.IdentifiableMessage::getRawId (5 bytes)
Event: 55.591 Thread 0x000002b0a2a02e10 nmethod 13551 0x000002b094516c90 code [0x000002b094516e20, 0x000002b094516ef8]
Event: 55.641 Thread 0x000002b09d7fe140 nmethod 13540 0x000002b0948b5e90 code [0x000002b0948b6160, 0x000002b0948b7428]
Event: 61.269 Thread 0x000002b09d7fe140 13552       4       java.net.URI::getPath (31 bytes)
Event: 61.270 Thread 0x000002b0a2a02e10 13553       3       org.eclipse.jdt.ls.core.internal.handlers.DocumentSymbolHandler$$Lambda$601/0x000000010078b8d8::test (12 bytes)
Event: 61.271 Thread 0x000002b09d7fe140 nmethod 13552 0x000002b094516910 code [0x000002b094516aa0, 0x000002b094516b88]
Event: 61.271 Thread 0x000002b0a2a02e10 nmethod 13553 0x000002b08dc03f90 code [0x000002b08dc04160, 0x000002b08dc044f8]
Event: 61.271 Thread 0x000002b0a2a02e10 13554       3       org.eclipse.jdt.ls.core.internal.handlers.DocumentSymbolHandler::lambda$6 (22 bytes)
Event: 61.271 Thread 0x000002b0a2a02e10 nmethod 13554 0x000002b08d8eed90 code [0x000002b08d8eef80, 0x000002b08d8ef498]
Event: 61.271 Thread 0x000002b0a2a02e10 13555   !   3       org.eclipse.jdt.ls.core.internal.handlers.DocumentSymbolHandler::toDocumentSymbol (412 bytes)

GC Heap History (20 events):
Event: 54.453 GC heap before
{Heap before GC invocations=230 (full 8):
 PSYoungGen      total 4096K, used 3872K [0x00000000eab00000, 0x00000000eb280000, 0x0000000100000000)
  eden space 3584K, 100% used [0x00000000eab00000,0x00000000eae80000,0x00000000eae80000)
  from space 512K, 56% used [0x00000000eb200000,0x00000000eb248000,0x00000000eb280000)
  to   space 512K, 0% used [0x00000000eb180000,0x00000000eb180000,0x00000000eb200000)
 ParOldGen       total 123392K, used 106041K [0x00000000c0000000, 0x00000000c7880000, 0x00000000eab00000)
  object space 123392K, 85% used [0x00000000c0000000,0x00000000c678e6e0,0x00000000c7880000)
 Metaspace       used 73603K, committed 74880K, reserved 1179648K
  class space    used 7502K, committed 8064K, reserved 1048576K
}
Event: 54.455 GC heap after
{Heap after GC invocations=230 (full 8):
 PSYoungGen      total 4096K, used 496K [0x00000000eab00000, 0x00000000eb280000, 0x0000000100000000)
  eden space 3584K, 0% used [0x00000000eab00000,0x00000000eab00000,0x00000000eae80000)
  from space 512K, 96% used [0x00000000eb180000,0x00000000eb1fc030,0x00000000eb200000)
  to   space 512K, 0% used [0x00000000eb200000,0x00000000eb200000,0x00000000eb280000)
 ParOldGen       total 123392K, used 106353K [0x00000000c0000000, 0x00000000c7880000, 0x00000000eab00000)
  object space 123392K, 86% used [0x00000000c0000000,0x00000000c67dc710,0x00000000c7880000)
 Metaspace       used 73603K, committed 74880K, reserved 1179648K
  class space    used 7502K, committed 8064K, reserved 1048576K
}
Event: 54.459 GC heap before
{Heap before GC invocations=231 (full 8):
 PSYoungGen      total 4096K, used 4080K [0x00000000eab00000, 0x00000000eb280000, 0x0000000100000000)
  eden space 3584K, 100% used [0x00000000eab00000,0x00000000eae80000,0x00000000eae80000)
  from space 512K, 96% used [0x00000000eb180000,0x00000000eb1fc030,0x00000000eb200000)
  to   space 512K, 0% used [0x00000000eb200000,0x00000000eb200000,0x00000000eb280000)
 ParOldGen       total 123392K, used 106353K [0x00000000c0000000, 0x00000000c7880000, 0x00000000eab00000)
  object space 123392K, 86% used [0x00000000c0000000,0x00000000c67dc710,0x00000000c7880000)
 Metaspace       used 73609K, committed 74880K, reserved 1179648K
  class space    used 7502K, committed 8064K, reserved 1048576K
}
Event: 54.461 GC heap after
{Heap after GC invocations=231 (full 8):
 PSYoungGen      total 5120K, used 336K [0x00000000eab00000, 0x00000000eb280000, 0x0000000100000000)
  eden space 4608K, 0% used [0x00000000eab00000,0x00000000eab00000,0x00000000eaf80000)
  from space 512K, 65% used [0x00000000eb200000,0x00000000eb254030,0x00000000eb280000)
  to   space 512K, 0% used [0x00000000eb180000,0x00000000eb180000,0x00000000eb200000)
 ParOldGen       total 123392K, used 106833K [0x00000000c0000000, 0x00000000c7880000, 0x00000000eab00000)
  object space 123392K, 86% used [0x00000000c0000000,0x00000000c6854730,0x00000000c7880000)
 Metaspace       used 73609K, committed 74880K, reserved 1179648K
  class space    used 7502K, committed 8064K, reserved 1048576K
}
Event: 54.473 GC heap before
{Heap before GC invocations=232 (full 8):
 PSYoungGen      total 5120K, used 4944K [0x00000000eab00000, 0x00000000eb280000, 0x0000000100000000)
  eden space 4608K, 100% used [0x00000000eab00000,0x00000000eaf80000,0x00000000eaf80000)
  from space 512K, 65% used [0x00000000eb200000,0x00000000eb254030,0x00000000eb280000)
  to   space 512K, 0% used [0x00000000eb180000,0x00000000eb180000,0x00000000eb200000)
 ParOldGen       total 123392K, used 106833K [0x00000000c0000000, 0x00000000c7880000, 0x00000000eab00000)
  object space 123392K, 86% used [0x00000000c0000000,0x00000000c6854730,0x00000000c7880000)
 Metaspace       used 73609K, committed 74880K, reserved 1179648K
  class space    used 7502K, committed 8064K, reserved 1048576K
}
Event: 54.475 GC heap after
{Heap after GC invocations=232 (full 8):
 PSYoungGen      total 6144K, used 512K [0x00000000eab00000, 0x00000000eb280000, 0x0000000100000000)
  eden space 5632K, 0% used [0x00000000eab00000,0x00000000eab00000,0x00000000eb080000)
  from space 512K, 100% used [0x00000000eb180000,0x00000000eb200000,0x00000000eb200000)
  to   space 512K, 0% used [0x00000000eb200000,0x00000000eb200000,0x00000000eb280000)
 ParOldGen       total 123392K, used 107137K [0x00000000c0000000, 0x00000000c7880000, 0x00000000eab00000)
  object space 123392K, 86% used [0x00000000c0000000,0x00000000c68a0790,0x00000000c7880000)
 Metaspace       used 73609K, committed 74880K, reserved 1179648K
  class space    used 7502K, committed 8064K, reserved 1048576K
}
Event: 54.507 GC heap before
{Heap before GC invocations=233 (full 8):
 PSYoungGen      total 6144K, used 6144K [0x00000000eab00000, 0x00000000eb280000, 0x0000000100000000)
  eden space 5632K, 100% used [0x00000000eab00000,0x00000000eb080000,0x00000000eb080000)
  from space 512K, 100% used [0x00000000eb180000,0x00000000eb200000,0x00000000eb200000)
  to   space 512K, 0% used [0x00000000eb200000,0x00000000eb200000,0x00000000eb280000)
 ParOldGen       total 123392K, used 107137K [0x00000000c0000000, 0x00000000c7880000, 0x00000000eab00000)
  object space 123392K, 86% used [0x00000000c0000000,0x00000000c68a0790,0x00000000c7880000)
 Metaspace       used 73610K, committed 74880K, reserved 1179648K
  class space    used 7502K, committed 8064K, reserved 1048576K
}
Event: 54.510 GC heap after
{Heap after GC invocations=233 (full 8):
 PSYoungGen      total 6144K, used 480K [0x00000000eab00000, 0x00000000eb380000, 0x0000000100000000)
  eden space 5632K, 0% used [0x00000000eab00000,0x00000000eab00000,0x00000000eb080000)
  from space 512K, 93% used [0x00000000eb200000,0x00000000eb278020,0x00000000eb280000)
  to   space 1536K, 0% used [0x00000000eb080000,0x00000000eb080000,0x00000000eb200000)
 ParOldGen       total 123392K, used 107705K [0x00000000c0000000, 0x00000000c7880000, 0x00000000eab00000)
  object space 123392K, 87% used [0x00000000c0000000,0x00000000c692e790,0x00000000c7880000)
 Metaspace       used 73610K, committed 74880K, reserved 1179648K
  class space    used 7502K, committed 8064K, reserved 1048576K
}
Event: 54.583 GC heap before
{Heap before GC invocations=234 (full 8):
 PSYoungGen      total 6144K, used 6112K [0x00000000eab00000, 0x00000000eb380000, 0x0000000100000000)
  eden space 5632K, 100% used [0x00000000eab00000,0x00000000eb080000,0x00000000eb080000)
  from space 512K, 93% used [0x00000000eb200000,0x00000000eb278020,0x00000000eb280000)
  to   space 1536K, 0% used [0x00000000eb080000,0x00000000eb080000,0x00000000eb200000)
 ParOldGen       total 123392K, used 107705K [0x00000000c0000000, 0x00000000c7880000, 0x00000000eab00000)
  object space 123392K, 87% used [0x00000000c0000000,0x00000000c692e790,0x00000000c7880000)
 Metaspace       used 73634K, committed 74880K, reserved 1179648K
  class space    used 7502K, committed 8064K, reserved 1048576K
}
Event: 54.586 GC heap after
{Heap after GC invocations=234 (full 8):
 PSYoungGen      total 6656K, used 832K [0x00000000eab00000, 0x00000000eb280000, 0x0000000100000000)
  eden space 5632K, 0% used [0x00000000eab00000,0x00000000eab00000,0x00000000eb080000)
  from space 1024K, 81% used [0x00000000eb080000,0x00000000eb150000,0x00000000eb180000)
  to   space 1024K, 0% used [0x00000000eb180000,0x00000000eb180000,0x00000000eb280000)
 ParOldGen       total 123392K, used 108154K [0x00000000c0000000, 0x00000000c7880000, 0x00000000eab00000)
  object space 123392K, 87% used [0x00000000c0000000,0x00000000c699e810,0x00000000c7880000)
 Metaspace       used 73634K, committed 74880K, reserved 1179648K
  class space    used 7502K, committed 8064K, reserved 1048576K
}
Event: 54.672 GC heap before
{Heap before GC invocations=235 (full 8):
 PSYoungGen      total 6656K, used 6464K [0x00000000eab00000, 0x00000000eb280000, 0x0000000100000000)
  eden space 5632K, 100% used [0x00000000eab00000,0x00000000eb080000,0x00000000eb080000)
  from space 1024K, 81% used [0x00000000eb080000,0x00000000eb150000,0x00000000eb180000)
  to   space 1024K, 0% used [0x00000000eb180000,0x00000000eb180000,0x00000000eb280000)
 ParOldGen       total 123392K, used 108154K [0x00000000c0000000, 0x00000000c7880000, 0x00000000eab00000)
  object space 123392K, 87% used [0x00000000c0000000,0x00000000c699e810,0x00000000c7880000)
 Metaspace       used 73691K, committed 74944K, reserved 1179648K
  class space    used 7502K, committed 8064K, reserved 1048576K
}
Event: 54.677 GC heap after
{Heap after GC invocations=235 (full 8):
 PSYoungGen      total 6656K, used 794K [0x00000000eab00000, 0x00000000eb280000, 0x0000000100000000)
  eden space 5632K, 0% used [0x00000000eab00000,0x00000000eab00000,0x00000000eb080000)
  from space 1024K, 77% used [0x00000000eb180000,0x00000000eb246900,0x00000000eb280000)
  to   space 1024K, 0% used [0x00000000eb080000,0x00000000eb080000,0x00000000eb180000)
 ParOldGen       total 123392K, used 108947K [0x00000000c0000000, 0x00000000c7880000, 0x00000000eab00000)
  object space 123392K, 88% used [0x00000000c0000000,0x00000000c6a64ee0,0x00000000c7880000)
 Metaspace       used 73691K, committed 74944K, reserved 1179648K
  class space    used 7502K, committed 8064K, reserved 1048576K
}
Event: 54.841 GC heap before
{Heap before GC invocations=236 (full 8):
 PSYoungGen      total 6656K, used 6426K [0x00000000eab00000, 0x00000000eb280000, 0x0000000100000000)
  eden space 5632K, 100% used [0x00000000eab00000,0x00000000eb080000,0x00000000eb080000)
  from space 1024K, 77% used [0x00000000eb180000,0x00000000eb246900,0x00000000eb280000)
  to   space 1024K, 0% used [0x00000000eb080000,0x00000000eb080000,0x00000000eb180000)
 ParOldGen       total 123392K, used 108947K [0x00000000c0000000, 0x00000000c7880000, 0x00000000eab00000)
  object space 123392K, 88% used [0x00000000c0000000,0x00000000c6a64ee0,0x00000000c7880000)
 Metaspace       used 73763K, committed 75008K, reserved 1179648K
  class space    used 7502K, committed 8064K, reserved 1048576K
}
Event: 54.845 GC heap after
{Heap after GC invocations=236 (full 8):
 PSYoungGen      total 6656K, used 1012K [0x00000000eab00000, 0x00000000eb580000, 0x0000000100000000)
  eden space 5632K, 0% used [0x00000000eab00000,0x00000000eab00000,0x00000000eb080000)
  from space 1024K, 98% used [0x00000000eb080000,0x00000000eb17d220,0x00000000eb180000)
  to   space 2560K, 0% used [0x00000000eb300000,0x00000000eb300000,0x00000000eb580000)
 ParOldGen       total 123392K, used 109851K [0x00000000c0000000, 0x00000000c7880000, 0x00000000eab00000)
  object space 123392K, 89% used [0x00000000c0000000,0x00000000c6b46fc0,0x00000000c7880000)
 Metaspace       used 73763K, committed 75008K, reserved 1179648K
  class space    used 7502K, committed 8064K, reserved 1048576K
}
Event: 54.900 GC heap before
{Heap before GC invocations=237 (full 8):
 PSYoungGen      total 6656K, used 6644K [0x00000000eab00000, 0x00000000eb580000, 0x0000000100000000)
  eden space 5632K, 100% used [0x00000000eab00000,0x00000000eb080000,0x00000000eb080000)
  from space 1024K, 98% used [0x00000000eb080000,0x00000000eb17d220,0x00000000eb180000)
  to   space 2560K, 0% used [0x00000000eb300000,0x00000000eb300000,0x00000000eb580000)
 ParOldGen       total 123392K, used 109851K [0x00000000c0000000, 0x00000000c7880000, 0x00000000eab00000)
  object space 123392K, 89% used [0x00000000c0000000,0x00000000c6b46fc0,0x00000000c7880000)
 Metaspace       used 73793K, committed 75008K, reserved 1179648K
  class space    used 7502K, committed 8064K, reserved 1048576K
}
Event: 54.907 GC heap after
{Heap after GC invocations=237 (full 8):
 PSYoungGen      total 7168K, used 1040K [0x00000000eab00000, 0x00000000eb480000, 0x0000000100000000)
  eden space 5632K, 0% used [0x00000000eab00000,0x00000000eab00000,0x00000000eb080000)
  from space 1536K, 67% used [0x00000000eb300000,0x00000000eb404030,0x00000000eb480000)
  to   space 1536K, 0% used [0x00000000eb180000,0x00000000eb180000,0x00000000eb300000)
 ParOldGen       total 123392K, used 110788K [0x00000000c0000000, 0x00000000c7880000, 0x00000000eab00000)
  object space 123392K, 89% used [0x00000000c0000000,0x00000000c6c31200,0x00000000c7880000)
 Metaspace       used 73793K, committed 75008K, reserved 1179648K
  class space    used 7502K, committed 8064K, reserved 1048576K
}
Event: 55.127 GC heap before
{Heap before GC invocations=238 (full 8):
 PSYoungGen      total 7168K, used 6672K [0x00000000eab00000, 0x00000000eb480000, 0x0000000100000000)
  eden space 5632K, 100% used [0x00000000eab00000,0x00000000eb080000,0x00000000eb080000)
  from space 1536K, 67% used [0x00000000eb300000,0x00000000eb404030,0x00000000eb480000)
  to   space 1536K, 0% used [0x00000000eb180000,0x00000000eb180000,0x00000000eb300000)
 ParOldGen       total 123392K, used 110788K [0x00000000c0000000, 0x00000000c7880000, 0x00000000eab00000)
  object space 123392K, 89% used [0x00000000c0000000,0x00000000c6c31200,0x00000000c7880000)
 Metaspace       used 73815K, committed 75072K, reserved 1179648K
  class space    used 7502K, committed 8064K, reserved 1048576K
}
Event: 55.130 GC heap after
{Heap after GC invocations=238 (full 8):
 PSYoungGen      total 6144K, used 496K [0x00000000eab00000, 0x00000000eb380000, 0x0000000100000000)
  eden space 5632K, 0% used [0x00000000eab00000,0x00000000eab00000,0x00000000eb080000)
  from space 512K, 96% used [0x00000000eb180000,0x00000000eb1fc010,0x00000000eb200000)
  to   space 1024K, 0% used [0x00000000eb280000,0x00000000eb280000,0x00000000eb380000)
 ParOldGen       total 123392K, used 111793K [0x00000000c0000000, 0x00000000c7880000, 0x00000000eab00000)
  object space 123392K, 90% used [0x00000000c0000000,0x00000000c6d2c4a0,0x00000000c7880000)
 Metaspace       used 73815K, committed 75072K, reserved 1179648K
  class space    used 7502K, committed 8064K, reserved 1048576K
}
Event: 55.388 GC heap before
{Heap before GC invocations=239 (full 8):
 PSYoungGen      total 6144K, used 6128K [0x00000000eab00000, 0x00000000eb380000, 0x0000000100000000)
  eden space 5632K, 100% used [0x00000000eab00000,0x00000000eb080000,0x00000000eb080000)
  from space 512K, 96% used [0x00000000eb180000,0x00000000eb1fc010,0x00000000eb200000)
  to   space 1024K, 0% used [0x00000000eb280000,0x00000000eb280000,0x00000000eb380000)
 ParOldGen       total 123392K, used 111793K [0x00000000c0000000, 0x00000000c7880000, 0x00000000eab00000)
  object space 123392K, 90% used [0x00000000c0000000,0x00000000c6d2c4a0,0x00000000c7880000)
 Metaspace       used 73837K, committed 75072K, reserved 1179648K
  class space    used 7503K, committed 8064K, reserved 1048576K
}
Event: 55.391 GC heap after
{Heap after GC invocations=239 (full 8):
 PSYoungGen      total 6656K, used 896K [0x00000000eab00000, 0x00000000eb380000, 0x0000000100000000)
  eden space 5632K, 0% used [0x00000000eab00000,0x00000000eab00000,0x00000000eb080000)
  from space 1024K, 87% used [0x00000000eb280000,0x00000000eb360000,0x00000000eb380000)
  to   space 1024K, 0% used [0x00000000eb180000,0x00000000eb180000,0x00000000eb280000)
 ParOldGen       total 123392K, used 112233K [0x00000000c0000000, 0x00000000c7880000, 0x00000000eab00000)
  object space 123392K, 90% used [0x00000000c0000000,0x00000000c6d9a4c0,0x00000000c7880000)
 Metaspace       used 73837K, committed 75072K, reserved 1179648K
  class space    used 7503K, committed 8064K, reserved 1048576K
}

Dll operation events (10 events):
Event: 0.018 Loaded shared library c:\Users\HP\.vscode\extensions\redhat.java-1.20.0-win32-x64\jre\17.0.7-win32-x86_64\bin\java.dll
Event: 0.573 Loaded shared library c:\Users\HP\.vscode\extensions\redhat.java-1.20.0-win32-x64\jre\17.0.7-win32-x86_64\bin\zip.dll
Event: 0.588 Loaded shared library C:\Users\HP\.vscode\extensions\redhat.java-1.20.0-win32-x64\jre\17.0.7-win32-x86_64\bin\instrument.dll
Event: 0.634 Loaded shared library C:\Users\HP\.vscode\extensions\redhat.java-1.20.0-win32-x64\jre\17.0.7-win32-x86_64\bin\net.dll
Event: 0.638 Loaded shared library C:\Users\HP\.vscode\extensions\redhat.java-1.20.0-win32-x64\jre\17.0.7-win32-x86_64\bin\nio.dll
Event: 0.684 Loaded shared library C:\Users\HP\.vscode\extensions\redhat.java-1.20.0-win32-x64\jre\17.0.7-win32-x86_64\bin\zip.dll
Event: 0.711 Loaded shared library C:\Users\HP\.vscode\extensions\redhat.java-1.20.0-win32-x64\jre\17.0.7-win32-x86_64\bin\jimage.dll
Event: 0.928 Loaded shared library c:\Users\HP\.vscode\extensions\redhat.java-1.20.0-win32-x64\jre\17.0.7-win32-x86_64\bin\verify.dll
Event: 3.661 Loaded shared library C:\Users\HP\AppData\Roaming\Code\User\globalStorage\redhat.java\1.20.0\config_win\org.eclipse.equinox.launcher\org.eclipse.equinox.launcher.win32.win32.x86_64_1.2.700.v20221108-1024\eclipse_11801.dll
Event: 12.405 Loaded shared library C:\Users\HP\AppData\Local\Temp\jna-2312\jna8411865712931464965.dll

Deoptimization events (20 events):
Event: 51.443 Thread 0x000002b0a67bc0e0 DEOPT PACKING pc=0x000002b08de47484 sp=0x000000dcc42fde20
Event: 51.443 Thread 0x000002b0a67bc0e0 DEOPT UNPACKING pc=0x000002b093bc6e43 sp=0x000000dcc42fd2a8 mode 0
Event: 53.575 Thread 0x000002b0a67bc0e0 DEOPT PACKING pc=0x000002b08ddf0952 sp=0x000000dcc42fda00
Event: 53.575 Thread 0x000002b0a67bc0e0 DEOPT UNPACKING pc=0x000002b093bc6e43 sp=0x000000dcc42fcf58 mode 0
Event: 54.517 Thread 0x000002b0a67bf5d0 DEOPT PACKING pc=0x000002b08d426642 sp=0x000000dcc3ffe550
Event: 54.518 Thread 0x000002b0a67bf5d0 DEOPT UNPACKING pc=0x000002b093bc6e43 sp=0x000000dcc3ffd9f0 mode 0
Event: 54.535 Thread 0x000002b0a67bd420 DEOPT PACKING pc=0x000002b08dd723a6 sp=0x000000dcc3dfd2f0
Event: 54.535 Thread 0x000002b0a67bd420 DEOPT UNPACKING pc=0x000002b093bc6e43 sp=0x000000dcc3dfc728 mode 0
Event: 54.613 Thread 0x000002b0a67bf5d0 DEOPT PACKING pc=0x000002b08d82b09c sp=0x000000dcc3ffe020
Event: 54.613 Thread 0x000002b0a67bf5d0 DEOPT UNPACKING pc=0x000002b093bc6e43 sp=0x000000dcc3ffd490 mode 0
Event: 54.758 Thread 0x000002b0a67bf5d0 DEOPT PACKING pc=0x000002b08d87d0cb sp=0x000000dcc3ffe170
Event: 54.758 Thread 0x000002b0a67bf5d0 DEOPT UNPACKING pc=0x000002b093bc6e43 sp=0x000000dcc3ffd5d8 mode 0
Event: 54.868 Thread 0x000002b0a67bc0e0 Uncommon trap: trap_request=0xffffffd6 fr.pc=0x000002b0946a7004 relative=0x0000000000002224
Event: 54.868 Thread 0x000002b0a67bc0e0 Uncommon trap: reason=array_check action=maybe_recompile pc=0x000002b0946a7004 method=java.util.TimSort.binarySort([Ljava/lang/Object;IIILjava/util/Comparator;)V @ 215 c2
Event: 54.868 Thread 0x000002b0a67bc0e0 DEOPT PACKING pc=0x000002b0946a7004 sp=0x000000dcc42fd5b0
Event: 54.868 Thread 0x000002b0a67bc0e0 DEOPT UNPACKING pc=0x000002b093bc66a3 sp=0x000000dcc42fd588 mode 2
Event: 54.882 Thread 0x000002b0a67bc0e0 Uncommon trap: trap_request=0xffffffd6 fr.pc=0x000002b0946a7004 relative=0x0000000000002224
Event: 54.882 Thread 0x000002b0a67bc0e0 Uncommon trap: reason=array_check action=maybe_recompile pc=0x000002b0946a7004 method=java.util.TimSort.binarySort([Ljava/lang/Object;IIILjava/util/Comparator;)V @ 215 c2
Event: 54.885 Thread 0x000002b0a67bc0e0 DEOPT PACKING pc=0x000002b0946a7004 sp=0x000000dcc42fdbe0
Event: 54.886 Thread 0x000002b0a67bc0e0 DEOPT UNPACKING pc=0x000002b093bc66a3 sp=0x000000dcc42fdbb8 mode 2

Classes unloaded (7 events):
Event: 6.073 Thread 0x000002b09d7b9280 Unloading class 0x0000000100216400 'java/lang/invoke/LambdaForm$MH+0x0000000100216400'
Event: 6.073 Thread 0x000002b09d7b9280 Unloading class 0x0000000100216000 'java/lang/invoke/LambdaForm$MH+0x0000000100216000'
Event: 6.073 Thread 0x000002b09d7b9280 Unloading class 0x0000000100215c00 'java/lang/invoke/LambdaForm$MH+0x0000000100215c00'
Event: 6.073 Thread 0x000002b09d7b9280 Unloading class 0x0000000100215800 'java/lang/invoke/LambdaForm$MH+0x0000000100215800'
Event: 6.073 Thread 0x000002b09d7b9280 Unloading class 0x0000000100215000 'java/lang/invoke/LambdaForm$BMH+0x0000000100215000'
Event: 6.073 Thread 0x000002b09d7b9280 Unloading class 0x0000000100214c00 'java/lang/invoke/LambdaForm$DMH+0x0000000100214c00'
Event: 6.073 Thread 0x000002b09d7b9280 Unloading class 0x0000000100212000 'java/lang/invoke/LambdaForm$DMH+0x0000000100212000'

Classes redefined (0 events):
No events

Internal exceptions (20 events):
Event: 34.256 Thread 0x000002b0a67bc0e0 Implicit null exception at 0x000002b0944ea246 to 0x000002b0944ea714
Event: 34.257 Thread 0x000002b0a67bc0e0 Implicit null exception at 0x000002b0944e9746 to 0x000002b0944e9bc8
Event: 34.814 Thread 0x000002b0a67bc0e0 Exception <a 'java/lang/NoSuchMethodError'{0x00000000eb2b67d0}: 'java.lang.Object java.lang.invoke.DirectMethodHandle$Holder.newInvokeSpecial(java.lang.Object, java.lang.Object, int, java.lang.Object, java.lang.Object)'> (0x00000000eb2b67d0) 
thrown [s\src\hotspot\share\interpreter\linkResolver.cpp, line 759]
Event: 34.837 Thread 0x000002b0a67bc0e0 Exception <a 'java/lang/NoSuchMethodError'{0x00000000eab46868}: 'java.lang.Object java.lang.invoke.DirectMethodHandle$Holder.invokeStatic(java.lang.Object, int, java.lang.Object, java.lang.Object)'> (0x00000000eab46868) 
thrown [s\src\hotspot\share\interpreter\linkResolver.cpp, line 759]
Event: 34.837 Thread 0x000002b0a67bc0e0 Exception <a 'java/lang/NoSuchMethodError'{0x00000000eab4a8f8}: 'java.lang.Object java.lang.invoke.DelegatingMethodHandle$Holder.delegate(java.lang.Object, int, java.lang.Object, java.lang.Object)'> (0x00000000eab4a8f8) 
thrown [s\src\hotspot\share\interpreter\linkResolver.cpp, line 759]
Event: 34.846 Thread 0x000002b0a67bd420 Exception <a 'java/lang/LinkageError'{0x00000000eab76200}: loader lombok.launch.ShadowClassLoader @35a57985 attempted duplicate class definition for lombok.launch.PatchFixesHider$Val. (lombok.launch.PatchFixesHider$Val is in unnamed module of loader lombok.launch.ShadowClassLoader @35a57985, parent loader org.eclipse.osgi.internal.loader.EquinoxClassLoader @1057cb67)> (0x00000000eab76200) 
thrown [s\src\hotspot\share\classfile\systemDictionary.cpp, line 1724]
Event: 34.847 Thread 0x000002b0a67bc0e0 Exception <a 'java/lang/NoSuchMethodError'{0x00000000eab71980}: 'int java.lang.invoke.Invokers$Holder.linkToTargetMethod(java.lang.Object, java.lang.Object, java.lang.Object)'> (0x00000000eab71980) 
thrown [s\src\hotspot\share\interpreter\linkResolver.cpp, line 759]
Event: 34.931 Thread 0x000002b0a2e98e00 Exception <a 'java/lang/LinkageError'{0x00000000eac0f7b8}: loader lombok.launch.ShadowClassLoader @35a57985 attempted duplicate class definition for lombok.launch.PatchFixesHider$ExtensionMethod. (lombok.launch.PatchFixesHider$ExtensionMethod is in unnamed module of loader lombok.launch.ShadowClassLoader @35a57985, parent loader org.eclipse.osgi.internal.loader.EquinoxClassLoader @1057cb67)> (0x00000000eac0f7b8) 
thrown [s\src\hotspot\share\classfile\systemDictionary.cpp, line 1724]
Event: 35.033 Thread 0x000002b0a67bc0e0 Exception <a 'java/lang/NoSuchMethodError'{0x00000000eaee94b8}: 'java.lang.Object java.lang.invoke.DirectMethodHandle$Holder.invokeStatic(java.lang.Object, java.lang.Object, int, java.lang.Object, java.lang.Object)'> (0x00000000eaee94b8) 
thrown [s\src\hotspot\share\interpreter\linkResolver.cpp, line 759]
Event: 35.162 Thread 0x000002b0a67bc0e0 Exception <a 'java/lang/NoSuchMethodError'{0x00000000eafed7e8}: 'void java.lang.invoke.DirectMethodHandle$Holder.invokeStatic(java.lang.Object, int)'> (0x00000000eafed7e8) 
thrown [s\src\hotspot\share\interpreter\linkResolver.cpp, line 759]
Event: 35.236 Thread 0x000002b0a2e98e00 Exception <a 'java/lang/NoSuchMethodError'{0x00000000eafd5d20}: 'int java.lang.invoke.DirectMethodHandle$Holder.invokeStatic(java.lang.Object, int, java.lang.Object)'> (0x00000000eafd5d20) 
thrown [s\src\hotspot\share\interpreter\linkResolver.cpp, line 759]
Event: 35.576 Thread 0x000002b0a67bc0e0 Exception <a 'java/io/FileNotFoundException'{0x00000000eb0d0ee0}> (0x00000000eb0d0ee0) 
thrown [s\src\hotspot\share\prims\jni.cpp, line 516]
Event: 35.578 Thread 0x000002b0a67bc0e0 Exception <a 'java/io/FileNotFoundException'{0x00000000eb0d2700}> (0x00000000eb0d2700) 
thrown [s\src\hotspot\share\prims\jni.cpp, line 516]
Event: 35.620 Thread 0x000002b0a67c0de0 Exception <a 'java/io/FileNotFoundException'{0x00000000eb1aad18}> (0x00000000eb1aad18) 
thrown [s\src\hotspot\share\prims\jni.cpp, line 516]
Event: 36.011 Thread 0x000002b0a67c0de0 Exception <a 'java/lang/NoSuchMethodError'{0x00000000eadbc708}: 'void java.lang.invoke.DirectMethodHandle$Holder.invokeSpecial(java.lang.Object, java.lang.Object, java.lang.Object, java.lang.Object, java.lang.Object)'> (0x00000000eadbc708) 
thrown [s\src\hotspot\share\interpreter\linkResolver.cpp, line 759]
Event: 36.754 Thread 0x000002b0a67bd8f0 Exception <a 'sun/nio/fs/WindowsException'{0x00000000eab0f630}> (0x00000000eab0f630) 
thrown [s\src\hotspot\share\prims\jni.cpp, line 516]
Event: 37.740 Thread 0x000002b0a67bf5d0 Exception <a 'java/lang/NoSuchMethodError'{0x00000000eab1a830}: 'int java.lang.invoke.DirectMethodHandle$Holder.invokeSpecialIFC(java.lang.Object, java.lang.Object, java.lang.Object, java.lang.Object)'> (0x00000000eab1a830) 
thrown [s\src\hotspot\share\interpreter\linkResolver.cpp, line 759]
Event: 42.080 Thread 0x000002b0a67c0de0 Implicit null exception at 0x000002b094181460 to 0x000002b094181b38
Event: 43.469 Thread 0x000002b0a67bd420 Implicit null exception at 0x000002b09446d432 to 0x000002b09446dee0
Event: 50.818 Thread 0x000002b0a67bd420 Implicit null exception at 0x000002b09482dc95 to 0x000002b09482ea3c

VM Operations (20 events):
Event: 54.459 Executing VM operation: ParallelGCFailedAllocation
Event: 54.462 Executing VM operation: ParallelGCFailedAllocation done
Event: 54.472 Executing VM operation: ParallelGCFailedAllocation
Event: 54.483 Executing VM operation: ParallelGCFailedAllocation done
Event: 54.507 Executing VM operation: ParallelGCFailedAllocation
Event: 54.512 Executing VM operation: ParallelGCFailedAllocation done
Event: 54.549 Executing VM operation: ParallelGCFailedAllocation
Event: 54.618 Executing VM operation: ParallelGCFailedAllocation done
Event: 54.672 Executing VM operation: ParallelGCFailedAllocation
Event: 54.685 Executing VM operation: ParallelGCFailedAllocation done
Event: 54.783 Executing VM operation: ParallelGCFailedAllocation
Event: 54.846 Executing VM operation: ParallelGCFailedAllocation done
Event: 54.900 Executing VM operation: ParallelGCFailedAllocation
Event: 54.907 Executing VM operation: ParallelGCFailedAllocation done
Event: 54.982 Executing VM operation: ParallelGCFailedAllocation
Event: 55.137 Executing VM operation: ParallelGCFailedAllocation done
Event: 55.388 Executing VM operation: ParallelGCFailedAllocation
Event: 55.391 Executing VM operation: ParallelGCFailedAllocation done
Event: 56.392 Executing VM operation: Cleanup
Event: 56.392 Executing VM operation: Cleanup done

Events (20 events):
Event: 53.983 Thread 0x000002b0a2a05ed0 flushing nmethod 0x000002b08da5c290
Event: 53.984 Thread 0x000002b0a2a05ed0 flushing nmethod 0x000002b08da85710
Event: 53.984 Thread 0x000002b0a2a05ed0 flushing nmethod 0x000002b08dac8690
Event: 53.985 Thread 0x000002b0a2a05ed0 flushing nmethod 0x000002b08db64890
Event: 53.985 Thread 0x000002b0a2a05ed0 flushing nmethod 0x000002b08db69690
Event: 53.985 Thread 0x000002b0a2a05ed0 flushing nmethod 0x000002b08db76790
Event: 53.985 Thread 0x000002b0a2a05ed0 flushing nmethod 0x000002b08dbb4890
Event: 53.985 Thread 0x000002b0a2a05ed0 flushing nmethod 0x000002b08dbbd890
Event: 53.985 Thread 0x000002b0a2a05ed0 flushing nmethod 0x000002b08dbbeb90
Event: 53.985 Thread 0x000002b0a2a05ed0 flushing nmethod 0x000002b08dc06990
Event: 53.985 Thread 0x000002b0a2a05ed0 flushing nmethod 0x000002b08dc1f990
Event: 53.985 Thread 0x000002b0a2a05ed0 flushing nmethod 0x000002b08dc29290
Event: 53.985 Thread 0x000002b0a2a05ed0 flushing nmethod 0x000002b08dca0910
Event: 53.985 Thread 0x000002b0a2a05ed0 flushing nmethod 0x000002b08dca2190
Event: 53.986 Thread 0x000002b0a2a05ed0 flushing nmethod 0x000002b08dcad410
Event: 53.986 Thread 0x000002b0a2a05ed0 flushing nmethod 0x000002b08dcaeb90
Event: 53.986 Thread 0x000002b0a2a05ed0 flushing nmethod 0x000002b08ddd3310
Event: 54.168 Thread 0x000002b0a4a60810 Thread exited: 0x000002b0a4a60810
Event: 54.174 Thread 0x000002b0a4a60810 Thread added: 0x000002b0a4a60810
Event: 60.594 Thread 0x000002b0a4a60810 Thread exited: 0x000002b0a4a60810


Dynamic libraries:
0x00007ff6a2400000 - 0x00007ff6a240e000 	c:\Users\HP\.vscode\extensions\redhat.java-1.20.0-win32-x64\jre\17.0.7-win32-x86_64\bin\java.exe
0x00007ffef5730000 - 0x00007ffef5928000 	C:\WINDOWS\SYSTEM32\ntdll.dll
0x00007ffef3af0000 - 0x00007ffef3baf000 	C:\WINDOWS\System32\KERNEL32.DLL
0x00007ffef3190000 - 0x00007ffef3486000 	C:\WINDOWS\System32\KERNELBASE.dll
0x00007ffef3690000 - 0x00007ffef3790000 	C:\WINDOWS\System32\ucrtbase.dll
0x00007ffeee680000 - 0x00007ffeee697000 	c:\Users\HP\.vscode\extensions\redhat.java-1.20.0-win32-x64\jre\17.0.7-win32-x86_64\bin\jli.dll
0x00007ffef4190000 - 0x00007ffef432d000 	C:\WINDOWS\System32\USER32.dll
0x00007ffef30f0000 - 0x00007ffef3112000 	C:\WINDOWS\System32\win32u.dll
0x00007ffef4c70000 - 0x00007ffef4c9c000 	C:\WINDOWS\System32\GDI32.dll
0x00007ffef3520000 - 0x00007ffef3635000 	C:\WINDOWS\System32\gdi32full.dll
0x00007ffef2ef0000 - 0x00007ffef2f8d000 	C:\WINDOWS\System32\msvcp_win.dll
0x00007ffeedea0000 - 0x00007ffeedeb9000 	c:\Users\HP\.vscode\extensions\redhat.java-1.20.0-win32-x64\jre\17.0.7-win32-x86_64\bin\VCRUNTIME140.dll
0x00007ffedc220000 - 0x00007ffedc4ba000 	C:\WINDOWS\WinSxS\amd64_microsoft.windows.common-controls_6595b64144ccf1df_6.0.19041.1110_none_60b5254171f9507e\COMCTL32.dll
0x00007ffef3e00000 - 0x00007ffef3e9e000 	C:\WINDOWS\System32\msvcrt.dll
0x00007ffef4590000 - 0x00007ffef45c0000 	C:\WINDOWS\System32\IMM32.DLL
0x00007ffeede70000 - 0x00007ffeede7c000 	c:\Users\HP\.vscode\extensions\redhat.java-1.20.0-win32-x64\jre\17.0.7-win32-x86_64\bin\vcruntime140_1.dll
0x00007ffec74a0000 - 0x00007ffec7531000 	c:\Users\HP\.vscode\extensions\redhat.java-1.20.0-win32-x64\jre\17.0.7-win32-x86_64\bin\msvcp140.dll
0x00007ffe899c0000 - 0x00007ffe8a608000 	c:\Users\HP\.vscode\extensions\redhat.java-1.20.0-win32-x64\jre\17.0.7-win32-x86_64\bin\server\jvm.dll
0x00007ffef4030000 - 0x00007ffef40df000 	C:\WINDOWS\System32\ADVAPI32.dll
0x00007ffef55a0000 - 0x00007ffef563c000 	C:\WINDOWS\System32\sechost.dll
0x00007ffef3ea0000 - 0x00007ffef3fc6000 	C:\WINDOWS\System32\RPCRT4.dll
0x00007ffeda340000 - 0x00007ffeda349000 	C:\WINDOWS\SYSTEM32\WSOCK32.dll
0x00007ffef5530000 - 0x00007ffef559b000 	C:\WINDOWS\System32\WS2_32.dll
0x00007ffed6b00000 - 0x00007ffed6b27000 	C:\WINDOWS\SYSTEM32\WINMM.dll
0x00007ffeed650000 - 0x00007ffeed65a000 	C:\WINDOWS\SYSTEM32\VERSION.dll
0x00007ffef1600000 - 0x00007ffef1612000 	C:\WINDOWS\SYSTEM32\kernel.appcore.dll
0x00007ffeeaaa0000 - 0x00007ffeeaaaa000 	c:\Users\HP\.vscode\extensions\redhat.java-1.20.0-win32-x64\jre\17.0.7-win32-x86_64\bin\jimage.dll
0x00007ffef0b00000 - 0x00007ffef0ce4000 	C:\WINDOWS\SYSTEM32\DBGHELP.DLL
0x00007ffed53d0000 - 0x00007ffed5404000 	C:\WINDOWS\SYSTEM32\dbgcore.DLL
0x00007ffef3490000 - 0x00007ffef3512000 	C:\WINDOWS\System32\bcryptPrimitives.dll
0x00007ffeeaa90000 - 0x00007ffeeaa9e000 	c:\Users\HP\.vscode\extensions\redhat.java-1.20.0-win32-x64\jre\17.0.7-win32-x86_64\bin\instrument.dll
0x00007ffed8090000 - 0x00007ffed80b5000 	c:\Users\HP\.vscode\extensions\redhat.java-1.20.0-win32-x64\jre\17.0.7-win32-x86_64\bin\java.dll
0x00007ffee1710000 - 0x00007ffee1728000 	c:\Users\HP\.vscode\extensions\redhat.java-1.20.0-win32-x64\jre\17.0.7-win32-x86_64\bin\zip.dll
0x00007ffef4de0000 - 0x00007ffef5524000 	C:\WINDOWS\System32\SHELL32.dll
0x00007ffef0cf0000 - 0x00007ffef1484000 	C:\WINDOWS\SYSTEM32\windows.storage.dll
0x00007ffef3790000 - 0x00007ffef3ae4000 	C:\WINDOWS\System32\combase.dll
0x00007ffef26a0000 - 0x00007ffef26ce000 	C:\WINDOWS\SYSTEM32\Wldp.dll
0x00007ffef5640000 - 0x00007ffef56ed000 	C:\WINDOWS\System32\SHCORE.dll
0x00007ffef45c0000 - 0x00007ffef4615000 	C:\WINDOWS\System32\shlwapi.dll
0x00007ffef2d40000 - 0x00007ffef2d65000 	C:\WINDOWS\SYSTEM32\profapi.dll
0x00007ffeddec0000 - 0x00007ffedded9000 	C:\Users\HP\.vscode\extensions\redhat.java-1.20.0-win32-x64\jre\17.0.7-win32-x86_64\bin\net.dll
0x00007ffeec220000 - 0x00007ffeec32a000 	C:\WINDOWS\SYSTEM32\WINHTTP.dll
0x00007ffef2480000 - 0x00007ffef24ea000 	C:\WINDOWS\system32\mswsock.dll
0x00007ffed8930000 - 0x00007ffed8945000 	C:\Users\HP\.vscode\extensions\redhat.java-1.20.0-win32-x64\jre\17.0.7-win32-x86_64\bin\nio.dll
0x00007ffeeaa60000 - 0x00007ffeeaa70000 	c:\Users\HP\.vscode\extensions\redhat.java-1.20.0-win32-x64\jre\17.0.7-win32-x86_64\bin\verify.dll
0x00007ffeca910000 - 0x00007ffeca94e000 	C:\Users\HP\AppData\Roaming\Code\User\globalStorage\redhat.java\1.20.0\config_win\org.eclipse.equinox.launcher\org.eclipse.equinox.launcher.win32.win32.x86_64_1.2.700.v20221108-1024\eclipse_11801.dll
0x00007ffef4330000 - 0x00007ffef445a000 	C:\WINDOWS\System32\ole32.dll
0x00007ffef26e0000 - 0x00007ffef26f8000 	C:\WINDOWS\SYSTEM32\CRYPTSP.dll
0x00007ffef1dc0000 - 0x00007ffef1df4000 	C:\WINDOWS\system32\rsaenh.dll
0x00007ffef2ec0000 - 0x00007ffef2ee7000 	C:\WINDOWS\System32\bcrypt.dll
0x00007ffef2cc0000 - 0x00007ffef2cee000 	C:\WINDOWS\SYSTEM32\USERENV.dll
0x00007ffef2610000 - 0x00007ffef261c000 	C:\WINDOWS\SYSTEM32\CRYPTBASE.dll
0x00007ffef2190000 - 0x00007ffef21cc000 	C:\WINDOWS\SYSTEM32\IPHLPAPI.DLL
0x00007ffef3c30000 - 0x00007ffef3c38000 	C:\WINDOWS\System32\NSI.dll
0x00007ffeec920000 - 0x00007ffeec937000 	C:\WINDOWS\SYSTEM32\dhcpcsvc6.DLL
0x00007ffeec9d0000 - 0x00007ffeec9ed000 	C:\WINDOWS\SYSTEM32\dhcpcsvc.DLL
0x00007ffef21d0000 - 0x00007ffef229a000 	C:\WINDOWS\SYSTEM32\DNSAPI.dll
0x00007ffebcf70000 - 0x00007ffebcfb5000 	C:\Users\HP\AppData\Local\Temp\jna-2312\jna8411865712931464965.dll
0x00007ffef3df0000 - 0x00007ffef3df8000 	C:\WINDOWS\System32\PSAPI.DLL

dbghelp: loaded successfully - version: 4.0.5 - missing functions: none
symbol engine: initialized successfully - sym options: 0x614 - pdb path: .;c:\Users\HP\.vscode\extensions\redhat.java-1.20.0-win32-x64\jre\17.0.7-win32-x86_64\bin;C:\WINDOWS\SYSTEM32;C:\WINDOWS\WinSxS\amd64_microsoft.windows.common-controls_6595b64144ccf1df_6.0.19041.1110_none_60b5254171f9507e;c:\Users\HP\.vscode\extensions\redhat.java-1.20.0-win32-x64\jre\17.0.7-win32-x86_64\bin\server;C:\Users\HP\AppData\Roaming\Code\User\globalStorage\redhat.java\1.20.0\config_win\org.eclipse.equinox.launcher\org.eclipse.equinox.launcher.win32.win32.x86_64_1.2.700.v20221108-1024;C:\Users\HP\AppData\Local\Temp\jna-2312

VM Arguments:
jvm_args: --add-modules=ALL-SYSTEM --add-opens=java.base/java.util=ALL-UNNAMED --add-opens=java.base/java.lang=ALL-UNNAMED --add-opens=java.base/sun.nio.fs=ALL-UNNAMED -Declipse.application=org.eclipse.jdt.ls.core.id1 -Dosgi.bundles.defaultStartLevel=4 -Declipse.product=org.eclipse.jdt.ls.core.product -Djava.import.generatesMetadataFilesAtProjectRoot=false -Dfile.encoding=utf8 -XX:+UseParallelGC -XX:GCTimeRatio=4 -XX:AdaptiveSizePolicyWeight=90 -Dsun.zip.disableMemoryMapping=true -Xmx1G -Xms100m -Xlog:disable -javaagent:c:\Users\HP\.vscode\extensions\redhat.java-1.20.0-win32-x64\lombok\lombok-1.18.28.jar -XX:+HeapDumpOnOutOfMemoryError -XX:HeapDumpPath=c:\Users\HP\AppData\Roaming\Code\User\workspaceStorage\5541fb1794e4195495f0c57edcbd7686\redhat.java -Daether.dependencyCollector.impl=bf 
java_command: c:\Users\HP\.vscode\extensions\redhat.java-1.20.0-win32-x64\server\plugins\org.eclipse.equinox.launcher_1.6.500.v20230622-2056.jar -configuration c:\Users\HP\AppData\Roaming\Code\User\globalStorage\redhat.java\1.20.0\config_win -data c:\Users\HP\AppData\Roaming\Code\User\workspaceStorage\5541fb1794e4195495f0c57edcbd7686\redhat.java\jdt_ws
java_class_path (initial): c:\Users\HP\.vscode\extensions\redhat.java-1.20.0-win32-x64\server\plugins\org.eclipse.equinox.launcher_1.6.500.v20230622-2056.jar
Launcher Type: SUN_STANDARD

[Global flags]
    uintx AdaptiveSizePolicyWeight                 = 90                                        {product} {command line}
     intx CICompilerCount                          = 3                                         {product} {ergonomic}
    uintx GCTimeRatio                              = 4                                         {product} {command line}
     bool HeapDumpOnOutOfMemoryError               = true                                   {manageable} {command line}
    ccstr HeapDumpPath                             = c:\Users\HP\AppData\Roaming\Code\User\workspaceStorage\5541fb1794e4195495f0c57edcbd7686\redhat.java         {manageable} {command line}
   size_t InitialHeapSize                          = 104857600                                 {product} {command line}
   size_t MaxHeapSize                              = 1073741824                                {product} {command line}
   size_t MaxNewSize                               = 357564416                                 {product} {ergonomic}
   size_t MinHeapDeltaBytes                        = 524288                                    {product} {ergonomic}
   size_t MinHeapSize                              = 104857600                                 {product} {command line}
   size_t NewSize                                  = 34603008                                  {product} {ergonomic}
    uintx NonNMethodCodeHeapSize                   = 5832780                                {pd product} {ergonomic}
    uintx NonProfiledCodeHeapSize                  = 122912730                              {pd product} {ergonomic}
   size_t OldSize                                  = 70254592                                  {product} {ergonomic}
    uintx ProfiledCodeHeapSize                     = 122912730                              {pd product} {ergonomic}
    uintx ReservedCodeCacheSize                    = 251658240                              {pd product} {ergonomic}
     bool SegmentedCodeCache                       = true                                      {product} {ergonomic}
   size_t SoftMaxHeapSize                          = 1073741824                             {manageable} {ergonomic}
     bool UseCompressedClassPointers               = true                           {product lp64_product} {ergonomic}
     bool UseCompressedOops                        = true                           {product lp64_product} {ergonomic}
     bool UseLargePagesIndividualAllocation        = false                                  {pd product} {ergonomic}
     bool UseParallelGC                            = true                                      {product} {command line}

Logging:
Log output configuration:
 #0: stdout all=off uptime,level,tags
 #1: stderr all=off uptime,level,tags

Environment Variables:
JAVA_HOME=C:\Program Files\Java\jdk-11.0.9
PATH=C:\Program Files\Python310\Scripts\;C:\Program Files\Python310\;C:\Program Files (x86)\Common Files\Intel\Shared Libraries\redist\intel64\compiler;C:\WINDOWS\system32;C:\WINDOWS;C:\WINDOWS\System32\Wbem;C:\WINDOWS\System32\WindowsPowerShell\v1.0\;C:\WINDOWS\System32\OpenSSH\;C:\wamp64\www\scriptcase\components\php;C:\wamp64\bin\php\php7.4.26;C:\wamp64\bin\php\php7.3.25;C:\wamp64\bin\php\php7.1.29;C:\Program Files\nodejs;C:\Program Files\PuTTY\;C:\ProgramData\ComposerSetup\bin;C:\Program Files\Git\cmd;C:\Program Files (x86)\Yarn\bin\;C:\Program Files\Java\jdk-11.0.9\bin;C:\Users\HP\AppData\Local\Programs\Python\Python37;C:\Users\HP\AppData\Local\Programs\Python\Python37\Scripts;C:\Users\HP\AppData\Local\Android\flutter\bin;C:\Users\HP\AppData\Roaming\Composer\vendor\laravel\installer\bin;C:\Program Files (x86)\Bitvise SSH Client;C:\wamp64\www\apache-maven-3.8.4\bin;C:\Program Files\NetMake\v9-php73\components\php;C:\Program Files\Docker\Docker\resources\bin;C:\Program Files\nodejs\;C:\Program Files\CMake\bin;C:\Program Files\Java\jdk-11.0.19\bin;C:\Program Files\Tesseract-OCR;C:\Users\HP\AppData\Local\Programs\Python\Python310\Scripts\;C:\Users\HP\AppData\Local\Programs\Python\Python310\;C:\Users\HP\AppData\Local\Microsoft\WindowsApps;C:\Users\HP\AppData\Roaming\Composer\vendor\bin;C:\Users\HP\AppData\Local\Yarn\bin;C:\Program Files\heroku\bin;C:\Users\HP\AppData\Local\Programs\Microsoft VS Code\bin;C:\Users\HP\AppData\Local\GitHubDesktop\bin;C:\Users\HP\AppData\Roaming\npm;
USERNAME=HP
OS=Windows_NT
PROCESSOR_IDENTIFIER=Intel64 Family 6 Model 142 Stepping 10, GenuineIntel
TMP=C:\Users\HP\AppData\Local\Temp
TEMP=C:\Users\HP\AppData\Local\Temp



---------------  S Y S T E M  ---------------

OS:
 Windows 10 , 64 bit Build 19041 (10.0.19041.3155)
OS uptime: 3 days 20:57 hours
Hyper-V role detected

CPU: total 4 (initial active 4) (2 cores per cpu, 2 threads per core) family 6 model 142 stepping 10 microcode 0xca, cx8, cmov, fxsr, ht, mmx, 3dnowpref, sse, sse2, sse3, ssse3, sse4.1, sse4.2, popcnt, lzcnt, tsc, tscinvbit, avx, avx2, aes, erms, clmul, bmi1, bmi2, adx, fma, vzeroupper, clflush, clflushopt, hv

Memory: 4k page, system-wide physical 12199M (5200M free)
TotalPageFile size 14247M (AvailPageFile size 695M)
current process WorkingSet (physical memory assigned to process): 312M, peak: 367M
current process commit charge ("private bytes"): 340M, peak: 395M

vm_info: OpenJDK 64-Bit Server VM (17.0.7+7) for windows-amd64 JRE (17.0.7+7), built on Apr 18 2023 22:10:42 by "temurin" with MS VC++ 16.7 (VS2019)

END.
