#
# There is insufficient memory for the Java Runtime Environment to continue.
# Native memory allocation (malloc) failed to allocate 32744 bytes for ChunkPool::allocate
# Possible reasons:
#   The system is out of physical RAM or swap space
#   The process is running with CompressedOops enabled, and the Java Heap may be blocking the growth of the native heap
# Possible solutions:
#   Reduce memory load on the system
#   Increase physical memory or swap space
#   Check if swap backing store is full
#   Decrease Java heap size (-Xmx/-Xms)
#   Decrease number of Java threads
#   Decrease Java thread stack sizes (-Xss)
#   Set larger code cache with -XX:ReservedCodeCacheSize=
#   JVM is running with Unscaled Compressed Oops mode in which the Java heap is
#     placed in the first 4GB address space. The Java Heap base address is the
#     maximum limit for the native heap growth. Please use -XX:HeapBaseMinAddress
#     to set the Java Heap base and to place the Java Heap above 4GB virtual address.
# This output file may be truncated or incomplete.
#
#  Out of Memory Error (arena.cpp:78), pid=1912, tid=2216
#
# JRE version: OpenJDK Runtime Environment Temurin-17.0.7+7 (17.0.7+7) (build 17.0.7+7)
# Java VM: OpenJDK 64-Bit Server VM Temurin-17.0.7+7 (17.0.7+7, mixed mode, tiered, compressed oops, compressed class ptrs, parallel gc, windows-amd64)
# No core dump will be written. Minidumps are not enabled by default on client versions of Windows
#

---------------  S U M M A R Y ------------

Command Line: --add-modules=ALL-SYSTEM --add-opens=java.base/java.util=ALL-UNNAMED --add-opens=java.base/java.lang=ALL-UNNAMED --add-opens=java.base/sun.nio.fs=ALL-UNNAMED -Declipse.application=org.eclipse.jdt.ls.core.id1 -Dosgi.bundles.defaultStartLevel=4 -Declipse.product=org.eclipse.jdt.ls.core.product -Djava.import.generatesMetadataFilesAtProjectRoot=false -Dfile.encoding=utf8 -XX:+UseParallelGC -XX:GCTimeRatio=4 -XX:AdaptiveSizePolicyWeight=90 -Dsun.zip.disableMemoryMapping=true -Xmx1G -Xms100m -Xlog:disable -javaagent:c:\Users\HP\.vscode\extensions\redhat.java-1.20.0-win32-x64\lombok\lombok-1.18.28.jar -XX:+HeapDumpOnOutOfMemoryError -XX:HeapDumpPath=c:\Users\HP\AppData\Roaming\Code\User\workspaceStorage\5541fb1794e4195495f0c57edcbd7686\redhat.java -Daether.dependencyCollector.impl=bf c:\Users\HP\.vscode\extensions\redhat.java-1.20.0-win32-x64\server\plugins\org.eclipse.equinox.launcher_1.6.500.v20230622-2056.jar -configuration c:\Users\HP\AppData\Roaming\Code\User\globalStorage\redhat.java\1.20.0\config_win -data c:\Users\HP\AppData\Roaming\Code\User\workspaceStorage\5541fb1794e4195495f0c57edcbd7686\redhat.java\jdt_ws

Host: Intel(R) Core(TM) i3-8130U CPU @ 2.20GHz, 4 cores, 11G,  Windows 10 , 64 bit Build 19041 (10.0.19041.3155)
Time: Tue Jul 18 15:30:03 2023 Afr. centrale Ouest elapsed time: 3082.880358 seconds (0d 0h 51m 22s)

---------------  T H R E A D  ---------------

Current thread (0x00000134fb36e3e0):  JavaThread "C1 CompilerThread0" daemon [_thread_in_native, id=2216, stack(0x0000001379700000,0x0000001379800000)]


Current CompileTask:
C1:3082880 18684       3       org.eclipse.jdt.internal.compiler.ast.FieldReference::manageSyntheticAccessIfNecessary (325 bytes)

Stack: [0x0000001379700000,0x0000001379800000]
Native frames: (J=compiled Java code, j=interpreted, Vv=VM code, C=native code)
V  [jvm.dll+0x67754a]
V  [jvm.dll+0x834304]
V  [jvm.dll+0x835aae]
V  [jvm.dll+0x836113]
V  [jvm.dll+0x24696f]
V  [jvm.dll+0xac2cc]
V  [jvm.dll+0xac67c]
V  [jvm.dll+0x176fb3]
V  [jvm.dll+0x17707d]
V  [jvm.dll+0x179843]
V  [jvm.dll+0x17b351]
V  [jvm.dll+0x135ae3]
V  [jvm.dll+0x1353df]
V  [jvm.dll+0x135616]
V  [jvm.dll+0x134aaa]
V  [jvm.dll+0x136771]
V  [jvm.dll+0x2284da]
V  [jvm.dll+0x226615]
V  [jvm.dll+0x7ea90b]
V  [jvm.dll+0x7e4e7a]
V  [jvm.dll+0x676395]
C  [ucrtbase.dll+0x21bb2]
C  [KERNEL32.DLL+0x17614]
C  [ntdll.dll+0x526b1]


---------------  P R O C E S S  ---------------

Threads class SMR info:
_java_thread_list=0x00000134fd8c6e80, length=31, elements={
0x00000134ef4132b0, 0x00000134ef2fca60, 0x00000134f6133770, 0x00000134f615b280,
0x00000134f615c000, 0x00000134f615cd80, 0x00000134f6160bc0, 0x00000134f61617b0,
0x00000134fb36e3e0, 0x00000134fb383090, 0x00000134fb3fafd0, 0x00000134fb632030,
0x00000134fc0d3100, 0x00000134fc44b9b0, 0x00000134fc44be80, 0x00000134fc46ecd0,
0x00000134fc66cf70, 0x00000134fb7c69a0, 0x00000134fb7c5b30, 0x00000134fb7c7810,
0x00000134fb7c3e50, 0x00000134fb7c4320, 0x00000134fb7c6000, 0x00000134fc2cfdf0,
0x00000134fc2d4150, 0x000001349bad7000, 0x000001349bad3b10, 0x000001349bad2ca0,
0x000001349bad2300, 0x000001349bad44b0, 0x000001348fb17020
}

Java Threads: ( => current thread )
  0x00000134ef4132b0 JavaThread "main" [_thread_blocked, id=15516, stack(0x0000001378d00000,0x0000001378e00000)]
  0x00000134ef2fca60 JavaThread "Reference Handler" daemon [_thread_blocked, id=17240, stack(0x0000001379000000,0x0000001379100000)]
  0x00000134f6133770 JavaThread "Finalizer" daemon [_thread_blocked, id=17424, stack(0x0000001379100000,0x0000001379200000)]
  0x00000134f615b280 JavaThread "Signal Dispatcher" daemon [_thread_blocked, id=17264, stack(0x0000001379200000,0x0000001379300000)]
  0x00000134f615c000 JavaThread "Attach Listener" daemon [_thread_blocked, id=16704, stack(0x0000001379300000,0x0000001379400000)]
  0x00000134f615cd80 JavaThread "Service Thread" daemon [_thread_blocked, id=11332, stack(0x0000001379400000,0x0000001379500000)]
  0x00000134f6160bc0 JavaThread "Monitor Deflation Thread" daemon [_thread_blocked, id=18016, stack(0x0000001379500000,0x0000001379600000)]
  0x00000134f61617b0 JavaThread "C2 CompilerThread0" daemon [_thread_in_native, id=8808, stack(0x0000001379600000,0x0000001379700000)]
=>0x00000134fb36e3e0 JavaThread "C1 CompilerThread0" daemon [_thread_in_native, id=2216, stack(0x0000001379700000,0x0000001379800000)]
  0x00000134fb383090 JavaThread "Sweeper thread" daemon [_thread_blocked, id=18360, stack(0x0000001379800000,0x0000001379900000)]
  0x00000134fb3fafd0 JavaThread "Common-Cleaner" daemon [_thread_blocked, id=10552, stack(0x0000001379900000,0x0000001379a00000)]
  0x00000134fb632030 JavaThread "Notification Thread" daemon [_thread_blocked, id=16932, stack(0x0000001379b00000,0x0000001379c00000)]
  0x00000134fc0d3100 JavaThread "Active Thread: Equinox Container: 2f2737a4-b20b-4f3e-9bb6-196af70baeea" [_thread_blocked, id=15904, stack(0x000000137a000000,0x000000137a100000)]
  0x00000134fc44b9b0 JavaThread "Framework Event Dispatcher: Equinox Container: 2f2737a4-b20b-4f3e-9bb6-196af70baeea" daemon [_thread_blocked, id=17392, stack(0x000000137a100000,0x000000137a200000)]
  0x00000134fc44be80 JavaThread "Start Level: Equinox Container: 2f2737a4-b20b-4f3e-9bb6-196af70baeea" daemon [_thread_blocked, id=7892, stack(0x000000137a200000,0x000000137a300000)]
  0x00000134fc46ecd0 JavaThread "SCR Component Actor" daemon [_thread_blocked, id=14208, stack(0x000000137a300000,0x000000137a400000)]
  0x00000134fc66cf70 JavaThread "Worker-JM" [_thread_blocked, id=8696, stack(0x000000137a500000,0x000000137a600000)]
  0x00000134fb7c69a0 JavaThread "Java indexing" daemon [_thread_blocked, id=16608, stack(0x000000137a900000,0x000000137aa00000)]
  0x00000134fb7c5b30 JavaThread "JNA Cleaner" daemon [_thread_blocked, id=17660, stack(0x000000137aa00000,0x000000137ab00000)]
  0x00000134fb7c7810 JavaThread "pool-2-thread-1" [_thread_blocked, id=8292, stack(0x000000137ad00000,0x000000137ae00000)]
  0x00000134fb7c3e50 JavaThread "WorkspaceEventsHandler" [_thread_blocked, id=9004, stack(0x000000137ae00000,0x000000137af00000)]
  0x00000134fb7c4320 JavaThread "pool-1-thread-1" [_thread_in_native, id=2548, stack(0x000000137af00000,0x000000137b000000)]
  0x00000134fb7c6000 JavaThread "Worker-3" [_thread_blocked, id=8472, stack(0x000000137b000000,0x000000137b100000)]
  0x00000134fc2cfdf0 JavaThread "Worker-6" [_thread_blocked, id=16952, stack(0x000000137b200000,0x000000137b300000)]
  0x00000134fc2d4150 JavaThread "Bundle File Closer" daemon [_thread_blocked, id=532, stack(0x000000137b400000,0x000000137b500000)]
  0x000001349bad7000 JavaThread "Java Debug Server" daemon [_thread_in_native, id=15764, stack(0x000000137a400000,0x000000137a500000)]
  0x000001349bad3b10 JavaThread "RxSchedulerPurge-1" daemon [_thread_blocked, id=17808, stack(0x0000001378a00000,0x0000001378b00000)]
  0x000001349bad2ca0 JavaThread "RxCachedWorkerPoolEvictor-1" daemon [_thread_blocked, id=16452, stack(0x0000001378b00000,0x0000001378c00000)]
  0x000001349bad2300 JavaThread "ForkJoinPool.commonPool-worker-4" daemon [_thread_in_native, id=12048, stack(0x0000001378c00000,0x0000001378d00000)]
  0x000001349bad44b0 JavaThread "ForkJoinPool.commonPool-worker-5" daemon [_thread_blocked, id=12964, stack(0x0000001379f00000,0x000000137a000000)]
  0x000001348fb17020 JavaThread "C2 CompilerThread1" daemon [_thread_blocked, id=19204, stack(0x000000137a600000,0x000000137a700000)]

Other Threads:
  0x00000134f611ae80 VMThread "VM Thread" [stack: 0x0000001378f00000,0x0000001379000000] [id=13952]
  0x00000134fb5b9cd0 WatcherThread [stack: 0x0000001379c00000,0x0000001379d00000] [id=16296]
  0x00000134ef424fb0 GCTaskThread "GC Thread#0" [stack: 0x0000001378e00000,0x0000001378f00000] [id=1520]
  0x00000134fbcaf950 GCTaskThread "GC Thread#1" [stack: 0x0000001379a00000,0x0000001379b00000] [id=18028]
  0x00000134fb8f7c60 GCTaskThread "GC Thread#2" [stack: 0x0000001379d00000,0x0000001379e00000] [id=10424]
  0x00000134fbc3b280 GCTaskThread "GC Thread#3" [stack: 0x0000001379e00000,0x0000001379f00000] [id=10680]

Threads with active compile tasks:
C2 CompilerThread0  3083425 18675       4       java.net.URI::equals (223 bytes)
C1 CompilerThread0  3083425 18684       3       org.eclipse.jdt.internal.compiler.ast.FieldReference::manageSyntheticAccessIfNecessary (325 bytes)

VM state: not at safepoint (normal execution)

VM Mutex/Monitor currently owned by a thread: None

Heap address: 0x00000000c0000000, size: 1024 MB, Compressed Oops mode: 32-bit

CDS archive(s) not mapped
Compressed class space mapped at: 0x0000000100000000-0x0000000140000000, reserved size: 1073741824
Narrow klass base: 0x0000000000000000, Narrow klass shift: 3, Narrow klass range: 0x140000000

GC Precious Log:
 CPUs: 4 total, 4 available
 Memory: 12199M
 Large Page Support: Disabled
 NUMA Support: Disabled
 Compressed Oops: Enabled (32-bit)
 Alignments: Space 512K, Generation 512K, Heap 2M
 Heap Min Capacity: 100M
 Heap Initial Capacity: 100M
 Heap Max Capacity: 1G
 Pre-touch: Disabled
 Parallel Workers: 4

Heap:
 PSYoungGen      total 10752K, used 5505K [0x00000000eab00000, 0x00000000eb980000, 0x0000000100000000)
  eden space 10240K, 49% used [0x00000000eab00000,0x00000000eafe7310,0x00000000eb500000)
  from space 512K, 94% used [0x00000000eb500000,0x00000000eb579388,0x00000000eb580000)
  to   space 512K, 0% used [0x00000000eb900000,0x00000000eb900000,0x00000000eb980000)
 ParOldGen       total 156160K, used 139141K [0x00000000c0000000, 0x00000000c9880000, 0x00000000eab00000)
  object space 156160K, 89% used [0x00000000c0000000,0x00000000c87e1408,0x00000000c9880000)
 Metaspace       used 78749K, committed 80000K, reserved 1179648K
  class space    used 7923K, committed 8512K, reserved 1048576K

Card table byte_map: [0x00000134f3a30000,0x00000134f3c40000] _byte_map_base: 0x00000134f3430000

Marking Bits: (ParMarkBitMap*) 0x00007ffdfd4952c0
 Begin Bits: [0x00000134f3da0000, 0x00000134f4da0000)
 End Bits:   [0x00000134f4da0000, 0x00000134f5da0000)

Polling page: 0x00000134ef250000

Metaspace:

Usage:
  Non-class:     69.17 MB used.
      Class:      7.74 MB used.
       Both:     76.90 MB used.

Virtual space:
  Non-class space:      128.00 MB reserved,      69.81 MB ( 55%) committed,  2 nodes.
      Class space:        1.00 GB reserved,       8.31 MB ( <1%) committed,  1 nodes.
             Both:        1.12 GB reserved,      78.12 MB (  7%) committed. 

Chunk freelists:
   Non-Class:  10.03 MB
       Class:  7.55 MB
        Both:  17.58 MB

MaxMetaspaceSize: unlimited
CompressedClassSpaceSize: 1.00 GB
Initial GC threshold: 21.00 MB
Current GC threshold: 129.38 MB
CDS: off
MetaspaceReclaimPolicy: balanced
 - commit_granule_bytes: 65536.
 - commit_granule_words: 8192.
 - virtual_space_node_default_size: 8388608.
 - enlarge_chunks_in_place: 1.
 - new_chunks_are_fully_committed: 0.
 - uncommit_free_chunks: 1.
 - use_allocation_guard: 0.
 - handle_deallocations: 1.


Internal statistics:

num_allocs_failed_limit: 9.
num_arena_births: 876.
num_arena_deaths: 24.
num_vsnodes_births: 3.
num_vsnodes_deaths: 0.
num_space_committed: 1250.
num_space_uncommitted: 0.
num_chunks_returned_to_freelist: 37.
num_chunks_taken_from_freelist: 4300.
num_chunk_merges: 18.
num_chunk_splits: 2602.
num_chunks_enlarged: 1389.
num_inconsistent_stats: 0.

CodeHeap 'non-profiled nmethods': size=120000Kb used=13081Kb max_used=13081Kb free=106918Kb
 bounds [0x0000013487ad0000, 0x00000134887a0000, 0x000001348f000000]
CodeHeap 'profiled nmethods': size=120000Kb used=28042Kb max_used=29836Kb free=91957Kb
 bounds [0x0000013480000000, 0x0000013481d60000, 0x0000013487530000]
CodeHeap 'non-nmethods': size=5760Kb used=1389Kb max_used=1528Kb free=4370Kb
 bounds [0x0000013487530000, 0x00000134877a0000, 0x0000013487ad0000]
 total_blobs=14250 nmethods=13507 adapters=653
 compilation: enabled
              stopped_count=0, restarted_count=0
 full_count=0

Compilation events (20 events):
Event: 2952.702 Thread 0x00000134fb36e3e0 nmethod 18669 0x0000013488792010 code [0x00000134887921a0, 0x0000013488792278]
Event: 2982.709 Thread 0x00000134f61617b0 18670       4       java.util.concurrent.ScheduledThreadPoolExecutor$ScheduledFutureTask::getDelay (16 bytes)
Event: 2982.711 Thread 0x00000134f61617b0 nmethod 18670 0x0000013488792310 code [0x00000134887924a0, 0x0000013488792718]
Event: 3082.858 Thread 0x00000134fb36e3e0 18671       3       java.security.DrbgParameters::nextBytes (11 bytes)
Event: 3082.858 Thread 0x00000134fb36e3e0 nmethod 18671 0x0000013481482a10 code [0x0000013481482bc0, 0x0000013481482d48]
Event: 3082.858 Thread 0x00000134fb36e3e0 18672       3       sun.security.provider.AbstractDrbg::engineNextBytes (15 bytes)
Event: 3082.858 Thread 0x00000134fb36e3e0 nmethod 18672 0x0000013481482610 code [0x00000134814827c0, 0x0000013481482958]
Event: 3082.858 Thread 0x00000134fb36e3e0 18673   !   3       sun.security.provider.AbstractDrbg::engineNextBytes (286 bytes)
Event: 3082.861 Thread 0x00000134fb36e3e0 nmethod 18673 0x000001348182b490 code [0x000001348182b900, 0x000001348182d878]
Event: 3082.862 Thread 0x00000134fb36e3e0 18674   !   3       lombok.core.configuration.FileSystemSourceCache::forUri (180 bytes)
Event: 3082.863 Thread 0x00000134f61617b0 18675       4       java.net.URI::equals (223 bytes)
Event: 3082.865 Thread 0x00000134fb36e3e0 nmethod 18674 0x000001348173a810 code [0x000001348173ad40, 0x000001348173d6e8]
Event: 3082.868 Thread 0x00000134fb36e3e0 18676       3       org.eclipse.jdt.internal.compiler.parser.Scanner::setSource (50 bytes)
Event: 3082.869 Thread 0x00000134fb36e3e0 nmethod 18676 0x00000134815e4090 code [0x00000134815e4260, 0x00000134815e4588]
Event: 3082.873 Thread 0x00000134fb36e3e0 18678       3       org.eclipse.jdt.internal.compiler.parser.Parser::consumeBlock (224 bytes)
Event: 3082.875 Thread 0x00000134fb36e3e0 nmethod 18678 0x00000134814c3890 code [0x00000134814c3b00, 0x00000134814c48e8]
Event: 3082.876 Thread 0x00000134fb36e3e0 18681       3       org.eclipse.jdt.internal.compiler.flow.UnconditionalFlowInfo::markAsComparedEqualToNull (493 bytes)
Event: 3082.877 Thread 0x00000134fb36e3e0 nmethod 18681 0x0000013481531e10 code [0x0000013481532060, 0x0000013481532bd8]
Event: 3082.878 Thread 0x00000134fb36e3e0 18684       3       org.eclipse.jdt.internal.compiler.ast.FieldReference::manageSyntheticAccessIfNecessary (325 bytes)
Event: 3082.878 Thread 0x000001348fb17020 18687 %     4       org.eclipse.jdt.internal.compiler.ClassFile::initializeLocals @ 24 (189 bytes)

GC Heap History (20 events):
Event: 736.341 GC heap before
{Heap before GC invocations=446 (full 17):
 PSYoungGen      total 14336K, used 14288K [0x00000000eab00000, 0x00000000ebc80000, 0x0000000100000000)
  eden space 11776K, 100% used [0x00000000eab00000,0x00000000eb680000,0x00000000eb680000)
  from space 2560K, 98% used [0x00000000eb980000,0x00000000ebbf4010,0x00000000ebc00000)
  to   space 3072K, 0% used [0x00000000eb680000,0x00000000eb680000,0x00000000eb980000)
 ParOldGen       total 156160K, used 121159K [0x00000000c0000000, 0x00000000c9880000, 0x00000000eab00000)
  object space 156160K, 77% used [0x00000000c0000000,0x00000000c7651f00,0x00000000c9880000)
 Metaspace       used 78619K, committed 79872K, reserved 1179648K
  class space    used 7920K, committed 8512K, reserved 1048576K
}
Event: 736.345 GC heap after
{Heap after GC invocations=446 (full 17):
 PSYoungGen      total 14848K, used 3056K [0x00000000eab00000, 0x00000000ebe80000, 0x0000000100000000)
  eden space 11776K, 0% used [0x00000000eab00000,0x00000000eab00000,0x00000000eb680000)
  from space 3072K, 99% used [0x00000000eb680000,0x00000000eb97c030,0x00000000eb980000)
  to   space 4096K, 0% used [0x00000000eba80000,0x00000000eba80000,0x00000000ebe80000)
 ParOldGen       total 156160K, used 121636K [0x00000000c0000000, 0x00000000c9880000, 0x00000000eab00000)
  object space 156160K, 77% used [0x00000000c0000000,0x00000000c76c9178,0x00000000c9880000)
 Metaspace       used 78619K, committed 79872K, reserved 1179648K
  class space    used 7920K, committed 8512K, reserved 1048576K
}
Event: 736.358 GC heap before
{Heap before GC invocations=447 (full 17):
 PSYoungGen      total 14848K, used 14832K [0x00000000eab00000, 0x00000000ebe80000, 0x0000000100000000)
  eden space 11776K, 100% used [0x00000000eab00000,0x00000000eb680000,0x00000000eb680000)
  from space 3072K, 99% used [0x00000000eb680000,0x00000000eb97c030,0x00000000eb980000)
  to   space 4096K, 0% used [0x00000000eba80000,0x00000000eba80000,0x00000000ebe80000)
 ParOldGen       total 156160K, used 121636K [0x00000000c0000000, 0x00000000c9880000, 0x00000000eab00000)
  object space 156160K, 77% used [0x00000000c0000000,0x00000000c76c9178,0x00000000c9880000)
 Metaspace       used 78619K, committed 79872K, reserved 1179648K
  class space    used 7920K, committed 8512K, reserved 1048576K
}
Event: 736.362 GC heap after
{Heap after GC invocations=447 (full 17):
 PSYoungGen      total 15872K, used 1984K [0x00000000eab00000, 0x00000000ebd00000, 0x0000000100000000)
  eden space 13312K, 0% used [0x00000000eab00000,0x00000000eab00000,0x00000000eb800000)
  from space 2560K, 77% used [0x00000000eba80000,0x00000000ebc70080,0x00000000ebd00000)
  to   space 2560K, 0% used [0x00000000eb800000,0x00000000eb800000,0x00000000eba80000)
 ParOldGen       total 156160K, used 123972K [0x00000000c0000000, 0x00000000c9880000, 0x00000000eab00000)
  object space 156160K, 79% used [0x00000000c0000000,0x00000000c7911268,0x00000000c9880000)
 Metaspace       used 78619K, committed 79872K, reserved 1179648K
  class space    used 7920K, committed 8512K, reserved 1048576K
}
Event: 736.409 GC heap before
{Heap before GC invocations=448 (full 17):
 PSYoungGen      total 15872K, used 15296K [0x00000000eab00000, 0x00000000ebd00000, 0x0000000100000000)
  eden space 13312K, 100% used [0x00000000eab00000,0x00000000eb800000,0x00000000eb800000)
  from space 2560K, 77% used [0x00000000eba80000,0x00000000ebc70080,0x00000000ebd00000)
  to   space 2560K, 0% used [0x00000000eb800000,0x00000000eb800000,0x00000000eba80000)
 ParOldGen       total 156160K, used 123972K [0x00000000c0000000, 0x00000000c9880000, 0x00000000eab00000)
  object space 156160K, 79% used [0x00000000c0000000,0x00000000c7911268,0x00000000c9880000)
 Metaspace       used 78620K, committed 79872K, reserved 1179648K
  class space    used 7920K, committed 8512K, reserved 1048576K
}
Event: 736.413 GC heap after
{Heap after GC invocations=448 (full 17):
 PSYoungGen      total 15872K, used 1504K [0x00000000eab00000, 0x00000000ebe00000, 0x0000000100000000)
  eden space 13312K, 0% used [0x00000000eab00000,0x00000000eab00000,0x00000000eb800000)
  from space 2560K, 58% used [0x00000000eb800000,0x00000000eb978040,0x00000000eba80000)
  to   space 2048K, 0% used [0x00000000ebc00000,0x00000000ebc00000,0x00000000ebe00000)
 ParOldGen       total 156160K, used 125948K [0x00000000c0000000, 0x00000000c9880000, 0x00000000eab00000)
  object space 156160K, 80% used [0x00000000c0000000,0x00000000c7aff2e8,0x00000000c9880000)
 Metaspace       used 78620K, committed 79872K, reserved 1179648K
  class space    used 7920K, committed 8512K, reserved 1048576K
}
Event: 736.453 GC heap before
{Heap before GC invocations=449 (full 17):
 PSYoungGen      total 15872K, used 14816K [0x00000000eab00000, 0x00000000ebe00000, 0x0000000100000000)
  eden space 13312K, 100% used [0x00000000eab00000,0x00000000eb800000,0x00000000eb800000)
  from space 2560K, 58% used [0x00000000eb800000,0x00000000eb978040,0x00000000eba80000)
  to   space 2048K, 0% used [0x00000000ebc00000,0x00000000ebc00000,0x00000000ebe00000)
 ParOldGen       total 156160K, used 125948K [0x00000000c0000000, 0x00000000c9880000, 0x00000000eab00000)
  object space 156160K, 80% used [0x00000000c0000000,0x00000000c7aff2e8,0x00000000c9880000)
 Metaspace       used 78620K, committed 79872K, reserved 1179648K
  class space    used 7920K, committed 8512K, reserved 1048576K
}
Event: 736.457 GC heap after
{Heap after GC invocations=449 (full 17):
 PSYoungGen      total 15360K, used 1664K [0x00000000eab00000, 0x00000000ebe00000, 0x0000000100000000)
  eden space 13312K, 0% used [0x00000000eab00000,0x00000000eab00000,0x00000000eb800000)
  from space 2048K, 81% used [0x00000000ebc00000,0x00000000ebda0020,0x00000000ebe00000)
  to   space 2048K, 0% used [0x00000000eba00000,0x00000000eba00000,0x00000000ebc00000)
 ParOldGen       total 156160K, used 127404K [0x00000000c0000000, 0x00000000c9880000, 0x00000000eab00000)
  object space 156160K, 81% used [0x00000000c0000000,0x00000000c7c6b378,0x00000000c9880000)
 Metaspace       used 78620K, committed 79872K, reserved 1179648K
  class space    used 7920K, committed 8512K, reserved 1048576K
}
Event: 736.506 GC heap before
{Heap before GC invocations=450 (full 17):
 PSYoungGen      total 15360K, used 14976K [0x00000000eab00000, 0x00000000ebe00000, 0x0000000100000000)
  eden space 13312K, 100% used [0x00000000eab00000,0x00000000eb800000,0x00000000eb800000)
  from space 2048K, 81% used [0x00000000ebc00000,0x00000000ebda0020,0x00000000ebe00000)
  to   space 2048K, 0% used [0x00000000eba00000,0x00000000eba00000,0x00000000ebc00000)
 ParOldGen       total 156160K, used 127404K [0x00000000c0000000, 0x00000000c9880000, 0x00000000eab00000)
  object space 156160K, 81% used [0x00000000c0000000,0x00000000c7c6b378,0x00000000c9880000)
 Metaspace       used 78620K, committed 79872K, reserved 1179648K
  class space    used 7920K, committed 8512K, reserved 1048576K
}
Event: 736.510 GC heap after
{Heap after GC invocations=450 (full 17):
 PSYoungGen      total 14848K, used 1488K [0x00000000eab00000, 0x00000000ebc80000, 0x0000000100000000)
  eden space 13312K, 0% used [0x00000000eab00000,0x00000000eab00000,0x00000000eb800000)
  from space 1536K, 96% used [0x00000000eba00000,0x00000000ebb74010,0x00000000ebb80000)
  to   space 1024K, 0% used [0x00000000ebb80000,0x00000000ebb80000,0x00000000ebc80000)
 ParOldGen       total 156160K, used 129017K [0x00000000c0000000, 0x00000000c9880000, 0x00000000eab00000)
  object space 156160K, 82% used [0x00000000c0000000,0x00000000c7dfe458,0x00000000c9880000)
 Metaspace       used 78620K, committed 79872K, reserved 1179648K
  class space    used 7920K, committed 8512K, reserved 1048576K
}
Event: 736.568 GC heap before
{Heap before GC invocations=451 (full 17):
 PSYoungGen      total 14848K, used 14800K [0x00000000eab00000, 0x00000000ebc80000, 0x0000000100000000)
  eden space 13312K, 100% used [0x00000000eab00000,0x00000000eb800000,0x00000000eb800000)
  from space 1536K, 96% used [0x00000000eba00000,0x00000000ebb74010,0x00000000ebb80000)
  to   space 1024K, 0% used [0x00000000ebb80000,0x00000000ebb80000,0x00000000ebc80000)
 ParOldGen       total 156160K, used 129017K [0x00000000c0000000, 0x00000000c9880000, 0x00000000eab00000)
  object space 156160K, 82% used [0x00000000c0000000,0x00000000c7dfe458,0x00000000c9880000)
 Metaspace       used 78620K, committed 79872K, reserved 1179648K
  class space    used 7920K, committed 8512K, reserved 1048576K
}
Event: 736.572 GC heap after
{Heap after GC invocations=451 (full 17):
 PSYoungGen      total 14336K, used 1024K [0x00000000eab00000, 0x00000000ebf00000, 0x0000000100000000)
  eden space 13312K, 0% used [0x00000000eab00000,0x00000000eab00000,0x00000000eb800000)
  from space 1024K, 100% used [0x00000000ebb80000,0x00000000ebc80000,0x00000000ebc80000)
  to   space 3584K, 0% used [0x00000000eb800000,0x00000000eb800000,0x00000000ebb80000)
 ParOldGen       total 156160K, used 131037K [0x00000000c0000000, 0x00000000c9880000, 0x00000000eab00000)
  object space 156160K, 83% used [0x00000000c0000000,0x00000000c7ff7618,0x00000000c9880000)
 Metaspace       used 78620K, committed 79872K, reserved 1179648K
  class space    used 7920K, committed 8512K, reserved 1048576K
}
Event: 736.646 GC heap before
{Heap before GC invocations=452 (full 17):
 PSYoungGen      total 14336K, used 14336K [0x00000000eab00000, 0x00000000ebf00000, 0x0000000100000000)
  eden space 13312K, 100% used [0x00000000eab00000,0x00000000eb800000,0x00000000eb800000)
  from space 1024K, 100% used [0x00000000ebb80000,0x00000000ebc80000,0x00000000ebc80000)
  to   space 3584K, 0% used [0x00000000eb800000,0x00000000eb800000,0x00000000ebb80000)
 ParOldGen       total 156160K, used 131037K [0x00000000c0000000, 0x00000000c9880000, 0x00000000eab00000)
  object space 156160K, 83% used [0x00000000c0000000,0x00000000c7ff7618,0x00000000c9880000)
 Metaspace       used 78620K, committed 79872K, reserved 1179648K
  class space    used 7920K, committed 8512K, reserved 1048576K
}
Event: 736.650 GC heap after
{Heap after GC invocations=452 (full 17):
 PSYoungGen      total 15360K, used 1696K [0x00000000eab00000, 0x00000000ebd00000, 0x0000000100000000)
  eden space 13312K, 0% used [0x00000000eab00000,0x00000000eab00000,0x00000000eb800000)
  from space 2048K, 82% used [0x00000000eb800000,0x00000000eb9a8020,0x00000000eba00000)
  to   space 2560K, 0% used [0x00000000eba80000,0x00000000eba80000,0x00000000ebd00000)
 ParOldGen       total 156160K, used 132069K [0x00000000c0000000, 0x00000000c9880000, 0x00000000eab00000)
  object space 156160K, 84% used [0x00000000c0000000,0x00000000c80f9758,0x00000000c9880000)
 Metaspace       used 78620K, committed 79872K, reserved 1179648K
  class space    used 7920K, committed 8512K, reserved 1048576K
}
Event: 736.756 GC heap before
{Heap before GC invocations=453 (full 17):
 PSYoungGen      total 15360K, used 15008K [0x00000000eab00000, 0x00000000ebd00000, 0x0000000100000000)
  eden space 13312K, 100% used [0x00000000eab00000,0x00000000eb800000,0x00000000eb800000)
  from space 2048K, 82% used [0x00000000eb800000,0x00000000eb9a8020,0x00000000eba00000)
  to   space 2560K, 0% used [0x00000000eba80000,0x00000000eba80000,0x00000000ebd00000)
 ParOldGen       total 156160K, used 132069K [0x00000000c0000000, 0x00000000c9880000, 0x00000000eab00000)
  object space 156160K, 84% used [0x00000000c0000000,0x00000000c80f9758,0x00000000c9880000)
 Metaspace       used 78652K, committed 79872K, reserved 1179648K
  class space    used 7920K, committed 8512K, reserved 1048576K
}
Event: 736.762 GC heap after
{Heap after GC invocations=453 (full 17):
 PSYoungGen      total 12800K, used 2528K [0x00000000eab00000, 0x00000000ec300000, 0x0000000100000000)
  eden space 10240K, 0% used [0x00000000eab00000,0x00000000eab00000,0x00000000eb500000)
  from space 2560K, 98% used [0x00000000eba80000,0x00000000ebcf82c0,0x00000000ebd00000)
  to   space 5632K, 0% used [0x00000000eb500000,0x00000000eb500000,0x00000000eba80000)
 ParOldGen       total 156160K, used 134186K [0x00000000c0000000, 0x00000000c9880000, 0x00000000eab00000)
  object space 156160K, 85% used [0x00000000c0000000,0x00000000c830a918,0x00000000c9880000)
 Metaspace       used 78652K, committed 79872K, reserved 1179648K
  class space    used 7920K, committed 8512K, reserved 1048576K
}
Event: 736.809 GC heap before
{Heap before GC invocations=454 (full 17):
 PSYoungGen      total 12800K, used 12768K [0x00000000eab00000, 0x00000000ec300000, 0x0000000100000000)
  eden space 10240K, 100% used [0x00000000eab00000,0x00000000eb500000,0x00000000eb500000)
  from space 2560K, 98% used [0x00000000eba80000,0x00000000ebcf82c0,0x00000000ebd00000)
  to   space 5632K, 0% used [0x00000000eb500000,0x00000000eb500000,0x00000000eba80000)
 ParOldGen       total 156160K, used 134186K [0x00000000c0000000, 0x00000000c9880000, 0x00000000eab00000)
  object space 156160K, 85% used [0x00000000c0000000,0x00000000c830a918,0x00000000c9880000)
 Metaspace       used 78664K, committed 79872K, reserved 1179648K
  class space    used 7920K, committed 8512K, reserved 1048576K
}
Event: 736.812 GC heap after
{Heap after GC invocations=454 (full 17):
 PSYoungGen      total 10752K, used 96K [0x00000000eab00000, 0x00000000ebb00000, 0x0000000100000000)
  eden space 10240K, 0% used [0x00000000eab00000,0x00000000eab00000,0x00000000eb500000)
  from space 512K, 18% used [0x00000000eb500000,0x00000000eb518000,0x00000000eb580000)
  to   space 2048K, 0% used [0x00000000eb900000,0x00000000eb900000,0x00000000ebb00000)
 ParOldGen       total 156160K, used 136707K [0x00000000c0000000, 0x00000000c9880000, 0x00000000eab00000)
  object space 156160K, 87% used [0x00000000c0000000,0x00000000c8580d40,0x00000000c9880000)
 Metaspace       used 78664K, committed 79872K, reserved 1179648K
  class space    used 7920K, committed 8512K, reserved 1048576K
}
Event: 1014.026 GC heap before
{Heap before GC invocations=455 (full 17):
 PSYoungGen      total 10752K, used 10335K [0x00000000eab00000, 0x00000000ebb00000, 0x0000000100000000)
  eden space 10240K, 99% used [0x00000000eab00000,0x00000000eb4ffff8,0x00000000eb500000)
  from space 512K, 18% used [0x00000000eb500000,0x00000000eb518000,0x00000000eb580000)
  to   space 2048K, 0% used [0x00000000eb900000,0x00000000eb900000,0x00000000ebb00000)
 ParOldGen       total 156160K, used 136707K [0x00000000c0000000, 0x00000000c9880000, 0x00000000eab00000)
  object space 156160K, 87% used [0x00000000c0000000,0x00000000c8580d40,0x00000000c9880000)
 Metaspace       used 78734K, committed 80000K, reserved 1179648K
  class space    used 7923K, committed 8512K, reserved 1048576K
}
Event: 1014.029 GC heap after
{Heap after GC invocations=455 (full 17):
 PSYoungGen      total 10752K, used 192K [0x00000000eab00000, 0x00000000eb980000, 0x0000000100000000)
  eden space 10240K, 0% used [0x00000000eab00000,0x00000000eab00000,0x00000000eb500000)
  from space 512K, 37% used [0x00000000eb900000,0x00000000eb930000,0x00000000eb980000)
  to   space 512K, 0% used [0x00000000eb500000,0x00000000eb500000,0x00000000eb580000)
 ParOldGen       total 156160K, used 136707K [0x00000000c0000000, 0x00000000c9880000, 0x00000000eab00000)
  object space 156160K, 87% used [0x00000000c0000000,0x00000000c8580d40,0x00000000c9880000)
 Metaspace       used 78734K, committed 80000K, reserved 1179648K
  class space    used 7923K, committed 8512K, reserved 1048576K
}

Dll operation events (10 events):
Event: 0.044 Loaded shared library c:\Users\HP\.vscode\extensions\redhat.java-1.20.0-win32-x64\jre\17.0.7-win32-x86_64\bin\java.dll
Event: 0.222 Loaded shared library c:\Users\HP\.vscode\extensions\redhat.java-1.20.0-win32-x64\jre\17.0.7-win32-x86_64\bin\zip.dll
Event: 0.225 Loaded shared library C:\Users\HP\.vscode\extensions\redhat.java-1.20.0-win32-x64\jre\17.0.7-win32-x86_64\bin\instrument.dll
Event: 0.236 Loaded shared library C:\Users\HP\.vscode\extensions\redhat.java-1.20.0-win32-x64\jre\17.0.7-win32-x86_64\bin\net.dll
Event: 0.238 Loaded shared library C:\Users\HP\.vscode\extensions\redhat.java-1.20.0-win32-x64\jre\17.0.7-win32-x86_64\bin\nio.dll
Event: 0.245 Loaded shared library C:\Users\HP\.vscode\extensions\redhat.java-1.20.0-win32-x64\jre\17.0.7-win32-x86_64\bin\zip.dll
Event: 0.260 Loaded shared library C:\Users\HP\.vscode\extensions\redhat.java-1.20.0-win32-x64\jre\17.0.7-win32-x86_64\bin\jimage.dll
Event: 0.317 Loaded shared library c:\Users\HP\.vscode\extensions\redhat.java-1.20.0-win32-x64\jre\17.0.7-win32-x86_64\bin\verify.dll
Event: 1.554 Loaded shared library C:\Users\HP\AppData\Roaming\Code\User\globalStorage\redhat.java\1.20.0\config_win\org.eclipse.equinox.launcher\org.eclipse.equinox.launcher.win32.win32.x86_64_1.2.700.v20221108-1024\eclipse_11801.dll
Event: 6.348 Loaded shared library C:\Users\HP\AppData\Local\Temp\jna-2312\jna13482061833325936326.dll

Deoptimization events (20 events):
Event: 736.765 Thread 0x00000134fc2d1fa0 Uncommon trap: trap_request=0xffffffbe fr.pc=0x0000013488766398 relative=0x0000000000000118
Event: 736.765 Thread 0x00000134fc2d1fa0 Uncommon trap: reason=profile_predicate action=maybe_recompile pc=0x0000013488766398 method=org.eclipse.jdt.core.compiler.CharOperation.splitAndTrimOn(C[C)[[C @ 175 c2
Event: 736.765 Thread 0x00000134fc2d1fa0 DEOPT PACKING pc=0x0000013488766398 sp=0x000000137b3fe0d0
Event: 736.765 Thread 0x00000134fc2d1fa0 DEOPT UNPACKING pc=0x00000134875866a3 sp=0x000000137b3fe028 mode 2
Event: 736.765 Thread 0x00000134fc2d1fa0 Uncommon trap: trap_request=0xffffffbe fr.pc=0x0000013488766398 relative=0x0000000000000118
Event: 736.765 Thread 0x00000134fc2d1fa0 Uncommon trap: reason=profile_predicate action=maybe_recompile pc=0x0000013488766398 method=org.eclipse.jdt.core.compiler.CharOperation.splitAndTrimOn(C[C)[[C @ 175 c2
Event: 736.765 Thread 0x00000134fc2d1fa0 DEOPT PACKING pc=0x0000013488766398 sp=0x000000137b3fe0c0
Event: 736.765 Thread 0x00000134fc2d1fa0 DEOPT UNPACKING pc=0x00000134875866a3 sp=0x000000137b3fe018 mode 2
Event: 736.765 Thread 0x00000134fc2d1fa0 Uncommon trap: trap_request=0xffffffbe fr.pc=0x0000013488766398 relative=0x0000000000000118
Event: 736.765 Thread 0x00000134fc2d1fa0 Uncommon trap: reason=profile_predicate action=maybe_recompile pc=0x0000013488766398 method=org.eclipse.jdt.core.compiler.CharOperation.splitAndTrimOn(C[C)[[C @ 175 c2
Event: 736.765 Thread 0x00000134fc2d1fa0 DEOPT PACKING pc=0x0000013488766398 sp=0x000000137b3fe0c0
Event: 736.765 Thread 0x00000134fc2d1fa0 DEOPT UNPACKING pc=0x00000134875866a3 sp=0x000000137b3fe018 mode 2
Event: 736.962 Thread 0x00000134fc2d1fa0 Uncommon trap: trap_request=0xffffffde fr.pc=0x0000013487e6276c relative=0x000000000000006c
Event: 736.963 Thread 0x00000134fc2d1fa0 Uncommon trap: reason=class_check action=maybe_recompile pc=0x0000013487e6276c method=java.util.LinkedHashMap.afterNodeInsertion(Z)V @ 15 c2
Event: 736.963 Thread 0x00000134fc2d1fa0 DEOPT PACKING pc=0x0000013487e6276c sp=0x000000137b3fe750
Event: 736.963 Thread 0x00000134fc2d1fa0 DEOPT UNPACKING pc=0x00000134875866a3 sp=0x000000137b3fe6c8 mode 2
Event: 3082.861 Thread 0x000001349bad44b0 Uncommon trap: trap_request=0xffffff45 fr.pc=0x0000013487fd4324 relative=0x0000000000003704
Event: 3082.861 Thread 0x000001349bad44b0 Uncommon trap: reason=unstable_if action=reinterpret pc=0x0000013487fd4324 method=lombok.core.configuration.FileSystemSourceCache.cacheClear()V @ 16 c2
Event: 3082.861 Thread 0x000001349bad44b0 DEOPT PACKING pc=0x0000013487fd4324 sp=0x0000001379ffe1c0
Event: 3082.861 Thread 0x000001349bad44b0 DEOPT UNPACKING pc=0x00000134875866a3 sp=0x0000001379ffe150 mode 2

Classes unloaded (12 events):
Event: 3.134 Thread 0x00000134f611ae80 Unloading class 0x0000000100216400 'java/lang/invoke/LambdaForm$MH+0x0000000100216400'
Event: 3.134 Thread 0x00000134f611ae80 Unloading class 0x0000000100216000 'java/lang/invoke/LambdaForm$MH+0x0000000100216000'
Event: 3.134 Thread 0x00000134f611ae80 Unloading class 0x0000000100215c00 'java/lang/invoke/LambdaForm$MH+0x0000000100215c00'
Event: 3.134 Thread 0x00000134f611ae80 Unloading class 0x0000000100215400 'java/lang/invoke/LambdaForm$MH+0x0000000100215400'
Event: 3.134 Thread 0x00000134f611ae80 Unloading class 0x0000000100215000 'java/lang/invoke/LambdaForm$BMH+0x0000000100215000'
Event: 3.134 Thread 0x00000134f611ae80 Unloading class 0x0000000100214c00 'java/lang/invoke/LambdaForm$DMH+0x0000000100214c00'
Event: 3.134 Thread 0x00000134f611ae80 Unloading class 0x0000000100212000 'java/lang/invoke/LambdaForm$DMH+0x0000000100212000'
Event: 25.894 Thread 0x00000134f611ae80 Unloading class 0x0000000100749c00 'java/lang/invoke/LambdaForm$MH+0x0000000100749c00'
Event: 25.894 Thread 0x00000134f611ae80 Unloading class 0x0000000100749800 'java/lang/invoke/LambdaForm$MH+0x0000000100749800'
Event: 25.894 Thread 0x00000134f611ae80 Unloading class 0x0000000100749400 'java/lang/invoke/LambdaForm$MH+0x0000000100749400'
Event: 25.894 Thread 0x00000134f611ae80 Unloading class 0x0000000100749000 'java/lang/invoke/LambdaForm$MH+0x0000000100749000'
Event: 25.894 Thread 0x00000134f611ae80 Unloading class 0x0000000100748800 'java/lang/invoke/LambdaForm$DMH+0x0000000100748800'

Classes redefined (0 events):
No events

Internal exceptions (20 events):
Event: 49.420 Thread 0x000001349bad4980 Exception <a 'java/io/FileNotFoundException'{0x00000000eacfe6d0}> (0x00000000eacfe6d0) 
thrown [s\src\hotspot\share\prims\jni.cpp, line 516]
Event: 694.972 Thread 0x00000134fc2cfdf0 Exception <a 'java/lang/NoSuchMethodError'{0x00000000eb62c118}: static [J.<clinit>()V> (0x00000000eb62c118) 
thrown [s\src\hotspot\share\prims\jni.cpp, line 1107]
Event: 695.084 Thread 0x00000134fc2cfdf0 Exception <a 'java/lang/NoSuchMethodError'{0x00000000eb739fb0}: 'java.lang.Object java.lang.invoke.DirectMethodHandle$Holder.newInvokeSpecial(java.lang.Object, java.lang.Object, java.lang.Object, java.lang.Object, java.lang.Object, java.lang.Object, java.lang.Object, java.lang.Object)'> (0x00000000eb739fb0) 
thrown [s\src\hotspot\share\interpreter\linkResolver.cpp, line 759]
Event: 695.085 Thread 0x00000134fc2cfdf0 Exception <a 'java/lang/NoSuchMethodError'{0x00000000eb73f7a0}: 'java.lang.Object java.lang.invoke.Invokers$Holder.linkToTargetMethod(java.lang.Object, java.lang.Object, java.lang.Object, java.lang.Object, java.lang.Object, java.lang.Object, java.lang.Object, java.lang.Object)'> (0x00000000eb73f7a0) 
thrown [s\src\hotspot\share\interpreter\linkResolver.cpp, line 759]
Event: 706.616 Thread 0x000001349bad4980 Exception <a 'java/lang/NoSuchMethodError'{0x00000000ead26c10}: 'java.lang.Object java.lang.invoke.DirectMethodHandle$Holder.invokeVirtual(java.lang.Object, java.lang.Object, java.lang.Object, java.lang.Object)'> (0x00000000ead26c10) 
thrown [s\src\hotspot\share\interpreter\linkResolver.cpp, line 759]
Event: 708.668 Thread 0x000001349bad27d0 Exception <a 'java/lang/NoSuchMethodError'{0x00000000eb107e28}: 'java.lang.Object java.lang.invoke.DirectMethodHandle$Holder.invokeStatic(java.lang.Object, long, java.lang.Object, java.lang.Object)'> (0x00000000eb107e28) 
thrown [s\src\hotspot\share\interpreter\linkResolver.cpp, line 759]
Event: 708.670 Thread 0x000001349bad27d0 Exception <a 'java/lang/NoSuchMethodError'{0x00000000eb10e9c8}: 'java.lang.Object java.lang.invoke.DirectMethodHandle$Holder.newInvokeSpecial(java.lang.Object, long)'> (0x00000000eb10e9c8) 
thrown [s\src\hotspot\share\interpreter\linkResolver.cpp, line 759]
Event: 711.170 Thread 0x000001349bad27d0 Exception <a 'sun/nio/fs/WindowsException'{0x00000000eaba3970}> (0x00000000eaba3970) 
thrown [s\src\hotspot\share\prims\jni.cpp, line 516]
Event: 711.170 Thread 0x000001349bad27d0 Exception <a 'sun/nio/fs/WindowsException'{0x00000000eaba3c40}> (0x00000000eaba3c40) 
thrown [s\src\hotspot\share\prims\jni.cpp, line 516]
Event: 711.170 Thread 0x000001349bad27d0 Exception <a 'sun/nio/fs/WindowsException'{0x00000000eaba5128}> (0x00000000eaba5128) 
thrown [s\src\hotspot\share\prims\jni.cpp, line 516]
Event: 711.170 Thread 0x000001349bad27d0 Exception <a 'sun/nio/fs/WindowsException'{0x00000000eaba53f0}> (0x00000000eaba53f0) 
thrown [s\src\hotspot\share\prims\jni.cpp, line 516]
Event: 724.387 Thread 0x00000134fc2d1fa0 Implicit null exception at 0x0000013488308d29 to 0x000001348830f014
Event: 724.387 Thread 0x00000134fc2d1fa0 Implicit null exception at 0x0000013488308d29 to 0x000001348830f014
Event: 724.388 Thread 0x00000134fc2d1fa0 Implicit null exception at 0x0000013488308d29 to 0x000001348830f014
Event: 724.388 Thread 0x00000134fc2d1fa0 Implicit null exception at 0x0000013488315d48 to 0x000001348831c57c
Event: 725.572 Thread 0x00000134fc2d1fa0 Implicit null exception at 0x000001348841e928 to 0x000001348841f9dc
Event: 725.611 Thread 0x00000134fc2d1fa0 Implicit null exception at 0x000001348840a86e to 0x000001348840a970
Event: 726.311 Thread 0x00000134fc2d1fa0 Implicit null exception at 0x0000013487f1a6c0 to 0x0000013487f1a750
Event: 733.543 Thread 0x00000134fc2d6ca0 Implicit null exception at 0x00000134884bc664 to 0x00000134884bedec
Event: 734.551 Thread 0x000001349bad2300 Exception <a 'java/lang/NoSuchMethodError'{0x00000000eac1a780}: 'java.lang.Object java.lang.invoke.DirectMethodHandle$Holder.invokeSpecial(java.lang.Object, java.lang.Object, int, long)'> (0x00000000eac1a780) 
thrown [s\src\hotspot\share\interpreter\linkResolver.cpp, line 759]

VM Operations (20 events):
Event: 811.264 Executing VM operation: Cleanup
Event: 811.264 Executing VM operation: Cleanup done
Event: 909.030 Executing VM operation: Cleanup
Event: 909.030 Executing VM operation: Cleanup done
Event: 913.062 Executing VM operation: Cleanup
Event: 913.062 Executing VM operation: Cleanup done
Event: 1013.946 Executing VM operation: Cleanup
Event: 1013.946 Executing VM operation: Cleanup done
Event: 1014.026 Executing VM operation: ParallelGCFailedAllocation
Event: 1014.029 Executing VM operation: ParallelGCFailedAllocation done
Event: 1536.032 Executing VM operation: Cleanup
Event: 1536.032 Executing VM operation: Cleanup done
Event: 1787.769 Executing VM operation: Cleanup
Event: 1787.769 Executing VM operation: Cleanup done
Event: 2279.574 Executing VM operation: Cleanup
Event: 2279.575 Executing VM operation: Cleanup done
Event: 2283.597 Executing VM operation: Cleanup
Event: 2283.598 Executing VM operation: Cleanup done
Event: 2495.765 Executing VM operation: Cleanup
Event: 2495.765 Executing VM operation: Cleanup done

Events (20 events):
Event: 732.007 Thread 0x00000134fb383090 flushing nmethod 0x0000013481b27b90
Event: 732.007 Thread 0x00000134fb383090 flushing nmethod 0x0000013481b89d10
Event: 732.007 Thread 0x00000134fb383090 flushing nmethod 0x0000013481b8e990
Event: 732.008 Thread 0x00000134fb383090 flushing nmethod 0x0000013481c07310
Event: 732.008 Thread 0x00000134fb383090 flushing nmethod 0x0000013481ca5510
Event: 732.008 Thread 0x00000134fb383090 flushing nmethod 0x0000013481cd8a10
Event: 734.596 Thread 0x000001349bad2300 Thread exited: 0x000001349bad2300
Event: 734.694 Thread 0x000001349bad27d0 Thread exited: 0x000001349bad27d0
Event: 736.096 Thread 0x00000134fb383090 flushing nmethod 0x00000134804a0a90
Event: 736.108 Thread 0x00000134fb383090 flushing nmethod 0x00000134813e5890
Event: 736.109 Thread 0x00000134fb383090 flushing nmethod 0x00000134814dc510
Event: 736.115 Thread 0x00000134fb383090 flushing nmethod 0x0000013481bada10
Event: 742.024 Thread 0x000001349958a0d0 Thread exited: 0x000001349958a0d0
Event: 764.694 Thread 0x000001349bad4980 Thread exited: 0x000001349bad4980
Event: 796.969 Thread 0x00000134fc2d1fa0 Thread exited: 0x00000134fc2d1fa0
Event: 856.977 Thread 0x00000134fc2d6ca0 Thread exited: 0x00000134fc2d6ca0
Event: 916.988 Thread 0x00000134fc2d7170 Thread exited: 0x00000134fc2d7170
Event: 3082.856 Thread 0x000001349bad2300 Thread added: 0x000001349bad2300
Event: 3082.858 Thread 0x000001349bad44b0 Thread added: 0x000001349bad44b0
Event: 3082.877 Thread 0x000001348fb17020 Thread added: 0x000001348fb17020


Dynamic libraries:
0x00007ff7b6210000 - 0x00007ff7b621e000 	c:\Users\HP\.vscode\extensions\redhat.java-1.20.0-win32-x64\jre\17.0.7-win32-x86_64\bin\java.exe
0x00007ffe51670000 - 0x00007ffe51868000 	C:\WINDOWS\SYSTEM32\ntdll.dll
0x00007ffe50240000 - 0x00007ffe502ff000 	C:\WINDOWS\System32\KERNEL32.DLL
0x00007ffe4f340000 - 0x00007ffe4f636000 	C:\WINDOWS\System32\KERNELBASE.dll
0x00007ffe4eec0000 - 0x00007ffe4efc0000 	C:\WINDOWS\System32\ucrtbase.dll
0x00007ffe3aa10000 - 0x00007ffe3aa27000 	c:\Users\HP\.vscode\extensions\redhat.java-1.20.0-win32-x64\jre\17.0.7-win32-x86_64\bin\jli.dll
0x00007ffe38310000 - 0x00007ffe38329000 	c:\Users\HP\.vscode\extensions\redhat.java-1.20.0-win32-x64\jre\17.0.7-win32-x86_64\bin\VCRUNTIME140.dll
0x00007ffe4f6d0000 - 0x00007ffe4f86d000 	C:\WINDOWS\System32\USER32.dll
0x00007ffe4f270000 - 0x00007ffe4f292000 	C:\WINDOWS\System32\win32u.dll
0x00007ffe32710000 - 0x00007ffe329aa000 	C:\WINDOWS\WinSxS\amd64_microsoft.windows.common-controls_6595b64144ccf1df_6.0.19041.1110_none_60b5254171f9507e\COMCTL32.dll
0x00007ffe506f0000 - 0x00007ffe5071c000 	C:\WINDOWS\System32\GDI32.dll
0x00007ffe503f0000 - 0x00007ffe5048e000 	C:\WINDOWS\System32\msvcrt.dll
0x00007ffe4efc0000 - 0x00007ffe4f0d5000 	C:\WINDOWS\System32\gdi32full.dll
0x00007ffe4f2a0000 - 0x00007ffe4f33d000 	C:\WINDOWS\System32\msvcp_win.dll
0x00007ffe512e0000 - 0x00007ffe51310000 	C:\WINDOWS\System32\IMM32.DLL
0x00007ffe38300000 - 0x00007ffe3830c000 	c:\Users\HP\.vscode\extensions\redhat.java-1.20.0-win32-x64\jre\17.0.7-win32-x86_64\bin\vcruntime140_1.dll
0x00007ffe2cca0000 - 0x00007ffe2cd31000 	c:\Users\HP\.vscode\extensions\redhat.java-1.20.0-win32-x64\jre\17.0.7-win32-x86_64\bin\msvcp140.dll
0x00007ffdfc910000 - 0x00007ffdfd558000 	c:\Users\HP\.vscode\extensions\redhat.java-1.20.0-win32-x64\jre\17.0.7-win32-x86_64\bin\server\jvm.dll
0x00007ffe4ff90000 - 0x00007ffe5003f000 	C:\WINDOWS\System32\ADVAPI32.dll
0x00007ffe51590000 - 0x00007ffe5162c000 	C:\WINDOWS\System32\sechost.dll
0x00007ffe51340000 - 0x00007ffe51466000 	C:\WINDOWS\System32\RPCRT4.dll
0x00007ffe49cf0000 - 0x00007ffe49cf9000 	C:\WINDOWS\SYSTEM32\WSOCK32.dll
0x00007ffe501d0000 - 0x00007ffe5023b000 	C:\WINDOWS\System32\WS2_32.dll
0x00007ffe492b0000 - 0x00007ffe492ba000 	C:\WINDOWS\SYSTEM32\VERSION.dll
0x00007ffe49d20000 - 0x00007ffe49d47000 	C:\WINDOWS\SYSTEM32\WINMM.dll
0x00007ffe4d830000 - 0x00007ffe4d842000 	C:\WINDOWS\SYSTEM32\kernel.appcore.dll
0x00007ffe382f0000 - 0x00007ffe382fa000 	c:\Users\HP\.vscode\extensions\redhat.java-1.20.0-win32-x64\jre\17.0.7-win32-x86_64\bin\jimage.dll
0x00007ffe4d240000 - 0x00007ffe4d424000 	C:\WINDOWS\SYSTEM32\DBGHELP.DLL
0x00007ffe391c0000 - 0x00007ffe391f4000 	C:\WINDOWS\SYSTEM32\dbgcore.DLL
0x00007ffe4f640000 - 0x00007ffe4f6c2000 	C:\WINDOWS\System32\bcryptPrimitives.dll
0x00007ffe340a0000 - 0x00007ffe340ae000 	c:\Users\HP\.vscode\extensions\redhat.java-1.20.0-win32-x64\jre\17.0.7-win32-x86_64\bin\instrument.dll
0x00007ffe31c00000 - 0x00007ffe31c25000 	c:\Users\HP\.vscode\extensions\redhat.java-1.20.0-win32-x64\jre\17.0.7-win32-x86_64\bin\java.dll
0x00007ffe31be0000 - 0x00007ffe31bf8000 	c:\Users\HP\.vscode\extensions\redhat.java-1.20.0-win32-x64\jre\17.0.7-win32-x86_64\bin\zip.dll
0x00007ffe50b90000 - 0x00007ffe512d4000 	C:\WINDOWS\System32\SHELL32.dll
0x00007ffe4c980000 - 0x00007ffe4d114000 	C:\WINDOWS\SYSTEM32\windows.storage.dll
0x00007ffe4f8f0000 - 0x00007ffe4fc44000 	C:\WINDOWS\System32\combase.dll
0x00007ffe4e5e0000 - 0x00007ffe4e60e000 	C:\WINDOWS\SYSTEM32\Wldp.dll
0x00007ffe50490000 - 0x00007ffe5053d000 	C:\WINDOWS\System32\SHCORE.dll
0x00007ffe50110000 - 0x00007ffe50165000 	C:\WINDOWS\System32\shlwapi.dll
0x00007ffe4ec80000 - 0x00007ffe4eca5000 	C:\WINDOWS\SYSTEM32\profapi.dll
0x00007ffe2d1d0000 - 0x00007ffe2d1e9000 	C:\Users\HP\.vscode\extensions\redhat.java-1.20.0-win32-x64\jre\17.0.7-win32-x86_64\bin\net.dll
0x00007ffe490a0000 - 0x00007ffe491aa000 	C:\WINDOWS\SYSTEM32\WINHTTP.dll
0x00007ffe4e3c0000 - 0x00007ffe4e42a000 	C:\WINDOWS\system32\mswsock.dll
0x00007ffe2d030000 - 0x00007ffe2d045000 	C:\Users\HP\.vscode\extensions\redhat.java-1.20.0-win32-x64\jre\17.0.7-win32-x86_64\bin\nio.dll
0x00007ffe3ca40000 - 0x00007ffe3ca50000 	c:\Users\HP\.vscode\extensions\redhat.java-1.20.0-win32-x64\jre\17.0.7-win32-x86_64\bin\verify.dll
0x00007ffe2d2d0000 - 0x00007ffe2d30e000 	C:\Users\HP\AppData\Roaming\Code\User\globalStorage\redhat.java\1.20.0\config_win\org.eclipse.equinox.launcher\org.eclipse.equinox.launcher.win32.win32.x86_64_1.2.700.v20221108-1024\eclipse_11801.dll
0x00007ffe4fcb0000 - 0x00007ffe4fdda000 	C:\WINDOWS\System32\ole32.dll
0x00007ffe4e620000 - 0x00007ffe4e638000 	C:\WINDOWS\SYSTEM32\CRYPTSP.dll
0x00007ffe4dd00000 - 0x00007ffe4dd34000 	C:\WINDOWS\system32\rsaenh.dll
0x00007ffe4f240000 - 0x00007ffe4f267000 	C:\WINDOWS\System32\bcrypt.dll
0x00007ffe4ec00000 - 0x00007ffe4ec2e000 	C:\WINDOWS\SYSTEM32\USERENV.dll
0x00007ffe4e550000 - 0x00007ffe4e55c000 	C:\WINDOWS\SYSTEM32\CRYPTBASE.dll
0x00007ffe4e0d0000 - 0x00007ffe4e10c000 	C:\WINDOWS\SYSTEM32\IPHLPAPI.DLL
0x00007ffe51330000 - 0x00007ffe51338000 	C:\WINDOWS\System32\NSI.dll
0x00007ffe495b0000 - 0x00007ffe495c7000 	C:\WINDOWS\SYSTEM32\dhcpcsvc6.DLL
0x00007ffe49590000 - 0x00007ffe495ad000 	C:\WINDOWS\SYSTEM32\dhcpcsvc.DLL
0x00007ffe4e160000 - 0x00007ffe4e22a000 	C:\WINDOWS\SYSTEM32\DNSAPI.dll
0x00007ffe2d280000 - 0x00007ffe2d2c5000 	C:\Users\HP\AppData\Local\Temp\jna-2312\jna13482061833325936326.dll
0x00007ffe4ff80000 - 0x00007ffe4ff88000 	C:\WINDOWS\System32\PSAPI.DLL

dbghelp: loaded successfully - version: 4.0.5 - missing functions: none
symbol engine: initialized successfully - sym options: 0x614 - pdb path: .;c:\Users\HP\.vscode\extensions\redhat.java-1.20.0-win32-x64\jre\17.0.7-win32-x86_64\bin;C:\WINDOWS\SYSTEM32;C:\WINDOWS\WinSxS\amd64_microsoft.windows.common-controls_6595b64144ccf1df_6.0.19041.1110_none_60b5254171f9507e;c:\Users\HP\.vscode\extensions\redhat.java-1.20.0-win32-x64\jre\17.0.7-win32-x86_64\bin\server;C:\Users\HP\AppData\Roaming\Code\User\globalStorage\redhat.java\1.20.0\config_win\org.eclipse.equinox.launcher\org.eclipse.equinox.launcher.win32.win32.x86_64_1.2.700.v20221108-1024;C:\Users\HP\AppData\Local\Temp\jna-2312

VM Arguments:
jvm_args: --add-modules=ALL-SYSTEM --add-opens=java.base/java.util=ALL-UNNAMED --add-opens=java.base/java.lang=ALL-UNNAMED --add-opens=java.base/sun.nio.fs=ALL-UNNAMED -Declipse.application=org.eclipse.jdt.ls.core.id1 -Dosgi.bundles.defaultStartLevel=4 -Declipse.product=org.eclipse.jdt.ls.core.product -Djava.import.generatesMetadataFilesAtProjectRoot=false -Dfile.encoding=utf8 -XX:+UseParallelGC -XX:GCTimeRatio=4 -XX:AdaptiveSizePolicyWeight=90 -Dsun.zip.disableMemoryMapping=true -Xmx1G -Xms100m -Xlog:disable -javaagent:c:\Users\HP\.vscode\extensions\redhat.java-1.20.0-win32-x64\lombok\lombok-1.18.28.jar -XX:+HeapDumpOnOutOfMemoryError -XX:HeapDumpPath=c:\Users\HP\AppData\Roaming\Code\User\workspaceStorage\5541fb1794e4195495f0c57edcbd7686\redhat.java -Daether.dependencyCollector.impl=bf 
java_command: c:\Users\HP\.vscode\extensions\redhat.java-1.20.0-win32-x64\server\plugins\org.eclipse.equinox.launcher_1.6.500.v20230622-2056.jar -configuration c:\Users\HP\AppData\Roaming\Code\User\globalStorage\redhat.java\1.20.0\config_win -data c:\Users\HP\AppData\Roaming\Code\User\workspaceStorage\5541fb1794e4195495f0c57edcbd7686\redhat.java\jdt_ws
java_class_path (initial): c:\Users\HP\.vscode\extensions\redhat.java-1.20.0-win32-x64\server\plugins\org.eclipse.equinox.launcher_1.6.500.v20230622-2056.jar
Launcher Type: SUN_STANDARD

[Global flags]
    uintx AdaptiveSizePolicyWeight                 = 90                                        {product} {command line}
     intx CICompilerCount                          = 3                                         {product} {ergonomic}
    uintx GCTimeRatio                              = 4                                         {product} {command line}
     bool HeapDumpOnOutOfMemoryError               = true                                   {manageable} {command line}
    ccstr HeapDumpPath                             = c:\Users\HP\AppData\Roaming\Code\User\workspaceStorage\5541fb1794e4195495f0c57edcbd7686\redhat.java         {manageable} {command line}
   size_t InitialHeapSize                          = 104857600                                 {product} {command line}
   size_t MaxHeapSize                              = 1073741824                                {product} {command line}
   size_t MaxNewSize                               = 357564416                                 {product} {ergonomic}
   size_t MinHeapDeltaBytes                        = 524288                                    {product} {ergonomic}
   size_t MinHeapSize                              = 104857600                                 {product} {command line}
   size_t NewSize                                  = 34603008                                  {product} {ergonomic}
    uintx NonNMethodCodeHeapSize                   = 5832780                                {pd product} {ergonomic}
    uintx NonProfiledCodeHeapSize                  = 122912730                              {pd product} {ergonomic}
   size_t OldSize                                  = 70254592                                  {product} {ergonomic}
    uintx ProfiledCodeHeapSize                     = 122912730                              {pd product} {ergonomic}
    uintx ReservedCodeCacheSize                    = 251658240                              {pd product} {ergonomic}
     bool SegmentedCodeCache                       = true                                      {product} {ergonomic}
   size_t SoftMaxHeapSize                          = 1073741824                             {manageable} {ergonomic}
     bool UseCompressedClassPointers               = true                           {product lp64_product} {ergonomic}
     bool UseCompressedOops                        = true                           {product lp64_product} {ergonomic}
     bool UseLargePagesIndividualAllocation        = false                                  {pd product} {ergonomic}
     bool UseParallelGC                            = true                                      {product} {command line}

Logging:
Log output configuration:
 #0: stdout all=off uptime,level,tags
 #1: stderr all=off uptime,level,tags

Environment Variables:
JAVA_HOME=C:\Program Files\Java\jdk-11.0.9
PATH=C:\Program Files\Python310\Scripts\;C:\Program Files\Python310\;C:\Program Files (x86)\Common Files\Intel\Shared Libraries\redist\intel64\compiler;C:\WINDOWS\system32;C:\WINDOWS;C:\WINDOWS\System32\Wbem;C:\WINDOWS\System32\WindowsPowerShell\v1.0\;C:\WINDOWS\System32\OpenSSH\;C:\wamp64\www\scriptcase\components\php;C:\wamp64\bin\php\php7.4.26;C:\wamp64\bin\php\php7.3.25;C:\wamp64\bin\php\php7.1.29;C:\Program Files\nodejs;C:\Program Files\PuTTY\;C:\ProgramData\ComposerSetup\bin;C:\Program Files\Git\cmd;C:\Program Files (x86)\Yarn\bin\;C:\Program Files\Java\jdk-11.0.9\bin;C:\Users\HP\AppData\Local\Programs\Python\Python37;C:\Users\HP\AppData\Local\Programs\Python\Python37\Scripts;C:\Users\HP\AppData\Local\Android\flutter\bin;C:\Users\HP\AppData\Roaming\Composer\vendor\laravel\installer\bin;C:\Program Files (x86)\Bitvise SSH Client;C:\wamp64\www\apache-maven-3.8.4\bin;C:\Program Files\NetMake\v9-php73\components\php;C:\Program Files\Docker\Docker\resources\bin;C:\Program Files\nodejs\;C:\Program Files\CMake\bin;C:\Program Files\Java\jdk-11.0.19\bin;C:\Users\HP\AppData\Local\Programs\Python\Python310\Scripts\;C:\Users\HP\AppData\Local\Programs\Python\Python310\;C:\Users\HP\AppData\Local\Microsoft\WindowsApps;C:\Users\HP\AppData\Roaming\Composer\vendor\bin;C:\Users\HP\AppData\Local\Yarn\bin;C:\Program Files\heroku\bin;C:\Users\HP\AppData\Local\Programs\Microsoft VS Code\bin;C:\Users\HP\AppData\Local\GitHubDesktop\bin;C:\Users\HP\AppData\Roaming\npm;
USERNAME=HP
OS=Windows_NT
PROCESSOR_IDENTIFIER=Intel64 Family 6 Model 142 Stepping 10, GenuineIntel
TMP=C:\Users\HP\AppData\Local\Temp
TEMP=C:\Users\HP\AppData\Local\Temp



---------------  S Y S T E M  ---------------

OS:
 Windows 10 , 64 bit Build 19041 (10.0.19041.3155)
OS uptime: 0 days 4:58 hours
Hyper-V role detected

CPU: total 4 (initial active 4) (2 cores per cpu, 2 threads per core) family 6 model 142 stepping 10 microcode 0xca, cx8, cmov, fxsr, ht, mmx, 3dnowpref, sse, sse2, sse3, ssse3, sse4.1, sse4.2, popcnt, lzcnt, tsc, tscinvbit, avx, avx2, aes, erms, clmul, bmi1, bmi2, adx, fma, vzeroupper, clflush, clflushopt, hv

Memory: 4k page, system-wide physical 12199M (3341M free)
TotalPageFile size 14247M (AvailPageFile size 4M)
current process WorkingSet (physical memory assigned to process): 368M, peak: 498M
current process commit charge ("private bytes"): 403M, peak: 539M

vm_info: OpenJDK 64-Bit Server VM (17.0.7+7) for windows-amd64 JRE (17.0.7+7), built on Apr 18 2023 22:10:42 by "temurin" with MS VC++ 16.7 (VS2019)

END.
