#
# There is insufficient memory for the Java Runtime Environment to continue.
# Native memory allocation (malloc) failed to allocate 721616 bytes for Chunk::new
# Possible reasons:
#   The system is out of physical RAM or swap space
#   The process is running with CompressedOops enabled, and the Java Heap may be blocking the growth of the native heap
# Possible solutions:
#   Reduce memory load on the system
#   Increase physical memory or swap space
#   Check if swap backing store is full
#   Decrease Java heap size (-Xmx/-Xms)
#   Decrease number of Java threads
#   Decrease Java thread stack sizes (-Xss)
#   Set larger code cache with -XX:ReservedCodeCacheSize=
#   JVM is running with Unscaled Compressed Oops mode in which the Java heap is
#     placed in the first 4GB address space. The Java Heap base address is the
#     maximum limit for the native heap growth. Please use -XX:HeapBaseMinAddress
#     to set the Java Heap base and to place the Java Heap above 4GB virtual address.
# This output file may be truncated or incomplete.
#
#  Out of Memory Error (arena.cpp:189), pid=13976, tid=17612
#
# JRE version: OpenJDK Runtime Environment Temurin-17.0.7+7 (17.0.7+7) (build 17.0.7+7)
# Java VM: OpenJDK 64-Bit Server VM Temurin-17.0.7+7 (17.0.7+7, mixed mode, tiered, compressed oops, compressed class ptrs, parallel gc, windows-amd64)
# No core dump will be written. Minidumps are not enabled by default on client versions of Windows
#

---------------  S U M M A R Y ------------

Command Line: --add-modules=ALL-SYSTEM --add-opens=java.base/java.util=ALL-UNNAMED --add-opens=java.base/java.lang=ALL-UNNAMED --add-opens=java.base/sun.nio.fs=ALL-UNNAMED -Declipse.application=org.eclipse.jdt.ls.core.id1 -Dosgi.bundles.defaultStartLevel=4 -Declipse.product=org.eclipse.jdt.ls.core.product -Djava.import.generatesMetadataFilesAtProjectRoot=false -Dfile.encoding=utf8 -XX:+UseParallelGC -XX:GCTimeRatio=4 -XX:AdaptiveSizePolicyWeight=90 -Dsun.zip.disableMemoryMapping=true -Xmx1G -Xms100m -Xlog:disable -javaagent:c:\Users\HP\.vscode\extensions\redhat.java-1.20.0-win32-x64\lombok\lombok-1.18.28.jar -XX:+HeapDumpOnOutOfMemoryError -XX:HeapDumpPath=c:\Users\HP\AppData\Roaming\Code\User\workspaceStorage\5541fb1794e4195495f0c57edcbd7686\redhat.java -Daether.dependencyCollector.impl=bf c:\Users\HP\.vscode\extensions\redhat.java-1.20.0-win32-x64\server\plugins\org.eclipse.equinox.launcher_1.6.500.v20230622-2056.jar -configuration c:\Users\HP\AppData\Roaming\Code\User\globalStorage\redhat.java\1.20.0\config_win -data c:\Users\HP\AppData\Roaming\Code\User\workspaceStorage\5541fb1794e4195495f0c57edcbd7686\redhat.java\jdt_ws

Host: Intel(R) Core(TM) i3-8130U CPU @ 2.20GHz, 4 cores, 11G,  Windows 10 , 64 bit Build 19041 (10.0.19041.3155)
Time: Mon Jul 24 15:23:41 2023 Afr. centrale Ouest elapsed time: 63.751621 seconds (0d 0h 1m 3s)

---------------  T H R E A D  ---------------

Current thread (0x0000024f1886a9d0):  JavaThread "C2 CompilerThread1" daemon [_thread_in_native, id=17612, stack(0x000000a9d2500000,0x000000a9d2600000)]


Current CompileTask:
C2:  63751 13400   !   4       org.eclipse.jdt.internal.core.builder.ClasspathJar::findClass (121 bytes)

Stack: [0x000000a9d2500000,0x000000a9d2600000]
Native frames: (J=compiled Java code, j=interpreted, Vv=VM code, C=native code)
V  [jvm.dll+0x67754a]
V  [jvm.dll+0x834304]
V  [jvm.dll+0x835aae]
V  [jvm.dll+0x836113]
V  [jvm.dll+0x24696f]
V  [jvm.dll+0xac0ac]
V  [jvm.dll+0xac67c]
V  [jvm.dll+0x2adbef]
V  [jvm.dll+0x580067]
V  [jvm.dll+0x221e72]
V  [jvm.dll+0x22224f]
V  [jvm.dll+0x21b4a5]
V  [jvm.dll+0x21895b]
V  [jvm.dll+0x1a4d8d]
V  [jvm.dll+0x2284da]
V  [jvm.dll+0x226615]
V  [jvm.dll+0x7ea90b]
V  [jvm.dll+0x7e4e7a]
V  [jvm.dll+0x676395]
C  [ucrtbase.dll+0x21bb2]
C  [KERNEL32.DLL+0x17614]
C  [ntdll.dll+0x526b1]


---------------  P R O C E S S  ---------------

Threads class SMR info:
_java_thread_list=0x0000024f1962d860, length=37, elements={
0x0000024f7d162500, 0x0000024f7af1c730, 0x0000024f7ff81de0, 0x0000024f7ffa8290,
0x0000024f7ffa9010, 0x0000024f7ffa9d90, 0x0000024f7ffaba60, 0x0000024f7ffac700,
0x0000024f16172440, 0x0000024f161730f0, 0x0000024f7fe70da0, 0x0000024f1641f910,
0x0000024f16ef9cf0, 0x0000024f16f60ab0, 0x0000024f16f9cc20, 0x0000024f16fb3960,
0x0000024f16477030, 0x0000024f162b4d50, 0x0000024f168b5930, 0x0000024f168b3780,
0x0000024f168b3c50, 0x0000024f168b6c70, 0x0000024f168b45f0, 0x0000024f168b5460,
0x0000024f168b5e00, 0x0000024f168b4f90, 0x0000024f192b7440, 0x0000024f192b2740,
0x0000024f192b0590, 0x0000024f192b5760, 0x0000024f192b48f0, 0x0000024f192b3f50,
0x0000024f192b4420, 0x0000024f192b1400, 0x0000024f192b7910, 0x0000024f1886a9d0,
0x0000024f23fc4ae0
}

Java Threads: ( => current thread )
  0x0000024f7d162500 JavaThread "main" [_thread_blocked, id=5380, stack(0x000000a9cfe00000,0x000000a9cff00000)]
  0x0000024f7af1c730 JavaThread "Reference Handler" daemon [_thread_blocked, id=14952, stack(0x000000a9d0100000,0x000000a9d0200000)]
  0x0000024f7ff81de0 JavaThread "Finalizer" daemon [_thread_blocked, id=1544, stack(0x000000a9d0200000,0x000000a9d0300000)]
  0x0000024f7ffa8290 JavaThread "Signal Dispatcher" daemon [_thread_blocked, id=20180, stack(0x000000a9d0300000,0x000000a9d0400000)]
  0x0000024f7ffa9010 JavaThread "Attach Listener" daemon [_thread_blocked, id=7252, stack(0x000000a9d0400000,0x000000a9d0500000)]
  0x0000024f7ffa9d90 JavaThread "Service Thread" daemon [_thread_blocked, id=19572, stack(0x000000a9d0500000,0x000000a9d0600000)]
  0x0000024f7ffaba60 JavaThread "Monitor Deflation Thread" daemon [_thread_blocked, id=11156, stack(0x000000a9d0600000,0x000000a9d0700000)]
  0x0000024f7ffac700 JavaThread "C2 CompilerThread0" daemon [_thread_in_native, id=15844, stack(0x000000a9d0700000,0x000000a9d0800000)]
  0x0000024f16172440 JavaThread "C1 CompilerThread0" daemon [_thread_blocked, id=18132, stack(0x000000a9d0800000,0x000000a9d0900000)]
  0x0000024f161730f0 JavaThread "Sweeper thread" daemon [_thread_blocked, id=16372, stack(0x000000a9d0900000,0x000000a9d0a00000)]
  0x0000024f7fe70da0 JavaThread "Common-Cleaner" daemon [_thread_blocked, id=12412, stack(0x000000a9d0a00000,0x000000a9d0b00000)]
  0x0000024f1641f910 JavaThread "Notification Thread" daemon [_thread_blocked, id=19884, stack(0x000000a9d0b00000,0x000000a9d0c00000)]
  0x0000024f16ef9cf0 JavaThread "Active Thread: Equinox Container: ca99519f-77a5-4521-aafb-caf743fa4811" [_thread_blocked, id=9476, stack(0x000000a9d1100000,0x000000a9d1200000)]
  0x0000024f16f60ab0 JavaThread "Framework Event Dispatcher: Equinox Container: ca99519f-77a5-4521-aafb-caf743fa4811" daemon [_thread_blocked, id=4040, stack(0x000000a9d1000000,0x000000a9d1100000)]
  0x0000024f16f9cc20 JavaThread "Start Level: Equinox Container: ca99519f-77a5-4521-aafb-caf743fa4811" daemon [_thread_blocked, id=2792, stack(0x000000a9d1200000,0x000000a9d1300000)]
  0x0000024f16fb3960 JavaThread "SCR Component Actor" daemon [_thread_blocked, id=15176, stack(0x000000a9d1300000,0x000000a9d1400000)]
  0x0000024f16477030 JavaThread "Worker-JM" [_thread_blocked, id=8588, stack(0x000000a9d1500000,0x000000a9d1600000)]
  0x0000024f162b4d50 JavaThread "Worker-0" [_thread_blocked, id=19960, stack(0x000000a9d1700000,0x000000a9d1800000)]
  0x0000024f168b5930 JavaThread "Worker-1" [_thread_blocked, id=11384, stack(0x000000a9d1600000,0x000000a9d1700000)]
  0x0000024f168b3780 JavaThread "Worker-2" [_thread_blocked, id=11820, stack(0x000000a9d1800000,0x000000a9d1900000)]
  0x0000024f168b3c50 JavaThread "Java indexing" daemon [_thread_blocked, id=18980, stack(0x000000a9d1a00000,0x000000a9d1b00000)]
  0x0000024f168b6c70 JavaThread "JNA Cleaner" daemon [_thread_blocked, id=16040, stack(0x000000a9d1400000,0x000000a9d1500000)]
  0x0000024f168b45f0 JavaThread "pool-2-thread-1" [_thread_blocked, id=19284, stack(0x000000a9d1d00000,0x000000a9d1e00000)]
  0x0000024f168b5460 JavaThread "WorkspaceEventsHandler" [_thread_blocked, id=15136, stack(0x000000a9d1e00000,0x000000a9d1f00000)]
  0x0000024f168b5e00 JavaThread "pool-1-thread-1" [_thread_in_native, id=16984, stack(0x000000a9d1f00000,0x000000a9d2000000)]
  0x0000024f168b4f90 JavaThread "Worker-3" [_thread_blocked, id=428, stack(0x000000a9d2000000,0x000000a9d2100000)]
  0x0000024f192b7440 JavaThread "Worker-4" [_thread_blocked, id=10400, stack(0x000000a9d1c00000,0x000000a9d1d00000)]
  0x0000024f192b2740 JavaThread "Worker-5: Initialize workspace" [_thread_blocked, id=18904, stack(0x000000a9d2100000,0x000000a9d2200000)]
  0x0000024f192b0590 JavaThread "Worker-6" [_thread_blocked, id=12844, stack(0x000000a9d2200000,0x000000a9d2300000)]
  0x0000024f192b5760 JavaThread "Worker-7" [_thread_blocked, id=20292, stack(0x000000a9d2300000,0x000000a9d2400000)]
  0x0000024f192b48f0 JavaThread "Worker-8" [_thread_blocked, id=17944, stack(0x000000a9d2400000,0x000000a9d2500000)]
  0x0000024f192b3f50 JavaThread "ForkJoinPool.commonPool-worker-1" daemon [_thread_blocked, id=12084, stack(0x000000a9d2600000,0x000000a9d2700000)]
  0x0000024f192b4420 JavaThread "ForkJoinPool.commonPool-worker-2" daemon [_thread_blocked, id=13472, stack(0x000000a9d2700000,0x000000a9d2800000)]
  0x0000024f192b1400 JavaThread "ForkJoinPool.commonPool-worker-3" daemon [_thread_blocked, id=7372, stack(0x000000a9d2800000,0x000000a9d2900000)]
  0x0000024f192b7910 JavaThread "Bundle File Closer" daemon [_thread_blocked, id=12020, stack(0x000000a9d2900000,0x000000a9d2a00000)]
=>0x0000024f1886a9d0 JavaThread "C2 CompilerThread1" daemon [_thread_in_native, id=17612, stack(0x000000a9d2500000,0x000000a9d2600000)]
  0x0000024f23fc4ae0 JavaThread "Compiler Processing Task" daemon [_thread_in_native, id=6608, stack(0x000000a9cfc00000,0x000000a9cfd00000)]

Other Threads:
  0x0000024f7ff67b20 VMThread "VM Thread" [stack: 0x000000a9d0000000,0x000000a9d0100000] [id=9816]
  0x0000024f1641fde0 WatcherThread [stack: 0x000000a9d0c00000,0x000000a9d0d00000] [id=12032]
  0x0000024f7d178920 GCTaskThread "GC Thread#0" [stack: 0x000000a9cff00000,0x000000a9d0000000] [id=2200]
  0x0000024f16c0be30 GCTaskThread "GC Thread#1" [stack: 0x000000a9d0d00000,0x000000a9d0e00000] [id=12756]
  0x0000024f165544d0 GCTaskThread "GC Thread#2" [stack: 0x000000a9d0e00000,0x000000a9d0f00000] [id=17128]
  0x0000024f16554780 GCTaskThread "GC Thread#3" [stack: 0x000000a9d0f00000,0x000000a9d1000000] [id=12376]

Threads with active compile tasks:
C2 CompilerThread0    63874 13412       4       org.eclipse.jdt.internal.compiler.lookup.LookupEnvironment::getTypeFromTypeSignature (770 bytes)
C2 CompilerThread1    63874 13400   !   4       org.eclipse.jdt.internal.core.builder.ClasspathJar::findClass (121 bytes)

VM state: not at safepoint (normal execution)

VM Mutex/Monitor currently owned by a thread: None

Heap address: 0x00000000c0000000, size: 1024 MB, Compressed Oops mode: 32-bit

CDS archive(s) not mapped
Compressed class space mapped at: 0x0000000100000000-0x0000000140000000, reserved size: 1073741824
Narrow klass base: 0x0000000000000000, Narrow klass shift: 3, Narrow klass range: 0x140000000

GC Precious Log:
 CPUs: 4 total, 4 available
 Memory: 12199M
 Large Page Support: Disabled
 NUMA Support: Disabled
 Compressed Oops: Enabled (32-bit)
 Alignments: Space 512K, Generation 512K, Heap 2M
 Heap Min Capacity: 100M
 Heap Initial Capacity: 100M
 Heap Max Capacity: 1G
 Pre-touch: Disabled
 Parallel Workers: 4

Heap:
 PSYoungGen      total 2048K, used 1430K [0x00000000eab00000, 0x00000000eb100000, 0x0000000100000000)
  eden space 1024K, 42% used [0x00000000eab00000,0x00000000eab6cab8,0x00000000eac00000)
  from space 1024K, 97% used [0x00000000eb000000,0x00000000eb0f8f30,0x00000000eb100000)
  to   space 2048K, 0% used [0x00000000ead00000,0x00000000ead00000,0x00000000eaf00000)
 ParOldGen       total 153088K, used 128758K [0x00000000c0000000, 0x00000000c9580000, 0x00000000eab00000)
  object space 153088K, 84% used [0x00000000c0000000,0x00000000c7dbd900,0x00000000c9580000)
 Metaspace       used 72471K, committed 73664K, reserved 1179648K
  class space    used 7322K, committed 7808K, reserved 1048576K

Card table byte_map: [0x0000024f7cb10000,0x0000024f7cd20000] _byte_map_base: 0x0000024f7c510000

Marking Bits: (ParMarkBitMap*) 0x00007ffe8a5452c0
 Begin Bits: [0x0000024f0f000000, 0x0000024f10000000)
 End Bits:   [0x0000024f10000000, 0x0000024f11000000)

Polling page: 0x0000024f7aed0000

Metaspace:

Usage:
  Non-class:     63.62 MB used.
      Class:      7.15 MB used.
       Both:     70.77 MB used.

Virtual space:
  Non-class space:      128.00 MB reserved,      64.31 MB ( 50%) committed,  2 nodes.
      Class space:        1.00 GB reserved,       7.62 MB ( <1%) committed,  1 nodes.
             Both:        1.12 GB reserved,      71.94 MB (  6%) committed. 

Chunk freelists:
   Non-Class:  15.41 MB
       Class:  8.35 MB
        Both:  23.76 MB

MaxMetaspaceSize: unlimited
CompressedClassSpaceSize: 1.00 GB
Initial GC threshold: 21.00 MB
Current GC threshold: 119.06 MB
CDS: off
MetaspaceReclaimPolicy: balanced
 - commit_granule_bytes: 65536.
 - commit_granule_words: 8192.
 - virtual_space_node_default_size: 8388608.
 - enlarge_chunks_in_place: 1.
 - new_chunks_are_fully_committed: 0.
 - uncommit_free_chunks: 1.
 - use_allocation_guard: 0.
 - handle_deallocations: 1.


Internal statistics:

num_allocs_failed_limit: 9.
num_arena_births: 760.
num_arena_deaths: 22.
num_vsnodes_births: 3.
num_vsnodes_deaths: 0.
num_space_committed: 1151.
num_space_uncommitted: 0.
num_chunks_returned_to_freelist: 33.
num_chunks_taken_from_freelist: 3925.
num_chunk_merges: 13.
num_chunk_splits: 2320.
num_chunks_enlarged: 1207.
num_inconsistent_stats: 0.

CodeHeap 'non-profiled nmethods': size=120000Kb used=8533Kb max_used=8533Kb free=111466Kb
 bounds [0x0000024f07ad0000, 0x0000024f08330000, 0x0000024f0f000000]
CodeHeap 'profiled nmethods': size=120000Kb used=25088Kb max_used=25088Kb free=94911Kb
 bounds [0x0000024f00000000, 0x0000024f01890000, 0x0000024f07530000]
CodeHeap 'non-nmethods': size=5760Kb used=1356Kb max_used=1548Kb free=4403Kb
 bounds [0x0000024f07530000, 0x0000024f077a0000, 0x0000024f07ad0000]
 total_blobs=11130 nmethods=10429 adapters=612
 compilation: enabled
              stopped_count=0, restarted_count=0
 full_count=0

Compilation events (20 events):
Event: 62.401 Thread 0x0000024f16172440 13403   !   3       org.eclipse.jdt.internal.core.builder.ClasspathDirectory::findClass (143 bytes)
Event: 62.402 Thread 0x0000024f16172440 nmethod 13403 0x0000024f00f76210 code [0x0000024f00f764a0, 0x0000024f00f77138]
Event: 62.475 Thread 0x0000024f16172440 13408       3       org.eclipse.jdt.internal.compiler.ast.Annotation::getTargetElementType (278 bytes)
Event: 62.476 Thread 0x0000024f16172440 nmethod 13408 0x0000024f00f74a10 code [0x0000024f00f74d40, 0x0000024f00f75dd8]
Event: 62.515 Thread 0x0000024f16172440 13409   !   3       org.eclipse.jdt.internal.core.builder.ClasspathDirectory::directoryList (193 bytes)
Event: 62.517 Thread 0x0000024f16172440 nmethod 13409 0x0000024f010b6910 code [0x0000024f010b6bc0, 0x0000024f010b7d98]
Event: 62.635 Thread 0x0000024f1886a9d0 nmethod 13389 0x0000024f082e2c90 code [0x0000024f082e35e0, 0x0000024f082eab98]
Event: 62.636 Thread 0x0000024f1886a9d0 13401 %     4       org.eclipse.jdt.internal.core.builder.ClasspathDirectory::doesFileExist @ 22 (46 bytes)
Event: 62.640 Thread 0x0000024f1886a9d0 nmethod 13401% 0x0000024f082f1010 code [0x0000024f082f11a0, 0x0000024f082f1418]
Event: 62.640 Thread 0x0000024f1886a9d0 13404   !   4       org.eclipse.jdt.internal.compiler.classfmt.ClassFileReader::<init> (2113 bytes)
Event: 63.009 Thread 0x0000024f7ffac700 nmethod 13399 0x0000024f082f1510 code [0x0000024f082f1ee0, 0x0000024f082fc390]
Event: 63.010 Thread 0x0000024f7ffac700 13402       4       org.eclipse.jdt.internal.core.builder.ClasspathJar::isPackage (53 bytes)
Event: 63.190 Thread 0x0000024f16172440 13410       3       org.eclipse.jdt.internal.compiler.lookup.BinaryTypeBinding::createMethod (1719 bytes)
Event: 63.203 Thread 0x0000024f16172440 nmethod 13410 0x0000024f01880510 code [0x0000024f01880e40, 0x0000024f018886e8]
Event: 63.407 Thread 0x0000024f1886a9d0 nmethod 13404 0x0000024f08303090 code [0x0000024f083036e0, 0x0000024f0830d1e8]
Event: 63.407 Thread 0x0000024f1886a9d0 13413       4       org.eclipse.jdt.internal.core.builder.ClasspathDirectory::doesFileExist (46 bytes)
Event: 63.550 Thread 0x0000024f1886a9d0 nmethod 13413 0x0000024f08310a10 code [0x0000024f08310da0, 0x0000024f08313298]
Event: 63.551 Thread 0x0000024f1886a9d0 13400   !   4       org.eclipse.jdt.internal.core.builder.ClasspathJar::findClass (121 bytes)
Event: 63.572 Thread 0x0000024f7ffac700 nmethod 13402 0x0000024f08314b90 code [0x0000024f083154c0, 0x0000024f0831e9f8]
Event: 63.576 Thread 0x0000024f7ffac700 13412       4       org.eclipse.jdt.internal.compiler.lookup.LookupEnvironment::getTypeFromTypeSignature (770 bytes)

GC Heap History (20 events):
Event: 61.928 GC heap before
{Heap before GC invocations=226 (full 8):
 PSYoungGen      total 8192K, used 8095K [0x00000000eab00000, 0x00000000eb600000, 0x0000000100000000)
  eden space 5120K, 99% used [0x00000000eab00000,0x00000000eaffee50,0x00000000eb000000)
  from space 3072K, 96% used [0x00000000eb300000,0x00000000eb5e8e78,0x00000000eb600000)
  to   space 3072K, 0% used [0x00000000eb000000,0x00000000eb000000,0x00000000eb300000)
 ParOldGen       total 153088K, used 118017K [0x00000000c0000000, 0x00000000c9580000, 0x00000000eab00000)
  object space 153088K, 77% used [0x00000000c0000000,0x00000000c73405d8,0x00000000c9580000)
 Metaspace       used 72467K, committed 73664K, reserved 1179648K
  class space    used 7322K, committed 7808K, reserved 1048576K
}
Event: 61.933 GC heap after
{Heap after GC invocations=226 (full 8):
 PSYoungGen      total 8192K, used 3063K [0x00000000eab00000, 0x00000000eb800000, 0x0000000100000000)
  eden space 5120K, 0% used [0x00000000eab00000,0x00000000eab00000,0x00000000eb000000)
  from space 3072K, 99% used [0x00000000eb000000,0x00000000eb2fdea8,0x00000000eb300000)
  to   space 4096K, 0% used [0x00000000eb400000,0x00000000eb400000,0x00000000eb800000)
 ParOldGen       total 153088K, used 118739K [0x00000000c0000000, 0x00000000c9580000, 0x00000000eab00000)
  object space 153088K, 77% used [0x00000000c0000000,0x00000000c73f4d68,0x00000000c9580000)
 Metaspace       used 72467K, committed 73664K, reserved 1179648K
  class space    used 7322K, committed 7808K, reserved 1048576K
}
Event: 61.992 GC heap before
{Heap before GC invocations=227 (full 8):
 PSYoungGen      total 8192K, used 8155K [0x00000000eab00000, 0x00000000eb800000, 0x0000000100000000)
  eden space 5120K, 99% used [0x00000000eab00000,0x00000000eaff9088,0x00000000eb000000)
  from space 3072K, 99% used [0x00000000eb000000,0x00000000eb2fdea8,0x00000000eb300000)
  to   space 4096K, 0% used [0x00000000eb400000,0x00000000eb400000,0x00000000eb800000)
 ParOldGen       total 153088K, used 118739K [0x00000000c0000000, 0x00000000c9580000, 0x00000000eab00000)
  object space 153088K, 77% used [0x00000000c0000000,0x00000000c73f4d68,0x00000000c9580000)
 Metaspace       used 72469K, committed 73664K, reserved 1179648K
  class space    used 7322K, committed 7808K, reserved 1048576K
}
Event: 61.997 GC heap after
{Heap after GC invocations=227 (full 8):
 PSYoungGen      total 5632K, used 4082K [0x00000000eab00000, 0x00000000ebf00000, 0x0000000100000000)
  eden space 1536K, 0% used [0x00000000eab00000,0x00000000eab00000,0x00000000eac80000)
  from space 4096K, 99% used [0x00000000eb400000,0x00000000eb7fca98,0x00000000eb800000)
  to   space 7680K, 0% used [0x00000000eac80000,0x00000000eac80000,0x00000000eb400000)
 ParOldGen       total 153088K, used 121463K [0x00000000c0000000, 0x00000000c9580000, 0x00000000eab00000)
  object space 153088K, 79% used [0x00000000c0000000,0x00000000c769dfe0,0x00000000c9580000)
 Metaspace       used 72469K, committed 73664K, reserved 1179648K
  class space    used 7322K, committed 7808K, reserved 1048576K
}
Event: 62.007 GC heap before
{Heap before GC invocations=228 (full 8):
 PSYoungGen      total 5632K, used 5559K [0x00000000eab00000, 0x00000000ebf00000, 0x0000000100000000)
  eden space 1536K, 96% used [0x00000000eab00000,0x00000000eac71458,0x00000000eac80000)
  from space 4096K, 99% used [0x00000000eb400000,0x00000000eb7fca98,0x00000000eb800000)
  to   space 7680K, 0% used [0x00000000eac80000,0x00000000eac80000,0x00000000eb400000)
 ParOldGen       total 153088K, used 121463K [0x00000000c0000000, 0x00000000c9580000, 0x00000000eab00000)
  object space 153088K, 79% used [0x00000000c0000000,0x00000000c769dfe0,0x00000000c9580000)
 Metaspace       used 72470K, committed 73664K, reserved 1179648K
  class space    used 7322K, committed 7808K, reserved 1048576K
}
Event: 62.009 GC heap after
{Heap after GC invocations=228 (full 8):
 PSYoungGen      total 7168K, used 5307K [0x00000000eab00000, 0x00000000eb880000, 0x0000000100000000)
  eden space 1536K, 0% used [0x00000000eab00000,0x00000000eab00000,0x00000000eac80000)
  from space 5632K, 94% used [0x00000000eac80000,0x00000000eb1aec08,0x00000000eb200000)
  to   space 6144K, 0% used [0x00000000eb280000,0x00000000eb280000,0x00000000eb880000)
 ParOldGen       total 153088K, used 121783K [0x00000000c0000000, 0x00000000c9580000, 0x00000000eab00000)
  object space 153088K, 79% used [0x00000000c0000000,0x00000000c76edfe0,0x00000000c9580000)
 Metaspace       used 72470K, committed 73664K, reserved 1179648K
  class space    used 7322K, committed 7808K, reserved 1048576K
}
Event: 62.036 GC heap before
{Heap before GC invocations=229 (full 8):
 PSYoungGen      total 7168K, used 6803K [0x00000000eab00000, 0x00000000eb880000, 0x0000000100000000)
  eden space 1536K, 97% used [0x00000000eab00000,0x00000000eac760a0,0x00000000eac80000)
  from space 5632K, 94% used [0x00000000eac80000,0x00000000eb1aec08,0x00000000eb200000)
  to   space 6144K, 0% used [0x00000000eb280000,0x00000000eb280000,0x00000000eb880000)
 ParOldGen       total 153088K, used 121783K [0x00000000c0000000, 0x00000000c9580000, 0x00000000eab00000)
  object space 153088K, 79% used [0x00000000c0000000,0x00000000c76edfe0,0x00000000c9580000)
 Metaspace       used 72470K, committed 73664K, reserved 1179648K
  class space    used 7322K, committed 7808K, reserved 1048576K
}
Event: 62.039 GC heap after
{Heap after GC invocations=229 (full 8):
 PSYoungGen      total 7168K, used 6140K [0x00000000eab00000, 0x00000000eb980000, 0x0000000100000000)
  eden space 1024K, 0% used [0x00000000eab00000,0x00000000eab00000,0x00000000eac00000)
  from space 6144K, 99% used [0x00000000eb280000,0x00000000eb87f2c0,0x00000000eb880000)
  to   space 6656K, 0% used [0x00000000eac00000,0x00000000eac00000,0x00000000eb280000)
 ParOldGen       total 153088K, used 122007K [0x00000000c0000000, 0x00000000c9580000, 0x00000000eab00000)
  object space 153088K, 79% used [0x00000000c0000000,0x00000000c7725fe0,0x00000000c9580000)
 Metaspace       used 72470K, committed 73664K, reserved 1179648K
  class space    used 7322K, committed 7808K, reserved 1048576K
}
Event: 62.048 GC heap before
{Heap before GC invocations=230 (full 8):
 PSYoungGen      total 7168K, used 7162K [0x00000000eab00000, 0x00000000eb980000, 0x0000000100000000)
  eden space 1024K, 99% used [0x00000000eab00000,0x00000000eabff738,0x00000000eac00000)
  from space 6144K, 99% used [0x00000000eb280000,0x00000000eb87f2c0,0x00000000eb880000)
  to   space 6656K, 0% used [0x00000000eac00000,0x00000000eac00000,0x00000000eb280000)
 ParOldGen       total 153088K, used 122007K [0x00000000c0000000, 0x00000000c9580000, 0x00000000eab00000)
  object space 153088K, 79% used [0x00000000c0000000,0x00000000c7725fe0,0x00000000c9580000)
 Metaspace       used 72470K, committed 73664K, reserved 1179648K
  class space    used 7322K, committed 7808K, reserved 1048576K
}
Event: 62.050 GC heap after
{Heap after GC invocations=230 (full 8):
 PSYoungGen      total 7680K, used 6472K [0x00000000eab00000, 0x00000000eb900000, 0x0000000100000000)
  eden space 1024K, 0% used [0x00000000eab00000,0x00000000eab00000,0x00000000eac00000)
  from space 6656K, 97% used [0x00000000eac00000,0x00000000eb2523f8,0x00000000eb280000)
  to   space 6656K, 0% used [0x00000000eb280000,0x00000000eb280000,0x00000000eb900000)
 ParOldGen       total 153088K, used 122511K [0x00000000c0000000, 0x00000000c9580000, 0x00000000eab00000)
  object space 153088K, 80% used [0x00000000c0000000,0x00000000c77a3ff0,0x00000000c9580000)
 Metaspace       used 72470K, committed 73664K, reserved 1179648K
  class space    used 7322K, committed 7808K, reserved 1048576K
}
Event: 62.088 GC heap before
{Heap before GC invocations=231 (full 8):
 PSYoungGen      total 7680K, used 7496K [0x00000000eab00000, 0x00000000eb900000, 0x0000000100000000)
  eden space 1024K, 100% used [0x00000000eab00000,0x00000000eac00000,0x00000000eac00000)
  from space 6656K, 97% used [0x00000000eac00000,0x00000000eb2523f8,0x00000000eb280000)
  to   space 6656K, 0% used [0x00000000eb280000,0x00000000eb280000,0x00000000eb900000)
 ParOldGen       total 153088K, used 122511K [0x00000000c0000000, 0x00000000c9580000, 0x00000000eab00000)
  object space 153088K, 80% used [0x00000000c0000000,0x00000000c77a3ff0,0x00000000c9580000)
 Metaspace       used 72470K, committed 73664K, reserved 1179648K
  class space    used 7322K, committed 7808K, reserved 1048576K
}
Event: 62.090 GC heap after
{Heap after GC invocations=231 (full 8):
 PSYoungGen      total 5120K, used 3733K [0x00000000eab00000, 0x00000000eb680000, 0x0000000100000000)
  eden space 1024K, 0% used [0x00000000eab00000,0x00000000eab00000,0x00000000eac00000)
  from space 4096K, 91% used [0x00000000eb280000,0x00000000eb6256c0,0x00000000eb680000)
  to   space 5120K, 0% used [0x00000000eac80000,0x00000000eac80000,0x00000000eb180000)
 ParOldGen       total 153088K, used 125549K [0x00000000c0000000, 0x00000000c9580000, 0x00000000eab00000)
  object space 153088K, 82% used [0x00000000c0000000,0x00000000c7a9b630,0x00000000c9580000)
 Metaspace       used 72470K, committed 73664K, reserved 1179648K
  class space    used 7322K, committed 7808K, reserved 1048576K
}
Event: 62.419 GC heap before
{Heap before GC invocations=232 (full 8):
 PSYoungGen      total 5120K, used 4757K [0x00000000eab00000, 0x00000000eb680000, 0x0000000100000000)
  eden space 1024K, 100% used [0x00000000eab00000,0x00000000eac00000,0x00000000eac00000)
  from space 4096K, 91% used [0x00000000eb280000,0x00000000eb6256c0,0x00000000eb680000)
  to   space 5120K, 0% used [0x00000000eac80000,0x00000000eac80000,0x00000000eb180000)
 ParOldGen       total 153088K, used 125549K [0x00000000c0000000, 0x00000000c9580000, 0x00000000eab00000)
  object space 153088K, 82% used [0x00000000c0000000,0x00000000c7a9b630,0x00000000c9580000)
 Metaspace       used 72470K, committed 73664K, reserved 1179648K
  class space    used 7322K, committed 7808K, reserved 1048576K
}
Event: 62.421 GC heap after
{Heap after GC invocations=232 (full 8):
 PSYoungGen      total 2560K, used 1348K [0x00000000eab00000, 0x00000000eb300000, 0x0000000100000000)
  eden space 1024K, 0% used [0x00000000eab00000,0x00000000eab00000,0x00000000eac00000)
  from space 1536K, 87% used [0x00000000eac80000,0x00000000eadd1118,0x00000000eae00000)
  to   space 2560K, 0% used [0x00000000eb080000,0x00000000eb080000,0x00000000eb300000)
 ParOldGen       total 153088K, used 128108K [0x00000000c0000000, 0x00000000c9580000, 0x00000000eab00000)
  object space 153088K, 83% used [0x00000000c0000000,0x00000000c7d1b268,0x00000000c9580000)
 Metaspace       used 72470K, committed 73664K, reserved 1179648K
  class space    used 7322K, committed 7808K, reserved 1048576K
}
Event: 62.499 GC heap before
{Heap before GC invocations=233 (full 8):
 PSYoungGen      total 2560K, used 2371K [0x00000000eab00000, 0x00000000eb300000, 0x0000000100000000)
  eden space 1024K, 99% used [0x00000000eab00000,0x00000000eabffbb0,0x00000000eac00000)
  from space 1536K, 87% used [0x00000000eac80000,0x00000000eadd1118,0x00000000eae00000)
  to   space 2560K, 0% used [0x00000000eb080000,0x00000000eb080000,0x00000000eb300000)
 ParOldGen       total 153088K, used 128108K [0x00000000c0000000, 0x00000000c9580000, 0x00000000eab00000)
  object space 153088K, 83% used [0x00000000c0000000,0x00000000c7d1b268,0x00000000c9580000)
 Metaspace       used 72470K, committed 73664K, reserved 1179648K
  class space    used 7322K, committed 7808K, reserved 1048576K
}
Event: 62.501 GC heap after
{Heap after GC invocations=233 (full 8):
 PSYoungGen      total 2560K, used 1490K [0x00000000eab00000, 0x00000000eb200000, 0x0000000100000000)
  eden space 1024K, 0% used [0x00000000eab00000,0x00000000eab00000,0x00000000eac00000)
  from space 1536K, 97% used [0x00000000eb080000,0x00000000eb1f4888,0x00000000eb200000)
  to   space 2048K, 0% used [0x00000000eae00000,0x00000000eae00000,0x00000000eb000000)
 ParOldGen       total 153088K, used 128108K [0x00000000c0000000, 0x00000000c9580000, 0x00000000eab00000)
  object space 153088K, 83% used [0x00000000c0000000,0x00000000c7d1b268,0x00000000c9580000)
 Metaspace       used 72470K, committed 73664K, reserved 1179648K
  class space    used 7322K, committed 7808K, reserved 1048576K
}
Event: 62.936 GC heap before
{Heap before GC invocations=234 (full 8):
 PSYoungGen      total 2560K, used 2514K [0x00000000eab00000, 0x00000000eb200000, 0x0000000100000000)
  eden space 1024K, 100% used [0x00000000eab00000,0x00000000eac00000,0x00000000eac00000)
  from space 1536K, 97% used [0x00000000eb080000,0x00000000eb1f4888,0x00000000eb200000)
  to   space 2048K, 0% used [0x00000000eae00000,0x00000000eae00000,0x00000000eb000000)
 ParOldGen       total 153088K, used 128108K [0x00000000c0000000, 0x00000000c9580000, 0x00000000eab00000)
  object space 153088K, 83% used [0x00000000c0000000,0x00000000c7d1b268,0x00000000c9580000)
 Metaspace       used 72471K, committed 73664K, reserved 1179648K
  class space    used 7322K, committed 7808K, reserved 1048576K
}
Event: 62.938 GC heap after
{Heap after GC invocations=234 (full 8):
 PSYoungGen      total 3072K, used 1572K [0x00000000eab00000, 0x00000000eb100000, 0x0000000100000000)
  eden space 1024K, 0% used [0x00000000eab00000,0x00000000eab00000,0x00000000eac00000)
  from space 2048K, 76% used [0x00000000eae00000,0x00000000eaf89108,0x00000000eb000000)
  to   space 1024K, 0% used [0x00000000eb000000,0x00000000eb000000,0x00000000eb100000)
 ParOldGen       total 153088K, used 128108K [0x00000000c0000000, 0x00000000c9580000, 0x00000000eab00000)
  object space 153088K, 83% used [0x00000000c0000000,0x00000000c7d1b268,0x00000000c9580000)
 Metaspace       used 72471K, committed 73664K, reserved 1179648K
  class space    used 7322K, committed 7808K, reserved 1048576K
}
Event: 63.607 GC heap before
{Heap before GC invocations=235 (full 8):
 PSYoungGen      total 3072K, used 2596K [0x00000000eab00000, 0x00000000eb100000, 0x0000000100000000)
  eden space 1024K, 100% used [0x00000000eab00000,0x00000000eac00000,0x00000000eac00000)
  from space 2048K, 76% used [0x00000000eae00000,0x00000000eaf89108,0x00000000eb000000)
  to   space 1024K, 0% used [0x00000000eb000000,0x00000000eb000000,0x00000000eb100000)
 ParOldGen       total 153088K, used 128108K [0x00000000c0000000, 0x00000000c9580000, 0x00000000eab00000)
  object space 153088K, 83% used [0x00000000c0000000,0x00000000c7d1b268,0x00000000c9580000)
 Metaspace       used 72471K, committed 73664K, reserved 1179648K
  class space    used 7322K, committed 7808K, reserved 1048576K
}
Event: 63.609 GC heap after
{Heap after GC invocations=235 (full 8):
 PSYoungGen      total 2048K, used 995K [0x00000000eab00000, 0x00000000eb100000, 0x0000000100000000)
  eden space 1024K, 0% used [0x00000000eab00000,0x00000000eab00000,0x00000000eac00000)
  from space 1024K, 97% used [0x00000000eb000000,0x00000000eb0f8f30,0x00000000eb100000)
  to   space 2048K, 0% used [0x00000000ead00000,0x00000000ead00000,0x00000000eaf00000)
 ParOldGen       total 153088K, used 128758K [0x00000000c0000000, 0x00000000c9580000, 0x00000000eab00000)
  object space 153088K, 84% used [0x00000000c0000000,0x00000000c7dbd900,0x00000000c9580000)
 Metaspace       used 72471K, committed 73664K, reserved 1179648K
  class space    used 7322K, committed 7808K, reserved 1048576K
}

Dll operation events (10 events):
Event: 0.015 Loaded shared library c:\Users\HP\.vscode\extensions\redhat.java-1.20.0-win32-x64\jre\17.0.7-win32-x86_64\bin\java.dll
Event: 0.713 Loaded shared library c:\Users\HP\.vscode\extensions\redhat.java-1.20.0-win32-x64\jre\17.0.7-win32-x86_64\bin\zip.dll
Event: 0.717 Loaded shared library C:\Users\HP\.vscode\extensions\redhat.java-1.20.0-win32-x64\jre\17.0.7-win32-x86_64\bin\instrument.dll
Event: 0.737 Loaded shared library C:\Users\HP\.vscode\extensions\redhat.java-1.20.0-win32-x64\jre\17.0.7-win32-x86_64\bin\net.dll
Event: 0.742 Loaded shared library C:\Users\HP\.vscode\extensions\redhat.java-1.20.0-win32-x64\jre\17.0.7-win32-x86_64\bin\nio.dll
Event: 0.777 Loaded shared library C:\Users\HP\.vscode\extensions\redhat.java-1.20.0-win32-x64\jre\17.0.7-win32-x86_64\bin\zip.dll
Event: 0.814 Loaded shared library C:\Users\HP\.vscode\extensions\redhat.java-1.20.0-win32-x64\jre\17.0.7-win32-x86_64\bin\jimage.dll
Event: 0.917 Loaded shared library c:\Users\HP\.vscode\extensions\redhat.java-1.20.0-win32-x64\jre\17.0.7-win32-x86_64\bin\verify.dll
Event: 4.786 Loaded shared library C:\Users\HP\AppData\Roaming\Code\User\globalStorage\redhat.java\1.20.0\config_win\org.eclipse.equinox.launcher\org.eclipse.equinox.launcher.win32.win32.x86_64_1.2.700.v20221108-1024\eclipse_11801.dll
Event: 13.962 Loaded shared library C:\Users\HP\AppData\Local\Temp\jna-2312\jna10587200526689554768.dll

Deoptimization events (20 events):
Event: 62.057 Thread 0x0000024f192b3f50 DEOPT PACKING pc=0x0000024f0813a680 sp=0x000000a9d26fd9e0
Event: 62.057 Thread 0x0000024f192b3f50 DEOPT UNPACKING pc=0x0000024f075866a3 sp=0x000000a9d26fd9d0 mode 2
Event: 62.057 Thread 0x0000024f192b3f50 Uncommon trap: trap_request=0xffffffc6 fr.pc=0x0000024f0813a680 relative=0x0000000000001560
Event: 62.057 Thread 0x0000024f192b3f50 Uncommon trap: reason=bimorphic_or_optimized_type_check action=maybe_recompile pc=0x0000024f0813a680 method=org.eclipse.jdt.internal.core.builder.ClasspathLocation.getModulesDeclaringPackage(Ljava/lang/String;Ljava/lang/String;)[[C @ 4 c2
Event: 62.057 Thread 0x0000024f192b3f50 DEOPT PACKING pc=0x0000024f0813a680 sp=0x000000a9d26fd9e0
Event: 62.057 Thread 0x0000024f192b3f50 DEOPT UNPACKING pc=0x0000024f075866a3 sp=0x000000a9d26fd9d0 mode 2
Event: 62.058 Thread 0x0000024f192b3f50 Uncommon trap: trap_request=0xffffffde fr.pc=0x0000024f07d7c4d4 relative=0x0000000000000554
Event: 62.058 Thread 0x0000024f192b3f50 Uncommon trap: reason=class_check action=maybe_recompile pc=0x0000024f07d7c4d4 method=org.eclipse.jdt.internal.compiler.lookup.ClassScope.buildFields()V @ 59 c2
Event: 62.058 Thread 0x0000024f192b3f50 DEOPT PACKING pc=0x0000024f07d7c4d4 sp=0x000000a9d26fdcf0
Event: 62.058 Thread 0x0000024f192b3f50 DEOPT UNPACKING pc=0x0000024f075866a3 sp=0x000000a9d26fdc60 mode 2
Event: 62.094 Thread 0x0000024f192b3f50 Uncommon trap: trap_request=0xffffff45 fr.pc=0x0000024f07d3d388 relative=0x0000000000000068
Event: 62.095 Thread 0x0000024f192b3f50 Uncommon trap: reason=unstable_if action=reinterpret pc=0x0000024f07d3d388 method=org.eclipse.jdt.internal.core.builder.ClasspathDirectory.findClass(Ljava/lang/String;Ljava/lang/String;Ljava/lang/String;Ljava/lang/String;ZLjava/util/function/Predicate;)Lo
Event: 62.095 Thread 0x0000024f192b3f50 DEOPT PACKING pc=0x0000024f07d3d388 sp=0x000000a9d26fcfe0
Event: 62.095 Thread 0x0000024f192b3f50 DEOPT UNPACKING pc=0x0000024f075866a3 sp=0x000000a9d26fcf30 mode 2
Event: 62.401 Thread 0x0000024f192b3f50 DEOPT PACKING pc=0x0000024f00d193f5 sp=0x000000a9d26fd260
Event: 62.401 Thread 0x0000024f192b3f50 DEOPT UNPACKING pc=0x0000024f07586e43 sp=0x000000a9d26fc788 mode 0
Event: 63.084 Thread 0x0000024f23fc4ae0 Uncommon trap: trap_request=0xffffff45 fr.pc=0x0000024f082c116c relative=0x000000000000c9ec
Event: 63.084 Thread 0x0000024f23fc4ae0 Uncommon trap: reason=unstable_if action=reinterpret pc=0x0000024f082c116c method=org.eclipse.jdt.internal.compiler.classfmt.MethodInfo.decodeLocalVariableAttribute(II)V @ 14 c2
Event: 63.084 Thread 0x0000024f23fc4ae0 DEOPT PACKING pc=0x0000024f082c116c sp=0x000000a9cfcfe4a0
Event: 63.084 Thread 0x0000024f23fc4ae0 DEOPT UNPACKING pc=0x0000024f075866a3 sp=0x000000a9cfcfe260 mode 2

Classes unloaded (11 events):
Event: 7.000 Thread 0x0000024f7ff67b20 Unloading class 0x000000010021c400 'java/lang/invoke/LambdaForm$MH+0x000000010021c400'
Event: 7.000 Thread 0x0000024f7ff67b20 Unloading class 0x000000010021c000 'java/lang/invoke/LambdaForm$MH+0x000000010021c000'
Event: 7.000 Thread 0x0000024f7ff67b20 Unloading class 0x000000010021bc00 'java/lang/invoke/LambdaForm$MH+0x000000010021bc00'
Event: 7.000 Thread 0x0000024f7ff67b20 Unloading class 0x000000010021b800 'java/lang/invoke/LambdaForm$MH+0x000000010021b800'
Event: 7.000 Thread 0x0000024f7ff67b20 Unloading class 0x000000010021b000 'java/lang/invoke/LambdaForm$BMH+0x000000010021b000'
Event: 7.000 Thread 0x0000024f7ff67b20 Unloading class 0x000000010021ac00 'java/lang/invoke/LambdaForm$DMH+0x000000010021ac00'
Event: 7.000 Thread 0x0000024f7ff67b20 Unloading class 0x0000000100218000 'java/lang/invoke/LambdaForm$DMH+0x0000000100218000'
Event: 39.622 Thread 0x0000024f7ff67b20 Unloading class 0x000000010070c400 'java/lang/invoke/LambdaForm$DMH+0x000000010070c400'
Event: 39.622 Thread 0x0000024f7ff67b20 Unloading class 0x000000010070c000 'java/lang/invoke/LambdaForm$DMH+0x000000010070c000'
Event: 39.622 Thread 0x0000024f7ff67b20 Unloading class 0x00000001006dc800 'java/lang/invoke/LambdaForm$DMH+0x00000001006dc800'
Event: 39.622 Thread 0x0000024f7ff67b20 Unloading class 0x00000001006dc400 'java/lang/invoke/LambdaForm$DMH+0x00000001006dc400'

Classes redefined (0 events):
No events

Internal exceptions (20 events):
Event: 61.553 Thread 0x0000024f192b3f50 Exception <a 'sun/nio/fs/WindowsException'{0x00000000eae2b738}> (0x00000000eae2b738) 
thrown [s\src\hotspot\share\prims\jni.cpp, line 516]
Event: 61.562 Thread 0x0000024f192b3f50 Exception <a 'sun/nio/fs/WindowsException'{0x00000000eae7ac90}> (0x00000000eae7ac90) 
thrown [s\src\hotspot\share\prims\jni.cpp, line 516]
Event: 61.577 Thread 0x0000024f192b3f50 Exception <a 'sun/nio/fs/WindowsException'{0x00000000eaeca118}> (0x00000000eaeca118) 
thrown [s\src\hotspot\share\prims\jni.cpp, line 516]
Event: 61.601 Thread 0x0000024f192b3f50 Exception <a 'sun/nio/fs/WindowsException'{0x00000000eaf03cd8}> (0x00000000eaf03cd8) 
thrown [s\src\hotspot\share\prims\jni.cpp, line 516]
Event: 61.611 Thread 0x0000024f192b3f50 Exception <a 'sun/nio/fs/WindowsException'{0x00000000eaf54f90}> (0x00000000eaf54f90) 
thrown [s\src\hotspot\share\prims\jni.cpp, line 516]
Event: 61.683 Thread 0x0000024f192b3f50 Exception <a 'sun/nio/fs/WindowsException'{0x00000000eab39f40}> (0x00000000eab39f40) 
thrown [s\src\hotspot\share\prims\jni.cpp, line 516]
Event: 61.689 Thread 0x0000024f192b3f50 Exception <a 'sun/nio/fs/WindowsException'{0x00000000eabbc908}> (0x00000000eabbc908) 
thrown [s\src\hotspot\share\prims\jni.cpp, line 516]
Event: 61.754 Thread 0x0000024f192b3f50 Exception <a 'sun/nio/fs/WindowsException'{0x00000000eac50408}> (0x00000000eac50408) 
thrown [s\src\hotspot\share\prims\jni.cpp, line 516]
Event: 61.760 Thread 0x0000024f192b3f50 Exception <a 'sun/nio/fs/WindowsException'{0x00000000eacb3510}> (0x00000000eacb3510) 
thrown [s\src\hotspot\share\prims\jni.cpp, line 516]
Event: 61.841 Thread 0x0000024f192b3f50 Exception <a 'sun/nio/fs/WindowsException'{0x00000000eae7eba8}> (0x00000000eae7eba8) 
thrown [s\src\hotspot\share\prims\jni.cpp, line 516]
Event: 61.859 Thread 0x0000024f192b3f50 Exception <a 'sun/nio/fs/WindowsException'{0x00000000eaf59c78}> (0x00000000eaf59c78) 
thrown [s\src\hotspot\share\prims\jni.cpp, line 516]
Event: 61.860 Thread 0x0000024f192b3f50 Exception <a 'sun/nio/fs/WindowsException'{0x00000000eaf5a678}> (0x00000000eaf5a678) 
thrown [s\src\hotspot\share\prims\jni.cpp, line 516]
Event: 61.860 Thread 0x0000024f192b3f50 Exception <a 'sun/nio/fs/WindowsException'{0x00000000eaf5b2f8}> (0x00000000eaf5b2f8) 
thrown [s\src\hotspot\share\prims\jni.cpp, line 516]
Event: 61.892 Thread 0x0000024f192b3f50 Exception <a 'sun/nio/fs/WindowsException'{0x00000000eaf61e68}> (0x00000000eaf61e68) 
thrown [s\src\hotspot\share\prims\jni.cpp, line 516]
Event: 61.900 Thread 0x0000024f192b3f50 Exception <a 'sun/nio/fs/WindowsException'{0x00000000eaf664d8}> (0x00000000eaf664d8) 
thrown [s\src\hotspot\share\prims\jni.cpp, line 516]
Event: 61.903 Thread 0x0000024f192b3f50 Exception <a 'sun/nio/fs/WindowsException'{0x00000000eaf6b438}> (0x00000000eaf6b438) 
thrown [s\src\hotspot\share\prims\jni.cpp, line 516]
Event: 61.904 Thread 0x0000024f192b3f50 Exception <a 'sun/nio/fs/WindowsException'{0x00000000eaf710b8}> (0x00000000eaf710b8) 
thrown [s\src\hotspot\share\prims\jni.cpp, line 516]
Event: 61.911 Thread 0x0000024f192b3f50 Implicit null exception at 0x0000024f0813ca62 to 0x0000024f0813d4d0
Event: 61.911 Thread 0x0000024f192b3f50 Implicit null exception at 0x0000024f0813e14f to 0x0000024f0813ea2c
Event: 61.912 Thread 0x0000024f192b3f50 Implicit null exception at 0x0000024f08135ae4 to 0x0000024f081362cc

VM Operations (20 events):
Event: 61.928 Executing VM operation: ParallelGCFailedAllocation
Event: 61.933 Executing VM operation: ParallelGCFailedAllocation done
Event: 61.992 Executing VM operation: ParallelGCFailedAllocation
Event: 61.997 Executing VM operation: ParallelGCFailedAllocation done
Event: 62.006 Executing VM operation: ParallelGCFailedAllocation
Event: 62.009 Executing VM operation: ParallelGCFailedAllocation done
Event: 62.036 Executing VM operation: ParallelGCFailedAllocation
Event: 62.040 Executing VM operation: ParallelGCFailedAllocation done
Event: 62.048 Executing VM operation: ParallelGCFailedAllocation
Event: 62.051 Executing VM operation: ParallelGCFailedAllocation done
Event: 62.088 Executing VM operation: ParallelGCFailedAllocation
Event: 62.090 Executing VM operation: ParallelGCFailedAllocation done
Event: 62.418 Executing VM operation: ParallelGCFailedAllocation
Event: 62.421 Executing VM operation: ParallelGCFailedAllocation done
Event: 62.499 Executing VM operation: ParallelGCFailedAllocation
Event: 62.501 Executing VM operation: ParallelGCFailedAllocation done
Event: 62.936 Executing VM operation: ParallelGCFailedAllocation
Event: 62.938 Executing VM operation: ParallelGCFailedAllocation done
Event: 63.607 Executing VM operation: ParallelGCFailedAllocation
Event: 63.609 Executing VM operation: ParallelGCFailedAllocation done

Events (20 events):
Event: 58.963 Thread 0x0000024f161730f0 flushing nmethod 0x0000024f01376890
Event: 58.963 Thread 0x0000024f161730f0 flushing nmethod 0x0000024f013d4810
Event: 58.963 Thread 0x0000024f161730f0 flushing nmethod 0x0000024f013e9a10
Event: 58.964 Thread 0x0000024f161730f0 flushing nmethod 0x0000024f0149fa90
Event: 58.964 Thread 0x0000024f161730f0 flushing nmethod 0x0000024f014ccf10
Event: 58.964 Thread 0x0000024f161730f0 flushing nmethod 0x0000024f014f6d10
Event: 58.964 Thread 0x0000024f161730f0 flushing nmethod 0x0000024f0153c690
Event: 58.964 Thread 0x0000024f161730f0 flushing nmethod 0x0000024f01555610
Event: 58.965 Thread 0x0000024f161730f0 flushing nmethod 0x0000024f01585f10
Event: 58.965 Thread 0x0000024f161730f0 flushing nmethod 0x0000024f01594010
Event: 58.965 Thread 0x0000024f161730f0 flushing nmethod 0x0000024f01596510
Event: 58.965 Thread 0x0000024f161730f0 flushing nmethod 0x0000024f015e0c10
Event: 58.965 Thread 0x0000024f161730f0 flushing nmethod 0x0000024f01642410
Event: 58.965 Thread 0x0000024f161730f0 flushing nmethod 0x0000024f0168c310
Event: 58.966 Thread 0x0000024f161730f0 flushing nmethod 0x0000024f016f4f90
Event: 58.966 Thread 0x0000024f161730f0 flushing nmethod 0x0000024f01729290
Event: 61.839 Thread 0x0000024f192b5c30 Thread exited: 0x0000024f192b5c30
Event: 62.402 loading class jdk/internal/module/IllegalAccessLogger
Event: 62.402 loading class jdk/internal/module/IllegalAccessLogger done
Event: 62.402 Thread 0x0000024f23fc4ae0 Thread added: 0x0000024f23fc4ae0


Dynamic libraries:
0x00007ff6a2400000 - 0x00007ff6a240e000 	c:\Users\HP\.vscode\extensions\redhat.java-1.20.0-win32-x64\jre\17.0.7-win32-x86_64\bin\java.exe
0x00007ffef5730000 - 0x00007ffef5928000 	C:\WINDOWS\SYSTEM32\ntdll.dll
0x00007ffef3af0000 - 0x00007ffef3baf000 	C:\WINDOWS\System32\KERNEL32.DLL
0x00007ffef3190000 - 0x00007ffef3486000 	C:\WINDOWS\System32\KERNELBASE.dll
0x00007ffef3690000 - 0x00007ffef3790000 	C:\WINDOWS\System32\ucrtbase.dll
0x00007ffeee680000 - 0x00007ffeee697000 	c:\Users\HP\.vscode\extensions\redhat.java-1.20.0-win32-x64\jre\17.0.7-win32-x86_64\bin\jli.dll
0x00007ffef4190000 - 0x00007ffef432d000 	C:\WINDOWS\System32\USER32.dll
0x00007ffef30f0000 - 0x00007ffef3112000 	C:\WINDOWS\System32\win32u.dll
0x00007ffef4c70000 - 0x00007ffef4c9c000 	C:\WINDOWS\System32\GDI32.dll
0x00007ffef3520000 - 0x00007ffef3635000 	C:\WINDOWS\System32\gdi32full.dll
0x00007ffef2ef0000 - 0x00007ffef2f8d000 	C:\WINDOWS\System32\msvcp_win.dll
0x00007ffeedea0000 - 0x00007ffeedeb9000 	c:\Users\HP\.vscode\extensions\redhat.java-1.20.0-win32-x64\jre\17.0.7-win32-x86_64\bin\VCRUNTIME140.dll
0x00007ffedc220000 - 0x00007ffedc4ba000 	C:\WINDOWS\WinSxS\amd64_microsoft.windows.common-controls_6595b64144ccf1df_6.0.19041.1110_none_60b5254171f9507e\COMCTL32.dll
0x00007ffef3e00000 - 0x00007ffef3e9e000 	C:\WINDOWS\System32\msvcrt.dll
0x00007ffef4590000 - 0x00007ffef45c0000 	C:\WINDOWS\System32\IMM32.DLL
0x00007ffeede70000 - 0x00007ffeede7c000 	c:\Users\HP\.vscode\extensions\redhat.java-1.20.0-win32-x64\jre\17.0.7-win32-x86_64\bin\vcruntime140_1.dll
0x00007ffec74a0000 - 0x00007ffec7531000 	c:\Users\HP\.vscode\extensions\redhat.java-1.20.0-win32-x64\jre\17.0.7-win32-x86_64\bin\msvcp140.dll
0x00007ffe899c0000 - 0x00007ffe8a608000 	c:\Users\HP\.vscode\extensions\redhat.java-1.20.0-win32-x64\jre\17.0.7-win32-x86_64\bin\server\jvm.dll
0x00007ffef4030000 - 0x00007ffef40df000 	C:\WINDOWS\System32\ADVAPI32.dll
0x00007ffef55a0000 - 0x00007ffef563c000 	C:\WINDOWS\System32\sechost.dll
0x00007ffef3ea0000 - 0x00007ffef3fc6000 	C:\WINDOWS\System32\RPCRT4.dll
0x00007ffeda340000 - 0x00007ffeda349000 	C:\WINDOWS\SYSTEM32\WSOCK32.dll
0x00007ffef5530000 - 0x00007ffef559b000 	C:\WINDOWS\System32\WS2_32.dll
0x00007ffed6b00000 - 0x00007ffed6b27000 	C:\WINDOWS\SYSTEM32\WINMM.dll
0x00007ffeed650000 - 0x00007ffeed65a000 	C:\WINDOWS\SYSTEM32\VERSION.dll
0x00007ffef1600000 - 0x00007ffef1612000 	C:\WINDOWS\SYSTEM32\kernel.appcore.dll
0x00007ffeeaaa0000 - 0x00007ffeeaaaa000 	c:\Users\HP\.vscode\extensions\redhat.java-1.20.0-win32-x64\jre\17.0.7-win32-x86_64\bin\jimage.dll
0x00007ffef0b00000 - 0x00007ffef0ce4000 	C:\WINDOWS\SYSTEM32\DBGHELP.DLL
0x00007ffed53d0000 - 0x00007ffed5404000 	C:\WINDOWS\SYSTEM32\dbgcore.DLL
0x00007ffef3490000 - 0x00007ffef3512000 	C:\WINDOWS\System32\bcryptPrimitives.dll
0x00007ffeeaa90000 - 0x00007ffeeaa9e000 	c:\Users\HP\.vscode\extensions\redhat.java-1.20.0-win32-x64\jre\17.0.7-win32-x86_64\bin\instrument.dll
0x00007ffed8090000 - 0x00007ffed80b5000 	c:\Users\HP\.vscode\extensions\redhat.java-1.20.0-win32-x64\jre\17.0.7-win32-x86_64\bin\java.dll
0x00007ffee1710000 - 0x00007ffee1728000 	c:\Users\HP\.vscode\extensions\redhat.java-1.20.0-win32-x64\jre\17.0.7-win32-x86_64\bin\zip.dll
0x00007ffef4de0000 - 0x00007ffef5524000 	C:\WINDOWS\System32\SHELL32.dll
0x00007ffef0cf0000 - 0x00007ffef1484000 	C:\WINDOWS\SYSTEM32\windows.storage.dll
0x00007ffef3790000 - 0x00007ffef3ae4000 	C:\WINDOWS\System32\combase.dll
0x00007ffef26a0000 - 0x00007ffef26ce000 	C:\WINDOWS\SYSTEM32\Wldp.dll
0x00007ffef5640000 - 0x00007ffef56ed000 	C:\WINDOWS\System32\SHCORE.dll
0x00007ffef45c0000 - 0x00007ffef4615000 	C:\WINDOWS\System32\shlwapi.dll
0x00007ffef2d40000 - 0x00007ffef2d65000 	C:\WINDOWS\SYSTEM32\profapi.dll
0x00007ffeddec0000 - 0x00007ffedded9000 	C:\Users\HP\.vscode\extensions\redhat.java-1.20.0-win32-x64\jre\17.0.7-win32-x86_64\bin\net.dll
0x00007ffeec220000 - 0x00007ffeec32a000 	C:\WINDOWS\SYSTEM32\WINHTTP.dll
0x00007ffef2480000 - 0x00007ffef24ea000 	C:\WINDOWS\system32\mswsock.dll
0x00007ffed8930000 - 0x00007ffed8945000 	C:\Users\HP\.vscode\extensions\redhat.java-1.20.0-win32-x64\jre\17.0.7-win32-x86_64\bin\nio.dll
0x00007ffeeaa60000 - 0x00007ffeeaa70000 	c:\Users\HP\.vscode\extensions\redhat.java-1.20.0-win32-x64\jre\17.0.7-win32-x86_64\bin\verify.dll
0x00007ffeca910000 - 0x00007ffeca94e000 	C:\Users\HP\AppData\Roaming\Code\User\globalStorage\redhat.java\1.20.0\config_win\org.eclipse.equinox.launcher\org.eclipse.equinox.launcher.win32.win32.x86_64_1.2.700.v20221108-1024\eclipse_11801.dll
0x00007ffef4330000 - 0x00007ffef445a000 	C:\WINDOWS\System32\ole32.dll
0x00007ffef26e0000 - 0x00007ffef26f8000 	C:\WINDOWS\SYSTEM32\CRYPTSP.dll
0x00007ffef1dc0000 - 0x00007ffef1df4000 	C:\WINDOWS\system32\rsaenh.dll
0x00007ffef2ec0000 - 0x00007ffef2ee7000 	C:\WINDOWS\System32\bcrypt.dll
0x00007ffef2cc0000 - 0x00007ffef2cee000 	C:\WINDOWS\SYSTEM32\USERENV.dll
0x00007ffef2610000 - 0x00007ffef261c000 	C:\WINDOWS\SYSTEM32\CRYPTBASE.dll
0x00007ffef2190000 - 0x00007ffef21cc000 	C:\WINDOWS\SYSTEM32\IPHLPAPI.DLL
0x00007ffef3c30000 - 0x00007ffef3c38000 	C:\WINDOWS\System32\NSI.dll
0x00007ffeec920000 - 0x00007ffeec937000 	C:\WINDOWS\SYSTEM32\dhcpcsvc6.DLL
0x00007ffeec9d0000 - 0x00007ffeec9ed000 	C:\WINDOWS\SYSTEM32\dhcpcsvc.DLL
0x00007ffef21d0000 - 0x00007ffef229a000 	C:\WINDOWS\SYSTEM32\DNSAPI.dll
0x00007ffebae20000 - 0x00007ffebae65000 	C:\Users\HP\AppData\Local\Temp\jna-2312\jna10587200526689554768.dll
0x00007ffef3df0000 - 0x00007ffef3df8000 	C:\WINDOWS\System32\PSAPI.DLL

dbghelp: loaded successfully - version: 4.0.5 - missing functions: none
symbol engine: initialized successfully - sym options: 0x614 - pdb path: .;c:\Users\HP\.vscode\extensions\redhat.java-1.20.0-win32-x64\jre\17.0.7-win32-x86_64\bin;C:\WINDOWS\SYSTEM32;C:\WINDOWS\WinSxS\amd64_microsoft.windows.common-controls_6595b64144ccf1df_6.0.19041.1110_none_60b5254171f9507e;c:\Users\HP\.vscode\extensions\redhat.java-1.20.0-win32-x64\jre\17.0.7-win32-x86_64\bin\server;C:\Users\HP\AppData\Roaming\Code\User\globalStorage\redhat.java\1.20.0\config_win\org.eclipse.equinox.launcher\org.eclipse.equinox.launcher.win32.win32.x86_64_1.2.700.v20221108-1024;C:\Users\HP\AppData\Local\Temp\jna-2312

VM Arguments:
jvm_args: --add-modules=ALL-SYSTEM --add-opens=java.base/java.util=ALL-UNNAMED --add-opens=java.base/java.lang=ALL-UNNAMED --add-opens=java.base/sun.nio.fs=ALL-UNNAMED -Declipse.application=org.eclipse.jdt.ls.core.id1 -Dosgi.bundles.defaultStartLevel=4 -Declipse.product=org.eclipse.jdt.ls.core.product -Djava.import.generatesMetadataFilesAtProjectRoot=false -Dfile.encoding=utf8 -XX:+UseParallelGC -XX:GCTimeRatio=4 -XX:AdaptiveSizePolicyWeight=90 -Dsun.zip.disableMemoryMapping=true -Xmx1G -Xms100m -Xlog:disable -javaagent:c:\Users\HP\.vscode\extensions\redhat.java-1.20.0-win32-x64\lombok\lombok-1.18.28.jar -XX:+HeapDumpOnOutOfMemoryError -XX:HeapDumpPath=c:\Users\HP\AppData\Roaming\Code\User\workspaceStorage\5541fb1794e4195495f0c57edcbd7686\redhat.java -Daether.dependencyCollector.impl=bf 
java_command: c:\Users\HP\.vscode\extensions\redhat.java-1.20.0-win32-x64\server\plugins\org.eclipse.equinox.launcher_1.6.500.v20230622-2056.jar -configuration c:\Users\HP\AppData\Roaming\Code\User\globalStorage\redhat.java\1.20.0\config_win -data c:\Users\HP\AppData\Roaming\Code\User\workspaceStorage\5541fb1794e4195495f0c57edcbd7686\redhat.java\jdt_ws
java_class_path (initial): c:\Users\HP\.vscode\extensions\redhat.java-1.20.0-win32-x64\server\plugins\org.eclipse.equinox.launcher_1.6.500.v20230622-2056.jar
Launcher Type: SUN_STANDARD

[Global flags]
    uintx AdaptiveSizePolicyWeight                 = 90                                        {product} {command line}
     intx CICompilerCount                          = 3                                         {product} {ergonomic}
    uintx GCTimeRatio                              = 4                                         {product} {command line}
     bool HeapDumpOnOutOfMemoryError               = true                                   {manageable} {command line}
    ccstr HeapDumpPath                             = c:\Users\HP\AppData\Roaming\Code\User\workspaceStorage\5541fb1794e4195495f0c57edcbd7686\redhat.java         {manageable} {command line}
   size_t InitialHeapSize                          = 104857600                                 {product} {command line}
   size_t MaxHeapSize                              = 1073741824                                {product} {command line}
   size_t MaxNewSize                               = 357564416                                 {product} {ergonomic}
   size_t MinHeapDeltaBytes                        = 524288                                    {product} {ergonomic}
   size_t MinHeapSize                              = 104857600                                 {product} {command line}
   size_t NewSize                                  = 34603008                                  {product} {ergonomic}
    uintx NonNMethodCodeHeapSize                   = 5832780                                {pd product} {ergonomic}
    uintx NonProfiledCodeHeapSize                  = 122912730                              {pd product} {ergonomic}
   size_t OldSize                                  = 70254592                                  {product} {ergonomic}
    uintx ProfiledCodeHeapSize                     = 122912730                              {pd product} {ergonomic}
    uintx ReservedCodeCacheSize                    = 251658240                              {pd product} {ergonomic}
     bool SegmentedCodeCache                       = true                                      {product} {ergonomic}
   size_t SoftMaxHeapSize                          = 1073741824                             {manageable} {ergonomic}
     bool UseCompressedClassPointers               = true                           {product lp64_product} {ergonomic}
     bool UseCompressedOops                        = true                           {product lp64_product} {ergonomic}
     bool UseLargePagesIndividualAllocation        = false                                  {pd product} {ergonomic}
     bool UseParallelGC                            = true                                      {product} {command line}

Logging:
Log output configuration:
 #0: stdout all=off uptime,level,tags
 #1: stderr all=off uptime,level,tags

Environment Variables:
JAVA_HOME=C:\Program Files\Java\jdk-11.0.9
PATH=C:\Program Files\Python310\Scripts\;C:\Program Files\Python310\;C:\Program Files (x86)\Common Files\Intel\Shared Libraries\redist\intel64\compiler;C:\WINDOWS\system32;C:\WINDOWS;C:\WINDOWS\System32\Wbem;C:\WINDOWS\System32\WindowsPowerShell\v1.0\;C:\WINDOWS\System32\OpenSSH\;C:\wamp64\www\scriptcase\components\php;C:\wamp64\bin\php\php7.4.26;C:\wamp64\bin\php\php7.3.25;C:\wamp64\bin\php\php7.1.29;C:\Program Files\nodejs;C:\Program Files\PuTTY\;C:\ProgramData\ComposerSetup\bin;C:\Program Files\Git\cmd;C:\Program Files (x86)\Yarn\bin\;C:\Program Files\Java\jdk-11.0.9\bin;C:\Users\HP\AppData\Local\Programs\Python\Python37;C:\Users\HP\AppData\Local\Programs\Python\Python37\Scripts;C:\Users\HP\AppData\Local\Android\flutter\bin;C:\Users\HP\AppData\Roaming\Composer\vendor\laravel\installer\bin;C:\Program Files (x86)\Bitvise SSH Client;C:\wamp64\www\apache-maven-3.8.4\bin;C:\Program Files\NetMake\v9-php73\components\php;C:\Program Files\Docker\Docker\resources\bin;C:\Program Files\nodejs\;C:\Program Files\CMake\bin;C:\Program Files\Java\jdk-11.0.19\bin;C:\Program Files\Tesseract-OCR;C:\Users\HP\AppData\Local\Programs\Python\Python310\Scripts\;C:\Users\HP\AppData\Local\Programs\Python\Python310\;C:\Users\HP\AppData\Local\Microsoft\WindowsApps;C:\Users\HP\AppData\Roaming\Composer\vendor\bin;C:\Users\HP\AppData\Local\Yarn\bin;C:\Program Files\heroku\bin;C:\Users\HP\AppData\Local\Programs\Microsoft VS Code\bin;C:\Users\HP\AppData\Local\GitHubDesktop\bin;C:\Users\HP\AppData\Roaming\npm;
USERNAME=HP
OS=Windows_NT
PROCESSOR_IDENTIFIER=Intel64 Family 6 Model 142 Stepping 10, GenuineIntel
TMP=C:\Users\HP\AppData\Local\Temp
TEMP=C:\Users\HP\AppData\Local\Temp



---------------  S Y S T E M  ---------------

OS:
 Windows 10 , 64 bit Build 19041 (10.0.19041.3155)
OS uptime: 3 days 20:59 hours
Hyper-V role detected

CPU: total 4 (initial active 4) (2 cores per cpu, 2 threads per core) family 6 model 142 stepping 10 microcode 0xca, cx8, cmov, fxsr, ht, mmx, 3dnowpref, sse, sse2, sse3, ssse3, sse4.1, sse4.2, popcnt, lzcnt, tsc, tscinvbit, avx, avx2, aes, erms, clmul, bmi1, bmi2, adx, fma, vzeroupper, clflush, clflushopt, hv

Memory: 4k page, system-wide physical 12199M (4971M free)
TotalPageFile size 14247M (AvailPageFile size 3M)
current process WorkingSet (physical memory assigned to process): 357M, peak: 396M
current process commit charge ("private bytes"): 402M, peak: 443M

vm_info: OpenJDK 64-Bit Server VM (17.0.7+7) for windows-amd64 JRE (17.0.7+7), built on Apr 18 2023 22:10:42 by "temurin" with MS VC++ 16.7 (VS2019)

END.
