#
# There is insufficient memory for the Java Runtime Environment to continue.
# Native memory allocation (malloc) failed to allocate 3064016 bytes for Chunk::new
# Possible reasons:
#   The system is out of physical RAM or swap space
#   The process is running with CompressedOops enabled, and the Java Heap may be blocking the growth of the native heap
# Possible solutions:
#   Reduce memory load on the system
#   Increase physical memory or swap space
#   Check if swap backing store is full
#   Decrease Java heap size (-Xmx/-Xms)
#   Decrease number of Java threads
#   Decrease Java thread stack sizes (-Xss)
#   Set larger code cache with -XX:ReservedCodeCacheSize=
#   JVM is running with Zero Based Compressed Oops mode in which the Java heap is
#     placed in the first 32GB address space. The Java Heap base address is the
#     maximum limit for the native heap growth. Please use -XX:HeapBaseMinAddress
#     to set the Java Heap base and to place the Java Heap above 32GB virtual address.
# This output file may be truncated or incomplete.
#
#  Out of Memory Error (./open/src/hotspot/share/memory/arena.cpp:197), pid=11012, tid=744
#
# JRE version: Java(TM) SE Runtime Environment 18.9 (11.0.9+7) (build 11.0.9+7-LTS)
# Java VM: Java HotSpot(TM) 64-Bit Server VM 18.9 (11.0.9+7-LTS, mixed mode, tiered, compressed oops, g1 gc, windows-amd64)
# No core dump will be written. Minidumps are not enabled by default on client versions of Windows
#

---------------  S U M M A R Y ------------

Command Line: com.ditros.mcd.McdApplication

Host: Intel(R) Core(TM) i3-8130U CPU @ 2.20GHz, 4 cores, 11G,  Windows 10 , 64 bit Build 19041 (10.0.19041.3155)
Time: Mon Jul 24 11:29:09 2023 Afr. centrale Ouest elapsed time: 10.982510 seconds (0d 0h 0m 10s)

---------------  T H R E A D  ---------------

Current thread (0x0000021d38c54800):  JavaThread "C2 CompilerThread1" daemon [_thread_in_native, id=744, stack(0x0000009b4cd00000,0x0000009b4ce00000)]


Current CompileTask:
C2:  10982 5605   !   4       java.lang.reflect.Field::declaredAnnotations (82 bytes)

Stack: [0x0000009b4cd00000,0x0000009b4ce00000]
Native frames: (J=compiled Java code, j=interpreted, Vv=VM code, C=native code)
V  [jvm.dll+0x611a3a]
V  [jvm.dll+0x748aaf]
V  [jvm.dll+0x74a135]
V  [jvm.dll+0x74a7b3]
V  [jvm.dll+0x2439f8]
V  [jvm.dll+0xba2bc]
V  [jvm.dll+0xba9bc]
V  [jvm.dll+0x3454e7]
V  [jvm.dll+0x194221]
V  [jvm.dll+0x1fd5a2]
V  [jvm.dll+0x1fc64f]
V  [jvm.dll+0x17f08c]
V  [jvm.dll+0x20bc54]
V  [jvm.dll+0x209d2b]
V  [jvm.dll+0x7103d9]
V  [jvm.dll+0x709114]
V  [jvm.dll+0x610cb6]
C  [ucrtbase.dll+0x21bb2]
C  [KERNEL32.DLL+0x17614]
C  [ntdll.dll+0x526b1]


---------------  P R O C E S S  ---------------

Threads class SMR info:
_java_thread_list=0x0000021d3cda11d0, length=16, elements={
0x0000021d16bb3800, 0x0000021d376a9000, 0x0000021d376aa800, 0x0000021d37f14000,
0x0000021d37f16800, 0x0000021d37f17800, 0x0000021d37f1b800, 0x0000021d37f26000,
0x0000021d381d9800, 0x0000021d38238000, 0x0000021d38a5a000, 0x0000021d39240800,
0x0000021d38c54800, 0x0000021d3a3d8800, 0x0000021d3c95f800, 0x0000021d3cbd7000
}

Java Threads: ( => current thread )
  0x0000021d16bb3800 JavaThread "main" [_thread_blocked, id=19000, stack(0x0000009b4b900000,0x0000009b4ba00000)]
  0x0000021d376a9000 JavaThread "Reference Handler" daemon [_thread_blocked, id=16148, stack(0x0000009b4c000000,0x0000009b4c100000)]
  0x0000021d376aa800 JavaThread "Finalizer" daemon [_thread_blocked, id=1512, stack(0x0000009b4c100000,0x0000009b4c200000)]
  0x0000021d37f14000 JavaThread "Signal Dispatcher" daemon [_thread_blocked, id=10456, stack(0x0000009b4c200000,0x0000009b4c300000)]
  0x0000021d37f16800 JavaThread "Attach Listener" daemon [_thread_blocked, id=10612, stack(0x0000009b4c300000,0x0000009b4c400000)]
  0x0000021d37f17800 JavaThread "C2 CompilerThread0" daemon [_thread_in_native, id=11420, stack(0x0000009b4c400000,0x0000009b4c500000)]
  0x0000021d37f1b800 JavaThread "C1 CompilerThread0" daemon [_thread_blocked, id=18844, stack(0x0000009b4c500000,0x0000009b4c600000)]
  0x0000021d37f26000 JavaThread "Sweeper thread" daemon [_thread_blocked, id=12352, stack(0x0000009b4c600000,0x0000009b4c700000)]
  0x0000021d381d9800 JavaThread "Service Thread" daemon [_thread_blocked, id=16024, stack(0x0000009b4c700000,0x0000009b4c800000)]
  0x0000021d38238000 JavaThread "Common-Cleaner" daemon [_thread_blocked, id=17468, stack(0x0000009b4c900000,0x0000009b4ca00000)]
  0x0000021d38a5a000 JavaThread "Thread-0" [_thread_blocked, id=18180, stack(0x0000009b4ce00000,0x0000009b4cf00000)]
  0x0000021d39240800 JavaThread "restartedMain" [_thread_in_native, id=16348, stack(0x0000009b4cf00000,0x0000009b4d000000)]
=>0x0000021d38c54800 JavaThread "C2 CompilerThread1" daemon [_thread_in_native, id=744, stack(0x0000009b4cd00000,0x0000009b4ce00000)]
  0x0000021d3a3d8800 JavaThread "mysql-cj-abandoned-connection-cleanup" daemon [_thread_blocked, id=4256, stack(0x0000009b4d000000,0x0000009b4d100000)]
  0x0000021d3c95f800 JavaThread "HikariPool-1 housekeeper" daemon [_thread_blocked, id=1496, stack(0x0000009b4d200000,0x0000009b4d300000)]
  0x0000021d3cbd7000 JavaThread "HikariPool-1 connection adder" daemon [_thread_blocked, id=14304, stack(0x0000009b4d300000,0x0000009b4d400000)]

Other Threads:
  0x0000021d376a6000 VMThread "VM Thread" [stack: 0x0000009b4bf00000,0x0000009b4c000000] [id=12784]
  0x0000021d38237800 WatcherThread [stack: 0x0000009b4c800000,0x0000009b4c900000] [id=13772]
  0x0000021d16bc9000 GCTaskThread "GC Thread#0" [stack: 0x0000009b4ba00000,0x0000009b4bb00000] [id=19140]
  0x0000021d388bb000 GCTaskThread "GC Thread#1" [stack: 0x0000009b4ca00000,0x0000009b4cb00000] [id=11588]
  0x0000021d388d5800 GCTaskThread "GC Thread#2" [stack: 0x0000009b4cb00000,0x0000009b4cc00000] [id=9924]
  0x0000021d388d6000 GCTaskThread "GC Thread#3" [stack: 0x0000009b4cc00000,0x0000009b4cd00000] [id=6192]
  0x0000021d16c2f000 ConcurrentGCThread "G1 Main Marker" [stack: 0x0000009b4bb00000,0x0000009b4bc00000] [id=11252]
  0x0000021d16c30800 ConcurrentGCThread "G1 Conc#0" [stack: 0x0000009b4bc00000,0x0000009b4bd00000] [id=17048]
  0x0000021d37529800 ConcurrentGCThread "G1 Refine#0" [stack: 0x0000009b4bd00000,0x0000009b4be00000] [id=17056]
  0x0000021d3752a800 ConcurrentGCThread "G1 Young RemSet Sampling" [stack: 0x0000009b4be00000,0x0000009b4bf00000] [id=2600]

Threads with active compile tasks:
C2 CompilerThread0  11013 5664       4       java.lang.reflect.Field::getAnnotation (23 bytes)
C2 CompilerThread1  11013 5605   !   4       java.lang.reflect.Field::declaredAnnotations (82 bytes)

VM state:not at safepoint (normal execution)

VM Mutex/Monitor currently owned by a thread: None

Heap address: 0x0000000741600000, size: 3050 MB, Compressed Oops mode: Zero based, Oop shift amount: 3
Narrow klass base: 0x0000000800000000, Narrow klass shift: 0
Compressed class space size: 1073741824 Address: 0x0000000800000000

Heap:
 garbage-first heap   total 284672K, used 86933K [0x0000000741600000, 0x0000000800000000)
  region size 1024K, 60 young (61440K), 8 survivors (8192K)
 Metaspace       used 62164K, capacity 63646K, committed 63792K, reserved 1105920K
  class space    used 7681K, capacity 8283K, committed 8320K, reserved 1048576K
Heap Regions: E=young(eden), S=young(survivor), O=old, HS=humongous(starts), HC=humongous(continues), CS=collection set, F=free, A=archive, TAMS=top-at-mark-start (previous, next)
|   0|0x0000000741600000, 0x0000000741700000, 0x0000000741700000|100%|HS|  |TAMS 0x0000000741700000, 0x0000000741600000| Complete 
|   1|0x0000000741700000, 0x0000000741800000, 0x0000000741800000|100%| O|  |TAMS 0x0000000741800000, 0x0000000741700000| Untracked 
|   2|0x0000000741800000, 0x0000000741900000, 0x0000000741900000|100%| O|  |TAMS 0x0000000741900000, 0x0000000741800000| Untracked 
|   3|0x0000000741900000, 0x0000000741a00000, 0x0000000741a00000|100%| O|  |TAMS 0x0000000741a00000, 0x0000000741900000| Untracked 
|   4|0x0000000741a00000, 0x0000000741b00000, 0x0000000741b00000|100%| O|  |TAMS 0x0000000741b00000, 0x0000000741a00000| Untracked 
|   5|0x0000000741b00000, 0x0000000741c00000, 0x0000000741c00000|100%| O|  |TAMS 0x0000000741c00000, 0x0000000741b00000| Untracked 
|   6|0x0000000741c00000, 0x0000000741d00000, 0x0000000741d00000|100%| O|  |TAMS 0x0000000741d00000, 0x0000000741c00000| Untracked 
|   7|0x0000000741d00000, 0x0000000741e00000, 0x0000000741e00000|100%| O|  |TAMS 0x0000000741e00000, 0x0000000741d00000| Untracked 
|   8|0x0000000741e00000, 0x0000000741f00000, 0x0000000741f00000|100%| O|  |TAMS 0x0000000741f00000, 0x0000000741e00000| Untracked 
|   9|0x0000000741f00000, 0x0000000742000000, 0x0000000742000000|100%| O|  |TAMS 0x0000000742000000, 0x0000000741f00000| Untracked 
|  10|0x0000000742000000, 0x0000000742100000, 0x0000000742100000|100%| O|  |TAMS 0x0000000742100000, 0x0000000742000000| Untracked 
|  11|0x0000000742100000, 0x0000000742200000, 0x0000000742200000|100%| O|  |TAMS 0x0000000742200000, 0x0000000742100000| Untracked 
|  12|0x0000000742200000, 0x0000000742300000, 0x0000000742300000|100%| O|  |TAMS 0x0000000742300000, 0x0000000742200000| Untracked 
|  13|0x0000000742300000, 0x0000000742400000, 0x0000000742400000|100%| O|  |TAMS 0x0000000742400000, 0x0000000742300000| Untracked 
|  14|0x0000000742400000, 0x0000000742500000, 0x0000000742500000|100%| O|  |TAMS 0x0000000742500000, 0x0000000742400000| Untracked 
|  15|0x0000000742500000, 0x0000000742600000, 0x0000000742600000|100%| O|  |TAMS 0x0000000742600000, 0x0000000742500000| Untracked 
|  16|0x0000000742600000, 0x0000000742700000, 0x0000000742700000|100%| O|  |TAMS 0x0000000742700000, 0x0000000742600000| Untracked 
|  17|0x0000000742700000, 0x0000000742800000, 0x0000000742800000|100%| O|  |TAMS 0x0000000742800000, 0x0000000742700000| Untracked 
|  18|0x0000000742800000, 0x0000000742900000, 0x0000000742900000|100%| O|  |TAMS 0x0000000742900000, 0x0000000742800000| Untracked 
|  19|0x0000000742900000, 0x0000000742a00000, 0x0000000742a00000|100%| O|  |TAMS 0x0000000742a00000, 0x0000000742900000| Untracked 
|  20|0x0000000742a00000, 0x0000000742b00000, 0x0000000742b00000|100%| O|  |TAMS 0x0000000742b00000, 0x0000000742a00000| Untracked 
|  21|0x0000000742b00000, 0x0000000742c00000, 0x0000000742c00000|100%| O|  |TAMS 0x0000000742c00000, 0x0000000742b00000| Untracked 
|  22|0x0000000742c00000, 0x0000000742d00000, 0x0000000742d00000|100%| O|  |TAMS 0x0000000742d00000, 0x0000000742c00000| Untracked 
|  23|0x0000000742d00000, 0x0000000742e00000, 0x0000000742e00000|100%| O|  |TAMS 0x0000000742e00000, 0x0000000742d00000| Untracked 
|  24|0x0000000742e00000, 0x0000000742f00000, 0x0000000742f00000|100%| O|  |TAMS 0x0000000742f00000, 0x0000000742e00000| Untracked 
|  25|0x0000000742f00000, 0x0000000742fe5400, 0x0000000743000000| 89%| O|  |TAMS 0x0000000742fe5400, 0x0000000742f00000| Untracked 
|  26|0x0000000743000000, 0x0000000743000000, 0x0000000743100000|  0%| F|  |TAMS 0x0000000743000000, 0x0000000743000000| Untracked 
|  27|0x0000000743100000, 0x0000000743100000, 0x0000000743200000|  0%| F|  |TAMS 0x0000000743100000, 0x0000000743100000| Untracked 
|  28|0x0000000743200000, 0x0000000743200000, 0x0000000743300000|  0%| F|  |TAMS 0x0000000743200000, 0x0000000743200000| Untracked 
|  29|0x0000000743300000, 0x0000000743300000, 0x0000000743400000|  0%| F|  |TAMS 0x0000000743300000, 0x0000000743300000| Untracked 
|  30|0x0000000743400000, 0x0000000743400000, 0x0000000743500000|  0%| F|  |TAMS 0x0000000743400000, 0x0000000743400000| Untracked 
|  31|0x0000000743500000, 0x0000000743500000, 0x0000000743600000|  0%| F|  |TAMS 0x0000000743500000, 0x0000000743500000| Untracked 
|  32|0x0000000743600000, 0x0000000743600000, 0x0000000743700000|  0%| F|  |TAMS 0x0000000743600000, 0x0000000743600000| Untracked 
|  33|0x0000000743700000, 0x0000000743700000, 0x0000000743800000|  0%| F|  |TAMS 0x0000000743700000, 0x0000000743700000| Untracked 
|  34|0x0000000743800000, 0x0000000743800000, 0x0000000743900000|  0%| F|  |TAMS 0x0000000743800000, 0x0000000743800000| Untracked 
|  35|0x0000000743900000, 0x0000000743900000, 0x0000000743a00000|  0%| F|  |TAMS 0x0000000743900000, 0x0000000743900000| Untracked 
|  36|0x0000000743a00000, 0x0000000743a00000, 0x0000000743b00000|  0%| F|  |TAMS 0x0000000743a00000, 0x0000000743a00000| Untracked 
|  37|0x0000000743b00000, 0x0000000743b00000, 0x0000000743c00000|  0%| F|  |TAMS 0x0000000743b00000, 0x0000000743b00000| Untracked 
|  38|0x0000000743c00000, 0x0000000743c00000, 0x0000000743d00000|  0%| F|  |TAMS 0x0000000743c00000, 0x0000000743c00000| Untracked 
|  39|0x0000000743d00000, 0x0000000743d00000, 0x0000000743e00000|  0%| F|  |TAMS 0x0000000743d00000, 0x0000000743d00000| Untracked 
|  40|0x0000000743e00000, 0x0000000743e00000, 0x0000000743f00000|  0%| F|  |TAMS 0x0000000743e00000, 0x0000000743e00000| Untracked 
|  41|0x0000000743f00000, 0x0000000743f00000, 0x0000000744000000|  0%| F|  |TAMS 0x0000000743f00000, 0x0000000743f00000| Untracked 
|  42|0x0000000744000000, 0x0000000744000000, 0x0000000744100000|  0%| F|  |TAMS 0x0000000744000000, 0x0000000744000000| Untracked 
|  43|0x0000000744100000, 0x0000000744100000, 0x0000000744200000|  0%| F|  |TAMS 0x0000000744100000, 0x0000000744100000| Untracked 
|  44|0x0000000744200000, 0x0000000744200000, 0x0000000744300000|  0%| F|  |TAMS 0x0000000744200000, 0x0000000744200000| Untracked 
|  45|0x0000000744300000, 0x0000000744300000, 0x0000000744400000|  0%| F|  |TAMS 0x0000000744300000, 0x0000000744300000| Untracked 
|  46|0x0000000744400000, 0x0000000744400000, 0x0000000744500000|  0%| F|  |TAMS 0x0000000744400000, 0x0000000744400000| Untracked 
|  47|0x0000000744500000, 0x0000000744500000, 0x0000000744600000|  0%| F|  |TAMS 0x0000000744500000, 0x0000000744500000| Untracked 
|  48|0x0000000744600000, 0x0000000744600000, 0x0000000744700000|  0%| F|  |TAMS 0x0000000744600000, 0x0000000744600000| Untracked 
|  49|0x0000000744700000, 0x0000000744700000, 0x0000000744800000|  0%| F|  |TAMS 0x0000000744700000, 0x0000000744700000| Untracked 
|  50|0x0000000744800000, 0x0000000744800000, 0x0000000744900000|  0%| F|  |TAMS 0x0000000744800000, 0x0000000744800000| Untracked 
|  51|0x0000000744900000, 0x0000000744900000, 0x0000000744a00000|  0%| F|  |TAMS 0x0000000744900000, 0x0000000744900000| Untracked 
|  52|0x0000000744a00000, 0x0000000744a00000, 0x0000000744b00000|  0%| F|  |TAMS 0x0000000744a00000, 0x0000000744a00000| Untracked 
|  53|0x0000000744b00000, 0x0000000744b00000, 0x0000000744c00000|  0%| F|  |TAMS 0x0000000744b00000, 0x0000000744b00000| Untracked 
|  54|0x0000000744c00000, 0x0000000744c00000, 0x0000000744d00000|  0%| F|  |TAMS 0x0000000744c00000, 0x0000000744c00000| Untracked 
|  55|0x0000000744d00000, 0x0000000744d00000, 0x0000000744e00000|  0%| F|  |TAMS 0x0000000744d00000, 0x0000000744d00000| Untracked 
|  56|0x0000000744e00000, 0x0000000744e00000, 0x0000000744f00000|  0%| F|  |TAMS 0x0000000744e00000, 0x0000000744e00000| Untracked 
|  57|0x0000000744f00000, 0x0000000744f00000, 0x0000000745000000|  0%| F|  |TAMS 0x0000000744f00000, 0x0000000744f00000| Untracked 
|  58|0x0000000745000000, 0x0000000745000000, 0x0000000745100000|  0%| F|  |TAMS 0x0000000745000000, 0x0000000745000000| Untracked 
|  59|0x0000000745100000, 0x0000000745100000, 0x0000000745200000|  0%| F|  |TAMS 0x0000000745100000, 0x0000000745100000| Untracked 
|  60|0x0000000745200000, 0x0000000745200000, 0x0000000745300000|  0%| F|  |TAMS 0x0000000745200000, 0x0000000745200000| Untracked 
|  61|0x0000000745300000, 0x0000000745300000, 0x0000000745400000|  0%| F|  |TAMS 0x0000000745300000, 0x0000000745300000| Untracked 
|  62|0x0000000745400000, 0x0000000745400000, 0x0000000745500000|  0%| F|  |TAMS 0x0000000745400000, 0x0000000745400000| Untracked 
|  63|0x0000000745500000, 0x0000000745500000, 0x0000000745600000|  0%| F|  |TAMS 0x0000000745500000, 0x0000000745500000| Untracked 
|  64|0x0000000745600000, 0x0000000745600000, 0x0000000745700000|  0%| F|  |TAMS 0x0000000745600000, 0x0000000745600000| Untracked 
|  65|0x0000000745700000, 0x0000000745700000, 0x0000000745800000|  0%| F|  |TAMS 0x0000000745700000, 0x0000000745700000| Untracked 
|  66|0x0000000745800000, 0x0000000745800000, 0x0000000745900000|  0%| F|  |TAMS 0x0000000745800000, 0x0000000745800000| Untracked 
|  67|0x0000000745900000, 0x0000000745900000, 0x0000000745a00000|  0%| F|  |TAMS 0x0000000745900000, 0x0000000745900000| Untracked 
|  68|0x0000000745a00000, 0x0000000745a00000, 0x0000000745b00000|  0%| F|  |TAMS 0x0000000745a00000, 0x0000000745a00000| Untracked 
|  69|0x0000000745b00000, 0x0000000745b00000, 0x0000000745c00000|  0%| F|  |TAMS 0x0000000745b00000, 0x0000000745b00000| Untracked 
|  70|0x0000000745c00000, 0x0000000745c00000, 0x0000000745d00000|  0%| F|  |TAMS 0x0000000745c00000, 0x0000000745c00000| Untracked 
|  71|0x0000000745d00000, 0x0000000745d00000, 0x0000000745e00000|  0%| F|  |TAMS 0x0000000745d00000, 0x0000000745d00000| Untracked 
|  72|0x0000000745e00000, 0x0000000745e00000, 0x0000000745f00000|  0%| F|  |TAMS 0x0000000745e00000, 0x0000000745e00000| Untracked 
|  73|0x0000000745f00000, 0x0000000745f00000, 0x0000000746000000|  0%| F|  |TAMS 0x0000000745f00000, 0x0000000745f00000| Untracked 
|  74|0x0000000746000000, 0x0000000746000000, 0x0000000746100000|  0%| F|  |TAMS 0x0000000746000000, 0x0000000746000000| Untracked 
|  75|0x0000000746100000, 0x0000000746100000, 0x0000000746200000|  0%| F|  |TAMS 0x0000000746100000, 0x0000000746100000| Untracked 
|  76|0x0000000746200000, 0x0000000746200000, 0x0000000746300000|  0%| F|  |TAMS 0x0000000746200000, 0x0000000746200000| Untracked 
|  77|0x0000000746300000, 0x0000000746300000, 0x0000000746400000|  0%| F|  |TAMS 0x0000000746300000, 0x0000000746300000| Untracked 
|  78|0x0000000746400000, 0x0000000746400000, 0x0000000746500000|  0%| F|  |TAMS 0x0000000746400000, 0x0000000746400000| Untracked 
|  79|0x0000000746500000, 0x0000000746500000, 0x0000000746600000|  0%| F|  |TAMS 0x0000000746500000, 0x0000000746500000| Untracked 
|  80|0x0000000746600000, 0x0000000746600000, 0x0000000746700000|  0%| F|  |TAMS 0x0000000746600000, 0x0000000746600000| Untracked 
|  81|0x0000000746700000, 0x0000000746700000, 0x0000000746800000|  0%| F|  |TAMS 0x0000000746700000, 0x0000000746700000| Untracked 
|  82|0x0000000746800000, 0x0000000746800000, 0x0000000746900000|  0%| F|  |TAMS 0x0000000746800000, 0x0000000746800000| Untracked 
|  83|0x0000000746900000, 0x0000000746900000, 0x0000000746a00000|  0%| F|  |TAMS 0x0000000746900000, 0x0000000746900000| Untracked 
|  84|0x0000000746a00000, 0x0000000746a00000, 0x0000000746b00000|  0%| F|  |TAMS 0x0000000746a00000, 0x0000000746a00000| Untracked 
|  85|0x0000000746b00000, 0x0000000746b00000, 0x0000000746c00000|  0%| F|  |TAMS 0x0000000746b00000, 0x0000000746b00000| Untracked 
|  86|0x0000000746c00000, 0x0000000746d00000, 0x0000000746d00000|100%| S|CS|TAMS 0x0000000746c00000, 0x0000000746c00000| Complete 
|  87|0x0000000746d00000, 0x0000000746e00000, 0x0000000746e00000|100%| S|CS|TAMS 0x0000000746d00000, 0x0000000746d00000| Complete 
|  88|0x0000000746e00000, 0x0000000746f00000, 0x0000000746f00000|100%| S|CS|TAMS 0x0000000746e00000, 0x0000000746e00000| Complete 
|  89|0x0000000746f00000, 0x0000000747000000, 0x0000000747000000|100%| S|CS|TAMS 0x0000000746f00000, 0x0000000746f00000| Complete 
|  90|0x0000000747000000, 0x0000000747100000, 0x0000000747100000|100%| S|CS|TAMS 0x0000000747000000, 0x0000000747000000| Complete 
|  91|0x0000000747100000, 0x0000000747200000, 0x0000000747200000|100%| S|CS|TAMS 0x0000000747100000, 0x0000000747100000| Complete 
|  92|0x0000000747200000, 0x0000000747300000, 0x0000000747300000|100%| S|CS|TAMS 0x0000000747200000, 0x0000000747200000| Complete 
|  93|0x0000000747300000, 0x0000000747400000, 0x0000000747400000|100%| S|CS|TAMS 0x0000000747300000, 0x0000000747300000| Complete 
|  94|0x0000000747400000, 0x0000000747400000, 0x0000000747500000|  0%| F|  |TAMS 0x0000000747400000, 0x0000000747400000| Untracked 
|  95|0x0000000747500000, 0x0000000747500000, 0x0000000747600000|  0%| F|  |TAMS 0x0000000747500000, 0x0000000747500000| Untracked 
|  96|0x0000000747600000, 0x0000000747600000, 0x0000000747700000|  0%| F|  |TAMS 0x0000000747600000, 0x0000000747600000| Untracked 
|  97|0x0000000747700000, 0x0000000747700000, 0x0000000747800000|  0%| F|  |TAMS 0x0000000747700000, 0x0000000747700000| Untracked 
|  98|0x0000000747800000, 0x0000000747800000, 0x0000000747900000|  0%| F|  |TAMS 0x0000000747800000, 0x0000000747800000| Untracked 
|  99|0x0000000747900000, 0x0000000747900000, 0x0000000747a00000|  0%| F|  |TAMS 0x0000000747900000, 0x0000000747900000| Untracked 
| 100|0x0000000747a00000, 0x0000000747a00000, 0x0000000747b00000|  0%| F|  |TAMS 0x0000000747a00000, 0x0000000747a00000| Untracked 
| 101|0x0000000747b00000, 0x0000000747b00000, 0x0000000747c00000|  0%| F|  |TAMS 0x0000000747b00000, 0x0000000747b00000| Untracked 
| 102|0x0000000747c00000, 0x0000000747c00000, 0x0000000747d00000|  0%| F|  |TAMS 0x0000000747c00000, 0x0000000747c00000| Untracked 
| 103|0x0000000747d00000, 0x0000000747d00000, 0x0000000747e00000|  0%| F|  |TAMS 0x0000000747d00000, 0x0000000747d00000| Untracked 
| 104|0x0000000747e00000, 0x0000000747e00000, 0x0000000747f00000|  0%| F|  |TAMS 0x0000000747e00000, 0x0000000747e00000| Untracked 
| 105|0x0000000747f00000, 0x0000000747f00000, 0x0000000748000000|  0%| F|  |TAMS 0x0000000747f00000, 0x0000000747f00000| Untracked 
| 106|0x0000000748000000, 0x0000000748000000, 0x0000000748100000|  0%| F|  |TAMS 0x0000000748000000, 0x0000000748000000| Untracked 
| 107|0x0000000748100000, 0x0000000748100000, 0x0000000748200000|  0%| F|  |TAMS 0x0000000748100000, 0x0000000748100000| Untracked 
| 108|0x0000000748200000, 0x0000000748200000, 0x0000000748300000|  0%| F|  |TAMS 0x0000000748200000, 0x0000000748200000| Untracked 
| 109|0x0000000748300000, 0x0000000748300000, 0x0000000748400000|  0%| F|  |TAMS 0x0000000748300000, 0x0000000748300000| Untracked 
| 110|0x0000000748400000, 0x0000000748400000, 0x0000000748500000|  0%| F|  |TAMS 0x0000000748400000, 0x0000000748400000| Untracked 
| 111|0x0000000748500000, 0x0000000748500000, 0x0000000748600000|  0%| F|  |TAMS 0x0000000748500000, 0x0000000748500000| Untracked 
| 112|0x0000000748600000, 0x0000000748600000, 0x0000000748700000|  0%| F|  |TAMS 0x0000000748600000, 0x0000000748600000| Untracked 
| 113|0x0000000748700000, 0x0000000748700000, 0x0000000748800000|  0%| F|  |TAMS 0x0000000748700000, 0x0000000748700000| Untracked 
| 114|0x0000000748800000, 0x0000000748800000, 0x0000000748900000|  0%| F|  |TAMS 0x0000000748800000, 0x0000000748800000| Untracked 
| 115|0x0000000748900000, 0x0000000748900000, 0x0000000748a00000|  0%| F|  |TAMS 0x0000000748900000, 0x0000000748900000| Untracked 
| 116|0x0000000748a00000, 0x0000000748a00000, 0x0000000748b00000|  0%| F|  |TAMS 0x0000000748a00000, 0x0000000748a00000| Untracked 
| 117|0x0000000748b00000, 0x0000000748b00000, 0x0000000748c00000|  0%| F|  |TAMS 0x0000000748b00000, 0x0000000748b00000| Untracked 
| 118|0x0000000748c00000, 0x0000000748c00000, 0x0000000748d00000|  0%| F|  |TAMS 0x0000000748c00000, 0x0000000748c00000| Untracked 
| 119|0x0000000748d00000, 0x0000000748d00000, 0x0000000748e00000|  0%| F|  |TAMS 0x0000000748d00000, 0x0000000748d00000| Untracked 
| 120|0x0000000748e00000, 0x0000000748e00000, 0x0000000748f00000|  0%| F|  |TAMS 0x0000000748e00000, 0x0000000748e00000| Untracked 
| 121|0x0000000748f00000, 0x0000000748f00000, 0x0000000749000000|  0%| F|  |TAMS 0x0000000748f00000, 0x0000000748f00000| Untracked 
| 122|0x0000000749000000, 0x0000000749000000, 0x0000000749100000|  0%| F|  |TAMS 0x0000000749000000, 0x0000000749000000| Untracked 
| 123|0x0000000749100000, 0x0000000749100000, 0x0000000749200000|  0%| F|  |TAMS 0x0000000749100000, 0x0000000749100000| Untracked 
| 124|0x0000000749200000, 0x0000000749200000, 0x0000000749300000|  0%| F|  |TAMS 0x0000000749200000, 0x0000000749200000| Untracked 
| 125|0x0000000749300000, 0x0000000749300000, 0x0000000749400000|  0%| F|  |TAMS 0x0000000749300000, 0x0000000749300000| Untracked 
| 126|0x0000000749400000, 0x0000000749400000, 0x0000000749500000|  0%| F|  |TAMS 0x0000000749400000, 0x0000000749400000| Untracked 
| 127|0x0000000749500000, 0x0000000749500000, 0x0000000749600000|  0%| F|  |TAMS 0x0000000749500000, 0x0000000749500000| Untracked 
| 128|0x0000000749600000, 0x0000000749600000, 0x0000000749700000|  0%| F|  |TAMS 0x0000000749600000, 0x0000000749600000| Untracked 
| 129|0x0000000749700000, 0x0000000749700000, 0x0000000749800000|  0%| F|  |TAMS 0x0000000749700000, 0x0000000749700000| Untracked 
| 130|0x0000000749800000, 0x0000000749800000, 0x0000000749900000|  0%| F|  |TAMS 0x0000000749800000, 0x0000000749800000| Untracked 
| 131|0x0000000749900000, 0x0000000749900000, 0x0000000749a00000|  0%| F|  |TAMS 0x0000000749900000, 0x0000000749900000| Untracked 
| 132|0x0000000749a00000, 0x0000000749a00000, 0x0000000749b00000|  0%| F|  |TAMS 0x0000000749a00000, 0x0000000749a00000| Untracked 
| 133|0x0000000749b00000, 0x0000000749b00000, 0x0000000749c00000|  0%| F|  |TAMS 0x0000000749b00000, 0x0000000749b00000| Untracked 
| 134|0x0000000749c00000, 0x0000000749c00000, 0x0000000749d00000|  0%| F|  |TAMS 0x0000000749c00000, 0x0000000749c00000| Untracked 
| 135|0x0000000749d00000, 0x0000000749d00000, 0x0000000749e00000|  0%| F|  |TAMS 0x0000000749d00000, 0x0000000749d00000| Untracked 
| 136|0x0000000749e00000, 0x0000000749e00000, 0x0000000749f00000|  0%| F|  |TAMS 0x0000000749e00000, 0x0000000749e00000| Untracked 
| 137|0x0000000749f00000, 0x0000000749f00000, 0x000000074a000000|  0%| F|  |TAMS 0x0000000749f00000, 0x0000000749f00000| Untracked 
| 138|0x000000074a000000, 0x000000074a000000, 0x000000074a100000|  0%| F|  |TAMS 0x000000074a000000, 0x000000074a000000| Untracked 
| 139|0x000000074a100000, 0x000000074a100000, 0x000000074a200000|  0%| F|  |TAMS 0x000000074a100000, 0x000000074a100000| Untracked 
| 140|0x000000074a200000, 0x000000074a200000, 0x000000074a300000|  0%| F|  |TAMS 0x000000074a200000, 0x000000074a200000| Untracked 
| 141|0x000000074a300000, 0x000000074a300000, 0x000000074a400000|  0%| F|  |TAMS 0x000000074a300000, 0x000000074a300000| Untracked 
| 142|0x000000074a400000, 0x000000074a400000, 0x000000074a500000|  0%| F|  |TAMS 0x000000074a400000, 0x000000074a400000| Untracked 
| 143|0x000000074a500000, 0x000000074a500000, 0x000000074a600000|  0%| F|  |TAMS 0x000000074a500000, 0x000000074a500000| Untracked 
| 144|0x000000074a600000, 0x000000074a600000, 0x000000074a700000|  0%| F|  |TAMS 0x000000074a600000, 0x000000074a600000| Untracked 
| 145|0x000000074a700000, 0x000000074a700000, 0x000000074a800000|  0%| F|  |TAMS 0x000000074a700000, 0x000000074a700000| Untracked 
| 146|0x000000074a800000, 0x000000074a800000, 0x000000074a900000|  0%| F|  |TAMS 0x000000074a800000, 0x000000074a800000| Untracked 
| 147|0x000000074a900000, 0x000000074a900000, 0x000000074aa00000|  0%| F|  |TAMS 0x000000074a900000, 0x000000074a900000| Untracked 
| 148|0x000000074aa00000, 0x000000074aa00000, 0x000000074ab00000|  0%| F|  |TAMS 0x000000074aa00000, 0x000000074aa00000| Untracked 
| 149|0x000000074ab00000, 0x000000074ab00000, 0x000000074ac00000|  0%| F|  |TAMS 0x000000074ab00000, 0x000000074ab00000| Untracked 
| 150|0x000000074ac00000, 0x000000074ac00000, 0x000000074ad00000|  0%| F|  |TAMS 0x000000074ac00000, 0x000000074ac00000| Untracked 
| 151|0x000000074ad00000, 0x000000074ad00000, 0x000000074ae00000|  0%| F|  |TAMS 0x000000074ad00000, 0x000000074ad00000| Untracked 
| 152|0x000000074ae00000, 0x000000074ae00000, 0x000000074af00000|  0%| F|  |TAMS 0x000000074ae00000, 0x000000074ae00000| Untracked 
| 153|0x000000074af00000, 0x000000074af00000, 0x000000074b000000|  0%| F|  |TAMS 0x000000074af00000, 0x000000074af00000| Untracked 
| 154|0x000000074b000000, 0x000000074b000000, 0x000000074b100000|  0%| F|  |TAMS 0x000000074b000000, 0x000000074b000000| Untracked 
| 155|0x000000074b100000, 0x000000074b100000, 0x000000074b200000|  0%| F|  |TAMS 0x000000074b100000, 0x000000074b100000| Untracked 
| 156|0x000000074b200000, 0x000000074b200000, 0x000000074b300000|  0%| F|  |TAMS 0x000000074b200000, 0x000000074b200000| Untracked 
| 157|0x000000074b300000, 0x000000074b300000, 0x000000074b400000|  0%| F|  |TAMS 0x000000074b300000, 0x000000074b300000| Untracked 
| 158|0x000000074b400000, 0x000000074b400000, 0x000000074b500000|  0%| F|  |TAMS 0x000000074b400000, 0x000000074b400000| Untracked 
| 159|0x000000074b500000, 0x000000074b500000, 0x000000074b600000|  0%| F|  |TAMS 0x000000074b500000, 0x000000074b500000| Untracked 
| 160|0x000000074b600000, 0x000000074b600000, 0x000000074b700000|  0%| F|  |TAMS 0x000000074b600000, 0x000000074b600000| Untracked 
| 161|0x000000074b700000, 0x000000074b700000, 0x000000074b800000|  0%| F|  |TAMS 0x000000074b700000, 0x000000074b700000| Untracked 
| 162|0x000000074b800000, 0x000000074b800000, 0x000000074b900000|  0%| F|  |TAMS 0x000000074b800000, 0x000000074b800000| Untracked 
| 163|0x000000074b900000, 0x000000074b900000, 0x000000074ba00000|  0%| F|  |TAMS 0x000000074b900000, 0x000000074b900000| Untracked 
| 164|0x000000074ba00000, 0x000000074ba00000, 0x000000074bb00000|  0%| F|  |TAMS 0x000000074ba00000, 0x000000074ba00000| Untracked 
| 165|0x000000074bb00000, 0x000000074bb00000, 0x000000074bc00000|  0%| F|  |TAMS 0x000000074bb00000, 0x000000074bb00000| Untracked 
| 166|0x000000074bc00000, 0x000000074bc00000, 0x000000074bd00000|  0%| F|  |TAMS 0x000000074bc00000, 0x000000074bc00000| Untracked 
| 167|0x000000074bd00000, 0x000000074bd00000, 0x000000074be00000|  0%| F|  |TAMS 0x000000074bd00000, 0x000000074bd00000| Untracked 
| 168|0x000000074be00000, 0x000000074be00000, 0x000000074bf00000|  0%| F|  |TAMS 0x000000074be00000, 0x000000074be00000| Untracked 
| 169|0x000000074bf00000, 0x000000074bf00000, 0x000000074c000000|  0%| F|  |TAMS 0x000000074bf00000, 0x000000074bf00000| Untracked 
| 170|0x000000074c000000, 0x000000074c000000, 0x000000074c100000|  0%| F|  |TAMS 0x000000074c000000, 0x000000074c000000| Untracked 
| 171|0x000000074c100000, 0x000000074c100000, 0x000000074c200000|  0%| F|  |TAMS 0x000000074c100000, 0x000000074c100000| Untracked 
| 172|0x000000074c200000, 0x000000074c200000, 0x000000074c300000|  0%| F|  |TAMS 0x000000074c200000, 0x000000074c200000| Untracked 
| 173|0x000000074c300000, 0x000000074c300000, 0x000000074c400000|  0%| F|  |TAMS 0x000000074c300000, 0x000000074c300000| Untracked 
| 174|0x000000074c400000, 0x000000074c400000, 0x000000074c500000|  0%| F|  |TAMS 0x000000074c400000, 0x000000074c400000| Untracked 
| 175|0x000000074c500000, 0x000000074c500000, 0x000000074c600000|  0%| F|  |TAMS 0x000000074c500000, 0x000000074c500000| Untracked 
| 176|0x000000074c600000, 0x000000074c600000, 0x000000074c700000|  0%| F|  |TAMS 0x000000074c600000, 0x000000074c600000| Untracked 
| 177|0x000000074c700000, 0x000000074c700000, 0x000000074c800000|  0%| F|  |TAMS 0x000000074c700000, 0x000000074c700000| Untracked 
| 178|0x000000074c800000, 0x000000074c800000, 0x000000074c900000|  0%| F|  |TAMS 0x000000074c800000, 0x000000074c800000| Untracked 
| 179|0x000000074c900000, 0x000000074c900000, 0x000000074ca00000|  0%| F|  |TAMS 0x000000074c900000, 0x000000074c900000| Untracked 
| 180|0x000000074ca00000, 0x000000074ca00000, 0x000000074cb00000|  0%| F|  |TAMS 0x000000074ca00000, 0x000000074ca00000| Untracked 
| 181|0x000000074cb00000, 0x000000074cb00000, 0x000000074cc00000|  0%| F|  |TAMS 0x000000074cb00000, 0x000000074cb00000| Untracked 
| 182|0x000000074cc00000, 0x000000074cc00000, 0x000000074cd00000|  0%| F|  |TAMS 0x000000074cc00000, 0x000000074cc00000| Untracked 
| 183|0x000000074cd00000, 0x000000074cd00000, 0x000000074ce00000|  0%| F|  |TAMS 0x000000074cd00000, 0x000000074cd00000| Untracked 
| 184|0x000000074ce00000, 0x000000074ce00000, 0x000000074cf00000|  0%| F|  |TAMS 0x000000074ce00000, 0x000000074ce00000| Untracked 
| 185|0x000000074cf00000, 0x000000074cf00000, 0x000000074d000000|  0%| F|  |TAMS 0x000000074cf00000, 0x000000074cf00000| Untracked 
| 186|0x000000074d000000, 0x000000074d000000, 0x000000074d100000|  0%| F|  |TAMS 0x000000074d000000, 0x000000074d000000| Untracked 
| 187|0x000000074d100000, 0x000000074d100000, 0x000000074d200000|  0%| F|  |TAMS 0x000000074d100000, 0x000000074d100000| Untracked 
| 188|0x000000074d200000, 0x000000074d200000, 0x000000074d300000|  0%| F|  |TAMS 0x000000074d200000, 0x000000074d200000| Untracked 
| 189|0x000000074d300000, 0x000000074d300000, 0x000000074d400000|  0%| F|  |TAMS 0x000000074d300000, 0x000000074d300000| Untracked 
| 190|0x000000074d400000, 0x000000074d400000, 0x000000074d500000|  0%| F|  |TAMS 0x000000074d400000, 0x000000074d400000| Untracked 
| 191|0x000000074d500000, 0x000000074d500000, 0x000000074d600000|  0%| F|  |TAMS 0x000000074d500000, 0x000000074d500000| Untracked 
| 192|0x000000074d600000, 0x000000074d600000, 0x000000074d700000|  0%| F|  |TAMS 0x000000074d600000, 0x000000074d600000| Untracked 
| 193|0x000000074d700000, 0x000000074d700000, 0x000000074d800000|  0%| F|  |TAMS 0x000000074d700000, 0x000000074d700000| Untracked 
| 194|0x000000074d800000, 0x000000074d800000, 0x000000074d900000|  0%| F|  |TAMS 0x000000074d800000, 0x000000074d800000| Untracked 
| 195|0x000000074d900000, 0x000000074d900000, 0x000000074da00000|  0%| F|  |TAMS 0x000000074d900000, 0x000000074d900000| Untracked 
| 196|0x000000074da00000, 0x000000074da00000, 0x000000074db00000|  0%| F|  |TAMS 0x000000074da00000, 0x000000074da00000| Untracked 
| 197|0x000000074db00000, 0x000000074db00000, 0x000000074dc00000|  0%| F|  |TAMS 0x000000074db00000, 0x000000074db00000| Untracked 
| 198|0x000000074dc00000, 0x000000074dc00000, 0x000000074dd00000|  0%| F|  |TAMS 0x000000074dc00000, 0x000000074dc00000| Untracked 
| 199|0x000000074dd00000, 0x000000074dd00000, 0x000000074de00000|  0%| F|  |TAMS 0x000000074dd00000, 0x000000074dd00000| Untracked 
| 200|0x000000074de00000, 0x000000074de00000, 0x000000074df00000|  0%| F|  |TAMS 0x000000074de00000, 0x000000074de00000| Untracked 
| 201|0x000000074df00000, 0x000000074df00000, 0x000000074e000000|  0%| F|  |TAMS 0x000000074df00000, 0x000000074df00000| Untracked 
| 202|0x000000074e000000, 0x000000074e000000, 0x000000074e100000|  0%| F|  |TAMS 0x000000074e000000, 0x000000074e000000| Untracked 
| 203|0x000000074e100000, 0x000000074e100000, 0x000000074e200000|  0%| F|  |TAMS 0x000000074e100000, 0x000000074e100000| Untracked 
| 204|0x000000074e200000, 0x000000074e200000, 0x000000074e300000|  0%| F|  |TAMS 0x000000074e200000, 0x000000074e200000| Untracked 
| 205|0x000000074e300000, 0x000000074e300000, 0x000000074e400000|  0%| F|  |TAMS 0x000000074e300000, 0x000000074e300000| Untracked 
| 206|0x000000074e400000, 0x000000074e400000, 0x000000074e500000|  0%| F|  |TAMS 0x000000074e400000, 0x000000074e400000| Untracked 
| 207|0x000000074e500000, 0x000000074e500000, 0x000000074e600000|  0%| F|  |TAMS 0x000000074e500000, 0x000000074e500000| Untracked 
| 208|0x000000074e600000, 0x000000074e600000, 0x000000074e700000|  0%| F|  |TAMS 0x000000074e600000, 0x000000074e600000| Untracked 
| 209|0x000000074e700000, 0x000000074e700000, 0x000000074e800000|  0%| F|  |TAMS 0x000000074e700000, 0x000000074e700000| Untracked 
| 210|0x000000074e800000, 0x000000074e800000, 0x000000074e900000|  0%| F|  |TAMS 0x000000074e800000, 0x000000074e800000| Untracked 
| 211|0x000000074e900000, 0x000000074e900000, 0x000000074ea00000|  0%| F|  |TAMS 0x000000074e900000, 0x000000074e900000| Untracked 
| 212|0x000000074ea00000, 0x000000074ea00000, 0x000000074eb00000|  0%| F|  |TAMS 0x000000074ea00000, 0x000000074ea00000| Untracked 
| 213|0x000000074eb00000, 0x000000074eb00000, 0x000000074ec00000|  0%| F|  |TAMS 0x000000074eb00000, 0x000000074eb00000| Untracked 
| 214|0x000000074ec00000, 0x000000074ec00000, 0x000000074ed00000|  0%| F|  |TAMS 0x000000074ec00000, 0x000000074ec00000| Untracked 
| 215|0x000000074ed00000, 0x000000074ed00000, 0x000000074ee00000|  0%| F|  |TAMS 0x000000074ed00000, 0x000000074ed00000| Untracked 
| 216|0x000000074ee00000, 0x000000074ee00000, 0x000000074ef00000|  0%| F|  |TAMS 0x000000074ee00000, 0x000000074ee00000| Untracked 
| 217|0x000000074ef00000, 0x000000074ef00000, 0x000000074f000000|  0%| F|  |TAMS 0x000000074ef00000, 0x000000074ef00000| Untracked 
| 218|0x000000074f000000, 0x000000074f000000, 0x000000074f100000|  0%| F|  |TAMS 0x000000074f000000, 0x000000074f000000| Untracked 
| 219|0x000000074f100000, 0x000000074f100000, 0x000000074f200000|  0%| F|  |TAMS 0x000000074f100000, 0x000000074f100000| Untracked 
| 220|0x000000074f200000, 0x000000074f200000, 0x000000074f300000|  0%| F|  |TAMS 0x000000074f200000, 0x000000074f200000| Untracked 
| 221|0x000000074f300000, 0x000000074f300000, 0x000000074f400000|  0%| F|  |TAMS 0x000000074f300000, 0x000000074f300000| Untracked 
| 222|0x000000074f400000, 0x000000074f400000, 0x000000074f500000|  0%| F|  |TAMS 0x000000074f400000, 0x000000074f400000| Untracked 
| 223|0x000000074f500000, 0x000000074f500000, 0x000000074f600000|  0%| F|  |TAMS 0x000000074f500000, 0x000000074f500000| Untracked 
| 224|0x000000074f600000, 0x000000074f600000, 0x000000074f700000|  0%| F|  |TAMS 0x000000074f600000, 0x000000074f600000| Untracked 
| 225|0x000000074f700000, 0x000000074f714c18, 0x000000074f800000|  8%| E|  |TAMS 0x000000074f700000, 0x000000074f700000| Complete 
| 226|0x000000074f800000, 0x000000074f900000, 0x000000074f900000|100%| E|CS|TAMS 0x000000074f800000, 0x000000074f800000| Complete 
| 227|0x000000074f900000, 0x000000074fa00000, 0x000000074fa00000|100%| E|CS|TAMS 0x000000074f900000, 0x000000074f900000| Complete 
| 228|0x000000074fa00000, 0x000000074fb00000, 0x000000074fb00000|100%| E|CS|TAMS 0x000000074fa00000, 0x000000074fa00000| Complete 
| 229|0x000000074fb00000, 0x000000074fc00000, 0x000000074fc00000|100%| E|CS|TAMS 0x000000074fb00000, 0x000000074fb00000| Complete 
| 230|0x000000074fc00000, 0x000000074fd00000, 0x000000074fd00000|100%| E|CS|TAMS 0x000000074fc00000, 0x000000074fc00000| Complete 
| 231|0x000000074fd00000, 0x000000074fe00000, 0x000000074fe00000|100%| E|CS|TAMS 0x000000074fd00000, 0x000000074fd00000| Complete 
| 232|0x000000074fe00000, 0x000000074ff00000, 0x000000074ff00000|100%| E|CS|TAMS 0x000000074fe00000, 0x000000074fe00000| Complete 
| 233|0x000000074ff00000, 0x0000000750000000, 0x0000000750000000|100%| E|CS|TAMS 0x000000074ff00000, 0x000000074ff00000| Complete 
| 234|0x0000000750000000, 0x0000000750100000, 0x0000000750100000|100%| E|CS|TAMS 0x0000000750000000, 0x0000000750000000| Complete 
| 235|0x0000000750100000, 0x0000000750200000, 0x0000000750200000|100%| E|CS|TAMS 0x0000000750100000, 0x0000000750100000| Complete 
| 236|0x0000000750200000, 0x0000000750300000, 0x0000000750300000|100%| E|CS|TAMS 0x0000000750200000, 0x0000000750200000| Complete 
| 237|0x0000000750300000, 0x0000000750400000, 0x0000000750400000|100%| E|CS|TAMS 0x0000000750300000, 0x0000000750300000| Complete 
| 238|0x0000000750400000, 0x0000000750500000, 0x0000000750500000|100%| E|CS|TAMS 0x0000000750400000, 0x0000000750400000| Complete 
| 239|0x0000000750500000, 0x0000000750600000, 0x0000000750600000|100%| E|CS|TAMS 0x0000000750500000, 0x0000000750500000| Complete 
| 240|0x0000000750600000, 0x0000000750700000, 0x0000000750700000|100%| E|CS|TAMS 0x0000000750600000, 0x0000000750600000| Complete 
| 241|0x0000000750700000, 0x0000000750800000, 0x0000000750800000|100%| E|CS|TAMS 0x0000000750700000, 0x0000000750700000| Complete 
| 242|0x0000000750800000, 0x0000000750900000, 0x0000000750900000|100%| E|CS|TAMS 0x0000000750800000, 0x0000000750800000| Complete 
| 243|0x0000000750900000, 0x0000000750a00000, 0x0000000750a00000|100%| E|CS|TAMS 0x0000000750900000, 0x0000000750900000| Complete 
| 244|0x0000000750a00000, 0x0000000750b00000, 0x0000000750b00000|100%| E|CS|TAMS 0x0000000750a00000, 0x0000000750a00000| Complete 
| 245|0x0000000750b00000, 0x0000000750c00000, 0x0000000750c00000|100%| E|CS|TAMS 0x0000000750b00000, 0x0000000750b00000| Complete 
| 246|0x0000000750c00000, 0x0000000750d00000, 0x0000000750d00000|100%| E|CS|TAMS 0x0000000750c00000, 0x0000000750c00000| Complete 
| 247|0x0000000750d00000, 0x0000000750e00000, 0x0000000750e00000|100%| E|CS|TAMS 0x0000000750d00000, 0x0000000750d00000| Complete 
| 248|0x0000000750e00000, 0x0000000750f00000, 0x0000000750f00000|100%| E|CS|TAMS 0x0000000750e00000, 0x0000000750e00000| Complete 
| 249|0x0000000750f00000, 0x0000000751000000, 0x0000000751000000|100%| E|CS|TAMS 0x0000000750f00000, 0x0000000750f00000| Complete 
| 250|0x0000000751000000, 0x0000000751100000, 0x0000000751100000|100%| E|CS|TAMS 0x0000000751000000, 0x0000000751000000| Complete 
| 251|0x0000000751100000, 0x0000000751200000, 0x0000000751200000|100%| E|CS|TAMS 0x0000000751100000, 0x0000000751100000| Complete 
| 252|0x0000000751200000, 0x0000000751300000, 0x0000000751300000|100%| E|CS|TAMS 0x0000000751200000, 0x0000000751200000| Complete 
| 253|0x0000000751300000, 0x0000000751400000, 0x0000000751400000|100%| E|CS|TAMS 0x0000000751300000, 0x0000000751300000| Complete 
| 254|0x0000000751400000, 0x0000000751500000, 0x0000000751500000|100%| E|CS|TAMS 0x0000000751400000, 0x0000000751400000| Complete 
| 255|0x0000000751500000, 0x0000000751600000, 0x0000000751600000|100%| E|CS|TAMS 0x0000000751500000, 0x0000000751500000| Complete 
| 256|0x0000000751600000, 0x0000000751700000, 0x0000000751700000|100%| E|CS|TAMS 0x0000000751600000, 0x0000000751600000| Complete 
| 257|0x0000000751700000, 0x0000000751800000, 0x0000000751800000|100%| E|CS|TAMS 0x0000000751700000, 0x0000000751700000| Complete 
| 258|0x0000000751800000, 0x0000000751900000, 0x0000000751900000|100%| E|CS|TAMS 0x0000000751800000, 0x0000000751800000| Complete 
| 259|0x0000000751900000, 0x0000000751a00000, 0x0000000751a00000|100%| E|CS|TAMS 0x0000000751900000, 0x0000000751900000| Complete 
| 260|0x0000000751a00000, 0x0000000751b00000, 0x0000000751b00000|100%| E|CS|TAMS 0x0000000751a00000, 0x0000000751a00000| Complete 
| 261|0x0000000751b00000, 0x0000000751c00000, 0x0000000751c00000|100%| E|CS|TAMS 0x0000000751b00000, 0x0000000751b00000| Complete 
| 262|0x0000000751c00000, 0x0000000751d00000, 0x0000000751d00000|100%| E|CS|TAMS 0x0000000751c00000, 0x0000000751c00000| Complete 
| 263|0x0000000751d00000, 0x0000000751e00000, 0x0000000751e00000|100%| E|CS|TAMS 0x0000000751d00000, 0x0000000751d00000| Complete 
| 264|0x0000000751e00000, 0x0000000751f00000, 0x0000000751f00000|100%| E|CS|TAMS 0x0000000751e00000, 0x0000000751e00000| Complete 
| 265|0x0000000751f00000, 0x0000000752000000, 0x0000000752000000|100%| E|CS|TAMS 0x0000000751f00000, 0x0000000751f00000| Complete 
| 266|0x0000000752000000, 0x0000000752100000, 0x0000000752100000|100%| E|CS|TAMS 0x0000000752000000, 0x0000000752000000| Complete 
| 267|0x0000000752100000, 0x0000000752200000, 0x0000000752200000|100%| E|CS|TAMS 0x0000000752100000, 0x0000000752100000| Complete 
| 268|0x0000000752200000, 0x0000000752300000, 0x0000000752300000|100%| E|CS|TAMS 0x0000000752200000, 0x0000000752200000| Complete 
| 269|0x0000000752300000, 0x0000000752400000, 0x0000000752400000|100%| E|CS|TAMS 0x0000000752300000, 0x0000000752300000| Complete 
| 270|0x0000000752400000, 0x0000000752500000, 0x0000000752500000|100%| E|CS|TAMS 0x0000000752400000, 0x0000000752400000| Complete 
| 271|0x0000000752500000, 0x0000000752600000, 0x0000000752600000|100%| E|CS|TAMS 0x0000000752500000, 0x0000000752500000| Complete 
| 272|0x0000000752600000, 0x0000000752700000, 0x0000000752700000|100%| E|CS|TAMS 0x0000000752600000, 0x0000000752600000| Complete 
| 273|0x0000000752700000, 0x0000000752800000, 0x0000000752800000|100%| E|CS|TAMS 0x0000000752700000, 0x0000000752700000| Complete 
| 274|0x0000000752800000, 0x0000000752900000, 0x0000000752900000|100%| E|CS|TAMS 0x0000000752800000, 0x0000000752800000| Complete 
| 275|0x0000000752900000, 0x0000000752a00000, 0x0000000752a00000|100%| E|CS|TAMS 0x0000000752900000, 0x0000000752900000| Complete 
| 276|0x0000000752a00000, 0x0000000752b00000, 0x0000000752b00000|100%| E|CS|TAMS 0x0000000752a00000, 0x0000000752a00000| Complete 
| 277|0x0000000752b00000, 0x0000000752c00000, 0x0000000752c00000|100%| E|CS|TAMS 0x0000000752b00000, 0x0000000752b00000| Complete 

Card table byte_map: [0x0000021d2e620000,0x0000021d2ec20000] _byte_map_base: 0x0000021d2ac15000

Marking Bits (Prev, Next): (CMBitMap*) 0x0000021d16c21330, (CMBitMap*) 0x0000021d16c212f8
 Prev Bits: [0x0000021d321d0000, 0x0000021d35178000)
 Next Bits: [0x0000021d2f220000, 0x0000021d321c8000)

Polling page: 0x0000021d14d50000

Metaspace:

Usage:
  Non-class:     54.13 MB capacity,    53.25 MB ( 98%) used,   712.45 KB (  1%) free+waste,   183.69 KB ( <1%) overhead. 
      Class:      8.09 MB capacity,     7.51 MB ( 93%) used,   508.46 KB (  6%) free+waste,    85.81 KB (  1%) overhead. 
       Both:     62.22 MB capacity,    60.76 MB ( 98%) used,     1.19 MB (  2%) free+waste,   269.50 KB ( <1%) overhead. 

Virtual space:
  Non-class space:       56.00 MB reserved,      54.17 MB ( 97%) committed 
      Class space:        1.00 GB reserved,       8.13 MB ( <1%) committed 
             Both:        1.05 GB reserved,      62.30 MB (  6%) committed 

Chunk freelists:
   Non-Class:  5.63 KB
       Class:  640 bytes
        Both:  6.25 KB

CodeHeap 'non-profiled nmethods': size=120064Kb used=3228Kb max_used=3430Kb free=116835Kb
 bounds [0x0000021d26ae0000, 0x0000021d26e40000, 0x0000021d2e020000]
CodeHeap 'profiled nmethods': size=120000Kb used=11729Kb max_used=12582Kb free=108270Kb
 bounds [0x0000021d1f5b0000, 0x0000021d20200000, 0x0000021d26ae0000]
CodeHeap 'non-nmethods': size=5696Kb used=1226Kb max_used=1256Kb free=4469Kb
 bounds [0x0000021d1f020000, 0x0000021d1f290000, 0x0000021d1f5b0000]
 total_blobs=5941 nmethods=5363 adapters=489
 compilation: enabled
              stopped_count=0, restarted_count=0
 full_count=0

Compilation events (10 events):
Event: 10.853 Thread 0x0000021d37f1b800 5980       2       org.hibernate.mapping.SimpleValue::isValid (23 bytes)
Event: 10.853 Thread 0x0000021d37f1b800 nmethod 5980 0x0000021d1f66fb10 code [0x0000021d1f66fce0, 0x0000021d1f66fef0]
Event: 10.853 Thread 0x0000021d37f1b800 5981       2       org.hibernate.mapping.Property::isValid (11 bytes)
Event: 10.853 Thread 0x0000021d37f1b800 nmethod 5981 0x0000021d1f688610 code [0x0000021d1f6887c0, 0x0000021d1f688950]
Event: 10.853 Thread 0x0000021d37f1b800 5976       1       org.hibernate.mapping.ToOne::isUnwrapProxy (5 bytes)
Event: 10.853 Thread 0x0000021d37f1b800 nmethod 5976 0x0000021d26b3fc10 code [0x0000021d26b3fda0, 0x0000021d26b3feb8]
Event: 10.853 Thread 0x0000021d37f1b800 5977       1       org.hibernate.mapping.ToOne::getPropertyName (5 bytes)
Event: 10.854 Thread 0x0000021d37f1b800 nmethod 5977 0x0000021d26b3f810 code [0x0000021d26b3f9a0, 0x0000021d26b3fab8]
Event: 10.854 Thread 0x0000021d37f1b800 5978       1       org.hibernate.type.EntityType::getAssociatedEntityName (5 bytes)
Event: 10.854 Thread 0x0000021d37f1b800 nmethod 5978 0x0000021d26b4a290 code [0x0000021d26b4a420, 0x0000021d26b4a538]

GC Heap History (10 events):
Event: 3.920 GC heap before
{Heap before GC invocations=6 (full 0):
 garbage-first heap   total 196608K, used 126890K [0x0000000741600000, 0x0000000800000000)
  region size 1024K, 115 young (117760K), 3 survivors (3072K)
 Metaspace       used 27203K, capacity 27898K, committed 28080K, reserved 1075200K
  class space    used 3000K, capacity 3270K, committed 3328K, reserved 1048576K
}
Event: 3.929 GC heap after
{Heap after GC invocations=7 (full 0):
 garbage-first heap   total 236544K, used 16398K [0x0000000741600000, 0x0000000800000000)
  region size 1024K, 6 young (6144K), 6 survivors (6144K)
 Metaspace       used 27203K, capacity 27898K, committed 28080K, reserved 1075200K
  class space    used 3000K, capacity 3270K, committed 3328K, reserved 1048576K
}
Event: 5.821 GC heap before
{Heap before GC invocations=7 (full 0):
 garbage-first heap   total 236544K, used 144398K [0x0000000741600000, 0x0000000800000000)
  region size 1024K, 132 young (135168K), 6 survivors (6144K)
 Metaspace       used 34745K, capacity 35540K, committed 35632K, reserved 1081344K
  class space    used 4066K, capacity 4397K, committed 4480K, reserved 1048576K
}
Event: 5.833 GC heap after
{Heap after GC invocations=8 (full 0):
 garbage-first heap   total 236544K, used 19976K [0x0000000741600000, 0x0000000800000000)
  region size 1024K, 10 young (10240K), 10 survivors (10240K)
 Metaspace       used 34745K, capacity 35540K, committed 35632K, reserved 1081344K
  class space    used 4066K, capacity 4397K, committed 4480K, reserved 1048576K
}
Event: 7.589 GC heap before
{Heap before GC invocations=9 (full 0):
 garbage-first heap   total 236544K, used 150024K [0x0000000741600000, 0x0000000800000000)
  region size 1024K, 138 young (141312K), 10 survivors (10240K)
 Metaspace       used 43163K, capacity 44334K, committed 44464K, reserved 1087488K
  class space    used 5148K, capacity 5612K, committed 5632K, reserved 1048576K
}
Event: 7.606 GC heap after
{Heap after GC invocations=10 (full 0):
 garbage-first heap   total 236544K, used 26671K [0x0000000741600000, 0x0000000800000000)
  region size 1024K, 16 young (16384K), 16 survivors (16384K)
 Metaspace       used 43163K, capacity 44334K, committed 44464K, reserved 1087488K
  class space    used 5148K, capacity 5612K, committed 5632K, reserved 1048576K
}
Event: 8.379 GC heap before
{Heap before GC invocations=10 (full 0):
 garbage-first heap   total 236544K, used 151599K [0x0000000741600000, 0x0000000800000000)
  region size 1024K, 138 young (141312K), 16 survivors (16384K)
 Metaspace       used 46584K, capacity 47858K, committed 48048K, reserved 1091584K
  class space    used 5564K, capacity 6054K, committed 6144K, reserved 1048576K
}
Event: 8.400 GC heap after
{Heap after GC invocations=11 (full 0):
 garbage-first heap   total 236544K, used 30450K [0x0000000741600000, 0x0000000800000000)
  region size 1024K, 11 young (11264K), 11 survivors (11264K)
 Metaspace       used 46584K, capacity 47858K, committed 48048K, reserved 1091584K
  class space    used 5564K, capacity 6054K, committed 6144K, reserved 1048576K
}
Event: 10.017 GC heap before
{Heap before GC invocations=11 (full 0):
 garbage-first heap   total 236544K, used 158450K [0x0000000741600000, 0x0000000800000000)
  region size 1024K, 137 young (140288K), 11 survivors (11264K)
 Metaspace       used 58216K, capacity 59655K, committed 59696K, reserved 1101824K
  class space    used 7205K, capacity 7768K, committed 7808K, reserved 1048576K
}
Event: 10.034 GC heap after
{Heap after GC invocations=12 (full 0):
 garbage-first heap   total 284672K, used 34709K [0x0000000741600000, 0x0000000800000000)
  region size 1024K, 8 young (8192K), 8 survivors (8192K)
 Metaspace       used 58216K, capacity 59655K, committed 59696K, reserved 1101824K
  class space    used 7205K, capacity 7768K, committed 7808K, reserved 1048576K
}

Deoptimization events (10 events):
Event: 9.361 Thread 0x0000021d39240800 Uncommon trap: reason=unstable_if action=reinterpret pc=0x0000021d26db13f8 method=java.util.regex.Pattern$BmpCharProperty.match(Ljava/util/regex/Matcher;ILjava/lang/CharSequence;)Z @ 39 c2
Event: 9.411 Thread 0x0000021d39240800 Uncommon trap: reason=unstable_if action=reinterpret pc=0x0000021d26cd2478 method=java.util.Properties.load0(Ljava/util/Properties$LineReader;)V @ 160 c2
Event: 9.616 Thread 0x0000021d39240800 Uncommon trap: reason=class_check action=maybe_recompile pc=0x0000021d26b43c2c method=java.nio.charset.Charset.lookup(Ljava/lang/String;)Ljava/nio/charset/Charset; @ 35 c2
Event: 9.624 Thread 0x0000021d39240800 Uncommon trap: reason=class_check action=maybe_recompile pc=0x0000021d26b43c2c method=java.nio.charset.Charset.lookup(Ljava/lang/String;)Ljava/nio/charset/Charset; @ 35 c2
Event: 9.624 Thread 0x0000021d39240800 Uncommon trap: reason=class_check action=maybe_recompile pc=0x0000021d26b43c2c method=java.nio.charset.Charset.lookup(Ljava/lang/String;)Ljava/nio/charset/Charset; @ 35 c2
Event: 9.671 Thread 0x0000021d39240800 Uncommon trap: reason=unstable_if action=reinterpret pc=0x0000021d26b180bc method=java.lang.AbstractStringBuilder.append(Ljava/lang/String;)Ljava/lang/AbstractStringBuilder; @ 1 c2
Event: 9.671 Thread 0x0000021d39240800 Uncommon trap: reason=unstable_if action=reinterpret pc=0x0000021d26b07394 method=java.lang.AbstractStringBuilder.append(Ljava/lang/String;)Ljava/lang/AbstractStringBuilder; @ 1 c2
Event: 10.340 Thread 0x0000021d39240800 Uncommon trap: reason=unstable_if action=reinterpret pc=0x0000021d26dfe3b0 method=java.util.HashMap.computeIfAbsent(Ljava/lang/Object;Ljava/util/function/Function;)Ljava/lang/Object; @ 145 c2
Event: 10.522 Thread 0x0000021d39240800 Uncommon trap: reason=unstable_if action=reinterpret pc=0x0000021d26d1d52c method=java.util.HashMap$HashIterator.<init>(Ljava/util/HashMap;)V @ 45 c2
Event: 10.530 Thread 0x0000021d39240800 Uncommon trap: reason=unstable_if action=reinterpret pc=0x0000021d26c90b6c method=org.springframework.beans.factory.support.AbstractAutowireCapableBeanFactory.determineTargetType(Ljava/lang/String;Lorg/springframework/beans/factory/support/RootBeanDefinit

Classes redefined (0 events):
No events

Internal exceptions (10 events):
Event: 10.657 Thread 0x0000021d39240800 Exception <a 'java/lang/ClassNotFoundException'{0x000000075101ceb8}: org/springframework/beans/factory/FactoryBeanCustomizer> (0x000000075101ceb8) thrown at [./open/src/hotspot/share/classfile/systemDictionary.cpp, line 228]
Event: 10.659 Thread 0x0000021d39240800 Exception <a 'java/lang/ClassNotFoundException'{0x000000075104b628}: org/springframework/beans/factory/BeanClassLoaderAwareCustomizer> (0x000000075104b628) thrown at [./open/src/hotspot/share/classfile/systemDictionary.cpp, line 228]
Event: 10.661 Thread 0x0000021d39240800 Exception <a 'java/lang/ClassNotFoundException'{0x0000000751071d80}: org/springframework/beans/factory/AwareCustomizer> (0x0000000751071d80) thrown at [./open/src/hotspot/share/classfile/systemDictionary.cpp, line 228]
Event: 10.662 Thread 0x0000021d39240800 Exception <a 'java/lang/ClassNotFoundException'{0x000000075109b850}: org/springframework/beans/factory/BeanFactoryAwareCustomizer> (0x000000075109b850) thrown at [./open/src/hotspot/share/classfile/systemDictionary.cpp, line 228]
Event: 10.663 Thread 0x0000021d39240800 Exception <a 'java/lang/ClassNotFoundException'{0x00000007510c24a8}: org/springframework/beans/factory/AwareCustomizer> (0x00000007510c24a8) thrown at [./open/src/hotspot/share/classfile/systemDictionary.cpp, line 228]
Event: 10.665 Thread 0x0000021d39240800 Exception <a 'java/lang/ClassNotFoundException'{0x00000007510ebfc8}: org/springframework/beans/factory/InitializingBeanCustomizer> (0x00000007510ebfc8) thrown at [./open/src/hotspot/share/classfile/systemDictionary.cpp, line 228]
Event: 10.667 Thread 0x0000021d39240800 Exception <a 'java/lang/ClassNotFoundException'{0x0000000750f15e88}: org/springframework/beans/factory/DisposableBeanCustomizer> (0x0000000750f15e88) thrown at [./open/src/hotspot/share/classfile/systemDictionary.cpp, line 228]
Event: 10.671 Thread 0x0000021d39240800 Exception <a 'java/lang/ClassNotFoundException'{0x0000000750f4e860}: java/lang/ObjectCustomizer> (0x0000000750f4e860) thrown at [./open/src/hotspot/share/classfile/systemDictionary.cpp, line 228]
Event: 10.673 Thread 0x0000021d39240800 Exception <a 'java/lang/ClassNotFoundException'{0x0000000750f7f980}: org/springframework/data/jpa/domain/support/AuditingEntityListenerCustomizer> (0x0000000750f7f980) thrown at [./open/src/hotspot/share/classfile/systemDictionary.cpp, line 228]
Event: 10.675 Thread 0x0000021d39240800 Exception <a 'java/lang/ClassNotFoundException'{0x0000000750fb0bd8}: org/springframework/beans/factory/aspectj/ConfigurableObjectCustomizer> (0x0000000750fb0bd8) thrown at [./open/src/hotspot/share/classfile/systemDictionary.cpp, line 228]

Events (10 events):
Event: 10.975 loading class org/hibernate/engine/spi/CascadeStyles$6
Event: 10.975 loading class org/hibernate/engine/spi/CascadeStyles$6 done
Event: 10.976 loading class org/hibernate/engine/spi/CascadeStyles$7
Event: 10.976 loading class org/hibernate/engine/spi/CascadeStyles$7 done
Event: 10.976 loading class org/hibernate/engine/spi/CascadeStyles$8
Event: 10.976 loading class org/hibernate/engine/spi/CascadeStyles$8 done
Event: 10.979 loading class org/hibernate/engine/spi/CascadeStyles$9
Event: 10.979 loading class org/hibernate/engine/spi/CascadeStyles$9 done
Event: 10.979 loading class org/hibernate/engine/spi/CascadeStyles$10
Event: 10.979 loading class org/hibernate/engine/spi/CascadeStyles$10 done


Dynamic libraries:
0x00007ff75b4d0000 - 0x00007ff75b4df000 	C:\Program Files\Java\jdk-11.0.9\bin\java.exe
0x00007ffef5730000 - 0x00007ffef5928000 	C:\WINDOWS\SYSTEM32\ntdll.dll
0x00007ffef3af0000 - 0x00007ffef3baf000 	C:\WINDOWS\System32\KERNEL32.DLL
0x00007ffef3190000 - 0x00007ffef3486000 	C:\WINDOWS\System32\KERNELBASE.dll
0x00007ffef3690000 - 0x00007ffef3790000 	C:\WINDOWS\System32\ucrtbase.dll
0x00007ffee1990000 - 0x00007ffee19a5000 	C:\Program Files\Java\jdk-11.0.9\bin\VCRUNTIME140.dll
0x00007ffee1970000 - 0x00007ffee1988000 	C:\Program Files\Java\jdk-11.0.9\bin\jli.dll
0x00007ffef4030000 - 0x00007ffef40df000 	C:\WINDOWS\System32\ADVAPI32.dll
0x00007ffef3e00000 - 0x00007ffef3e9e000 	C:\WINDOWS\System32\msvcrt.dll
0x00007ffef55a0000 - 0x00007ffef563c000 	C:\WINDOWS\System32\sechost.dll
0x00007ffef3ea0000 - 0x00007ffef3fc6000 	C:\WINDOWS\System32\RPCRT4.dll
0x00007ffef4190000 - 0x00007ffef432d000 	C:\WINDOWS\System32\USER32.dll
0x00007ffef30f0000 - 0x00007ffef3112000 	C:\WINDOWS\System32\win32u.dll
0x00007ffedc220000 - 0x00007ffedc4ba000 	C:\WINDOWS\WinSxS\amd64_microsoft.windows.common-controls_6595b64144ccf1df_6.0.19041.1110_none_60b5254171f9507e\COMCTL32.dll
0x00007ffef4c70000 - 0x00007ffef4c9c000 	C:\WINDOWS\System32\GDI32.dll
0x00007ffef3520000 - 0x00007ffef3635000 	C:\WINDOWS\System32\gdi32full.dll
0x00007ffef2ef0000 - 0x00007ffef2f8d000 	C:\WINDOWS\System32\msvcp_win.dll
0x00007ffeed650000 - 0x00007ffeed65a000 	C:\WINDOWS\SYSTEM32\VERSION.dll
0x00007ffef4590000 - 0x00007ffef45c0000 	C:\WINDOWS\System32\IMM32.DLL
0x00007ffec72b0000 - 0x00007ffec734b000 	C:\Program Files\Java\jdk-11.0.9\bin\msvcp140.dll
0x00007ffe5b750000 - 0x00007ffe5c247000 	C:\Program Files\Java\jdk-11.0.9\bin\server\jvm.dll
0x00007ffef3df0000 - 0x00007ffef3df8000 	C:\WINDOWS\System32\PSAPI.DLL
0x00007ffeda340000 - 0x00007ffeda349000 	C:\WINDOWS\SYSTEM32\WSOCK32.dll
0x00007ffef5530000 - 0x00007ffef559b000 	C:\WINDOWS\System32\WS2_32.dll
0x00007ffed6b00000 - 0x00007ffed6b27000 	C:\WINDOWS\SYSTEM32\WINMM.dll
0x00007ffef1600000 - 0x00007ffef1612000 	C:\WINDOWS\SYSTEM32\kernel.appcore.dll
0x00007ffee1960000 - 0x00007ffee1970000 	C:\Program Files\Java\jdk-11.0.9\bin\verify.dll
0x00007ffef0b00000 - 0x00007ffef0ce4000 	C:\WINDOWS\SYSTEM32\DBGHELP.DLL
0x00007ffed53d0000 - 0x00007ffed5404000 	C:\WINDOWS\SYSTEM32\dbgcore.DLL
0x00007ffef3490000 - 0x00007ffef3512000 	C:\WINDOWS\System32\bcryptPrimitives.dll
0x00007ffee1760000 - 0x00007ffee1788000 	C:\Program Files\Java\jdk-11.0.9\bin\java.dll
0x00007ffee1950000 - 0x00007ffee195a000 	C:\Program Files\Java\jdk-11.0.9\bin\jimage.dll
0x00007ffeddf90000 - 0x00007ffeddfa6000 	C:\Program Files\Java\jdk-11.0.9\bin\zip.dll
0x00007ffef4de0000 - 0x00007ffef5524000 	C:\WINDOWS\System32\SHELL32.dll
0x00007ffef0cf0000 - 0x00007ffef1484000 	C:\WINDOWS\SYSTEM32\windows.storage.dll
0x00007ffef3790000 - 0x00007ffef3ae4000 	C:\WINDOWS\System32\combase.dll
0x00007ffef26a0000 - 0x00007ffef26ce000 	C:\WINDOWS\SYSTEM32\Wldp.dll
0x00007ffef5640000 - 0x00007ffef56ed000 	C:\WINDOWS\System32\SHCORE.dll
0x00007ffef45c0000 - 0x00007ffef4615000 	C:\WINDOWS\System32\shlwapi.dll
0x00007ffef2d40000 - 0x00007ffef2d65000 	C:\WINDOWS\SYSTEM32\profapi.dll
0x00007ffed8930000 - 0x00007ffed8949000 	C:\Program Files\Java\jdk-11.0.9\bin\net.dll
0x00007ffeec220000 - 0x00007ffeec32a000 	C:\WINDOWS\SYSTEM32\WINHTTP.dll
0x00007ffef2480000 - 0x00007ffef24ea000 	C:\WINDOWS\system32\mswsock.dll
0x00007ffed69e0000 - 0x00007ffed69f2000 	C:\Program Files\Java\jdk-11.0.9\bin\nio.dll
0x00007ffede060000 - 0x00007ffede069000 	C:\Program Files\Java\jdk-11.0.9\bin\management.dll
0x00007ffedc0e0000 - 0x00007ffedc0eb000 	C:\Program Files\Java\jdk-11.0.9\bin\management_ext.dll
0x00007ffed3550000 - 0x00007ffed3567000 	C:\WINDOWS\system32\napinsp.dll
0x00007ffed3530000 - 0x00007ffed354b000 	C:\WINDOWS\system32\pnrpnsp.dll
0x00007ffed2e90000 - 0x00007ffed2ea5000 	C:\WINDOWS\system32\wshbth.dll
0x00007ffeedd10000 - 0x00007ffeedd2d000 	C:\WINDOWS\system32\NLAapi.dll
0x00007ffef2190000 - 0x00007ffef21cc000 	C:\WINDOWS\SYSTEM32\IPHLPAPI.DLL
0x00007ffef21d0000 - 0x00007ffef229a000 	C:\WINDOWS\SYSTEM32\DNSAPI.dll
0x00007ffef3c30000 - 0x00007ffef3c38000 	C:\WINDOWS\System32\NSI.dll
0x00007ffed2e60000 - 0x00007ffed2e72000 	C:\WINDOWS\System32\winrnr.dll
0x00007ffee2c30000 - 0x00007ffee2c3a000 	C:\Windows\System32\rasadhlp.dll
0x00007ffeeb8e0000 - 0x00007ffeeb962000 	C:\WINDOWS\System32\fwpuclnt.dll
0x00007ffef2ec0000 - 0x00007ffef2ee7000 	C:\WINDOWS\System32\bcrypt.dll
0x00007ffec7280000 - 0x00007ffec72a5000 	C:\Program Files\Java\jdk-11.0.9\bin\sunec.dll
0x00007ffeda0a0000 - 0x00007ffeda0ad000 	C:\Program Files\Java\jdk-11.0.9\bin\sunmscapi.dll
0x00007ffef2f90000 - 0x00007ffef30ee000 	C:\WINDOWS\System32\CRYPT32.dll
0x00007ffef2760000 - 0x00007ffef2788000 	C:\WINDOWS\SYSTEM32\ncrypt.dll
0x00007ffef2720000 - 0x00007ffef275b000 	C:\WINDOWS\SYSTEM32\NTASN1.dll
0x00007ffef26e0000 - 0x00007ffef26f8000 	C:\WINDOWS\SYSTEM32\CRYPTSP.dll
0x00007ffef1dc0000 - 0x00007ffef1df4000 	C:\WINDOWS\system32\rsaenh.dll
0x00007ffef2cc0000 - 0x00007ffef2cee000 	C:\WINDOWS\SYSTEM32\USERENV.dll
0x00007ffef2610000 - 0x00007ffef261c000 	C:\WINDOWS\SYSTEM32\CRYPTBASE.dll
0x00007ffeec920000 - 0x00007ffeec937000 	C:\WINDOWS\SYSTEM32\dhcpcsvc6.DLL
0x00007ffeec9d0000 - 0x00007ffeec9ed000 	C:\WINDOWS\SYSTEM32\dhcpcsvc.DLL

dbghelp: loaded successfully - version: 4.0.5 - missing functions: none
symbol engine: initialized successfully - sym options: 0x614 - pdb path: .;C:\Program Files\Java\jdk-11.0.9\bin;C:\WINDOWS\SYSTEM32;C:\WINDOWS\WinSxS\amd64_microsoft.windows.common-controls_6595b64144ccf1df_6.0.19041.1110_none_60b5254171f9507e;C:\Program Files\Java\jdk-11.0.9\bin\server

VM Arguments:
java_command: com.ditros.mcd.McdApplication
java_class_path (initial): D:\data-collect-back\target\classes;C:\Users\HP\.m2\repository\org\springframework\boot\spring-boot-starter-security\2.6.8\spring-boot-starter-security-2.6.8.jar;C:\Users\HP\.m2\repository\org\springframework\boot\spring-boot-starter\2.6.8\spring-boot-starter-2.6.8.jar;C:\Users\HP\.m2\repository\org\springframework\boot\spring-boot-starter-logging\2.6.8\spring-boot-starter-logging-2.6.8.jar;C:\Users\HP\.m2\repository\ch\qos\logback\logback-classic\1.2.11\logback-classic-1.2.11.jar;C:\Users\HP\.m2\repository\ch\qos\logback\logback-core\1.2.11\logback-core-1.2.11.jar;C:\Users\HP\.m2\repository\org\apache\logging\log4j\log4j-to-slf4j\2.17.2\log4j-to-slf4j-2.17.2.jar;C:\Users\HP\.m2\repository\org\apache\logging\log4j\log4j-api\2.17.2\log4j-api-2.17.2.jar;C:\Users\HP\.m2\repository\org\slf4j\jul-to-slf4j\1.7.36\jul-to-slf4j-1.7.36.jar;C:\Users\HP\.m2\repository\jakarta\annotation\jakarta.annotation-api\1.3.5\jakarta.annotation-api-1.3.5.jar;C:\Users\HP\.m2\repository\org\yaml\snakeyaml\1.29\snakeyaml-1.29.jar;C:\Users\HP\.m2\repository\org\springframework\spring-aop\5.3.20\spring-aop-5.3.20.jar;C:\Users\HP\.m2\repository\org\springframework\spring-beans\5.3.20\spring-beans-5.3.20.jar;C:\Users\HP\.m2\repository\org\springframework\security\spring-security-config\5.6.5\spring-security-config-5.6.5.jar;C:\Users\HP\.m2\repository\org\springframework\security\spring-security-core\5.6.5\spring-security-core-5.6.5.jar;C:\Users\HP\.m2\repository\org\springframework\security\spring-security-crypto\5.6.5\spring-security-crypto-5.6.5.jar;C:\Users\HP\.m2\repository\org\springframework\spring-context\5.3.20\spring-context-5.3.20.jar;C:\Users\HP\.m2\repository\org\springframework\security\spring-security-web\5.6.5\spring-security-web-5.6.5.jar;C:\Users\HP\.m2\repository\org\springframework\spring-expression\5.3.20\spring-expression-5.3.20.jar;C:\Users\HP\.m2\repository\org\springframework\boot\spring-boot-starter-websocket\2.6.8\spring-boot-starter-websoc
Launcher Type: SUN_STANDARD

[Global flags]
     intx CICompilerCount                          = 3                                         {product} {ergonomic}
     uint ConcGCThreads                            = 1                                         {product} {ergonomic}
     uint G1ConcRefinementThreads                  = 4                                         {product} {ergonomic}
   size_t G1HeapRegionSize                         = 1048576                                   {product} {ergonomic}
    uintx GCDrainStackTargetSize                   = 64                                        {product} {ergonomic}
   size_t InitialHeapSize                          = 201326592                                 {product} {ergonomic}
   size_t MarkStackSize                            = 4194304                                   {product} {ergonomic}
   size_t MaxHeapSize                              = 3198156800                                {product} {ergonomic}
   size_t MaxNewSize                               = 1918894080                                {product} {ergonomic}
   size_t MinHeapDeltaBytes                        = 1048576                                   {product} {ergonomic}
    uintx NonNMethodCodeHeapSize                   = 5830732                                {pd product} {ergonomic}
    uintx NonProfiledCodeHeapSize                  = 122913754                              {pd product} {ergonomic}
    uintx ProfiledCodeHeapSize                     = 122913754                              {pd product} {ergonomic}
    uintx ReservedCodeCacheSize                    = 251658240                              {pd product} {ergonomic}
     bool SegmentedCodeCache                       = true                                      {product} {ergonomic}
     bool UseCompressedClassPointers               = true                                 {lp64_product} {ergonomic}
     bool UseCompressedOops                        = true                                 {lp64_product} {ergonomic}
     bool UseG1GC                                  = true                                      {product} {ergonomic}
     bool UseLargePagesIndividualAllocation        = false                                  {pd product} {ergonomic}

Logging:
Log output configuration:
 #0: stdout all=warning uptime,level,tags
 #1: stderr all=off uptime,level,tags

Environment Variables:
JAVA_HOME=C:\Program Files\Java\jdk-11.0.9
PATH=C:\Program Files\Python310\Scripts\;C:\Program Files\Python310\;C:\Program Files (x86)\Common Files\Intel\Shared Libraries\redist\intel64\compiler;C:\WINDOWS\system32;C:\WINDOWS;C:\WINDOWS\System32\Wbem;C:\WINDOWS\System32\WindowsPowerShell\v1.0\;C:\WINDOWS\System32\OpenSSH\;C:\wamp64\www\scriptcase\components\php;C:\wamp64\bin\php\php7.4.26;C:\wamp64\bin\php\php7.3.25;C:\wamp64\bin\php\php7.1.29;C:\Program Files\nodejs;C:\Program Files\PuTTY\;C:\ProgramData\ComposerSetup\bin;C:\Program Files\Git\cmd;C:\Program Files (x86)\Yarn\bin\;C:\Program Files\Java\jdk-11.0.9\bin;C:\Users\HP\AppData\Local\Programs\Python\Python37;C:\Users\HP\AppData\Local\Programs\Python\Python37\Scripts;C:\Users\HP\AppData\Local\Android\flutter\bin;C:\Users\HP\AppData\Roaming\Composer\vendor\laravel\installer\bin;C:\Program Files (x86)\Bitvise SSH Client;C:\wamp64\www\apache-maven-3.8.4\bin;C:\Program Files\NetMake\v9-php73\components\php;C:\Program Files\Docker\Docker\resources\bin;C:\Program Files\nodejs\;C:\Program Files\CMake\bin;C:\Program Files\Java\jdk-11.0.19\bin;C:\Program Files\Tesseract-OCR;C:\Users\HP\AppData\Local\Programs\Python\Python310\Scripts\;C:\Users\HP\AppData\Local\Programs\Python\Python310\;C:\Users\HP\AppData\Local\Microsoft\WindowsApps;C:\Users\HP\AppData\Roaming\Composer\vendor\bin;C:\Users\HP\AppData\Local\Yarn\bin;C:\Program Files\heroku\bin;C:\Users\HP\AppData\Local\Programs\Microsoft VS Code\bin;C:\Users\HP\AppData\Local\GitHubDesktop\bin;C:\Users\HP\AppData\Roaming\npm;
USERNAME=HP
OS=Windows_NT
PROCESSOR_IDENTIFIER=Intel64 Family 6 Model 142 Stepping 10, GenuineIntel



---------------  S Y S T E M  ---------------

OS: Windows 10 , 64 bit Build 19041 (10.0.19041.3155)
HyperV virtualization detected

CPU:total 4 (initial active 4) (2 cores per cpu, 2 threads per core) family 6 model 142 stepping 10, cmov, cx8, fxsr, mmx, sse, sse2, sse3, ssse3, sse4.1, sse4.2, popcnt, avx, avx2, aes, clmul, erms, 3dnowpref, lzcnt, ht, tsc, tscinvbit, bmi1, bmi2, adx, fma

Memory: 4k page, system-wide physical 12199M (4154M free)
TotalPageFile size 14247M (AvailPageFile size 8M)
current process WorkingSet (physical memory assigned to process): 444M, peak: 453M
current process commit charge ("private bytes"): 529M, peak: 533M

vm_info: Java HotSpot(TM) 64-Bit Server VM (11.0.9+7-LTS) for windows-amd64 JRE (11.0.9+7-LTS), built on Sep 15 2020 16:47:03 by "mach5one" with MS VC++ 15.9 (VS2017)

END.
