#
# There is insufficient memory for the Java Runtime Environment to continue.
# Native memory allocation (malloc) failed to allocate 1207200 bytes for Chunk::new
# Possible reasons:
#   The system is out of physical RAM or swap space
#   The process is running with CompressedOops enabled, and the Java Heap may be blocking the growth of the native heap
# Possible solutions:
#   Reduce memory load on the system
#   Increase physical memory or swap space
#   Check if swap backing store is full
#   Decrease Java heap size (-Xmx/-Xms)
#   Decrease number of Java threads
#   Decrease Java thread stack sizes (-Xss)
#   Set larger code cache with -XX:ReservedCodeCacheSize=
#   JVM is running with Unscaled Compressed Oops mode in which the Java heap is
#     placed in the first 4GB address space. The Java Heap base address is the
#     maximum limit for the native heap growth. Please use -XX:HeapBaseMinAddress
#     to set the Java Heap base and to place the Java Heap above 4GB virtual address.
# This output file may be truncated or incomplete.
#
#  Out of Memory Error (arena.cpp:189), pid=16164, tid=14692
#
# JRE version: OpenJDK Runtime Environment Temurin-17.0.7+7 (17.0.7+7) (build 17.0.7+7)
# Java VM: OpenJDK 64-Bit Server VM Temurin-17.0.7+7 (17.0.7+7, mixed mode, tiered, compressed oops, compressed class ptrs, parallel gc, windows-amd64)
# No core dump will be written. Minidumps are not enabled by default on client versions of Windows
#

---------------  S U M M A R Y ------------

Command Line: --add-modules=ALL-SYSTEM --add-opens=java.base/java.util=ALL-UNNAMED --add-opens=java.base/java.lang=ALL-UNNAMED --add-opens=java.base/sun.nio.fs=ALL-UNNAMED -Declipse.application=org.eclipse.jdt.ls.core.id1 -Dosgi.bundles.defaultStartLevel=4 -Declipse.product=org.eclipse.jdt.ls.core.product -Djava.import.generatesMetadataFilesAtProjectRoot=false -Dfile.encoding=utf8 -XX:+UseParallelGC -XX:GCTimeRatio=4 -XX:AdaptiveSizePolicyWeight=90 -Dsun.zip.disableMemoryMapping=true -Xmx1G -Xms100m -Xlog:disable -javaagent:c:\Users\HP\.vscode\extensions\redhat.java-1.20.0-win32-x64\lombok\lombok-1.18.28.jar -XX:+HeapDumpOnOutOfMemoryError -XX:HeapDumpPath=c:\Users\HP\AppData\Roaming\Code\User\workspaceStorage\5541fb1794e4195495f0c57edcbd7686\redhat.java -Daether.dependencyCollector.impl=bf c:\Users\HP\.vscode\extensions\redhat.java-1.20.0-win32-x64\server\plugins\org.eclipse.equinox.launcher_1.6.500.v20230622-2056.jar -configuration c:\Users\HP\AppData\Roaming\Code\User\globalStorage\redhat.java\1.20.0\config_win -data c:\Users\HP\AppData\Roaming\Code\User\workspaceStorage\5541fb1794e4195495f0c57edcbd7686\redhat.java\jdt_ws

Host: Intel(R) Core(TM) i3-8130U CPU @ 2.20GHz, 4 cores, 11G,  Windows 10 , 64 bit Build 19041 (10.0.19041.3155)
Time: Wed Jul 19 13:55:40 2023 Afr. centrale Ouest elapsed time: 372.340571 seconds (0d 0h 6m 12s)

---------------  T H R E A D  ---------------

Current thread (0x000001c37f0ad3c0):  JavaThread "C2 CompilerThread0" daemon [_thread_in_native, id=14692, stack(0x0000008988100000,0x0000008988200000)]


Current CompileTask:
C2: 372340 23394   !   4       org.eclipse.jdt.internal.compiler.lookup.ParameterizedGenericMethodBinding::computeCompatibleMethod18 (950 bytes)

Stack: [0x0000008988100000,0x0000008988200000]
Native frames: (J=compiled Java code, j=interpreted, Vv=VM code, C=native code)
V  [jvm.dll+0x67754a]
V  [jvm.dll+0x834304]
V  [jvm.dll+0x835aae]
V  [jvm.dll+0x836113]
V  [jvm.dll+0x24696f]
V  [jvm.dll+0xac0ac]
V  [jvm.dll+0xac67c]
V  [jvm.dll+0x364e37]
V  [jvm.dll+0x32f6b1]
V  [jvm.dll+0x32eb5a]
V  [jvm.dll+0x219641]
V  [jvm.dll+0x218a61]
V  [jvm.dll+0x1a4d8d]
V  [jvm.dll+0x2284da]
V  [jvm.dll+0x226615]
V  [jvm.dll+0x7ea90b]
V  [jvm.dll+0x7e4e7a]
V  [jvm.dll+0x676395]
C  [ucrtbase.dll+0x21bb2]
C  [KERNEL32.DLL+0x17614]
C  [ntdll.dll+0x526b1]


---------------  P R O C E S S  ---------------

Threads class SMR info:
_java_thread_list=0x000001c317c12dc0, length=37, elements={
0x000001c3783326a0, 0x000001c37f080750, 0x000001c37f081750, 0x000001c37f0a7290,
0x000001c37f0a8010, 0x000001c37f0a8d90, 0x000001c37f0ac7d0, 0x000001c37f0ad3c0,
0x000001c313261ec0, 0x000001c313264b80, 0x000001c3132f7350, 0x000001c313453f90,
0x000001c313ed0710, 0x000001c31428b180, 0x000001c313eeb210, 0x000001c313d2da20,
0x000001c313dfb260, 0x000001c313dff550, 0x000001c31365d0a0, 0x000001c31365c700,
0x000001c31365c230, 0x000001c31365cbd0, 0x000001c31365a080, 0x000001c315d56550,
0x000001c315d53ed0, 0x000001c315d53060, 0x000001c315d573c0, 0x000001c31672f230,
0x000001c31672a060, 0x000001c31672fbd0, 0x000001c3167300a0, 0x000001c316730570,
0x000001c316730a40, 0x000001c3167313e0, 0x000001c315d50eb0, 0x000001c315d57890,
0x000001c3155a7830
}

Java Threads: ( => current thread )
  0x000001c3783326a0 JavaThread "main" [_thread_blocked, id=10596, stack(0x0000008987800000,0x0000008987900000)]
  0x000001c37f080750 JavaThread "Reference Handler" daemon [_thread_blocked, id=12148, stack(0x0000008987b00000,0x0000008987c00000)]
  0x000001c37f081750 JavaThread "Finalizer" daemon [_thread_blocked, id=17504, stack(0x0000008987c00000,0x0000008987d00000)]
  0x000001c37f0a7290 JavaThread "Signal Dispatcher" daemon [_thread_blocked, id=16172, stack(0x0000008987d00000,0x0000008987e00000)]
  0x000001c37f0a8010 JavaThread "Attach Listener" daemon [_thread_blocked, id=18384, stack(0x0000008987e00000,0x0000008987f00000)]
  0x000001c37f0a8d90 JavaThread "Service Thread" daemon [_thread_blocked, id=19528, stack(0x0000008987f00000,0x0000008988000000)]
  0x000001c37f0ac7d0 JavaThread "Monitor Deflation Thread" daemon [_thread_blocked, id=19224, stack(0x0000008988000000,0x0000008988100000)]
=>0x000001c37f0ad3c0 JavaThread "C2 CompilerThread0" daemon [_thread_in_native, id=14692, stack(0x0000008988100000,0x0000008988200000)]
  0x000001c313261ec0 JavaThread "C1 CompilerThread0" daemon [_thread_blocked, id=13752, stack(0x0000008988200000,0x0000008988300000)]
  0x000001c313264b80 JavaThread "Sweeper thread" daemon [_thread_blocked, id=19608, stack(0x0000008988300000,0x0000008988400000)]
  0x000001c3132f7350 JavaThread "Common-Cleaner" daemon [_thread_blocked, id=14536, stack(0x0000008988400000,0x0000008988500000)]
  0x000001c313453f90 JavaThread "Notification Thread" daemon [_thread_blocked, id=18856, stack(0x0000008988500000,0x0000008988600000)]
  0x000001c313ed0710 JavaThread "Active Thread: Equinox Container: 9fadcba1-86b4-4118-ad24-9308a5792927" [_thread_blocked, id=8804, stack(0x0000008988a00000,0x0000008988b00000)]
  0x000001c31428b180 JavaThread "Framework Event Dispatcher: Equinox Container: 9fadcba1-86b4-4118-ad24-9308a5792927" daemon [_thread_blocked, id=10684, stack(0x0000008988c00000,0x0000008988d00000)]
  0x000001c313eeb210 JavaThread "Start Level: Equinox Container: 9fadcba1-86b4-4118-ad24-9308a5792927" daemon [_thread_blocked, id=19936, stack(0x0000008988d00000,0x0000008988e00000)]
  0x000001c313d2da20 JavaThread "SCR Component Actor" daemon [_thread_blocked, id=15688, stack(0x0000008988b00000,0x0000008988c00000)]
  0x000001c313dfb260 JavaThread "Worker-JM" [_thread_blocked, id=9324, stack(0x0000008989000000,0x0000008989100000)]
  0x000001c313dff550 JavaThread "Worker-1" [_thread_blocked, id=14256, stack(0x0000008989200000,0x0000008989300000)]
  0x000001c31365d0a0 JavaThread "Java indexing" daemon [_thread_blocked, id=15292, stack(0x0000008989300000,0x0000008989400000)]
  0x000001c31365c700 JavaThread "JNA Cleaner" daemon [_thread_blocked, id=17356, stack(0x0000008989500000,0x0000008989600000)]
  0x000001c31365c230 JavaThread "pool-2-thread-1" [_thread_blocked, id=16796, stack(0x0000008989800000,0x0000008989900000)]
  0x000001c31365cbd0 JavaThread "WorkspaceEventsHandler" [_thread_blocked, id=20328, stack(0x0000008989900000,0x0000008989a00000)]
  0x000001c31365a080 JavaThread "pool-1-thread-1" [_thread_in_native, id=8448, stack(0x0000008989a00000,0x0000008989b00000)]
  0x000001c315d56550 JavaThread "Worker-3" [_thread_blocked, id=20820, stack(0x0000008989b00000,0x0000008989c00000)]
  0x000001c315d53ed0 JavaThread "ForkJoinPool.commonPool-worker-1" daemon [_thread_blocked, id=14948, stack(0x0000008989f00000,0x000000898a000000)]
  0x000001c315d53060 JavaThread "ForkJoinPool.commonPool-worker-3" daemon [_thread_blocked, id=20772, stack(0x000000898a100000,0x000000898a200000)]
  0x000001c315d573c0 JavaThread "Bundle File Closer" daemon [_thread_blocked, id=9752, stack(0x000000898a200000,0x000000898a300000)]
  0x000001c31672f230 JavaThread "Java Debug Server" daemon [_thread_in_native, id=2368, stack(0x0000008987700000,0x0000008987800000)]
  0x000001c31672a060 JavaThread "pool-4-thread-1" [_thread_in_native, id=10988, stack(0x0000008988f00000,0x0000008989000000)]
  0x000001c31672fbd0 JavaThread "RxSchedulerPurge-1" daemon [_thread_blocked, id=5344, stack(0x0000008989400000,0x0000008989500000)]
  0x000001c3167300a0 JavaThread "RxCachedWorkerPoolEvictor-1" daemon [_thread_blocked, id=19848, stack(0x0000008989c00000,0x0000008989d00000)]
  0x000001c316730570 JavaThread "RxNewThreadScheduler-1" daemon [_thread_blocked, id=21180, stack(0x000000898a300000,0x000000898a400000)]
  0x000001c316730a40 JavaThread "process reaper (pid 17608)" daemon [_thread_in_native, id=7088, stack(0x0000008987380000,0x00000089873a0000)]
  0x000001c3167313e0 JavaThread "ForkJoinPool.commonPool-worker-4" daemon [_thread_blocked, id=21484, stack(0x0000008989600000,0x0000008989700000)]
  0x000001c315d50eb0 JavaThread "Worker-7" [_thread_blocked, id=16588, stack(0x0000008987600000,0x0000008987700000)]
  0x000001c315d57890 JavaThread "Worker-8" [_thread_blocked, id=19500, stack(0x0000008989e00000,0x0000008989f00000)]
  0x000001c3155a7830 JavaThread "C2 CompilerThread1" daemon [_thread_blocked, id=20172, stack(0x0000008988e00000,0x0000008988f00000)]

Other Threads:
  0x000001c37f0675d0 VMThread "VM Thread" [stack: 0x0000008987a00000,0x0000008987b00000] [id=14084]
  0x000001c3134aec40 WatcherThread [stack: 0x0000008988600000,0x0000008988700000] [id=16308]
  0x000001c37834ae50 GCTaskThread "GC Thread#0" [stack: 0x0000008987900000,0x0000008987a00000] [id=12552]
  0x000001c3137d28a0 GCTaskThread "GC Thread#1" [stack: 0x0000008988700000,0x0000008988800000] [id=11352]
  0x000001c3138d2800 GCTaskThread "GC Thread#2" [stack: 0x0000008988800000,0x0000008988900000] [id=6032]
  0x000001c313ccf020 GCTaskThread "GC Thread#3" [stack: 0x0000008988900000,0x0000008988a00000] [id=2060]

Threads with active compile tasks:
C2 CompilerThread0   372375 23394   !   4       org.eclipse.jdt.internal.compiler.lookup.ParameterizedGenericMethodBinding::computeCompatibleMethod18 (950 bytes)

VM state: not at safepoint (normal execution)

VM Mutex/Monitor currently owned by a thread: None

Heap address: 0x00000000c0000000, size: 1024 MB, Compressed Oops mode: 32-bit

CDS archive(s) not mapped
Compressed class space mapped at: 0x0000000100000000-0x0000000140000000, reserved size: 1073741824
Narrow klass base: 0x0000000000000000, Narrow klass shift: 3, Narrow klass range: 0x140000000

GC Precious Log:
 CPUs: 4 total, 4 available
 Memory: 12199M
 Large Page Support: Disabled
 NUMA Support: Disabled
 Compressed Oops: Enabled (32-bit)
 Alignments: Space 512K, Generation 512K, Heap 2M
 Heap Min Capacity: 100M
 Heap Initial Capacity: 100M
 Heap Max Capacity: 1G
 Pre-touch: Disabled
 Parallel Workers: 4

Heap:
 PSYoungGen      total 7680K, used 4300K [0x00000000eab00000, 0x00000000eb600000, 0x0000000100000000)
  eden space 7168K, 58% used [0x00000000eab00000,0x00000000eaf13138,0x00000000eb200000)
  from space 512K, 25% used [0x00000000eb200000,0x00000000eb220000,0x00000000eb280000)
  to   space 512K, 0% used [0x00000000eb580000,0x00000000eb580000,0x00000000eb600000)
 ParOldGen       total 189952K, used 156666K [0x00000000c0000000, 0x00000000cb980000, 0x00000000eab00000)
  object space 189952K, 82% used [0x00000000c0000000,0x00000000c98fe900,0x00000000cb980000)
 Metaspace       used 91821K, committed 93120K, reserved 1179648K
  class space    used 9444K, committed 10048K, reserved 1048576K

Card table byte_map: [0x000001c37c980000,0x000001c37cb90000] _byte_map_base: 0x000001c37c380000

Marking Bits: (ParMarkBitMap*) 0x00007ffdfdbc52c0
 Begin Bits: [0x000001c37ccf0000, 0x000001c37dcf0000)
 End Bits:   [0x000001c37dcf0000, 0x000001c37ecf0000)

Polling page: 0x000001c378190000

Metaspace:

Usage:
  Non-class:     80.45 MB used.
      Class:      9.22 MB used.
       Both:     89.67 MB used.

Virtual space:
  Non-class space:      128.00 MB reserved,      81.12 MB ( 63%) committed,  2 nodes.
      Class space:        1.00 GB reserved,       9.81 MB ( <1%) committed,  1 nodes.
             Both:        1.12 GB reserved,      90.94 MB (  8%) committed. 

Chunk freelists:
   Non-Class:  14.44 MB
       Class:  6.20 MB
        Both:  20.64 MB

MaxMetaspaceSize: unlimited
CompressedClassSpaceSize: 1.00 GB
Initial GC threshold: 21.00 MB
Current GC threshold: 151.56 MB
CDS: off
MetaspaceReclaimPolicy: balanced
 - commit_granule_bytes: 65536.
 - commit_granule_words: 8192.
 - virtual_space_node_default_size: 8388608.
 - enlarge_chunks_in_place: 1.
 - new_chunks_are_fully_committed: 0.
 - uncommit_free_chunks: 1.
 - use_allocation_guard: 0.
 - handle_deallocations: 1.


Internal statistics:

num_allocs_failed_limit: 9.
num_arena_births: 972.
num_arena_deaths: 14.
num_vsnodes_births: 3.
num_vsnodes_deaths: 0.
num_space_committed: 1455.
num_space_uncommitted: 0.
num_chunks_returned_to_freelist: 23.
num_chunks_taken_from_freelist: 4844.
num_chunk_merges: 10.
num_chunk_splits: 2953.
num_chunks_enlarged: 1612.
num_inconsistent_stats: 0.

CodeHeap 'non-profiled nmethods': size=120000Kb used=19834Kb max_used=19834Kb free=100166Kb
 bounds [0x000001c307ad0000, 0x000001c308e30000, 0x000001c30f000000]
CodeHeap 'profiled nmethods': size=120000Kb used=32274Kb max_used=33208Kb free=87726Kb
 bounds [0x000001c300000000, 0x000001c302090000, 0x000001c307530000]
CodeHeap 'non-nmethods': size=5760Kb used=1441Kb max_used=1565Kb free=4318Kb
 bounds [0x000001c307530000, 0x000001c3077a0000, 0x000001c307ad0000]
 total_blobs=16810 nmethods=16009 adapters=707
 compilation: enabled
              stopped_count=0, restarted_count=0
 full_count=0

Compilation events (20 events):
Event: 372.291 Thread 0x000001c313261ec0 nmethod 23415 0x000001c301186e10 code [0x000001c301187080, 0x000001c301187c98]
Event: 372.291 Thread 0x000001c313261ec0 23416       3       org.eclipse.jdt.internal.corext.dom.GenericVisitor::endVisit (6 bytes)
Event: 372.291 Thread 0x000001c313261ec0 nmethod 23416 0x000001c30046e710 code [0x000001c30046e8a0, 0x000001c30046ea78]
Event: 372.291 Thread 0x000001c313261ec0 23417       3       org.eclipse.jdt.core.dom.LambdaExpression::subtreeMatch0 (7 bytes)
Event: 372.291 Thread 0x000001c3155a7830 23418       4       org.eclipse.jdt.ls.core.internal.corext.refactoring.code.SnippetFinder::visitNode (33 bytes)
Event: 372.291 Thread 0x000001c313261ec0 nmethod 23417 0x000001c301838310 code [0x000001c3018384c0, 0x000001c301838688]
Event: 372.291 Thread 0x000001c313261ec0 23419       3       org.eclipse.jdt.core.dom.QualifiedName::subtreeMatch0 (7 bytes)
Event: 372.292 Thread 0x000001c313261ec0 nmethod 23419 0x000001c301837e90 code [0x000001c301838040, 0x000001c301838208]
Event: 372.293 Thread 0x000001c313261ec0 23421       3       org.eclipse.jdt.internal.corext.dom.ASTNodes::getVariableBinding (19 bytes)
Event: 372.293 Thread 0x000001c313261ec0 nmethod 23421 0x000001c301837690 code [0x000001c301837860, 0x000001c301837d08]
Event: 372.299 Thread 0x000001c3155a7830 nmethod 23418 0x000001c308e2b510 code [0x000001c308e2b700, 0x000001c308e2bb50]
Event: 372.299 Thread 0x000001c313261ec0 23422       3       org.eclipse.jdt.internal.corext.refactoring.code.flow.FlowAnalyzer::endVisit (20 bytes)
Event: 372.299 Thread 0x000001c3155a7830 23420       4       org.eclipse.jdt.ls.core.internal.corext.refactoring.code.SnippetFinder::matches (93 bytes)
Event: 372.299 Thread 0x000001c313261ec0 nmethod 23422 0x000001c3018b1f90 code [0x000001c3018b21a0, 0x000001c3018b2a78]
Event: 372.299 Thread 0x000001c313261ec0 23423       3       org.eclipse.jdt.core.dom.TypeBinding::getTypeArguments (125 bytes)
Event: 372.300 Thread 0x000001c313261ec0 nmethod 23423 0x000001c301a84310 code [0x000001c301a84540, 0x000001c301a85068]
Event: 372.300 Thread 0x000001c313261ec0 23424       1       org.eclipse.lsp4j.CodeActionCapabilities::getDataSupport (5 bytes)
Event: 372.300 Thread 0x000001c313261ec0 nmethod 23424 0x000001c308e2c010 code [0x000001c308e2c1a0, 0x000001c308e2c278]
Event: 372.300 Thread 0x000001c313261ec0 23425       1       org.eclipse.lsp4j.CodeActionResolveSupportCapabilities::getProperties (5 bytes)
Event: 372.300 Thread 0x000001c313261ec0 nmethod 23425 0x000001c308e2c310 code [0x000001c308e2c4a0, 0x000001c308e2c578]

GC Heap History (20 events):
Event: 371.907 GC heap before
{Heap before GC invocations=1437 (full 41):
 PSYoungGen      total 11264K, used 10752K [0x00000000eab00000, 0x00000000eb900000, 0x0000000100000000)
  eden space 10752K, 100% used [0x00000000eab00000,0x00000000eb580000,0x00000000eb580000)
  from space 512K, 0% used [0x00000000eb880000,0x00000000eb880000,0x00000000eb900000)
  to   space 1536K, 0% used [0x00000000eb600000,0x00000000eb600000,0x00000000eb780000)
 ParOldGen       total 189952K, used 143262K [0x00000000c0000000, 0x00000000cb980000, 0x00000000eab00000)
  object space 189952K, 75% used [0x00000000c0000000,0x00000000c8be7b58,0x00000000cb980000)
 Metaspace       used 91794K, committed 93120K, reserved 1179648K
  class space    used 9444K, committed 10048K, reserved 1048576K
}
Event: 371.909 GC heap after
{Heap after GC invocations=1437 (full 41):
 PSYoungGen      total 12288K, used 1056K [0x00000000eab00000, 0x00000000eb900000, 0x0000000100000000)
  eden space 10752K, 0% used [0x00000000eab00000,0x00000000eab00000,0x00000000eb580000)
  from space 1536K, 68% used [0x00000000eb600000,0x00000000eb708040,0x00000000eb780000)
  to   space 1536K, 0% used [0x00000000eb780000,0x00000000eb780000,0x00000000eb900000)
 ParOldGen       total 189952K, used 143262K [0x00000000c0000000, 0x00000000cb980000, 0x00000000eab00000)
  object space 189952K, 75% used [0x00000000c0000000,0x00000000c8be7b58,0x00000000cb980000)
 Metaspace       used 91794K, committed 93120K, reserved 1179648K
  class space    used 9444K, committed 10048K, reserved 1048576K
}
Event: 371.943 GC heap before
{Heap before GC invocations=1438 (full 41):
 PSYoungGen      total 12288K, used 11808K [0x00000000eab00000, 0x00000000eb900000, 0x0000000100000000)
  eden space 10752K, 100% used [0x00000000eab00000,0x00000000eb580000,0x00000000eb580000)
  from space 1536K, 68% used [0x00000000eb600000,0x00000000eb708040,0x00000000eb780000)
  to   space 1536K, 0% used [0x00000000eb780000,0x00000000eb780000,0x00000000eb900000)
 ParOldGen       total 189952K, used 143262K [0x00000000c0000000, 0x00000000cb980000, 0x00000000eab00000)
  object space 189952K, 75% used [0x00000000c0000000,0x00000000c8be7b58,0x00000000cb980000)
 Metaspace       used 91794K, committed 93120K, reserved 1179648K
  class space    used 9444K, committed 10048K, reserved 1048576K
}
Event: 371.947 GC heap after
{Heap after GC invocations=1438 (full 41):
 PSYoungGen      total 11776K, used 1520K [0x00000000eab00000, 0x00000000eba80000, 0x0000000100000000)
  eden space 10240K, 0% used [0x00000000eab00000,0x00000000eab00000,0x00000000eb500000)
  from space 1536K, 98% used [0x00000000eb780000,0x00000000eb8fc050,0x00000000eb900000)
  to   space 2560K, 0% used [0x00000000eb500000,0x00000000eb500000,0x00000000eb780000)
 ParOldGen       total 189952K, used 143790K [0x00000000c0000000, 0x00000000cb980000, 0x00000000eab00000)
  object space 189952K, 75% used [0x00000000c0000000,0x00000000c8c6bba8,0x00000000cb980000)
 Metaspace       used 91794K, committed 93120K, reserved 1179648K
  class space    used 9444K, committed 10048K, reserved 1048576K
}
Event: 371.980 GC heap before
{Heap before GC invocations=1439 (full 41):
 PSYoungGen      total 11776K, used 11760K [0x00000000eab00000, 0x00000000eba80000, 0x0000000100000000)
  eden space 10240K, 100% used [0x00000000eab00000,0x00000000eb500000,0x00000000eb500000)
  from space 1536K, 98% used [0x00000000eb780000,0x00000000eb8fc050,0x00000000eb900000)
  to   space 2560K, 0% used [0x00000000eb500000,0x00000000eb500000,0x00000000eb780000)
 ParOldGen       total 189952K, used 143790K [0x00000000c0000000, 0x00000000cb980000, 0x00000000eab00000)
  object space 189952K, 75% used [0x00000000c0000000,0x00000000c8c6bba8,0x00000000cb980000)
 Metaspace       used 91794K, committed 93120K, reserved 1179648K
  class space    used 9444K, committed 10048K, reserved 1048576K
}
Event: 371.986 GC heap after
{Heap after GC invocations=1439 (full 41):
 PSYoungGen      total 11776K, used 1184K [0x00000000eab00000, 0x00000000eb800000, 0x0000000100000000)
  eden space 10240K, 0% used [0x00000000eab00000,0x00000000eab00000,0x00000000eb500000)
  from space 1536K, 77% used [0x00000000eb500000,0x00000000eb628040,0x00000000eb680000)
  to   space 1536K, 0% used [0x00000000eb680000,0x00000000eb680000,0x00000000eb800000)
 ParOldGen       total 189952K, used 145310K [0x00000000c0000000, 0x00000000cb980000, 0x00000000eab00000)
  object space 189952K, 76% used [0x00000000c0000000,0x00000000c8de7be8,0x00000000cb980000)
 Metaspace       used 91794K, committed 93120K, reserved 1179648K
  class space    used 9444K, committed 10048K, reserved 1048576K
}
Event: 372.016 GC heap before
{Heap before GC invocations=1440 (full 41):
 PSYoungGen      total 11776K, used 11424K [0x00000000eab00000, 0x00000000eb800000, 0x0000000100000000)
  eden space 10240K, 100% used [0x00000000eab00000,0x00000000eb500000,0x00000000eb500000)
  from space 1536K, 77% used [0x00000000eb500000,0x00000000eb628040,0x00000000eb680000)
  to   space 1536K, 0% used [0x00000000eb680000,0x00000000eb680000,0x00000000eb800000)
 ParOldGen       total 189952K, used 145310K [0x00000000c0000000, 0x00000000cb980000, 0x00000000eab00000)
  object space 189952K, 76% used [0x00000000c0000000,0x00000000c8de7be8,0x00000000cb980000)
 Metaspace       used 91794K, committed 93120K, reserved 1179648K
  class space    used 9444K, committed 10048K, reserved 1048576K
}
Event: 372.019 GC heap after
{Heap after GC invocations=1440 (full 41):
 PSYoungGen      total 11776K, used 912K [0x00000000eab00000, 0x00000000eb800000, 0x0000000100000000)
  eden space 10240K, 0% used [0x00000000eab00000,0x00000000eab00000,0x00000000eb500000)
  from space 1536K, 59% used [0x00000000eb680000,0x00000000eb764030,0x00000000eb800000)
  to   space 1536K, 0% used [0x00000000eb500000,0x00000000eb500000,0x00000000eb680000)
 ParOldGen       total 189952K, used 146415K [0x00000000c0000000, 0x00000000cb980000, 0x00000000eab00000)
  object space 189952K, 77% used [0x00000000c0000000,0x00000000c8efbc58,0x00000000cb980000)
 Metaspace       used 91794K, committed 93120K, reserved 1179648K
  class space    used 9444K, committed 10048K, reserved 1048576K
}
Event: 372.066 GC heap before
{Heap before GC invocations=1441 (full 41):
 PSYoungGen      total 11776K, used 11152K [0x00000000eab00000, 0x00000000eb800000, 0x0000000100000000)
  eden space 10240K, 100% used [0x00000000eab00000,0x00000000eb500000,0x00000000eb500000)
  from space 1536K, 59% used [0x00000000eb680000,0x00000000eb764030,0x00000000eb800000)
  to   space 1536K, 0% used [0x00000000eb500000,0x00000000eb500000,0x00000000eb680000)
 ParOldGen       total 189952K, used 146415K [0x00000000c0000000, 0x00000000cb980000, 0x00000000eab00000)
  object space 189952K, 77% used [0x00000000c0000000,0x00000000c8efbc58,0x00000000cb980000)
 Metaspace       used 91794K, committed 93120K, reserved 1179648K
  class space    used 9444K, committed 10048K, reserved 1048576K
}
Event: 372.071 GC heap after
{Heap after GC invocations=1441 (full 41):
 PSYoungGen      total 11776K, used 1440K [0x00000000eab00000, 0x00000000eb800000, 0x0000000100000000)
  eden space 10240K, 0% used [0x00000000eab00000,0x00000000eab00000,0x00000000eb500000)
  from space 1536K, 93% used [0x00000000eb500000,0x00000000eb668020,0x00000000eb680000)
  to   space 1536K, 0% used [0x00000000eb680000,0x00000000eb680000,0x00000000eb800000)
 ParOldGen       total 189952K, used 147243K [0x00000000c0000000, 0x00000000cb980000, 0x00000000eab00000)
  object space 189952K, 77% used [0x00000000c0000000,0x00000000c8fcac88,0x00000000cb980000)
 Metaspace       used 91794K, committed 93120K, reserved 1179648K
  class space    used 9444K, committed 10048K, reserved 1048576K
}
Event: 372.115 GC heap before
{Heap before GC invocations=1442 (full 41):
 PSYoungGen      total 11776K, used 11680K [0x00000000eab00000, 0x00000000eb800000, 0x0000000100000000)
  eden space 10240K, 100% used [0x00000000eab00000,0x00000000eb500000,0x00000000eb500000)
  from space 1536K, 93% used [0x00000000eb500000,0x00000000eb668020,0x00000000eb680000)
  to   space 1536K, 0% used [0x00000000eb680000,0x00000000eb680000,0x00000000eb800000)
 ParOldGen       total 189952K, used 147243K [0x00000000c0000000, 0x00000000cb980000, 0x00000000eab00000)
  object space 189952K, 77% used [0x00000000c0000000,0x00000000c8fcac88,0x00000000cb980000)
 Metaspace       used 91794K, committed 93120K, reserved 1179648K
  class space    used 9444K, committed 10048K, reserved 1048576K
}
Event: 372.118 GC heap after
{Heap after GC invocations=1442 (full 41):
 PSYoungGen      total 11776K, used 1056K [0x00000000eab00000, 0x00000000eb800000, 0x0000000100000000)
  eden space 10240K, 0% used [0x00000000eab00000,0x00000000eab00000,0x00000000eb500000)
  from space 1536K, 68% used [0x00000000eb680000,0x00000000eb788000,0x00000000eb800000)
  to   space 1536K, 0% used [0x00000000eb500000,0x00000000eb500000,0x00000000eb680000)
 ParOldGen       total 189952K, used 148615K [0x00000000c0000000, 0x00000000cb980000, 0x00000000eab00000)
  object space 189952K, 78% used [0x00000000c0000000,0x00000000c9121d88,0x00000000cb980000)
 Metaspace       used 91794K, committed 93120K, reserved 1179648K
  class space    used 9444K, committed 10048K, reserved 1048576K
}
Event: 372.155 GC heap before
{Heap before GC invocations=1443 (full 41):
 PSYoungGen      total 11776K, used 11296K [0x00000000eab00000, 0x00000000eb800000, 0x0000000100000000)
  eden space 10240K, 100% used [0x00000000eab00000,0x00000000eb500000,0x00000000eb500000)
  from space 1536K, 68% used [0x00000000eb680000,0x00000000eb788000,0x00000000eb800000)
  to   space 1536K, 0% used [0x00000000eb500000,0x00000000eb500000,0x00000000eb680000)
 ParOldGen       total 189952K, used 148615K [0x00000000c0000000, 0x00000000cb980000, 0x00000000eab00000)
  object space 189952K, 78% used [0x00000000c0000000,0x00000000c9121d88,0x00000000cb980000)
 Metaspace       used 91794K, committed 93120K, reserved 1179648K
  class space    used 9444K, committed 10048K, reserved 1048576K
}
Event: 372.157 GC heap after
{Heap after GC invocations=1443 (full 41):
 PSYoungGen      total 11776K, used 1120K [0x00000000eab00000, 0x00000000eb800000, 0x0000000100000000)
  eden space 10240K, 0% used [0x00000000eab00000,0x00000000eab00000,0x00000000eb500000)
  from space 1536K, 72% used [0x00000000eb500000,0x00000000eb618020,0x00000000eb680000)
  to   space 1536K, 0% used [0x00000000eb680000,0x00000000eb680000,0x00000000eb800000)
 ParOldGen       total 189952K, used 149603K [0x00000000c0000000, 0x00000000cb980000, 0x00000000eab00000)
  object space 189952K, 78% used [0x00000000c0000000,0x00000000c9218eb8,0x00000000cb980000)
 Metaspace       used 91794K, committed 93120K, reserved 1179648K
  class space    used 9444K, committed 10048K, reserved 1048576K
}
Event: 372.186 GC heap before
{Heap before GC invocations=1444 (full 41):
 PSYoungGen      total 11776K, used 11360K [0x00000000eab00000, 0x00000000eb800000, 0x0000000100000000)
  eden space 10240K, 100% used [0x00000000eab00000,0x00000000eb500000,0x00000000eb500000)
  from space 1536K, 72% used [0x00000000eb500000,0x00000000eb618020,0x00000000eb680000)
  to   space 1536K, 0% used [0x00000000eb680000,0x00000000eb680000,0x00000000eb800000)
 ParOldGen       total 189952K, used 149603K [0x00000000c0000000, 0x00000000cb980000, 0x00000000eab00000)
  object space 189952K, 78% used [0x00000000c0000000,0x00000000c9218eb8,0x00000000cb980000)
 Metaspace       used 91794K, committed 93120K, reserved 1179648K
  class space    used 9444K, committed 10048K, reserved 1048576K
}
Event: 372.190 GC heap after
{Heap after GC invocations=1444 (full 41):
 PSYoungGen      total 11776K, used 1520K [0x00000000eab00000, 0x00000000eb800000, 0x0000000100000000)
  eden space 10240K, 0% used [0x00000000eab00000,0x00000000eab00000,0x00000000eb500000)
  from space 1536K, 98% used [0x00000000eb680000,0x00000000eb7fc010,0x00000000eb800000)
  to   space 1536K, 0% used [0x00000000eb500000,0x00000000eb500000,0x00000000eb680000)
 ParOldGen       total 189952K, used 150363K [0x00000000c0000000, 0x00000000cb980000, 0x00000000eab00000)
  object space 189952K, 79% used [0x00000000c0000000,0x00000000c92d6f08,0x00000000cb980000)
 Metaspace       used 91794K, committed 93120K, reserved 1179648K
  class space    used 9444K, committed 10048K, reserved 1048576K
}
Event: 372.232 GC heap before
{Heap before GC invocations=1445 (full 41):
 PSYoungGen      total 11776K, used 11760K [0x00000000eab00000, 0x00000000eb800000, 0x0000000100000000)
  eden space 10240K, 100% used [0x00000000eab00000,0x00000000eb500000,0x00000000eb500000)
  from space 1536K, 98% used [0x00000000eb680000,0x00000000eb7fc010,0x00000000eb800000)
  to   space 1536K, 0% used [0x00000000eb500000,0x00000000eb500000,0x00000000eb680000)
 ParOldGen       total 189952K, used 150363K [0x00000000c0000000, 0x00000000cb980000, 0x00000000eab00000)
  object space 189952K, 79% used [0x00000000c0000000,0x00000000c92d6f08,0x00000000cb980000)
 Metaspace       used 91794K, committed 93120K, reserved 1179648K
  class space    used 9444K, committed 10048K, reserved 1048576K
}
Event: 372.235 GC heap after
{Heap after GC invocations=1445 (full 41):
 PSYoungGen      total 11776K, used 1440K [0x00000000eab00000, 0x00000000eb900000, 0x0000000100000000)
  eden space 10240K, 0% used [0x00000000eab00000,0x00000000eab00000,0x00000000eb500000)
  from space 1536K, 93% used [0x00000000eb500000,0x00000000eb668020,0x00000000eb680000)
  to   space 2048K, 0% used [0x00000000eb700000,0x00000000eb700000,0x00000000eb900000)
 ParOldGen       total 189952K, used 151892K [0x00000000c0000000, 0x00000000cb980000, 0x00000000eab00000)
  object space 189952K, 79% used [0x00000000c0000000,0x00000000c9455068,0x00000000cb980000)
 Metaspace       used 91794K, committed 93120K, reserved 1179648K
  class space    used 9444K, committed 10048K, reserved 1048576K
}
Event: 372.267 GC heap before
{Heap before GC invocations=1446 (full 41):
 PSYoungGen      total 11776K, used 11680K [0x00000000eab00000, 0x00000000eb900000, 0x0000000100000000)
  eden space 10240K, 100% used [0x00000000eab00000,0x00000000eb500000,0x00000000eb500000)
  from space 1536K, 93% used [0x00000000eb500000,0x00000000eb668020,0x00000000eb680000)
  to   space 2048K, 0% used [0x00000000eb700000,0x00000000eb700000,0x00000000eb900000)
 ParOldGen       total 189952K, used 151892K [0x00000000c0000000, 0x00000000cb980000, 0x00000000eab00000)
  object space 189952K, 79% used [0x00000000c0000000,0x00000000c9455068,0x00000000cb980000)
 Metaspace       used 91814K, committed 93120K, reserved 1179648K
  class space    used 9444K, committed 10048K, reserved 1048576K
}
Event: 372.271 GC heap after
{Heap after GC invocations=1446 (full 41):
 PSYoungGen      total 9216K, used 2028K [0x00000000eab00000, 0x00000000ebf00000, 0x0000000100000000)
  eden space 7168K, 0% used [0x00000000eab00000,0x00000000eab00000,0x00000000eb200000)
  from space 2048K, 99% used [0x00000000eb700000,0x00000000eb8fb2b0,0x00000000eb900000)
  to   space 5120K, 0% used [0x00000000eb200000,0x00000000eb200000,0x00000000eb700000)
 ParOldGen       total 189952K, used 154218K [0x00000000c0000000, 0x00000000cb980000, 0x00000000eab00000)
  object space 189952K, 81% used [0x00000000c0000000,0x00000000c969ab28,0x00000000cb980000)
 Metaspace       used 91814K, committed 93120K, reserved 1179648K
  class space    used 9444K, committed 10048K, reserved 1048576K
}

Dll operation events (11 events):
Event: 0.132 Loaded shared library c:\Users\HP\.vscode\extensions\redhat.java-1.20.0-win32-x64\jre\17.0.7-win32-x86_64\bin\java.dll
Event: 0.444 Loaded shared library c:\Users\HP\.vscode\extensions\redhat.java-1.20.0-win32-x64\jre\17.0.7-win32-x86_64\bin\zip.dll
Event: 0.449 Loaded shared library C:\Users\HP\.vscode\extensions\redhat.java-1.20.0-win32-x64\jre\17.0.7-win32-x86_64\bin\instrument.dll
Event: 0.486 Loaded shared library C:\Users\HP\.vscode\extensions\redhat.java-1.20.0-win32-x64\jre\17.0.7-win32-x86_64\bin\net.dll
Event: 0.489 Loaded shared library C:\Users\HP\.vscode\extensions\redhat.java-1.20.0-win32-x64\jre\17.0.7-win32-x86_64\bin\nio.dll
Event: 0.506 Loaded shared library C:\Users\HP\.vscode\extensions\redhat.java-1.20.0-win32-x64\jre\17.0.7-win32-x86_64\bin\zip.dll
Event: 0.561 Loaded shared library C:\Users\HP\.vscode\extensions\redhat.java-1.20.0-win32-x64\jre\17.0.7-win32-x86_64\bin\jimage.dll
Event: 0.685 Loaded shared library c:\Users\HP\.vscode\extensions\redhat.java-1.20.0-win32-x64\jre\17.0.7-win32-x86_64\bin\verify.dll
Event: 3.540 Loaded shared library C:\Users\HP\AppData\Roaming\Code\User\globalStorage\redhat.java\1.20.0\config_win\org.eclipse.equinox.launcher\org.eclipse.equinox.launcher.win32.win32.x86_64_1.2.700.v20221108-1024\eclipse_11801.dll
Event: 9.336 Loaded shared library C:\Users\HP\AppData\Local\Temp\jna-2312\jna13620863782735802465.dll
Event: 10.876 Loaded shared library C:\Users\HP\.vscode\extensions\redhat.java-1.20.0-win32-x64\jre\17.0.7-win32-x86_64\bin\sunmscapi.dll

Deoptimization events (20 events):
Event: 370.395 Thread 0x000001c315d53060 Uncommon trap: trap_request=0xffffff45 fr.pc=0x000001c308a47b4c relative=0x000000000000012c
Event: 370.395 Thread 0x000001c315d53060 Uncommon trap: reason=unstable_if action=reinterpret pc=0x000001c308a47b4c method=org.eclipse.jdt.ls.core.internal.corext.refactoring.code.SnippetFinder.matches(Lorg/eclipse/jdt/core/dom/ASTNode;)Z @ 27 c2
Event: 370.395 Thread 0x000001c315d53060 DEOPT PACKING pc=0x000001c308a47b4c sp=0x000000898a1fdf70
Event: 370.395 Thread 0x000001c315d53060 DEOPT UNPACKING pc=0x000001c3075866a3 sp=0x000000898a1fdf20 mode 2
Event: 371.942 Thread 0x000001c315d53060 Uncommon trap: trap_request=0xffffffbe fr.pc=0x000001c308e169e4 relative=0x0000000000009524
Event: 371.942 Thread 0x000001c315d53060 Uncommon trap: reason=profile_predicate action=maybe_recompile pc=0x000001c308e169e4 method=lombok.eclipse.handlers.HandleEqualsAndHashCode.createHashCode(Llombok/eclipse/EclipseNode;Ljava/util/Collection;ZZLorg/eclipse/jdt/internal/compiler/ast/ASTNode;L
Event: 371.942 Thread 0x000001c315d53060 DEOPT PACKING pc=0x000001c308e169e4 sp=0x000000898a1fcff0
Event: 371.942 Thread 0x000001c315d53060 DEOPT UNPACKING pc=0x000001c3075866a3 sp=0x000000898a1fcf60 mode 2
Event: 371.951 Thread 0x000001c315d53060 Uncommon trap: trap_request=0xffffffbe fr.pc=0x000001c308e169e4 relative=0x0000000000009524
Event: 371.951 Thread 0x000001c315d53060 Uncommon trap: reason=profile_predicate action=maybe_recompile pc=0x000001c308e169e4 method=lombok.eclipse.handlers.HandleEqualsAndHashCode.createHashCode(Llombok/eclipse/EclipseNode;Ljava/util/Collection;ZZLorg/eclipse/jdt/internal/compiler/ast/ASTNode;L
Event: 371.951 Thread 0x000001c315d53060 DEOPT PACKING pc=0x000001c308e169e4 sp=0x000000898a1fcff0
Event: 371.951 Thread 0x000001c315d53060 DEOPT UNPACKING pc=0x000001c3075866a3 sp=0x000000898a1fcf60 mode 2
Event: 371.960 Thread 0x000001c315d53060 Uncommon trap: trap_request=0xffffffbe fr.pc=0x000001c308e169e4 relative=0x0000000000009524
Event: 371.960 Thread 0x000001c315d53060 Uncommon trap: reason=profile_predicate action=maybe_recompile pc=0x000001c308e169e4 method=lombok.eclipse.handlers.HandleEqualsAndHashCode.createHashCode(Llombok/eclipse/EclipseNode;Ljava/util/Collection;ZZLorg/eclipse/jdt/internal/compiler/ast/ASTNode;L
Event: 371.960 Thread 0x000001c315d53060 DEOPT PACKING pc=0x000001c308e169e4 sp=0x000000898a1fc860
Event: 371.960 Thread 0x000001c315d53060 DEOPT UNPACKING pc=0x000001c3075866a3 sp=0x000000898a1fc7d0 mode 2
Event: 371.967 Thread 0x000001c315d53060 Uncommon trap: trap_request=0xffffffbe fr.pc=0x000001c308e169e4 relative=0x0000000000009524
Event: 371.967 Thread 0x000001c315d53060 Uncommon trap: reason=profile_predicate action=maybe_recompile pc=0x000001c308e169e4 method=lombok.eclipse.handlers.HandleEqualsAndHashCode.createHashCode(Llombok/eclipse/EclipseNode;Ljava/util/Collection;ZZLorg/eclipse/jdt/internal/compiler/ast/ASTNode;L
Event: 371.967 Thread 0x000001c315d53060 DEOPT PACKING pc=0x000001c308e169e4 sp=0x000000898a1fc6b0
Event: 371.967 Thread 0x000001c315d53060 DEOPT UNPACKING pc=0x000001c3075866a3 sp=0x000000898a1fc620 mode 2

Classes unloaded (7 events):
Event: 4.873 Thread 0x000001c37f0675d0 Unloading class 0x000000010021a400 'java/lang/invoke/LambdaForm$MH+0x000000010021a400'
Event: 4.873 Thread 0x000001c37f0675d0 Unloading class 0x000000010021a000 'java/lang/invoke/LambdaForm$MH+0x000000010021a000'
Event: 4.873 Thread 0x000001c37f0675d0 Unloading class 0x0000000100219c00 'java/lang/invoke/LambdaForm$MH+0x0000000100219c00'
Event: 4.873 Thread 0x000001c37f0675d0 Unloading class 0x0000000100219800 'java/lang/invoke/LambdaForm$MH+0x0000000100219800'
Event: 4.873 Thread 0x000001c37f0675d0 Unloading class 0x0000000100219000 'java/lang/invoke/LambdaForm$BMH+0x0000000100219000'
Event: 4.873 Thread 0x000001c37f0675d0 Unloading class 0x0000000100218c00 'java/lang/invoke/LambdaForm$DMH+0x0000000100218c00'
Event: 4.873 Thread 0x000001c37f0675d0 Unloading class 0x0000000100216000 'java/lang/invoke/LambdaForm$DMH+0x0000000100216000'

Classes redefined (0 events):
No events

Internal exceptions (20 events):
Event: 299.780 Thread 0x000001c315d53060 Exception <a 'java/lang/ClassNotFoundException'{0x00000000eab78340}: sun/net/www/protocol/jdt/Handler> (0x00000000eab78340) 
thrown [s\src\hotspot\share\classfile\systemDictionary.cpp, line 256]
Event: 299.780 Thread 0x000001c315d53060 Exception <a 'java/lang/ClassNotFoundException'{0x00000000eab7d650}: sun/net/www/protocol/jdt/Handler> (0x00000000eab7d650) 
thrown [s\src\hotspot\share\classfile\systemDictionary.cpp, line 256]
Event: 299.780 Thread 0x000001c315d53060 Exception <a 'java/lang/ClassNotFoundException'{0x00000000eab81de8}: sun/net/www/protocol/jdt/Handler> (0x00000000eab81de8) 
thrown [s\src\hotspot\share\classfile\systemDictionary.cpp, line 256]
Event: 299.781 Thread 0x000001c315d53060 Exception <a 'java/lang/ClassNotFoundException'{0x00000000eab84868}: sun/net/www/protocol/jdt/Handler> (0x00000000eab84868) 
thrown [s\src\hotspot\share\classfile\systemDictionary.cpp, line 256]
Event: 299.781 Thread 0x000001c315d53060 Exception <a 'java/lang/ClassNotFoundException'{0x00000000eab870c0}: sun/net/www/protocol/jdt/Handler> (0x00000000eab870c0) 
thrown [s\src\hotspot\share\classfile\systemDictionary.cpp, line 256]
Event: 299.781 Thread 0x000001c315d53060 Exception <a 'java/lang/ClassNotFoundException'{0x00000000eab89960}: sun/net/www/protocol/jdt/Handler> (0x00000000eab89960) 
thrown [s\src\hotspot\share\classfile\systemDictionary.cpp, line 256]
Event: 300.876 Thread 0x000001c315d50eb0 Implicit null exception at 0x000001c3083d1333 to 0x000001c3083d8ba9
Event: 301.618 Thread 0x000001c31365d0a0 Implicit null exception at 0x000001c308115bb6 to 0x000001c308115fd4
Event: 301.624 Thread 0x000001c31365d0a0 Implicit null exception at 0x000001c3087a0def to 0x000001c3087a1d98
Event: 301.638 Thread 0x000001c31365d0a0 Implicit null exception at 0x000001c30868a9f2 to 0x000001c30868af3c
Event: 301.888 Thread 0x000001c315d55bb0 Exception <a 'java/lang/ClassCastException'{0x00000000eac481a8}: class org.eclipse.jdt.internal.compiler.lookup.BinaryTypeBinding cannot be cast to class org.eclipse.jdt.internal.compiler.lookup.SourceTypeBinding (org.eclipse.jdt.internal.compiler.lookup.BinaryTypeBinding and org.eclipse.jdt.internal.compiler.lookup.SourceTypeBinding are in unnamed module of loader org.eclipse.osgi.internal.loader.EquinoxClassLoader @72247fb0)> (0x00000000eac481a8) 
thrown [s\src\hotspot\share\interpreter\interpreterRuntim
Event: 301.889 Thread 0x000001c315d55bb0 Exception <a 'java/lang/ClassCastException'{0x00000000eacaad40}: class org.eclipse.jdt.internal.compiler.lookup.BinaryTypeBinding cannot be cast to class org.eclipse.jdt.internal.compiler.lookup.SourceTypeBinding (org.eclipse.jdt.internal.compiler.lookup.BinaryTypeBinding and org.eclipse.jdt.internal.compiler.lookup.SourceTypeBinding are in unnamed module of loader org.eclipse.osgi.internal.loader.EquinoxClassLoader @72247fb0)> (0x00000000eacaad40) 
thrown [s\src\hotspot\share\interpreter\interpreterRuntim
Event: 304.562 Thread 0x000001c315d50eb0 Exception <a 'java/lang/NoSuchMethodError'{0x00000000eb02ef98}: 'void java.lang.invoke.DirectMethodHandle$Holder.invokeSpecial(java.lang.Object, java.lang.Object, java.lang.Object, java.lang.Object, java.lang.Object, java.lang.Object, java.lang.Object)'> (0x00000000eb02ef98) 
thrown [s\src\hotspot\share\interpreter\linkResolver.cpp, line 759]
Event: 310.878 Thread 0x000001c315d57890 Implicit null exception at 0x000001c3083474e0 to 0x000001c308347870
Event: 311.583 Thread 0x000001c315d57890 Exception <a 'java/lang/NoSuchMethodError'{0x00000000eb826808}: static [J.<clinit>()V> (0x00000000eb826808) 
thrown [s\src\hotspot\share\prims\jni.cpp, line 1107]
Event: 311.635 Thread 0x000001c315d57890 Exception <a 'java/lang/NoSuchMethodError'{0x00000000eab3d858}: 'java.lang.Object java.lang.invoke.DirectMethodHandle$Holder.newInvokeSpecial(java.lang.Object, java.lang.Object, java.lang.Object, java.lang.Object, java.lang.Object, java.lang.Object, java.lang.Object, java.lang.Object)'> (0x00000000eab3d858) 
thrown [s\src\hotspot\share\interpreter\linkResolver.cpp, line 759]
Event: 311.636 Thread 0x000001c315d57890 Exception <a 'java/lang/NoSuchMethodError'{0x00000000eab424a0}: 'java.lang.Object java.lang.invoke.Invokers$Holder.linkToTargetMethod(java.lang.Object, java.lang.Object, java.lang.Object, java.lang.Object, java.lang.Object, java.lang.Object, java.lang.Object, java.lang.Object)'> (0x00000000eab424a0) 
thrown [s\src\hotspot\share\interpreter\linkResolver.cpp, line 759]
Event: 342.786 Thread 0x000001c315d53060 Exception <a 'java/lang/NoSuchMethodError'{0x00000000eb39ba38}: 'void java.lang.invoke.DirectMethodHandle$Holder.invokeSpecial(java.lang.Object, java.lang.Object, int)'> (0x00000000eb39ba38) 
thrown [s\src\hotspot\share\interpreter\linkResolver.cpp, line 759]
Event: 342.873 Thread 0x000001c315d53060 Implicit null exception at 0x000001c3080ce0e0 to 0x000001c3080ceb2c
Event: 342.873 Thread 0x000001c315d53060 Implicit null exception at 0x000001c308abcf6b to 0x000001c308abd9bc

VM Operations (20 events):
Event: 371.906 Executing VM operation: ParallelGCFailedAllocation
Event: 371.909 Executing VM operation: ParallelGCFailedAllocation done
Event: 371.943 Executing VM operation: ParallelGCFailedAllocation
Event: 371.947 Executing VM operation: ParallelGCFailedAllocation done
Event: 371.980 Executing VM operation: ParallelGCFailedAllocation
Event: 371.986 Executing VM operation: ParallelGCFailedAllocation done
Event: 372.016 Executing VM operation: ParallelGCFailedAllocation
Event: 372.019 Executing VM operation: ParallelGCFailedAllocation done
Event: 372.066 Executing VM operation: ParallelGCFailedAllocation
Event: 372.071 Executing VM operation: ParallelGCFailedAllocation done
Event: 372.115 Executing VM operation: ParallelGCFailedAllocation
Event: 372.118 Executing VM operation: ParallelGCFailedAllocation done
Event: 372.155 Executing VM operation: ParallelGCFailedAllocation
Event: 372.157 Executing VM operation: ParallelGCFailedAllocation done
Event: 372.185 Executing VM operation: ParallelGCFailedAllocation
Event: 372.190 Executing VM operation: ParallelGCFailedAllocation done
Event: 372.231 Executing VM operation: ParallelGCFailedAllocation
Event: 372.235 Executing VM operation: ParallelGCFailedAllocation done
Event: 372.267 Executing VM operation: ParallelGCFailedAllocation
Event: 372.271 Executing VM operation: ParallelGCFailedAllocation done

Events (20 events):
Event: 347.996 Thread 0x000001c313264b80 flushing nmethod 0x000001c301cbe090
Event: 347.997 Thread 0x000001c313264b80 flushing nmethod 0x000001c301cd5110
Event: 347.997 Thread 0x000001c313264b80 flushing nmethod 0x000001c301d0d690
Event: 347.997 Thread 0x000001c313264b80 flushing nmethod 0x000001c301d2f690
Event: 347.997 Thread 0x000001c313264b80 flushing nmethod 0x000001c301d32d90
Event: 347.997 Thread 0x000001c313264b80 flushing nmethod 0x000001c301d33290
Event: 347.997 Thread 0x000001c313264b80 flushing nmethod 0x000001c301dd4710
Event: 347.999 Thread 0x000001c313264b80 flushing nmethod 0x000001c301fa3e10
Event: 347.999 Thread 0x000001c313264b80 flushing nmethod 0x000001c301fa4790
Event: 347.999 Thread 0x000001c313264b80 flushing nmethod 0x000001c301fc6510
Event: 347.999 Thread 0x000001c313264b80 flushing nmethod 0x000001c302025710
Event: 347.999 Thread 0x000001c313264b80 flushing nmethod 0x000001c302034c10
Event: 350.371 Thread 0x000001c3155ab4f0 Thread exited: 0x000001c3155ab4f0
Event: 357.739 Thread 0x000001c3155a8250 Thread added: 0x000001c3155a8250
Event: 358.382 Thread 0x000001c3155a8250 Thread exited: 0x000001c3155a8250
Event: 369.106 Thread 0x000001c3155a7320 Thread added: 0x000001c3155a7320
Event: 369.742 Thread 0x000001c3155a7320 Thread exited: 0x000001c3155a7320
Event: 369.889 Thread 0x000001c3155a59d0 Thread added: 0x000001c3155a59d0
Event: 370.936 Thread 0x000001c3155a59d0 Thread exited: 0x000001c3155a59d0
Event: 372.291 Thread 0x000001c3155a7830 Thread added: 0x000001c3155a7830


Dynamic libraries:
0x00007ff7b6210000 - 0x00007ff7b621e000 	c:\Users\HP\.vscode\extensions\redhat.java-1.20.0-win32-x64\jre\17.0.7-win32-x86_64\bin\java.exe
0x00007ffe51670000 - 0x00007ffe51868000 	C:\WINDOWS\SYSTEM32\ntdll.dll
0x00007ffe50240000 - 0x00007ffe502ff000 	C:\WINDOWS\System32\KERNEL32.DLL
0x00007ffe4f340000 - 0x00007ffe4f636000 	C:\WINDOWS\System32\KERNELBASE.dll
0x00007ffe4eec0000 - 0x00007ffe4efc0000 	C:\WINDOWS\System32\ucrtbase.dll
0x00007ffe489e0000 - 0x00007ffe489f7000 	c:\Users\HP\.vscode\extensions\redhat.java-1.20.0-win32-x64\jre\17.0.7-win32-x86_64\bin\jli.dll
0x00007ffe4f6d0000 - 0x00007ffe4f86d000 	C:\WINDOWS\System32\USER32.dll
0x00007ffe4f270000 - 0x00007ffe4f292000 	C:\WINDOWS\System32\win32u.dll
0x00007ffe45bf0000 - 0x00007ffe45c09000 	c:\Users\HP\.vscode\extensions\redhat.java-1.20.0-win32-x64\jre\17.0.7-win32-x86_64\bin\VCRUNTIME140.dll
0x00007ffe506f0000 - 0x00007ffe5071c000 	C:\WINDOWS\System32\GDI32.dll
0x00007ffe4efc0000 - 0x00007ffe4f0d5000 	C:\WINDOWS\System32\gdi32full.dll
0x00007ffe4f2a0000 - 0x00007ffe4f33d000 	C:\WINDOWS\System32\msvcp_win.dll
0x00007ffe32710000 - 0x00007ffe329aa000 	C:\WINDOWS\WinSxS\amd64_microsoft.windows.common-controls_6595b64144ccf1df_6.0.19041.1110_none_60b5254171f9507e\COMCTL32.dll
0x00007ffe503f0000 - 0x00007ffe5048e000 	C:\WINDOWS\System32\msvcrt.dll
0x00007ffe512e0000 - 0x00007ffe51310000 	C:\WINDOWS\System32\IMM32.DLL
0x00007ffe494b0000 - 0x00007ffe494bc000 	c:\Users\HP\.vscode\extensions\redhat.java-1.20.0-win32-x64\jre\17.0.7-win32-x86_64\bin\vcruntime140_1.dll
0x00007ffe31a30000 - 0x00007ffe31ac1000 	c:\Users\HP\.vscode\extensions\redhat.java-1.20.0-win32-x64\jre\17.0.7-win32-x86_64\bin\msvcp140.dll
0x00007ffdfd040000 - 0x00007ffdfdc88000 	c:\Users\HP\.vscode\extensions\redhat.java-1.20.0-win32-x64\jre\17.0.7-win32-x86_64\bin\server\jvm.dll
0x00007ffe4ff90000 - 0x00007ffe5003f000 	C:\WINDOWS\System32\ADVAPI32.dll
0x00007ffe51590000 - 0x00007ffe5162c000 	C:\WINDOWS\System32\sechost.dll
0x00007ffe51340000 - 0x00007ffe51466000 	C:\WINDOWS\System32\RPCRT4.dll
0x00007ffe49cf0000 - 0x00007ffe49cf9000 	C:\WINDOWS\SYSTEM32\WSOCK32.dll
0x00007ffe501d0000 - 0x00007ffe5023b000 	C:\WINDOWS\System32\WS2_32.dll
0x00007ffe49d20000 - 0x00007ffe49d47000 	C:\WINDOWS\SYSTEM32\WINMM.dll
0x00007ffe492b0000 - 0x00007ffe492ba000 	C:\WINDOWS\SYSTEM32\VERSION.dll
0x00007ffe4d830000 - 0x00007ffe4d842000 	C:\WINDOWS\SYSTEM32\kernel.appcore.dll
0x00007ffe47fb0000 - 0x00007ffe47fba000 	c:\Users\HP\.vscode\extensions\redhat.java-1.20.0-win32-x64\jre\17.0.7-win32-x86_64\bin\jimage.dll
0x00007ffe4d240000 - 0x00007ffe4d424000 	C:\WINDOWS\SYSTEM32\DBGHELP.DLL
0x00007ffe391c0000 - 0x00007ffe391f4000 	C:\WINDOWS\SYSTEM32\dbgcore.DLL
0x00007ffe4f640000 - 0x00007ffe4f6c2000 	C:\WINDOWS\System32\bcryptPrimitives.dll
0x00007ffe43f80000 - 0x00007ffe43f8e000 	c:\Users\HP\.vscode\extensions\redhat.java-1.20.0-win32-x64\jre\17.0.7-win32-x86_64\bin\instrument.dll
0x00007ffe3aa00000 - 0x00007ffe3aa25000 	c:\Users\HP\.vscode\extensions\redhat.java-1.20.0-win32-x64\jre\17.0.7-win32-x86_64\bin\java.dll
0x00007ffe42f90000 - 0x00007ffe42fa8000 	c:\Users\HP\.vscode\extensions\redhat.java-1.20.0-win32-x64\jre\17.0.7-win32-x86_64\bin\zip.dll
0x00007ffe50b90000 - 0x00007ffe512d4000 	C:\WINDOWS\System32\SHELL32.dll
0x00007ffe4c980000 - 0x00007ffe4d114000 	C:\WINDOWS\SYSTEM32\windows.storage.dll
0x00007ffe4f8f0000 - 0x00007ffe4fc44000 	C:\WINDOWS\System32\combase.dll
0x00007ffe4e5e0000 - 0x00007ffe4e60e000 	C:\WINDOWS\SYSTEM32\Wldp.dll
0x00007ffe50490000 - 0x00007ffe5053d000 	C:\WINDOWS\System32\SHCORE.dll
0x00007ffe50110000 - 0x00007ffe50165000 	C:\WINDOWS\System32\shlwapi.dll
0x00007ffe4ec80000 - 0x00007ffe4eca5000 	C:\WINDOWS\SYSTEM32\profapi.dll
0x00007ffe39540000 - 0x00007ffe39559000 	C:\Users\HP\.vscode\extensions\redhat.java-1.20.0-win32-x64\jre\17.0.7-win32-x86_64\bin\net.dll
0x00007ffe490a0000 - 0x00007ffe491aa000 	C:\WINDOWS\SYSTEM32\WINHTTP.dll
0x00007ffe4e3c0000 - 0x00007ffe4e42a000 	C:\WINDOWS\system32\mswsock.dll
0x00007ffe393b0000 - 0x00007ffe393c5000 	C:\Users\HP\.vscode\extensions\redhat.java-1.20.0-win32-x64\jre\17.0.7-win32-x86_64\bin\nio.dll
0x00007ffe42f70000 - 0x00007ffe42f80000 	c:\Users\HP\.vscode\extensions\redhat.java-1.20.0-win32-x64\jre\17.0.7-win32-x86_64\bin\verify.dll
0x00007ffe2d1d0000 - 0x00007ffe2d20e000 	C:\Users\HP\AppData\Roaming\Code\User\globalStorage\redhat.java\1.20.0\config_win\org.eclipse.equinox.launcher\org.eclipse.equinox.launcher.win32.win32.x86_64_1.2.700.v20221108-1024\eclipse_11801.dll
0x00007ffe4fcb0000 - 0x00007ffe4fdda000 	C:\WINDOWS\System32\ole32.dll
0x00007ffe4e620000 - 0x00007ffe4e638000 	C:\WINDOWS\SYSTEM32\CRYPTSP.dll
0x00007ffe4dd00000 - 0x00007ffe4dd34000 	C:\WINDOWS\system32\rsaenh.dll
0x00007ffe4f240000 - 0x00007ffe4f267000 	C:\WINDOWS\System32\bcrypt.dll
0x00007ffe4ec00000 - 0x00007ffe4ec2e000 	C:\WINDOWS\SYSTEM32\USERENV.dll
0x00007ffe4e550000 - 0x00007ffe4e55c000 	C:\WINDOWS\SYSTEM32\CRYPTBASE.dll
0x00007ffe4e0d0000 - 0x00007ffe4e10c000 	C:\WINDOWS\SYSTEM32\IPHLPAPI.DLL
0x00007ffe51330000 - 0x00007ffe51338000 	C:\WINDOWS\System32\NSI.dll
0x00007ffe495b0000 - 0x00007ffe495c7000 	C:\WINDOWS\SYSTEM32\dhcpcsvc6.DLL
0x00007ffe49590000 - 0x00007ffe495ad000 	C:\WINDOWS\SYSTEM32\dhcpcsvc.DLL
0x00007ffe4e160000 - 0x00007ffe4e22a000 	C:\WINDOWS\SYSTEM32\DNSAPI.dll
0x00007ffe36770000 - 0x00007ffe367b5000 	C:\Users\HP\AppData\Local\Temp\jna-2312\jna13620863782735802465.dll
0x00007ffe4ff80000 - 0x00007ffe4ff88000 	C:\WINDOWS\System32\PSAPI.DLL
0x00007ffe46d10000 - 0x00007ffe46d1e000 	C:\Users\HP\.vscode\extensions\redhat.java-1.20.0-win32-x64\jre\17.0.7-win32-x86_64\bin\sunmscapi.dll
0x00007ffe4f0e0000 - 0x00007ffe4f23e000 	C:\WINDOWS\System32\CRYPT32.dll
0x00007ffe4e6a0000 - 0x00007ffe4e6c8000 	C:\WINDOWS\SYSTEM32\ncrypt.dll
0x00007ffe4e660000 - 0x00007ffe4e69b000 	C:\WINDOWS\SYSTEM32\NTASN1.dll
0x00007ffe42df0000 - 0x00007ffe42dfa000 	C:\Windows\System32\rasadhlp.dll
0x00007ffe46910000 - 0x00007ffe46992000 	C:\WINDOWS\System32\fwpuclnt.dll

dbghelp: loaded successfully - version: 4.0.5 - missing functions: none
symbol engine: initialized successfully - sym options: 0x614 - pdb path: .;c:\Users\HP\.vscode\extensions\redhat.java-1.20.0-win32-x64\jre\17.0.7-win32-x86_64\bin;C:\WINDOWS\SYSTEM32;C:\WINDOWS\WinSxS\amd64_microsoft.windows.common-controls_6595b64144ccf1df_6.0.19041.1110_none_60b5254171f9507e;c:\Users\HP\.vscode\extensions\redhat.java-1.20.0-win32-x64\jre\17.0.7-win32-x86_64\bin\server;C:\Users\HP\AppData\Roaming\Code\User\globalStorage\redhat.java\1.20.0\config_win\org.eclipse.equinox.launcher\org.eclipse.equinox.launcher.win32.win32.x86_64_1.2.700.v20221108-1024;C:\Users\HP\AppData\Local\Temp\jna-2312

VM Arguments:
jvm_args: --add-modules=ALL-SYSTEM --add-opens=java.base/java.util=ALL-UNNAMED --add-opens=java.base/java.lang=ALL-UNNAMED --add-opens=java.base/sun.nio.fs=ALL-UNNAMED -Declipse.application=org.eclipse.jdt.ls.core.id1 -Dosgi.bundles.defaultStartLevel=4 -Declipse.product=org.eclipse.jdt.ls.core.product -Djava.import.generatesMetadataFilesAtProjectRoot=false -Dfile.encoding=utf8 -XX:+UseParallelGC -XX:GCTimeRatio=4 -XX:AdaptiveSizePolicyWeight=90 -Dsun.zip.disableMemoryMapping=true -Xmx1G -Xms100m -Xlog:disable -javaagent:c:\Users\HP\.vscode\extensions\redhat.java-1.20.0-win32-x64\lombok\lombok-1.18.28.jar -XX:+HeapDumpOnOutOfMemoryError -XX:HeapDumpPath=c:\Users\HP\AppData\Roaming\Code\User\workspaceStorage\5541fb1794e4195495f0c57edcbd7686\redhat.java -Daether.dependencyCollector.impl=bf 
java_command: c:\Users\HP\.vscode\extensions\redhat.java-1.20.0-win32-x64\server\plugins\org.eclipse.equinox.launcher_1.6.500.v20230622-2056.jar -configuration c:\Users\HP\AppData\Roaming\Code\User\globalStorage\redhat.java\1.20.0\config_win -data c:\Users\HP\AppData\Roaming\Code\User\workspaceStorage\5541fb1794e4195495f0c57edcbd7686\redhat.java\jdt_ws
java_class_path (initial): c:\Users\HP\.vscode\extensions\redhat.java-1.20.0-win32-x64\server\plugins\org.eclipse.equinox.launcher_1.6.500.v20230622-2056.jar
Launcher Type: SUN_STANDARD

[Global flags]
    uintx AdaptiveSizePolicyWeight                 = 90                                        {product} {command line}
     intx CICompilerCount                          = 3                                         {product} {ergonomic}
    uintx GCTimeRatio                              = 4                                         {product} {command line}
     bool HeapDumpOnOutOfMemoryError               = true                                   {manageable} {command line}
    ccstr HeapDumpPath                             = c:\Users\HP\AppData\Roaming\Code\User\workspaceStorage\5541fb1794e4195495f0c57edcbd7686\redhat.java         {manageable} {command line}
   size_t InitialHeapSize                          = 104857600                                 {product} {command line}
   size_t MaxHeapSize                              = 1073741824                                {product} {command line}
   size_t MaxNewSize                               = 357564416                                 {product} {ergonomic}
   size_t MinHeapDeltaBytes                        = 524288                                    {product} {ergonomic}
   size_t MinHeapSize                              = 104857600                                 {product} {command line}
   size_t NewSize                                  = 34603008                                  {product} {ergonomic}
    uintx NonNMethodCodeHeapSize                   = 5832780                                {pd product} {ergonomic}
    uintx NonProfiledCodeHeapSize                  = 122912730                              {pd product} {ergonomic}
   size_t OldSize                                  = 70254592                                  {product} {ergonomic}
    uintx ProfiledCodeHeapSize                     = 122912730                              {pd product} {ergonomic}
    uintx ReservedCodeCacheSize                    = 251658240                              {pd product} {ergonomic}
     bool SegmentedCodeCache                       = true                                      {product} {ergonomic}
   size_t SoftMaxHeapSize                          = 1073741824                             {manageable} {ergonomic}
     bool UseCompressedClassPointers               = true                           {product lp64_product} {ergonomic}
     bool UseCompressedOops                        = true                           {product lp64_product} {ergonomic}
     bool UseLargePagesIndividualAllocation        = false                                  {pd product} {ergonomic}
     bool UseParallelGC                            = true                                      {product} {command line}

Logging:
Log output configuration:
 #0: stdout all=off uptime,level,tags
 #1: stderr all=off uptime,level,tags

Environment Variables:
JAVA_HOME=C:\Program Files\Java\jdk-11.0.9
PATH=C:\Program Files\Python310\Scripts\;C:\Program Files\Python310\;C:\Program Files (x86)\Common Files\Intel\Shared Libraries\redist\intel64\compiler;C:\WINDOWS\system32;C:\WINDOWS;C:\WINDOWS\System32\Wbem;C:\WINDOWS\System32\WindowsPowerShell\v1.0\;C:\WINDOWS\System32\OpenSSH\;C:\wamp64\www\scriptcase\components\php;C:\wamp64\bin\php\php7.4.26;C:\wamp64\bin\php\php7.3.25;C:\wamp64\bin\php\php7.1.29;C:\Program Files\nodejs;C:\Program Files\PuTTY\;C:\ProgramData\ComposerSetup\bin;C:\Program Files\Git\cmd;C:\Program Files (x86)\Yarn\bin\;C:\Program Files\Java\jdk-11.0.9\bin;C:\Users\HP\AppData\Local\Programs\Python\Python37;C:\Users\HP\AppData\Local\Programs\Python\Python37\Scripts;C:\Users\HP\AppData\Local\Android\flutter\bin;C:\Users\HP\AppData\Roaming\Composer\vendor\laravel\installer\bin;C:\Program Files (x86)\Bitvise SSH Client;C:\wamp64\www\apache-maven-3.8.4\bin;C:\Program Files\NetMake\v9-php73\components\php;C:\Program Files\Docker\Docker\resources\bin;C:\Program Files\nodejs\;C:\Program Files\CMake\bin;C:\Program Files\Java\jdk-11.0.19\bin;C:\Users\HP\AppData\Local\Programs\Python\Python310\Scripts\;C:\Users\HP\AppData\Local\Programs\Python\Python310\;C:\Users\HP\AppData\Local\Microsoft\WindowsApps;C:\Users\HP\AppData\Roaming\Composer\vendor\bin;C:\Users\HP\AppData\Local\Yarn\bin;C:\Program Files\heroku\bin;C:\Users\HP\AppData\Local\Programs\Microsoft VS Code\bin;C:\Users\HP\AppData\Local\GitHubDesktop\bin;C:\Users\HP\AppData\Roaming\npm;
USERNAME=HP
OS=Windows_NT
PROCESSOR_IDENTIFIER=Intel64 Family 6 Model 142 Stepping 10, GenuineIntel
TMP=C:\Users\HP\AppData\Local\Temp
TEMP=C:\Users\HP\AppData\Local\Temp



---------------  S Y S T E M  ---------------

OS:
 Windows 10 , 64 bit Build 19041 (10.0.19041.3155)
OS uptime: 1 days 3:23 hours
Hyper-V role detected

CPU: total 4 (initial active 4) (2 cores per cpu, 2 threads per core) family 6 model 142 stepping 10 microcode 0xca, cx8, cmov, fxsr, ht, mmx, 3dnowpref, sse, sse2, sse3, ssse3, sse4.1, sse4.2, popcnt, lzcnt, tsc, tscinvbit, avx, avx2, aes, erms, clmul, bmi1, bmi2, adx, fma, vzeroupper, clflush, clflushopt, hv

Memory: 4k page, system-wide physical 12199M (3290M free)
TotalPageFile size 14247M (AvailPageFile size 10M)
current process WorkingSet (physical memory assigned to process): 490M, peak: 555M
current process commit charge ("private bytes"): 503M, peak: 573M

vm_info: OpenJDK 64-Bit Server VM (17.0.7+7) for windows-amd64 JRE (17.0.7+7), built on Apr 18 2023 22:10:42 by "temurin" with MS VC++ 16.7 (VS2019)

END.
