#
# There is insufficient memory for the Java Runtime Environment to continue.
# Native memory allocation (malloc) failed to allocate 2167376 bytes for Chunk::new
# Possible reasons:
#   The system is out of physical RAM or swap space
#   The process is running with CompressedOops enabled, and the Java Heap may be blocking the growth of the native heap
# Possible solutions:
#   Reduce memory load on the system
#   Increase physical memory or swap space
#   Check if swap backing store is full
#   Decrease Java heap size (-Xmx/-Xms)
#   Decrease number of Java threads
#   Decrease Java thread stack sizes (-Xss)
#   Set larger code cache with -XX:ReservedCodeCacheSize=
#   JVM is running with Unscaled Compressed Oops mode in which the Java heap is
#     placed in the first 4GB address space. The Java Heap base address is the
#     maximum limit for the native heap growth. Please use -XX:HeapBaseMinAddress
#     to set the Java Heap base and to place the Java Heap above 4GB virtual address.
# This output file may be truncated or incomplete.
#
#  Out of Memory Error (arena.cpp:189), pid=4008, tid=17796
#
# JRE version: OpenJDK Runtime Environment Temurin-17.0.7+7 (17.0.7+7) (build 17.0.7+7)
# Java VM: OpenJDK 64-Bit Server VM Temurin-17.0.7+7 (17.0.7+7, mixed mode, tiered, compressed oops, compressed class ptrs, parallel gc, windows-amd64)
# No core dump will be written. Minidumps are not enabled by default on client versions of Windows
#

---------------  S U M M A R Y ------------

Command Line: --add-modules=ALL-SYSTEM --add-opens=java.base/java.util=ALL-UNNAMED --add-opens=java.base/java.lang=ALL-UNNAMED --add-opens=java.base/sun.nio.fs=ALL-UNNAMED -Declipse.application=org.eclipse.jdt.ls.core.id1 -Dosgi.bundles.defaultStartLevel=4 -Declipse.product=org.eclipse.jdt.ls.core.product -Djava.import.generatesMetadataFilesAtProjectRoot=false -Dfile.encoding=utf8 -XX:+UseParallelGC -XX:GCTimeRatio=4 -XX:AdaptiveSizePolicyWeight=90 -Dsun.zip.disableMemoryMapping=true -Xmx1G -Xms100m -Xlog:disable -javaagent:c:\Users\HP\.vscode\extensions\redhat.java-1.20.0-win32-x64\lombok\lombok-1.18.28.jar -XX:+HeapDumpOnOutOfMemoryError -XX:HeapDumpPath=c:\Users\HP\AppData\Roaming\Code\User\workspaceStorage\5541fb1794e4195495f0c57edcbd7686\redhat.java -Daether.dependencyCollector.impl=bf c:\Users\HP\.vscode\extensions\redhat.java-1.20.0-win32-x64\server\plugins\org.eclipse.equinox.launcher_1.6.500.v20230622-2056.jar -configuration c:\Users\HP\AppData\Roaming\Code\User\globalStorage\redhat.java\1.20.0\config_win -data c:\Users\HP\AppData\Roaming\Code\User\workspaceStorage\5541fb1794e4195495f0c57edcbd7686\redhat.java\jdt_ws

Host: Intel(R) Core(TM) i3-8130U CPU @ 2.20GHz, 4 cores, 11G,  Windows 10 , 64 bit Build 19041 (10.0.19041.3155)
Time: Wed Jul 19 13:57:27 2023 Afr. centrale Ouest elapsed time: 62.648448 seconds (0d 0h 1m 2s)

---------------  T H R E A D  ---------------

Current thread (0x0000022eacff7f60):  JavaThread "C2 CompilerThread0" daemon [_thread_in_native, id=17796, stack(0x00000033fb900000,0x00000033fba00000)]


Current CompileTask:
C2:  62648 17913   !   4       lombok.eclipse.TransformEclipseAST::getAST (64 bytes)

Stack: [0x00000033fb900000,0x00000033fba00000]
Native frames: (J=compiled Java code, j=interpreted, Vv=VM code, C=native code)
V  [jvm.dll+0x67754a]
V  [jvm.dll+0x834304]
V  [jvm.dll+0x835aae]
V  [jvm.dll+0x836113]
V  [jvm.dll+0x24696f]
V  [jvm.dll+0xac0ac]
V  [jvm.dll+0xac67c]
V  [jvm.dll+0x364de2]
V  [jvm.dll+0x1bcc02]
V  [jvm.dll+0x219799]
V  [jvm.dll+0x218a61]
V  [jvm.dll+0x1a4d8d]
V  [jvm.dll+0x2284da]
V  [jvm.dll+0x226615]
V  [jvm.dll+0x7ea90b]
V  [jvm.dll+0x7e4e7a]
V  [jvm.dll+0x676395]
C  [ucrtbase.dll+0x21bb2]
C  [KERNEL32.DLL+0x17614]
C  [ntdll.dll+0x526b1]


---------------  P R O C E S S  ---------------

Threads class SMR info:
_java_thread_list=0x0000022eb596bf10, length=32, elements={
0x0000022e9919f340, 0x0000022e96f8d150, 0x0000022eacfc1fe0, 0x0000022eacfee150,
0x0000022eacfeeed0, 0x0000022eacfefc50, 0x0000022eacff2d20, 0x0000022eacff7f60,
0x0000022eacff9870, 0x0000022ead002940, 0x0000022eb236a6e0, 0x0000022eb2548fc0,
0x0000022eb2e58470, 0x0000022eb2f00c90, 0x0000022eb2f01160, 0x0000022eb2f00690,
0x0000022eb31bb040, 0x0000022eb32e8e50, 0x0000022eb2666a10, 0x0000022eb2667d50,
0x0000022eb2668bc0, 0x0000022eb2666070, 0x0000022eb26686f0, 0x0000022eb2669090,
0x0000022eb2666540, 0x0000022eb64bcc50, 0x0000022eb64c0ae0, 0x0000022eb64bd120,
0x0000022eb64be930, 0x0000022eb64bd5f0, 0x0000022eb3c96cf0, 0x0000022eb2cd6720
}

Java Threads: ( => current thread )
  0x0000022e9919f340 JavaThread "main" [_thread_blocked, id=10592, stack(0x00000033fb000000,0x00000033fb100000)]
  0x0000022e96f8d150 JavaThread "Reference Handler" daemon [_thread_blocked, id=2560, stack(0x00000033fb300000,0x00000033fb400000)]
  0x0000022eacfc1fe0 JavaThread "Finalizer" daemon [_thread_blocked, id=10080, stack(0x00000033fb400000,0x00000033fb500000)]
  0x0000022eacfee150 JavaThread "Signal Dispatcher" daemon [_thread_blocked, id=7312, stack(0x00000033fb500000,0x00000033fb600000)]
  0x0000022eacfeeed0 JavaThread "Attach Listener" daemon [_thread_blocked, id=4948, stack(0x00000033fb600000,0x00000033fb700000)]
  0x0000022eacfefc50 JavaThread "Service Thread" daemon [_thread_blocked, id=3392, stack(0x00000033fb700000,0x00000033fb800000)]
  0x0000022eacff2d20 JavaThread "Monitor Deflation Thread" daemon [_thread_blocked, id=6200, stack(0x00000033fb800000,0x00000033fb900000)]
=>0x0000022eacff7f60 JavaThread "C2 CompilerThread0" daemon [_thread_in_native, id=17796, stack(0x00000033fb900000,0x00000033fba00000)]
  0x0000022eacff9870 JavaThread "C1 CompilerThread0" daemon [_thread_blocked, id=13576, stack(0x00000033fba00000,0x00000033fbb00000)]
  0x0000022ead002940 JavaThread "Sweeper thread" daemon [_thread_blocked, id=12836, stack(0x00000033fbb00000,0x00000033fbc00000)]
  0x0000022eb236a6e0 JavaThread "Common-Cleaner" daemon [_thread_blocked, id=4620, stack(0x00000033fbc00000,0x00000033fbd00000)]
  0x0000022eb2548fc0 JavaThread "Notification Thread" daemon [_thread_blocked, id=19052, stack(0x00000033fbd00000,0x00000033fbe00000)]
  0x0000022eb2e58470 JavaThread "Active Thread: Equinox Container: ecd7278f-2d8e-46b1-aae3-ff9c7b468865" [_thread_blocked, id=3988, stack(0x00000033fc300000,0x00000033fc400000)]
  0x0000022eb2f00c90 JavaThread "Framework Event Dispatcher: Equinox Container: ecd7278f-2d8e-46b1-aae3-ff9c7b468865" daemon [_thread_blocked, id=7408, stack(0x00000033fc400000,0x00000033fc500000)]
  0x0000022eb2f01160 JavaThread "Start Level: Equinox Container: ecd7278f-2d8e-46b1-aae3-ff9c7b468865" daemon [_thread_blocked, id=2536, stack(0x00000033fc500000,0x00000033fc600000)]
  0x0000022eb2f00690 JavaThread "SCR Component Actor" daemon [_thread_blocked, id=4440, stack(0x00000033fc600000,0x00000033fc700000)]
  0x0000022eb31bb040 JavaThread "Worker-JM" [_thread_blocked, id=21072, stack(0x00000033fc700000,0x00000033fc800000)]
  0x0000022eb32e8e50 JavaThread "Worker-0" [_thread_blocked, id=3116, stack(0x00000033fc900000,0x00000033fca00000)]
  0x0000022eb2666a10 JavaThread "Worker-1" [_thread_blocked, id=7792, stack(0x00000033fca00000,0x00000033fcb00000)]
  0x0000022eb2667d50 JavaThread "Worker-2" [_thread_blocked, id=19016, stack(0x00000033fcb00000,0x00000033fcc00000)]
  0x0000022eb2668bc0 JavaThread "Java indexing" daemon [_thread_blocked, id=17848, stack(0x00000033fcc00000,0x00000033fcd00000)]
  0x0000022eb2666070 JavaThread "JNA Cleaner" daemon [_thread_blocked, id=5448, stack(0x00000033fcd00000,0x00000033fce00000)]
  0x0000022eb26686f0 JavaThread "pool-2-thread-1" [_thread_blocked, id=12560, stack(0x00000033fd000000,0x00000033fd100000)]
  0x0000022eb2669090 JavaThread "WorkspaceEventsHandler" [_thread_blocked, id=19216, stack(0x00000033fd100000,0x00000033fd200000)]
  0x0000022eb2666540 JavaThread "pool-1-thread-1" [_thread_in_native, id=18520, stack(0x00000033fd200000,0x00000033fd300000)]
  0x0000022eb64bcc50 JavaThread "Worker-3" [_thread_blocked, id=17016, stack(0x00000033fbf00000,0x00000033fc000000)]
  0x0000022eb64c0ae0 JavaThread "Worker-4" [_thread_blocked, id=16644, stack(0x00000033fd300000,0x00000033fd400000)]
  0x0000022eb64bd120 JavaThread "ForkJoinPool.commonPool-worker-1" daemon [_thread_in_Java, id=8636, stack(0x00000033fd400000,0x00000033fd500000)]
  0x0000022eb64be930 JavaThread "ForkJoinPool.commonPool-worker-2" daemon [_thread_blocked, id=8264, stack(0x00000033fd500000,0x00000033fd600000)]
  0x0000022eb64bd5f0 JavaThread "ForkJoinPool.commonPool-worker-3" daemon [_thread_blocked, id=7332, stack(0x00000033fd600000,0x00000033fd700000)]
  0x0000022eb3c96cf0 JavaThread "Bundle File Closer" daemon [_thread_blocked, id=20856, stack(0x00000033fd700000,0x00000033fd800000)]
  0x0000022eb2cd6720 JavaThread "C2 CompilerThread1" daemon [_thread_in_native, id=12236, stack(0x00000033faf00000,0x00000033fb000000)]

Other Threads:
  0x0000022eacfa7f10 VMThread "VM Thread" [stack: 0x00000033fb200000,0x00000033fb300000] [id=14872]
  0x0000022eb2549490 WatcherThread [stack: 0x00000033fbe00000,0x00000033fbf00000] [id=15216]
  0x0000022e991b7af0 GCTaskThread "GC Thread#0" [stack: 0x00000033fb100000,0x00000033fb200000] [id=14056]
  0x0000022eb2d332e0 GCTaskThread "GC Thread#1" [stack: 0x00000033fc000000,0x00000033fc100000] [id=10432]
  0x0000022eb2c53830 GCTaskThread "GC Thread#2" [stack: 0x00000033fc100000,0x00000033fc200000] [id=18072]
  0x0000022eb2c33d20 GCTaskThread "GC Thread#3" [stack: 0x00000033fc200000,0x00000033fc300000] [id=10036]

Threads with active compile tasks:
C2 CompilerThread0    62679 17913   !   4       lombok.eclipse.TransformEclipseAST::getAST (64 bytes)
C2 CompilerThread1    62679 18007       4       org.eclipse.jdt.internal.core.Member::areSimilarMethods (94 bytes)

VM state: not at safepoint (normal execution)

VM Mutex/Monitor currently owned by a thread: None

Heap address: 0x00000000c0000000, size: 1024 MB, Compressed Oops mode: 32-bit

CDS archive(s) not mapped
Compressed class space mapped at: 0x0000000100000000-0x0000000140000000, reserved size: 1073741824
Narrow klass base: 0x0000000000000000, Narrow klass shift: 3, Narrow klass range: 0x140000000

GC Precious Log:
 CPUs: 4 total, 4 available
 Memory: 12199M
 Large Page Support: Disabled
 NUMA Support: Disabled
 Compressed Oops: Enabled (32-bit)
 Alignments: Space 512K, Generation 512K, Heap 2M
 Heap Min Capacity: 100M
 Heap Initial Capacity: 100M
 Heap Max Capacity: 1G
 Pre-touch: Disabled
 Parallel Workers: 4

Heap:
 PSYoungGen      total 27648K, used 10548K [0x00000000eab00000, 0x00000000ecb80000, 0x0000000100000000)
  eden space 23040K, 26% used [0x00000000eab00000,0x00000000eb0f50e8,0x00000000ec180000)
  from space 4608K, 96% used [0x00000000ec180000,0x00000000ec5d82e0,0x00000000ec600000)
  to   space 5120K, 0% used [0x00000000ec680000,0x00000000ec680000,0x00000000ecb80000)
 ParOldGen       total 182272K, used 150138K [0x00000000c0000000, 0x00000000cb200000, 0x00000000eab00000)
  object space 182272K, 82% used [0x00000000c0000000,0x00000000c929ebc0,0x00000000cb200000)
 Metaspace       used 75388K, committed 76544K, reserved 1179648K
  class space    used 7490K, committed 8000K, reserved 1048576K

Card table byte_map: [0x0000022e98b50000,0x0000022e98d60000] _byte_map_base: 0x0000022e98550000

Marking Bits: (ParMarkBitMap*) 0x00007ffdfdbc52c0
 Begin Bits: [0x0000022eaae30000, 0x0000022eabe30000)
 End Bits:   [0x0000022eabe30000, 0x0000022eace30000)

Polling page: 0x0000022e97160000

Metaspace:

Usage:
  Non-class:     66.31 MB used.
      Class:      7.32 MB used.
       Both:     73.62 MB used.

Virtual space:
  Non-class space:      128.00 MB reserved,      66.94 MB ( 52%) committed,  2 nodes.
      Class space:        1.00 GB reserved,       7.81 MB ( <1%) committed,  1 nodes.
             Both:        1.12 GB reserved,      74.75 MB (  6%) committed. 

Chunk freelists:
   Non-Class:  13.02 MB
       Class:  8.06 MB
        Both:  21.08 MB

MaxMetaspaceSize: unlimited
CompressedClassSpaceSize: 1.00 GB
Initial GC threshold: 21.00 MB
Current GC threshold: 124.62 MB
CDS: off
MetaspaceReclaimPolicy: balanced
 - commit_granule_bytes: 65536.
 - commit_granule_words: 8192.
 - virtual_space_node_default_size: 8388608.
 - enlarge_chunks_in_place: 1.
 - new_chunks_are_fully_committed: 0.
 - uncommit_free_chunks: 1.
 - use_allocation_guard: 0.
 - handle_deallocations: 1.


Internal statistics:

num_allocs_failed_limit: 9.
num_arena_births: 800.
num_arena_deaths: 28.
num_vsnodes_births: 3.
num_vsnodes_deaths: 0.
num_space_committed: 1196.
num_space_uncommitted: 0.
num_chunks_returned_to_freelist: 42.
num_chunks_taken_from_freelist: 4083.
num_chunk_merges: 11.
num_chunk_splits: 2458.
num_chunks_enlarged: 1289.
num_inconsistent_stats: 0.

CodeHeap 'non-profiled nmethods': size=120000Kb used=11348Kb max_used=11348Kb free=108651Kb
 bounds [0x0000022ea3900000, 0x0000022ea4420000, 0x0000022eaae30000]
CodeHeap 'profiled nmethods': size=120000Kb used=27166Kb max_used=29113Kb free=92833Kb
 bounds [0x0000022e9be30000, 0x0000022e9dab0000, 0x0000022ea3360000]
CodeHeap 'non-nmethods': size=5760Kb used=1369Kb max_used=1486Kb free=4391Kb
 bounds [0x0000022ea3360000, 0x0000022ea35d0000, 0x0000022ea3900000]
 total_blobs=13590 nmethods=12879 adapters=620
 compilation: enabled
              stopped_count=0, restarted_count=0
 full_count=0

Compilation events (20 events):
Event: 62.467 Thread 0x0000022eacff9870 17998   !   3       org.eclipse.jdt.core.dom.ConditionalExpression::getExpression (61 bytes)
Event: 62.468 Thread 0x0000022eacff9870 nmethod 17998 0x0000022e9cc7c110 code [0x0000022e9cc7c340, 0x0000022e9cc7cc78]
Event: 62.469 Thread 0x0000022eacff9870 18004   !   3       org.eclipse.jdt.core.dom.ImportDeclaration::getName (79 bytes)
Event: 62.470 Thread 0x0000022eacff9870 nmethod 18004 0x0000022e9c513690 code [0x0000022e9c513940, 0x0000022e9c5147d8]
Event: 62.488 Thread 0x0000022eacff9870 18010   !   3       org.eclipse.jdt.ls.core.internal.handlers.InlayHintVisitor::resolveInlayHints (261 bytes)
Event: 62.491 Thread 0x0000022eacff9870 nmethod 18010 0x0000022e9d593f90 code [0x0000022e9d594420, 0x0000022e9d5969b8]
Event: 62.551 Thread 0x0000022eb2cd6720 nmethod 17988% 0x0000022ea440d090 code [0x0000022ea440d3c0, 0x0000022ea440f900]
Event: 62.552 Thread 0x0000022eb2cd6720 17992   !   4       java.util.concurrent.ConcurrentHashMap::putVal (433 bytes)
Event: 62.581 Thread 0x0000022eb2cd6720 nmethod 17992 0x0000022ea4410f10 code [0x0000022ea4411140, 0x0000022ea4412460]
Event: 62.581 Thread 0x0000022eb2cd6720 18009       4       java.lang.CharacterDataLatin1::digit (32 bytes)
Event: 62.582 Thread 0x0000022eb2cd6720 nmethod 18009 0x0000022ea4413210 code [0x0000022ea4413380, 0x0000022ea4413478]
Event: 62.582 Thread 0x0000022eb2cd6720 17995       4       org.eclipse.jdt.core.dom.ASTConverter::lookupScope (253 bytes)
Event: 62.592 Thread 0x0000022eb2cd6720 nmethod 17995 0x0000022ea4413590 code [0x0000022ea4413780, 0x0000022ea4413e10]
Event: 62.592 Thread 0x0000022eb2cd6720 17990   !   4       org.eclipse.jdt.core.dom.ASTConverter::retrieveEndOfElementTypeNamePosition (192 bytes)
Event: 62.600 Thread 0x0000022eb2cd6720 nmethod 17990 0x0000022ea4414310 code [0x0000022ea4414500, 0x0000022ea4414b38]
Event: 62.600 Thread 0x0000022eb2cd6720 18007       4       org.eclipse.jdt.internal.core.Member::areSimilarMethods (94 bytes)
Event: 62.628 Thread 0x0000022eacff9870 18012       2       java.util.concurrent.CompletableFuture::<init> (5 bytes)
Event: 62.628 Thread 0x0000022eacff9870 nmethod 18012 0x0000022e9c8af690 code [0x0000022e9c8af820, 0x0000022e9c8af918]
Event: 62.637 Thread 0x0000022eacff9870 18013   !   3       org.eclipse.jdt.internal.compiler.parser.Parser::$SWITCH_TABLE$org$eclipse$jdt$internal$compiler$parser$Parser$LocalTypeKind (61 bytes)
Event: 62.637 Thread 0x0000022eacff9870 nmethod 18013 0x0000022e9c5cd390 code [0x0000022e9c5cd560, 0x0000022e9c5cd908]

GC Heap History (20 events):
Event: 61.491 GC heap before
{Heap before GC invocations=401 (full 18):
 PSYoungGen      total 26112K, used 25440K [0x00000000eab00000, 0x00000000ec800000, 0x0000000100000000)
  eden space 23040K, 100% used [0x00000000eab00000,0x00000000ec180000,0x00000000ec180000)
  from space 3072K, 78% used [0x00000000ec180000,0x00000000ec3d8020,0x00000000ec480000)
  to   space 2560K, 0% used [0x00000000ec580000,0x00000000ec580000,0x00000000ec800000)
 ParOldGen       total 155136K, used 144228K [0x00000000c0000000, 0x00000000c9780000, 0x00000000eab00000)
  object space 155136K, 92% used [0x00000000c0000000,0x00000000c8cd92a0,0x00000000c9780000)
 Metaspace       used 75363K, committed 76544K, reserved 1179648K
  class space    used 7490K, committed 8000K, reserved 1048576K
}
Event: 61.497 GC heap after
{Heap after GC invocations=401 (full 18):
 PSYoungGen      total 24064K, used 2560K [0x00000000eab00000, 0x00000000ecf00000, 0x0000000100000000)
  eden space 21504K, 0% used [0x00000000eab00000,0x00000000eab00000,0x00000000ec000000)
  from space 2560K, 100% used [0x00000000ec580000,0x00000000ec800000,0x00000000ec800000)
  to   space 5632K, 0% used [0x00000000ec000000,0x00000000ec000000,0x00000000ec580000)
 ParOldGen       total 155136K, used 146813K [0x00000000c0000000, 0x00000000c9780000, 0x00000000eab00000)
  object space 155136K, 94% used [0x00000000c0000000,0x00000000c8f5f678,0x00000000c9780000)
 Metaspace       used 75363K, committed 76544K, reserved 1179648K
  class space    used 7490K, committed 8000K, reserved 1048576K
}
Event: 61.536 GC heap before
{Heap before GC invocations=402 (full 18):
 PSYoungGen      total 24064K, used 24064K [0x00000000eab00000, 0x00000000ecf00000, 0x0000000100000000)
  eden space 21504K, 100% used [0x00000000eab00000,0x00000000ec000000,0x00000000ec000000)
  from space 2560K, 100% used [0x00000000ec580000,0x00000000ec800000,0x00000000ec800000)
  to   space 5632K, 0% used [0x00000000ec000000,0x00000000ec000000,0x00000000ec580000)
 ParOldGen       total 155136K, used 146813K [0x00000000c0000000, 0x00000000c9780000, 0x00000000eab00000)
  object space 155136K, 94% used [0x00000000c0000000,0x00000000c8f5f678,0x00000000c9780000)
 Metaspace       used 75363K, committed 76544K, reserved 1179648K
  class space    used 7490K, committed 8000K, reserved 1048576K
}
Event: 61.543 GC heap after
{Heap after GC invocations=402 (full 18):
 PSYoungGen      total 27136K, used 2320K [0x00000000eab00000, 0x00000000ec980000, 0x0000000100000000)
  eden space 21504K, 0% used [0x00000000eab00000,0x00000000eab00000,0x00000000ec000000)
  from space 5632K, 41% used [0x00000000ec000000,0x00000000ec244050,0x00000000ec580000)
  to   space 3584K, 0% used [0x00000000ec600000,0x00000000ec600000,0x00000000ec980000)
 ParOldGen       total 155136K, used 149362K [0x00000000c0000000, 0x00000000c9780000, 0x00000000eab00000)
  object space 155136K, 96% used [0x00000000c0000000,0x00000000c91dc918,0x00000000c9780000)
 Metaspace       used 75363K, committed 76544K, reserved 1179648K
  class space    used 7490K, committed 8000K, reserved 1048576K
}
Event: 61.619 GC heap before
{Heap before GC invocations=403 (full 18):
 PSYoungGen      total 27136K, used 23775K [0x00000000eab00000, 0x00000000ec980000, 0x0000000100000000)
  eden space 21504K, 99% used [0x00000000eab00000,0x00000000ebff3c98,0x00000000ec000000)
  from space 5632K, 41% used [0x00000000ec000000,0x00000000ec244050,0x00000000ec580000)
  to   space 3584K, 0% used [0x00000000ec600000,0x00000000ec600000,0x00000000ec980000)
 ParOldGen       total 155136K, used 149362K [0x00000000c0000000, 0x00000000c9780000, 0x00000000eab00000)
  object space 155136K, 96% used [0x00000000c0000000,0x00000000c91dc918,0x00000000c9780000)
 Metaspace       used 75363K, committed 76544K, reserved 1179648K
  class space    used 7490K, committed 8000K, reserved 1048576K
}
Event: 61.625 GC heap after
{Heap after GC invocations=403 (full 18):
 PSYoungGen      total 27136K, used 2880K [0x00000000eab00000, 0x00000000ec900000, 0x0000000100000000)
  eden space 24064K, 0% used [0x00000000eab00000,0x00000000eab00000,0x00000000ec280000)
  from space 3072K, 93% used [0x00000000ec600000,0x00000000ec8d0000,0x00000000ec900000)
  to   space 3072K, 0% used [0x00000000ec300000,0x00000000ec300000,0x00000000ec600000)
 ParOldGen       total 155136K, used 151642K [0x00000000c0000000, 0x00000000c9780000, 0x00000000eab00000)
  object space 155136K, 97% used [0x00000000c0000000,0x00000000c94169f8,0x00000000c9780000)
 Metaspace       used 75363K, committed 76544K, reserved 1179648K
  class space    used 7490K, committed 8000K, reserved 1048576K
}
Event: 61.708 GC heap before
{Heap before GC invocations=404 (full 18):
 PSYoungGen      total 27136K, used 26944K [0x00000000eab00000, 0x00000000ec900000, 0x0000000100000000)
  eden space 24064K, 100% used [0x00000000eab00000,0x00000000ec280000,0x00000000ec280000)
  from space 3072K, 93% used [0x00000000ec600000,0x00000000ec8d0000,0x00000000ec900000)
  to   space 3072K, 0% used [0x00000000ec300000,0x00000000ec300000,0x00000000ec600000)
 ParOldGen       total 155136K, used 151642K [0x00000000c0000000, 0x00000000c9780000, 0x00000000eab00000)
  object space 155136K, 97% used [0x00000000c0000000,0x00000000c94169f8,0x00000000c9780000)
 Metaspace       used 75366K, committed 76544K, reserved 1179648K
  class space    used 7490K, committed 8000K, reserved 1048576K
}
Event: 61.718 GC heap after
{Heap after GC invocations=404 (full 18):
 PSYoungGen      total 27648K, used 3041K [0x00000000eab00000, 0x00000000ed680000, 0x0000000100000000)
  eden space 24576K, 0% used [0x00000000eab00000,0x00000000eab00000,0x00000000ec300000)
  from space 3072K, 99% used [0x00000000ec300000,0x00000000ec5f8560,0x00000000ec600000)
  to   space 8704K, 0% used [0x00000000ece00000,0x00000000ece00000,0x00000000ed680000)
 ParOldGen       total 156160K, used 156153K [0x00000000c0000000, 0x00000000c9880000, 0x00000000eab00000)
  object space 156160K, 99% used [0x00000000c0000000,0x00000000c987e688,0x00000000c9880000)
 Metaspace       used 75366K, committed 76544K, reserved 1179648K
  class space    used 7490K, committed 8000K, reserved 1048576K
}
Event: 61.718 GC heap before
{Heap before GC invocations=405 (full 19):
 PSYoungGen      total 27648K, used 3041K [0x00000000eab00000, 0x00000000ed680000, 0x0000000100000000)
  eden space 24576K, 0% used [0x00000000eab00000,0x00000000eab00000,0x00000000ec300000)
  from space 3072K, 99% used [0x00000000ec300000,0x00000000ec5f8560,0x00000000ec600000)
  to   space 8704K, 0% used [0x00000000ece00000,0x00000000ece00000,0x00000000ed680000)
 ParOldGen       total 156160K, used 156153K [0x00000000c0000000, 0x00000000c9880000, 0x00000000eab00000)
  object space 156160K, 99% used [0x00000000c0000000,0x00000000c987e688,0x00000000c9880000)
 Metaspace       used 75366K, committed 76544K, reserved 1179648K
  class space    used 7490K, committed 8000K, reserved 1048576K
}
Event: 61.956 GC heap after
{Heap after GC invocations=405 (full 19):
 PSYoungGen      total 35840K, used 0K [0x00000000eab00000, 0x00000000ed680000, 0x0000000100000000)
  eden space 27136K, 0% used [0x00000000eab00000,0x00000000eab00000,0x00000000ec580000)
  from space 8704K, 0% used [0x00000000ece00000,0x00000000ece00000,0x00000000ed680000)
  to   space 8704K, 0% used [0x00000000ec580000,0x00000000ec580000,0x00000000ece00000)
 ParOldGen       total 182272K, used 138044K [0x00000000c0000000, 0x00000000cb200000, 0x00000000eab00000)
  object space 182272K, 75% used [0x00000000c0000000,0x00000000c86cf1d0,0x00000000cb200000)
 Metaspace       used 75366K, committed 76544K, reserved 1179648K
  class space    used 7490K, committed 8000K, reserved 1048576K
}
Event: 62.013 GC heap before
{Heap before GC invocations=406 (full 19):
 PSYoungGen      total 35840K, used 27109K [0x00000000eab00000, 0x00000000ed680000, 0x0000000100000000)
  eden space 27136K, 99% used [0x00000000eab00000,0x00000000ec5794c0,0x00000000ec580000)
  from space 8704K, 0% used [0x00000000ece00000,0x00000000ece00000,0x00000000ed680000)
  to   space 8704K, 0% used [0x00000000ec580000,0x00000000ec580000,0x00000000ece00000)
 ParOldGen       total 182272K, used 138044K [0x00000000c0000000, 0x00000000cb200000, 0x00000000eab00000)
  object space 182272K, 75% used [0x00000000c0000000,0x00000000c86cf1d0,0x00000000cb200000)
 Metaspace       used 75385K, committed 76544K, reserved 1179648K
  class space    used 7490K, committed 8000K, reserved 1048576K
}
Event: 62.017 GC heap after
{Heap after GC invocations=406 (full 19):
 PSYoungGen      total 30720K, used 4000K [0x00000000eab00000, 0x00000000ed000000, 0x0000000100000000)
  eden space 26624K, 0% used [0x00000000eab00000,0x00000000eab00000,0x00000000ec500000)
  from space 4096K, 97% used [0x00000000ec580000,0x00000000ec968060,0x00000000ec980000)
  to   space 5632K, 0% used [0x00000000eca80000,0x00000000eca80000,0x00000000ed000000)
 ParOldGen       total 182272K, used 138044K [0x00000000c0000000, 0x00000000cb200000, 0x00000000eab00000)
  object space 182272K, 75% used [0x00000000c0000000,0x00000000c86cf1d0,0x00000000cb200000)
 Metaspace       used 75385K, committed 76544K, reserved 1179648K
  class space    used 7490K, committed 8000K, reserved 1048576K
}
Event: 62.082 GC heap before
{Heap before GC invocations=407 (full 19):
 PSYoungGen      total 30720K, used 30624K [0x00000000eab00000, 0x00000000ed000000, 0x0000000100000000)
  eden space 26624K, 100% used [0x00000000eab00000,0x00000000ec500000,0x00000000ec500000)
  from space 4096K, 97% used [0x00000000ec580000,0x00000000ec968060,0x00000000ec980000)
  to   space 5632K, 0% used [0x00000000eca80000,0x00000000eca80000,0x00000000ed000000)
 ParOldGen       total 182272K, used 138044K [0x00000000c0000000, 0x00000000cb200000, 0x00000000eab00000)
  object space 182272K, 75% used [0x00000000c0000000,0x00000000c86cf1d0,0x00000000cb200000)
 Metaspace       used 75386K, committed 76544K, reserved 1179648K
  class space    used 7490K, committed 8000K, reserved 1048576K
}
Event: 62.090 GC heap after
{Heap after GC invocations=407 (full 19):
 PSYoungGen      total 30720K, used 5616K [0x00000000eab00000, 0x00000000ed280000, 0x0000000100000000)
  eden space 25088K, 0% used [0x00000000eab00000,0x00000000eab00000,0x00000000ec380000)
  from space 5632K, 99% used [0x00000000eca80000,0x00000000ecffc100,0x00000000ed000000)
  to   space 7168K, 0% used [0x00000000ec380000,0x00000000ec380000,0x00000000eca80000)
 ParOldGen       total 182272K, used 139028K [0x00000000c0000000, 0x00000000cb200000, 0x00000000eab00000)
  object space 182272K, 76% used [0x00000000c0000000,0x00000000c87c52b8,0x00000000cb200000)
 Metaspace       used 75386K, committed 76544K, reserved 1179648K
  class space    used 7490K, committed 8000K, reserved 1048576K
}
Event: 62.221 GC heap before
{Heap before GC invocations=408 (full 19):
 PSYoungGen      total 30720K, used 30704K [0x00000000eab00000, 0x00000000ed280000, 0x0000000100000000)
  eden space 25088K, 100% used [0x00000000eab00000,0x00000000ec380000,0x00000000ec380000)
  from space 5632K, 99% used [0x00000000eca80000,0x00000000ecffc100,0x00000000ed000000)
  to   space 7168K, 0% used [0x00000000ec380000,0x00000000ec380000,0x00000000eca80000)
 ParOldGen       total 182272K, used 139028K [0x00000000c0000000, 0x00000000cb200000, 0x00000000eab00000)
  object space 182272K, 76% used [0x00000000c0000000,0x00000000c87c52b8,0x00000000cb200000)
 Metaspace       used 75387K, committed 76544K, reserved 1179648K
  class space    used 7490K, committed 8000K, reserved 1048576K
}
Event: 62.232 GC heap after
{Heap after GC invocations=408 (full 19):
 PSYoungGen      total 28160K, used 2944K [0x00000000eab00000, 0x00000000ecc80000, 0x0000000100000000)
  eden space 25088K, 0% used [0x00000000eab00000,0x00000000eab00000,0x00000000ec380000)
  from space 3072K, 95% used [0x00000000ec380000,0x00000000ec660040,0x00000000ec680000)
  to   space 4608K, 0% used [0x00000000ec800000,0x00000000ec800000,0x00000000ecc80000)
 ParOldGen       total 182272K, used 144629K [0x00000000c0000000, 0x00000000cb200000, 0x00000000eab00000)
  object space 182272K, 79% used [0x00000000c0000000,0x00000000c8d3d7b0,0x00000000cb200000)
 Metaspace       used 75387K, committed 76544K, reserved 1179648K
  class space    used 7490K, committed 8000K, reserved 1048576K
}
Event: 62.365 GC heap before
{Heap before GC invocations=409 (full 19):
 PSYoungGen      total 28160K, used 28032K [0x00000000eab00000, 0x00000000ecc80000, 0x0000000100000000)
  eden space 25088K, 100% used [0x00000000eab00000,0x00000000ec380000,0x00000000ec380000)
  from space 3072K, 95% used [0x00000000ec380000,0x00000000ec660040,0x00000000ec680000)
  to   space 4608K, 0% used [0x00000000ec800000,0x00000000ec800000,0x00000000ecc80000)
 ParOldGen       total 182272K, used 144629K [0x00000000c0000000, 0x00000000cb200000, 0x00000000eab00000)
  object space 182272K, 79% used [0x00000000c0000000,0x00000000c8d3d7b0,0x00000000cb200000)
 Metaspace       used 75387K, committed 76544K, reserved 1179648K
  class space    used 7490K, committed 8000K, reserved 1048576K
}
Event: 62.370 GC heap after
{Heap after GC invocations=409 (full 19):
 PSYoungGen      total 27648K, used 4576K [0x00000000eab00000, 0x00000000ed080000, 0x0000000100000000)
  eden space 23040K, 0% used [0x00000000eab00000,0x00000000eab00000,0x00000000ec180000)
  from space 4608K, 99% used [0x00000000ec800000,0x00000000ecc78070,0x00000000ecc80000)
  to   space 6656K, 0% used [0x00000000ec180000,0x00000000ec180000,0x00000000ec800000)
 ParOldGen       total 182272K, used 145710K [0x00000000c0000000, 0x00000000cb200000, 0x00000000eab00000)
  object space 182272K, 79% used [0x00000000c0000000,0x00000000c8e4b840,0x00000000cb200000)
 Metaspace       used 75387K, committed 76544K, reserved 1179648K
  class space    used 7490K, committed 8000K, reserved 1048576K
}
Event: 62.474 GC heap before
{Heap before GC invocations=410 (full 19):
 PSYoungGen      total 27648K, used 27616K [0x00000000eab00000, 0x00000000ed080000, 0x0000000100000000)
  eden space 23040K, 100% used [0x00000000eab00000,0x00000000ec180000,0x00000000ec180000)
  from space 4608K, 99% used [0x00000000ec800000,0x00000000ecc78070,0x00000000ecc80000)
  to   space 6656K, 0% used [0x00000000ec180000,0x00000000ec180000,0x00000000ec800000)
 ParOldGen       total 182272K, used 145710K [0x00000000c0000000, 0x00000000cb200000, 0x00000000eab00000)
  object space 182272K, 79% used [0x00000000c0000000,0x00000000c8e4b840,0x00000000cb200000)
 Metaspace       used 75387K, committed 76544K, reserved 1179648K
  class space    used 7490K, committed 8000K, reserved 1048576K
}
Event: 62.485 GC heap after
{Heap after GC invocations=410 (full 19):
 PSYoungGen      total 27648K, used 4448K [0x00000000eab00000, 0x00000000ecb80000, 0x0000000100000000)
  eden space 23040K, 0% used [0x00000000eab00000,0x00000000eab00000,0x00000000ec180000)
  from space 4608K, 96% used [0x00000000ec180000,0x00000000ec5d82e0,0x00000000ec600000)
  to   space 5120K, 0% used [0x00000000ec680000,0x00000000ec680000,0x00000000ecb80000)
 ParOldGen       total 182272K, used 150138K [0x00000000c0000000, 0x00000000cb200000, 0x00000000eab00000)
  object space 182272K, 82% used [0x00000000c0000000,0x00000000c929ebc0,0x00000000cb200000)
 Metaspace       used 75387K, committed 76544K, reserved 1179648K
  class space    used 7490K, committed 8000K, reserved 1048576K
}

Dll operation events (10 events):
Event: 0.009 Loaded shared library c:\Users\HP\.vscode\extensions\redhat.java-1.20.0-win32-x64\jre\17.0.7-win32-x86_64\bin\java.dll
Event: 0.247 Loaded shared library c:\Users\HP\.vscode\extensions\redhat.java-1.20.0-win32-x64\jre\17.0.7-win32-x86_64\bin\zip.dll
Event: 0.253 Loaded shared library C:\Users\HP\.vscode\extensions\redhat.java-1.20.0-win32-x64\jre\17.0.7-win32-x86_64\bin\instrument.dll
Event: 0.309 Loaded shared library C:\Users\HP\.vscode\extensions\redhat.java-1.20.0-win32-x64\jre\17.0.7-win32-x86_64\bin\net.dll
Event: 0.313 Loaded shared library C:\Users\HP\.vscode\extensions\redhat.java-1.20.0-win32-x64\jre\17.0.7-win32-x86_64\bin\nio.dll
Event: 0.335 Loaded shared library C:\Users\HP\.vscode\extensions\redhat.java-1.20.0-win32-x64\jre\17.0.7-win32-x86_64\bin\zip.dll
Event: 0.375 Loaded shared library C:\Users\HP\.vscode\extensions\redhat.java-1.20.0-win32-x64\jre\17.0.7-win32-x86_64\bin\jimage.dll
Event: 0.524 Loaded shared library c:\Users\HP\.vscode\extensions\redhat.java-1.20.0-win32-x64\jre\17.0.7-win32-x86_64\bin\verify.dll
Event: 3.336 Loaded shared library C:\Users\HP\AppData\Roaming\Code\User\globalStorage\redhat.java\1.20.0\config_win\org.eclipse.equinox.launcher\org.eclipse.equinox.launcher.win32.win32.x86_64_1.2.700.v20221108-1024\eclipse_11801.dll
Event: 5.807 Loaded shared library C:\Users\HP\AppData\Local\Temp\jna-2312\jna12429235561827336391.dll

Deoptimization events (20 events):
Event: 59.489 Thread 0x0000022eb64be930 Uncommon trap: trap_request=0xffffffbe fr.pc=0x0000022ea3bfd898 relative=0x0000000000000118
Event: 59.489 Thread 0x0000022eb64be930 Uncommon trap: reason=profile_predicate action=maybe_recompile pc=0x0000022ea3bfd898 method=org.eclipse.jdt.core.compiler.CharOperation.splitAndTrimOn(C[C)[[C @ 175 c2
Event: 59.489 Thread 0x0000022eb64be930 DEOPT PACKING pc=0x0000022ea3bfd898 sp=0x00000033fd5feab0
Event: 59.489 Thread 0x0000022eb64be930 DEOPT UNPACKING pc=0x0000022ea33b66a3 sp=0x00000033fd5fea08 mode 2
Event: 59.489 Thread 0x0000022eb64be930 Uncommon trap: trap_request=0xffffffbe fr.pc=0x0000022ea3bfd898 relative=0x0000000000000118
Event: 59.489 Thread 0x0000022eb64be930 Uncommon trap: reason=profile_predicate action=maybe_recompile pc=0x0000022ea3bfd898 method=org.eclipse.jdt.core.compiler.CharOperation.splitAndTrimOn(C[C)[[C @ 175 c2
Event: 59.489 Thread 0x0000022eb64be930 DEOPT PACKING pc=0x0000022ea3bfd898 sp=0x00000033fd5feab0
Event: 59.489 Thread 0x0000022eb64be930 DEOPT UNPACKING pc=0x0000022ea33b66a3 sp=0x00000033fd5fea08 mode 2
Event: 59.490 Thread 0x0000022eb64be930 Uncommon trap: trap_request=0xffffffbe fr.pc=0x0000022ea3bfd898 relative=0x0000000000000118
Event: 59.490 Thread 0x0000022eb64be930 Uncommon trap: reason=profile_predicate action=maybe_recompile pc=0x0000022ea3bfd898 method=org.eclipse.jdt.core.compiler.CharOperation.splitAndTrimOn(C[C)[[C @ 175 c2
Event: 59.490 Thread 0x0000022eb64be930 DEOPT PACKING pc=0x0000022ea3bfd898 sp=0x00000033fd5fe690
Event: 59.490 Thread 0x0000022eb64be930 DEOPT UNPACKING pc=0x0000022ea33b66a3 sp=0x00000033fd5fe5e8 mode 2
Event: 59.490 Thread 0x0000022eb64be930 Uncommon trap: trap_request=0xffffffbe fr.pc=0x0000022ea3bfd898 relative=0x0000000000000118
Event: 59.490 Thread 0x0000022eb64be930 Uncommon trap: reason=profile_predicate action=maybe_recompile pc=0x0000022ea3bfd898 method=org.eclipse.jdt.core.compiler.CharOperation.splitAndTrimOn(C[C)[[C @ 175 c2
Event: 59.490 Thread 0x0000022eb64be930 DEOPT PACKING pc=0x0000022ea3bfd898 sp=0x00000033fd5fe690
Event: 59.490 Thread 0x0000022eb64be930 DEOPT UNPACKING pc=0x0000022ea33b66a3 sp=0x00000033fd5fe5e8 mode 2
Event: 60.217 Thread 0x0000022eb64be930 DEOPT PACKING pc=0x0000022e9c393e76 sp=0x00000033fd5fe570
Event: 60.217 Thread 0x0000022eb64be930 DEOPT UNPACKING pc=0x0000022ea33b6e43 sp=0x00000033fd5fd9e0 mode 0
Event: 61.364 Thread 0x0000022eb64bd120 DEOPT PACKING pc=0x0000022e9c393e76 sp=0x00000033fd4fe730
Event: 61.364 Thread 0x0000022eb64bd120 DEOPT UNPACKING pc=0x0000022ea33b6e43 sp=0x00000033fd4fdba0 mode 0

Classes unloaded (14 events):
Event: 4.181 Thread 0x0000022eacfa7f10 Unloading class 0x0000000100212400 'java/lang/invoke/LambdaForm$MH+0x0000000100212400'
Event: 4.181 Thread 0x0000022eacfa7f10 Unloading class 0x0000000100212000 'java/lang/invoke/LambdaForm$MH+0x0000000100212000'
Event: 4.181 Thread 0x0000022eacfa7f10 Unloading class 0x0000000100211c00 'java/lang/invoke/LambdaForm$MH+0x0000000100211c00'
Event: 4.181 Thread 0x0000022eacfa7f10 Unloading class 0x0000000100211800 'java/lang/invoke/LambdaForm$MH+0x0000000100211800'
Event: 4.181 Thread 0x0000022eacfa7f10 Unloading class 0x0000000100211000 'java/lang/invoke/LambdaForm$BMH+0x0000000100211000'
Event: 4.181 Thread 0x0000022eacfa7f10 Unloading class 0x0000000100210c00 'java/lang/invoke/LambdaForm$DMH+0x0000000100210c00'
Event: 4.181 Thread 0x0000022eacfa7f10 Unloading class 0x000000010020e000 'java/lang/invoke/LambdaForm$DMH+0x000000010020e000'
Event: 18.876 Thread 0x0000022eacfa7f10 Unloading class 0x0000000100709000 'java/lang/invoke/LambdaForm$DMH+0x0000000100709000'
Event: 18.876 Thread 0x0000022eacfa7f10 Unloading class 0x0000000100708c00 'java/lang/invoke/LambdaForm$DMH+0x0000000100708c00'
Event: 18.876 Thread 0x0000022eacfa7f10 Unloading class 0x00000001006fd400 'java/lang/invoke/LambdaForm$MH+0x00000001006fd400'
Event: 18.876 Thread 0x0000022eacfa7f10 Unloading class 0x00000001006fd000 'java/lang/invoke/LambdaForm$MH+0x00000001006fd000'
Event: 29.148 Thread 0x0000022eacfa7f10 Unloading class 0x0000000100768400 'java/lang/invoke/LambdaForm$MH+0x0000000100768400'
Event: 29.148 Thread 0x0000022eacfa7f10 Unloading class 0x0000000100768000 'java/lang/invoke/LambdaForm$DMH+0x0000000100768000'
Event: 29.148 Thread 0x0000022eacfa7f10 Unloading class 0x0000000100761400 'java/lang/invoke/LambdaForm$DMH+0x0000000100761400'

Classes redefined (0 events):
No events

Internal exceptions (20 events):
Event: 36.156 Thread 0x0000022eb64bd5f0 Exception <a 'java/lang/NullPointerException'{0x00000000eb334968}> (0x00000000eb334968) 
thrown [s\src\hotspot\share\runtime\sharedRuntime.cpp, line 628]
Event: 36.156 Thread 0x0000022eb64bd5f0 Implicit null exception at 0x0000022e9d20934f to 0x0000022e9d20a69c
Event: 36.156 Thread 0x0000022eb64bd5f0 Exception <a 'java/lang/NullPointerException'{0x00000000eb335eb8}> (0x00000000eb335eb8) 
thrown [s\src\hotspot\share\runtime\sharedRuntime.cpp, line 628]
Event: 36.156 Thread 0x0000022eb64bd5f0 Implicit null exception at 0x0000022e9d20934f to 0x0000022e9d20a69c
Event: 36.156 Thread 0x0000022eb64bd5f0 Exception <a 'java/lang/NullPointerException'{0x00000000eb33be40}> (0x00000000eb33be40) 
thrown [s\src\hotspot\share\runtime\sharedRuntime.cpp, line 628]
Event: 36.156 Thread 0x0000022eb64bd5f0 Implicit null exception at 0x0000022e9d20934f to 0x0000022e9d20a69c
Event: 36.156 Thread 0x0000022eb64bd5f0 Exception <a 'java/lang/NullPointerException'{0x00000000eb33d3a8}> (0x00000000eb33d3a8) 
thrown [s\src\hotspot\share\runtime\sharedRuntime.cpp, line 628]
Event: 36.156 Thread 0x0000022eb64bd5f0 Implicit null exception at 0x0000022e9d20934f to 0x0000022e9d20a69c
Event: 36.156 Thread 0x0000022eb64bd5f0 Exception <a 'java/lang/NullPointerException'{0x00000000eb3434b0}> (0x00000000eb3434b0) 
thrown [s\src\hotspot\share\runtime\sharedRuntime.cpp, line 628]
Event: 36.156 Thread 0x0000022eb64bd5f0 Implicit null exception at 0x0000022e9d20934f to 0x0000022e9d20a69c
Event: 36.156 Thread 0x0000022eb64bd5f0 Exception <a 'java/lang/NullPointerException'{0x00000000eb344a28}> (0x00000000eb344a28) 
thrown [s\src\hotspot\share\runtime\sharedRuntime.cpp, line 628]
Event: 36.190 Thread 0x0000022eb64bd5f0 Implicit null exception at 0x0000022e9d20934f to 0x0000022e9d20a69c
Event: 36.190 Thread 0x0000022eb64bd5f0 Exception <a 'java/lang/NullPointerException'{0x00000000ebd23cb0}> (0x00000000ebd23cb0) 
thrown [s\src\hotspot\share\runtime\sharedRuntime.cpp, line 628]
Event: 36.190 Thread 0x0000022eb64bd5f0 Implicit null exception at 0x0000022e9d20934f to 0x0000022e9d20a69c
Event: 36.190 Thread 0x0000022eb64bd5f0 Exception <a 'java/lang/NullPointerException'{0x00000000ebd251e8}> (0x00000000ebd251e8) 
thrown [s\src\hotspot\share\runtime\sharedRuntime.cpp, line 628]
Event: 36.190 Thread 0x0000022eb64bd5f0 Implicit null exception at 0x0000022e9d20934f to 0x0000022e9d20a69c
Event: 36.190 Thread 0x0000022eb64bd5f0 Exception <a 'java/lang/NullPointerException'{0x00000000ebd2a8c8}> (0x00000000ebd2a8c8) 
thrown [s\src\hotspot\share\runtime\sharedRuntime.cpp, line 628]
Event: 36.190 Thread 0x0000022eb64bd5f0 Implicit null exception at 0x0000022e9d20934f to 0x0000022e9d20a69c
Event: 36.190 Thread 0x0000022eb64bd5f0 Exception <a 'java/lang/NullPointerException'{0x00000000ebd2be10}> (0x00000000ebd2be10) 
thrown [s\src\hotspot\share\runtime\sharedRuntime.cpp, line 628]
Event: 41.701 Thread 0x0000022eb64bd5f0 Implicit null exception at 0x0000022ea3f91a17 to 0x0000022ea3f92510

VM Operations (20 events):
Event: 61.424 Executing VM operation: ParallelGCFailedAllocation
Event: 61.436 Executing VM operation: ParallelGCFailedAllocation done
Event: 61.491 Executing VM operation: ParallelGCFailedAllocation
Event: 61.499 Executing VM operation: ParallelGCFailedAllocation done
Event: 61.536 Executing VM operation: ParallelGCFailedAllocation
Event: 61.544 Executing VM operation: ParallelGCFailedAllocation done
Event: 61.618 Executing VM operation: ParallelGCFailedAllocation
Event: 61.626 Executing VM operation: ParallelGCFailedAllocation done
Event: 61.708 Executing VM operation: ParallelGCFailedAllocation
Event: 61.956 Executing VM operation: ParallelGCFailedAllocation done
Event: 62.012 Executing VM operation: ParallelGCFailedAllocation
Event: 62.017 Executing VM operation: ParallelGCFailedAllocation done
Event: 62.082 Executing VM operation: ParallelGCFailedAllocation
Event: 62.090 Executing VM operation: ParallelGCFailedAllocation done
Event: 62.221 Executing VM operation: ParallelGCFailedAllocation
Event: 62.232 Executing VM operation: ParallelGCFailedAllocation done
Event: 62.365 Executing VM operation: ParallelGCFailedAllocation
Event: 62.370 Executing VM operation: ParallelGCFailedAllocation done
Event: 62.474 Executing VM operation: ParallelGCFailedAllocation
Event: 62.485 Executing VM operation: ParallelGCFailedAllocation done

Events (20 events):
Event: 59.639 Thread 0x0000022ead002940 flushing nmethod 0x0000022e9d7dd110
Event: 59.639 Thread 0x0000022ead002940 flushing nmethod 0x0000022e9d7de490
Event: 59.639 Thread 0x0000022ead002940 flushing nmethod 0x0000022e9d7de990
Event: 59.639 Thread 0x0000022ead002940 flushing nmethod 0x0000022e9d7eb610
Event: 59.639 Thread 0x0000022ead002940 flushing nmethod 0x0000022e9d7ec410
Event: 59.639 Thread 0x0000022ead002940 flushing nmethod 0x0000022e9d7ed990
Event: 59.639 Thread 0x0000022ead002940 flushing nmethod 0x0000022e9d7edd90
Event: 59.639 Thread 0x0000022ead002940 flushing nmethod 0x0000022e9d7ee410
Event: 59.640 Thread 0x0000022ead002940 flushing nmethod 0x0000022e9d7f0590
Event: 59.640 Thread 0x0000022ead002940 flushing nmethod 0x0000022e9d7f1a10
Event: 59.640 Thread 0x0000022ead002940 flushing nmethod 0x0000022e9d7f2490
Event: 59.640 Thread 0x0000022ead002940 flushing nmethod 0x0000022e9d7f4b90
Event: 59.640 Thread 0x0000022ead002940 flushing nmethod 0x0000022e9d7f5010
Event: 59.640 Thread 0x0000022ead002940 flushing nmethod 0x0000022e9d7fae90
Event: 59.640 Thread 0x0000022ead002940 flushing nmethod 0x0000022e9d87af10
Event: 59.641 Thread 0x0000022ead002940 flushing nmethod 0x0000022e9d8f2990
Event: 59.641 Thread 0x0000022ead002940 flushing nmethod 0x0000022e9d8f9310
Event: 59.641 Thread 0x0000022ead002940 flushing nmethod 0x0000022e9d950990
Event: 59.642 Thread 0x0000022ead002940 flushing nmethod 0x0000022e9da0f290
Event: 59.642 Thread 0x0000022ead002940 flushing nmethod 0x0000022e9da11410


Dynamic libraries:
0x00007ff7b6210000 - 0x00007ff7b621e000 	c:\Users\HP\.vscode\extensions\redhat.java-1.20.0-win32-x64\jre\17.0.7-win32-x86_64\bin\java.exe
0x00007ffe51670000 - 0x00007ffe51868000 	C:\WINDOWS\SYSTEM32\ntdll.dll
0x00007ffe50240000 - 0x00007ffe502ff000 	C:\WINDOWS\System32\KERNEL32.DLL
0x00007ffe4f340000 - 0x00007ffe4f636000 	C:\WINDOWS\System32\KERNELBASE.dll
0x00007ffe4eec0000 - 0x00007ffe4efc0000 	C:\WINDOWS\System32\ucrtbase.dll
0x00007ffe45bf0000 - 0x00007ffe45c09000 	c:\Users\HP\.vscode\extensions\redhat.java-1.20.0-win32-x64\jre\17.0.7-win32-x86_64\bin\VCRUNTIME140.dll
0x00007ffe489e0000 - 0x00007ffe489f7000 	c:\Users\HP\.vscode\extensions\redhat.java-1.20.0-win32-x64\jre\17.0.7-win32-x86_64\bin\jli.dll
0x00007ffe4f6d0000 - 0x00007ffe4f86d000 	C:\WINDOWS\System32\USER32.dll
0x00007ffe4f270000 - 0x00007ffe4f292000 	C:\WINDOWS\System32\win32u.dll
0x00007ffe506f0000 - 0x00007ffe5071c000 	C:\WINDOWS\System32\GDI32.dll
0x00007ffe4efc0000 - 0x00007ffe4f0d5000 	C:\WINDOWS\System32\gdi32full.dll
0x00007ffe32710000 - 0x00007ffe329aa000 	C:\WINDOWS\WinSxS\amd64_microsoft.windows.common-controls_6595b64144ccf1df_6.0.19041.1110_none_60b5254171f9507e\COMCTL32.dll
0x00007ffe4f2a0000 - 0x00007ffe4f33d000 	C:\WINDOWS\System32\msvcp_win.dll
0x00007ffe503f0000 - 0x00007ffe5048e000 	C:\WINDOWS\System32\msvcrt.dll
0x00007ffe512e0000 - 0x00007ffe51310000 	C:\WINDOWS\System32\IMM32.DLL
0x00007ffe494b0000 - 0x00007ffe494bc000 	c:\Users\HP\.vscode\extensions\redhat.java-1.20.0-win32-x64\jre\17.0.7-win32-x86_64\bin\vcruntime140_1.dll
0x00007ffe31a30000 - 0x00007ffe31ac1000 	c:\Users\HP\.vscode\extensions\redhat.java-1.20.0-win32-x64\jre\17.0.7-win32-x86_64\bin\msvcp140.dll
0x00007ffdfd040000 - 0x00007ffdfdc88000 	c:\Users\HP\.vscode\extensions\redhat.java-1.20.0-win32-x64\jre\17.0.7-win32-x86_64\bin\server\jvm.dll
0x00007ffe4ff90000 - 0x00007ffe5003f000 	C:\WINDOWS\System32\ADVAPI32.dll
0x00007ffe51590000 - 0x00007ffe5162c000 	C:\WINDOWS\System32\sechost.dll
0x00007ffe51340000 - 0x00007ffe51466000 	C:\WINDOWS\System32\RPCRT4.dll
0x00007ffe49d20000 - 0x00007ffe49d47000 	C:\WINDOWS\SYSTEM32\WINMM.dll
0x00007ffe49cf0000 - 0x00007ffe49cf9000 	C:\WINDOWS\SYSTEM32\WSOCK32.dll
0x00007ffe492b0000 - 0x00007ffe492ba000 	C:\WINDOWS\SYSTEM32\VERSION.dll
0x00007ffe501d0000 - 0x00007ffe5023b000 	C:\WINDOWS\System32\WS2_32.dll
0x00007ffe4d830000 - 0x00007ffe4d842000 	C:\WINDOWS\SYSTEM32\kernel.appcore.dll
0x00007ffe47fb0000 - 0x00007ffe47fba000 	c:\Users\HP\.vscode\extensions\redhat.java-1.20.0-win32-x64\jre\17.0.7-win32-x86_64\bin\jimage.dll
0x00007ffe4d240000 - 0x00007ffe4d424000 	C:\WINDOWS\SYSTEM32\DBGHELP.DLL
0x00007ffe391c0000 - 0x00007ffe391f4000 	C:\WINDOWS\SYSTEM32\dbgcore.DLL
0x00007ffe4f640000 - 0x00007ffe4f6c2000 	C:\WINDOWS\System32\bcryptPrimitives.dll
0x00007ffe43f80000 - 0x00007ffe43f8e000 	c:\Users\HP\.vscode\extensions\redhat.java-1.20.0-win32-x64\jre\17.0.7-win32-x86_64\bin\instrument.dll
0x00007ffe3aa00000 - 0x00007ffe3aa25000 	c:\Users\HP\.vscode\extensions\redhat.java-1.20.0-win32-x64\jre\17.0.7-win32-x86_64\bin\java.dll
0x00007ffe42f90000 - 0x00007ffe42fa8000 	c:\Users\HP\.vscode\extensions\redhat.java-1.20.0-win32-x64\jre\17.0.7-win32-x86_64\bin\zip.dll
0x00007ffe50b90000 - 0x00007ffe512d4000 	C:\WINDOWS\System32\SHELL32.dll
0x00007ffe4c980000 - 0x00007ffe4d114000 	C:\WINDOWS\SYSTEM32\windows.storage.dll
0x00007ffe4f8f0000 - 0x00007ffe4fc44000 	C:\WINDOWS\System32\combase.dll
0x00007ffe4e5e0000 - 0x00007ffe4e60e000 	C:\WINDOWS\SYSTEM32\Wldp.dll
0x00007ffe50490000 - 0x00007ffe5053d000 	C:\WINDOWS\System32\SHCORE.dll
0x00007ffe50110000 - 0x00007ffe50165000 	C:\WINDOWS\System32\shlwapi.dll
0x00007ffe4ec80000 - 0x00007ffe4eca5000 	C:\WINDOWS\SYSTEM32\profapi.dll
0x00007ffe39540000 - 0x00007ffe39559000 	C:\Users\HP\.vscode\extensions\redhat.java-1.20.0-win32-x64\jre\17.0.7-win32-x86_64\bin\net.dll
0x00007ffe490a0000 - 0x00007ffe491aa000 	C:\WINDOWS\SYSTEM32\WINHTTP.dll
0x00007ffe4e3c0000 - 0x00007ffe4e42a000 	C:\WINDOWS\system32\mswsock.dll
0x00007ffe393b0000 - 0x00007ffe393c5000 	C:\Users\HP\.vscode\extensions\redhat.java-1.20.0-win32-x64\jre\17.0.7-win32-x86_64\bin\nio.dll
0x00007ffe42f70000 - 0x00007ffe42f80000 	c:\Users\HP\.vscode\extensions\redhat.java-1.20.0-win32-x64\jre\17.0.7-win32-x86_64\bin\verify.dll
0x00007ffe2d1d0000 - 0x00007ffe2d20e000 	C:\Users\HP\AppData\Roaming\Code\User\globalStorage\redhat.java\1.20.0\config_win\org.eclipse.equinox.launcher\org.eclipse.equinox.launcher.win32.win32.x86_64_1.2.700.v20221108-1024\eclipse_11801.dll
0x00007ffe4fcb0000 - 0x00007ffe4fdda000 	C:\WINDOWS\System32\ole32.dll
0x00007ffe4e620000 - 0x00007ffe4e638000 	C:\WINDOWS\SYSTEM32\CRYPTSP.dll
0x00007ffe4dd00000 - 0x00007ffe4dd34000 	C:\WINDOWS\system32\rsaenh.dll
0x00007ffe4f240000 - 0x00007ffe4f267000 	C:\WINDOWS\System32\bcrypt.dll
0x00007ffe4ec00000 - 0x00007ffe4ec2e000 	C:\WINDOWS\SYSTEM32\USERENV.dll
0x00007ffe4e550000 - 0x00007ffe4e55c000 	C:\WINDOWS\SYSTEM32\CRYPTBASE.dll
0x00007ffe4e0d0000 - 0x00007ffe4e10c000 	C:\WINDOWS\SYSTEM32\IPHLPAPI.DLL
0x00007ffe51330000 - 0x00007ffe51338000 	C:\WINDOWS\System32\NSI.dll
0x00007ffe495b0000 - 0x00007ffe495c7000 	C:\WINDOWS\SYSTEM32\dhcpcsvc6.DLL
0x00007ffe49590000 - 0x00007ffe495ad000 	C:\WINDOWS\SYSTEM32\dhcpcsvc.DLL
0x00007ffe4e160000 - 0x00007ffe4e22a000 	C:\WINDOWS\SYSTEM32\DNSAPI.dll
0x00007ffe45940000 - 0x00007ffe45985000 	C:\Users\HP\AppData\Local\Temp\jna-2312\jna12429235561827336391.dll
0x00007ffe4ff80000 - 0x00007ffe4ff88000 	C:\WINDOWS\System32\PSAPI.DLL

dbghelp: loaded successfully - version: 4.0.5 - missing functions: none
symbol engine: initialized successfully - sym options: 0x614 - pdb path: .;c:\Users\HP\.vscode\extensions\redhat.java-1.20.0-win32-x64\jre\17.0.7-win32-x86_64\bin;C:\WINDOWS\SYSTEM32;C:\WINDOWS\WinSxS\amd64_microsoft.windows.common-controls_6595b64144ccf1df_6.0.19041.1110_none_60b5254171f9507e;c:\Users\HP\.vscode\extensions\redhat.java-1.20.0-win32-x64\jre\17.0.7-win32-x86_64\bin\server;C:\Users\HP\AppData\Roaming\Code\User\globalStorage\redhat.java\1.20.0\config_win\org.eclipse.equinox.launcher\org.eclipse.equinox.launcher.win32.win32.x86_64_1.2.700.v20221108-1024;C:\Users\HP\AppData\Local\Temp\jna-2312

VM Arguments:
jvm_args: --add-modules=ALL-SYSTEM --add-opens=java.base/java.util=ALL-UNNAMED --add-opens=java.base/java.lang=ALL-UNNAMED --add-opens=java.base/sun.nio.fs=ALL-UNNAMED -Declipse.application=org.eclipse.jdt.ls.core.id1 -Dosgi.bundles.defaultStartLevel=4 -Declipse.product=org.eclipse.jdt.ls.core.product -Djava.import.generatesMetadataFilesAtProjectRoot=false -Dfile.encoding=utf8 -XX:+UseParallelGC -XX:GCTimeRatio=4 -XX:AdaptiveSizePolicyWeight=90 -Dsun.zip.disableMemoryMapping=true -Xmx1G -Xms100m -Xlog:disable -javaagent:c:\Users\HP\.vscode\extensions\redhat.java-1.20.0-win32-x64\lombok\lombok-1.18.28.jar -XX:+HeapDumpOnOutOfMemoryError -XX:HeapDumpPath=c:\Users\HP\AppData\Roaming\Code\User\workspaceStorage\5541fb1794e4195495f0c57edcbd7686\redhat.java -Daether.dependencyCollector.impl=bf 
java_command: c:\Users\HP\.vscode\extensions\redhat.java-1.20.0-win32-x64\server\plugins\org.eclipse.equinox.launcher_1.6.500.v20230622-2056.jar -configuration c:\Users\HP\AppData\Roaming\Code\User\globalStorage\redhat.java\1.20.0\config_win -data c:\Users\HP\AppData\Roaming\Code\User\workspaceStorage\5541fb1794e4195495f0c57edcbd7686\redhat.java\jdt_ws
java_class_path (initial): c:\Users\HP\.vscode\extensions\redhat.java-1.20.0-win32-x64\server\plugins\org.eclipse.equinox.launcher_1.6.500.v20230622-2056.jar
Launcher Type: SUN_STANDARD

[Global flags]
    uintx AdaptiveSizePolicyWeight                 = 90                                        {product} {command line}
     intx CICompilerCount                          = 3                                         {product} {ergonomic}
    uintx GCTimeRatio                              = 4                                         {product} {command line}
     bool HeapDumpOnOutOfMemoryError               = true                                   {manageable} {command line}
    ccstr HeapDumpPath                             = c:\Users\HP\AppData\Roaming\Code\User\workspaceStorage\5541fb1794e4195495f0c57edcbd7686\redhat.java         {manageable} {command line}
   size_t InitialHeapSize                          = 104857600                                 {product} {command line}
   size_t MaxHeapSize                              = 1073741824                                {product} {command line}
   size_t MaxNewSize                               = 357564416                                 {product} {ergonomic}
   size_t MinHeapDeltaBytes                        = 524288                                    {product} {ergonomic}
   size_t MinHeapSize                              = 104857600                                 {product} {command line}
   size_t NewSize                                  = 34603008                                  {product} {ergonomic}
    uintx NonNMethodCodeHeapSize                   = 5832780                                {pd product} {ergonomic}
    uintx NonProfiledCodeHeapSize                  = 122912730                              {pd product} {ergonomic}
   size_t OldSize                                  = 70254592                                  {product} {ergonomic}
    uintx ProfiledCodeHeapSize                     = 122912730                              {pd product} {ergonomic}
    uintx ReservedCodeCacheSize                    = 251658240                              {pd product} {ergonomic}
     bool SegmentedCodeCache                       = true                                      {product} {ergonomic}
   size_t SoftMaxHeapSize                          = 1073741824                             {manageable} {ergonomic}
     bool UseCompressedClassPointers               = true                           {product lp64_product} {ergonomic}
     bool UseCompressedOops                        = true                           {product lp64_product} {ergonomic}
     bool UseLargePagesIndividualAllocation        = false                                  {pd product} {ergonomic}
     bool UseParallelGC                            = true                                      {product} {command line}

Logging:
Log output configuration:
 #0: stdout all=off uptime,level,tags
 #1: stderr all=off uptime,level,tags

Environment Variables:
JAVA_HOME=C:\Program Files\Java\jdk-11.0.9
PATH=C:\Program Files\Python310\Scripts\;C:\Program Files\Python310\;C:\Program Files (x86)\Common Files\Intel\Shared Libraries\redist\intel64\compiler;C:\WINDOWS\system32;C:\WINDOWS;C:\WINDOWS\System32\Wbem;C:\WINDOWS\System32\WindowsPowerShell\v1.0\;C:\WINDOWS\System32\OpenSSH\;C:\wamp64\www\scriptcase\components\php;C:\wamp64\bin\php\php7.4.26;C:\wamp64\bin\php\php7.3.25;C:\wamp64\bin\php\php7.1.29;C:\Program Files\nodejs;C:\Program Files\PuTTY\;C:\ProgramData\ComposerSetup\bin;C:\Program Files\Git\cmd;C:\Program Files (x86)\Yarn\bin\;C:\Program Files\Java\jdk-11.0.9\bin;C:\Users\HP\AppData\Local\Programs\Python\Python37;C:\Users\HP\AppData\Local\Programs\Python\Python37\Scripts;C:\Users\HP\AppData\Local\Android\flutter\bin;C:\Users\HP\AppData\Roaming\Composer\vendor\laravel\installer\bin;C:\Program Files (x86)\Bitvise SSH Client;C:\wamp64\www\apache-maven-3.8.4\bin;C:\Program Files\NetMake\v9-php73\components\php;C:\Program Files\Docker\Docker\resources\bin;C:\Program Files\nodejs\;C:\Program Files\CMake\bin;C:\Program Files\Java\jdk-11.0.19\bin;C:\Users\HP\AppData\Local\Programs\Python\Python310\Scripts\;C:\Users\HP\AppData\Local\Programs\Python\Python310\;C:\Users\HP\AppData\Local\Microsoft\WindowsApps;C:\Users\HP\AppData\Roaming\Composer\vendor\bin;C:\Users\HP\AppData\Local\Yarn\bin;C:\Program Files\heroku\bin;C:\Users\HP\AppData\Local\Programs\Microsoft VS Code\bin;C:\Users\HP\AppData\Local\GitHubDesktop\bin;C:\Users\HP\AppData\Roaming\npm;
USERNAME=HP
OS=Windows_NT
PROCESSOR_IDENTIFIER=Intel64 Family 6 Model 142 Stepping 10, GenuineIntel
TMP=C:\Users\HP\AppData\Local\Temp
TEMP=C:\Users\HP\AppData\Local\Temp



---------------  S Y S T E M  ---------------

OS:
 Windows 10 , 64 bit Build 19041 (10.0.19041.3155)
OS uptime: 1 days 3:25 hours
Hyper-V role detected

CPU: total 4 (initial active 4) (2 cores per cpu, 2 threads per core) family 6 model 142 stepping 10 microcode 0xca, cx8, cmov, fxsr, ht, mmx, 3dnowpref, sse, sse2, sse3, ssse3, sse4.1, sse4.2, popcnt, lzcnt, tsc, tscinvbit, avx, avx2, aes, erms, clmul, bmi1, bmi2, adx, fma, vzeroupper, clflush, clflushopt, hv

Memory: 4k page, system-wide physical 12199M (3363M free)
TotalPageFile size 14247M (AvailPageFile size 5M)
current process WorkingSet (physical memory assigned to process): 428M, peak: 459M
current process commit charge ("private bytes"): 475M, peak: 498M

vm_info: OpenJDK 64-Bit Server VM (17.0.7+7) for windows-amd64 JRE (17.0.7+7), built on Apr 18 2023 22:10:42 by "temurin" with MS VC++ 16.7 (VS2019)

END.
