#
# There is insufficient memory for the Java Runtime Environment to continue.
# Native memory allocation (malloc) failed to allocate 650576 bytes for Chunk::new
# Possible reasons:
#   The system is out of physical RAM or swap space
#   The process is running with CompressedOops enabled, and the Java Heap may be blocking the growth of the native heap
# Possible solutions:
#   Reduce memory load on the system
#   Increase physical memory or swap space
#   Check if swap backing store is full
#   Decrease Java heap size (-Xmx/-Xms)
#   Decrease number of Java threads
#   Decrease Java thread stack sizes (-Xss)
#   Set larger code cache with -XX:ReservedCodeCacheSize=
#   JVM is running with Zero Based Compressed Oops mode in which the Java heap is
#     placed in the first 32GB address space. The Java Heap base address is the
#     maximum limit for the native heap growth. Please use -XX:HeapBaseMinAddress
#     to set the Java Heap base and to place the Java Heap above 32GB virtual address.
# This output file may be truncated or incomplete.
#
#  Out of Memory Error (./open/src/hotspot/share/memory/arena.cpp:197), pid=2172, tid=6104
#
# JRE version: Java(TM) SE Runtime Environment 18.9 (11.0.9+7) (build 11.0.9+7-LTS)
# Java VM: Java HotSpot(TM) 64-Bit Server VM 18.9 (11.0.9+7-LTS, mixed mode, tiered, compressed oops, g1 gc, windows-amd64)
# No core dump will be written. Minidumps are not enabled by default on client versions of Windows
#

---------------  S U M M A R Y ------------

Command Line: com.ditros.mcd.McdApplication

Host: Intel(R) Core(TM) i3-8130U CPU @ 2.20GHz, 4 cores, 11G,  Windows 10 , 64 bit Build 19041 (10.0.19041.3155)
Time: Tue Jul 18 11:59:54 2023 Afr. centrale Ouest elapsed time: 0.654600 seconds (0d 0h 0m 0s)

---------------  T H R E A D  ---------------

Current thread (0x0000025073c4d800):  JavaThread "C2 CompilerThread0" daemon [_thread_in_native, id=6104, stack(0x00000084a0500000,0x00000084a0600000)]


Current CompileTask:
C2:    654  602       4       java.io.WinNTFileSystem::normalize (143 bytes)

Stack: [0x00000084a0500000,0x00000084a0600000]
Native frames: (J=compiled Java code, j=interpreted, Vv=VM code, C=native code)
V  [jvm.dll+0x611a3a]
V  [jvm.dll+0x748aaf]
V  [jvm.dll+0x74a135]
V  [jvm.dll+0x74a7b3]
V  [jvm.dll+0x2439f8]
V  [jvm.dll+0xba2bc]
V  [jvm.dll+0xba9bc]
V  [jvm.dll+0x3454a2]
V  [jvm.dll+0x313343]
V  [jvm.dll+0x31268a]
V  [jvm.dll+0x1fd495]
V  [jvm.dll+0x1fc64f]
V  [jvm.dll+0x17f08c]
V  [jvm.dll+0x20bc54]
V  [jvm.dll+0x209d2b]
V  [jvm.dll+0x7103d9]
V  [jvm.dll+0x709114]
V  [jvm.dll+0x610cb6]
C  [ucrtbase.dll+0x21bb2]
C  [KERNEL32.DLL+0x17614]
C  [ntdll.dll+0x526b1]


---------------  P R O C E S S  ---------------

Threads class SMR info:
_java_thread_list=0x0000025074a2e2b0, length=11, elements={
0x00000250528b1000, 0x00000250733a5000, 0x00000250733a6800, 0x0000025073c4a800,
0x0000025073c4b800, 0x0000025073c4d800, 0x0000025073c52800, 0x0000025073c56000,
0x0000025074122000, 0x0000025074109000, 0x000002507459e000
}

Java Threads: ( => current thread )
  0x00000250528b1000 JavaThread "main" [_thread_blocked, id=16348, stack(0x000000849fa00000,0x000000849fb00000)]
  0x00000250733a5000 JavaThread "Reference Handler" daemon [_thread_blocked, id=16236, stack(0x00000084a0100000,0x00000084a0200000)]
  0x00000250733a6800 JavaThread "Finalizer" daemon [_thread_blocked, id=15856, stack(0x00000084a0200000,0x00000084a0300000)]
  0x0000025073c4a800 JavaThread "Signal Dispatcher" daemon [_thread_blocked, id=14868, stack(0x00000084a0300000,0x00000084a0400000)]
  0x0000025073c4b800 JavaThread "Attach Listener" daemon [_thread_blocked, id=9224, stack(0x00000084a0400000,0x00000084a0500000)]
=>0x0000025073c4d800 JavaThread "C2 CompilerThread0" daemon [_thread_in_native, id=6104, stack(0x00000084a0500000,0x00000084a0600000)]
  0x0000025073c52800 JavaThread "C1 CompilerThread0" daemon [_thread_blocked, id=15464, stack(0x00000084a0600000,0x00000084a0700000)]
  0x0000025073c56000 JavaThread "Sweeper thread" daemon [_thread_blocked, id=16148, stack(0x00000084a0700000,0x00000084a0800000)]
  0x0000025074122000 JavaThread "Service Thread" daemon [_thread_blocked, id=13216, stack(0x00000084a0800000,0x00000084a0900000)]
  0x0000025074109000 JavaThread "Common-Cleaner" daemon [_thread_blocked, id=8388, stack(0x00000084a0a00000,0x00000084a0b00000)]
  0x000002507459e000 JavaThread "C2 CompilerThread1" daemon [_thread_new, id=10160, stack(0x0000000000000000,0x0000000000000000)]

Other Threads:
  0x00000250733a1800 VMThread "VM Thread" [stack: 0x00000084a0000000,0x00000084a0100000] [id=16140] _threads_hazard_ptr=0x0000025074a2e2b0
  0x0000025074184800 WatcherThread [stack: 0x00000084a0900000,0x00000084a0a00000] [id=13232]
  0x00000250528c6000 GCTaskThread "GC Thread#0" [stack: 0x000000849fb00000,0x000000849fc00000] [id=15572]
  0x0000025074352800 GCTaskThread "GC Thread#1" [stack: 0x00000084a0b00000,0x00000084a0c00000] [id=14840]
  0x000002507459f000 GCTaskThread "GC Thread#2" [stack: 0x00000084a0c00000,0x00000084a0d00000] [id=2200]
  0x00000250745a0000 GCTaskThread "GC Thread#3" [stack: 0x00000084a0d00000,0x00000084a0e00000] [id=13228]
  0x000002505292e000 ConcurrentGCThread "G1 Main Marker" [stack: 0x000000849fc00000,0x000000849fd00000] [id=10844]
  0x000002505292f800 ConcurrentGCThread "G1 Conc#0" [stack: 0x000000849fd00000,0x000000849fe00000] [id=9280]
  0x0000025073268800 ConcurrentGCThread "G1 Refine#0" [stack: 0x000000849fe00000,0x000000849ff00000] [id=12348]
  0x0000025073269000 ConcurrentGCThread "G1 Young RemSet Sampling" [stack: 0x000000849ff00000,0x00000084a0000000] [id=3340]

Threads with active compile tasks:
C2 CompilerThread0    776  602       4       java.io.WinNTFileSystem::normalize (143 bytes)

VM state:synchronizing (normal execution)

VM Mutex/Monitor currently owned by a thread:  ([mutex/lock_event])
[0x00000250528b0010] Safepoint_lock - owner thread: 0x00000250733a1800
[0x00000250528b0400] Threads_lock - owner thread: 0x00000250733a1800
[0x00000250528b0640] Heap_lock - owner thread: 0x00000250528b1000

Heap address: 0x0000000741600000, size: 3050 MB, Compressed Oops mode: Zero based, Oop shift amount: 3
Narrow klass base: 0x0000000800000000, Narrow klass shift: 0
Compressed class space size: 1073741824 Address: 0x0000000800000000

Heap:
 garbage-first heap   total 196608K, used 11447K [0x0000000741600000, 0x0000000800000000)
  region size 1024K, 4 young (4096K), 2 survivors (2048K)
 Metaspace       used 8920K, capacity 9017K, committed 9088K, reserved 1067008K
  class space    used 792K, capacity 834K, committed 896K, reserved 1048576K
Heap Regions: E=young(eden), S=young(survivor), O=old, HS=humongous(starts), HC=humongous(continues), CS=collection set, F=free, A=archive, TAMS=top-at-mark-start (previous, next)
|   0|0x0000000741600000, 0x0000000741700000, 0x0000000741700000|100%|HS|  |TAMS 0x0000000741700000, 0x0000000741600000| Complete 
|   1|0x0000000741700000, 0x0000000741800000, 0x0000000741800000|100%| O|  |TAMS 0x0000000741800000, 0x0000000741700000| Untracked 
|   2|0x0000000741800000, 0x0000000741900000, 0x0000000741900000|100%| O|  |TAMS 0x0000000741900000, 0x0000000741800000| Untracked 
|   3|0x0000000741900000, 0x0000000741a00000, 0x0000000741a00000|100%| O|  |TAMS 0x0000000741a00000, 0x0000000741900000| Untracked 
|   4|0x0000000741a00000, 0x0000000741b00000, 0x0000000741b00000|100%| O|  |TAMS 0x0000000741b00000, 0x0000000741a00000| Untracked 
|   5|0x0000000741b00000, 0x0000000741c00000, 0x0000000741c00000|100%| O|  |TAMS 0x0000000741c00000, 0x0000000741b00000| Untracked 
|   6|0x0000000741c00000, 0x0000000741d00000, 0x0000000741d00000|100%| O|  |TAMS 0x0000000741d00000, 0x0000000741c00000| Untracked 
|   7|0x0000000741d00000, 0x0000000741e00000, 0x0000000741e00000|100%| O|  |TAMS 0x0000000741e00000, 0x0000000741d00000| Untracked 
|   8|0x0000000741e00000, 0x0000000741e2dc00, 0x0000000741f00000| 17%| O|  |TAMS 0x0000000741e2dc00, 0x0000000741e00000| Untracked 
|   9|0x0000000741f00000, 0x0000000741f00000, 0x0000000742000000|  0%| F|  |TAMS 0x0000000741f00000, 0x0000000741f00000| Untracked 
|  10|0x0000000742000000, 0x0000000742000000, 0x0000000742100000|  0%| F|  |TAMS 0x0000000742000000, 0x0000000742000000| Untracked 
|  11|0x0000000742100000, 0x0000000742100000, 0x0000000742200000|  0%| F|  |TAMS 0x0000000742100000, 0x0000000742100000| Untracked 
|  12|0x0000000742200000, 0x0000000742200000, 0x0000000742300000|  0%| F|  |TAMS 0x0000000742200000, 0x0000000742200000| Untracked 
|  13|0x0000000742300000, 0x0000000742300000, 0x0000000742400000|  0%| F|  |TAMS 0x0000000742300000, 0x0000000742300000| Untracked 
|  14|0x0000000742400000, 0x0000000742400000, 0x0000000742500000|  0%| F|  |TAMS 0x0000000742400000, 0x0000000742400000| Untracked 
|  15|0x0000000742500000, 0x0000000742500000, 0x0000000742600000|  0%| F|  |TAMS 0x0000000742500000, 0x0000000742500000| Untracked 
|  16|0x0000000742600000, 0x0000000742600000, 0x0000000742700000|  0%| F|  |TAMS 0x0000000742600000, 0x0000000742600000| Untracked 
|  17|0x0000000742700000, 0x0000000742700000, 0x0000000742800000|  0%| F|  |TAMS 0x0000000742700000, 0x0000000742700000| Untracked 
|  18|0x0000000742800000, 0x0000000742800000, 0x0000000742900000|  0%| F|  |TAMS 0x0000000742800000, 0x0000000742800000| Untracked 
|  19|0x0000000742900000, 0x0000000742900000, 0x0000000742a00000|  0%| F|  |TAMS 0x0000000742900000, 0x0000000742900000| Untracked 
|  20|0x0000000742a00000, 0x0000000742a00000, 0x0000000742b00000|  0%| F|  |TAMS 0x0000000742a00000, 0x0000000742a00000| Untracked 
|  21|0x0000000742b00000, 0x0000000742b00000, 0x0000000742c00000|  0%| F|  |TAMS 0x0000000742b00000, 0x0000000742b00000| Untracked 
|  22|0x0000000742c00000, 0x0000000742c00000, 0x0000000742d00000|  0%| F|  |TAMS 0x0000000742c00000, 0x0000000742c00000| Untracked 
|  23|0x0000000742d00000, 0x0000000742d00000, 0x0000000742e00000|  0%| F|  |TAMS 0x0000000742d00000, 0x0000000742d00000| Untracked 
|  24|0x0000000742e00000, 0x0000000742e00000, 0x0000000742f00000|  0%| F|  |TAMS 0x0000000742e00000, 0x0000000742e00000| Untracked 
|  25|0x0000000742f00000, 0x0000000742f00000, 0x0000000743000000|  0%| F|  |TAMS 0x0000000742f00000, 0x0000000742f00000| Untracked 
|  26|0x0000000743000000, 0x0000000743000000, 0x0000000743100000|  0%| F|  |TAMS 0x0000000743000000, 0x0000000743000000| Untracked 
|  27|0x0000000743100000, 0x0000000743100000, 0x0000000743200000|  0%| F|  |TAMS 0x0000000743100000, 0x0000000743100000| Untracked 
|  28|0x0000000743200000, 0x0000000743200000, 0x0000000743300000|  0%| F|  |TAMS 0x0000000743200000, 0x0000000743200000| Untracked 
|  29|0x0000000743300000, 0x0000000743300000, 0x0000000743400000|  0%| F|  |TAMS 0x0000000743300000, 0x0000000743300000| Untracked 
|  30|0x0000000743400000, 0x0000000743400000, 0x0000000743500000|  0%| F|  |TAMS 0x0000000743400000, 0x0000000743400000| Untracked 
|  31|0x0000000743500000, 0x0000000743500000, 0x0000000743600000|  0%| F|  |TAMS 0x0000000743500000, 0x0000000743500000| Untracked 
|  32|0x0000000743600000, 0x0000000743600000, 0x0000000743700000|  0%| F|  |TAMS 0x0000000743600000, 0x0000000743600000| Untracked 
|  33|0x0000000743700000, 0x0000000743700000, 0x0000000743800000|  0%| F|  |TAMS 0x0000000743700000, 0x0000000743700000| Untracked 
|  34|0x0000000743800000, 0x0000000743800000, 0x0000000743900000|  0%| F|  |TAMS 0x0000000743800000, 0x0000000743800000| Untracked 
|  35|0x0000000743900000, 0x0000000743900000, 0x0000000743a00000|  0%| F|  |TAMS 0x0000000743900000, 0x0000000743900000| Untracked 
|  36|0x0000000743a00000, 0x0000000743a00000, 0x0000000743b00000|  0%| F|  |TAMS 0x0000000743a00000, 0x0000000743a00000| Untracked 
|  37|0x0000000743b00000, 0x0000000743b00000, 0x0000000743c00000|  0%| F|  |TAMS 0x0000000743b00000, 0x0000000743b00000| Untracked 
|  38|0x0000000743c00000, 0x0000000743c00000, 0x0000000743d00000|  0%| F|  |TAMS 0x0000000743c00000, 0x0000000743c00000| Untracked 
|  39|0x0000000743d00000, 0x0000000743d00000, 0x0000000743e00000|  0%| F|  |TAMS 0x0000000743d00000, 0x0000000743d00000| Untracked 
|  40|0x0000000743e00000, 0x0000000743e00000, 0x0000000743f00000|  0%| F|  |TAMS 0x0000000743e00000, 0x0000000743e00000| Untracked 
|  41|0x0000000743f00000, 0x0000000743f00000, 0x0000000744000000|  0%| F|  |TAMS 0x0000000743f00000, 0x0000000743f00000| Untracked 
|  42|0x0000000744000000, 0x0000000744000000, 0x0000000744100000|  0%| F|  |TAMS 0x0000000744000000, 0x0000000744000000| Untracked 
|  43|0x0000000744100000, 0x0000000744100000, 0x0000000744200000|  0%| F|  |TAMS 0x0000000744100000, 0x0000000744100000| Untracked 
|  44|0x0000000744200000, 0x0000000744200000, 0x0000000744300000|  0%| F|  |TAMS 0x0000000744200000, 0x0000000744200000| Untracked 
|  45|0x0000000744300000, 0x0000000744300000, 0x0000000744400000|  0%| F|  |TAMS 0x0000000744300000, 0x0000000744300000| Untracked 
|  46|0x0000000744400000, 0x0000000744400000, 0x0000000744500000|  0%| F|  |TAMS 0x0000000744400000, 0x0000000744400000| Untracked 
|  47|0x0000000744500000, 0x0000000744500000, 0x0000000744600000|  0%| F|  |TAMS 0x0000000744500000, 0x0000000744500000| Untracked 
|  48|0x0000000744600000, 0x0000000744600000, 0x0000000744700000|  0%| F|  |TAMS 0x0000000744600000, 0x0000000744600000| Untracked 
|  49|0x0000000744700000, 0x0000000744700000, 0x0000000744800000|  0%| F|  |TAMS 0x0000000744700000, 0x0000000744700000| Untracked 
|  50|0x0000000744800000, 0x0000000744800000, 0x0000000744900000|  0%| F|  |TAMS 0x0000000744800000, 0x0000000744800000| Untracked 
|  51|0x0000000744900000, 0x0000000744900000, 0x0000000744a00000|  0%| F|  |TAMS 0x0000000744900000, 0x0000000744900000| Untracked 
|  52|0x0000000744a00000, 0x0000000744a00000, 0x0000000744b00000|  0%| F|  |TAMS 0x0000000744a00000, 0x0000000744a00000| Untracked 
|  53|0x0000000744b00000, 0x0000000744b00000, 0x0000000744c00000|  0%| F|  |TAMS 0x0000000744b00000, 0x0000000744b00000| Untracked 
|  54|0x0000000744c00000, 0x0000000744c00000, 0x0000000744d00000|  0%| F|  |TAMS 0x0000000744c00000, 0x0000000744c00000| Untracked 
|  55|0x0000000744d00000, 0x0000000744d00000, 0x0000000744e00000|  0%| F|  |TAMS 0x0000000744d00000, 0x0000000744d00000| Untracked 
|  56|0x0000000744e00000, 0x0000000744e00000, 0x0000000744f00000|  0%| F|  |TAMS 0x0000000744e00000, 0x0000000744e00000| Untracked 
|  57|0x0000000744f00000, 0x0000000744f00000, 0x0000000745000000|  0%| F|  |TAMS 0x0000000744f00000, 0x0000000744f00000| Untracked 
|  58|0x0000000745000000, 0x0000000745000000, 0x0000000745100000|  0%| F|  |TAMS 0x0000000745000000, 0x0000000745000000| Untracked 
|  59|0x0000000745100000, 0x0000000745100000, 0x0000000745200000|  0%| F|  |TAMS 0x0000000745100000, 0x0000000745100000| Untracked 
|  60|0x0000000745200000, 0x0000000745200000, 0x0000000745300000|  0%| F|  |TAMS 0x0000000745200000, 0x0000000745200000| Untracked 
|  61|0x0000000745300000, 0x0000000745300000, 0x0000000745400000|  0%| F|  |TAMS 0x0000000745300000, 0x0000000745300000| Untracked 
|  62|0x0000000745400000, 0x0000000745400000, 0x0000000745500000|  0%| F|  |TAMS 0x0000000745400000, 0x0000000745400000| Untracked 
|  63|0x0000000745500000, 0x0000000745500000, 0x0000000745600000|  0%| F|  |TAMS 0x0000000745500000, 0x0000000745500000| Untracked 
|  64|0x0000000745600000, 0x0000000745600000, 0x0000000745700000|  0%| F|  |TAMS 0x0000000745600000, 0x0000000745600000| Untracked 
|  65|0x0000000745700000, 0x0000000745700000, 0x0000000745800000|  0%| F|  |TAMS 0x0000000745700000, 0x0000000745700000| Untracked 
|  66|0x0000000745800000, 0x0000000745800000, 0x0000000745900000|  0%| F|  |TAMS 0x0000000745800000, 0x0000000745800000| Untracked 
|  67|0x0000000745900000, 0x0000000745900000, 0x0000000745a00000|  0%| F|  |TAMS 0x0000000745900000, 0x0000000745900000| Untracked 
|  68|0x0000000745a00000, 0x0000000745a00000, 0x0000000745b00000|  0%| F|  |TAMS 0x0000000745a00000, 0x0000000745a00000| Untracked 
|  69|0x0000000745b00000, 0x0000000745b00000, 0x0000000745c00000|  0%| F|  |TAMS 0x0000000745b00000, 0x0000000745b00000| Untracked 
|  70|0x0000000745c00000, 0x0000000745c00000, 0x0000000745d00000|  0%| F|  |TAMS 0x0000000745c00000, 0x0000000745c00000| Untracked 
|  71|0x0000000745d00000, 0x0000000745d00000, 0x0000000745e00000|  0%| F|  |TAMS 0x0000000745d00000, 0x0000000745d00000| Untracked 
|  72|0x0000000745e00000, 0x0000000745e00000, 0x0000000745f00000|  0%| F|  |TAMS 0x0000000745e00000, 0x0000000745e00000| Untracked 
|  73|0x0000000745f00000, 0x0000000745f00000, 0x0000000746000000|  0%| F|  |TAMS 0x0000000745f00000, 0x0000000745f00000| Untracked 
|  74|0x0000000746000000, 0x0000000746000000, 0x0000000746100000|  0%| F|  |TAMS 0x0000000746000000, 0x0000000746000000| Untracked 
|  75|0x0000000746100000, 0x0000000746100000, 0x0000000746200000|  0%| F|  |TAMS 0x0000000746100000, 0x0000000746100000| Untracked 
|  76|0x0000000746200000, 0x0000000746200000, 0x0000000746300000|  0%| F|  |TAMS 0x0000000746200000, 0x0000000746200000| Untracked 
|  77|0x0000000746300000, 0x0000000746300000, 0x0000000746400000|  0%| F|  |TAMS 0x0000000746300000, 0x0000000746300000| Untracked 
|  78|0x0000000746400000, 0x0000000746400000, 0x0000000746500000|  0%| F|  |TAMS 0x0000000746400000, 0x0000000746400000| Untracked 
|  79|0x0000000746500000, 0x0000000746500000, 0x0000000746600000|  0%| F|  |TAMS 0x0000000746500000, 0x0000000746500000| Untracked 
|  80|0x0000000746600000, 0x0000000746600000, 0x0000000746700000|  0%| F|  |TAMS 0x0000000746600000, 0x0000000746600000| Untracked 
|  81|0x0000000746700000, 0x0000000746700000, 0x0000000746800000|  0%| F|  |TAMS 0x0000000746700000, 0x0000000746700000| Untracked 
|  82|0x0000000746800000, 0x0000000746800000, 0x0000000746900000|  0%| F|  |TAMS 0x0000000746800000, 0x0000000746800000| Untracked 
|  83|0x0000000746900000, 0x0000000746900000, 0x0000000746a00000|  0%| F|  |TAMS 0x0000000746900000, 0x0000000746900000| Untracked 
|  84|0x0000000746a00000, 0x0000000746a00000, 0x0000000746b00000|  0%| F|  |TAMS 0x0000000746a00000, 0x0000000746a00000| Untracked 
|  85|0x0000000746b00000, 0x0000000746b00000, 0x0000000746c00000|  0%| F|  |TAMS 0x0000000746b00000, 0x0000000746b00000| Untracked 
|  86|0x0000000746c00000, 0x0000000746c00000, 0x0000000746d00000|  0%| F|  |TAMS 0x0000000746c00000, 0x0000000746c00000| Untracked 
|  87|0x0000000746d00000, 0x0000000746d00000, 0x0000000746e00000|  0%| F|  |TAMS 0x0000000746d00000, 0x0000000746d00000| Untracked 
|  88|0x0000000746e00000, 0x0000000746e00000, 0x0000000746f00000|  0%| F|  |TAMS 0x0000000746e00000, 0x0000000746e00000| Untracked 
|  89|0x0000000746f00000, 0x0000000746f00000, 0x0000000747000000|  0%| F|  |TAMS 0x0000000746f00000, 0x0000000746f00000| Untracked 
|  90|0x0000000747000000, 0x0000000747000000, 0x0000000747100000|  0%| F|  |TAMS 0x0000000747000000, 0x0000000747000000| Untracked 
|  91|0x0000000747100000, 0x0000000747100000, 0x0000000747200000|  0%| F|  |TAMS 0x0000000747100000, 0x0000000747100000| Untracked 
|  92|0x0000000747200000, 0x0000000747200000, 0x0000000747300000|  0%| F|  |TAMS 0x0000000747200000, 0x0000000747200000| Untracked 
|  93|0x0000000747300000, 0x0000000747300000, 0x0000000747400000|  0%| F|  |TAMS 0x0000000747300000, 0x0000000747300000| Untracked 
|  94|0x0000000747400000, 0x0000000747400000, 0x0000000747500000|  0%| F|  |TAMS 0x0000000747400000, 0x0000000747400000| Untracked 
|  95|0x0000000747500000, 0x0000000747500000, 0x0000000747600000|  0%| F|  |TAMS 0x0000000747500000, 0x0000000747500000| Untracked 
|  96|0x0000000747600000, 0x0000000747600000, 0x0000000747700000|  0%| F|  |TAMS 0x0000000747600000, 0x0000000747600000| Untracked 
|  97|0x0000000747700000, 0x0000000747700000, 0x0000000747800000|  0%| F|  |TAMS 0x0000000747700000, 0x0000000747700000| Untracked 
|  98|0x0000000747800000, 0x0000000747800000, 0x0000000747900000|  0%| F|  |TAMS 0x0000000747800000, 0x0000000747800000| Untracked 
|  99|0x0000000747900000, 0x0000000747900000, 0x0000000747a00000|  0%| F|  |TAMS 0x0000000747900000, 0x0000000747900000| Untracked 
| 100|0x0000000747a00000, 0x0000000747a00000, 0x0000000747b00000|  0%| F|  |TAMS 0x0000000747a00000, 0x0000000747a00000| Untracked 
| 101|0x0000000747b00000, 0x0000000747b00000, 0x0000000747c00000|  0%| F|  |TAMS 0x0000000747b00000, 0x0000000747b00000| Untracked 
| 102|0x0000000747c00000, 0x0000000747c00000, 0x0000000747d00000|  0%| F|  |TAMS 0x0000000747c00000, 0x0000000747c00000| Untracked 
| 103|0x0000000747d00000, 0x0000000747d00000, 0x0000000747e00000|  0%| F|  |TAMS 0x0000000747d00000, 0x0000000747d00000| Untracked 
| 104|0x0000000747e00000, 0x0000000747e00000, 0x0000000747f00000|  0%| F|  |TAMS 0x0000000747e00000, 0x0000000747e00000| Untracked 
| 105|0x0000000747f00000, 0x0000000747f00000, 0x0000000748000000|  0%| F|  |TAMS 0x0000000747f00000, 0x0000000747f00000| Untracked 
| 106|0x0000000748000000, 0x0000000748000000, 0x0000000748100000|  0%| F|  |TAMS 0x0000000748000000, 0x0000000748000000| Untracked 
| 107|0x0000000748100000, 0x0000000748100000, 0x0000000748200000|  0%| F|  |TAMS 0x0000000748100000, 0x0000000748100000| Untracked 
| 108|0x0000000748200000, 0x0000000748200000, 0x0000000748300000|  0%| F|  |TAMS 0x0000000748200000, 0x0000000748200000| Untracked 
| 109|0x0000000748300000, 0x0000000748300000, 0x0000000748400000|  0%| F|  |TAMS 0x0000000748300000, 0x0000000748300000| Untracked 
| 110|0x0000000748400000, 0x0000000748400000, 0x0000000748500000|  0%| F|  |TAMS 0x0000000748400000, 0x0000000748400000| Untracked 
| 111|0x0000000748500000, 0x0000000748500000, 0x0000000748600000|  0%| F|  |TAMS 0x0000000748500000, 0x0000000748500000| Untracked 
| 112|0x0000000748600000, 0x0000000748600000, 0x0000000748700000|  0%| F|  |TAMS 0x0000000748600000, 0x0000000748600000| Untracked 
| 113|0x0000000748700000, 0x0000000748700000, 0x0000000748800000|  0%| F|  |TAMS 0x0000000748700000, 0x0000000748700000| Untracked 
| 114|0x0000000748800000, 0x0000000748800000, 0x0000000748900000|  0%| F|  |TAMS 0x0000000748800000, 0x0000000748800000| Untracked 
| 115|0x0000000748900000, 0x0000000748900000, 0x0000000748a00000|  0%| F|  |TAMS 0x0000000748900000, 0x0000000748900000| Untracked 
| 116|0x0000000748a00000, 0x0000000748a00000, 0x0000000748b00000|  0%| F|  |TAMS 0x0000000748a00000, 0x0000000748a00000| Untracked 
| 117|0x0000000748b00000, 0x0000000748b00000, 0x0000000748c00000|  0%| F|  |TAMS 0x0000000748b00000, 0x0000000748b00000| Untracked 
| 118|0x0000000748c00000, 0x0000000748c00000, 0x0000000748d00000|  0%| F|  |TAMS 0x0000000748c00000, 0x0000000748c00000| Untracked 
| 119|0x0000000748d00000, 0x0000000748d00000, 0x0000000748e00000|  0%| F|  |TAMS 0x0000000748d00000, 0x0000000748d00000| Untracked 
| 120|0x0000000748e00000, 0x0000000748e00000, 0x0000000748f00000|  0%| F|  |TAMS 0x0000000748e00000, 0x0000000748e00000| Untracked 
| 121|0x0000000748f00000, 0x0000000748f00000, 0x0000000749000000|  0%| F|  |TAMS 0x0000000748f00000, 0x0000000748f00000| Untracked 
| 122|0x0000000749000000, 0x0000000749000000, 0x0000000749100000|  0%| F|  |TAMS 0x0000000749000000, 0x0000000749000000| Untracked 
| 123|0x0000000749100000, 0x0000000749100000, 0x0000000749200000|  0%| F|  |TAMS 0x0000000749100000, 0x0000000749100000| Untracked 
| 124|0x0000000749200000, 0x0000000749200000, 0x0000000749300000|  0%| F|  |TAMS 0x0000000749200000, 0x0000000749200000| Untracked 
| 125|0x0000000749300000, 0x0000000749300000, 0x0000000749400000|  0%| F|  |TAMS 0x0000000749300000, 0x0000000749300000| Untracked 
| 126|0x0000000749400000, 0x0000000749400000, 0x0000000749500000|  0%| F|  |TAMS 0x0000000749400000, 0x0000000749400000| Untracked 
| 127|0x0000000749500000, 0x0000000749500000, 0x0000000749600000|  0%| F|  |TAMS 0x0000000749500000, 0x0000000749500000| Untracked 
| 128|0x0000000749600000, 0x0000000749600000, 0x0000000749700000|  0%| F|  |TAMS 0x0000000749600000, 0x0000000749600000| Untracked 
| 129|0x0000000749700000, 0x0000000749700000, 0x0000000749800000|  0%| F|  |TAMS 0x0000000749700000, 0x0000000749700000| Untracked 
| 130|0x0000000749800000, 0x0000000749800000, 0x0000000749900000|  0%| F|  |TAMS 0x0000000749800000, 0x0000000749800000| Untracked 
| 131|0x0000000749900000, 0x0000000749900000, 0x0000000749a00000|  0%| F|  |TAMS 0x0000000749900000, 0x0000000749900000| Untracked 
| 132|0x0000000749a00000, 0x0000000749a00000, 0x0000000749b00000|  0%| F|  |TAMS 0x0000000749a00000, 0x0000000749a00000| Untracked 
| 133|0x0000000749b00000, 0x0000000749b00000, 0x0000000749c00000|  0%| F|  |TAMS 0x0000000749b00000, 0x0000000749b00000| Untracked 
| 134|0x0000000749c00000, 0x0000000749c00000, 0x0000000749d00000|  0%| F|  |TAMS 0x0000000749c00000, 0x0000000749c00000| Untracked 
| 135|0x0000000749d00000, 0x0000000749d00000, 0x0000000749e00000|  0%| F|  |TAMS 0x0000000749d00000, 0x0000000749d00000| Untracked 
| 136|0x0000000749e00000, 0x0000000749e00000, 0x0000000749f00000|  0%| F|  |TAMS 0x0000000749e00000, 0x0000000749e00000| Untracked 
| 137|0x0000000749f00000, 0x0000000749f00000, 0x000000074a000000|  0%| F|  |TAMS 0x0000000749f00000, 0x0000000749f00000| Untracked 
| 138|0x000000074a000000, 0x000000074a000000, 0x000000074a100000|  0%| F|  |TAMS 0x000000074a000000, 0x000000074a000000| Untracked 
| 139|0x000000074a100000, 0x000000074a100000, 0x000000074a200000|  0%| F|  |TAMS 0x000000074a100000, 0x000000074a100000| Untracked 
| 140|0x000000074a200000, 0x000000074a200000, 0x000000074a300000|  0%| F|  |TAMS 0x000000074a200000, 0x000000074a200000| Untracked 
| 141|0x000000074a300000, 0x000000074a300000, 0x000000074a400000|  0%| F|  |TAMS 0x000000074a300000, 0x000000074a300000| Untracked 
| 142|0x000000074a400000, 0x000000074a400000, 0x000000074a500000|  0%| F|  |TAMS 0x000000074a400000, 0x000000074a400000| Untracked 
| 143|0x000000074a500000, 0x000000074a500000, 0x000000074a600000|  0%| F|  |TAMS 0x000000074a500000, 0x000000074a500000| Untracked 
| 144|0x000000074a600000, 0x000000074a600000, 0x000000074a700000|  0%| F|  |TAMS 0x000000074a600000, 0x000000074a600000| Untracked 
| 145|0x000000074a700000, 0x000000074a700000, 0x000000074a800000|  0%| F|  |TAMS 0x000000074a700000, 0x000000074a700000| Untracked 
| 146|0x000000074a800000, 0x000000074a800000, 0x000000074a900000|  0%| F|  |TAMS 0x000000074a800000, 0x000000074a800000| Untracked 
| 147|0x000000074a900000, 0x000000074a900000, 0x000000074aa00000|  0%| F|  |TAMS 0x000000074a900000, 0x000000074a900000| Untracked 
| 148|0x000000074aa00000, 0x000000074aa00000, 0x000000074ab00000|  0%| F|  |TAMS 0x000000074aa00000, 0x000000074aa00000| Untracked 
| 149|0x000000074ab00000, 0x000000074ab00000, 0x000000074ac00000|  0%| F|  |TAMS 0x000000074ab00000, 0x000000074ab00000| Untracked 
| 150|0x000000074ac00000, 0x000000074ac00000, 0x000000074ad00000|  0%| F|  |TAMS 0x000000074ac00000, 0x000000074ac00000| Untracked 
| 151|0x000000074ad00000, 0x000000074ad00000, 0x000000074ae00000|  0%| F|  |TAMS 0x000000074ad00000, 0x000000074ad00000| Untracked 
| 152|0x000000074ae00000, 0x000000074ae00000, 0x000000074af00000|  0%| F|  |TAMS 0x000000074ae00000, 0x000000074ae00000| Untracked 
| 153|0x000000074af00000, 0x000000074af00000, 0x000000074b000000|  0%| F|  |TAMS 0x000000074af00000, 0x000000074af00000| Untracked 
| 154|0x000000074b000000, 0x000000074b000000, 0x000000074b100000|  0%| F|  |TAMS 0x000000074b000000, 0x000000074b000000| Untracked 
| 155|0x000000074b100000, 0x000000074b100000, 0x000000074b200000|  0%| F|  |TAMS 0x000000074b100000, 0x000000074b100000| Untracked 
| 156|0x000000074b200000, 0x000000074b200000, 0x000000074b300000|  0%| F|  |TAMS 0x000000074b200000, 0x000000074b200000| Untracked 
| 157|0x000000074b300000, 0x000000074b300000, 0x000000074b400000|  0%| F|  |TAMS 0x000000074b300000, 0x000000074b300000| Untracked 
| 158|0x000000074b400000, 0x000000074b400000, 0x000000074b500000|  0%| F|  |TAMS 0x000000074b400000, 0x000000074b400000| Untracked 
| 159|0x000000074b500000, 0x000000074b500000, 0x000000074b600000|  0%| F|  |TAMS 0x000000074b500000, 0x000000074b500000| Untracked 
| 160|0x000000074b600000, 0x000000074b600000, 0x000000074b700000|  0%| F|  |TAMS 0x000000074b600000, 0x000000074b600000| Untracked 
| 161|0x000000074b700000, 0x000000074b700000, 0x000000074b800000|  0%| F|  |TAMS 0x000000074b700000, 0x000000074b700000| Untracked 
| 162|0x000000074b800000, 0x000000074b800000, 0x000000074b900000|  0%| F|  |TAMS 0x000000074b800000, 0x000000074b800000| Untracked 
| 163|0x000000074b900000, 0x000000074b900000, 0x000000074ba00000|  0%| F|  |TAMS 0x000000074b900000, 0x000000074b900000| Untracked 
| 164|0x000000074ba00000, 0x000000074ba00000, 0x000000074bb00000|  0%| F|  |TAMS 0x000000074ba00000, 0x000000074ba00000| Untracked 
| 165|0x000000074bb00000, 0x000000074bb00000, 0x000000074bc00000|  0%| F|  |TAMS 0x000000074bb00000, 0x000000074bb00000| Untracked 
| 166|0x000000074bc00000, 0x000000074bc00000, 0x000000074bd00000|  0%| F|  |TAMS 0x000000074bc00000, 0x000000074bc00000| Untracked 
| 167|0x000000074bd00000, 0x000000074bd00000, 0x000000074be00000|  0%| F|  |TAMS 0x000000074bd00000, 0x000000074bd00000| Untracked 
| 168|0x000000074be00000, 0x000000074be00000, 0x000000074bf00000|  0%| F|  |TAMS 0x000000074be00000, 0x000000074be00000| Untracked 
| 169|0x000000074bf00000, 0x000000074bf00000, 0x000000074c000000|  0%| F|  |TAMS 0x000000074bf00000, 0x000000074bf00000| Untracked 
| 170|0x000000074c000000, 0x000000074c000000, 0x000000074c100000|  0%| F|  |TAMS 0x000000074c000000, 0x000000074c000000| Untracked 
| 171|0x000000074c100000, 0x000000074c100000, 0x000000074c200000|  0%| F|  |TAMS 0x000000074c100000, 0x000000074c100000| Untracked 
| 172|0x000000074c200000, 0x000000074c200000, 0x000000074c300000|  0%| F|  |TAMS 0x000000074c200000, 0x000000074c200000| Untracked 
| 173|0x000000074c300000, 0x000000074c300000, 0x000000074c400000|  0%| F|  |TAMS 0x000000074c300000, 0x000000074c300000| Untracked 
| 174|0x000000074c400000, 0x000000074c400000, 0x000000074c500000|  0%| F|  |TAMS 0x000000074c400000, 0x000000074c400000| Untracked 
| 175|0x000000074c500000, 0x000000074c500000, 0x000000074c600000|  0%| F|  |TAMS 0x000000074c500000, 0x000000074c500000| Untracked 
| 176|0x000000074c600000, 0x000000074c600000, 0x000000074c700000|  0%| F|  |TAMS 0x000000074c600000, 0x000000074c600000| Untracked 
| 177|0x000000074c700000, 0x000000074c700000, 0x000000074c800000|  0%| F|  |TAMS 0x000000074c700000, 0x000000074c700000| Untracked 
| 178|0x000000074c800000, 0x000000074c800000, 0x000000074c900000|  0%| F|  |TAMS 0x000000074c800000, 0x000000074c800000| Untracked 
| 179|0x000000074c900000, 0x000000074c900000, 0x000000074ca00000|  0%| F|  |TAMS 0x000000074c900000, 0x000000074c900000| Untracked 
| 180|0x000000074ca00000, 0x000000074ca00000, 0x000000074cb00000|  0%| F|  |TAMS 0x000000074ca00000, 0x000000074ca00000| Untracked 
| 181|0x000000074cb00000, 0x000000074cb00000, 0x000000074cc00000|  0%| F|  |TAMS 0x000000074cb00000, 0x000000074cb00000| Untracked 
| 182|0x000000074cc00000, 0x000000074cd00000, 0x000000074cd00000|100%| S|CS|TAMS 0x000000074cc00000, 0x000000074cc00000| Complete 
| 183|0x000000074cd00000, 0x000000074ce00000, 0x000000074ce00000|100%| S|CS|TAMS 0x000000074cd00000, 0x000000074cd00000| Complete 
| 184|0x000000074ce00000, 0x000000074ce00000, 0x000000074cf00000|  0%| F|  |TAMS 0x000000074ce00000, 0x000000074ce00000| Untracked 
| 185|0x000000074cf00000, 0x000000074cf00000, 0x000000074d000000|  0%| F|  |TAMS 0x000000074cf00000, 0x000000074cf00000| Untracked 
| 186|0x000000074d000000, 0x000000074d000000, 0x000000074d100000|  0%| F|  |TAMS 0x000000074d000000, 0x000000074d000000| Untracked 
| 187|0x000000074d100000, 0x000000074d100000, 0x000000074d200000|  0%| F|  |TAMS 0x000000074d100000, 0x000000074d100000| Untracked 
| 188|0x000000074d200000, 0x000000074d200000, 0x000000074d300000|  0%| F|  |TAMS 0x000000074d200000, 0x000000074d200000| Untracked 
| 189|0x000000074d300000, 0x000000074d300000, 0x000000074d400000|  0%| F|  |TAMS 0x000000074d300000, 0x000000074d300000| Untracked 
| 190|0x000000074d400000, 0x000000074d4d5328, 0x000000074d500000| 83%| E|  |TAMS 0x000000074d400000, 0x000000074d400000| Complete 
| 191|0x000000074d500000, 0x000000074d600000, 0x000000074d600000|100%| E|CS|TAMS 0x000000074d500000, 0x000000074d500000| Complete 

Card table byte_map: [0x000002506a320000,0x000002506a920000] _byte_map_base: 0x0000025066915000

Marking Bits (Prev, Next): (CMBitMap*) 0x0000025052921390, (CMBitMap*) 0x0000025052921358
 Prev Bits: [0x000002506ded0000, 0x0000025070e78000)
 Next Bits: [0x000002506af20000, 0x000002506dec8000)

Polling page: 0x0000025050600000

Metaspace:

Usage:
  Non-class:      7.99 MB capacity,     7.94 MB (>99%) used,    49.10 KB ( <1%) free+waste,     6.31 KB ( <1%) overhead. 
      Class:    834.00 KB capacity,   792.61 KB ( 95%) used,    38.95 KB (  5%) free+waste,     2.44 KB ( <1%) overhead. 
       Both:      8.81 MB capacity,     8.71 MB ( 99%) used,    88.05 KB ( <1%) free+waste,     8.75 KB ( <1%) overhead. 

Virtual space:
  Non-class space:       18.00 MB reserved,       8.00 MB ( 44%) committed 
      Class space:        1.00 GB reserved,     896.00 KB ( <1%) committed 
             Both:        1.02 GB reserved,       8.88 MB ( <1%) committed 

Chunk freelists:
   Non-Class:  1.13 KB
       Class:  0 bytes
        Both:  1.13 KB

CodeHeap 'non-profiled nmethods': size=120064Kb used=185Kb max_used=185Kb free=119878Kb
 bounds [0x00000250627e0000, 0x0000025062a50000, 0x0000025069d20000]
CodeHeap 'profiled nmethods': size=120000Kb used=1485Kb max_used=1485Kb free=118514Kb
 bounds [0x000002505b2b0000, 0x000002505b520000, 0x00000250627e0000]
CodeHeap 'non-nmethods': size=5696Kb used=1070Kb max_used=1081Kb free=4625Kb
 bounds [0x000002505ad20000, 0x000002505af90000, 0x000002505b2b0000]
 total_blobs=1039 nmethods=684 adapters=267
 compilation: enabled
              stopped_count=0, restarted_count=0
 full_count=0

Compilation events (10 events):
Event: 0.617 Thread 0x0000025073c52800 nmethod 608 0x000002505b3e1290 code [0x000002505b3e1440, 0x000002505b3e16d8]
Event: 0.617 Thread 0x0000025073c52800  609       3       java.lang.Integer::getChars (131 bytes)
Event: 0.617 Thread 0x0000025073c52800 nmethod 609 0x000002505b3e1790 code [0x000002505b3e1960, 0x000002505b3e1df8]
Event: 0.617 Thread 0x0000025073c52800  610       3       java.lang.StringBuilder::append (8 bytes)
Event: 0.617 Thread 0x0000025073c52800 nmethod 610 0x000002505b3e2090 code [0x000002505b3e2240, 0x000002505b3e23f0]
Event: 0.620 Thread 0x0000025073c52800  613       3       jdk.internal.util.jar.JarIndex::get (49 bytes)
Event: 0.621 Thread 0x0000025073c52800 nmethod 613 0x000002505b3e2490 code [0x000002505b3e26c0, 0x000002505b3e3030]
Event: 0.621 Thread 0x0000025073c52800  614       3       java.util.jar.JarFile::getManEntry (91 bytes)
Event: 0.622 Thread 0x0000025073c52800 nmethod 614 0x000002505b3e3310 code [0x000002505b3e35e0, 0x000002505b3e4640]
Event: 0.622 Thread 0x0000025073c52800  615       3       java.net.URLStreamHandler::parseURL (1201 bytes)

GC Heap History (2 events):
Event: 0.427 GC heap before
{Heap before GC invocations=0 (full 0):
 garbage-first heap   total 196608K, used 14336K [0x0000000741600000, 0x0000000800000000)
  region size 1024K, 14 young (14336K), 0 survivors (0K)
 Metaspace       used 5288K, capacity 5346K, committed 5632K, reserved 1056768K
  class space    used 457K, capacity 462K, committed 512K, reserved 1048576K
}
Event: 0.432 GC heap after
{Heap after GC invocations=1 (full 0):
 garbage-first heap   total 196608K, used 6765K [0x0000000741600000, 0x0000000800000000)
  region size 1024K, 2 young (2048K), 2 survivors (2048K)
 Metaspace       used 5288K, capacity 5346K, committed 5632K, reserved 1056768K
  class space    used 457K, capacity 462K, committed 512K, reserved 1048576K
}

Deoptimization events (10 events):
Event: 0.230 Thread 0x00000250528b1000 Uncommon trap: reason=unstable_if action=reinterpret pc=0x00000250627e16f8 method=java.lang.String.isLatin1()Z @ 10 c2
Event: 0.232 Thread 0x00000250528b1000 Uncommon trap: reason=unstable_if action=reinterpret pc=0x00000250627e1114 method=java.lang.String.isLatin1()Z @ 10 c2
Event: 0.256 Thread 0x00000250528b1000 Uncommon trap: reason=unstable_if action=reinterpret pc=0x00000250627e2db0 method=java.lang.StringLatin1.indexOf([BII)I @ 47 c2
Event: 0.449 Thread 0x00000250528b1000 Uncommon trap: reason=unstable_if action=reinterpret pc=0x00000250627f6f84 method=java.lang.StringCoding.hasNegatives([BII)Z @ 12 c2
Event: 0.459 Thread 0x00000250528b1000 Uncommon trap: reason=unstable_if action=reinterpret pc=0x00000250627e8e14 method=java.util.zip.ZipFile$Source.checkUTF8([BII)V @ 12 c2
Event: 0.510 Thread 0x00000250528b1000 Uncommon trap: reason=unstable_if action=reinterpret pc=0x00000250627fffbc method=java.lang.String.startsWith(Ljava/lang/String;I)Z @ 14 c2
Event: 0.515 Thread 0x00000250528b1000 Uncommon trap: reason=unstable_if action=reinterpret pc=0x0000025062800678 method=java.io.BufferedReader.read()I @ 19 c2
Event: 0.598 Thread 0x00000250528b1000 Uncommon trap: reason=unstable_if action=reinterpret pc=0x00000250627ec008 method=java.lang.StringLatin1.canEncode(I)Z @ 4 c2
Event: 0.598 Thread 0x00000250528b1000 Uncommon trap: reason=unstable_if action=reinterpret pc=0x00000250627f40ec method=java.lang.AbstractStringBuilder.isLatin1()Z @ 10 c2
Event: 0.608 Thread 0x00000250528b1000 Uncommon trap: reason=unstable_if action=reinterpret pc=0x00000250627e94d4 method=java.lang.StringLatin1.canEncode(I)Z @ 4 c2

Classes redefined (0 events):
No events

Internal exceptions (2 events):
Event: 0.513 Thread 0x00000250528b1000 Exception <a 'java/lang/ClassNotFoundException'{0x000000074d13f1d0}: javax/smartcardio/CardPermission> (0x000000074d13f1d0) thrown at [./open/src/hotspot/share/classfile/systemDictionary.cpp, line 228]
Event: 0.517 Thread 0x00000250528b1000 Exception <a 'java/io/FileNotFoundException'{0x000000074d14d278}> (0x000000074d14d278) thrown at [./open/src/hotspot/share/prims/jni.cpp, line 611]

Events (10 events):
Event: 0.647 loading class org/apache/commons/logging/LogConfigurationException
Event: 0.647 loading class org/apache/commons/logging/LogConfigurationException done
Event: 0.650 loading class java/lang/reflect/InvocationTargetException
Event: 0.650 loading class java/lang/reflect/InvocationTargetException done
Event: 0.650 loading class java/io/UnsupportedEncodingException
Event: 0.651 loading class java/io/UnsupportedEncodingException done
Event: 0.651 loading class org/apache/commons/logging/LogFactory$6
Event: 0.651 loading class org/apache/commons/logging/LogFactory$6 done
Event: 0.652 loading class org/apache/commons/logging/impl/WeakHashtable
Event: 0.652 loading class org/apache/commons/logging/impl/WeakHashtable done


Dynamic libraries:
0x00007ff60d620000 - 0x00007ff60d62f000 	C:\Program Files\Java\jdk-11.0.9\bin\java.exe
0x00007ffe51670000 - 0x00007ffe51868000 	C:\WINDOWS\SYSTEM32\ntdll.dll
0x00007ffe50240000 - 0x00007ffe502ff000 	C:\WINDOWS\System32\KERNEL32.DLL
0x00007ffe4f340000 - 0x00007ffe4f636000 	C:\WINDOWS\System32\KERNELBASE.dll
0x00007ffe4eec0000 - 0x00007ffe4efc0000 	C:\WINDOWS\System32\ucrtbase.dll
0x00007ffe3a9b0000 - 0x00007ffe3a9c5000 	C:\Program Files\Java\jdk-11.0.9\bin\VCRUNTIME140.dll
0x00007ffe39d40000 - 0x00007ffe39d58000 	C:\Program Files\Java\jdk-11.0.9\bin\jli.dll
0x00007ffe4ff90000 - 0x00007ffe5003f000 	C:\WINDOWS\System32\ADVAPI32.dll
0x00007ffe503f0000 - 0x00007ffe5048e000 	C:\WINDOWS\System32\msvcrt.dll
0x00007ffe51590000 - 0x00007ffe5162c000 	C:\WINDOWS\System32\sechost.dll
0x00007ffe51340000 - 0x00007ffe51466000 	C:\WINDOWS\System32\RPCRT4.dll
0x00007ffe4f6d0000 - 0x00007ffe4f86d000 	C:\WINDOWS\System32\USER32.dll
0x00007ffe4f270000 - 0x00007ffe4f292000 	C:\WINDOWS\System32\win32u.dll
0x00007ffe32710000 - 0x00007ffe329aa000 	C:\WINDOWS\WinSxS\amd64_microsoft.windows.common-controls_6595b64144ccf1df_6.0.19041.1110_none_60b5254171f9507e\COMCTL32.dll
0x00007ffe506f0000 - 0x00007ffe5071c000 	C:\WINDOWS\System32\GDI32.dll
0x00007ffe4efc0000 - 0x00007ffe4f0d5000 	C:\WINDOWS\System32\gdi32full.dll
0x00007ffe4f2a0000 - 0x00007ffe4f33d000 	C:\WINDOWS\System32\msvcp_win.dll
0x00007ffe492b0000 - 0x00007ffe492ba000 	C:\WINDOWS\SYSTEM32\VERSION.dll
0x00007ffe512e0000 - 0x00007ffe51310000 	C:\WINDOWS\System32\IMM32.DLL
0x00007ffe2ce40000 - 0x00007ffe2cedb000 	C:\Program Files\Java\jdk-11.0.9\bin\msvcp140.dll
0x00007ffdfd560000 - 0x00007ffdfe057000 	C:\Program Files\Java\jdk-11.0.9\bin\server\jvm.dll
0x00007ffe4ff80000 - 0x00007ffe4ff88000 	C:\WINDOWS\System32\PSAPI.DLL
0x00007ffe49cf0000 - 0x00007ffe49cf9000 	C:\WINDOWS\SYSTEM32\WSOCK32.dll
0x00007ffe501d0000 - 0x00007ffe5023b000 	C:\WINDOWS\System32\WS2_32.dll
0x00007ffe49d20000 - 0x00007ffe49d47000 	C:\WINDOWS\SYSTEM32\WINMM.dll
0x00007ffe4d830000 - 0x00007ffe4d842000 	C:\WINDOWS\SYSTEM32\kernel.appcore.dll
0x00007ffe3aa70000 - 0x00007ffe3aa80000 	C:\Program Files\Java\jdk-11.0.9\bin\verify.dll
0x00007ffe4d240000 - 0x00007ffe4d424000 	C:\WINDOWS\SYSTEM32\DBGHELP.DLL
0x00007ffe391c0000 - 0x00007ffe391f4000 	C:\WINDOWS\SYSTEM32\dbgcore.DLL
0x00007ffe4f640000 - 0x00007ffe4f6c2000 	C:\WINDOWS\System32\bcryptPrimitives.dll
0x00007ffe39340000 - 0x00007ffe39368000 	C:\Program Files\Java\jdk-11.0.9\bin\java.dll
0x00007ffe3a9a0000 - 0x00007ffe3a9aa000 	C:\Program Files\Java\jdk-11.0.9\bin\jimage.dll
0x00007ffe38920000 - 0x00007ffe38936000 	C:\Program Files\Java\jdk-11.0.9\bin\zip.dll
0x00007ffe50b90000 - 0x00007ffe512d4000 	C:\WINDOWS\System32\SHELL32.dll
0x00007ffe4c980000 - 0x00007ffe4d114000 	C:\WINDOWS\SYSTEM32\windows.storage.dll
0x00007ffe4f8f0000 - 0x00007ffe4fc44000 	C:\WINDOWS\System32\combase.dll
0x00007ffe4e5e0000 - 0x00007ffe4e60e000 	C:\WINDOWS\SYSTEM32\Wldp.dll
0x00007ffe50490000 - 0x00007ffe5053d000 	C:\WINDOWS\System32\SHCORE.dll
0x00007ffe50110000 - 0x00007ffe50165000 	C:\WINDOWS\System32\shlwapi.dll
0x00007ffe4ec80000 - 0x00007ffe4eca5000 	C:\WINDOWS\SYSTEM32\profapi.dll
0x00007ffe31bf0000 - 0x00007ffe31c09000 	C:\Program Files\Java\jdk-11.0.9\bin\net.dll
0x00007ffe490a0000 - 0x00007ffe491aa000 	C:\WINDOWS\SYSTEM32\WINHTTP.dll
0x00007ffe4e3c0000 - 0x00007ffe4e42a000 	C:\WINDOWS\system32\mswsock.dll
0x00007ffe31bd0000 - 0x00007ffe31be2000 	C:\Program Files\Java\jdk-11.0.9\bin\nio.dll

dbghelp: loaded successfully - version: 4.0.5 - missing functions: none
symbol engine: initialized successfully - sym options: 0x614 - pdb path: .;C:\Program Files\Java\jdk-11.0.9\bin;C:\WINDOWS\SYSTEM32;C:\WINDOWS\WinSxS\amd64_microsoft.windows.common-controls_6595b64144ccf1df_6.0.19041.1110_none_60b5254171f9507e;C:\Program Files\Java\jdk-11.0.9\bin\server

VM Arguments:
java_command: com.ditros.mcd.McdApplication
java_class_path (initial): D:\data-collect-back\target\classes;C:\Users\HP\.m2\repository\org\springframework\boot\spring-boot-starter-security\2.6.8\spring-boot-starter-security-2.6.8.jar;C:\Users\HP\.m2\repository\org\springframework\boot\spring-boot-starter\2.6.8\spring-boot-starter-2.6.8.jar;C:\Users\HP\.m2\repository\org\springframework\boot\spring-boot-starter-logging\2.6.8\spring-boot-starter-logging-2.6.8.jar;C:\Users\HP\.m2\repository\ch\qos\logback\logback-classic\1.2.11\logback-classic-1.2.11.jar;C:\Users\HP\.m2\repository\ch\qos\logback\logback-core\1.2.11\logback-core-1.2.11.jar;C:\Users\HP\.m2\repository\org\apache\logging\log4j\log4j-to-slf4j\2.17.2\log4j-to-slf4j-2.17.2.jar;C:\Users\HP\.m2\repository\org\apache\logging\log4j\log4j-api\2.17.2\log4j-api-2.17.2.jar;C:\Users\HP\.m2\repository\org\slf4j\jul-to-slf4j\1.7.36\jul-to-slf4j-1.7.36.jar;C:\Users\HP\.m2\repository\jakarta\annotation\jakarta.annotation-api\1.3.5\jakarta.annotation-api-1.3.5.jar;C:\Users\HP\.m2\repository\org\yaml\snakeyaml\1.29\snakeyaml-1.29.jar;C:\Users\HP\.m2\repository\org\springframework\spring-aop\5.3.20\spring-aop-5.3.20.jar;C:\Users\HP\.m2\repository\org\springframework\spring-beans\5.3.20\spring-beans-5.3.20.jar;C:\Users\HP\.m2\repository\org\springframework\security\spring-security-config\5.6.5\spring-security-config-5.6.5.jar;C:\Users\HP\.m2\repository\org\springframework\security\spring-security-core\5.6.5\spring-security-core-5.6.5.jar;C:\Users\HP\.m2\repository\org\springframework\security\spring-security-crypto\5.6.5\spring-security-crypto-5.6.5.jar;C:\Users\HP\.m2\repository\org\springframework\spring-context\5.3.20\spring-context-5.3.20.jar;C:\Users\HP\.m2\repository\org\springframework\security\spring-security-web\5.6.5\spring-security-web-5.6.5.jar;C:\Users\HP\.m2\repository\org\springframework\spring-expression\5.3.20\spring-expression-5.3.20.jar;C:\Users\HP\.m2\repository\org\springframework\boot\spring-boot-starter-websocket\2.6.8\spring-boot-starter-websoc
Launcher Type: SUN_STANDARD

[Global flags]
     intx CICompilerCount                          = 3                                         {product} {ergonomic}
     uint ConcGCThreads                            = 1                                         {product} {ergonomic}
     uint G1ConcRefinementThreads                  = 4                                         {product} {ergonomic}
   size_t G1HeapRegionSize                         = 1048576                                   {product} {ergonomic}
    uintx GCDrainStackTargetSize                   = 64                                        {product} {ergonomic}
   size_t InitialHeapSize                          = 201326592                                 {product} {ergonomic}
   size_t MarkStackSize                            = 4194304                                   {product} {ergonomic}
   size_t MaxHeapSize                              = 3198156800                                {product} {ergonomic}
   size_t MaxNewSize                               = 1918894080                                {product} {ergonomic}
   size_t MinHeapDeltaBytes                        = 1048576                                   {product} {ergonomic}
    uintx NonNMethodCodeHeapSize                   = 5830732                                {pd product} {ergonomic}
    uintx NonProfiledCodeHeapSize                  = 122913754                              {pd product} {ergonomic}
    uintx ProfiledCodeHeapSize                     = 122913754                              {pd product} {ergonomic}
    uintx ReservedCodeCacheSize                    = 251658240                              {pd product} {ergonomic}
     bool SegmentedCodeCache                       = true                                      {product} {ergonomic}
     bool UseCompressedClassPointers               = true                                 {lp64_product} {ergonomic}
     bool UseCompressedOops                        = true                                 {lp64_product} {ergonomic}
     bool UseG1GC                                  = true                                      {product} {ergonomic}
     bool UseLargePagesIndividualAllocation        = false                                  {pd product} {ergonomic}

Logging:
Log output configuration:
 #0: stdout all=warning uptime,level,tags
 #1: stderr all=off uptime,level,tags

Environment Variables:
JAVA_HOME=C:\Program Files\Java\jdk-11.0.9
PATH=C:\Program Files\Python310\Scripts\;C:\Program Files\Python310\;C:\Program Files (x86)\Common Files\Intel\Shared Libraries\redist\intel64\compiler;C:\WINDOWS\system32;C:\WINDOWS;C:\WINDOWS\System32\Wbem;C:\WINDOWS\System32\WindowsPowerShell\v1.0\;C:\WINDOWS\System32\OpenSSH\;C:\wamp64\www\scriptcase\components\php;C:\wamp64\bin\php\php7.4.26;C:\wamp64\bin\php\php7.3.25;C:\wamp64\bin\php\php7.1.29;C:\Program Files\nodejs;C:\Program Files\PuTTY\;C:\ProgramData\ComposerSetup\bin;C:\Program Files\Git\cmd;C:\Program Files (x86)\Yarn\bin\;C:\Program Files\Java\jdk-11.0.9\bin;C:\Users\HP\AppData\Local\Programs\Python\Python37;C:\Users\HP\AppData\Local\Programs\Python\Python37\Scripts;C:\Users\HP\AppData\Local\Android\flutter\bin;C:\Users\HP\AppData\Roaming\Composer\vendor\laravel\installer\bin;C:\Program Files (x86)\Bitvise SSH Client;C:\wamp64\www\apache-maven-3.8.4\bin;C:\Program Files\NetMake\v9-php73\components\php;C:\Program Files\Docker\Docker\resources\bin;C:\Program Files\nodejs\;C:\Program Files\CMake\bin;C:\Program Files\Java\jdk-11.0.19\bin;C:\Users\HP\AppData\Local\Programs\Python\Python310\Scripts\;C:\Users\HP\AppData\Local\Programs\Python\Python310\;C:\Users\HP\AppData\Local\Microsoft\WindowsApps;C:\Users\HP\AppData\Roaming\Composer\vendor\bin;C:\Users\HP\AppData\Local\Yarn\bin;C:\Program Files\heroku\bin;C:\Users\HP\AppData\Local\Programs\Microsoft VS Code\bin;C:\Users\HP\AppData\Local\GitHubDesktop\bin;C:\Users\HP\AppData\Roaming\npm;
USERNAME=HP
OS=Windows_NT
PROCESSOR_IDENTIFIER=Intel64 Family 6 Model 142 Stepping 10, GenuineIntel



---------------  S Y S T E M  ---------------

OS: Windows 10 , 64 bit Build 19041 (10.0.19041.3155)
HyperV virtualization detected

CPU:total 4 (initial active 4) (2 cores per cpu, 2 threads per core) family 6 model 142 stepping 10, cmov, cx8, fxsr, mmx, sse, sse2, sse3, ssse3, sse4.1, sse4.2, popcnt, avx, avx2, aes, clmul, erms, 3dnowpref, lzcnt, ht, tsc, tscinvbit, bmi1, bmi2, adx, fma

Memory: 4k page, system-wide physical 12199M (2645M free)
TotalPageFile size 14247M (AvailPageFile size 3M)
current process WorkingSet (physical memory assigned to process): 79M, peak: 79M
current process commit charge ("private bytes"): 284M, peak: 285M

vm_info: Java HotSpot(TM) 64-Bit Server VM (11.0.9+7-LTS) for windows-amd64 JRE (11.0.9+7-LTS), built on Sep 15 2020 16:47:03 by "mach5one" with MS VC++ 15.9 (VS2017)

END.
