#
# There is insufficient memory for the Java Runtime Environment to continue.
# Native memory allocation (malloc) failed to allocate 2460320 bytes for Chunk::new
# Possible reasons:
#   The system is out of physical RAM or swap space
#   The process is running with CompressedOops enabled, and the Java Heap may be blocking the growth of the native heap
# Possible solutions:
#   Reduce memory load on the system
#   Increase physical memory or swap space
#   Check if swap backing store is full
#   Decrease Java heap size (-Xmx/-Xms)
#   Decrease number of Java threads
#   Decrease Java thread stack sizes (-Xss)
#   Set larger code cache with -XX:ReservedCodeCacheSize=
#   JVM is running with Unscaled Compressed Oops mode in which the Java heap is
#     placed in the first 4GB address space. The Java Heap base address is the
#     maximum limit for the native heap growth. Please use -XX:HeapBaseMinAddress
#     to set the Java Heap base and to place the Java Heap above 4GB virtual address.
# This output file may be truncated or incomplete.
#
#  Out of Memory Error (arena.cpp:189), pid=17612, tid=10728
#
# JRE version: OpenJDK Runtime Environment Temurin-17.0.7+7 (17.0.7+7) (build 17.0.7+7)
# Java VM: OpenJDK 64-Bit Server VM Temurin-17.0.7+7 (17.0.7+7, mixed mode, tiered, compressed oops, compressed class ptrs, parallel gc, windows-amd64)
# No core dump will be written. Minidumps are not enabled by default on client versions of Windows
#

---------------  S U M M A R Y ------------

Command Line: --add-modules=ALL-SYSTEM --add-opens=java.base/java.util=ALL-UNNAMED --add-opens=java.base/java.lang=ALL-UNNAMED --add-opens=java.base/sun.nio.fs=ALL-UNNAMED -Declipse.application=org.eclipse.jdt.ls.core.id1 -Dosgi.bundles.defaultStartLevel=4 -Declipse.product=org.eclipse.jdt.ls.core.product -Djava.import.generatesMetadataFilesAtProjectRoot=false -Dfile.encoding=utf8 -XX:+UseParallelGC -XX:GCTimeRatio=4 -XX:AdaptiveSizePolicyWeight=90 -Dsun.zip.disableMemoryMapping=true -Xmx1G -Xms100m -Xlog:disable -javaagent:c:\Users\HP\.vscode\extensions\redhat.java-1.20.0-win32-x64\lombok\lombok-1.18.28.jar -XX:+HeapDumpOnOutOfMemoryError -XX:HeapDumpPath=c:\Users\HP\AppData\Roaming\Code\User\workspaceStorage\5541fb1794e4195495f0c57edcbd7686\redhat.java -Daether.dependencyCollector.impl=bf c:\Users\HP\.vscode\extensions\redhat.java-1.20.0-win32-x64\server\plugins\org.eclipse.equinox.launcher_1.6.500.v20230622-2056.jar -configuration c:\Users\HP\AppData\Roaming\Code\User\globalStorage\redhat.java\1.20.0\config_win -data c:\Users\HP\AppData\Roaming\Code\User\workspaceStorage\5541fb1794e4195495f0c57edcbd7686\redhat.java\jdt_ws

Host: Intel(R) Core(TM) i3-8130U CPU @ 2.20GHz, 4 cores, 11G,  Windows 10 , 64 bit Build 19041 (10.0.19041.3155)
Time: Wed Jul 19 09:22:01 2023 Afr. centrale Ouest elapsed time: 139.638689 seconds (0d 0h 2m 19s)

---------------  T H R E A D  ---------------

Current thread (0x00000222ac801f10):  JavaThread "C2 CompilerThread0" daemon [_thread_in_native, id=10728, stack(0x000000537ad00000,0x000000537ae00000)]


Current CompileTask:
C2: 139638 15846       4       org.eclipse.jdt.internal.compiler.ast.Annotation::resolveType (1559 bytes)

Stack: [0x000000537ad00000,0x000000537ae00000]
Native frames: (J=compiled Java code, j=interpreted, Vv=VM code, C=native code)
V  [jvm.dll+0x67754a]
V  [jvm.dll+0x834304]
V  [jvm.dll+0x835aae]
V  [jvm.dll+0x836113]
V  [jvm.dll+0x24696f]
V  [jvm.dll+0xac0ac]
V  [jvm.dll+0xac67c]
V  [jvm.dll+0x364e37]
V  [jvm.dll+0x1bcc02]
V  [jvm.dll+0x219799]
V  [jvm.dll+0x218a61]
V  [jvm.dll+0x1a4d8d]
V  [jvm.dll+0x2284da]
V  [jvm.dll+0x226615]
V  [jvm.dll+0x7ea90b]
V  [jvm.dll+0x7e4e7a]
V  [jvm.dll+0x676395]
C  [ucrtbase.dll+0x21bb2]
C  [KERNEL32.DLL+0x17614]
C  [ntdll.dll+0x526b1]


---------------  P R O C E S S  ---------------

Threads class SMR info:
_java_thread_list=0x00000222c1191710, length=38, elements={
0x00000222989adeb0, 0x000002229681be00, 0x00000222ac7d2770, 0x00000222ac7f9170,
0x00000222ac7f9ef0, 0x00000222ac7fd320, 0x00000222ac7fee90, 0x00000222ac801f10,
0x00000222ac806c50, 0x00000222ac80fd20, 0x00000222b1ac30b0, 0x00000222b1c5b300,
0x00000222b2575960, 0x00000222b26b1010, 0x00000222b26b14e0, 0x00000222b2492d80,
0x00000222b24d82c0, 0x00000222b1f16eb0, 0x00000222b2308dc0, 0x00000222b230aaa0,
0x00000222b2309c30, 0x00000222b230af70, 0x00000222b2308420, 0x00000222b230b440,
0x00000222b2307a80, 0x00000222b23088f0, 0x00000222b4809230, 0x00000222b4807080,
0x00000222b4807550, 0x00000222b480a570, 0x00000222b4808890, 0x00000222b4214080,
0x00000222b522f4f0, 0x00000222b5235a00, 0x00000222b5231b70, 0x00000222b5235530,
0x00000222b5232510, 0x00000222b2fb2fb0
}

Java Threads: ( => current thread )
  0x00000222989adeb0 JavaThread "main" [_thread_blocked, id=18728, stack(0x000000537a400000,0x000000537a500000)]
  0x000002229681be00 JavaThread "Reference Handler" daemon [_thread_blocked, id=16984, stack(0x000000537a700000,0x000000537a800000)]
  0x00000222ac7d2770 JavaThread "Finalizer" daemon [_thread_blocked, id=18860, stack(0x000000537a800000,0x000000537a900000)]
  0x00000222ac7f9170 JavaThread "Signal Dispatcher" daemon [_thread_blocked, id=16724, stack(0x000000537a900000,0x000000537aa00000)]
  0x00000222ac7f9ef0 JavaThread "Attach Listener" daemon [_thread_blocked, id=13892, stack(0x000000537aa00000,0x000000537ab00000)]
  0x00000222ac7fd320 JavaThread "Service Thread" daemon [_thread_blocked, id=10916, stack(0x000000537ab00000,0x000000537ac00000)]
  0x00000222ac7fee90 JavaThread "Monitor Deflation Thread" daemon [_thread_blocked, id=4124, stack(0x000000537ac00000,0x000000537ad00000)]
=>0x00000222ac801f10 JavaThread "C2 CompilerThread0" daemon [_thread_in_native, id=10728, stack(0x000000537ad00000,0x000000537ae00000)]
  0x00000222ac806c50 JavaThread "C1 CompilerThread0" daemon [_thread_blocked, id=16440, stack(0x000000537ae00000,0x000000537af00000)]
  0x00000222ac80fd20 JavaThread "Sweeper thread" daemon [_thread_blocked, id=4276, stack(0x000000537af00000,0x000000537b000000)]
  0x00000222b1ac30b0 JavaThread "Common-Cleaner" daemon [_thread_blocked, id=18424, stack(0x000000537b000000,0x000000537b100000)]
  0x00000222b1c5b300 JavaThread "Notification Thread" daemon [_thread_blocked, id=17740, stack(0x000000537b100000,0x000000537b200000)]
  0x00000222b2575960 JavaThread "Active Thread: Equinox Container: 8ae7830e-195b-4526-a784-c49f50114d3a" [_thread_blocked, id=20064, stack(0x000000537b600000,0x000000537b700000)]
  0x00000222b26b1010 JavaThread "Framework Event Dispatcher: Equinox Container: 8ae7830e-195b-4526-a784-c49f50114d3a" daemon [_thread_blocked, id=15372, stack(0x000000537b700000,0x000000537b800000)]
  0x00000222b26b14e0 JavaThread "Start Level: Equinox Container: 8ae7830e-195b-4526-a784-c49f50114d3a" daemon [_thread_blocked, id=1144, stack(0x000000537b800000,0x000000537b900000)]
  0x00000222b2492d80 JavaThread "SCR Component Actor" daemon [_thread_blocked, id=12460, stack(0x000000537b900000,0x000000537ba00000)]
  0x00000222b24d82c0 JavaThread "Worker-JM" [_thread_blocked, id=20876, stack(0x000000537bb00000,0x000000537bc00000)]
  0x00000222b1f16eb0 JavaThread "Worker-0: Initialize workspace" [_thread_blocked, id=18692, stack(0x000000537bd00000,0x000000537be00000)]
  0x00000222b2308dc0 JavaThread "Worker-1: Shutdown..." [_thread_blocked, id=19088, stack(0x000000537bc00000,0x000000537bd00000)]
  0x00000222b230aaa0 JavaThread "Worker-2: Initialize Workspace" [_thread_blocked, id=17072, stack(0x000000537be00000,0x000000537bf00000)]
  0x00000222b2309c30 JavaThread "Java indexing" daemon [_thread_blocked, id=18160, stack(0x000000537c000000,0x000000537c100000)]
  0x00000222b230af70 JavaThread "JNA Cleaner" daemon [_thread_blocked, id=5520, stack(0x000000537ba00000,0x000000537bb00000)]
  0x00000222b2308420 JavaThread "pool-2-thread-1" [_thread_blocked, id=10068, stack(0x000000537c200000,0x000000537c300000)]
  0x00000222b230b440 JavaThread "WorkspaceEventsHandler" [_thread_blocked, id=16680, stack(0x000000537c300000,0x000000537c400000)]
  0x00000222b2307a80 JavaThread "pool-1-thread-1" [_thread_in_native, id=2540, stack(0x000000537c400000,0x000000537c500000)]
  0x00000222b23088f0 JavaThread "Worker-3" [_thread_blocked, id=14236, stack(0x000000537c500000,0x000000537c600000)]
  0x00000222b4809230 JavaThread "Worker-4" [_thread_blocked, id=21444, stack(0x000000537a300000,0x000000537a400000)]
  0x00000222b4807080 JavaThread "ForkJoinPool.commonPool-worker-1" daemon [_thread_blocked, id=2580, stack(0x000000537c600000,0x000000537c700000)]
  0x00000222b4807550 JavaThread "ForkJoinPool.commonPool-worker-2" daemon [_thread_blocked, id=6188, stack(0x000000537c700000,0x000000537c800000)]
  0x00000222b480a570 JavaThread "ForkJoinPool.commonPool-worker-3" daemon [_thread_blocked, id=13636, stack(0x000000537c800000,0x000000537c900000)]
  0x00000222b4808890 JavaThread "Bundle File Closer" daemon [_thread_blocked, id=14540, stack(0x000000537c900000,0x000000537ca00000)]
  0x00000222b4214080 JavaThread "Worker-5" [_thread_blocked, id=6732, stack(0x000000537cf00000,0x000000537d000000)]
  0x00000222b522f4f0 JavaThread "ParallelDescriptorResolver-0-0" daemon [_thread_in_native, id=13984, stack(0x000000537bf00000,0x000000537c000000)]
  0x00000222b5235a00 JavaThread "ParallelDescriptorResolver-0-1" daemon [_thread_in_native, id=8404, stack(0x000000537ca00000,0x000000537cb00000)]
  0x00000222b5231b70 JavaThread "ParallelDescriptorResolver-0-2" daemon [_thread_in_native, id=18412, stack(0x000000537cb00000,0x000000537cc00000)]
  0x00000222b5235530 JavaThread "ParallelDescriptorResolver-0-3" daemon [_thread_in_native, id=12136, stack(0x000000537ce00000,0x000000537cf00000)]
  0x00000222b5232510 JavaThread "ParallelDescriptorResolver-0-4" daemon [_thread_in_native, id=16732, stack(0x000000537d000000,0x000000537d100000)]
  0x00000222b2fb2fb0 JavaThread "C2 CompilerThread1" daemon [_thread_in_native, id=19288, stack(0x000000537a200000,0x000000537a300000)]

Other Threads:
  0x00000222ac6d7750 VMThread "VM Thread" [stack: 0x000000537a600000,0x000000537a700000] [id=19316]
  0x00000222b1c5e9e0 WatcherThread [stack: 0x000000537b200000,0x000000537b300000] [id=4972]
  0x00000222989c6660 GCTaskThread "GC Thread#0" [stack: 0x000000537a500000,0x000000537a600000] [id=7068]
  0x00000222b2464460 GCTaskThread "GC Thread#1" [stack: 0x000000537b300000,0x000000537b400000] [id=12240]
  0x00000222b208d4b0 GCTaskThread "GC Thread#2" [stack: 0x000000537b400000,0x000000537b500000] [id=12064]
  0x00000222b23e8c70 GCTaskThread "GC Thread#3" [stack: 0x000000537b500000,0x000000537b600000] [id=16448]

Threads with active compile tasks:
C2 CompilerThread0   143197 15846       4       org.eclipse.jdt.internal.compiler.ast.Annotation::resolveType (1559 bytes)
C2 CompilerThread1   143197 15889   !   4       org.eclipse.jdt.internal.core.SearchableEnvironment::find (400 bytes)

VM state: not at safepoint (normal execution)

VM Mutex/Monitor currently owned by a thread: None

Heap address: 0x00000000c0000000, size: 1024 MB, Compressed Oops mode: 32-bit

CDS archive(s) not mapped
Compressed class space mapped at: 0x0000000100000000-0x0000000140000000, reserved size: 1073741824
Narrow klass base: 0x0000000000000000, Narrow klass shift: 3, Narrow klass range: 0x140000000

GC Precious Log:
 CPUs: 4 total, 4 available
 Memory: 12199M
 Large Page Support: Disabled
 NUMA Support: Disabled
 Compressed Oops: Enabled (32-bit)
 Alignments: Space 512K, Generation 512K, Heap 2M
 Heap Min Capacity: 100M
 Heap Initial Capacity: 100M
 Heap Max Capacity: 1G
 Pre-touch: Disabled
 Parallel Workers: 4

Heap:
 PSYoungGen      total 33792K, used 14695K [0x00000000eab00000, 0x00000000ed100000, 0x0000000100000000)
  eden space 27136K, 42% used [0x00000000eab00000,0x00000000eb62df38,0x00000000ec580000)
  from space 6656K, 48% used [0x00000000ec580000,0x00000000ec8ac070,0x00000000ecc00000)
  to   space 4608K, 0% used [0x00000000ecc80000,0x00000000ecc80000,0x00000000ed100000)
 ParOldGen       total 179712K, used 138567K [0x00000000c0000000, 0x00000000caf80000, 0x00000000eab00000)
  object space 179712K, 77% used [0x00000000c0000000,0x00000000c8751c08,0x00000000caf80000)
 Metaspace       used 76514K, committed 77632K, reserved 1179648K
  class space    used 7635K, committed 8128K, reserved 1048576K

Card table byte_map: [0x0000022298360000,0x0000022298570000] _byte_map_base: 0x0000022297d60000

Marking Bits: (ParMarkBitMap*) 0x00007ffdfd4952c0
 Begin Bits: [0x00000222aa640000, 0x00000222ab640000)
 End Bits:   [0x00000222ab640000, 0x00000222ac640000)

Polling page: 0x0000022296980000

Metaspace:

Usage:
  Non-class:     67.26 MB used.
      Class:      7.46 MB used.
       Both:     74.72 MB used.

Virtual space:
  Non-class space:      128.00 MB reserved,      67.88 MB ( 53%) committed,  2 nodes.
      Class space:        1.00 GB reserved,       7.94 MB ( <1%) committed,  1 nodes.
             Both:        1.12 GB reserved,      75.81 MB (  7%) committed. 

Chunk freelists:
   Non-Class:  11.59 MB
       Class:  8.06 MB
        Both:  19.66 MB

MaxMetaspaceSize: unlimited
CompressedClassSpaceSize: 1.00 GB
Initial GC threshold: 21.00 MB
Current GC threshold: 125.00 MB
CDS: off
MetaspaceReclaimPolicy: balanced
 - commit_granule_bytes: 65536.
 - commit_granule_words: 8192.
 - virtual_space_node_default_size: 8388608.
 - enlarge_chunks_in_place: 1.
 - new_chunks_are_fully_committed: 0.
 - uncommit_free_chunks: 1.
 - use_allocation_guard: 0.
 - handle_deallocations: 1.


Internal statistics:

num_allocs_failed_limit: 9.
num_arena_births: 788.
num_arena_deaths: 14.
num_vsnodes_births: 3.
num_vsnodes_deaths: 0.
num_space_committed: 1213.
num_space_uncommitted: 0.
num_chunks_returned_to_freelist: 23.
num_chunks_taken_from_freelist: 3962.
num_chunk_merges: 13.
num_chunk_splits: 2514.
num_chunks_enlarged: 1477.
num_inconsistent_stats: 0.

CodeHeap 'non-profiled nmethods': size=120000Kb used=10244Kb max_used=10409Kb free=109755Kb
 bounds [0x00000222a3110000, 0x00000222a3b40000, 0x00000222aa640000]
CodeHeap 'profiled nmethods': size=120000Kb used=29220Kb max_used=29380Kb free=90779Kb
 bounds [0x000002229b640000, 0x000002229d310000, 0x00000222a2b70000]
CodeHeap 'non-nmethods': size=5760Kb used=1366Kb max_used=1511Kb free=4393Kb
 bounds [0x00000222a2b70000, 0x00000222a2de0000, 0x00000222a3110000]
 total_blobs=13279 nmethods=12570 adapters=621
 compilation: enabled
              stopped_count=0, restarted_count=0
 full_count=0

Compilation events (20 events):
Event: 139.257 Thread 0x00000222ac806c50 15930       2       org.eclipse.jdt.internal.corext.dom.GenericVisitor::visit (6 bytes)
Event: 139.258 Thread 0x00000222ac806c50 nmethod 15930 0x000002229cecfe90 code [0x000002229ced0020, 0x000002229ced0148]
Event: 139.283 Thread 0x00000222ac806c50 15931       1       org.eclipse.jdt.internal.corext.dom.SelectionAnalyzer::getSelection (5 bytes)
Event: 139.284 Thread 0x00000222ac806c50 nmethod 15931 0x00000222a392c610 code [0x00000222a392c7a0, 0x00000222a392c878]
Event: 139.301 Thread 0x00000222ac806c50 15932       3       org.eclipse.jdt.internal.compiler.parser.Parser::checkForDiamond (159 bytes)
Event: 139.302 Thread 0x00000222ac806c50 nmethod 15932 0x000002229c96eb10 code [0x000002229c96ed40, 0x000002229c96f8b8]
Event: 139.305 Thread 0x00000222ac806c50 15933       3       org.eclipse.jdt.internal.compiler.parser.Parser::consumeLocalVariableDeclaration (86 bytes)
Event: 139.306 Thread 0x00000222ac806c50 nmethod 15933 0x000002229c4fb090 code [0x000002229c4fb240, 0x000002229c4fb528]
Event: 139.306 Thread 0x00000222ac806c50 15934       3       org.eclipse.jdt.internal.compiler.parser.Parser::consumeLocalVariableDeclarationStatement (374 bytes)
Event: 139.306 Thread 0x00000222b2fb2fb0 nmethod 15840 0x00000222a37da210 code [0x00000222a37da460, 0x00000222a37dbe80]
Event: 139.306 Thread 0x00000222b2fb2fb0 15845       4       org.eclipse.jdt.internal.compiler.lookup.Scope::findExactMethod (277 bytes)
Event: 139.308 Thread 0x00000222ac806c50 nmethod 15934 0x000002229c3d1a90 code [0x000002229c3d1de0, 0x000002229c3d37c8]
Event: 139.353 Thread 0x00000222ac806c50 15935   !   3       lombok.eclipse.TransformEclipseAST::getAST (64 bytes)
Event: 139.354 Thread 0x00000222ac806c50 nmethod 15935 0x000002229c0a5290 code [0x000002229c0a5500, 0x000002229c0a5d58]
Event: 139.358 Thread 0x00000222b2fb2fb0 nmethod 15845 0x00000222a387a310 code [0x00000222a387a5a0, 0x00000222a387b830]
Event: 139.359 Thread 0x00000222b2fb2fb0 15916       4       org.eclipse.jdt.internal.compiler.ast.ParameterizedSingleTypeReference::traverse (178 bytes)
Event: 139.381 Thread 0x00000222b2fb2fb0 nmethod 15916 0x00000222a390a010 code [0x00000222a390a220, 0x00000222a390a930]
Event: 139.381 Thread 0x00000222b2fb2fb0 15889   !   4       org.eclipse.jdt.internal.core.SearchableEnvironment::find (400 bytes)
Event: 139.393 Thread 0x00000222ac806c50 15936       3       org.eclipse.jdt.internal.compiler.ast.TypeDeclaration::createDefaultConstructor (187 bytes)
Event: 139.395 Thread 0x00000222ac806c50 nmethod 15936 0x000002229c432090 code [0x000002229c4322e0, 0x000002229c432f98]

GC Heap History (20 events):
Event: 137.810 GC heap before
{Heap before GC invocations=298 (full 16):
 PSYoungGen      total 35840K, used 32999K [0x00000000eab00000, 0x00000000edb80000, 0x0000000100000000)
  eden space 20480K, 100% used [0x00000000eab00000,0x00000000ebf00000,0x00000000ebf00000)
  from space 15360K, 81% used [0x00000000ebf00000,0x00000000ecb39e20,0x00000000ece00000)
  to   space 13824K, 0% used [0x00000000ece00000,0x00000000ece00000,0x00000000edb80000)
 ParOldGen       total 203776K, used 160065K [0x00000000c0000000, 0x00000000cc700000, 0x00000000eab00000)
  object space 203776K, 78% used [0x00000000c0000000,0x00000000c9c50608,0x00000000cc700000)
 Metaspace       used 75511K, committed 76672K, reserved 1179648K
  class space    used 7549K, committed 8064K, reserved 1048576K
}
Event: 137.824 GC heap after
{Heap after GC invocations=298 (full 16):
 PSYoungGen      total 34304K, used 13815K [0x00000000eab00000, 0x00000000edf00000, 0x0000000100000000)
  eden space 20480K, 0% used [0x00000000eab00000,0x00000000eab00000,0x00000000ebf00000)
  from space 13824K, 99% used [0x00000000ece00000,0x00000000edb7de70,0x00000000edb80000)
  to   space 15360K, 0% used [0x00000000ebf00000,0x00000000ebf00000,0x00000000ece00000)
 ParOldGen       total 203776K, used 160777K [0x00000000c0000000, 0x00000000cc700000, 0x00000000eab00000)
  object space 203776K, 78% used [0x00000000c0000000,0x00000000c9d02648,0x00000000cc700000)
 Metaspace       used 75511K, committed 76672K, reserved 1179648K
  class space    used 7549K, committed 8064K, reserved 1048576K
}
Event: 137.913 GC heap before
{Heap before GC invocations=299 (full 16):
 PSYoungGen      total 34304K, used 34295K [0x00000000eab00000, 0x00000000edf00000, 0x0000000100000000)
  eden space 20480K, 100% used [0x00000000eab00000,0x00000000ebf00000,0x00000000ebf00000)
  from space 13824K, 99% used [0x00000000ece00000,0x00000000edb7de70,0x00000000edb80000)
  to   space 15360K, 0% used [0x00000000ebf00000,0x00000000ebf00000,0x00000000ece00000)
 ParOldGen       total 203776K, used 160777K [0x00000000c0000000, 0x00000000cc700000, 0x00000000eab00000)
  object space 203776K, 78% used [0x00000000c0000000,0x00000000c9d02648,0x00000000cc700000)
 Metaspace       used 75511K, committed 76672K, reserved 1179648K
  class space    used 7549K, committed 8064K, reserved 1048576K
}
Event: 137.928 GC heap after
{Heap after GC invocations=299 (full 16):
 PSYoungGen      total 29184K, used 8368K [0x00000000eab00000, 0x00000000ed600000, 0x0000000100000000)
  eden space 20480K, 0% used [0x00000000eab00000,0x00000000eab00000,0x00000000ebf00000)
  from space 8704K, 96% used [0x00000000ebf00000,0x00000000ec72c0f0,0x00000000ec780000)
  to   space 10752K, 0% used [0x00000000ecb80000,0x00000000ecb80000,0x00000000ed600000)
 ParOldGen       total 203776K, used 168648K [0x00000000c0000000, 0x00000000cc700000, 0x00000000eab00000)
  object space 203776K, 82% used [0x00000000c0000000,0x00000000ca4b2210,0x00000000cc700000)
 Metaspace       used 75511K, committed 76672K, reserved 1179648K
  class space    used 7549K, committed 8064K, reserved 1048576K
}
Event: 138.037 GC heap before
{Heap before GC invocations=300 (full 16):
 PSYoungGen      total 29184K, used 28848K [0x00000000eab00000, 0x00000000ed600000, 0x0000000100000000)
  eden space 20480K, 100% used [0x00000000eab00000,0x00000000ebf00000,0x00000000ebf00000)
  from space 8704K, 96% used [0x00000000ebf00000,0x00000000ec72c0f0,0x00000000ec780000)
  to   space 10752K, 0% used [0x00000000ecb80000,0x00000000ecb80000,0x00000000ed600000)
 ParOldGen       total 203776K, used 168648K [0x00000000c0000000, 0x00000000cc700000, 0x00000000eab00000)
  object space 203776K, 82% used [0x00000000c0000000,0x00000000ca4b2210,0x00000000cc700000)
 Metaspace       used 75511K, committed 76672K, reserved 1179648K
  class space    used 7549K, committed 8064K, reserved 1048576K
}
Event: 138.049 GC heap after
{Heap after GC invocations=300 (full 16):
 PSYoungGen      total 32768K, used 10576K [0x00000000eab00000, 0x00000000ed700000, 0x0000000100000000)
  eden space 22016K, 0% used [0x00000000eab00000,0x00000000eab00000,0x00000000ec080000)
  from space 10752K, 98% used [0x00000000ecb80000,0x00000000ed5d4110,0x00000000ed600000)
  to   space 11264K, 0% used [0x00000000ec080000,0x00000000ec080000,0x00000000ecb80000)
 ParOldGen       total 203776K, used 168648K [0x00000000c0000000, 0x00000000cc700000, 0x00000000eab00000)
  object space 203776K, 82% used [0x00000000c0000000,0x00000000ca4b2210,0x00000000cc700000)
 Metaspace       used 75511K, committed 76672K, reserved 1179648K
  class space    used 7549K, committed 8064K, reserved 1048576K
}
Event: 138.303 GC heap before
{Heap before GC invocations=301 (full 16):
 PSYoungGen      total 32768K, used 32592K [0x00000000eab00000, 0x00000000ed700000, 0x0000000100000000)
  eden space 22016K, 100% used [0x00000000eab00000,0x00000000ec080000,0x00000000ec080000)
  from space 10752K, 98% used [0x00000000ecb80000,0x00000000ed5d4110,0x00000000ed600000)
  to   space 11264K, 0% used [0x00000000ec080000,0x00000000ec080000,0x00000000ecb80000)
 ParOldGen       total 203776K, used 168648K [0x00000000c0000000, 0x00000000cc700000, 0x00000000eab00000)
  object space 203776K, 82% used [0x00000000c0000000,0x00000000ca4b2210,0x00000000cc700000)
 Metaspace       used 75522K, committed 76672K, reserved 1179648K
  class space    used 7549K, committed 8064K, reserved 1048576K
}
Event: 138.320 GC heap after
{Heap after GC invocations=301 (full 16):
 PSYoungGen      total 33280K, used 11232K [0x00000000eab00000, 0x00000000ede80000, 0x0000000100000000)
  eden space 22016K, 0% used [0x00000000eab00000,0x00000000eab00000,0x00000000ec080000)
  from space 11264K, 99% used [0x00000000ec080000,0x00000000ecb78100,0x00000000ecb80000)
  to   space 14336K, 0% used [0x00000000ed080000,0x00000000ed080000,0x00000000ede80000)
 ParOldGen       total 203776K, used 170852K [0x00000000c0000000, 0x00000000cc700000, 0x00000000eab00000)
  object space 203776K, 83% used [0x00000000c0000000,0x00000000ca6d90a8,0x00000000cc700000)
 Metaspace       used 75522K, committed 76672K, reserved 1179648K
  class space    used 7549K, committed 8064K, reserved 1048576K
}
Event: 138.471 GC heap before
{Heap before GC invocations=302 (full 16):
 PSYoungGen      total 33280K, used 33248K [0x00000000eab00000, 0x00000000ede80000, 0x0000000100000000)
  eden space 22016K, 100% used [0x00000000eab00000,0x00000000ec080000,0x00000000ec080000)
  from space 11264K, 99% used [0x00000000ec080000,0x00000000ecb78100,0x00000000ecb80000)
  to   space 14336K, 0% used [0x00000000ed080000,0x00000000ed080000,0x00000000ede80000)
 ParOldGen       total 203776K, used 170852K [0x00000000c0000000, 0x00000000cc700000, 0x00000000eab00000)
  object space 203776K, 83% used [0x00000000c0000000,0x00000000ca6d90a8,0x00000000cc700000)
 Metaspace       used 75542K, committed 76672K, reserved 1179648K
  class space    used 7550K, committed 8064K, reserved 1048576K
}
Event: 138.491 GC heap after
{Heap after GC invocations=302 (full 16):
 PSYoungGen      total 35328K, used 10982K [0x00000000eab00000, 0x00000000edb80000, 0x0000000100000000)
  eden space 24064K, 0% used [0x00000000eab00000,0x00000000eab00000,0x00000000ec280000)
  from space 11264K, 97% used [0x00000000ed080000,0x00000000edb39aa0,0x00000000edb80000)
  to   space 12288K, 0% used [0x00000000ec380000,0x00000000ec380000,0x00000000ecf80000)
 ParOldGen       total 203776K, used 174423K [0x00000000c0000000, 0x00000000cc700000, 0x00000000eab00000)
  object space 203776K, 85% used [0x00000000c0000000,0x00000000caa55d00,0x00000000cc700000)
 Metaspace       used 75542K, committed 76672K, reserved 1179648K
  class space    used 7550K, committed 8064K, reserved 1048576K
}
Event: 138.639 GC heap before
{Heap before GC invocations=303 (full 16):
 PSYoungGen      total 35328K, used 35046K [0x00000000eab00000, 0x00000000edb80000, 0x0000000100000000)
  eden space 24064K, 100% used [0x00000000eab00000,0x00000000ec280000,0x00000000ec280000)
  from space 11264K, 97% used [0x00000000ed080000,0x00000000edb39aa0,0x00000000edb80000)
  to   space 12288K, 0% used [0x00000000ec380000,0x00000000ec380000,0x00000000ecf80000)
 ParOldGen       total 203776K, used 174423K [0x00000000c0000000, 0x00000000cc700000, 0x00000000eab00000)
  object space 203776K, 85% used [0x00000000c0000000,0x00000000caa55d00,0x00000000cc700000)
 Metaspace       used 75582K, committed 76672K, reserved 1179648K
  class space    used 7555K, committed 8064K, reserved 1048576K
}
Event: 138.660 GC heap after
{Heap after GC invocations=303 (full 16):
 PSYoungGen      total 37376K, used 12287K [0x00000000eab00000, 0x00000000ee200000, 0x0000000100000000)
  eden space 25088K, 0% used [0x00000000eab00000,0x00000000eab00000,0x00000000ec380000)
  from space 12288K, 99% used [0x00000000ec380000,0x00000000ecf7fd70,0x00000000ecf80000)
  to   space 14848K, 0% used [0x00000000ed380000,0x00000000ed380000,0x00000000ee200000)
 ParOldGen       total 203776K, used 176154K [0x00000000c0000000, 0x00000000cc700000, 0x00000000eab00000)
  object space 203776K, 86% used [0x00000000c0000000,0x00000000cac06af8,0x00000000cc700000)
 Metaspace       used 75582K, committed 76672K, reserved 1179648K
  class space    used 7555K, committed 8064K, reserved 1048576K
}
Event: 138.834 GC heap before
{Heap before GC invocations=304 (full 16):
 PSYoungGen      total 37376K, used 37375K [0x00000000eab00000, 0x00000000ee200000, 0x0000000100000000)
  eden space 25088K, 100% used [0x00000000eab00000,0x00000000ec380000,0x00000000ec380000)
  from space 12288K, 99% used [0x00000000ec380000,0x00000000ecf7fd70,0x00000000ecf80000)
  to   space 14848K, 0% used [0x00000000ed380000,0x00000000ed380000,0x00000000ee200000)
 ParOldGen       total 203776K, used 176154K [0x00000000c0000000, 0x00000000cc700000, 0x00000000eab00000)
  object space 203776K, 86% used [0x00000000c0000000,0x00000000cac06af8,0x00000000cc700000)
 Metaspace       used 75582K, committed 76672K, reserved 1179648K
  class space    used 7555K, committed 8064K, reserved 1048576K
}
Event: 138.854 GC heap after
{Heap after GC invocations=304 (full 16):
 PSYoungGen      total 39936K, used 11816K [0x00000000eab00000, 0x00000000edf80000, 0x0000000100000000)
  eden space 27648K, 0% used [0x00000000eab00000,0x00000000eab00000,0x00000000ec600000)
  from space 12288K, 96% used [0x00000000ed380000,0x00000000edf0a0f8,0x00000000edf80000)
  to   space 12800K, 0% used [0x00000000ec680000,0x00000000ec680000,0x00000000ed300000)
 ParOldGen       total 203776K, used 179680K [0x00000000c0000000, 0x00000000cc700000, 0x00000000eab00000)
  object space 203776K, 88% used [0x00000000c0000000,0x00000000caf782f0,0x00000000cc700000)
 Metaspace       used 75582K, committed 76672K, reserved 1179648K
  class space    used 7555K, committed 8064K, reserved 1048576K
}
Event: 139.055 GC heap before
{Heap before GC invocations=305 (full 16):
 PSYoungGen      total 39936K, used 39464K [0x00000000eab00000, 0x00000000edf80000, 0x0000000100000000)
  eden space 27648K, 100% used [0x00000000eab00000,0x00000000ec600000,0x00000000ec600000)
  from space 12288K, 96% used [0x00000000ed380000,0x00000000edf0a0f8,0x00000000edf80000)
  to   space 12800K, 0% used [0x00000000ec680000,0x00000000ec680000,0x00000000ed300000)
 ParOldGen       total 203776K, used 179680K [0x00000000c0000000, 0x00000000cc700000, 0x00000000eab00000)
  object space 203776K, 88% used [0x00000000c0000000,0x00000000caf782f0,0x00000000cc700000)
 Metaspace       used 75591K, committed 76736K, reserved 1179648K
  class space    used 7555K, committed 8064K, reserved 1048576K
}
Event: 139.069 GC heap after
{Heap after GC invocations=305 (full 16):
 PSYoungGen      total 40960K, used 10200K [0x00000000eab00000, 0x00000000ede80000, 0x0000000100000000)
  eden space 28160K, 0% used [0x00000000eab00000,0x00000000eab00000,0x00000000ec680000)
  from space 12800K, 79% used [0x00000000ec680000,0x00000000ed0760a8,0x00000000ed300000)
  to   space 11264K, 0% used [0x00000000ed380000,0x00000000ed380000,0x00000000ede80000)
 ParOldGen       total 203776K, used 179680K [0x00000000c0000000, 0x00000000cc700000, 0x00000000eab00000)
  object space 203776K, 88% used [0x00000000c0000000,0x00000000caf782f0,0x00000000cc700000)
 Metaspace       used 75591K, committed 76736K, reserved 1179648K
  class space    used 7555K, committed 8064K, reserved 1048576K
}
Event: 139.193 GC heap before
{Heap before GC invocations=306 (full 16):
 PSYoungGen      total 40960K, used 38360K [0x00000000eab00000, 0x00000000ede80000, 0x0000000100000000)
  eden space 28160K, 100% used [0x00000000eab00000,0x00000000ec680000,0x00000000ec680000)
  from space 12800K, 79% used [0x00000000ec680000,0x00000000ed0760a8,0x00000000ed300000)
  to   space 11264K, 0% used [0x00000000ed380000,0x00000000ed380000,0x00000000ede80000)
 ParOldGen       total 203776K, used 179680K [0x00000000c0000000, 0x00000000cc700000, 0x00000000eab00000)
  object space 203776K, 88% used [0x00000000c0000000,0x00000000caf782f0,0x00000000cc700000)
 Metaspace       used 75591K, committed 76736K, reserved 1179648K
  class space    used 7555K, committed 8064K, reserved 1048576K
}
Event: 139.210 GC heap after
{Heap after GC invocations=306 (full 16):
 PSYoungGen      total 39424K, used 11263K [0x00000000eab00000, 0x00000000ee300000, 0x0000000100000000)
  eden space 28160K, 0% used [0x00000000eab00000,0x00000000eab00000,0x00000000ec680000)
  from space 11264K, 99% used [0x00000000ed380000,0x00000000ede7fd30,0x00000000ede80000)
  to   space 13312K, 0% used [0x00000000ec680000,0x00000000ec680000,0x00000000ed380000)
 ParOldGen       total 203776K, used 181228K [0x00000000c0000000, 0x00000000cc700000, 0x00000000eab00000)
  object space 203776K, 88% used [0x00000000c0000000,0x00000000cb0fb140,0x00000000cc700000)
 Metaspace       used 75591K, committed 76736K, reserved 1179648K
  class space    used 7555K, committed 8064K, reserved 1048576K
}
Event: 139.520 GC heap before
{Heap before GC invocations=307 (full 16):
 PSYoungGen      total 39424K, used 39423K [0x00000000eab00000, 0x00000000ee300000, 0x0000000100000000)
  eden space 28160K, 100% used [0x00000000eab00000,0x00000000ec680000,0x00000000ec680000)
  from space 11264K, 99% used [0x00000000ed380000,0x00000000ede7fd30,0x00000000ede80000)
  to   space 13312K, 0% used [0x00000000ec680000,0x00000000ec680000,0x00000000ed380000)
 ParOldGen       total 203776K, used 181228K [0x00000000c0000000, 0x00000000cc700000, 0x00000000eab00000)
  object space 203776K, 88% used [0x00000000c0000000,0x00000000cb0fb140,0x00000000cc700000)
 Metaspace       used 75594K, committed 76736K, reserved 1179648K
  class space    used 7555K, committed 8064K, reserved 1048576K
}
Event: 139.541 GC heap after
{Heap after GC invocations=307 (full 16):
 PSYoungGen      total 41472K, used 12450K [0x00000000eab00000, 0x00000000ee200000, 0x0000000100000000)
  eden space 28160K, 0% used [0x00000000eab00000,0x00000000eab00000,0x00000000ec680000)
  from space 13312K, 93% used [0x00000000ec680000,0x00000000ed2a8a18,0x00000000ed380000)
  to   space 12800K, 0% used [0x00000000ed580000,0x00000000ed580000,0x00000000ee200000)
 ParOldGen       total 203776K, used 185329K [0x00000000c0000000, 0x00000000cc700000, 0x00000000eab00000)
  object space 203776K, 90% used [0x00000000c0000000,0x00000000cb4fc530,0x00000000cc700000)
 Metaspace       used 75594K, committed 76736K, reserved 1179648K
  class space    used 7555K, committed 8064K, reserved 1048576K
}

Dll operation events (11 events):
Event: 0.115 Loaded shared library c:\Users\HP\.vscode\extensions\redhat.java-1.20.0-win32-x64\jre\17.0.7-win32-x86_64\bin\java.dll
Event: 0.322 Loaded shared library c:\Users\HP\.vscode\extensions\redhat.java-1.20.0-win32-x64\jre\17.0.7-win32-x86_64\bin\zip.dll
Event: 0.326 Loaded shared library C:\Users\HP\.vscode\extensions\redhat.java-1.20.0-win32-x64\jre\17.0.7-win32-x86_64\bin\instrument.dll
Event: 0.492 Loaded shared library C:\Users\HP\.vscode\extensions\redhat.java-1.20.0-win32-x64\jre\17.0.7-win32-x86_64\bin\net.dll
Event: 0.635 Loaded shared library C:\Users\HP\.vscode\extensions\redhat.java-1.20.0-win32-x64\jre\17.0.7-win32-x86_64\bin\nio.dll
Event: 0.689 Loaded shared library C:\Users\HP\.vscode\extensions\redhat.java-1.20.0-win32-x64\jre\17.0.7-win32-x86_64\bin\zip.dll
Event: 0.783 Loaded shared library C:\Users\HP\.vscode\extensions\redhat.java-1.20.0-win32-x64\jre\17.0.7-win32-x86_64\bin\jimage.dll
Event: 1.151 Loaded shared library c:\Users\HP\.vscode\extensions\redhat.java-1.20.0-win32-x64\jre\17.0.7-win32-x86_64\bin\verify.dll
Event: 10.598 Loaded shared library C:\Users\HP\AppData\Roaming\Code\User\globalStorage\redhat.java\1.20.0\config_win\org.eclipse.equinox.launcher\org.eclipse.equinox.launcher.win32.win32.x86_64_1.2.700.v20221108-1024\eclipse_11801.dll
Event: 28.351 Loaded shared library C:\Users\HP\AppData\Local\Temp\jna-2312\jna18115940897538422272.dll
Event: 116.254 Loaded shared library C:\Users\HP\.vscode\extensions\redhat.java-1.20.0-win32-x64\jre\17.0.7-win32-x86_64\bin\sunmscapi.dll

Deoptimization events (20 events):
Event: 138.384 Thread 0x00000222b4807080 DEOPT PACKING pc=0x000002229d0e74c3 sp=0x000000537c6fda40
Event: 138.384 Thread 0x00000222b4807080 DEOPT UNPACKING pc=0x00000222a2bc6e43 sp=0x000000537c6fcf38 mode 0
Event: 138.385 Thread 0x00000222b4807080 DEOPT PACKING pc=0x000002229d0e748f sp=0x000000537c6fda40
Event: 138.385 Thread 0x00000222b4807080 DEOPT UNPACKING pc=0x00000222a2bc6e43 sp=0x000000537c6fcf38 mode 0
Event: 138.387 Thread 0x00000222b4807080 DEOPT PACKING pc=0x000002229d0e78b3 sp=0x000000537c6fda40
Event: 138.387 Thread 0x00000222b4807080 DEOPT UNPACKING pc=0x00000222a2bc6e43 sp=0x000000537c6fcf30 mode 0
Event: 138.503 Thread 0x00000222b4807080 Uncommon trap: trap_request=0xffffffc6 fr.pc=0x00000222a39653e0 relative=0x0000000000000b80
Event: 138.503 Thread 0x00000222b4807080 Uncommon trap: reason=bimorphic_or_optimized_type_check action=maybe_recompile pc=0x00000222a39653e0 method=org.eclipse.jdt.internal.compiler.parser.Parser.consumeRule(I)V @ 4435 c2
Event: 138.503 Thread 0x00000222b4807080 DEOPT PACKING pc=0x00000222a39653e0 sp=0x000000537c6fcb50
Event: 138.503 Thread 0x00000222b4807080 DEOPT UNPACKING pc=0x00000222a2bc66a3 sp=0x000000537c6fcae0 mode 2
Event: 138.617 Thread 0x00000222b4807080 Uncommon trap: trap_request=0xffffff45 fr.pc=0x00000222a37eb8d0 relative=0x0000000000002e90
Event: 138.617 Thread 0x00000222b4807080 Uncommon trap: reason=unstable_if action=reinterpret pc=0x00000222a37eb8d0 method=lombok.eclipse.EclipseAST.packageDeclaration(Lorg/eclipse/jdt/internal/compiler/ast/CompilationUnitDeclaration;)Ljava/lang/String; @ 6 c2
Event: 138.617 Thread 0x00000222b4807080 DEOPT PACKING pc=0x00000222a37eb8d0 sp=0x000000537c6fdc90
Event: 138.617 Thread 0x00000222b4807080 DEOPT UNPACKING pc=0x00000222a2bc66a3 sp=0x000000537c6fdbe0 mode 2
Event: 138.625 Thread 0x00000222b4807080 DEOPT PACKING pc=0x000002229d0e748f sp=0x000000537c6fdfa0
Event: 138.625 Thread 0x00000222b4807080 DEOPT UNPACKING pc=0x00000222a2bc6e43 sp=0x000000537c6fd498 mode 0
Event: 138.821 Thread 0x00000222b4807080 Uncommon trap: trap_request=0xffffffc6 fr.pc=0x00000222a39653e0 relative=0x0000000000000b80
Event: 138.821 Thread 0x00000222b4807080 Uncommon trap: reason=bimorphic_or_optimized_type_check action=maybe_recompile pc=0x00000222a39653e0 method=org.eclipse.jdt.internal.compiler.parser.Parser.consumeRule(I)V @ 4435 c2
Event: 138.821 Thread 0x00000222b4807080 DEOPT PACKING pc=0x00000222a39653e0 sp=0x000000537c6fccd0
Event: 138.821 Thread 0x00000222b4807080 DEOPT UNPACKING pc=0x00000222a2bc66a3 sp=0x000000537c6fcc60 mode 2

Classes unloaded (7 events):
Event: 13.650 Thread 0x00000222ac6d7750 Unloading class 0x0000000100216400 'java/lang/invoke/LambdaForm$MH+0x0000000100216400'
Event: 13.650 Thread 0x00000222ac6d7750 Unloading class 0x0000000100216000 'java/lang/invoke/LambdaForm$MH+0x0000000100216000'
Event: 13.650 Thread 0x00000222ac6d7750 Unloading class 0x0000000100215c00 'java/lang/invoke/LambdaForm$MH+0x0000000100215c00'
Event: 13.650 Thread 0x00000222ac6d7750 Unloading class 0x0000000100215800 'java/lang/invoke/LambdaForm$MH+0x0000000100215800'
Event: 13.650 Thread 0x00000222ac6d7750 Unloading class 0x0000000100215000 'java/lang/invoke/LambdaForm$BMH+0x0000000100215000'
Event: 13.650 Thread 0x00000222ac6d7750 Unloading class 0x0000000100214c00 'java/lang/invoke/LambdaForm$DMH+0x0000000100214c00'
Event: 13.650 Thread 0x00000222ac6d7750 Unloading class 0x0000000100212000 'java/lang/invoke/LambdaForm$DMH+0x0000000100212000'

Classes redefined (0 events):
No events

Internal exceptions (20 events):
Event: 137.857 Thread 0x00000222b4807080 Exception <a 'java/lang/NullPointerException'{0x00000000eb0cea68}> (0x00000000eb0cea68) 
thrown [s\src\hotspot\share\runtime\sharedRuntime.cpp, line 628]
Event: 137.857 Thread 0x00000222b4807080 Implicit null exception at 0x000002229cb57a39 to 0x000002229cb581c4
Event: 137.857 Thread 0x00000222b4807080 Exception <a 'java/lang/NullPointerException'{0x00000000eb0cffc0}> (0x00000000eb0cffc0) 
thrown [s\src\hotspot\share\runtime\sharedRuntime.cpp, line 628]
Event: 137.857 Thread 0x00000222b4807080 Implicit null exception at 0x000002229cb57a39 to 0x000002229cb581c4
Event: 137.857 Thread 0x00000222b4807080 Exception <a 'java/lang/NullPointerException'{0x00000000eb0d5fb0}> (0x00000000eb0d5fb0) 
thrown [s\src\hotspot\share\runtime\sharedRuntime.cpp, line 628]
Event: 137.857 Thread 0x00000222b4807080 Implicit null exception at 0x000002229cb57a39 to 0x000002229cb581c4
Event: 137.857 Thread 0x00000222b4807080 Exception <a 'java/lang/NullPointerException'{0x00000000eb0d7520}> (0x00000000eb0d7520) 
thrown [s\src\hotspot\share\runtime\sharedRuntime.cpp, line 628]
Event: 137.857 Thread 0x00000222b4807080 Implicit null exception at 0x000002229cb57a39 to 0x000002229cb581c4
Event: 137.857 Thread 0x00000222b4807080 Exception <a 'java/lang/NullPointerException'{0x00000000eb0dd690}> (0x00000000eb0dd690) 
thrown [s\src\hotspot\share\runtime\sharedRuntime.cpp, line 628]
Event: 137.857 Thread 0x00000222b4807080 Implicit null exception at 0x000002229cb57a39 to 0x000002229cb581c4
Event: 137.857 Thread 0x00000222b4807080 Exception <a 'java/lang/NullPointerException'{0x00000000eb0dec10}> (0x00000000eb0dec10) 
thrown [s\src\hotspot\share\runtime\sharedRuntime.cpp, line 628]
Event: 137.881 Thread 0x00000222b4807080 Implicit null exception at 0x000002229cb57a39 to 0x000002229cb581c4
Event: 137.881 Thread 0x00000222b4807080 Exception <a 'java/lang/NullPointerException'{0x00000000eb811150}> (0x00000000eb811150) 
thrown [s\src\hotspot\share\runtime\sharedRuntime.cpp, line 628]
Event: 137.881 Thread 0x00000222b4807080 Implicit null exception at 0x000002229cb57a39 to 0x000002229cb581c4
Event: 137.881 Thread 0x00000222b4807080 Exception <a 'java/lang/NullPointerException'{0x00000000eb812690}> (0x00000000eb812690) 
thrown [s\src\hotspot\share\runtime\sharedRuntime.cpp, line 628]
Event: 137.881 Thread 0x00000222b4807080 Implicit null exception at 0x000002229cb57a39 to 0x000002229cb581c4
Event: 137.881 Thread 0x00000222b4807080 Exception <a 'java/lang/NullPointerException'{0x00000000eb818048}> (0x00000000eb818048) 
thrown [s\src\hotspot\share\runtime\sharedRuntime.cpp, line 628]
Event: 137.881 Thread 0x00000222b4807080 Implicit null exception at 0x000002229cb57a39 to 0x000002229cb581c4
Event: 137.881 Thread 0x00000222b4807080 Exception <a 'java/lang/NullPointerException'{0x00000000eb819598}> (0x00000000eb819598) 
thrown [s\src\hotspot\share\runtime\sharedRuntime.cpp, line 628]
Event: 138.617 Thread 0x00000222b4807080 Implicit null exception at 0x00000222a37e93ec to 0x00000222a37eb8a8

VM Operations (20 events):
Event: 137.810 Executing VM operation: ParallelGCFailedAllocation
Event: 137.824 Executing VM operation: ParallelGCFailedAllocation done
Event: 137.913 Executing VM operation: ParallelGCFailedAllocation
Event: 137.929 Executing VM operation: ParallelGCFailedAllocation done
Event: 138.037 Executing VM operation: ParallelGCFailedAllocation
Event: 138.050 Executing VM operation: ParallelGCFailedAllocation done
Event: 138.303 Executing VM operation: ParallelGCFailedAllocation
Event: 138.320 Executing VM operation: ParallelGCFailedAllocation done
Event: 138.470 Executing VM operation: ParallelGCFailedAllocation
Event: 138.491 Executing VM operation: ParallelGCFailedAllocation done
Event: 138.639 Executing VM operation: ParallelGCFailedAllocation
Event: 138.660 Executing VM operation: ParallelGCFailedAllocation done
Event: 138.834 Executing VM operation: ParallelGCFailedAllocation
Event: 138.854 Executing VM operation: ParallelGCFailedAllocation done
Event: 139.055 Executing VM operation: ParallelGCFailedAllocation
Event: 139.069 Executing VM operation: ParallelGCFailedAllocation done
Event: 139.193 Executing VM operation: ParallelGCFailedAllocation
Event: 139.210 Executing VM operation: ParallelGCFailedAllocation done
Event: 139.520 Executing VM operation: ParallelGCFailedAllocation
Event: 139.541 Executing VM operation: ParallelGCFailedAllocation done

Events (20 events):
Event: 136.148 Thread 0x00000222ac80fd20 flushing nmethod 0x000002229d11ba90
Event: 136.148 Thread 0x00000222ac80fd20 flushing nmethod 0x000002229d180590
Event: 136.148 Thread 0x00000222ac80fd20 flushing nmethod 0x000002229d186b90
Event: 136.148 Thread 0x00000222ac80fd20 flushing nmethod 0x000002229d194110
Event: 136.148 Thread 0x00000222ac80fd20 flushing nmethod 0x000002229d196990
Event: 136.148 Thread 0x00000222ac80fd20 flushing nmethod 0x000002229d1aac90
Event: 136.148 Thread 0x00000222ac80fd20 flushing nmethod 0x000002229d1b2990
Event: 136.148 Thread 0x00000222ac80fd20 flushing nmethod 0x000002229d1bcd90
Event: 136.148 Thread 0x00000222ac80fd20 flushing nmethod 0x000002229d1cc090
Event: 136.148 Thread 0x00000222ac80fd20 flushing nmethod 0x000002229d1cc610
Event: 136.148 Thread 0x00000222ac80fd20 flushing nmethod 0x000002229d1e6d10
Event: 136.148 Thread 0x00000222ac80fd20 flushing nmethod 0x000002229d1e9e90
Event: 136.148 Thread 0x00000222ac80fd20 flushing nmethod 0x000002229d1eb610
Event: 136.148 Thread 0x00000222ac80fd20 flushing nmethod 0x000002229d1ef990
Event: 136.148 Thread 0x00000222ac80fd20 flushing nmethod 0x000002229d203b90
Event: 136.148 Thread 0x00000222ac80fd20 flushing nmethod 0x000002229d22e090
Event: 136.149 Thread 0x00000222ac80fd20 flushing nmethod 0x000002229d294710
Event: 136.149 Thread 0x00000222ac80fd20 flushing nmethod 0x000002229d294b90
Event: 136.149 Thread 0x00000222ac80fd20 flushing nmethod 0x000002229d298090
Event: 136.149 Thread 0x00000222ac80fd20 flushing nmethod 0x000002229d2acc10


Dynamic libraries:
0x00007ff7b6210000 - 0x00007ff7b621e000 	c:\Users\HP\.vscode\extensions\redhat.java-1.20.0-win32-x64\jre\17.0.7-win32-x86_64\bin\java.exe
0x00007ffe51670000 - 0x00007ffe51868000 	C:\WINDOWS\SYSTEM32\ntdll.dll
0x00007ffe50240000 - 0x00007ffe502ff000 	C:\WINDOWS\System32\KERNEL32.DLL
0x00007ffe4f340000 - 0x00007ffe4f636000 	C:\WINDOWS\System32\KERNELBASE.dll
0x00007ffe4eec0000 - 0x00007ffe4efc0000 	C:\WINDOWS\System32\ucrtbase.dll
0x00007ffe3aa10000 - 0x00007ffe3aa27000 	c:\Users\HP\.vscode\extensions\redhat.java-1.20.0-win32-x64\jre\17.0.7-win32-x86_64\bin\jli.dll
0x00007ffe4f6d0000 - 0x00007ffe4f86d000 	C:\WINDOWS\System32\USER32.dll
0x00007ffe4f270000 - 0x00007ffe4f292000 	C:\WINDOWS\System32\win32u.dll
0x00007ffe506f0000 - 0x00007ffe5071c000 	C:\WINDOWS\System32\GDI32.dll
0x00007ffe4efc0000 - 0x00007ffe4f0d5000 	C:\WINDOWS\System32\gdi32full.dll
0x00007ffe4f2a0000 - 0x00007ffe4f33d000 	C:\WINDOWS\System32\msvcp_win.dll
0x00007ffe38310000 - 0x00007ffe38329000 	c:\Users\HP\.vscode\extensions\redhat.java-1.20.0-win32-x64\jre\17.0.7-win32-x86_64\bin\VCRUNTIME140.dll
0x00007ffe32710000 - 0x00007ffe329aa000 	C:\WINDOWS\WinSxS\amd64_microsoft.windows.common-controls_6595b64144ccf1df_6.0.19041.1110_none_60b5254171f9507e\COMCTL32.dll
0x00007ffe503f0000 - 0x00007ffe5048e000 	C:\WINDOWS\System32\msvcrt.dll
0x00007ffe512e0000 - 0x00007ffe51310000 	C:\WINDOWS\System32\IMM32.DLL
0x00007ffe38300000 - 0x00007ffe3830c000 	c:\Users\HP\.vscode\extensions\redhat.java-1.20.0-win32-x64\jre\17.0.7-win32-x86_64\bin\vcruntime140_1.dll
0x00007ffe2cca0000 - 0x00007ffe2cd31000 	c:\Users\HP\.vscode\extensions\redhat.java-1.20.0-win32-x64\jre\17.0.7-win32-x86_64\bin\msvcp140.dll
0x00007ffdfc910000 - 0x00007ffdfd558000 	c:\Users\HP\.vscode\extensions\redhat.java-1.20.0-win32-x64\jre\17.0.7-win32-x86_64\bin\server\jvm.dll
0x00007ffe4ff90000 - 0x00007ffe5003f000 	C:\WINDOWS\System32\ADVAPI32.dll
0x00007ffe51590000 - 0x00007ffe5162c000 	C:\WINDOWS\System32\sechost.dll
0x00007ffe51340000 - 0x00007ffe51466000 	C:\WINDOWS\System32\RPCRT4.dll
0x00007ffe49cf0000 - 0x00007ffe49cf9000 	C:\WINDOWS\SYSTEM32\WSOCK32.dll
0x00007ffe501d0000 - 0x00007ffe5023b000 	C:\WINDOWS\System32\WS2_32.dll
0x00007ffe49d20000 - 0x00007ffe49d47000 	C:\WINDOWS\SYSTEM32\WINMM.dll
0x00007ffe492b0000 - 0x00007ffe492ba000 	C:\WINDOWS\SYSTEM32\VERSION.dll
0x00007ffe4d830000 - 0x00007ffe4d842000 	C:\WINDOWS\SYSTEM32\kernel.appcore.dll
0x00007ffe382f0000 - 0x00007ffe382fa000 	c:\Users\HP\.vscode\extensions\redhat.java-1.20.0-win32-x64\jre\17.0.7-win32-x86_64\bin\jimage.dll
0x00007ffe4d240000 - 0x00007ffe4d424000 	C:\WINDOWS\SYSTEM32\DBGHELP.DLL
0x00007ffe391c0000 - 0x00007ffe391f4000 	C:\WINDOWS\SYSTEM32\dbgcore.DLL
0x00007ffe4f640000 - 0x00007ffe4f6c2000 	C:\WINDOWS\System32\bcryptPrimitives.dll
0x00007ffe340a0000 - 0x00007ffe340ae000 	c:\Users\HP\.vscode\extensions\redhat.java-1.20.0-win32-x64\jre\17.0.7-win32-x86_64\bin\instrument.dll
0x00007ffe31c00000 - 0x00007ffe31c25000 	c:\Users\HP\.vscode\extensions\redhat.java-1.20.0-win32-x64\jre\17.0.7-win32-x86_64\bin\java.dll
0x00007ffe31be0000 - 0x00007ffe31bf8000 	c:\Users\HP\.vscode\extensions\redhat.java-1.20.0-win32-x64\jre\17.0.7-win32-x86_64\bin\zip.dll
0x00007ffe50b90000 - 0x00007ffe512d4000 	C:\WINDOWS\System32\SHELL32.dll
0x00007ffe4c980000 - 0x00007ffe4d114000 	C:\WINDOWS\SYSTEM32\windows.storage.dll
0x00007ffe4f8f0000 - 0x00007ffe4fc44000 	C:\WINDOWS\System32\combase.dll
0x00007ffe4e5e0000 - 0x00007ffe4e60e000 	C:\WINDOWS\SYSTEM32\Wldp.dll
0x00007ffe50490000 - 0x00007ffe5053d000 	C:\WINDOWS\System32\SHCORE.dll
0x00007ffe50110000 - 0x00007ffe50165000 	C:\WINDOWS\System32\shlwapi.dll
0x00007ffe4ec80000 - 0x00007ffe4eca5000 	C:\WINDOWS\SYSTEM32\profapi.dll
0x00007ffe2d1d0000 - 0x00007ffe2d1e9000 	C:\Users\HP\.vscode\extensions\redhat.java-1.20.0-win32-x64\jre\17.0.7-win32-x86_64\bin\net.dll
0x00007ffe490a0000 - 0x00007ffe491aa000 	C:\WINDOWS\SYSTEM32\WINHTTP.dll
0x00007ffe4e3c0000 - 0x00007ffe4e42a000 	C:\WINDOWS\system32\mswsock.dll
0x00007ffe2d030000 - 0x00007ffe2d045000 	C:\Users\HP\.vscode\extensions\redhat.java-1.20.0-win32-x64\jre\17.0.7-win32-x86_64\bin\nio.dll
0x00007ffe3ca40000 - 0x00007ffe3ca50000 	c:\Users\HP\.vscode\extensions\redhat.java-1.20.0-win32-x64\jre\17.0.7-win32-x86_64\bin\verify.dll
0x00007ffe2d2d0000 - 0x00007ffe2d30e000 	C:\Users\HP\AppData\Roaming\Code\User\globalStorage\redhat.java\1.20.0\config_win\org.eclipse.equinox.launcher\org.eclipse.equinox.launcher.win32.win32.x86_64_1.2.700.v20221108-1024\eclipse_11801.dll
0x00007ffe4fcb0000 - 0x00007ffe4fdda000 	C:\WINDOWS\System32\ole32.dll
0x00007ffe4e620000 - 0x00007ffe4e638000 	C:\WINDOWS\SYSTEM32\CRYPTSP.dll
0x00007ffe4dd00000 - 0x00007ffe4dd34000 	C:\WINDOWS\system32\rsaenh.dll
0x00007ffe4f240000 - 0x00007ffe4f267000 	C:\WINDOWS\System32\bcrypt.dll
0x00007ffe4ec00000 - 0x00007ffe4ec2e000 	C:\WINDOWS\SYSTEM32\USERENV.dll
0x00007ffe4e550000 - 0x00007ffe4e55c000 	C:\WINDOWS\SYSTEM32\CRYPTBASE.dll
0x00007ffe4e0d0000 - 0x00007ffe4e10c000 	C:\WINDOWS\SYSTEM32\IPHLPAPI.DLL
0x00007ffe51330000 - 0x00007ffe51338000 	C:\WINDOWS\System32\NSI.dll
0x00007ffe495b0000 - 0x00007ffe495c7000 	C:\WINDOWS\SYSTEM32\dhcpcsvc6.DLL
0x00007ffe49590000 - 0x00007ffe495ad000 	C:\WINDOWS\SYSTEM32\dhcpcsvc.DLL
0x00007ffe4e160000 - 0x00007ffe4e22a000 	C:\WINDOWS\SYSTEM32\DNSAPI.dll
0x00007ffe3b030000 - 0x00007ffe3b075000 	C:\Users\HP\AppData\Local\Temp\jna-2312\jna18115940897538422272.dll
0x00007ffe4ff80000 - 0x00007ffe4ff88000 	C:\WINDOWS\System32\PSAPI.DLL
0x00007ffe494b0000 - 0x00007ffe494be000 	C:\Users\HP\.vscode\extensions\redhat.java-1.20.0-win32-x64\jre\17.0.7-win32-x86_64\bin\sunmscapi.dll
0x00007ffe4f0e0000 - 0x00007ffe4f23e000 	C:\WINDOWS\System32\CRYPT32.dll
0x00007ffe4e6a0000 - 0x00007ffe4e6c8000 	C:\WINDOWS\SYSTEM32\ncrypt.dll
0x00007ffe4e660000 - 0x00007ffe4e69b000 	C:\WINDOWS\SYSTEM32\NTASN1.dll

dbghelp: loaded successfully - version: 4.0.5 - missing functions: none
symbol engine: initialized successfully - sym options: 0x614 - pdb path: .;c:\Users\HP\.vscode\extensions\redhat.java-1.20.0-win32-x64\jre\17.0.7-win32-x86_64\bin;C:\WINDOWS\SYSTEM32;C:\WINDOWS\WinSxS\amd64_microsoft.windows.common-controls_6595b64144ccf1df_6.0.19041.1110_none_60b5254171f9507e;c:\Users\HP\.vscode\extensions\redhat.java-1.20.0-win32-x64\jre\17.0.7-win32-x86_64\bin\server;C:\Users\HP\AppData\Roaming\Code\User\globalStorage\redhat.java\1.20.0\config_win\org.eclipse.equinox.launcher\org.eclipse.equinox.launcher.win32.win32.x86_64_1.2.700.v20221108-1024;C:\Users\HP\AppData\Local\Temp\jna-2312

VM Arguments:
jvm_args: --add-modules=ALL-SYSTEM --add-opens=java.base/java.util=ALL-UNNAMED --add-opens=java.base/java.lang=ALL-UNNAMED --add-opens=java.base/sun.nio.fs=ALL-UNNAMED -Declipse.application=org.eclipse.jdt.ls.core.id1 -Dosgi.bundles.defaultStartLevel=4 -Declipse.product=org.eclipse.jdt.ls.core.product -Djava.import.generatesMetadataFilesAtProjectRoot=false -Dfile.encoding=utf8 -XX:+UseParallelGC -XX:GCTimeRatio=4 -XX:AdaptiveSizePolicyWeight=90 -Dsun.zip.disableMemoryMapping=true -Xmx1G -Xms100m -Xlog:disable -javaagent:c:\Users\HP\.vscode\extensions\redhat.java-1.20.0-win32-x64\lombok\lombok-1.18.28.jar -XX:+HeapDumpOnOutOfMemoryError -XX:HeapDumpPath=c:\Users\HP\AppData\Roaming\Code\User\workspaceStorage\5541fb1794e4195495f0c57edcbd7686\redhat.java -Daether.dependencyCollector.impl=bf 
java_command: c:\Users\HP\.vscode\extensions\redhat.java-1.20.0-win32-x64\server\plugins\org.eclipse.equinox.launcher_1.6.500.v20230622-2056.jar -configuration c:\Users\HP\AppData\Roaming\Code\User\globalStorage\redhat.java\1.20.0\config_win -data c:\Users\HP\AppData\Roaming\Code\User\workspaceStorage\5541fb1794e4195495f0c57edcbd7686\redhat.java\jdt_ws
java_class_path (initial): c:\Users\HP\.vscode\extensions\redhat.java-1.20.0-win32-x64\server\plugins\org.eclipse.equinox.launcher_1.6.500.v20230622-2056.jar
Launcher Type: SUN_STANDARD

[Global flags]
    uintx AdaptiveSizePolicyWeight                 = 90                                        {product} {command line}
     intx CICompilerCount                          = 3                                         {product} {ergonomic}
    uintx GCTimeRatio                              = 4                                         {product} {command line}
     bool HeapDumpOnOutOfMemoryError               = true                                   {manageable} {command line}
    ccstr HeapDumpPath                             = c:\Users\HP\AppData\Roaming\Code\User\workspaceStorage\5541fb1794e4195495f0c57edcbd7686\redhat.java         {manageable} {command line}
   size_t InitialHeapSize                          = 104857600                                 {product} {command line}
   size_t MaxHeapSize                              = 1073741824                                {product} {command line}
   size_t MaxNewSize                               = 357564416                                 {product} {ergonomic}
   size_t MinHeapDeltaBytes                        = 524288                                    {product} {ergonomic}
   size_t MinHeapSize                              = 104857600                                 {product} {command line}
   size_t NewSize                                  = 34603008                                  {product} {ergonomic}
    uintx NonNMethodCodeHeapSize                   = 5832780                                {pd product} {ergonomic}
    uintx NonProfiledCodeHeapSize                  = 122912730                              {pd product} {ergonomic}
   size_t OldSize                                  = 70254592                                  {product} {ergonomic}
    uintx ProfiledCodeHeapSize                     = 122912730                              {pd product} {ergonomic}
    uintx ReservedCodeCacheSize                    = 251658240                              {pd product} {ergonomic}
     bool SegmentedCodeCache                       = true                                      {product} {ergonomic}
   size_t SoftMaxHeapSize                          = 1073741824                             {manageable} {ergonomic}
     bool UseCompressedClassPointers               = true                           {product lp64_product} {ergonomic}
     bool UseCompressedOops                        = true                           {product lp64_product} {ergonomic}
     bool UseLargePagesIndividualAllocation        = false                                  {pd product} {ergonomic}
     bool UseParallelGC                            = true                                      {product} {command line}

Logging:
Log output configuration:
 #0: stdout all=off uptime,level,tags
 #1: stderr all=off uptime,level,tags

Environment Variables:
JAVA_HOME=C:\Program Files\Java\jdk-11.0.9
PATH=C:\Program Files\Python310\Scripts\;C:\Program Files\Python310\;C:\Program Files (x86)\Common Files\Intel\Shared Libraries\redist\intel64\compiler;C:\WINDOWS\system32;C:\WINDOWS;C:\WINDOWS\System32\Wbem;C:\WINDOWS\System32\WindowsPowerShell\v1.0\;C:\WINDOWS\System32\OpenSSH\;C:\wamp64\www\scriptcase\components\php;C:\wamp64\bin\php\php7.4.26;C:\wamp64\bin\php\php7.3.25;C:\wamp64\bin\php\php7.1.29;C:\Program Files\nodejs;C:\Program Files\PuTTY\;C:\ProgramData\ComposerSetup\bin;C:\Program Files\Git\cmd;C:\Program Files (x86)\Yarn\bin\;C:\Program Files\Java\jdk-11.0.9\bin;C:\Users\HP\AppData\Local\Programs\Python\Python37;C:\Users\HP\AppData\Local\Programs\Python\Python37\Scripts;C:\Users\HP\AppData\Local\Android\flutter\bin;C:\Users\HP\AppData\Roaming\Composer\vendor\laravel\installer\bin;C:\Program Files (x86)\Bitvise SSH Client;C:\wamp64\www\apache-maven-3.8.4\bin;C:\Program Files\NetMake\v9-php73\components\php;C:\Program Files\Docker\Docker\resources\bin;C:\Program Files\nodejs\;C:\Program Files\CMake\bin;C:\Program Files\Java\jdk-11.0.19\bin;C:\Users\HP\AppData\Local\Programs\Python\Python310\Scripts\;C:\Users\HP\AppData\Local\Programs\Python\Python310\;C:\Users\HP\AppData\Local\Microsoft\WindowsApps;C:\Users\HP\AppData\Roaming\Composer\vendor\bin;C:\Users\HP\AppData\Local\Yarn\bin;C:\Program Files\heroku\bin;C:\Users\HP\AppData\Local\Programs\Microsoft VS Code\bin;C:\Users\HP\AppData\Local\GitHubDesktop\bin;C:\Users\HP\AppData\Roaming\npm;
USERNAME=HP
OS=Windows_NT
PROCESSOR_IDENTIFIER=Intel64 Family 6 Model 142 Stepping 10, GenuineIntel
TMP=C:\Users\HP\AppData\Local\Temp
TEMP=C:\Users\HP\AppData\Local\Temp



---------------  S Y S T E M  ---------------

OS:
 Windows 10 , 64 bit Build 19041 (10.0.19041.3155)
OS uptime: 0 days 22:50 hours
Hyper-V role detected

CPU: total 4 (initial active 4) (2 cores per cpu, 2 threads per core) family 6 model 142 stepping 10 microcode 0xca, cx8, cmov, fxsr, ht, mmx, 3dnowpref, sse, sse2, sse3, ssse3, sse4.1, sse4.2, popcnt, lzcnt, tsc, tscinvbit, avx, avx2, aes, erms, clmul, bmi1, bmi2, adx, fma, vzeroupper, clflush, clflushopt, hv

Memory: 4k page, system-wide physical 12199M (4070M free)
TotalPageFile size 14247M (AvailPageFile size 47M)
current process WorkingSet (physical memory assigned to process): 466M, peak: 508M
current process commit charge ("private bytes"): 486M, peak: 1011M

vm_info: OpenJDK 64-Bit Server VM (17.0.7+7) for windows-amd64 JRE (17.0.7+7), built on Apr 18 2023 22:10:42 by "temurin" with MS VC++ 16.7 (VS2019)

END.
