#
# There is insufficient memory for the Java Runtime Environment to continue.
# Native memory allocation (mmap) failed to map 267386880 bytes for G1 virtual space
# Possible reasons:
#   The system is out of physical RAM or swap space
#   The process is running with CompressedOops enabled, and the Java Heap may be blocking the growth of the native heap
# Possible solutions:
#   Reduce memory load on the system
#   Increase physical memory or swap space
#   Check if swap backing store is full
#   Decrease Java heap size (-Xmx/-Xms)
#   Decrease number of Java threads
#   Decrease Java thread stack sizes (-Xss)
#   Set larger code cache with -XX:ReservedCodeCacheSize=
#   JVM is running with Unscaled Compressed Oops mode in which the Java heap is
#     placed in the first 4GB address space. The Java Heap base address is the
#     maximum limit for the native heap growth. Please use -XX:HeapBaseMinAddress
#     to set the Java Heap base and to place the Java Heap above 4GB virtual address.
# This output file may be truncated or incomplete.
#
#  Out of Memory Error (os_windows.cpp:3559), pid=10300, tid=16352
#
# JRE version: OpenJDK Runtime Environment Temurin-17.0.7+7 (17.0.7+7) (build 17.0.7+7)
# Java VM: OpenJDK 64-Bit Server VM Temurin-17.0.7+7 (17.0.7+7, mixed mode, emulated-client, tiered, compressed oops, compressed class ptrs, g1 gc, windows-amd64)
# No core dump will be written. Minidumps are not enabled by default on client versions of Windows
#

---------------  S U M M A R Y ------------

Command Line: -XX:+HeapDumpOnOutOfMemoryError -Xmx1024m -Dsts.lsp.client=vscode -Dsts.log.file=/dev/null -XX:TieredStopAtLevel=1 -Xlog:jni+resolve=off -Dspring.config.location=file:c:\Users\HP\.vscode\extensions\vmware.vscode-spring-boot-1.47.0\language-server\BOOT-INF\classes\application.properties org.springframework.ide.vscode.boot.app.BootLanguageServerBootApp

Host: Intel(R) Core(TM) i3-8130U CPU @ 2.20GHz, 4 cores, 11G,  Windows 10 , 64 bit Build 19041 (10.0.19041.3155)
Time: Tue Jul 18 12:13:01 2023 Afr. centrale Ouest elapsed time: 64.036259 seconds (0d 0h 1m 4s)

---------------  T H R E A D  ---------------

Current thread (0x00000184d269b070):  VMThread "VM Thread" [stack: 0x00000074e3700000,0x00000074e3800000] [id=16352]

Stack: [0x00000074e3700000,0x00000074e3800000]
Native frames: (J=compiled Java code, j=interpreted, Vv=VM code, C=native code)
V  [jvm.dll+0x67754a]
V  [jvm.dll+0x834304]
V  [jvm.dll+0x835aae]
V  [jvm.dll+0x836113]
V  [jvm.dll+0x24696f]
V  [jvm.dll+0x6743f9]
V  [jvm.dll+0x668c8a]
V  [jvm.dll+0x3061bb]
V  [jvm.dll+0x30d6a6]
V  [jvm.dll+0x35cece]
V  [jvm.dll+0x35d0ff]
V  [jvm.dll+0x2dd048]
V  [jvm.dll+0x2db20c]
V  [jvm.dll+0x2da7dc]
V  [jvm.dll+0x31e6db]
V  [jvm.dll+0x83a5bb]
V  [jvm.dll+0x83b2f4]
V  [jvm.dll+0x83b80c]
V  [jvm.dll+0x83bbe4]
V  [jvm.dll+0x83bcb0]
V  [jvm.dll+0x7e4e7a]
V  [jvm.dll+0x676395]
C  [ucrtbase.dll+0x21bb2]
C  [KERNEL32.DLL+0x17614]
C  [ntdll.dll+0x526b1]

VM_Operation (0x00000074e60fe2f0): G1CollectForAllocation, mode: safepoint, requested by thread 0x00000184d84de4b0


---------------  P R O C E S S  ---------------

Threads class SMR info:
_java_thread_list=0x00000184d853d5c0, length=43, elements={
0x00000184d26ebb50, 0x00000184d26ec8d0, 0x00000184d27106f0, 0x00000184d2711470,
0x00000184d2712e40, 0x00000184d2713700, 0x00000184d285c750, 0x00000184d2860550,
0x00000184d2a68130, 0x00000184d2a6ba60, 0x00000184d8065460, 0x00000184d8197450,
0x00000184d8065c20, 0x00000184d7ec83d0, 0x00000184c81665d0, 0x00000184d82a1040,
0x00000184d82a5960, 0x00000184d82d2c40, 0x00000184d82b6060, 0x00000184d835af30,
0x00000184d835b400, 0x00000184d835aa60, 0x00000184d835b8d0, 0x00000184d835a0c0,
0x00000184d835a590, 0x00000184d84dcca0, 0x00000184d84dee50, 0x00000184d84dd170,
0x00000184d84ddfe0, 0x00000184d84121a0, 0x00000184d84df320, 0x00000184d84df7f0,
0x00000184d84dd640, 0x00000184d84e0190, 0x00000184d82cf2c0, 0x00000184d84ddb10,
0x00000184d84de4b0, 0x00000184d84de980, 0x00000184d84dc7d0, 0x00000184d84dfcc0,
0x00000184d85808c0, 0x00000184d857d8a0, 0x00000184d85803f0
}

Java Threads: ( => current thread )
  0x00000184d26ebb50 JavaThread "Reference Handler" daemon [_thread_blocked, id=4448, stack(0x00000074e3800000,0x00000074e3900000)]
  0x00000184d26ec8d0 JavaThread "Finalizer" daemon [_thread_blocked, id=15200, stack(0x00000074e3900000,0x00000074e3a00000)]
  0x00000184d27106f0 JavaThread "Signal Dispatcher" daemon [_thread_blocked, id=2032, stack(0x00000074e3a00000,0x00000074e3b00000)]
  0x00000184d2711470 JavaThread "Attach Listener" daemon [_thread_blocked, id=13620, stack(0x00000074e3b00000,0x00000074e3c00000)]
  0x00000184d2712e40 JavaThread "Service Thread" daemon [_thread_blocked, id=14792, stack(0x00000074e3c00000,0x00000074e3d00000)]
  0x00000184d2713700 JavaThread "Monitor Deflation Thread" daemon [_thread_blocked, id=12976, stack(0x00000074e3d00000,0x00000074e3e00000)]
  0x00000184d285c750 JavaThread "C1 CompilerThread0" daemon [_thread_blocked, id=14404, stack(0x00000074e3e00000,0x00000074e3f00000)]
  0x00000184d2860550 JavaThread "Sweeper thread" daemon [_thread_blocked, id=15024, stack(0x00000074e3f00000,0x00000074e4000000)]
  0x00000184d2a68130 JavaThread "Notification Thread" daemon [_thread_blocked, id=244, stack(0x00000074e4100000,0x00000074e4200000)]
  0x00000184d2a6ba60 JavaThread "Common-Cleaner" daemon [_thread_blocked, id=8948, stack(0x00000074e4300000,0x00000074e4400000)]
  0x00000184d8065460 JavaThread "boundedElastic-evictor-1" daemon [_thread_blocked, id=8672, stack(0x00000074e4600000,0x00000074e4700000)]
  0x00000184d8197450 JavaThread "boundedElastic-evictor-2" daemon [_thread_blocked, id=14680, stack(0x00000074e4700000,0x00000074e4800000)]
  0x00000184d8065c20 JavaThread "pool-10-thread-1" [_thread_blocked, id=1952, stack(0x00000074e4800000,0x00000074e4900000)]
  0x00000184d7ec83d0 JavaThread "LanguageServerApp-lifecycle" [_thread_blocked, id=15700, stack(0x00000074e4900000,0x00000074e4a00000)]
  0x00000184c81665d0 JavaThread "DestroyJavaVM" [_thread_blocked, id=14228, stack(0x00000074e3000000,0x00000074e3100000)]
  0x00000184d82a1040 JavaThread "pool-11-thread-1" [_thread_in_native, id=11340, stack(0x00000074e4a00000,0x00000074e4b00000)]
  0x00000184d82a5960 JavaThread "Simple-Language-Server main thread" daemon [_thread_blocked, id=6104, stack(0x00000074e4c00000,0x00000074e4d00000)]
  0x00000184d82d2c40 JavaThread "pool-6-thread-1" [_thread_blocked, id=1520, stack(0x00000074e4d00000,0x00000074e4e00000)]
  0x00000184d82b6060 JavaThread "ForkJoinPool.commonPool-worker-1" daemon [_thread_blocked, id=10840, stack(0x00000074e4e00000,0x00000074e4f00000)]
  0x00000184d835af30 JavaThread "parallel-1" daemon [_thread_blocked, id=14516, stack(0x00000074e4f00000,0x00000074e5000000)]
  0x00000184d835b400 JavaThread "pool-3-thread-1" [_thread_blocked, id=15532, stack(0x00000074e5000000,0x00000074e5100000)]
  0x00000184d835aa60 JavaThread "pool-3-thread-2" [_thread_blocked, id=13636, stack(0x00000074e5100000,0x00000074e5200000)]
  0x00000184d835b8d0 JavaThread "ClassGraph-worker-0" daemon [_thread_blocked, id=11216, stack(0x00000074e5200000,0x00000074e5300000)]
  0x00000184d835a0c0 JavaThread "ForkJoinPool.commonPool-worker-2" daemon [_thread_blocked, id=9556, stack(0x00000074e5300000,0x00000074e5400000)]
  0x00000184d835a590 JavaThread "pool-3-thread-3" [_thread_blocked, id=15960, stack(0x00000074e5400000,0x00000074e5500000)]
  0x00000184d84dcca0 JavaThread "pool-3-thread-4" [_thread_blocked, id=13184, stack(0x00000074e5500000,0x00000074e5600000)]
  0x00000184d84dee50 JavaThread "pool-3-thread-5" [_thread_blocked, id=4316, stack(0x00000074e5600000,0x00000074e5700000)]
  0x00000184d84dd170 JavaThread "pool-3-thread-6" [_thread_blocked, id=15544, stack(0x00000074e5700000,0x00000074e5800000)]
  0x00000184d84ddfe0 JavaThread "pool-4-thread-1" [_thread_blocked, id=11156, stack(0x00000074e5800000,0x00000074e5900000)]
  0x00000184d84121a0 JavaThread "C1 CompilerThread1" daemon [_thread_blocked, id=14156, stack(0x00000074e5900000,0x00000074e5a00000)]
  0x00000184d84df320 JavaThread "ClassGraph-worker-1" daemon [_thread_blocked, id=13220, stack(0x00000074e5a00000,0x00000074e5b00000)]
  0x00000184d84df7f0 JavaThread "ClassGraph-worker-2" daemon [_thread_blocked, id=1260, stack(0x00000074e5b00000,0x00000074e5c00000)]
  0x00000184d84dd640 JavaThread "ClassGraph-worker-3" daemon [_thread_blocked, id=16088, stack(0x00000074e5c00000,0x00000074e5d00000)]
  0x00000184d84e0190 JavaThread "ClassGraph-worker-4" daemon [_thread_blocked, id=4400, stack(0x00000074e5d00000,0x00000074e5e00000)]
  0x00000184d82cf2c0 JavaThread "C1 CompilerThread2" daemon [_thread_blocked, id=12544, stack(0x00000074e5e00000,0x00000074e5f00000)]
  0x00000184d84ddb10 JavaThread "ClassGraph-worker-5" daemon [_thread_blocked, id=15368, stack(0x00000074e5f00000,0x00000074e6000000)]
  0x00000184d84de4b0 JavaThread "ClassGraph-worker-6" daemon [_thread_blocked, id=14828, stack(0x00000074e6000000,0x00000074e6100000)]
  0x00000184d84de980 JavaThread "ClassGraph-worker-7" daemon [_thread_blocked, id=12708, stack(0x00000074e6100000,0x00000074e6200000)]
  0x00000184d84dc7d0 JavaThread "parallel-2" daemon [_thread_blocked, id=14632, stack(0x00000074e6200000,0x00000074e6300000)]
  0x00000184d84dfcc0 JavaThread "ForkJoinPool.commonPool-worker-3" daemon [_thread_blocked, id=14040, stack(0x00000074e6300000,0x00000074e6400000)]
  0x00000184d85808c0 JavaThread "pool-3-thread-7" [_thread_blocked, id=13148, stack(0x00000074e6400000,0x00000074e6500000)]
  0x00000184d857d8a0 JavaThread "pool-3-thread-8" [_thread_blocked, id=13056, stack(0x00000074e6500000,0x00000074e6600000)]
  0x00000184d85803f0 JavaThread "Project-Reconciler-1" daemon [_thread_blocked, id=3632, stack(0x00000074e6600000,0x00000074e6700000)]

Other Threads:
=>0x00000184d269b070 VMThread "VM Thread" [stack: 0x00000074e3700000,0x00000074e3800000] [id=16352]
  0x00000184d2a68600 WatcherThread [stack: 0x00000074e4200000,0x00000074e4300000] [id=15480]
  0x00000184c81a41b0 GCTaskThread "GC Thread#0" [stack: 0x00000074e3200000,0x00000074e3300000] [id=444]
  0x00000184d28d2760 GCTaskThread "GC Thread#1" [stack: 0x00000074e4000000,0x00000074e4100000] [id=9400]
  0x00000184d742c990 GCTaskThread "GC Thread#2" [stack: 0x00000074e4400000,0x00000074e4500000] [id=12540]
  0x00000184d7476e60 GCTaskThread "GC Thread#3" [stack: 0x00000074e4500000,0x00000074e4600000] [id=13732]
  0x00000184c81ad000 ConcurrentGCThread "G1 Main Marker" [stack: 0x00000074e3300000,0x00000074e3400000] [id=16140]
  0x00000184c81ae0c0 ConcurrentGCThread "G1 Conc#0" [stack: 0x00000074e3400000,0x00000074e3500000] [id=2956]
  0x00000184c822e690 ConcurrentGCThread "G1 Refine#0" [stack: 0x00000074e3500000,0x00000074e3600000] [id=16076]
  0x00000184d25420b0 ConcurrentGCThread "G1 Service" [stack: 0x00000074e3600000,0x00000074e3700000] [id=5508]

Threads with active compile tasks:

VM state: at safepoint (normal execution)

VM Mutex/Monitor currently owned by a thread:  ([mutex/lock_event])
[0x00000184c5f0c380] Threads_lock - owner thread: 0x00000184d269b070
[0x00000184c81559c0] Heap_lock - owner thread: 0x00000184d84de4b0

Heap address: 0x00000000c0000000, size: 1024 MB, Compressed Oops mode: 32-bit

CDS archive(s) not mapped
Compressed class space mapped at: 0x0000000100000000-0x0000000140000000, reserved size: 1073741824
Narrow klass base: 0x0000000000000000, Narrow klass shift: 3, Narrow klass range: 0x140000000

GC Precious Log:
 CPUs: 4 total, 4 available
 Memory: 12199M
 Large Page Support: Disabled
 NUMA Support: Disabled
 Compressed Oops: Enabled (32-bit)
 Heap Region Size: 1M
 Heap Min Capacity: 8M
 Heap Initial Capacity: 192M
 Heap Max Capacity: 1G
 Pre-touch: Disabled
 Parallel Workers: 4
 Concurrent Workers: 1
 Concurrent Refinement Workers: 4
 Periodic GC: Disabled

Heap:
 garbage-first heap   total 196608K, used 94861K [0x00000000c0000000, 0x0000000100000000)
  region size 1024K, 2 young (2048K), 2 survivors (2048K)
 Metaspace       used 51101K, committed 51648K, reserved 1114112K
  class space    used 6509K, committed 6784K, reserved 1048576K

Heap Regions: E=young(eden), S=young(survivor), O=old, HS=humongous(starts), HC=humongous(continues), CS=collection set, F=free, OA=open archive, CA=closed archive, TAMS=top-at-mark-start (previous, next)
|   0|0x00000000c0000000, 0x00000000c0100000, 0x00000000c0100000|100%|HS|  |TAMS 0x00000000c0100000, 0x00000000c0100000| Complete 
|   1|0x00000000c0100000, 0x00000000c0200000, 0x00000000c0200000|100%| O|  |TAMS 0x00000000c0200000, 0x00000000c0200000| Untracked 
|   2|0x00000000c0200000, 0x00000000c0300000, 0x00000000c0300000|100%| O|  |TAMS 0x00000000c0300000, 0x00000000c0300000| Untracked 
|   3|0x00000000c0300000, 0x00000000c0400000, 0x00000000c0400000|100%| O|  |TAMS 0x00000000c0400000, 0x00000000c0400000| Untracked 
|   4|0x00000000c0400000, 0x00000000c0500000, 0x00000000c0500000|100%| O|  |TAMS 0x00000000c0500000, 0x00000000c0500000| Untracked 
|   5|0x00000000c0500000, 0x00000000c0600000, 0x00000000c0600000|100%| O|  |TAMS 0x00000000c0600000, 0x00000000c0600000| Untracked 
|   6|0x00000000c0600000, 0x00000000c0700000, 0x00000000c0700000|100%| O|  |TAMS 0x00000000c0700000, 0x00000000c0700000| Untracked 
|   7|0x00000000c0700000, 0x00000000c0800000, 0x00000000c0800000|100%| O|  |TAMS 0x00000000c0800000, 0x00000000c0800000| Untracked 
|   8|0x00000000c0800000, 0x00000000c0900000, 0x00000000c0900000|100%| O|  |TAMS 0x00000000c0900000, 0x00000000c0900000| Untracked 
|   9|0x00000000c0900000, 0x00000000c0a00000, 0x00000000c0a00000|100%| O|  |TAMS 0x00000000c0a00000, 0x00000000c0a00000| Untracked 
|  10|0x00000000c0a00000, 0x00000000c0b00000, 0x00000000c0b00000|100%| O|  |TAMS 0x00000000c0b00000, 0x00000000c0b00000| Untracked 
|  11|0x00000000c0b00000, 0x00000000c0c00000, 0x00000000c0c00000|100%| O|  |TAMS 0x00000000c0c00000, 0x00000000c0c00000| Untracked 
|  12|0x00000000c0c00000, 0x00000000c0d00000, 0x00000000c0d00000|100%| O|  |TAMS 0x00000000c0d00000, 0x00000000c0d00000| Untracked 
|  13|0x00000000c0d00000, 0x00000000c0e00000, 0x00000000c0e00000|100%| O|  |TAMS 0x00000000c0e00000, 0x00000000c0e00000| Untracked 
|  14|0x00000000c0e00000, 0x00000000c0f00000, 0x00000000c0f00000|100%| O|  |TAMS 0x00000000c0f00000, 0x00000000c0f00000| Untracked 
|  15|0x00000000c0f00000, 0x00000000c1000000, 0x00000000c1000000|100%| O|  |TAMS 0x00000000c1000000, 0x00000000c1000000| Untracked 
|  16|0x00000000c1000000, 0x00000000c1100000, 0x00000000c1100000|100%| O|  |TAMS 0x00000000c1100000, 0x00000000c1100000| Untracked 
|  17|0x00000000c1100000, 0x00000000c1200000, 0x00000000c1200000|100%| O|  |TAMS 0x00000000c1100000, 0x00000000c1200000| Untracked 
|  18|0x00000000c1200000, 0x00000000c1300000, 0x00000000c1300000|100%| O|  |TAMS 0x00000000c1300000, 0x00000000c1300000| Untracked 
|  19|0x00000000c1300000, 0x00000000c1400000, 0x00000000c1400000|100%| O|  |TAMS 0x00000000c1400000, 0x00000000c1400000| Untracked 
|  20|0x00000000c1400000, 0x00000000c1500000, 0x00000000c1500000|100%| O|  |TAMS 0x00000000c1500000, 0x00000000c1500000| Untracked 
|  21|0x00000000c1500000, 0x00000000c1600000, 0x00000000c1600000|100%| O|  |TAMS 0x00000000c1600000, 0x00000000c1600000| Untracked 
|  22|0x00000000c1600000, 0x00000000c1700000, 0x00000000c1700000|100%| O|  |TAMS 0x00000000c1700000, 0x00000000c1700000| Untracked 
|  23|0x00000000c1700000, 0x00000000c1800000, 0x00000000c1800000|100%| O|  |TAMS 0x00000000c1800000, 0x00000000c1800000| Untracked 
|  24|0x00000000c1800000, 0x00000000c1900000, 0x00000000c1900000|100%| O|  |TAMS 0x00000000c1900000, 0x00000000c1900000| Untracked 
|  25|0x00000000c1900000, 0x00000000c1a00000, 0x00000000c1a00000|100%| O|  |TAMS 0x00000000c1a00000, 0x00000000c1a00000| Untracked 
|  26|0x00000000c1a00000, 0x00000000c1b00000, 0x00000000c1b00000|100%| O|  |TAMS 0x00000000c1b00000, 0x00000000c1b00000| Untracked 
|  27|0x00000000c1b00000, 0x00000000c1c00000, 0x00000000c1c00000|100%| O|  |TAMS 0x00000000c1c00000, 0x00000000c1c00000| Untracked 
|  28|0x00000000c1c00000, 0x00000000c1d00000, 0x00000000c1d00000|100%| O|  |TAMS 0x00000000c1d00000, 0x00000000c1d00000| Untracked 
|  29|0x00000000c1d00000, 0x00000000c1e00000, 0x00000000c1e00000|100%| O|  |TAMS 0x00000000c1e00000, 0x00000000c1e00000| Untracked 
|  30|0x00000000c1e00000, 0x00000000c1f00000, 0x00000000c1f00000|100%| O|  |TAMS 0x00000000c1f00000, 0x00000000c1f00000| Untracked 
|  31|0x00000000c1f00000, 0x00000000c2000000, 0x00000000c2000000|100%| O|  |TAMS 0x00000000c2000000, 0x00000000c2000000| Untracked 
|  32|0x00000000c2000000, 0x00000000c2100000, 0x00000000c2100000|100%| O|  |TAMS 0x00000000c2100000, 0x00000000c2100000| Untracked 
|  33|0x00000000c2100000, 0x00000000c2200000, 0x00000000c2200000|100%| O|  |TAMS 0x00000000c2200000, 0x00000000c2200000| Untracked 
|  34|0x00000000c2200000, 0x00000000c2300000, 0x00000000c2300000|100%| O|  |TAMS 0x00000000c2300000, 0x00000000c2300000| Untracked 
|  35|0x00000000c2300000, 0x00000000c2400000, 0x00000000c2400000|100%| O|  |TAMS 0x00000000c2400000, 0x00000000c2400000| Untracked 
|  36|0x00000000c2400000, 0x00000000c2500000, 0x00000000c2500000|100%| O|  |TAMS 0x00000000c2500000, 0x00000000c2500000| Untracked 
|  37|0x00000000c2500000, 0x00000000c2600000, 0x00000000c2600000|100%| O|  |TAMS 0x00000000c2600000, 0x00000000c2600000| Untracked 
|  38|0x00000000c2600000, 0x00000000c2700000, 0x00000000c2700000|100%| O|  |TAMS 0x00000000c2700000, 0x00000000c2700000| Untracked 
|  39|0x00000000c2700000, 0x00000000c2800000, 0x00000000c2800000|100%| O|  |TAMS 0x00000000c2800000, 0x00000000c2800000| Untracked 
|  40|0x00000000c2800000, 0x00000000c2900000, 0x00000000c2900000|100%| O|  |TAMS 0x00000000c2900000, 0x00000000c2900000| Untracked 
|  41|0x00000000c2900000, 0x00000000c2900000, 0x00000000c2a00000|  0%| F|  |TAMS 0x00000000c2900000, 0x00000000c2900000| Untracked 
|  42|0x00000000c2a00000, 0x00000000c2b00000, 0x00000000c2b00000|100%| O|  |TAMS 0x00000000c2b00000, 0x00000000c2b00000| Untracked 
|  43|0x00000000c2b00000, 0x00000000c2c00000, 0x00000000c2c00000|100%| O|  |TAMS 0x00000000c2c00000, 0x00000000c2c00000| Untracked 
|  44|0x00000000c2c00000, 0x00000000c2d00000, 0x00000000c2d00000|100%| O|  |TAMS 0x00000000c2d00000, 0x00000000c2d00000| Untracked 
|  45|0x00000000c2d00000, 0x00000000c2e00000, 0x00000000c2e00000|100%| O|  |TAMS 0x00000000c2e00000, 0x00000000c2e00000| Untracked 
|  46|0x00000000c2e00000, 0x00000000c2f00000, 0x00000000c2f00000|100%| O|  |TAMS 0x00000000c2f00000, 0x00000000c2f00000| Untracked 
|  47|0x00000000c2f00000, 0x00000000c3000000, 0x00000000c3000000|100%| O|  |TAMS 0x00000000c3000000, 0x00000000c3000000| Untracked 
|  48|0x00000000c3000000, 0x00000000c3100000, 0x00000000c3100000|100%| O|  |TAMS 0x00000000c3100000, 0x00000000c3100000| Untracked 
|  49|0x00000000c3100000, 0x00000000c3200000, 0x00000000c3200000|100%| O|  |TAMS 0x00000000c3200000, 0x00000000c3200000| Untracked 
|  50|0x00000000c3200000, 0x00000000c3300000, 0x00000000c3300000|100%| O|  |TAMS 0x00000000c3300000, 0x00000000c3300000| Untracked 
|  51|0x00000000c3300000, 0x00000000c3400000, 0x00000000c3400000|100%| O|  |TAMS 0x00000000c3400000, 0x00000000c3400000| Untracked 
|  52|0x00000000c3400000, 0x00000000c3500000, 0x00000000c3500000|100%| O|  |TAMS 0x00000000c3500000, 0x00000000c3500000| Untracked 
|  53|0x00000000c3500000, 0x00000000c3600000, 0x00000000c3600000|100%| O|  |TAMS 0x00000000c3600000, 0x00000000c3600000| Untracked 
|  54|0x00000000c3600000, 0x00000000c3700000, 0x00000000c3700000|100%| O|  |TAMS 0x00000000c3700000, 0x00000000c3700000| Untracked 
|  55|0x00000000c3700000, 0x00000000c3800000, 0x00000000c3800000|100%| O|  |TAMS 0x00000000c3800000, 0x00000000c3800000| Untracked 
|  56|0x00000000c3800000, 0x00000000c3900000, 0x00000000c3900000|100%| O|  |TAMS 0x00000000c3900000, 0x00000000c3900000| Untracked 
|  57|0x00000000c3900000, 0x00000000c3a00000, 0x00000000c3a00000|100%| O|  |TAMS 0x00000000c3a00000, 0x00000000c3a00000| Untracked 
|  58|0x00000000c3a00000, 0x00000000c3b00000, 0x00000000c3b00000|100%| O|  |TAMS 0x00000000c3b00000, 0x00000000c3b00000| Untracked 
|  59|0x00000000c3b00000, 0x00000000c3c00000, 0x00000000c3c00000|100%| O|  |TAMS 0x00000000c3c00000, 0x00000000c3c00000| Untracked 
|  60|0x00000000c3c00000, 0x00000000c3d00000, 0x00000000c3d00000|100%| O|  |TAMS 0x00000000c3d00000, 0x00000000c3d00000| Untracked 
|  61|0x00000000c3d00000, 0x00000000c3d00000, 0x00000000c3e00000|  0%| F|  |TAMS 0x00000000c3d00000, 0x00000000c3d00000| Untracked 
|  62|0x00000000c3e00000, 0x00000000c3f00000, 0x00000000c3f00000|100%|HS|  |TAMS 0x00000000c3f00000, 0x00000000c3f00000| Complete 
|  63|0x00000000c3f00000, 0x00000000c4000000, 0x00000000c4000000|100%| O|  |TAMS 0x00000000c4000000, 0x00000000c4000000| Untracked 
|  64|0x00000000c4000000, 0x00000000c4100000, 0x00000000c4100000|100%| O|  |TAMS 0x00000000c4100000, 0x00000000c4100000| Untracked 
|  65|0x00000000c4100000, 0x00000000c4200000, 0x00000000c4200000|100%| O|  |TAMS 0x00000000c4200000, 0x00000000c4200000| Untracked 
|  66|0x00000000c4200000, 0x00000000c4300000, 0x00000000c4300000|100%| O|  |TAMS 0x00000000c427ae00, 0x00000000c4300000| Untracked 
|  67|0x00000000c4300000, 0x00000000c4400000, 0x00000000c4400000|100%| O|  |TAMS 0x00000000c4300000, 0x00000000c4400000| Untracked 
|  68|0x00000000c4400000, 0x00000000c4500000, 0x00000000c4500000|100%| O|  |TAMS 0x00000000c4400000, 0x00000000c4500000| Untracked 
|  69|0x00000000c4500000, 0x00000000c4600000, 0x00000000c4600000|100%| O|  |TAMS 0x00000000c4500000, 0x00000000c4600000| Untracked 
|  70|0x00000000c4600000, 0x00000000c4700000, 0x00000000c4700000|100%| O|  |TAMS 0x00000000c4600000, 0x00000000c4700000| Untracked 
|  71|0x00000000c4700000, 0x00000000c4800000, 0x00000000c4800000|100%| O|  |TAMS 0x00000000c4700000, 0x00000000c4800000| Untracked 
|  72|0x00000000c4800000, 0x00000000c4900000, 0x00000000c4900000|100%|HS|  |TAMS 0x00000000c4800000, 0x00000000c4900000| Complete 
|  73|0x00000000c4900000, 0x00000000c4a00000, 0x00000000c4a00000|100%|HS|  |TAMS 0x00000000c4900000, 0x00000000c4a00000| Complete 
|  74|0x00000000c4a00000, 0x00000000c4b00000, 0x00000000c4b00000|100%| O|  |TAMS 0x00000000c4a00000, 0x00000000c4b00000| Untracked 
|  75|0x00000000c4b00000, 0x00000000c4c00000, 0x00000000c4c00000|100%| O|  |TAMS 0x00000000c4b00000, 0x00000000c4c00000| Untracked 
|  76|0x00000000c4c00000, 0x00000000c4d00000, 0x00000000c4d00000|100%| O|  |TAMS 0x00000000c4c00000, 0x00000000c4d00000| Untracked 
|  77|0x00000000c4d00000, 0x00000000c4e00000, 0x00000000c4e00000|100%| O|  |TAMS 0x00000000c4d00000, 0x00000000c4e00000| Untracked 
|  78|0x00000000c4e00000, 0x00000000c4f00000, 0x00000000c4f00000|100%| O|  |TAMS 0x00000000c4e00000, 0x00000000c4f00000| Untracked 
|  79|0x00000000c4f00000, 0x00000000c5000000, 0x00000000c5000000|100%| O|  |TAMS 0x00000000c4f00000, 0x00000000c5000000| Untracked 
|  80|0x00000000c5000000, 0x00000000c5100000, 0x00000000c5100000|100%| O|  |TAMS 0x00000000c5000000, 0x00000000c5100000| Untracked 
|  81|0x00000000c5100000, 0x00000000c5200000, 0x00000000c5200000|100%| O|  |TAMS 0x00000000c5100000, 0x00000000c5200000| Untracked 
|  82|0x00000000c5200000, 0x00000000c5300000, 0x00000000c5300000|100%| O|  |TAMS 0x00000000c5200000, 0x00000000c5300000| Untracked 
|  83|0x00000000c5300000, 0x00000000c5400000, 0x00000000c5400000|100%| O|  |TAMS 0x00000000c5300000, 0x00000000c5400000| Untracked 
|  84|0x00000000c5400000, 0x00000000c5500000, 0x00000000c5500000|100%| O|  |TAMS 0x00000000c5400000, 0x00000000c5500000| Untracked 
|  85|0x00000000c5500000, 0x00000000c5600000, 0x00000000c5600000|100%| O|  |TAMS 0x00000000c5500000, 0x00000000c5600000| Untracked 
|  86|0x00000000c5600000, 0x00000000c5700000, 0x00000000c5700000|100%| O|  |TAMS 0x00000000c5600000, 0x00000000c5700000| Untracked 
|  87|0x00000000c5700000, 0x00000000c5800000, 0x00000000c5800000|100%| O|  |TAMS 0x00000000c5700000, 0x00000000c5800000| Untracked 
|  88|0x00000000c5800000, 0x00000000c5900000, 0x00000000c5900000|100%| O|  |TAMS 0x00000000c5800000, 0x00000000c5900000| Untracked 
|  89|0x00000000c5900000, 0x00000000c5a00000, 0x00000000c5a00000|100%| O|  |TAMS 0x00000000c5900000, 0x00000000c5a00000| Untracked 
|  90|0x00000000c5a00000, 0x00000000c5b00000, 0x00000000c5b00000|100%| O|  |TAMS 0x00000000c5a00000, 0x00000000c5b00000| Untracked 
|  91|0x00000000c5b00000, 0x00000000c5c00000, 0x00000000c5c00000|100%| O|  |TAMS 0x00000000c5b00000, 0x00000000c5c00000| Untracked 
|  92|0x00000000c5c00000, 0x00000000c5d00000, 0x00000000c5d00000|100%| O|  |TAMS 0x00000000c5c00000, 0x00000000c5d00000| Untracked 
|  93|0x00000000c5d00000, 0x00000000c5d71e00, 0x00000000c5e00000| 44%| O|  |TAMS 0x00000000c5d00000, 0x00000000c5d71e00| Untracked 
|  94|0x00000000c5e00000, 0x00000000c5e00000, 0x00000000c5f00000|  0%| F|  |TAMS 0x00000000c5e00000, 0x00000000c5e00000| Untracked 
|  95|0x00000000c5f00000, 0x00000000c5f00000, 0x00000000c6000000|  0%| F|  |TAMS 0x00000000c5f00000, 0x00000000c5f00000| Untracked 
|  96|0x00000000c6000000, 0x00000000c6000000, 0x00000000c6100000|  0%| F|  |TAMS 0x00000000c6000000, 0x00000000c6000000| Untracked 
|  97|0x00000000c6100000, 0x00000000c6100000, 0x00000000c6200000|  0%| F|  |TAMS 0x00000000c6100000, 0x00000000c6100000| Untracked 
|  98|0x00000000c6200000, 0x00000000c6200000, 0x00000000c6300000|  0%| F|  |TAMS 0x00000000c6200000, 0x00000000c6200000| Untracked 
|  99|0x00000000c6300000, 0x00000000c6300000, 0x00000000c6400000|  0%| F|  |TAMS 0x00000000c6300000, 0x00000000c6300000| Untracked 
| 100|0x00000000c6400000, 0x00000000c6400000, 0x00000000c6500000|  0%| F|  |TAMS 0x00000000c6400000, 0x00000000c6400000| Untracked 
| 101|0x00000000c6500000, 0x00000000c6500000, 0x00000000c6600000|  0%| F|  |TAMS 0x00000000c6500000, 0x00000000c6500000| Untracked 
| 102|0x00000000c6600000, 0x00000000c6600000, 0x00000000c6700000|  0%| F|  |TAMS 0x00000000c6600000, 0x00000000c6600000| Untracked 
| 103|0x00000000c6700000, 0x00000000c6700000, 0x00000000c6800000|  0%| F|  |TAMS 0x00000000c6700000, 0x00000000c6700000| Untracked 
| 104|0x00000000c6800000, 0x00000000c6800000, 0x00000000c6900000|  0%| F|  |TAMS 0x00000000c6800000, 0x00000000c6800000| Untracked 
| 105|0x00000000c6900000, 0x00000000c6900000, 0x00000000c6a00000|  0%| F|  |TAMS 0x00000000c6900000, 0x00000000c6900000| Untracked 
| 106|0x00000000c6a00000, 0x00000000c6a00000, 0x00000000c6b00000|  0%| F|  |TAMS 0x00000000c6a00000, 0x00000000c6a00000| Untracked 
| 107|0x00000000c6b00000, 0x00000000c6b00000, 0x00000000c6c00000|  0%| F|  |TAMS 0x00000000c6b00000, 0x00000000c6b00000| Untracked 
| 108|0x00000000c6c00000, 0x00000000c6c00000, 0x00000000c6d00000|  0%| F|  |TAMS 0x00000000c6c00000, 0x00000000c6c00000| Untracked 
| 109|0x00000000c6d00000, 0x00000000c6d00000, 0x00000000c6e00000|  0%| F|  |TAMS 0x00000000c6d00000, 0x00000000c6d00000| Untracked 
| 110|0x00000000c6e00000, 0x00000000c6e00000, 0x00000000c6f00000|  0%| F|  |TAMS 0x00000000c6e00000, 0x00000000c6e00000| Untracked 
| 111|0x00000000c6f00000, 0x00000000c6f00000, 0x00000000c7000000|  0%| F|  |TAMS 0x00000000c6f00000, 0x00000000c6f00000| Untracked 
| 112|0x00000000c7000000, 0x00000000c7000000, 0x00000000c7100000|  0%| F|  |TAMS 0x00000000c7000000, 0x00000000c7000000| Untracked 
| 113|0x00000000c7100000, 0x00000000c7100000, 0x00000000c7200000|  0%| F|  |TAMS 0x00000000c7100000, 0x00000000c7100000| Untracked 
| 114|0x00000000c7200000, 0x00000000c7200000, 0x00000000c7300000|  0%| F|  |TAMS 0x00000000c7200000, 0x00000000c7200000| Untracked 
| 115|0x00000000c7300000, 0x00000000c7300000, 0x00000000c7400000|  0%| F|  |TAMS 0x00000000c7300000, 0x00000000c7300000| Untracked 
| 116|0x00000000c7400000, 0x00000000c7400000, 0x00000000c7500000|  0%| F|  |TAMS 0x00000000c7400000, 0x00000000c7400000| Untracked 
| 117|0x00000000c7500000, 0x00000000c7500000, 0x00000000c7600000|  0%| F|  |TAMS 0x00000000c7500000, 0x00000000c7500000| Untracked 
| 118|0x00000000c7600000, 0x00000000c7600000, 0x00000000c7700000|  0%| F|  |TAMS 0x00000000c7600000, 0x00000000c7600000| Untracked 
| 119|0x00000000c7700000, 0x00000000c7700000, 0x00000000c7800000|  0%| F|  |TAMS 0x00000000c7700000, 0x00000000c7700000| Untracked 
| 120|0x00000000c7800000, 0x00000000c7800000, 0x00000000c7900000|  0%| F|  |TAMS 0x00000000c7800000, 0x00000000c7800000| Untracked 
| 121|0x00000000c7900000, 0x00000000c7900000, 0x00000000c7a00000|  0%| F|  |TAMS 0x00000000c7900000, 0x00000000c7900000| Untracked 
| 122|0x00000000c7a00000, 0x00000000c7a00000, 0x00000000c7b00000|  0%| F|  |TAMS 0x00000000c7a00000, 0x00000000c7a00000| Untracked 
| 123|0x00000000c7b00000, 0x00000000c7b00000, 0x00000000c7c00000|  0%| F|  |TAMS 0x00000000c7b00000, 0x00000000c7b00000| Untracked 
| 124|0x00000000c7c00000, 0x00000000c7c00000, 0x00000000c7d00000|  0%| F|  |TAMS 0x00000000c7c00000, 0x00000000c7c00000| Untracked 
| 125|0x00000000c7d00000, 0x00000000c7d00000, 0x00000000c7e00000|  0%| F|  |TAMS 0x00000000c7d00000, 0x00000000c7d00000| Untracked 
| 126|0x00000000c7e00000, 0x00000000c7e31920, 0x00000000c7f00000| 19%| S|CS|TAMS 0x00000000c7e00000, 0x00000000c7e00000| Complete 
| 127|0x00000000c7f00000, 0x00000000c8000000, 0x00000000c8000000|100%| S|CS|TAMS 0x00000000c7f00000, 0x00000000c7f00000| Complete 
| 128|0x00000000c8000000, 0x00000000c8000000, 0x00000000c8100000|  0%| F|  |TAMS 0x00000000c8000000, 0x00000000c8000000| Untracked 
| 129|0x00000000c8100000, 0x00000000c8100000, 0x00000000c8200000|  0%| F|  |TAMS 0x00000000c8100000, 0x00000000c8100000| Untracked 
| 130|0x00000000c8200000, 0x00000000c8200000, 0x00000000c8300000|  0%| F|  |TAMS 0x00000000c8200000, 0x00000000c8200000| Untracked 
| 131|0x00000000c8300000, 0x00000000c8300000, 0x00000000c8400000|  0%| F|  |TAMS 0x00000000c8300000, 0x00000000c8300000| Untracked 
| 132|0x00000000c8400000, 0x00000000c8400000, 0x00000000c8500000|  0%| F|  |TAMS 0x00000000c8400000, 0x00000000c8400000| Untracked 
| 133|0x00000000c8500000, 0x00000000c8500000, 0x00000000c8600000|  0%| F|  |TAMS 0x00000000c8500000, 0x00000000c8500000| Untracked 
| 134|0x00000000c8600000, 0x00000000c8600000, 0x00000000c8700000|  0%| F|  |TAMS 0x00000000c8600000, 0x00000000c8600000| Untracked 
| 135|0x00000000c8700000, 0x00000000c8700000, 0x00000000c8800000|  0%| F|  |TAMS 0x00000000c8700000, 0x00000000c8700000| Untracked 
| 136|0x00000000c8800000, 0x00000000c8800000, 0x00000000c8900000|  0%| F|  |TAMS 0x00000000c8800000, 0x00000000c8800000| Untracked 
| 137|0x00000000c8900000, 0x00000000c8900000, 0x00000000c8a00000|  0%| F|  |TAMS 0x00000000c8900000, 0x00000000c8900000| Untracked 
| 138|0x00000000c8a00000, 0x00000000c8a00000, 0x00000000c8b00000|  0%| F|  |TAMS 0x00000000c8a00000, 0x00000000c8a00000| Untracked 
| 139|0x00000000c8b00000, 0x00000000c8b00000, 0x00000000c8c00000|  0%| F|  |TAMS 0x00000000c8b00000, 0x00000000c8b00000| Untracked 
| 140|0x00000000c8c00000, 0x00000000c8c00000, 0x00000000c8d00000|  0%| F|  |TAMS 0x00000000c8c00000, 0x00000000c8c00000| Untracked 
| 141|0x00000000c8d00000, 0x00000000c8d00000, 0x00000000c8e00000|  0%| F|  |TAMS 0x00000000c8d00000, 0x00000000c8d00000| Untracked 
| 142|0x00000000c8e00000, 0x00000000c8e00000, 0x00000000c8f00000|  0%| F|  |TAMS 0x00000000c8e00000, 0x00000000c8e00000| Untracked 
| 143|0x00000000c8f00000, 0x00000000c8f00000, 0x00000000c9000000|  0%| F|  |TAMS 0x00000000c8f00000, 0x00000000c8f00000| Untracked 
| 144|0x00000000c9000000, 0x00000000c9000000, 0x00000000c9100000|  0%| F|  |TAMS 0x00000000c9000000, 0x00000000c9000000| Untracked 
| 145|0x00000000c9100000, 0x00000000c9100000, 0x00000000c9200000|  0%| F|  |TAMS 0x00000000c9100000, 0x00000000c9100000| Untracked 
| 146|0x00000000c9200000, 0x00000000c9200000, 0x00000000c9300000|  0%| F|  |TAMS 0x00000000c9200000, 0x00000000c9200000| Untracked 
| 147|0x00000000c9300000, 0x00000000c9300000, 0x00000000c9400000|  0%| F|  |TAMS 0x00000000c9300000, 0x00000000c9300000| Untracked 
| 148|0x00000000c9400000, 0x00000000c9400000, 0x00000000c9500000|  0%| F|  |TAMS 0x00000000c9400000, 0x00000000c9400000| Untracked 
| 149|0x00000000c9500000, 0x00000000c9500000, 0x00000000c9600000|  0%| F|  |TAMS 0x00000000c9500000, 0x00000000c9500000| Untracked 
| 150|0x00000000c9600000, 0x00000000c9600000, 0x00000000c9700000|  0%| F|  |TAMS 0x00000000c9600000, 0x00000000c9600000| Untracked 
| 151|0x00000000c9700000, 0x00000000c9700000, 0x00000000c9800000|  0%| F|  |TAMS 0x00000000c9700000, 0x00000000c9700000| Untracked 
| 152|0x00000000c9800000, 0x00000000c9800000, 0x00000000c9900000|  0%| F|  |TAMS 0x00000000c9800000, 0x00000000c9800000| Untracked 
| 153|0x00000000c9900000, 0x00000000c9900000, 0x00000000c9a00000|  0%| F|  |TAMS 0x00000000c9900000, 0x00000000c9900000| Untracked 
| 154|0x00000000c9a00000, 0x00000000c9a00000, 0x00000000c9b00000|  0%| F|  |TAMS 0x00000000c9a00000, 0x00000000c9a00000| Untracked 
| 155|0x00000000c9b00000, 0x00000000c9b00000, 0x00000000c9c00000|  0%| F|  |TAMS 0x00000000c9b00000, 0x00000000c9b00000| Untracked 
| 156|0x00000000c9c00000, 0x00000000c9c00000, 0x00000000c9d00000|  0%| F|  |TAMS 0x00000000c9c00000, 0x00000000c9c00000| Untracked 
| 157|0x00000000c9d00000, 0x00000000c9d00000, 0x00000000c9e00000|  0%| F|  |TAMS 0x00000000c9d00000, 0x00000000c9d00000| Untracked 
| 158|0x00000000c9e00000, 0x00000000c9e00000, 0x00000000c9f00000|  0%| F|  |TAMS 0x00000000c9e00000, 0x00000000c9e00000| Untracked 
| 159|0x00000000c9f00000, 0x00000000c9f00000, 0x00000000ca000000|  0%| F|  |TAMS 0x00000000c9f00000, 0x00000000c9f00000| Untracked 
| 160|0x00000000ca000000, 0x00000000ca000000, 0x00000000ca100000|  0%| F|  |TAMS 0x00000000ca000000, 0x00000000ca000000| Untracked 
| 161|0x00000000ca100000, 0x00000000ca100000, 0x00000000ca200000|  0%| F|  |TAMS 0x00000000ca100000, 0x00000000ca100000| Untracked 
| 162|0x00000000ca200000, 0x00000000ca200000, 0x00000000ca300000|  0%| F|  |TAMS 0x00000000ca200000, 0x00000000ca200000| Untracked 
| 163|0x00000000ca300000, 0x00000000ca300000, 0x00000000ca400000|  0%| F|  |TAMS 0x00000000ca300000, 0x00000000ca300000| Untracked 
| 164|0x00000000ca400000, 0x00000000ca400000, 0x00000000ca500000|  0%| F|  |TAMS 0x00000000ca400000, 0x00000000ca400000| Untracked 
| 165|0x00000000ca500000, 0x00000000ca500000, 0x00000000ca600000|  0%| F|  |TAMS 0x00000000ca500000, 0x00000000ca500000| Untracked 
| 166|0x00000000ca600000, 0x00000000ca600000, 0x00000000ca700000|  0%| F|  |TAMS 0x00000000ca600000, 0x00000000ca600000| Untracked 
| 167|0x00000000ca700000, 0x00000000ca700000, 0x00000000ca800000|  0%| F|  |TAMS 0x00000000ca700000, 0x00000000ca700000| Untracked 
| 168|0x00000000ca800000, 0x00000000ca800000, 0x00000000ca900000|  0%| F|  |TAMS 0x00000000ca800000, 0x00000000ca800000| Untracked 
| 169|0x00000000ca900000, 0x00000000ca900000, 0x00000000caa00000|  0%| F|  |TAMS 0x00000000ca900000, 0x00000000ca900000| Untracked 
| 170|0x00000000caa00000, 0x00000000caa00000, 0x00000000cab00000|  0%| F|  |TAMS 0x00000000caa00000, 0x00000000caa00000| Untracked 
| 171|0x00000000cab00000, 0x00000000cab00000, 0x00000000cac00000|  0%| F|  |TAMS 0x00000000cab00000, 0x00000000cab00000| Untracked 
| 172|0x00000000cac00000, 0x00000000cac00000, 0x00000000cad00000|  0%| F|  |TAMS 0x00000000cac00000, 0x00000000cac00000| Untracked 
| 173|0x00000000cad00000, 0x00000000cad00000, 0x00000000cae00000|  0%| F|  |TAMS 0x00000000cad00000, 0x00000000cad00000| Untracked 
| 174|0x00000000cae00000, 0x00000000cae00000, 0x00000000caf00000|  0%| F|  |TAMS 0x00000000cae00000, 0x00000000cae00000| Untracked 
| 175|0x00000000caf00000, 0x00000000caf00000, 0x00000000cb000000|  0%| F|  |TAMS 0x00000000caf00000, 0x00000000caf00000| Untracked 
| 176|0x00000000cb000000, 0x00000000cb000000, 0x00000000cb100000|  0%| F|  |TAMS 0x00000000cb000000, 0x00000000cb000000| Untracked 
| 177|0x00000000cb100000, 0x00000000cb100000, 0x00000000cb200000|  0%| F|  |TAMS 0x00000000cb100000, 0x00000000cb100000| Untracked 
| 178|0x00000000cb200000, 0x00000000cb200000, 0x00000000cb300000|  0%| F|  |TAMS 0x00000000cb200000, 0x00000000cb200000| Untracked 
| 179|0x00000000cb300000, 0x00000000cb300000, 0x00000000cb400000|  0%| F|  |TAMS 0x00000000cb300000, 0x00000000cb300000| Untracked 
| 180|0x00000000cb400000, 0x00000000cb400000, 0x00000000cb500000|  0%| F|  |TAMS 0x00000000cb400000, 0x00000000cb400000| Untracked 
| 181|0x00000000cb500000, 0x00000000cb500000, 0x00000000cb600000|  0%| F|  |TAMS 0x00000000cb500000, 0x00000000cb500000| Untracked 
| 182|0x00000000cb600000, 0x00000000cb600000, 0x00000000cb700000|  0%| F|  |TAMS 0x00000000cb600000, 0x00000000cb600000| Untracked 
| 183|0x00000000cb700000, 0x00000000cb700000, 0x00000000cb800000|  0%| F|  |TAMS 0x00000000cb700000, 0x00000000cb700000| Untracked 
| 184|0x00000000cb800000, 0x00000000cb800000, 0x00000000cb900000|  0%| F|  |TAMS 0x00000000cb800000, 0x00000000cb800000| Untracked 
| 185|0x00000000cb900000, 0x00000000cb900000, 0x00000000cba00000|  0%| F|  |TAMS 0x00000000cb900000, 0x00000000cb900000| Untracked 
| 186|0x00000000cba00000, 0x00000000cba00000, 0x00000000cbb00000|  0%| F|  |TAMS 0x00000000cba00000, 0x00000000cba00000| Untracked 
| 187|0x00000000cbb00000, 0x00000000cbb00000, 0x00000000cbc00000|  0%| F|  |TAMS 0x00000000cbb00000, 0x00000000cbb00000| Untracked 
| 188|0x00000000cbc00000, 0x00000000cbc00000, 0x00000000cbd00000|  0%| F|  |TAMS 0x00000000cbc00000, 0x00000000cbc00000| Untracked 
| 189|0x00000000cbd00000, 0x00000000cbd00000, 0x00000000cbe00000|  0%| F|  |TAMS 0x00000000cbd00000, 0x00000000cbd00000| Untracked 
| 190|0x00000000cbe00000, 0x00000000cbe00000, 0x00000000cbf00000|  0%| F|  |TAMS 0x00000000cbe00000, 0x00000000cbe00000| Untracked 
| 191|0x00000000cbf00000, 0x00000000cbf00000, 0x00000000cc000000|  0%| F|  |TAMS 0x00000000cbf00000, 0x00000000cbf00000| Untracked 

Card table byte_map: [0x00000184cddf0000,0x00000184cdff0000] _byte_map_base: 0x00000184cd7f0000

Marking Bits (Prev, Next): (CMBitMap*) 0x00000184c81a46d0, (CMBitMap*) 0x00000184c81a4710
 Prev Bits: [0x00000184ce1f0000, 0x00000184cf1f0000)
 Next Bits: [0x00000184cf1f0000, 0x00000184d01f0000)

Polling page: 0x00000184c60b0000

Metaspace:

Usage:
  Non-class:     43.55 MB used.
      Class:      6.36 MB used.
       Both:     49.90 MB used.

Virtual space:
  Non-class space:       64.00 MB reserved,      43.81 MB ( 68%) committed,  1 nodes.
      Class space:        1.00 GB reserved,       6.62 MB ( <1%) committed,  1 nodes.
             Both:        1.06 GB reserved,      50.44 MB (  5%) committed. 

Chunk freelists:
   Non-Class:  3.89 MB
       Class:  9.44 MB
        Both:  13.33 MB

MaxMetaspaceSize: unlimited
CompressedClassSpaceSize: 1.00 GB
Initial GC threshold: 21.00 MB
Current GC threshold: 82.81 MB
CDS: off
MetaspaceReclaimPolicy: balanced
 - commit_granule_bytes: 65536.
 - commit_granule_words: 8192.
 - virtual_space_node_default_size: 8388608.
 - enlarge_chunks_in_place: 1.
 - new_chunks_are_fully_committed: 0.
 - uncommit_free_chunks: 1.
 - use_allocation_guard: 0.
 - handle_deallocations: 1.


Internal statistics:

num_allocs_failed_limit: 6.
num_arena_births: 538.
num_arena_deaths: 10.
num_vsnodes_births: 2.
num_vsnodes_deaths: 0.
num_space_committed: 807.
num_space_uncommitted: 0.
num_chunks_returned_to_freelist: 18.
num_chunks_taken_from_freelist: 2224.
num_chunk_merges: 7.
num_chunk_splits: 1526.
num_chunks_enlarged: 1107.
num_inconsistent_stats: 0.

CodeCache: size=49152Kb used=10102Kb max_used=10102Kb free=39049Kb
 bounds [0x00000184cadf0000, 0x00000184cb7d0000, 0x00000184cddf0000]
 total_blobs=5229 nmethods=4636 adapters=518
 compilation: enabled
              stopped_count=0, restarted_count=0
 full_count=0

Compilation events (20 events):
Event: 64.015 Thread 0x00000184d84121a0 nmethod 4646 0x00000184cb7c6b90 code [0x00000184cb7c6d20, 0x00000184cb7c6e38]
Event: 64.017 Thread 0x00000184d82cf2c0 nmethod 4644 0x00000184cb7c6e90 code [0x00000184cb7c7200, 0x00000184cb7c8068]
Event: 64.018 Thread 0x00000184d84121a0 4648       1       jdk.internal.jimage.ImageReader::findLocation (14 bytes)
Event: 64.018 Thread 0x00000184d84121a0 nmethod 4648 0x00000184cb7c8910 code [0x00000184cb7c8ac0, 0x00000184cb7c8c58]
Event: 64.018 Thread 0x00000184d82cf2c0 4649   !   1       jdk.internal.reflect.GeneratedMethodAccessor19::invoke (67 bytes)
Event: 64.018 Thread 0x00000184d82cf2c0 nmethod 4649 0x00000184cb7c8d90 code [0x00000184cb7c8f80, 0x00000184cb7c93b8]
Event: 64.019 Thread 0x00000184d285c750 4650       1       io.github.classgraph.Classfile::getConstantPoolString (7 bytes)
Event: 64.019 Thread 0x00000184d285c750 nmethod 4650 0x00000184cb7c9690 code [0x00000184cb7c9820, 0x00000184cb7c9908]
Event: 64.022 Thread 0x00000184d82cf2c0 4651       1       nonapi.io.github.classgraph.utils.ProxyingInputStream::read (11 bytes)
Event: 64.022 Thread 0x00000184d82cf2c0 nmethod 4651 0x00000184cb7c9990 code [0x00000184cb7c9b20, 0x00000184cb7c9c08]
Event: 64.022 Thread 0x00000184d285c750 4652       1       jdk.internal.module.SystemModuleFinders$SystemModuleReader::open (15 bytes)
Event: 64.023 Thread 0x00000184d285c750 nmethod 4652 0x00000184cb7c9c90 code [0x00000184cb7c9ea0, 0x00000184cb7ca468]
Event: 64.023 Thread 0x00000184d285c750 4655       1       io.github.classgraph.Classfile::extendScanningUpwards (585 bytes)
Event: 64.024 Thread 0x00000184d82cf2c0 4654       1       io.github.classgraph.Classfile::readInterfaces (63 bytes)
Event: 64.024 Thread 0x00000184d84121a0 4656   !   1       nonapi.io.github.classgraph.fileslice.reader.ClassfileReader::close (43 bytes)
Event: 64.024 Thread 0x00000184d84121a0 nmethod 4656 0x00000184cb7ca790 code [0x00000184cb7ca940, 0x00000184cb7cab18]
Event: 64.024 Thread 0x00000184d84121a0 4653   !   1       jdk.internal.module.SystemModuleFinders$SystemModuleReader::toInputStream (43 bytes)
Event: 64.025 Thread 0x00000184d82cf2c0 nmethod 4654 0x00000184cb7cac10 code [0x00000184cb7cade0, 0x00000184cb7cb0f8]
Event: 64.025 Thread 0x00000184d285c750 nmethod 4655 0x00000184cb7cb290 code [0x00000184cb7cb700, 0x00000184cb7cc608]
Event: 64.025 Thread 0x00000184d84121a0 nmethod 4653 0x00000184cb7cd190 code [0x00000184cb7cd380, 0x00000184cb7cd8a8]

GC Heap History (20 events):
Event: 60.079 GC heap after
{Heap after GC invocations=18 (full 0):
 garbage-first heap   total 68608K, used 38858K [0x00000000c0000000, 0x0000000100000000)
  region size 1024K, 3 young (3072K), 3 survivors (3072K)
 Metaspace       used 42117K, committed 42624K, reserved 1114112K
  class space    used 5461K, committed 5696K, reserved 1048576K
}
Event: 60.296 GC heap before
{Heap before GC invocations=19 (full 0):
 garbage-first heap   total 73728K, used 52170K [0x00000000c0000000, 0x0000000100000000)
  region size 1024K, 17 young (17408K), 3 survivors (3072K)
 Metaspace       used 43141K, committed 43584K, reserved 1114112K
  class space    used 5564K, committed 5760K, reserved 1048576K
}
Event: 60.301 GC heap after
{Heap after GC invocations=20 (full 0):
 garbage-first heap   total 73728K, used 41911K [0x00000000c0000000, 0x0000000100000000)
  region size 1024K, 3 young (3072K), 3 survivors (3072K)
 Metaspace       used 43141K, committed 43584K, reserved 1114112K
  class space    used 5564K, committed 5760K, reserved 1048576K
}
Event: 60.306 GC heap before
{Heap before GC invocations=20 (full 0):
 garbage-first heap   total 73728K, used 42935K [0x00000000c0000000, 0x0000000100000000)
  region size 1024K, 4 young (4096K), 3 survivors (3072K)
 Metaspace       used 43141K, committed 43584K, reserved 1114112K
  class space    used 5564K, committed 5760K, reserved 1048576K
}
Event: 60.311 GC heap after
{Heap after GC invocations=21 (full 0):
 garbage-first heap   total 73728K, used 41962K [0x00000000c0000000, 0x0000000100000000)
  region size 1024K, 1 young (1024K), 1 survivors (1024K)
 Metaspace       used 43141K, committed 43584K, reserved 1114112K
  class space    used 5564K, committed 5760K, reserved 1048576K
}
Event: 60.486 GC heap before
{Heap before GC invocations=21 (full 0):
 garbage-first heap   total 73728K, used 56298K [0x00000000c0000000, 0x0000000100000000)
  region size 1024K, 15 young (15360K), 1 survivors (1024K)
 Metaspace       used 43356K, committed 43840K, reserved 1114112K
  class space    used 5590K, committed 5824K, reserved 1048576K
}
Event: 60.492 GC heap after
{Heap after GC invocations=22 (full 0):
 garbage-first heap   total 177152K, used 44159K [0x00000000c0000000, 0x0000000100000000)
  region size 1024K, 2 young (2048K), 2 survivors (2048K)
 Metaspace       used 43356K, committed 43840K, reserved 1114112K
  class space    used 5590K, committed 5824K, reserved 1048576K
}
Event: 61.512 GC heap before
{Heap before GC invocations=23 (full 0):
 garbage-first heap   total 157696K, used 124031K [0x00000000c0000000, 0x0000000100000000)
  region size 1024K, 81 young (82944K), 2 survivors (2048K)
 Metaspace       used 44496K, committed 44928K, reserved 1114112K
  class space    used 5751K, committed 5952K, reserved 1048576K
}
Event: 61.536 GC heap after
{Heap after GC invocations=24 (full 0):
 garbage-first heap   total 157696K, used 62408K [0x00000000c0000000, 0x0000000100000000)
  region size 1024K, 11 young (11264K), 11 survivors (11264K)
 Metaspace       used 44496K, committed 44928K, reserved 1114112K
  class space    used 5751K, committed 5952K, reserved 1048576K
}
Event: 61.550 GC heap before
{Heap before GC invocations=24 (full 0):
 garbage-first heap   total 157696K, used 63432K [0x00000000c0000000, 0x0000000100000000)
  region size 1024K, 12 young (12288K), 11 survivors (11264K)
 Metaspace       used 44764K, committed 45184K, reserved 1114112K
  class space    used 5758K, committed 5952K, reserved 1048576K
}
Event: 61.562 GC heap after
{Heap after GC invocations=25 (full 0):
 garbage-first heap   total 157696K, used 64476K [0x00000000c0000000, 0x0000000100000000)
  region size 1024K, 2 young (2048K), 2 survivors (2048K)
 Metaspace       used 44764K, committed 45184K, reserved 1114112K
  class space    used 5758K, committed 5952K, reserved 1048576K
}
Event: 62.983 GC heap before
{Heap before GC invocations=25 (full 0):
 garbage-first heap   total 157696K, used 110556K [0x00000000c0000000, 0x0000000100000000)
  region size 1024K, 46 young (47104K), 2 survivors (2048K)
 Metaspace       used 49838K, committed 50304K, reserved 1114112K
  class space    used 6357K, committed 6528K, reserved 1048576K
}
Event: 62.987 GC heap after
{Heap after GC invocations=26 (full 0):
 garbage-first heap   total 157696K, used 73195K [0x00000000c0000000, 0x0000000100000000)
  region size 1024K, 6 young (6144K), 6 survivors (6144K)
 Metaspace       used 49838K, committed 50304K, reserved 1114112K
  class space    used 6357K, committed 6528K, reserved 1048576K
}
Event: 63.130 GC heap before
{Heap before GC invocations=26 (full 0):
 garbage-first heap   total 157696K, used 79339K [0x00000000c0000000, 0x0000000100000000)
  region size 1024K, 13 young (13312K), 6 survivors (6144K)
 Metaspace       used 50155K, committed 50624K, reserved 1114112K
  class space    used 6395K, committed 6592K, reserved 1048576K
}
Event: 63.135 GC heap after
{Heap after GC invocations=27 (full 0):
 garbage-first heap   total 157696K, used 75861K [0x00000000c0000000, 0x0000000100000000)
  region size 1024K, 3 young (3072K), 3 survivors (3072K)
 Metaspace       used 50155K, committed 50624K, reserved 1114112K
  class space    used 6395K, committed 6592K, reserved 1048576K
}
Event: 63.931 GC heap before
{Heap before GC invocations=28 (full 0):
 garbage-first heap   total 157696K, used 118869K [0x00000000c0000000, 0x0000000100000000)
  region size 1024K, 44 young (45056K), 3 survivors (3072K)
 Metaspace       used 51078K, committed 51648K, reserved 1114112K
  class space    used 6502K, committed 6784K, reserved 1048576K
}
Event: 63.963 GC heap after
{Heap after GC invocations=29 (full 0):
 garbage-first heap   total 157696K, used 93534K [0x00000000c0000000, 0x0000000100000000)
  region size 1024K, 6 young (6144K), 6 survivors (6144K)
 Metaspace       used 51078K, committed 51648K, reserved 1114112K
  class space    used 6502K, committed 6784K, reserved 1048576K
}
Event: 63.974 GC heap before
{Heap before GC invocations=29 (full 0):
 garbage-first heap   total 157696K, used 94558K [0x00000000c0000000, 0x0000000100000000)
  region size 1024K, 7 young (7168K), 6 survivors (6144K)
 Metaspace       used 51078K, committed 51648K, reserved 1114112K
  class space    used 6502K, committed 6784K, reserved 1048576K
}
Event: 63.987 GC heap after
{Heap after GC invocations=30 (full 0):
 garbage-first heap   total 157696K, used 94661K [0x00000000c0000000, 0x0000000100000000)
  region size 1024K, 1 young (1024K), 1 survivors (1024K)
 Metaspace       used 51078K, committed 51648K, reserved 1114112K
  class space    used 6502K, committed 6784K, reserved 1048576K
}
Event: 64.031 GC heap before
{Heap before GC invocations=30 (full 0):
 garbage-first heap   total 157696K, used 119237K [0x00000000c0000000, 0x0000000100000000)
  region size 1024K, 26 young (26624K), 1 survivors (1024K)
 Metaspace       used 51101K, committed 51648K, reserved 1114112K
  class space    used 6509K, committed 6784K, reserved 1048576K
}

Dll operation events (7 events):
Event: 0.167 Loaded shared library c:\Users\HP\.vscode\extensions\redhat.java-1.20.0-win32-x64\jre\17.0.7-win32-x86_64\bin\java.dll
Event: 6.112 Loaded shared library C:\Users\HP\.vscode\extensions\redhat.java-1.20.0-win32-x64\jre\17.0.7-win32-x86_64\bin\net.dll
Event: 6.117 Loaded shared library C:\Users\HP\.vscode\extensions\redhat.java-1.20.0-win32-x64\jre\17.0.7-win32-x86_64\bin\nio.dll
Event: 6.143 Loaded shared library C:\Users\HP\.vscode\extensions\redhat.java-1.20.0-win32-x64\jre\17.0.7-win32-x86_64\bin\zip.dll
Event: 10.937 Loaded shared library C:\Users\HP\.vscode\extensions\redhat.java-1.20.0-win32-x64\jre\17.0.7-win32-x86_64\bin\jimage.dll
Event: 51.751 Loaded shared library C:\Users\HP\.vscode\extensions\redhat.java-1.20.0-win32-x64\jre\17.0.7-win32-x86_64\bin\management.dll
Event: 51.754 Loaded shared library C:\Users\HP\.vscode\extensions\redhat.java-1.20.0-win32-x64\jre\17.0.7-win32-x86_64\bin\management_ext.dll

Deoptimization events (10 events):
Event: 34.689 Thread 0x00000184c81665d0 DEOPT PACKING pc=0x00000184cb35df99 sp=0x00000074e30fd330
Event: 34.689 Thread 0x00000184c81665d0 DEOPT UNPACKING pc=0x00000184cae47143 sp=0x00000074e30fc810 mode 3
Event: 54.463 Thread 0x00000184d82a5960 DEOPT PACKING pc=0x00000184cb448fb5 sp=0x00000074e4cfd0f0
Event: 54.463 Thread 0x00000184d82a5960 DEOPT UNPACKING pc=0x00000184cae47143 sp=0x00000074e4cfc618 mode 3
Event: 54.513 Thread 0x00000184d82a1040 DEOPT PACKING pc=0x00000184cb27d081 sp=0x00000074e4afdd90
Event: 54.513 Thread 0x00000184d82a1040 DEOPT UNPACKING pc=0x00000184cae47143 sp=0x00000074e4afd220 mode 3
Event: 54.520 Thread 0x00000184d82a5960 DEOPT PACKING pc=0x00000184cb25b017 sp=0x00000074e4cfed90
Event: 54.520 Thread 0x00000184d82a5960 DEOPT UNPACKING pc=0x00000184cae47143 sp=0x00000074e4cfe1e8 mode 3
Event: 55.966 Thread 0x00000184d82b6060 DEOPT PACKING pc=0x00000184cb42942b sp=0x00000074e4efe420
Event: 55.966 Thread 0x00000184d82b6060 DEOPT UNPACKING pc=0x00000184cae47143 sp=0x00000074e4efd968 mode 3

Classes unloaded (5 events):
Event: 59.748 Thread 0x00000184d269b070 Unloading class 0x0000000100310400 'java/lang/invoke/LambdaForm$DMH+0x0000000100310400'
Event: 59.748 Thread 0x00000184d269b070 Unloading class 0x0000000100221400 'java/lang/invoke/LambdaForm$MH+0x0000000100221400'
Event: 59.748 Thread 0x00000184d269b070 Unloading class 0x0000000100215000 'java/lang/invoke/LambdaForm$DMH+0x0000000100215000'
Event: 60.170 Thread 0x00000184d269b070 Unloading class 0x0000000100552c00 'java/lang/invoke/LambdaForm$MH+0x0000000100552c00'
Event: 60.170 Thread 0x00000184d269b070 Unloading class 0x0000000100552800 'java/lang/invoke/LambdaForm$DMH+0x0000000100552800'

Classes redefined (0 events):
No events

Internal exceptions (20 events):
Event: 57.400 Thread 0x00000184d835b8d0 Exception <a 'sun/nio/fs/WindowsException'{0x00000000ca1158a8}> (0x00000000ca1158a8) 
thrown [s\src\hotspot\share\prims\jni.cpp, line 516]
Event: 57.400 Thread 0x00000184d835b8d0 Exception <a 'sun/nio/fs/WindowsException'{0x00000000ca115c88}> (0x00000000ca115c88) 
thrown [s\src\hotspot\share\prims\jni.cpp, line 516]
Event: 57.400 Thread 0x00000184d835b8d0 Exception <a 'sun/nio/fs/WindowsException'{0x00000000ca116690}> (0x00000000ca116690) 
thrown [s\src\hotspot\share\prims\jni.cpp, line 516]
Event: 57.400 Thread 0x00000184d835b8d0 Exception <a 'sun/nio/fs/WindowsException'{0x00000000ca116a68}> (0x00000000ca116a68) 
thrown [s\src\hotspot\share\prims\jni.cpp, line 516]
Event: 59.188 Thread 0x00000184d84dcca0 Exception <a 'java/lang/NoSuchMethodError'{0x00000000ca0001e8}: 'java.lang.Object java.lang.invoke.DirectMethodHandle$Holder.newInvokeSpecial(java.lang.Object, java.lang.Object, java.lang.Object, java.lang.Object, java.lang.Object, java.lang.Object, java.lang.Object)'> (0x00000000ca0001e8) 
thrown [s\src\hotspot\share\interpreter\linkResolver.cpp, line 759]
Event: 59.189 Thread 0x00000184d84dcca0 Exception <a 'java/lang/NoSuchMethodError'{0x00000000ca004b10}: 'java.lang.Object java.lang.invoke.Invokers$Holder.linkToTargetMethod(java.lang.Object, java.lang.Object, java.lang.Object, java.lang.Object, java.lang.Object, java.lang.Object, java.lang.Object)'> (0x00000000ca004b10) 
thrown [s\src\hotspot\share\interpreter\linkResolver.cpp, line 759]
Event: 59.189 Thread 0x00000184d85808c0 Exception <a 'java/lang/NoSuchMethodError'{0x00000000ca00b240}: 'java.lang.Object java.lang.invoke.DirectMethodHandle$Holder.newInvokeSpecial(java.lang.Object, java.lang.Object, java.lang.Object, java.lang.Object, java.lang.Object, java.lang.Object, java.lang.Object)'> (0x00000000ca00b240) 
thrown [s\src\hotspot\share\interpreter\linkResolver.cpp, line 759]
Event: 59.190 Thread 0x00000184d85808c0 Exception <a 'java/lang/NoSuchMethodError'{0x00000000ca00f658}: 'java.lang.Object java.lang.invoke.Invokers$Holder.linkToTargetMethod(java.lang.Object, java.lang.Object, java.lang.Object, java.lang.Object, java.lang.Object, java.lang.Object, java.lang.Object)'> (0x00000000ca00f658) 
thrown [s\src\hotspot\share\interpreter\linkResolver.cpp, line 759]
Event: 59.208 Thread 0x00000184d84ddfe0 Exception <a 'sun/nio/fs/WindowsException'{0x00000000c9e458b0}> (0x00000000c9e458b0) 
thrown [s\src\hotspot\share\prims\jni.cpp, line 516]
Event: 60.013 Thread 0x00000184d84df7f0 Exception <a 'sun/nio/fs/WindowsException'{0x00000000c34a1e70}> (0x00000000c34a1e70) 
thrown [s\src\hotspot\share\prims\jni.cpp, line 516]
Event: 60.018 Thread 0x00000184d84df7f0 Exception <a 'sun/nio/fs/WindowsException'{0x00000000c34a45d8}> (0x00000000c34a45d8) 
thrown [s\src\hotspot\share\prims\jni.cpp, line 516]
Event: 60.025 Thread 0x00000184d84de980 Exception <a 'sun/nio/fs/WindowsException'{0x00000000c3361108}> (0x00000000c3361108) 
thrown [s\src\hotspot\share\prims\jni.cpp, line 516]
Event: 60.131 Thread 0x00000184d84df320 Exception <a 'sun/nio/fs/WindowsException'{0x00000000c9f782b8}> (0x00000000c9f782b8) 
thrown [s\src\hotspot\share\prims\jni.cpp, line 516]
Event: 60.131 Thread 0x00000184d84df7f0 Exception <a 'sun/nio/fs/WindowsException'{0x00000000c9f7f990}> (0x00000000c9f7f990) 
thrown [s\src\hotspot\share\prims\jni.cpp, line 516]
Event: 60.228 Thread 0x00000184d84e0190 Exception <a 'sun/nio/fs/WindowsException'{0x00000000c9f74798}> (0x00000000c9f74798) 
thrown [s\src\hotspot\share\prims\jni.cpp, line 516]
Event: 60.726 Thread 0x00000184d835a0c0 Exception <a 'java/lang/NoSuchMethodError'{0x00000000c955d360}: 'java.lang.Object java.lang.invoke.Invokers$Holder.invoke_MT(java.lang.Object, java.lang.Object, java.lang.Object)'> (0x00000000c955d360) 
thrown [s\src\hotspot\share\interpreter\linkResolver.cpp, line 759]
Event: 62.741 Thread 0x00000184d84dfcc0 Exception <a 'sun/nio/fs/WindowsException'{0x00000000c71a3850}> (0x00000000c71a3850) 
thrown [s\src\hotspot\share\prims\jni.cpp, line 516]
Event: 62.742 Thread 0x00000184d84dfcc0 Exception <a 'sun/nio/fs/WindowsException'{0x00000000c71a3bd0}> (0x00000000c71a3bd0) 
thrown [s\src\hotspot\share\prims\jni.cpp, line 516]
Event: 62.894 Thread 0x00000184d84dfcc0 Exception <a 'sun/nio/fs/WindowsException'{0x00000000c6ca3958}> (0x00000000c6ca3958) 
thrown [s\src\hotspot\share\prims\jni.cpp, line 516]
Event: 62.894 Thread 0x00000184d84dfcc0 Exception <a 'sun/nio/fs/WindowsException'{0x00000000c6ca4588}> (0x00000000c6ca4588) 
thrown [s\src\hotspot\share\prims\jni.cpp, line 516]

VM Operations (20 events):
Event: 61.562 Executing VM operation: G1CollectForAllocation done
Event: 62.563 Executing VM operation: Cleanup
Event: 62.656 Executing VM operation: Cleanup done
Event: 62.959 Executing VM operation: G1CollectForAllocation
Event: 62.997 Executing VM operation: G1CollectForAllocation done
Event: 63.130 Executing VM operation: G1TryInitiateConcMark
Event: 63.137 Executing VM operation: G1TryInitiateConcMark done
Event: 63.346 Executing VM operation: G1Concurrent
Event: 63.409 Executing VM operation: G1Concurrent done
Event: 63.544 Executing VM operation: G1Concurrent
Event: 63.544 Executing VM operation: G1Concurrent done
Event: 63.920 Executing VM operation: G1CollectForAllocation
Event: 63.969 Executing VM operation: G1CollectForAllocation done
Event: 63.974 Executing VM operation: G1CollectForAllocation
Event: 63.987 Executing VM operation: G1CollectForAllocation done
Event: 64.029 Executing VM operation: HandshakeAllThreads
Event: 64.030 Executing VM operation: HandshakeAllThreads done
Event: 64.031 Executing VM operation: G1CollectForAllocation
Event: 64.031 Executing VM operation: G1CollectForAllocation done
Event: 64.031 Executing VM operation: G1CollectForAllocation

Events (20 events):
Event: 62.884 loading class java/nio/file/attribute/AclFileAttributeView
Event: 62.884 loading class java/nio/file/attribute/FileOwnerAttributeView
Event: 62.884 loading class java/nio/file/attribute/FileOwnerAttributeView done
Event: 62.884 loading class java/nio/file/attribute/AclFileAttributeView done
Event: 62.884 loading class sun/nio/fs/AbstractAclFileAttributeView done
Event: 62.884 loading class sun/nio/fs/WindowsAclFileAttributeView done
Event: 62.885 loading class sun/nio/fs/WindowsSecurity
Event: 62.885 loading class sun/nio/fs/WindowsSecurity done
Event: 62.885 loading class sun/nio/fs/WindowsFileStore
Event: 62.885 loading class sun/nio/fs/WindowsFileStore done
Event: 63.805 loading class java/lang/ThreadLocal$SuppliedThreadLocal
Event: 63.806 loading class java/lang/ThreadLocal$SuppliedThreadLocal done
Event: 63.832 loading class sun/nio/cs/ThreadLocalCoders
Event: 63.832 loading class sun/nio/cs/ThreadLocalCoders done
Event: 63.832 loading class sun/nio/cs/ThreadLocalCoders$1
Event: 63.833 loading class sun/nio/cs/ThreadLocalCoders$Cache
Event: 63.833 loading class sun/nio/cs/ThreadLocalCoders$Cache done
Event: 63.833 loading class sun/nio/cs/ThreadLocalCoders$1 done
Event: 63.833 loading class sun/nio/cs/ThreadLocalCoders$2
Event: 63.833 loading class sun/nio/cs/ThreadLocalCoders$2 done


Dynamic libraries:
0x00007ff7b6210000 - 0x00007ff7b621e000 	c:\Users\HP\.vscode\extensions\redhat.java-1.20.0-win32-x64\jre\17.0.7-win32-x86_64\bin\java.exe
0x00007ffe51670000 - 0x00007ffe51868000 	C:\WINDOWS\SYSTEM32\ntdll.dll
0x00007ffe50240000 - 0x00007ffe502ff000 	C:\WINDOWS\System32\KERNEL32.DLL
0x00007ffe4f340000 - 0x00007ffe4f636000 	C:\WINDOWS\System32\KERNELBASE.dll
0x00007ffe4eec0000 - 0x00007ffe4efc0000 	C:\WINDOWS\System32\ucrtbase.dll
0x00007ffe3aa10000 - 0x00007ffe3aa27000 	c:\Users\HP\.vscode\extensions\redhat.java-1.20.0-win32-x64\jre\17.0.7-win32-x86_64\bin\jli.dll
0x00007ffe4f6d0000 - 0x00007ffe4f86d000 	C:\WINDOWS\System32\USER32.dll
0x00007ffe4f270000 - 0x00007ffe4f292000 	C:\WINDOWS\System32\win32u.dll
0x00007ffe506f0000 - 0x00007ffe5071c000 	C:\WINDOWS\System32\GDI32.dll
0x00007ffe4efc0000 - 0x00007ffe4f0d5000 	C:\WINDOWS\System32\gdi32full.dll
0x00007ffe4f2a0000 - 0x00007ffe4f33d000 	C:\WINDOWS\System32\msvcp_win.dll
0x00007ffe38310000 - 0x00007ffe38329000 	c:\Users\HP\.vscode\extensions\redhat.java-1.20.0-win32-x64\jre\17.0.7-win32-x86_64\bin\VCRUNTIME140.dll
0x00007ffe32710000 - 0x00007ffe329aa000 	C:\WINDOWS\WinSxS\amd64_microsoft.windows.common-controls_6595b64144ccf1df_6.0.19041.1110_none_60b5254171f9507e\COMCTL32.dll
0x00007ffe503f0000 - 0x00007ffe5048e000 	C:\WINDOWS\System32\msvcrt.dll
0x00007ffe512e0000 - 0x00007ffe51310000 	C:\WINDOWS\System32\IMM32.DLL
0x00007ffe38300000 - 0x00007ffe3830c000 	c:\Users\HP\.vscode\extensions\redhat.java-1.20.0-win32-x64\jre\17.0.7-win32-x86_64\bin\vcruntime140_1.dll
0x00007ffe2cca0000 - 0x00007ffe2cd31000 	c:\Users\HP\.vscode\extensions\redhat.java-1.20.0-win32-x64\jre\17.0.7-win32-x86_64\bin\msvcp140.dll
0x00007ffdfc910000 - 0x00007ffdfd558000 	c:\Users\HP\.vscode\extensions\redhat.java-1.20.0-win32-x64\jre\17.0.7-win32-x86_64\bin\server\jvm.dll
0x00007ffe4ff90000 - 0x00007ffe5003f000 	C:\WINDOWS\System32\ADVAPI32.dll
0x00007ffe51590000 - 0x00007ffe5162c000 	C:\WINDOWS\System32\sechost.dll
0x00007ffe51340000 - 0x00007ffe51466000 	C:\WINDOWS\System32\RPCRT4.dll
0x00007ffe49cf0000 - 0x00007ffe49cf9000 	C:\WINDOWS\SYSTEM32\WSOCK32.dll
0x00007ffe501d0000 - 0x00007ffe5023b000 	C:\WINDOWS\System32\WS2_32.dll
0x00007ffe49d20000 - 0x00007ffe49d47000 	C:\WINDOWS\SYSTEM32\WINMM.dll
0x00007ffe492b0000 - 0x00007ffe492ba000 	C:\WINDOWS\SYSTEM32\VERSION.dll
0x00007ffe4d830000 - 0x00007ffe4d842000 	C:\WINDOWS\SYSTEM32\kernel.appcore.dll
0x00007ffe382f0000 - 0x00007ffe382fa000 	c:\Users\HP\.vscode\extensions\redhat.java-1.20.0-win32-x64\jre\17.0.7-win32-x86_64\bin\jimage.dll
0x00007ffe4d240000 - 0x00007ffe4d424000 	C:\WINDOWS\SYSTEM32\DBGHELP.DLL
0x00007ffe391c0000 - 0x00007ffe391f4000 	C:\WINDOWS\SYSTEM32\dbgcore.DLL
0x00007ffe4f640000 - 0x00007ffe4f6c2000 	C:\WINDOWS\System32\bcryptPrimitives.dll
0x00007ffe31c00000 - 0x00007ffe31c25000 	c:\Users\HP\.vscode\extensions\redhat.java-1.20.0-win32-x64\jre\17.0.7-win32-x86_64\bin\java.dll
0x00007ffe31be0000 - 0x00007ffe31bf8000 	c:\Users\HP\.vscode\extensions\redhat.java-1.20.0-win32-x64\jre\17.0.7-win32-x86_64\bin\zip.dll
0x00007ffe50b90000 - 0x00007ffe512d4000 	C:\WINDOWS\System32\SHELL32.dll
0x00007ffe4c980000 - 0x00007ffe4d114000 	C:\WINDOWS\SYSTEM32\windows.storage.dll
0x00007ffe4f8f0000 - 0x00007ffe4fc44000 	C:\WINDOWS\System32\combase.dll
0x00007ffe4e5e0000 - 0x00007ffe4e60e000 	C:\WINDOWS\SYSTEM32\Wldp.dll
0x00007ffe50490000 - 0x00007ffe5053d000 	C:\WINDOWS\System32\SHCORE.dll
0x00007ffe50110000 - 0x00007ffe50165000 	C:\WINDOWS\System32\shlwapi.dll
0x00007ffe4ec80000 - 0x00007ffe4eca5000 	C:\WINDOWS\SYSTEM32\profapi.dll
0x00007ffe2d1d0000 - 0x00007ffe2d1e9000 	C:\Users\HP\.vscode\extensions\redhat.java-1.20.0-win32-x64\jre\17.0.7-win32-x86_64\bin\net.dll
0x00007ffe490a0000 - 0x00007ffe491aa000 	C:\WINDOWS\SYSTEM32\WINHTTP.dll
0x00007ffe4e3c0000 - 0x00007ffe4e42a000 	C:\WINDOWS\system32\mswsock.dll
0x00007ffe2d030000 - 0x00007ffe2d045000 	C:\Users\HP\.vscode\extensions\redhat.java-1.20.0-win32-x64\jre\17.0.7-win32-x86_64\bin\nio.dll
0x00007ffe4e620000 - 0x00007ffe4e638000 	C:\WINDOWS\SYSTEM32\CRYPTSP.dll
0x00007ffe4dd00000 - 0x00007ffe4dd34000 	C:\WINDOWS\system32\rsaenh.dll
0x00007ffe4f240000 - 0x00007ffe4f267000 	C:\WINDOWS\System32\bcrypt.dll
0x00007ffe4ec00000 - 0x00007ffe4ec2e000 	C:\WINDOWS\SYSTEM32\USERENV.dll
0x00007ffe4e550000 - 0x00007ffe4e55c000 	C:\WINDOWS\SYSTEM32\CRYPTBASE.dll
0x00007ffe4e0d0000 - 0x00007ffe4e10c000 	C:\WINDOWS\SYSTEM32\IPHLPAPI.DLL
0x00007ffe51330000 - 0x00007ffe51338000 	C:\WINDOWS\System32\NSI.dll
0x00007ffe495b0000 - 0x00007ffe495c7000 	C:\WINDOWS\SYSTEM32\dhcpcsvc6.DLL
0x00007ffe49590000 - 0x00007ffe495ad000 	C:\WINDOWS\SYSTEM32\dhcpcsvc.DLL
0x00007ffe4e160000 - 0x00007ffe4e22a000 	C:\WINDOWS\SYSTEM32\DNSAPI.dll
0x00007ffe3f0d0000 - 0x00007ffe3f0d9000 	C:\Users\HP\.vscode\extensions\redhat.java-1.20.0-win32-x64\jre\17.0.7-win32-x86_64\bin\management.dll
0x00007ffe2d010000 - 0x00007ffe2d01b000 	C:\Users\HP\.vscode\extensions\redhat.java-1.20.0-win32-x64\jre\17.0.7-win32-x86_64\bin\management_ext.dll
0x00007ffe4ff80000 - 0x00007ffe4ff88000 	C:\WINDOWS\System32\PSAPI.DLL

dbghelp: loaded successfully - version: 4.0.5 - missing functions: none
symbol engine: initialized successfully - sym options: 0x614 - pdb path: .;c:\Users\HP\.vscode\extensions\redhat.java-1.20.0-win32-x64\jre\17.0.7-win32-x86_64\bin;C:\WINDOWS\SYSTEM32;C:\WINDOWS\WinSxS\amd64_microsoft.windows.common-controls_6595b64144ccf1df_6.0.19041.1110_none_60b5254171f9507e;c:\Users\HP\.vscode\extensions\redhat.java-1.20.0-win32-x64\jre\17.0.7-win32-x86_64\bin\server

VM Arguments:
jvm_args: -XX:+HeapDumpOnOutOfMemoryError -Xmx1024m -Dsts.lsp.client=vscode -Dsts.log.file=/dev/null -XX:TieredStopAtLevel=1 -Xlog:jni+resolve=off -Dspring.config.location=file:c:\Users\HP\.vscode\extensions\vmware.vscode-spring-boot-1.47.0\language-server\BOOT-INF\classes\application.properties 
java_command: org.springframework.ide.vscode.boot.app.BootLanguageServerBootApp
java_class_path (initial): c:\Users\HP\.vscode\extensions\vmware.vscode-spring-boot-1.47.0\language-server\BOOT-INF\classes;c:\Users\HP\.vscode\extensions\vmware.vscode-spring-boot-1.47.0\language-server\BOOT-INF\lib\annotations-24.0.1.jar;c:\Users\HP\.vscode\extensions\vmware.vscode-spring-boot-1.47.0\language-server\BOOT-INF\lib\antlr-runtime-3.5.3.jar;c:\Users\HP\.vscode\extensions\vmware.vscode-spring-boot-1.47.0\language-server\BOOT-INF\lib\antlr4-4.11.1.jar;c:\Users\HP\.vscode\extensions\vmware.vscode-spring-boot-1.47.0\language-server\BOOT-INF\lib\antlr4-runtime-4.11.1.jar;c:\Users\HP\.vscode\extensions\vmware.vscode-spring-boot-1.47.0\language-server\BOOT-INF\lib\aopalliance-1.0.jar;c:\Users\HP\.vscode\extensions\vmware.vscode-spring-boot-1.47.0\language-server\BOOT-INF\lib\asm-9.5.jar;c:\Users\HP\.vscode\extensions\vmware.vscode-spring-boot-1.47.0\language-server\BOOT-INF\lib\asm-analysis-9.5.jar;c:\Users\HP\.vscode\extensions\vmware.vscode-spring-boot-1.47.0\language-server\BOOT-INF\lib\asm-tree-9.5.jar;c:\Users\HP\.vscode\extensions\vmware.vscode-spring-boot-1.47.0\language-server\BOOT-INF\lib\asm-util-9.5.jar;c:\Users\HP\.vscode\extensions\vmware.vscode-spring-boot-1.47.0\language-server\BOOT-INF\lib\auto-common-1.2.1.jar;c:\Users\HP\.vscode\extensions\vmware.vscode-spring-boot-1.47.0\language-server\BOOT-INF\lib\auto-value-annotations-1.9.jar;c:\Users\HP\.vscode\extensions\vmware.vscode-spring-boot-1.47.0\language-server\BOOT-INF\lib\caffeine-3.1.2.jar;c:\Users\HP\.vscode\extensions\vmware.vscode-spring-boot-1.47.0\language-server\BOOT-INF\lib\checker-qual-3.12.0.jar;c:\Users\HP\.vscode\extensions\vmware.vscode-spring-boot-1.47.0\language-server\BOOT-INF\lib\classgraph-4.8.149.jar;c:\Users\HP\.vscode\extensions\vmware.vscode-spring-boot-1.47.0\language-server\BOOT-INF\lib\commons-codec-1.15.jar;c:\Users\HP\.vscode\extensions\vmware.vscode-spring-boot-1.47.0\language-server\BOOT-INF\lib\commons-compress-1.23.0.jar;c:\Users\HP\.vscode\extensions\vmware.
Launcher Type: SUN_STANDARD

[Global flags]
     intx CICompilerCount                          = 3                                         {product} {ergonomic}
     uint ConcGCThreads                            = 1                                         {product} {ergonomic}
     uint G1ConcRefinementThreads                  = 4                                         {product} {ergonomic}
   size_t G1HeapRegionSize                         = 1048576                                   {product} {ergonomic}
    uintx GCDrainStackTargetSize                   = 64                                        {product} {ergonomic}
     bool HeapDumpOnOutOfMemoryError               = true                                   {manageable} {command line}
   size_t InitialHeapSize                          = 201326592                                 {product} {ergonomic}
   size_t MarkStackSize                            = 4194304                                   {product} {ergonomic}
   size_t MaxHeapSize                              = 1073741824                                {product} {command line}
   size_t MaxNewSize                               = 643825664                                 {product} {ergonomic}
   size_t MinHeapDeltaBytes                        = 1048576                                   {product} {ergonomic}
   size_t MinHeapSize                              = 8388608                                   {product} {ergonomic}
    uintx NonProfiledCodeHeapSize                  = 0                                      {pd product} {ergonomic}
     bool ProfileInterpreter                       = false                                  {pd product} {command line}
    uintx ProfiledCodeHeapSize                     = 0                                      {pd product} {ergonomic}
   size_t SoftMaxHeapSize                          = 1073741824                             {manageable} {ergonomic}
     intx TieredStopAtLevel                        = 1                                         {product} {command line}
     bool UseCompressedClassPointers               = true                           {product lp64_product} {ergonomic}
     bool UseCompressedOops                        = true                           {product lp64_product} {ergonomic}
     bool UseG1GC                                  = true                                      {product} {ergonomic}
     bool UseLargePagesIndividualAllocation        = false                                  {pd product} {ergonomic}

Logging:
Log output configuration:
 #0: stdout all=warning,jni+resolve=off uptime,level,tags
 #1: stderr all=off uptime,level,tags

Environment Variables:
JAVA_HOME=C:\Program Files\Java\jdk-11.0.9
PATH=C:\Program Files\Python310\Scripts\;C:\Program Files\Python310\;C:\Program Files (x86)\Common Files\Intel\Shared Libraries\redist\intel64\compiler;C:\WINDOWS\system32;C:\WINDOWS;C:\WINDOWS\System32\Wbem;C:\WINDOWS\System32\WindowsPowerShell\v1.0\;C:\WINDOWS\System32\OpenSSH\;C:\wamp64\www\scriptcase\components\php;C:\wamp64\bin\php\php7.4.26;C:\wamp64\bin\php\php7.3.25;C:\wamp64\bin\php\php7.1.29;C:\Program Files\nodejs;C:\Program Files\PuTTY\;C:\ProgramData\ComposerSetup\bin;C:\Program Files\Git\cmd;C:\Program Files (x86)\Yarn\bin\;C:\Program Files\Java\jdk-11.0.9\bin;C:\Users\HP\AppData\Local\Programs\Python\Python37;C:\Users\HP\AppData\Local\Programs\Python\Python37\Scripts;C:\Users\HP\AppData\Local\Android\flutter\bin;C:\Users\HP\AppData\Roaming\Composer\vendor\laravel\installer\bin;C:\Program Files (x86)\Bitvise SSH Client;C:\wamp64\www\apache-maven-3.8.4\bin;C:\Program Files\NetMake\v9-php73\components\php;C:\Program Files\Docker\Docker\resources\bin;C:\Program Files\nodejs\;C:\Program Files\CMake\bin;C:\Program Files\Java\jdk-11.0.19\bin;C:\Users\HP\AppData\Local\Programs\Python\Python310\Scripts\;C:\Users\HP\AppData\Local\Programs\Python\Python310\;C:\Users\HP\AppData\Local\Microsoft\WindowsApps;C:\Users\HP\AppData\Roaming\Composer\vendor\bin;C:\Users\HP\AppData\Local\Yarn\bin;C:\Program Files\heroku\bin;C:\Users\HP\AppData\Local\Programs\Microsoft VS Code\bin;C:\Users\HP\AppData\Local\GitHubDesktop\bin;C:\Users\HP\AppData\Roaming\npm;
USERNAME=HP
OS=Windows_NT
PROCESSOR_IDENTIFIER=Intel64 Family 6 Model 142 Stepping 10, GenuineIntel
TMP=C:\Users\HP\AppData\Local\Temp
TEMP=C:\Users\HP\AppData\Local\Temp



---------------  S Y S T E M  ---------------

OS:
 Windows 10 , 64 bit Build 19041 (10.0.19041.3155)
OS uptime: 0 days 1:40 hours
Hyper-V role detected

CPU: total 4 (initial active 4) (2 cores per cpu, 2 threads per core) family 6 model 142 stepping 10 microcode 0xca, cx8, cmov, fxsr, ht, mmx, 3dnowpref, sse, sse2, sse3, ssse3, sse4.1, sse4.2, popcnt, lzcnt, tsc, tscinvbit, avx, avx2, aes, erms, clmul, bmi1, bmi2, adx, fma, vzeroupper, clflush, clflushopt, hv

Memory: 4k page, system-wide physical 12199M (2586M free)
TotalPageFile size 14247M (AvailPageFile size 61M)
current process WorkingSet (physical memory assigned to process): 281M, peak: 281M
current process commit charge ("private bytes"): 348M, peak: 603M

vm_info: OpenJDK 64-Bit Server VM (17.0.7+7) for windows-amd64 JRE (17.0.7+7), built on Apr 18 2023 22:10:42 by "temurin" with MS VC++ 16.7 (VS2019)

END.
