#
# There is insufficient memory for the Java Runtime Environment to continue.
# Native memory allocation (mmap) failed to map 266338304 bytes for G1 virtual space
# Possible reasons:
#   The system is out of physical RAM or swap space
#   The process is running with CompressedOops enabled, and the Java Heap may be blocking the growth of the native heap
# Possible solutions:
#   Reduce memory load on the system
#   Increase physical memory or swap space
#   Check if swap backing store is full
#   Decrease Java heap size (-Xmx/-Xms)
#   Decrease number of Java threads
#   Decrease Java thread stack sizes (-Xss)
#   Set larger code cache with -XX:ReservedCodeCacheSize=
#   JVM is running with Unscaled Compressed Oops mode in which the Java heap is
#     placed in the first 4GB address space. The Java Heap base address is the
#     maximum limit for the native heap growth. Please use -XX:HeapBaseMinAddress
#     to set the Java Heap base and to place the Java Heap above 4GB virtual address.
# This output file may be truncated or incomplete.
#
#  Out of Memory Error (os_windows.cpp:3559), pid=9292, tid=5300
#
# JRE version: OpenJDK Runtime Environment Temurin-17.0.7+7 (17.0.7+7) (build 17.0.7+7)
# Java VM: OpenJDK 64-Bit Server VM Temurin-17.0.7+7 (17.0.7+7, mixed mode, emulated-client, tiered, compressed oops, compressed class ptrs, g1 gc, windows-amd64)
# No core dump will be written. Minidumps are not enabled by default on client versions of Windows
#

---------------  S U M M A R Y ------------

Command Line: -XX:+HeapDumpOnOutOfMemoryError -Xmx1024m -Dsts.lsp.client=vscode -Dsts.log.file=/dev/null -XX:TieredStopAtLevel=1 -Xlog:jni+resolve=off -Dspring.config.location=file:c:\Users\HP\.vscode\extensions\vmware.vscode-spring-boot-1.47.0\language-server\BOOT-INF\classes\application.properties org.springframework.ide.vscode.boot.app.BootLanguageServerBootApp

Host: Intel(R) Core(TM) i3-8130U CPU @ 2.20GHz, 4 cores, 11G,  Windows 10 , 64 bit Build 19041 (10.0.19041.3155)
Time: Wed Jul 19 11:08:04 2023 Afr. centrale Ouest elapsed time: 31.141898 seconds (0d 0h 0m 31s)

---------------  T H R E A D  ---------------

Current thread (0x000001d25aa72c00):  VMThread "VM Thread" [stack: 0x0000005ef1000000,0x0000005ef1100000] [id=5300]

Stack: [0x0000005ef1000000,0x0000005ef1100000]
Native frames: (J=compiled Java code, j=interpreted, Vv=VM code, C=native code)
V  [jvm.dll+0x67754a]
V  [jvm.dll+0x834304]
V  [jvm.dll+0x835aae]
V  [jvm.dll+0x836113]
V  [jvm.dll+0x24696f]
V  [jvm.dll+0x6743f9]
V  [jvm.dll+0x668c8a]
V  [jvm.dll+0x3061bb]
V  [jvm.dll+0x30d6a6]
V  [jvm.dll+0x35cece]
V  [jvm.dll+0x35d0ff]
V  [jvm.dll+0x2dd048]
V  [jvm.dll+0x2db20c]
V  [jvm.dll+0x2da7dc]
V  [jvm.dll+0x31e6db]
V  [jvm.dll+0x83a5bb]
V  [jvm.dll+0x83b2f4]
V  [jvm.dll+0x83b80c]
V  [jvm.dll+0x83bbe4]
V  [jvm.dll+0x83bcb0]
V  [jvm.dll+0x7e4e7a]
V  [jvm.dll+0x676395]
C  [ucrtbase.dll+0x21bb2]
C  [KERNEL32.DLL+0x17614]
C  [ntdll.dll+0x526b1]

VM_Operation (0x0000005ef33fdf50): G1CollectForAllocation, mode: safepoint, requested by thread 0x000001d25f1242a0


---------------  P R O C E S S  ---------------

Threads class SMR info:
_java_thread_list=0x000001d2612e4d60, length=41, elements={
0x000001d25aab9750, 0x000001d25aaba4d0, 0x000001d25f01a010, 0x000001d25f01ad90,
0x000001d25f01e770, 0x000001d25aadec00, 0x000001d25aadf4c0, 0x000001d25aae9120,
0x000001d25f215900, 0x000001d25f21d240, 0x000001d25ff30810, 0x000001d25fb58d30,
0x000001d2601b5690, 0x000001d2601b5b60, 0x000001d260502520, 0x000001d2504265d0,
0x000001d25fae45d0, 0x000001d25f14b8d0, 0x000001d2606df020, 0x000001d2606e0500,
0x000001d25f123430, 0x000001d25f125ab0, 0x000001d25f126450, 0x000001d25f126920,
0x000001d25f1255e0, 0x000001d25f125110, 0x000001d25f124770, 0x000001d25f125f80,
0x000001d25f126df0, 0x000001d25f123900, 0x000001d25f124c40, 0x000001d25f1242a0,
0x000001d25f123dd0, 0x000001d2609e6eb0, 0x000001d2609e3e90, 0x000001d2609e21b0,
0x000001d2609e7380, 0x000001d2609e1810, 0x000001d2609e4360, 0x000001d261356f50,
0x000001d2609e09a0
}

Java Threads: ( => current thread )
  0x000001d25aab9750 JavaThread "Reference Handler" daemon [_thread_blocked, id=10368, stack(0x0000005ef1100000,0x0000005ef1200000)]
  0x000001d25aaba4d0 JavaThread "Finalizer" daemon [_thread_blocked, id=12144, stack(0x0000005ef1200000,0x0000005ef1300000)]
  0x000001d25f01a010 JavaThread "Signal Dispatcher" daemon [_thread_blocked, id=12168, stack(0x0000005ef1300000,0x0000005ef1400000)]
  0x000001d25f01ad90 JavaThread "Attach Listener" daemon [_thread_blocked, id=1260, stack(0x0000005ef1400000,0x0000005ef1500000)]
  0x000001d25f01e770 JavaThread "Service Thread" daemon [_thread_blocked, id=14776, stack(0x0000005ef1500000,0x0000005ef1600000)]
  0x000001d25aadec00 JavaThread "Monitor Deflation Thread" daemon [_thread_blocked, id=3904, stack(0x0000005ef1600000,0x0000005ef1700000)]
  0x000001d25aadf4c0 JavaThread "C1 CompilerThread0" daemon [_thread_blocked, id=13716, stack(0x0000005ef1700000,0x0000005ef1800000)]
  0x000001d25aae9120 JavaThread "Sweeper thread" daemon [_thread_blocked, id=8432, stack(0x0000005ef1800000,0x0000005ef1900000)]
  0x000001d25f215900 JavaThread "Notification Thread" daemon [_thread_blocked, id=13288, stack(0x0000005ef1a00000,0x0000005ef1b00000)]
  0x000001d25f21d240 JavaThread "Common-Cleaner" daemon [_thread_blocked, id=9548, stack(0x0000005ef1c00000,0x0000005ef1d00000)]
  0x000001d25ff30810 JavaThread "C1 CompilerThread1" daemon [_thread_blocked, id=4712, stack(0x0000005ef1900000,0x0000005ef1a00000)]
  0x000001d25fb58d30 JavaThread "boundedElastic-evictor-1" daemon [_thread_blocked, id=21152, stack(0x0000005ef2000000,0x0000005ef2100000)]
  0x000001d2601b5690 JavaThread "boundedElastic-evictor-2" daemon [_thread_blocked, id=21044, stack(0x0000005ef2200000,0x0000005ef2300000)]
  0x000001d2601b5b60 JavaThread "pool-10-thread-1" [_thread_blocked, id=15632, stack(0x0000005ef2300000,0x0000005ef2400000)]
  0x000001d260502520 JavaThread "LanguageServerApp-lifecycle" [_thread_blocked, id=11984, stack(0x0000005ef2400000,0x0000005ef2500000)]
  0x000001d2504265d0 JavaThread "DestroyJavaVM" [_thread_blocked, id=5836, stack(0x0000005ef0900000,0x0000005ef0a00000)]
  0x000001d25fae45d0 JavaThread "pool-11-thread-1" [_thread_in_native, id=12080, stack(0x0000005ef2500000,0x0000005ef2600000)]
  0x000001d25f14b8d0 JavaThread "Simple-Language-Server main thread" daemon [_thread_blocked, id=3344, stack(0x0000005ef2600000,0x0000005ef2700000)]
  0x000001d2606df020 JavaThread "pool-6-thread-1" [_thread_blocked, id=19512, stack(0x0000005ef2700000,0x0000005ef2800000)]
  0x000001d2606e0500 JavaThread "ForkJoinPool.commonPool-worker-1" daemon [_thread_blocked, id=20096, stack(0x0000005ef2800000,0x0000005ef2900000)]
  0x000001d25f123430 JavaThread "pool-3-thread-1" [_thread_blocked, id=12712, stack(0x0000005ef2100000,0x0000005ef2200000)]
  0x000001d25f125ab0 JavaThread "pool-3-thread-2" [_thread_blocked, id=19136, stack(0x0000005ef2900000,0x0000005ef2a00000)]
  0x000001d25f126450 JavaThread "ForkJoinPool.commonPool-worker-2" daemon [_thread_blocked, id=17736, stack(0x0000005ef2a00000,0x0000005ef2b00000)]
  0x000001d25f126920 JavaThread "pool-3-thread-3" [_thread_blocked, id=11828, stack(0x0000005ef2b00000,0x0000005ef2c00000)]
  0x000001d25f1255e0 JavaThread "pool-3-thread-4" [_thread_blocked, id=11212, stack(0x0000005ef2c00000,0x0000005ef2d00000)]
  0x000001d25f125110 JavaThread "pool-3-thread-5" [_thread_blocked, id=18008, stack(0x0000005ef2d00000,0x0000005ef2e00000)]
  0x000001d25f124770 JavaThread "ClassGraph-worker-0" daemon [_thread_blocked, id=1460, stack(0x0000005ef2e00000,0x0000005ef2f00000)]
  0x000001d25f125f80 JavaThread "ForkJoinPool.commonPool-worker-3" daemon [_thread_blocked, id=6568, stack(0x0000005ef2f00000,0x0000005ef3000000)]
  0x000001d25f126df0 JavaThread "parallel-1" daemon [_thread_blocked, id=17768, stack(0x0000005ef3000000,0x0000005ef3100000)]
  0x000001d25f123900 JavaThread "pool-4-thread-1" [_thread_blocked, id=4344, stack(0x0000005ef3100000,0x0000005ef3200000)]
  0x000001d25f124c40 JavaThread "parallel-2" daemon [_thread_blocked, id=17456, stack(0x0000005ef3200000,0x0000005ef3300000)]
  0x000001d25f1242a0 JavaThread "ClassGraph-worker-1" daemon [_thread_blocked, id=19696, stack(0x0000005ef3300000,0x0000005ef3400000)]
  0x000001d25f123dd0 JavaThread "ClassGraph-worker-2" daemon [_thread_blocked, id=1120, stack(0x0000005ef3400000,0x0000005ef3500000)]
  0x000001d2609e6eb0 JavaThread "ClassGraph-worker-3" daemon [_thread_blocked, id=17544, stack(0x0000005ef3500000,0x0000005ef3600000)]
  0x000001d2609e3e90 JavaThread "ClassGraph-worker-4" daemon [_thread_blocked, id=372, stack(0x0000005ef3600000,0x0000005ef3700000)]
  0x000001d2609e21b0 JavaThread "ClassGraph-worker-5" daemon [_thread_blocked, id=17504, stack(0x0000005ef3700000,0x0000005ef3800000)]
  0x000001d2609e7380 JavaThread "ClassGraph-worker-6" daemon [_thread_blocked, id=15000, stack(0x0000005ef3800000,0x0000005ef3900000)]
  0x000001d2609e1810 JavaThread "ClassGraph-worker-7" daemon [_thread_blocked, id=268, stack(0x0000005ef3900000,0x0000005ef3a00000)]
  0x000001d2609e4360 JavaThread "Project-Reconciler-1" daemon [_thread_in_native, id=12428, stack(0x0000005ef3a00000,0x0000005ef3b00000)]
  0x000001d261356f50 JavaThread "C1 CompilerThread2" daemon [_thread_blocked, id=10092, stack(0x0000005ef3b00000,0x0000005ef3c00000)]
  0x000001d2609e09a0 JavaThread "HandshakeCompletedNotify-Thread" daemon [_thread_blocked, id=21136, stack(0x0000005ef3e00000,0x0000005ef3f00000)]

Other Threads:
=>0x000001d25aa72c00 VMThread "VM Thread" [stack: 0x0000005ef1000000,0x0000005ef1100000] [id=5300]
  0x000001d25f215dd0 WatcherThread [stack: 0x0000005ef1b00000,0x0000005ef1c00000] [id=14268]
  0x000001d2504641b0 GCTaskThread "GC Thread#0" [stack: 0x0000005ef0b00000,0x0000005ef0c00000] [id=10280]
  0x000001d25f853dc0 GCTaskThread "GC Thread#1" [stack: 0x0000005ef1d00000,0x0000005ef1e00000] [id=12384]
  0x000001d25f854070 GCTaskThread "GC Thread#2" [stack: 0x0000005ef1e00000,0x0000005ef1f00000] [id=6668]
  0x000001d25f933110 GCTaskThread "GC Thread#3" [stack: 0x0000005ef1f00000,0x0000005ef2000000] [id=13660]
  0x000001d25046d000 ConcurrentGCThread "G1 Main Marker" [stack: 0x0000005ef0c00000,0x0000005ef0d00000] [id=11640]
  0x000001d25046d920 ConcurrentGCThread "G1 Conc#0" [stack: 0x0000005ef0d00000,0x0000005ef0e00000] [id=10436]
  0x000001d2504ede70 ConcurrentGCThread "G1 Refine#0" [stack: 0x0000005ef0e00000,0x0000005ef0f00000] [id=20784]
  0x000001d261505430 ConcurrentGCThread "G1 Refine#1" [stack: 0x0000005ef3c00000,0x0000005ef3d00000] [id=15344]
  0x000001d261505710 ConcurrentGCThread "G1 Refine#2" [stack: 0x0000005ef3d00000,0x0000005ef3e00000] [id=15420]
  0x000001d2504ee7a0 ConcurrentGCThread "G1 Service" [stack: 0x0000005ef0f00000,0x0000005ef1000000] [id=12684]

Threads with active compile tasks:

VM state: at safepoint (normal execution)

VM Mutex/Monitor currently owned by a thread:  ([mutex/lock_event])
[0x000001d24e30c920] Threads_lock - owner thread: 0x000001d25aa72c00
[0x000001d250415b70] Heap_lock - owner thread: 0x000001d25f1242a0

Heap address: 0x00000000c0000000, size: 1024 MB, Compressed Oops mode: 32-bit

CDS archive(s) not mapped
Compressed class space mapped at: 0x0000000100000000-0x0000000140000000, reserved size: 1073741824
Narrow klass base: 0x0000000000000000, Narrow klass shift: 3, Narrow klass range: 0x140000000

GC Precious Log:
 CPUs: 4 total, 4 available
 Memory: 12199M
 Large Page Support: Disabled
 NUMA Support: Disabled
 Compressed Oops: Enabled (32-bit)
 Heap Region Size: 1M
 Heap Min Capacity: 8M
 Heap Initial Capacity: 192M
 Heap Max Capacity: 1G
 Pre-touch: Disabled
 Parallel Workers: 4
 Concurrent Workers: 1
 Concurrent Refinement Workers: 4
 Periodic GC: Disabled

Heap:
 garbage-first heap   total 399360K, used 162691K [0x00000000c0000000, 0x0000000100000000)
  region size 1024K, 15 young (15360K), 15 survivors (15360K)
 Metaspace       used 51997K, committed 52416K, reserved 1114112K
  class space    used 6608K, committed 6784K, reserved 1048576K

Heap Regions: E=young(eden), S=young(survivor), O=old, HS=humongous(starts), HC=humongous(continues), CS=collection set, F=free, OA=open archive, CA=closed archive, TAMS=top-at-mark-start (previous, next)
|   0|0x00000000c0000000, 0x00000000c0100000, 0x00000000c0100000|100%|HS|  |TAMS 0x00000000c0100000, 0x00000000c0000000| Complete 
|   1|0x00000000c0100000, 0x00000000c0200000, 0x00000000c0200000|100%| O|  |TAMS 0x00000000c0200000, 0x00000000c0100000| Untracked 
|   2|0x00000000c0200000, 0x00000000c0300000, 0x00000000c0300000|100%| O|  |TAMS 0x00000000c0300000, 0x00000000c0200000| Untracked 
|   3|0x00000000c0300000, 0x00000000c0400000, 0x00000000c0400000|100%| O|  |TAMS 0x00000000c0400000, 0x00000000c0300000| Untracked 
|   4|0x00000000c0400000, 0x00000000c0500000, 0x00000000c0500000|100%| O|  |TAMS 0x00000000c0500000, 0x00000000c0400000| Untracked 
|   5|0x00000000c0500000, 0x00000000c0600000, 0x00000000c0600000|100%| O|  |TAMS 0x00000000c0600000, 0x00000000c0500000| Untracked 
|   6|0x00000000c0600000, 0x00000000c0700000, 0x00000000c0700000|100%| O|  |TAMS 0x00000000c0700000, 0x00000000c0600000| Untracked 
|   7|0x00000000c0700000, 0x00000000c0800000, 0x00000000c0800000|100%| O|  |TAMS 0x00000000c0800000, 0x00000000c0700000| Untracked 
|   8|0x00000000c0800000, 0x00000000c0900000, 0x00000000c0900000|100%| O|  |TAMS 0x00000000c0900000, 0x00000000c0800000| Untracked 
|   9|0x00000000c0900000, 0x00000000c0a00000, 0x00000000c0a00000|100%| O|  |TAMS 0x00000000c0a00000, 0x00000000c0900000| Untracked 
|  10|0x00000000c0a00000, 0x00000000c0b00000, 0x00000000c0b00000|100%| O|  |TAMS 0x00000000c0b00000, 0x00000000c0a00000| Untracked 
|  11|0x00000000c0b00000, 0x00000000c0c00000, 0x00000000c0c00000|100%| O|  |TAMS 0x00000000c0c00000, 0x00000000c0b00000| Untracked 
|  12|0x00000000c0c00000, 0x00000000c0d00000, 0x00000000c0d00000|100%| O|  |TAMS 0x00000000c0d00000, 0x00000000c0c00000| Untracked 
|  13|0x00000000c0d00000, 0x00000000c0e00000, 0x00000000c0e00000|100%| O|  |TAMS 0x00000000c0e00000, 0x00000000c0d00000| Untracked 
|  14|0x00000000c0e00000, 0x00000000c0f00000, 0x00000000c0f00000|100%| O|  |TAMS 0x00000000c0f00000, 0x00000000c0e00000| Untracked 
|  15|0x00000000c0f00000, 0x00000000c1000000, 0x00000000c1000000|100%| O|  |TAMS 0x00000000c1000000, 0x00000000c0f00000| Untracked 
|  16|0x00000000c1000000, 0x00000000c1100000, 0x00000000c1100000|100%| O|  |TAMS 0x00000000c1100000, 0x00000000c1000000| Untracked 
|  17|0x00000000c1100000, 0x00000000c1200000, 0x00000000c1200000|100%| O|  |TAMS 0x00000000c1200000, 0x00000000c1100000| Untracked 
|  18|0x00000000c1200000, 0x00000000c1300000, 0x00000000c1300000|100%| O|  |TAMS 0x00000000c1300000, 0x00000000c1200000| Untracked 
|  19|0x00000000c1300000, 0x00000000c1400000, 0x00000000c1400000|100%| O|  |TAMS 0x00000000c1400000, 0x00000000c1300000| Untracked 
|  20|0x00000000c1400000, 0x00000000c1500000, 0x00000000c1500000|100%| O|  |TAMS 0x00000000c1500000, 0x00000000c1400000| Untracked 
|  21|0x00000000c1500000, 0x00000000c1600000, 0x00000000c1600000|100%| O|  |TAMS 0x00000000c1600000, 0x00000000c1500000| Untracked 
|  22|0x00000000c1600000, 0x00000000c1700000, 0x00000000c1700000|100%| O|  |TAMS 0x00000000c1700000, 0x00000000c1600000| Untracked 
|  23|0x00000000c1700000, 0x00000000c1800000, 0x00000000c1800000|100%| O|  |TAMS 0x00000000c1800000, 0x00000000c1700000| Untracked 
|  24|0x00000000c1800000, 0x00000000c1900000, 0x00000000c1900000|100%| O|  |TAMS 0x00000000c1900000, 0x00000000c1800000| Untracked 
|  25|0x00000000c1900000, 0x00000000c1a00000, 0x00000000c1a00000|100%| O|  |TAMS 0x00000000c1a00000, 0x00000000c1900000| Untracked 
|  26|0x00000000c1a00000, 0x00000000c1b00000, 0x00000000c1b00000|100%| O|  |TAMS 0x00000000c1b00000, 0x00000000c1a00000| Untracked 
|  27|0x00000000c1b00000, 0x00000000c1c00000, 0x00000000c1c00000|100%| O|  |TAMS 0x00000000c1c00000, 0x00000000c1b00000| Untracked 
|  28|0x00000000c1c00000, 0x00000000c1d00000, 0x00000000c1d00000|100%| O|  |TAMS 0x00000000c1d00000, 0x00000000c1c00000| Untracked 
|  29|0x00000000c1d00000, 0x00000000c1e00000, 0x00000000c1e00000|100%| O|  |TAMS 0x00000000c1e00000, 0x00000000c1d00000| Untracked 
|  30|0x00000000c1e00000, 0x00000000c1f00000, 0x00000000c1f00000|100%| O|  |TAMS 0x00000000c1f00000, 0x00000000c1e00000| Untracked 
|  31|0x00000000c1f00000, 0x00000000c2000000, 0x00000000c2000000|100%| O|  |TAMS 0x00000000c2000000, 0x00000000c1f00000| Untracked 
|  32|0x00000000c2000000, 0x00000000c2100000, 0x00000000c2100000|100%| O|  |TAMS 0x00000000c2100000, 0x00000000c2000000| Untracked 
|  33|0x00000000c2100000, 0x00000000c2200000, 0x00000000c2200000|100%| O|  |TAMS 0x00000000c2200000, 0x00000000c2100000| Untracked 
|  34|0x00000000c2200000, 0x00000000c2300000, 0x00000000c2300000|100%| O|  |TAMS 0x00000000c2300000, 0x00000000c2200000| Untracked 
|  35|0x00000000c2300000, 0x00000000c2400000, 0x00000000c2400000|100%| O|  |TAMS 0x00000000c2400000, 0x00000000c2300000| Untracked 
|  36|0x00000000c2400000, 0x00000000c2500000, 0x00000000c2500000|100%| O|  |TAMS 0x00000000c2500000, 0x00000000c2400000| Untracked 
|  37|0x00000000c2500000, 0x00000000c2600000, 0x00000000c2600000|100%| O|  |TAMS 0x00000000c2600000, 0x00000000c2500000| Untracked 
|  38|0x00000000c2600000, 0x00000000c2700000, 0x00000000c2700000|100%| O|  |TAMS 0x00000000c2700000, 0x00000000c2600000| Untracked 
|  39|0x00000000c2700000, 0x00000000c2800000, 0x00000000c2800000|100%| O|  |TAMS 0x00000000c2800000, 0x00000000c2700000| Untracked 
|  40|0x00000000c2800000, 0x00000000c2900000, 0x00000000c2900000|100%| O|  |TAMS 0x00000000c2900000, 0x00000000c2800000| Untracked 
|  41|0x00000000c2900000, 0x00000000c2a00000, 0x00000000c2a00000|100%| O|  |TAMS 0x00000000c2a00000, 0x00000000c2900000| Untracked 
|  42|0x00000000c2a00000, 0x00000000c2b00000, 0x00000000c2b00000|100%| O|  |TAMS 0x00000000c2b00000, 0x00000000c2a00000| Untracked 
|  43|0x00000000c2b00000, 0x00000000c2c00000, 0x00000000c2c00000|100%| O|  |TAMS 0x00000000c2c00000, 0x00000000c2b00000| Untracked 
|  44|0x00000000c2c00000, 0x00000000c2d00000, 0x00000000c2d00000|100%| O|  |TAMS 0x00000000c2d00000, 0x00000000c2c00000| Untracked 
|  45|0x00000000c2d00000, 0x00000000c2e00000, 0x00000000c2e00000|100%| O|  |TAMS 0x00000000c2e00000, 0x00000000c2d00000| Untracked 
|  46|0x00000000c2e00000, 0x00000000c2f00000, 0x00000000c2f00000|100%| O|  |TAMS 0x00000000c2f00000, 0x00000000c2e00000| Untracked 
|  47|0x00000000c2f00000, 0x00000000c3000000, 0x00000000c3000000|100%| O|  |TAMS 0x00000000c3000000, 0x00000000c2f00000| Untracked 
|  48|0x00000000c3000000, 0x00000000c3100000, 0x00000000c3100000|100%| O|  |TAMS 0x00000000c3100000, 0x00000000c3000000| Untracked 
|  49|0x00000000c3100000, 0x00000000c3200000, 0x00000000c3200000|100%| O|  |TAMS 0x00000000c3200000, 0x00000000c3100000| Untracked 
|  50|0x00000000c3200000, 0x00000000c3300000, 0x00000000c3300000|100%| O|  |TAMS 0x00000000c3300000, 0x00000000c3200000| Untracked 
|  51|0x00000000c3300000, 0x00000000c3400000, 0x00000000c3400000|100%| O|  |TAMS 0x00000000c3400000, 0x00000000c3300000| Untracked 
|  52|0x00000000c3400000, 0x00000000c3500000, 0x00000000c3500000|100%| O|  |TAMS 0x00000000c3500000, 0x00000000c3400000| Untracked 
|  53|0x00000000c3500000, 0x00000000c3600000, 0x00000000c3600000|100%| O|  |TAMS 0x00000000c3600000, 0x00000000c3500000| Untracked 
|  54|0x00000000c3600000, 0x00000000c3700000, 0x00000000c3700000|100%| O|  |TAMS 0x00000000c3700000, 0x00000000c3600000| Untracked 
|  55|0x00000000c3700000, 0x00000000c3800000, 0x00000000c3800000|100%|HS|  |TAMS 0x00000000c3800000, 0x00000000c3700000| Complete 
|  56|0x00000000c3800000, 0x00000000c3900000, 0x00000000c3900000|100%| O|  |TAMS 0x00000000c3900000, 0x00000000c3800000| Untracked 
|  57|0x00000000c3900000, 0x00000000c3a00000, 0x00000000c3a00000|100%|HS|  |TAMS 0x00000000c3a00000, 0x00000000c3900000| Complete 
|  58|0x00000000c3a00000, 0x00000000c3b00000, 0x00000000c3b00000|100%| O|  |TAMS 0x00000000c3b00000, 0x00000000c3a00000| Untracked 
|  59|0x00000000c3b00000, 0x00000000c3c00000, 0x00000000c3c00000|100%| O|  |TAMS 0x00000000c3c00000, 0x00000000c3b00000| Untracked 
|  60|0x00000000c3c00000, 0x00000000c3d00000, 0x00000000c3d00000|100%| O|  |TAMS 0x00000000c3d00000, 0x00000000c3c00000| Untracked 
|  61|0x00000000c3d00000, 0x00000000c3e00000, 0x00000000c3e00000|100%| O|  |TAMS 0x00000000c3e00000, 0x00000000c3d00000| Untracked 
|  62|0x00000000c3e00000, 0x00000000c3f00000, 0x00000000c3f00000|100%| O|  |TAMS 0x00000000c3f00000, 0x00000000c3e00000| Untracked 
|  63|0x00000000c3f00000, 0x00000000c4000000, 0x00000000c4000000|100%| O|  |TAMS 0x00000000c4000000, 0x00000000c3f00000| Untracked 
|  64|0x00000000c4000000, 0x00000000c4100000, 0x00000000c4100000|100%| O|  |TAMS 0x00000000c4100000, 0x00000000c4000000| Untracked 
|  65|0x00000000c4100000, 0x00000000c4200000, 0x00000000c4200000|100%| O|  |TAMS 0x00000000c4200000, 0x00000000c4100000| Untracked 
|  66|0x00000000c4200000, 0x00000000c4300000, 0x00000000c4300000|100%| O|  |TAMS 0x00000000c4300000, 0x00000000c4200000| Untracked 
|  67|0x00000000c4300000, 0x00000000c4400000, 0x00000000c4400000|100%| O|  |TAMS 0x00000000c4400000, 0x00000000c4300000| Untracked 
|  68|0x00000000c4400000, 0x00000000c4500000, 0x00000000c4500000|100%| O|  |TAMS 0x00000000c4500000, 0x00000000c4400000| Untracked 
|  69|0x00000000c4500000, 0x00000000c4600000, 0x00000000c4600000|100%| O|  |TAMS 0x00000000c4600000, 0x00000000c4500000| Untracked 
|  70|0x00000000c4600000, 0x00000000c4700000, 0x00000000c4700000|100%| O|  |TAMS 0x00000000c4700000, 0x00000000c4600000| Untracked 
|  71|0x00000000c4700000, 0x00000000c4800000, 0x00000000c4800000|100%| O|  |TAMS 0x00000000c4800000, 0x00000000c4700000| Untracked 
|  72|0x00000000c4800000, 0x00000000c4900000, 0x00000000c4900000|100%| O|  |TAMS 0x00000000c4900000, 0x00000000c4800000| Untracked 
|  73|0x00000000c4900000, 0x00000000c4a00000, 0x00000000c4a00000|100%| O|  |TAMS 0x00000000c4a00000, 0x00000000c4900000| Untracked 
|  74|0x00000000c4a00000, 0x00000000c4b00000, 0x00000000c4b00000|100%| O|  |TAMS 0x00000000c4b00000, 0x00000000c4a00000| Untracked 
|  75|0x00000000c4b00000, 0x00000000c4c00000, 0x00000000c4c00000|100%| O|  |TAMS 0x00000000c4c00000, 0x00000000c4b00000| Untracked 
|  76|0x00000000c4c00000, 0x00000000c4d00000, 0x00000000c4d00000|100%| O|  |TAMS 0x00000000c4d00000, 0x00000000c4c00000| Untracked 
|  77|0x00000000c4d00000, 0x00000000c4e00000, 0x00000000c4e00000|100%| O|  |TAMS 0x00000000c4e00000, 0x00000000c4d00000| Untracked 
|  78|0x00000000c4e00000, 0x00000000c4f00000, 0x00000000c4f00000|100%| O|  |TAMS 0x00000000c4f00000, 0x00000000c4e00000| Untracked 
|  79|0x00000000c4f00000, 0x00000000c5000000, 0x00000000c5000000|100%| O|  |TAMS 0x00000000c5000000, 0x00000000c4f00000| Untracked 
|  80|0x00000000c5000000, 0x00000000c5100000, 0x00000000c5100000|100%| O|  |TAMS 0x00000000c5100000, 0x00000000c5000000| Untracked 
|  81|0x00000000c5100000, 0x00000000c5200000, 0x00000000c5200000|100%| O|  |TAMS 0x00000000c5100000, 0x00000000c5100000| Untracked 
|  82|0x00000000c5200000, 0x00000000c5300000, 0x00000000c5300000|100%| O|  |TAMS 0x00000000c5300000, 0x00000000c5200000| Untracked 
|  83|0x00000000c5300000, 0x00000000c5400000, 0x00000000c5400000|100%| O|  |TAMS 0x00000000c5400000, 0x00000000c5300000| Untracked 
|  84|0x00000000c5400000, 0x00000000c5400000, 0x00000000c5500000|  0%| F|  |TAMS 0x00000000c5400000, 0x00000000c5400000| Untracked 
|  85|0x00000000c5500000, 0x00000000c5600000, 0x00000000c5600000|100%| O|  |TAMS 0x00000000c5600000, 0x00000000c5500000| Untracked 
|  86|0x00000000c5600000, 0x00000000c5700000, 0x00000000c5700000|100%| O|  |TAMS 0x00000000c5700000, 0x00000000c5600000| Untracked 
|  87|0x00000000c5700000, 0x00000000c5800000, 0x00000000c5800000|100%| O|  |TAMS 0x00000000c5800000, 0x00000000c5700000| Untracked 
|  88|0x00000000c5800000, 0x00000000c5900000, 0x00000000c5900000|100%| O|  |TAMS 0x00000000c5900000, 0x00000000c5800000| Untracked 
|  89|0x00000000c5900000, 0x00000000c5a00000, 0x00000000c5a00000|100%| O|  |TAMS 0x00000000c5a00000, 0x00000000c5900000| Untracked 
|  90|0x00000000c5a00000, 0x00000000c5b00000, 0x00000000c5b00000|100%| O|  |TAMS 0x00000000c5b00000, 0x00000000c5a00000| Untracked 
|  91|0x00000000c5b00000, 0x00000000c5b00000, 0x00000000c5c00000|  0%| F|  |TAMS 0x00000000c5b00000, 0x00000000c5b00000| Untracked 
|  92|0x00000000c5c00000, 0x00000000c5c00000, 0x00000000c5d00000|  0%| F|  |TAMS 0x00000000c5c00000, 0x00000000c5c00000| Untracked 
|  93|0x00000000c5d00000, 0x00000000c5e00000, 0x00000000c5e00000|100%| O|  |TAMS 0x00000000c5e00000, 0x00000000c5d00000| Untracked 
|  94|0x00000000c5e00000, 0x00000000c5f00000, 0x00000000c5f00000|100%| O|  |TAMS 0x00000000c5f00000, 0x00000000c5e00000| Untracked 
|  95|0x00000000c5f00000, 0x00000000c6000000, 0x00000000c6000000|100%| O|  |TAMS 0x00000000c5f00000, 0x00000000c5f00000| Untracked 
|  96|0x00000000c6000000, 0x00000000c6100000, 0x00000000c6100000|100%| O|  |TAMS 0x00000000c6100000, 0x00000000c6000000| Untracked 
|  97|0x00000000c6100000, 0x00000000c6200000, 0x00000000c6200000|100%| O|  |TAMS 0x00000000c6200000, 0x00000000c6100000| Untracked 
|  98|0x00000000c6200000, 0x00000000c6300000, 0x00000000c6300000|100%| O|  |TAMS 0x00000000c6300000, 0x00000000c6200000| Untracked 
|  99|0x00000000c6300000, 0x00000000c6400000, 0x00000000c6400000|100%| O|  |TAMS 0x00000000c6400000, 0x00000000c6300000| Untracked 
| 100|0x00000000c6400000, 0x00000000c6500000, 0x00000000c6500000|100%| O|  |TAMS 0x00000000c6500000, 0x00000000c6400000| Untracked 
| 101|0x00000000c6500000, 0x00000000c6600000, 0x00000000c6600000|100%| O|  |TAMS 0x00000000c6600000, 0x00000000c6500000| Untracked 
| 102|0x00000000c6600000, 0x00000000c6700000, 0x00000000c6700000|100%| O|  |TAMS 0x00000000c6700000, 0x00000000c6600000| Untracked 
| 103|0x00000000c6700000, 0x00000000c6800000, 0x00000000c6800000|100%| O|  |TAMS 0x00000000c6800000, 0x00000000c6700000| Untracked 
| 104|0x00000000c6800000, 0x00000000c6900000, 0x00000000c6900000|100%| O|  |TAMS 0x00000000c6844e00, 0x00000000c6800000| Untracked 
| 105|0x00000000c6900000, 0x00000000c6a00000, 0x00000000c6a00000|100%| O|  |TAMS 0x00000000c6900000, 0x00000000c6900000| Untracked 
| 106|0x00000000c6a00000, 0x00000000c6b00000, 0x00000000c6b00000|100%| O|  |TAMS 0x00000000c6a00000, 0x00000000c6a00000| Untracked 
| 107|0x00000000c6b00000, 0x00000000c6c00000, 0x00000000c6c00000|100%| O|  |TAMS 0x00000000c6b00000, 0x00000000c6b00000| Untracked 
| 108|0x00000000c6c00000, 0x00000000c6d00000, 0x00000000c6d00000|100%| O|  |TAMS 0x00000000c6c00000, 0x00000000c6c00000| Untracked 
| 109|0x00000000c6d00000, 0x00000000c6e00000, 0x00000000c6e00000|100%| O|  |TAMS 0x00000000c6d00000, 0x00000000c6d00000| Untracked 
| 110|0x00000000c6e00000, 0x00000000c6f00000, 0x00000000c6f00000|100%| O|  |TAMS 0x00000000c6e00000, 0x00000000c6e00000| Untracked 
| 111|0x00000000c6f00000, 0x00000000c7000000, 0x00000000c7000000|100%| O|  |TAMS 0x00000000c6f00000, 0x00000000c6f00000| Untracked 
| 112|0x00000000c7000000, 0x00000000c7100000, 0x00000000c7100000|100%| O|  |TAMS 0x00000000c7000000, 0x00000000c7000000| Untracked 
| 113|0x00000000c7100000, 0x00000000c7200000, 0x00000000c7200000|100%| O|  |TAMS 0x00000000c7100000, 0x00000000c7100000| Untracked 
| 114|0x00000000c7200000, 0x00000000c7300000, 0x00000000c7300000|100%| O|  |TAMS 0x00000000c7200000, 0x00000000c7200000| Untracked 
| 115|0x00000000c7300000, 0x00000000c7400000, 0x00000000c7400000|100%| O|  |TAMS 0x00000000c7300000, 0x00000000c7300000| Untracked 
| 116|0x00000000c7400000, 0x00000000c7500000, 0x00000000c7500000|100%| O|  |TAMS 0x00000000c7400000, 0x00000000c7400000| Untracked 
| 117|0x00000000c7500000, 0x00000000c7600000, 0x00000000c7600000|100%| O|  |TAMS 0x00000000c7500000, 0x00000000c7500000| Untracked 
| 118|0x00000000c7600000, 0x00000000c7700000, 0x00000000c7700000|100%| O|  |TAMS 0x00000000c7600000, 0x00000000c7600000| Untracked 
| 119|0x00000000c7700000, 0x00000000c7800000, 0x00000000c7800000|100%| O|  |TAMS 0x00000000c7700000, 0x00000000c7700000| Untracked 
| 120|0x00000000c7800000, 0x00000000c7900000, 0x00000000c7900000|100%| O|  |TAMS 0x00000000c7800000, 0x00000000c7800000| Untracked 
| 121|0x00000000c7900000, 0x00000000c7a00000, 0x00000000c7a00000|100%| O|  |TAMS 0x00000000c7900000, 0x00000000c7900000| Untracked 
| 122|0x00000000c7a00000, 0x00000000c7b00000, 0x00000000c7b00000|100%| O|  |TAMS 0x00000000c7a00000, 0x00000000c7a00000| Untracked 
| 123|0x00000000c7b00000, 0x00000000c7c00000, 0x00000000c7c00000|100%| O|  |TAMS 0x00000000c7b00000, 0x00000000c7b00000| Untracked 
| 124|0x00000000c7c00000, 0x00000000c7d00000, 0x00000000c7d00000|100%| O|  |TAMS 0x00000000c7c00000, 0x00000000c7c00000| Untracked 
| 125|0x00000000c7d00000, 0x00000000c7e00000, 0x00000000c7e00000|100%| O|  |TAMS 0x00000000c7d00000, 0x00000000c7d00000| Untracked 
| 126|0x00000000c7e00000, 0x00000000c7f00000, 0x00000000c7f00000|100%| O|  |TAMS 0x00000000c7e00000, 0x00000000c7e00000| Untracked 
| 127|0x00000000c7f00000, 0x00000000c8000000, 0x00000000c8000000|100%| O|  |TAMS 0x00000000c7f00000, 0x00000000c7f00000| Untracked 
| 128|0x00000000c8000000, 0x00000000c8100000, 0x00000000c8100000|100%| O|  |TAMS 0x00000000c8000000, 0x00000000c8000000| Untracked 
| 129|0x00000000c8100000, 0x00000000c8200000, 0x00000000c8200000|100%| O|  |TAMS 0x00000000c8100000, 0x00000000c8100000| Untracked 
| 130|0x00000000c8200000, 0x00000000c8300000, 0x00000000c8300000|100%| O|  |TAMS 0x00000000c8200000, 0x00000000c8200000| Untracked 
| 131|0x00000000c8300000, 0x00000000c8400000, 0x00000000c8400000|100%| O|  |TAMS 0x00000000c8300000, 0x00000000c8300000| Untracked 
| 132|0x00000000c8400000, 0x00000000c8500000, 0x00000000c8500000|100%| O|  |TAMS 0x00000000c8400000, 0x00000000c8400000| Untracked 
| 133|0x00000000c8500000, 0x00000000c8600000, 0x00000000c8600000|100%| O|  |TAMS 0x00000000c8500000, 0x00000000c8500000| Untracked 
| 134|0x00000000c8600000, 0x00000000c8700000, 0x00000000c8700000|100%| O|  |TAMS 0x00000000c8600000, 0x00000000c8600000| Untracked 
| 135|0x00000000c8700000, 0x00000000c8800000, 0x00000000c8800000|100%| O|  |TAMS 0x00000000c8700000, 0x00000000c8700000| Untracked 
| 136|0x00000000c8800000, 0x00000000c8900000, 0x00000000c8900000|100%| O|  |TAMS 0x00000000c8800000, 0x00000000c8800000| Untracked 
| 137|0x00000000c8900000, 0x00000000c8a00000, 0x00000000c8a00000|100%| O|  |TAMS 0x00000000c8900000, 0x00000000c8900000| Untracked 
| 138|0x00000000c8a00000, 0x00000000c8b00000, 0x00000000c8b00000|100%| O|  |TAMS 0x00000000c8a00000, 0x00000000c8a00000| Untracked 
| 139|0x00000000c8b00000, 0x00000000c8c00000, 0x00000000c8c00000|100%| O|  |TAMS 0x00000000c8b00000, 0x00000000c8b00000| Untracked 
| 140|0x00000000c8c00000, 0x00000000c8d00000, 0x00000000c8d00000|100%| O|  |TAMS 0x00000000c8c00000, 0x00000000c8c00000| Untracked 
| 141|0x00000000c8d00000, 0x00000000c8e00000, 0x00000000c8e00000|100%| O|  |TAMS 0x00000000c8d00000, 0x00000000c8d00000| Untracked 
| 142|0x00000000c8e00000, 0x00000000c8f00000, 0x00000000c8f00000|100%| O|  |TAMS 0x00000000c8e00000, 0x00000000c8e00000| Untracked 
| 143|0x00000000c8f00000, 0x00000000c9000000, 0x00000000c9000000|100%| O|  |TAMS 0x00000000c8f00000, 0x00000000c8f00000| Untracked 
| 144|0x00000000c9000000, 0x00000000c9100000, 0x00000000c9100000|100%| O|  |TAMS 0x00000000c9000000, 0x00000000c9000000| Untracked 
| 145|0x00000000c9100000, 0x00000000c9200000, 0x00000000c9200000|100%| O|  |TAMS 0x00000000c9100000, 0x00000000c9100000| Untracked 
| 146|0x00000000c9200000, 0x00000000c9300000, 0x00000000c9300000|100%| O|  |TAMS 0x00000000c9200000, 0x00000000c9200000| Untracked 
| 147|0x00000000c9300000, 0x00000000c932c800, 0x00000000c9400000| 17%| O|  |TAMS 0x00000000c9300000, 0x00000000c9300000| Untracked 
| 148|0x00000000c9400000, 0x00000000c9400000, 0x00000000c9500000|  0%| F|  |TAMS 0x00000000c9400000, 0x00000000c9400000| Untracked 
| 149|0x00000000c9500000, 0x00000000c9500000, 0x00000000c9600000|  0%| F|  |TAMS 0x00000000c9500000, 0x00000000c9500000| Untracked 
| 150|0x00000000c9600000, 0x00000000c9600000, 0x00000000c9700000|  0%| F|  |TAMS 0x00000000c9600000, 0x00000000c9600000| Untracked 
| 151|0x00000000c9700000, 0x00000000c9700000, 0x00000000c9800000|  0%| F|  |TAMS 0x00000000c9700000, 0x00000000c9700000| Untracked 
| 152|0x00000000c9800000, 0x00000000c9800000, 0x00000000c9900000|  0%| F|  |TAMS 0x00000000c9800000, 0x00000000c9800000| Untracked 
| 153|0x00000000c9900000, 0x00000000c9900000, 0x00000000c9a00000|  0%| F|  |TAMS 0x00000000c9900000, 0x00000000c9900000| Untracked 
| 154|0x00000000c9a00000, 0x00000000c9a00000, 0x00000000c9b00000|  0%| F|  |TAMS 0x00000000c9a00000, 0x00000000c9a00000| Untracked 
| 155|0x00000000c9b00000, 0x00000000c9b00000, 0x00000000c9c00000|  0%| F|  |TAMS 0x00000000c9b00000, 0x00000000c9b00000| Untracked 
| 156|0x00000000c9c00000, 0x00000000c9c00000, 0x00000000c9d00000|  0%| F|  |TAMS 0x00000000c9c00000, 0x00000000c9c00000| Untracked 
| 157|0x00000000c9d00000, 0x00000000c9d00000, 0x00000000c9e00000|  0%| F|  |TAMS 0x00000000c9d00000, 0x00000000c9d00000| Untracked 
| 158|0x00000000c9e00000, 0x00000000c9e00000, 0x00000000c9f00000|  0%| F|  |TAMS 0x00000000c9e00000, 0x00000000c9e00000| Untracked 
| 159|0x00000000c9f00000, 0x00000000c9f00000, 0x00000000ca000000|  0%| F|  |TAMS 0x00000000c9f00000, 0x00000000c9f00000| Untracked 
| 160|0x00000000ca000000, 0x00000000ca000000, 0x00000000ca100000|  0%| F|  |TAMS 0x00000000ca000000, 0x00000000ca000000| Untracked 
| 161|0x00000000ca100000, 0x00000000ca100000, 0x00000000ca200000|  0%| F|  |TAMS 0x00000000ca100000, 0x00000000ca100000| Untracked 
| 162|0x00000000ca200000, 0x00000000ca200000, 0x00000000ca300000|  0%| F|  |TAMS 0x00000000ca200000, 0x00000000ca200000| Untracked 
| 163|0x00000000ca300000, 0x00000000ca300000, 0x00000000ca400000|  0%| F|  |TAMS 0x00000000ca300000, 0x00000000ca300000| Untracked 
| 164|0x00000000ca400000, 0x00000000ca400000, 0x00000000ca500000|  0%| F|  |TAMS 0x00000000ca400000, 0x00000000ca400000| Untracked 
| 165|0x00000000ca500000, 0x00000000ca500000, 0x00000000ca600000|  0%| F|  |TAMS 0x00000000ca500000, 0x00000000ca500000| Untracked 
| 166|0x00000000ca600000, 0x00000000ca600000, 0x00000000ca700000|  0%| F|  |TAMS 0x00000000ca600000, 0x00000000ca600000| Untracked 
| 167|0x00000000ca700000, 0x00000000ca700000, 0x00000000ca800000|  0%| F|  |TAMS 0x00000000ca700000, 0x00000000ca700000| Untracked 
| 168|0x00000000ca800000, 0x00000000ca800000, 0x00000000ca900000|  0%| F|  |TAMS 0x00000000ca800000, 0x00000000ca800000| Untracked 
| 169|0x00000000ca900000, 0x00000000ca900000, 0x00000000caa00000|  0%| F|  |TAMS 0x00000000ca900000, 0x00000000ca900000| Untracked 
| 170|0x00000000caa00000, 0x00000000caa00000, 0x00000000cab00000|  0%| F|  |TAMS 0x00000000caa00000, 0x00000000caa00000| Untracked 
| 171|0x00000000cab00000, 0x00000000cab00000, 0x00000000cac00000|  0%| F|  |TAMS 0x00000000cab00000, 0x00000000cab00000| Untracked 
| 172|0x00000000cac00000, 0x00000000cac00000, 0x00000000cad00000|  0%| F|  |TAMS 0x00000000cac00000, 0x00000000cac00000| Untracked 
| 173|0x00000000cad00000, 0x00000000cad00000, 0x00000000cae00000|  0%| F|  |TAMS 0x00000000cad00000, 0x00000000cad00000| Untracked 
| 174|0x00000000cae00000, 0x00000000cae00000, 0x00000000caf00000|  0%| F|  |TAMS 0x00000000cae00000, 0x00000000cae00000| Untracked 
| 175|0x00000000caf00000, 0x00000000caf00000, 0x00000000cb000000|  0%| F|  |TAMS 0x00000000caf00000, 0x00000000caf00000| Untracked 
| 176|0x00000000cb000000, 0x00000000cb000000, 0x00000000cb100000|  0%| F|  |TAMS 0x00000000cb000000, 0x00000000cb000000| Untracked 
| 177|0x00000000cb100000, 0x00000000cb100000, 0x00000000cb200000|  0%| F|  |TAMS 0x00000000cb100000, 0x00000000cb100000| Untracked 
| 178|0x00000000cb200000, 0x00000000cb200000, 0x00000000cb300000|  0%| F|  |TAMS 0x00000000cb200000, 0x00000000cb200000| Untracked 
| 179|0x00000000cb300000, 0x00000000cb300000, 0x00000000cb400000|  0%| F|  |TAMS 0x00000000cb300000, 0x00000000cb300000| Untracked 
| 180|0x00000000cb400000, 0x00000000cb400000, 0x00000000cb500000|  0%| F|  |TAMS 0x00000000cb400000, 0x00000000cb400000| Untracked 
| 181|0x00000000cb500000, 0x00000000cb500000, 0x00000000cb600000|  0%| F|  |TAMS 0x00000000cb500000, 0x00000000cb500000| Untracked 
| 182|0x00000000cb600000, 0x00000000cb600000, 0x00000000cb700000|  0%| F|  |TAMS 0x00000000cb600000, 0x00000000cb600000| Untracked 
| 183|0x00000000cb700000, 0x00000000cb700000, 0x00000000cb800000|  0%| F|  |TAMS 0x00000000cb700000, 0x00000000cb700000| Untracked 
| 184|0x00000000cb800000, 0x00000000cb800000, 0x00000000cb900000|  0%| F|  |TAMS 0x00000000cb800000, 0x00000000cb800000| Untracked 
| 185|0x00000000cb900000, 0x00000000cb900000, 0x00000000cba00000|  0%| F|  |TAMS 0x00000000cb900000, 0x00000000cb900000| Untracked 
| 186|0x00000000cba00000, 0x00000000cba00000, 0x00000000cbb00000|  0%| F|  |TAMS 0x00000000cba00000, 0x00000000cba00000| Untracked 
| 187|0x00000000cbb00000, 0x00000000cbb00000, 0x00000000cbc00000|  0%| F|  |TAMS 0x00000000cbb00000, 0x00000000cbb00000| Untracked 
| 188|0x00000000cbc00000, 0x00000000cbc00000, 0x00000000cbd00000|  0%| F|  |TAMS 0x00000000cbc00000, 0x00000000cbc00000| Untracked 
| 189|0x00000000cbd00000, 0x00000000cbd00000, 0x00000000cbe00000|  0%| F|  |TAMS 0x00000000cbd00000, 0x00000000cbd00000| Untracked 
| 190|0x00000000cbe00000, 0x00000000cbe00000, 0x00000000cbf00000|  0%| F|  |TAMS 0x00000000cbe00000, 0x00000000cbe00000| Untracked 
| 191|0x00000000cbf00000, 0x00000000cbf00000, 0x00000000cc000000|  0%| F|  |TAMS 0x00000000cbf00000, 0x00000000cbf00000| Untracked 
| 192|0x00000000cc000000, 0x00000000cc000000, 0x00000000cc100000|  0%| F|  |TAMS 0x00000000cc000000, 0x00000000cc000000| Untracked 
| 193|0x00000000cc100000, 0x00000000cc100000, 0x00000000cc200000|  0%| F|  |TAMS 0x00000000cc100000, 0x00000000cc100000| Untracked 
| 194|0x00000000cc200000, 0x00000000cc200000, 0x00000000cc300000|  0%| F|  |TAMS 0x00000000cc200000, 0x00000000cc200000| Untracked 
| 195|0x00000000cc300000, 0x00000000cc300000, 0x00000000cc400000|  0%| F|  |TAMS 0x00000000cc300000, 0x00000000cc300000| Untracked 
| 196|0x00000000cc400000, 0x00000000cc4b46a8, 0x00000000cc500000| 70%| S|CS|TAMS 0x00000000cc400000, 0x00000000cc400000| Complete 
| 197|0x00000000cc500000, 0x00000000cc600000, 0x00000000cc600000|100%| S|CS|TAMS 0x00000000cc500000, 0x00000000cc500000| Complete 
| 198|0x00000000cc600000, 0x00000000cc700000, 0x00000000cc700000|100%| S|CS|TAMS 0x00000000cc600000, 0x00000000cc600000| Complete 
| 199|0x00000000cc700000, 0x00000000cc800000, 0x00000000cc800000|100%| S|CS|TAMS 0x00000000cc700000, 0x00000000cc700000| Complete 
| 200|0x00000000cc800000, 0x00000000cc900000, 0x00000000cc900000|100%| S|CS|TAMS 0x00000000cc800000, 0x00000000cc800000| Complete 
| 201|0x00000000cc900000, 0x00000000cca00000, 0x00000000cca00000|100%| S|CS|TAMS 0x00000000cc900000, 0x00000000cc900000| Complete 
| 202|0x00000000cca00000, 0x00000000ccb00000, 0x00000000ccb00000|100%| S|CS|TAMS 0x00000000cca00000, 0x00000000cca00000| Complete 
| 203|0x00000000ccb00000, 0x00000000ccc00000, 0x00000000ccc00000|100%| S|CS|TAMS 0x00000000ccb00000, 0x00000000ccb00000| Complete 
| 204|0x00000000ccc00000, 0x00000000ccd00000, 0x00000000ccd00000|100%| S|CS|TAMS 0x00000000ccc00000, 0x00000000ccc00000| Complete 
| 205|0x00000000ccd00000, 0x00000000cce00000, 0x00000000cce00000|100%| S|CS|TAMS 0x00000000ccd00000, 0x00000000ccd00000| Complete 
| 206|0x00000000cce00000, 0x00000000ccf00000, 0x00000000ccf00000|100%| S|CS|TAMS 0x00000000cce00000, 0x00000000cce00000| Complete 
| 207|0x00000000ccf00000, 0x00000000cd000000, 0x00000000cd000000|100%| S|CS|TAMS 0x00000000ccf00000, 0x00000000ccf00000| Complete 
| 208|0x00000000cd000000, 0x00000000cd100000, 0x00000000cd100000|100%| S|CS|TAMS 0x00000000cd000000, 0x00000000cd000000| Complete 
| 209|0x00000000cd100000, 0x00000000cd200000, 0x00000000cd200000|100%| S|CS|TAMS 0x00000000cd100000, 0x00000000cd100000| Complete 
| 210|0x00000000cd200000, 0x00000000cd300000, 0x00000000cd300000|100%| S|CS|TAMS 0x00000000cd200000, 0x00000000cd200000| Complete 
| 211|0x00000000cd300000, 0x00000000cd300000, 0x00000000cd400000|  0%| F|  |TAMS 0x00000000cd300000, 0x00000000cd300000| Untracked 
| 212|0x00000000cd400000, 0x00000000cd400000, 0x00000000cd500000|  0%| F|  |TAMS 0x00000000cd400000, 0x00000000cd400000| Untracked 
| 213|0x00000000cd500000, 0x00000000cd500000, 0x00000000cd600000|  0%| F|  |TAMS 0x00000000cd500000, 0x00000000cd500000| Untracked 
| 214|0x00000000cd600000, 0x00000000cd600000, 0x00000000cd700000|  0%| F|  |TAMS 0x00000000cd600000, 0x00000000cd600000| Untracked 
| 215|0x00000000cd700000, 0x00000000cd700000, 0x00000000cd800000|  0%| F|  |TAMS 0x00000000cd700000, 0x00000000cd700000| Untracked 
| 216|0x00000000cd800000, 0x00000000cd800000, 0x00000000cd900000|  0%| F|  |TAMS 0x00000000cd800000, 0x00000000cd800000| Untracked 
| 217|0x00000000cd900000, 0x00000000cd900000, 0x00000000cda00000|  0%| F|  |TAMS 0x00000000cd900000, 0x00000000cd900000| Untracked 
| 218|0x00000000cda00000, 0x00000000cda00000, 0x00000000cdb00000|  0%| F|  |TAMS 0x00000000cda00000, 0x00000000cda00000| Untracked 
| 219|0x00000000cdb00000, 0x00000000cdb00000, 0x00000000cdc00000|  0%| F|  |TAMS 0x00000000cdb00000, 0x00000000cdb00000| Untracked 
| 220|0x00000000cdc00000, 0x00000000cdc00000, 0x00000000cdd00000|  0%| F|  |TAMS 0x00000000cdc00000, 0x00000000cdc00000| Untracked 
| 221|0x00000000cdd00000, 0x00000000cdd00000, 0x00000000cde00000|  0%| F|  |TAMS 0x00000000cdd00000, 0x00000000cdd00000| Untracked 
| 222|0x00000000cde00000, 0x00000000cde00000, 0x00000000cdf00000|  0%| F|  |TAMS 0x00000000cde00000, 0x00000000cde00000| Untracked 
| 223|0x00000000cdf00000, 0x00000000cdf00000, 0x00000000ce000000|  0%| F|  |TAMS 0x00000000cdf00000, 0x00000000cdf00000| Untracked 
| 224|0x00000000ce000000, 0x00000000ce000000, 0x00000000ce100000|  0%| F|  |TAMS 0x00000000ce000000, 0x00000000ce000000| Untracked 
| 225|0x00000000ce100000, 0x00000000ce100000, 0x00000000ce200000|  0%| F|  |TAMS 0x00000000ce100000, 0x00000000ce100000| Untracked 
| 226|0x00000000ce200000, 0x00000000ce200000, 0x00000000ce300000|  0%| F|  |TAMS 0x00000000ce200000, 0x00000000ce200000| Untracked 
| 227|0x00000000ce300000, 0x00000000ce300000, 0x00000000ce400000|  0%| F|  |TAMS 0x00000000ce300000, 0x00000000ce300000| Untracked 
| 228|0x00000000ce400000, 0x00000000ce400000, 0x00000000ce500000|  0%| F|  |TAMS 0x00000000ce400000, 0x00000000ce400000| Untracked 
| 229|0x00000000ce500000, 0x00000000ce500000, 0x00000000ce600000|  0%| F|  |TAMS 0x00000000ce500000, 0x00000000ce500000| Untracked 
| 230|0x00000000ce600000, 0x00000000ce600000, 0x00000000ce700000|  0%| F|  |TAMS 0x00000000ce600000, 0x00000000ce600000| Untracked 
| 231|0x00000000ce700000, 0x00000000ce700000, 0x00000000ce800000|  0%| F|  |TAMS 0x00000000ce700000, 0x00000000ce700000| Untracked 
| 232|0x00000000ce800000, 0x00000000ce800000, 0x00000000ce900000|  0%| F|  |TAMS 0x00000000ce800000, 0x00000000ce800000| Untracked 
| 233|0x00000000ce900000, 0x00000000ce900000, 0x00000000cea00000|  0%| F|  |TAMS 0x00000000ce900000, 0x00000000ce900000| Untracked 
| 234|0x00000000cea00000, 0x00000000cea00000, 0x00000000ceb00000|  0%| F|  |TAMS 0x00000000cea00000, 0x00000000cea00000| Untracked 
| 235|0x00000000ceb00000, 0x00000000ceb00000, 0x00000000cec00000|  0%| F|  |TAMS 0x00000000ceb00000, 0x00000000ceb00000| Untracked 
| 236|0x00000000cec00000, 0x00000000cec00000, 0x00000000ced00000|  0%| F|  |TAMS 0x00000000cec00000, 0x00000000cec00000| Untracked 
| 237|0x00000000ced00000, 0x00000000ced00000, 0x00000000cee00000|  0%| F|  |TAMS 0x00000000ced00000, 0x00000000ced00000| Untracked 
| 238|0x00000000cee00000, 0x00000000cee00000, 0x00000000cef00000|  0%| F|  |TAMS 0x00000000cee00000, 0x00000000cee00000| Untracked 
| 239|0x00000000cef00000, 0x00000000cef00000, 0x00000000cf000000|  0%| F|  |TAMS 0x00000000cef00000, 0x00000000cef00000| Untracked 
| 240|0x00000000cf000000, 0x00000000cf000000, 0x00000000cf100000|  0%| F|  |TAMS 0x00000000cf000000, 0x00000000cf000000| Untracked 
| 241|0x00000000cf100000, 0x00000000cf100000, 0x00000000cf200000|  0%| F|  |TAMS 0x00000000cf100000, 0x00000000cf100000| Untracked 
| 242|0x00000000cf200000, 0x00000000cf200000, 0x00000000cf300000|  0%| F|  |TAMS 0x00000000cf200000, 0x00000000cf200000| Untracked 
| 243|0x00000000cf300000, 0x00000000cf300000, 0x00000000cf400000|  0%| F|  |TAMS 0x00000000cf300000, 0x00000000cf300000| Untracked 
| 244|0x00000000cf400000, 0x00000000cf400000, 0x00000000cf500000|  0%| F|  |TAMS 0x00000000cf400000, 0x00000000cf400000| Untracked 
| 245|0x00000000cf500000, 0x00000000cf500000, 0x00000000cf600000|  0%| F|  |TAMS 0x00000000cf500000, 0x00000000cf500000| Untracked 
| 246|0x00000000cf600000, 0x00000000cf600000, 0x00000000cf700000|  0%| F|  |TAMS 0x00000000cf600000, 0x00000000cf600000| Untracked 
| 247|0x00000000cf700000, 0x00000000cf700000, 0x00000000cf800000|  0%| F|  |TAMS 0x00000000cf700000, 0x00000000cf700000| Untracked 
| 248|0x00000000cf800000, 0x00000000cf800000, 0x00000000cf900000|  0%| F|  |TAMS 0x00000000cf800000, 0x00000000cf800000| Untracked 
| 249|0x00000000cf900000, 0x00000000cf900000, 0x00000000cfa00000|  0%| F|  |TAMS 0x00000000cf900000, 0x00000000cf900000| Untracked 
| 250|0x00000000cfa00000, 0x00000000cfa00000, 0x00000000cfb00000|  0%| F|  |TAMS 0x00000000cfa00000, 0x00000000cfa00000| Untracked 
| 251|0x00000000cfb00000, 0x00000000cfb00000, 0x00000000cfc00000|  0%| F|  |TAMS 0x00000000cfb00000, 0x00000000cfb00000| Untracked 
| 252|0x00000000cfc00000, 0x00000000cfc00000, 0x00000000cfd00000|  0%| F|  |TAMS 0x00000000cfc00000, 0x00000000cfc00000| Untracked 
| 253|0x00000000cfd00000, 0x00000000cfd00000, 0x00000000cfe00000|  0%| F|  |TAMS 0x00000000cfd00000, 0x00000000cfd00000| Untracked 
| 254|0x00000000cfe00000, 0x00000000cfe00000, 0x00000000cff00000|  0%| F|  |TAMS 0x00000000cfe00000, 0x00000000cfe00000| Untracked 
| 255|0x00000000cff00000, 0x00000000cff00000, 0x00000000d0000000|  0%| F|  |TAMS 0x00000000cff00000, 0x00000000cff00000| Untracked 
| 256|0x00000000d0000000, 0x00000000d0000000, 0x00000000d0100000|  0%| F|  |TAMS 0x00000000d0000000, 0x00000000d0000000| Untracked 
| 257|0x00000000d0100000, 0x00000000d0100000, 0x00000000d0200000|  0%| F|  |TAMS 0x00000000d0100000, 0x00000000d0100000| Untracked 
| 258|0x00000000d0200000, 0x00000000d0200000, 0x00000000d0300000|  0%| F|  |TAMS 0x00000000d0200000, 0x00000000d0200000| Untracked 
| 259|0x00000000d0300000, 0x00000000d0300000, 0x00000000d0400000|  0%| F|  |TAMS 0x00000000d0300000, 0x00000000d0300000| Untracked 
| 260|0x00000000d0400000, 0x00000000d0400000, 0x00000000d0500000|  0%| F|  |TAMS 0x00000000d0400000, 0x00000000d0400000| Untracked 
| 261|0x00000000d0500000, 0x00000000d0500000, 0x00000000d0600000|  0%| F|  |TAMS 0x00000000d0500000, 0x00000000d0500000| Untracked 
| 262|0x00000000d0600000, 0x00000000d0600000, 0x00000000d0700000|  0%| F|  |TAMS 0x00000000d0600000, 0x00000000d0600000| Untracked 
| 263|0x00000000d0700000, 0x00000000d0700000, 0x00000000d0800000|  0%| F|  |TAMS 0x00000000d0700000, 0x00000000d0700000| Untracked 
| 264|0x00000000d0800000, 0x00000000d0800000, 0x00000000d0900000|  0%| F|  |TAMS 0x00000000d0800000, 0x00000000d0800000| Untracked 
| 265|0x00000000d0900000, 0x00000000d0900000, 0x00000000d0a00000|  0%| F|  |TAMS 0x00000000d0900000, 0x00000000d0900000| Untracked 
| 266|0x00000000d0a00000, 0x00000000d0a00000, 0x00000000d0b00000|  0%| F|  |TAMS 0x00000000d0a00000, 0x00000000d0a00000| Untracked 
| 267|0x00000000d0b00000, 0x00000000d0b00000, 0x00000000d0c00000|  0%| F|  |TAMS 0x00000000d0b00000, 0x00000000d0b00000| Untracked 
| 268|0x00000000d0c00000, 0x00000000d0c00000, 0x00000000d0d00000|  0%| F|  |TAMS 0x00000000d0c00000, 0x00000000d0c00000| Untracked 
| 269|0x00000000d0d00000, 0x00000000d0d00000, 0x00000000d0e00000|  0%| F|  |TAMS 0x00000000d0d00000, 0x00000000d0d00000| Untracked 
| 270|0x00000000d0e00000, 0x00000000d0e00000, 0x00000000d0f00000|  0%| F|  |TAMS 0x00000000d0e00000, 0x00000000d0e00000| Untracked 
| 271|0x00000000d0f00000, 0x00000000d0f00000, 0x00000000d1000000|  0%| F|  |TAMS 0x00000000d0f00000, 0x00000000d0f00000| Untracked 
| 272|0x00000000d1000000, 0x00000000d1000000, 0x00000000d1100000|  0%| F|  |TAMS 0x00000000d1000000, 0x00000000d1000000| Untracked 
| 273|0x00000000d1100000, 0x00000000d1100000, 0x00000000d1200000|  0%| F|  |TAMS 0x00000000d1100000, 0x00000000d1100000| Untracked 
| 274|0x00000000d1200000, 0x00000000d1200000, 0x00000000d1300000|  0%| F|  |TAMS 0x00000000d1200000, 0x00000000d1200000| Untracked 
| 275|0x00000000d1300000, 0x00000000d1300000, 0x00000000d1400000|  0%| F|  |TAMS 0x00000000d1300000, 0x00000000d1300000| Untracked 
| 276|0x00000000d1400000, 0x00000000d1400000, 0x00000000d1500000|  0%| F|  |TAMS 0x00000000d1400000, 0x00000000d1400000| Untracked 
| 277|0x00000000d1500000, 0x00000000d1500000, 0x00000000d1600000|  0%| F|  |TAMS 0x00000000d1500000, 0x00000000d1500000| Untracked 
| 278|0x00000000d1600000, 0x00000000d1600000, 0x00000000d1700000|  0%| F|  |TAMS 0x00000000d1600000, 0x00000000d1600000| Untracked 
| 279|0x00000000d1700000, 0x00000000d1700000, 0x00000000d1800000|  0%| F|  |TAMS 0x00000000d1700000, 0x00000000d1700000| Untracked 
| 280|0x00000000d1800000, 0x00000000d1800000, 0x00000000d1900000|  0%| F|  |TAMS 0x00000000d1800000, 0x00000000d1800000| Untracked 
| 281|0x00000000d1900000, 0x00000000d1900000, 0x00000000d1a00000|  0%| F|  |TAMS 0x00000000d1900000, 0x00000000d1900000| Untracked 
| 282|0x00000000d1a00000, 0x00000000d1a00000, 0x00000000d1b00000|  0%| F|  |TAMS 0x00000000d1a00000, 0x00000000d1a00000| Untracked 
| 283|0x00000000d1b00000, 0x00000000d1b00000, 0x00000000d1c00000|  0%| F|  |TAMS 0x00000000d1b00000, 0x00000000d1b00000| Untracked 
| 284|0x00000000d1c00000, 0x00000000d1c00000, 0x00000000d1d00000|  0%| F|  |TAMS 0x00000000d1c00000, 0x00000000d1c00000| Untracked 
| 285|0x00000000d1d00000, 0x00000000d1d00000, 0x00000000d1e00000|  0%| F|  |TAMS 0x00000000d1d00000, 0x00000000d1d00000| Untracked 
| 286|0x00000000d1e00000, 0x00000000d1e00000, 0x00000000d1f00000|  0%| F|  |TAMS 0x00000000d1e00000, 0x00000000d1e00000| Untracked 
| 287|0x00000000d1f00000, 0x00000000d1f00000, 0x00000000d2000000|  0%| F|  |TAMS 0x00000000d1f00000, 0x00000000d1f00000| Untracked 
| 288|0x00000000d2000000, 0x00000000d2000000, 0x00000000d2100000|  0%| F|  |TAMS 0x00000000d2000000, 0x00000000d2000000| Untracked 
| 289|0x00000000d2100000, 0x00000000d2100000, 0x00000000d2200000|  0%| F|  |TAMS 0x00000000d2100000, 0x00000000d2100000| Untracked 
| 290|0x00000000d2200000, 0x00000000d2200000, 0x00000000d2300000|  0%| F|  |TAMS 0x00000000d2200000, 0x00000000d2200000| Untracked 
| 291|0x00000000d2300000, 0x00000000d2300000, 0x00000000d2400000|  0%| F|  |TAMS 0x00000000d2300000, 0x00000000d2300000| Untracked 
| 292|0x00000000d2400000, 0x00000000d2400000, 0x00000000d2500000|  0%| F|  |TAMS 0x00000000d2400000, 0x00000000d2400000| Untracked 
| 293|0x00000000d2500000, 0x00000000d2500000, 0x00000000d2600000|  0%| F|  |TAMS 0x00000000d2500000, 0x00000000d2500000| Untracked 
| 294|0x00000000d2600000, 0x00000000d2600000, 0x00000000d2700000|  0%| F|  |TAMS 0x00000000d2600000, 0x00000000d2600000| Untracked 
| 295|0x00000000d2700000, 0x00000000d2700000, 0x00000000d2800000|  0%| F|  |TAMS 0x00000000d2700000, 0x00000000d2700000| Untracked 
| 296|0x00000000d2800000, 0x00000000d2800000, 0x00000000d2900000|  0%| F|  |TAMS 0x00000000d2800000, 0x00000000d2800000| Untracked 
| 297|0x00000000d2900000, 0x00000000d2900000, 0x00000000d2a00000|  0%| F|  |TAMS 0x00000000d2900000, 0x00000000d2900000| Untracked 
| 298|0x00000000d2a00000, 0x00000000d2a00000, 0x00000000d2b00000|  0%| F|  |TAMS 0x00000000d2a00000, 0x00000000d2a00000| Untracked 
| 299|0x00000000d2b00000, 0x00000000d2b00000, 0x00000000d2c00000|  0%| F|  |TAMS 0x00000000d2b00000, 0x00000000d2b00000| Untracked 
| 300|0x00000000d2c00000, 0x00000000d2c00000, 0x00000000d2d00000|  0%| F|  |TAMS 0x00000000d2c00000, 0x00000000d2c00000| Untracked 
| 301|0x00000000d2d00000, 0x00000000d2d00000, 0x00000000d2e00000|  0%| F|  |TAMS 0x00000000d2d00000, 0x00000000d2d00000| Untracked 
| 302|0x00000000d2e00000, 0x00000000d2e00000, 0x00000000d2f00000|  0%| F|  |TAMS 0x00000000d2e00000, 0x00000000d2e00000| Untracked 
| 303|0x00000000d2f00000, 0x00000000d2f00000, 0x00000000d3000000|  0%| F|  |TAMS 0x00000000d2f00000, 0x00000000d2f00000| Untracked 
| 304|0x00000000d3000000, 0x00000000d3000000, 0x00000000d3100000|  0%| F|  |TAMS 0x00000000d3000000, 0x00000000d3000000| Untracked 
| 305|0x00000000d3100000, 0x00000000d3100000, 0x00000000d3200000|  0%| F|  |TAMS 0x00000000d3100000, 0x00000000d3100000| Untracked 
| 306|0x00000000d3200000, 0x00000000d3200000, 0x00000000d3300000|  0%| F|  |TAMS 0x00000000d3200000, 0x00000000d3200000| Untracked 
| 307|0x00000000d3300000, 0x00000000d3300000, 0x00000000d3400000|  0%| F|  |TAMS 0x00000000d3300000, 0x00000000d3300000| Untracked 
| 308|0x00000000d3400000, 0x00000000d3400000, 0x00000000d3500000|  0%| F|  |TAMS 0x00000000d3400000, 0x00000000d3400000| Untracked 
| 309|0x00000000d3500000, 0x00000000d3500000, 0x00000000d3600000|  0%| F|  |TAMS 0x00000000d3500000, 0x00000000d3500000| Untracked 
| 310|0x00000000d3600000, 0x00000000d3600000, 0x00000000d3700000|  0%| F|  |TAMS 0x00000000d3600000, 0x00000000d3600000| Untracked 
| 311|0x00000000d3700000, 0x00000000d3700000, 0x00000000d3800000|  0%| F|  |TAMS 0x00000000d3700000, 0x00000000d3700000| Untracked 
| 312|0x00000000d3800000, 0x00000000d3800000, 0x00000000d3900000|  0%| F|  |TAMS 0x00000000d3800000, 0x00000000d3800000| Untracked 
| 313|0x00000000d3900000, 0x00000000d3900000, 0x00000000d3a00000|  0%| F|  |TAMS 0x00000000d3900000, 0x00000000d3900000| Untracked 
| 314|0x00000000d3a00000, 0x00000000d3a00000, 0x00000000d3b00000|  0%| F|  |TAMS 0x00000000d3a00000, 0x00000000d3a00000| Untracked 
| 315|0x00000000d3b00000, 0x00000000d3b00000, 0x00000000d3c00000|  0%| F|  |TAMS 0x00000000d3b00000, 0x00000000d3b00000| Untracked 
| 316|0x00000000d3c00000, 0x00000000d3c00000, 0x00000000d3d00000|  0%| F|  |TAMS 0x00000000d3c00000, 0x00000000d3c00000| Untracked 
| 317|0x00000000d3d00000, 0x00000000d3d00000, 0x00000000d3e00000|  0%| F|  |TAMS 0x00000000d3d00000, 0x00000000d3d00000| Untracked 
| 318|0x00000000d3e00000, 0x00000000d3e00000, 0x00000000d3f00000|  0%| F|  |TAMS 0x00000000d3e00000, 0x00000000d3e00000| Untracked 
| 319|0x00000000d3f00000, 0x00000000d3f00000, 0x00000000d4000000|  0%| F|  |TAMS 0x00000000d3f00000, 0x00000000d3f00000| Untracked 
| 320|0x00000000d4000000, 0x00000000d4000000, 0x00000000d4100000|  0%| F|  |TAMS 0x00000000d4000000, 0x00000000d4000000| Untracked 
| 321|0x00000000d4100000, 0x00000000d4100000, 0x00000000d4200000|  0%| F|  |TAMS 0x00000000d4100000, 0x00000000d4100000| Untracked 
| 322|0x00000000d4200000, 0x00000000d4200000, 0x00000000d4300000|  0%| F|  |TAMS 0x00000000d4200000, 0x00000000d4200000| Untracked 
| 323|0x00000000d4300000, 0x00000000d4300000, 0x00000000d4400000|  0%| F|  |TAMS 0x00000000d4300000, 0x00000000d4300000| Untracked 
| 324|0x00000000d4400000, 0x00000000d4400000, 0x00000000d4500000|  0%| F|  |TAMS 0x00000000d4400000, 0x00000000d4400000| Untracked 
| 325|0x00000000d4500000, 0x00000000d4500000, 0x00000000d4600000|  0%| F|  |TAMS 0x00000000d4500000, 0x00000000d4500000| Untracked 
| 326|0x00000000d4600000, 0x00000000d4600000, 0x00000000d4700000|  0%| F|  |TAMS 0x00000000d4600000, 0x00000000d4600000| Untracked 
| 327|0x00000000d4700000, 0x00000000d4700000, 0x00000000d4800000|  0%| F|  |TAMS 0x00000000d4700000, 0x00000000d4700000| Untracked 
| 328|0x00000000d4800000, 0x00000000d4800000, 0x00000000d4900000|  0%| F|  |TAMS 0x00000000d4800000, 0x00000000d4800000| Untracked 
| 329|0x00000000d4900000, 0x00000000d4900000, 0x00000000d4a00000|  0%| F|  |TAMS 0x00000000d4900000, 0x00000000d4900000| Untracked 
| 330|0x00000000d4a00000, 0x00000000d4a00000, 0x00000000d4b00000|  0%| F|  |TAMS 0x00000000d4a00000, 0x00000000d4a00000| Untracked 
| 331|0x00000000d4b00000, 0x00000000d4b00000, 0x00000000d4c00000|  0%| F|  |TAMS 0x00000000d4b00000, 0x00000000d4b00000| Untracked 
| 332|0x00000000d4c00000, 0x00000000d4c00000, 0x00000000d4d00000|  0%| F|  |TAMS 0x00000000d4c00000, 0x00000000d4c00000| Untracked 
| 333|0x00000000d4d00000, 0x00000000d4d00000, 0x00000000d4e00000|  0%| F|  |TAMS 0x00000000d4d00000, 0x00000000d4d00000| Untracked 
| 334|0x00000000d4e00000, 0x00000000d4e00000, 0x00000000d4f00000|  0%| F|  |TAMS 0x00000000d4e00000, 0x00000000d4e00000| Untracked 
| 335|0x00000000d4f00000, 0x00000000d4f00000, 0x00000000d5000000|  0%| F|  |TAMS 0x00000000d4f00000, 0x00000000d4f00000| Untracked 
| 336|0x00000000d5000000, 0x00000000d5000000, 0x00000000d5100000|  0%| F|  |TAMS 0x00000000d5000000, 0x00000000d5000000| Untracked 
| 337|0x00000000d5100000, 0x00000000d5100000, 0x00000000d5200000|  0%| F|  |TAMS 0x00000000d5100000, 0x00000000d5100000| Untracked 
| 338|0x00000000d5200000, 0x00000000d5200000, 0x00000000d5300000|  0%| F|  |TAMS 0x00000000d5200000, 0x00000000d5200000| Untracked 
| 339|0x00000000d5300000, 0x00000000d5300000, 0x00000000d5400000|  0%| F|  |TAMS 0x00000000d5300000, 0x00000000d5300000| Untracked 
| 340|0x00000000d5400000, 0x00000000d5400000, 0x00000000d5500000|  0%| F|  |TAMS 0x00000000d5400000, 0x00000000d5400000| Untracked 
| 341|0x00000000d5500000, 0x00000000d5500000, 0x00000000d5600000|  0%| F|  |TAMS 0x00000000d5500000, 0x00000000d5500000| Untracked 
| 342|0x00000000d5600000, 0x00000000d5600000, 0x00000000d5700000|  0%| F|  |TAMS 0x00000000d5600000, 0x00000000d5600000| Untracked 
| 343|0x00000000d5700000, 0x00000000d5700000, 0x00000000d5800000|  0%| F|  |TAMS 0x00000000d5700000, 0x00000000d5700000| Untracked 
| 344|0x00000000d5800000, 0x00000000d5800000, 0x00000000d5900000|  0%| F|  |TAMS 0x00000000d5800000, 0x00000000d5800000| Untracked 
| 345|0x00000000d5900000, 0x00000000d5900000, 0x00000000d5a00000|  0%| F|  |TAMS 0x00000000d5900000, 0x00000000d5900000| Untracked 
| 346|0x00000000d5a00000, 0x00000000d5a00000, 0x00000000d5b00000|  0%| F|  |TAMS 0x00000000d5a00000, 0x00000000d5a00000| Untracked 
| 347|0x00000000d5b00000, 0x00000000d5b00000, 0x00000000d5c00000|  0%| F|  |TAMS 0x00000000d5b00000, 0x00000000d5b00000| Untracked 
| 348|0x00000000d5c00000, 0x00000000d5c00000, 0x00000000d5d00000|  0%| F|  |TAMS 0x00000000d5c00000, 0x00000000d5c00000| Untracked 
| 349|0x00000000d5d00000, 0x00000000d5d00000, 0x00000000d5e00000|  0%| F|  |TAMS 0x00000000d5d00000, 0x00000000d5d00000| Untracked 
| 350|0x00000000d5e00000, 0x00000000d5e00000, 0x00000000d5f00000|  0%| F|  |TAMS 0x00000000d5e00000, 0x00000000d5e00000| Untracked 
| 351|0x00000000d5f00000, 0x00000000d5f00000, 0x00000000d6000000|  0%| F|  |TAMS 0x00000000d5f00000, 0x00000000d5f00000| Untracked 
| 352|0x00000000d6000000, 0x00000000d6000000, 0x00000000d6100000|  0%| F|  |TAMS 0x00000000d6000000, 0x00000000d6000000| Untracked 
| 353|0x00000000d6100000, 0x00000000d6100000, 0x00000000d6200000|  0%| F|  |TAMS 0x00000000d6100000, 0x00000000d6100000| Untracked 
| 354|0x00000000d6200000, 0x00000000d6200000, 0x00000000d6300000|  0%| F|  |TAMS 0x00000000d6200000, 0x00000000d6200000| Untracked 
| 355|0x00000000d6300000, 0x00000000d6300000, 0x00000000d6400000|  0%| F|  |TAMS 0x00000000d6300000, 0x00000000d6300000| Untracked 
| 356|0x00000000d6400000, 0x00000000d6400000, 0x00000000d6500000|  0%| F|  |TAMS 0x00000000d6400000, 0x00000000d6400000| Untracked 
| 357|0x00000000d6500000, 0x00000000d6500000, 0x00000000d6600000|  0%| F|  |TAMS 0x00000000d6500000, 0x00000000d6500000| Untracked 
| 358|0x00000000d6600000, 0x00000000d6600000, 0x00000000d6700000|  0%| F|  |TAMS 0x00000000d6600000, 0x00000000d6600000| Untracked 
| 359|0x00000000d6700000, 0x00000000d6700000, 0x00000000d6800000|  0%| F|  |TAMS 0x00000000d6700000, 0x00000000d6700000| Untracked 
| 360|0x00000000d6800000, 0x00000000d6800000, 0x00000000d6900000|  0%| F|  |TAMS 0x00000000d6800000, 0x00000000d6800000| Untracked 
| 361|0x00000000d6900000, 0x00000000d6900000, 0x00000000d6a00000|  0%| F|  |TAMS 0x00000000d6900000, 0x00000000d6900000| Untracked 
| 362|0x00000000d6a00000, 0x00000000d6a00000, 0x00000000d6b00000|  0%| F|  |TAMS 0x00000000d6a00000, 0x00000000d6a00000| Untracked 
| 363|0x00000000d6b00000, 0x00000000d6b00000, 0x00000000d6c00000|  0%| F|  |TAMS 0x00000000d6b00000, 0x00000000d6b00000| Untracked 
| 364|0x00000000d6c00000, 0x00000000d6c00000, 0x00000000d6d00000|  0%| F|  |TAMS 0x00000000d6c00000, 0x00000000d6c00000| Untracked 
| 365|0x00000000d6d00000, 0x00000000d6d00000, 0x00000000d6e00000|  0%| F|  |TAMS 0x00000000d6d00000, 0x00000000d6d00000| Untracked 
| 366|0x00000000d6e00000, 0x00000000d6e00000, 0x00000000d6f00000|  0%| F|  |TAMS 0x00000000d6e00000, 0x00000000d6e00000| Untracked 
| 367|0x00000000d6f00000, 0x00000000d6f00000, 0x00000000d7000000|  0%| F|  |TAMS 0x00000000d6f00000, 0x00000000d6f00000| Untracked 
| 368|0x00000000d7000000, 0x00000000d7000000, 0x00000000d7100000|  0%| F|  |TAMS 0x00000000d7000000, 0x00000000d7000000| Untracked 
| 369|0x00000000d7100000, 0x00000000d7100000, 0x00000000d7200000|  0%| F|  |TAMS 0x00000000d7100000, 0x00000000d7100000| Untracked 
| 370|0x00000000d7200000, 0x00000000d7200000, 0x00000000d7300000|  0%| F|  |TAMS 0x00000000d7200000, 0x00000000d7200000| Untracked 
| 371|0x00000000d7300000, 0x00000000d7300000, 0x00000000d7400000|  0%| F|  |TAMS 0x00000000d7300000, 0x00000000d7300000| Untracked 
| 372|0x00000000d7400000, 0x00000000d7400000, 0x00000000d7500000|  0%| F|  |TAMS 0x00000000d7400000, 0x00000000d7400000| Untracked 
| 373|0x00000000d7500000, 0x00000000d7500000, 0x00000000d7600000|  0%| F|  |TAMS 0x00000000d7500000, 0x00000000d7500000| Untracked 
| 374|0x00000000d7600000, 0x00000000d7600000, 0x00000000d7700000|  0%| F|  |TAMS 0x00000000d7600000, 0x00000000d7600000| Untracked 
| 375|0x00000000d7700000, 0x00000000d7700000, 0x00000000d7800000|  0%| F|  |TAMS 0x00000000d7700000, 0x00000000d7700000| Untracked 
| 376|0x00000000d7800000, 0x00000000d7800000, 0x00000000d7900000|  0%| F|  |TAMS 0x00000000d7800000, 0x00000000d7800000| Untracked 
| 377|0x00000000d7900000, 0x00000000d7900000, 0x00000000d7a00000|  0%| F|  |TAMS 0x00000000d7900000, 0x00000000d7900000| Untracked 
| 378|0x00000000d7a00000, 0x00000000d7a00000, 0x00000000d7b00000|  0%| F|  |TAMS 0x00000000d7a00000, 0x00000000d7a00000| Untracked 
| 379|0x00000000d7b00000, 0x00000000d7b00000, 0x00000000d7c00000|  0%| F|  |TAMS 0x00000000d7b00000, 0x00000000d7b00000| Untracked 
| 380|0x00000000d7c00000, 0x00000000d7c00000, 0x00000000d7d00000|  0%| F|  |TAMS 0x00000000d7c00000, 0x00000000d7c00000| Untracked 
| 381|0x00000000d7d00000, 0x00000000d7d00000, 0x00000000d7e00000|  0%| F|  |TAMS 0x00000000d7d00000, 0x00000000d7d00000| Untracked 
| 382|0x00000000d7e00000, 0x00000000d7e00000, 0x00000000d7f00000|  0%| F|  |TAMS 0x00000000d7e00000, 0x00000000d7e00000| Untracked 
| 383|0x00000000d7f00000, 0x00000000d7f00000, 0x00000000d8000000|  0%| F|  |TAMS 0x00000000d7f00000, 0x00000000d7f00000| Untracked 
| 384|0x00000000d8000000, 0x00000000d8000000, 0x00000000d8100000|  0%| F|  |TAMS 0x00000000d8000000, 0x00000000d8000000| Untracked 
| 385|0x00000000d8100000, 0x00000000d8100000, 0x00000000d8200000|  0%| F|  |TAMS 0x00000000d8100000, 0x00000000d8100000| Untracked 
| 386|0x00000000d8200000, 0x00000000d8200000, 0x00000000d8300000|  0%| F|  |TAMS 0x00000000d8200000, 0x00000000d8200000| Untracked 
| 387|0x00000000d8300000, 0x00000000d8300000, 0x00000000d8400000|  0%| F|  |TAMS 0x00000000d8300000, 0x00000000d8300000| Untracked 
| 388|0x00000000d8400000, 0x00000000d8400000, 0x00000000d8500000|  0%| F|  |TAMS 0x00000000d8400000, 0x00000000d8400000| Untracked 
| 389|0x00000000d8500000, 0x00000000d8500000, 0x00000000d8600000|  0%| F|  |TAMS 0x00000000d8500000, 0x00000000d8500000| Untracked 

Card table byte_map: [0x000001d2560b0000,0x000001d2562b0000] _byte_map_base: 0x000001d255ab0000

Marking Bits (Prev, Next): (CMBitMap*) 0x000001d2504646d0, (CMBitMap*) 0x000001d250464710
 Prev Bits: [0x000001d2564b0000, 0x000001d2574b0000)
 Next Bits: [0x000001d2574b0000, 0x000001d2584b0000)

Polling page: 0x000001d24fbf0000

Metaspace:

Usage:
  Non-class:     44.32 MB used.
      Class:      6.45 MB used.
       Both:     50.78 MB used.

Virtual space:
  Non-class space:       64.00 MB reserved,      44.56 MB ( 70%) committed,  1 nodes.
      Class space:        1.00 GB reserved,       6.62 MB ( <1%) committed,  1 nodes.
             Both:        1.06 GB reserved,      51.19 MB (  5%) committed. 

Chunk freelists:
   Non-Class:  3.22 MB
       Class:  9.33 MB
        Both:  12.55 MB

MaxMetaspaceSize: unlimited
CompressedClassSpaceSize: 1.00 GB
Initial GC threshold: 21.00 MB
Current GC threshold: 83.88 MB
CDS: off
MetaspaceReclaimPolicy: balanced
 - commit_granule_bytes: 65536.
 - commit_granule_words: 8192.
 - virtual_space_node_default_size: 8388608.
 - enlarge_chunks_in_place: 1.
 - new_chunks_are_fully_committed: 0.
 - uncommit_free_chunks: 1.
 - use_allocation_guard: 0.
 - handle_deallocations: 1.


Internal statistics:

num_allocs_failed_limit: 6.
num_arena_births: 554.
num_arena_deaths: 0.
num_vsnodes_births: 2.
num_vsnodes_deaths: 0.
num_space_committed: 819.
num_space_uncommitted: 0.
num_chunks_returned_to_freelist: 6.
num_chunks_taken_from_freelist: 2105.
num_chunk_merges: 6.
num_chunk_splits: 1463.
num_chunks_enlarged: 1090.
num_inconsistent_stats: 0.

CodeCache: size=49152Kb used=11244Kb max_used=11244Kb free=37908Kb
 bounds [0x000001d2530b0000, 0x000001d253bb0000, 0x000001d2560b0000]
 total_blobs=5852 nmethods=5223 adapters=554
 compilation: enabled
              stopped_count=0, restarted_count=0
 full_count=0

Compilation events (20 events):
Event: 31.081 Thread 0x000001d261356f50 5243       1       org.eclipse.jdt.internal.compiler.env.ITypeAnnotationWalker$1::toMethodParameter (2 bytes)
Event: 31.081 Thread 0x000001d261356f50 nmethod 5243 0x000001d253ba7510 code [0x000001d253ba76a0, 0x000001d253ba7778]
Event: 31.082 Thread 0x000001d25ff30810 nmethod 5241 0x000001d253ba7810 code [0x000001d253ba7a00, 0x000001d253ba7e08]
Event: 31.082 Thread 0x000001d25aadf4c0 nmethod 5242 0x000001d253ba8190 code [0x000001d253ba8380, 0x000001d253ba8a28]
Event: 31.082 Thread 0x000001d25aadf4c0 5244       1       org.eclipse.jdt.internal.compiler.lookup.BinaryTypeBinding::enclosingType (54 bytes)
Event: 31.083 Thread 0x000001d25aadf4c0 nmethod 5244 0x000001d253ba8e10 code [0x000001d253ba8fc0, 0x000001d253ba91a8]
Event: 31.083 Thread 0x000001d25aadf4c0 5245       1       org.eclipse.jdt.internal.compiler.lookup.Binding::problemId (2 bytes)
Event: 31.083 Thread 0x000001d25aadf4c0 nmethod 5245 0x000001d253ba9290 code [0x000001d253ba9420, 0x000001d253ba94f8]
Event: 31.084 Thread 0x000001d25aadf4c0 5246       1       org.eclipse.jdt.internal.compiler.ast.FieldDeclaration::getKind (13 bytes)
Event: 31.084 Thread 0x000001d25aadf4c0 nmethod 5246 0x000001d253ba9590 code [0x000001d253ba9720, 0x000001d253ba97f8]
Event: 31.084 Thread 0x000001d25ff30810 5247       1       org.eclipse.jdt.internal.compiler.impl.JavaFeature::getRestrictedKeywords (5 bytes)
Event: 31.084 Thread 0x000001d25ff30810 nmethod 5247 0x000001d253ba9890 code [0x000001d253ba9a20, 0x000001d253ba9af8]
Event: 31.133 Thread 0x000001d25aadf4c0 5248       1       sun.security.util.AbstractAlgorithmConstraints::checkAlgorithm (87 bytes)
Event: 31.133 Thread 0x000001d25ff30810 5249       1       sun.security.jca.ProviderList$ServiceList::iterator (9 bytes)
Event: 31.133 Thread 0x000001d261356f50 5250       1       sun.security.jca.ProviderList$ServiceList$1::<init> (10 bytes)
Event: 31.134 Thread 0x000001d261356f50 nmethod 5250 0x000001d253ba9e90 code [0x000001d253baa020, 0x000001d253baa138]
Event: 31.134 Thread 0x000001d25ff30810 nmethod 5249 0x000001d253baa190 code [0x000001d253baa320, 0x000001d253baa478]
Event: 31.134 Thread 0x000001d25aadf4c0 nmethod 5248 0x000001d253baa510 code [0x000001d253baa720, 0x000001d253baaa68]
Event: 31.134 Thread 0x000001d25aadf4c0 5251       1       sun.security.jca.ProviderList$ServiceList$1::hasNext (20 bytes)
Event: 31.134 Thread 0x000001d25aadf4c0 nmethod 5251 0x000001d253baac90 code [0x000001d253baae20, 0x000001d253baaf28]

GC Heap History (20 events):
Event: 28.904 GC heap after
{Heap after GC invocations=33 (full 0):
 garbage-first heap   total 387072K, used 101112K [0x00000000c0000000, 0x0000000100000000)
  region size 1024K, 4 young (4096K), 4 survivors (4096K)
 Metaspace       used 50119K, committed 50496K, reserved 1114112K
  class space    used 6349K, committed 6528K, reserved 1048576K
}
Event: 29.534 GC heap before
{Heap before GC invocations=34 (full 0):
 garbage-first heap   total 365568K, used 239352K [0x00000000c0000000, 0x0000000100000000)
  region size 1024K, 141 young (144384K), 4 survivors (4096K)
 Metaspace       used 50478K, committed 51008K, reserved 1114112K
  class space    used 6400K, committed 6656K, reserved 1048576K
}
Event: 29.545 GC heap after
{Heap after GC invocations=35 (full 0):
 garbage-first heap   total 365568K, used 106080K [0x00000000c0000000, 0x0000000100000000)
  region size 1024K, 10 young (10240K), 10 survivors (10240K)
 Metaspace       used 50478K, committed 51008K, reserved 1114112K
  class space    used 6400K, committed 6656K, reserved 1048576K
}
Event: 29.551 GC heap before
{Heap before GC invocations=35 (full 0):
 garbage-first heap   total 365568K, used 112224K [0x00000000c0000000, 0x0000000100000000)
  region size 1024K, 17 young (17408K), 10 survivors (10240K)
 Metaspace       used 50478K, committed 51008K, reserved 1114112K
  class space    used 6400K, committed 6656K, reserved 1048576K
}
Event: 29.560 GC heap after
{Heap after GC invocations=36 (full 0):
 garbage-first heap   total 365568K, used 106109K [0x00000000c0000000, 0x0000000100000000)
  region size 1024K, 2 young (2048K), 2 survivors (2048K)
 Metaspace       used 50478K, committed 51008K, reserved 1114112K
  class space    used 6400K, committed 6656K, reserved 1048576K
}
Event: 29.865 GC heap before
{Heap before GC invocations=36 (full 0):
 garbage-first heap   total 365568K, used 267901K [0x00000000c0000000, 0x0000000100000000)
  region size 1024K, 161 young (164864K), 2 survivors (2048K)
 Metaspace       used 50479K, committed 51008K, reserved 1114112K
  class space    used 6400K, committed 6656K, reserved 1048576K
}
Event: 29.874 GC heap after
{Heap after GC invocations=37 (full 0):
 garbage-first heap   total 365568K, used 112777K [0x00000000c0000000, 0x0000000100000000)
  region size 1024K, 8 young (8192K), 8 survivors (8192K)
 Metaspace       used 50479K, committed 51008K, reserved 1114112K
  class space    used 6400K, committed 6656K, reserved 1048576K
}
Event: 30.143 GC heap before
{Heap before GC invocations=37 (full 0):
 garbage-first heap   total 365568K, used 283785K [0x00000000c0000000, 0x0000000100000000)
  region size 1024K, 177 young (181248K), 8 survivors (8192K)
 Metaspace       used 50604K, committed 51072K, reserved 1114112K
  class space    used 6417K, committed 6656K, reserved 1048576K
}
Event: 30.156 GC heap after
{Heap after GC invocations=38 (full 0):
 garbage-first heap   total 365568K, used 119920K [0x00000000c0000000, 0x0000000100000000)
  region size 1024K, 15 young (15360K), 15 survivors (15360K)
 Metaspace       used 50604K, committed 51072K, reserved 1114112K
  class space    used 6417K, committed 6656K, reserved 1048576K
}
Event: 30.421 GC heap before
{Heap before GC invocations=38 (full 0):
 garbage-first heap   total 365568K, used 285808K [0x00000000c0000000, 0x0000000100000000)
  region size 1024K, 178 young (182272K), 15 survivors (15360K)
 Metaspace       used 50897K, committed 51392K, reserved 1114112K
  class space    used 6463K, committed 6720K, reserved 1048576K
}
Event: 30.434 GC heap after
{Heap after GC invocations=39 (full 0):
 garbage-first heap   total 365568K, used 128280K [0x00000000c0000000, 0x0000000100000000)
  region size 1024K, 16 young (16384K), 16 survivors (16384K)
 Metaspace       used 50897K, committed 51392K, reserved 1114112K
  class space    used 6463K, committed 6720K, reserved 1048576K
}
Event: 30.567 GC heap before
{Heap before GC invocations=39 (full 0):
 garbage-first heap   total 365568K, used 292120K [0x00000000c0000000, 0x0000000100000000)
  region size 1024K, 177 young (181248K), 16 survivors (16384K)
 Metaspace       used 50922K, committed 51392K, reserved 1114112K
  class space    used 6464K, committed 6720K, reserved 1048576K
}
Event: 30.578 GC heap after
{Heap after GC invocations=40 (full 0):
 garbage-first heap   total 365568K, used 134593K [0x00000000c0000000, 0x0000000100000000)
  region size 1024K, 15 young (15360K), 15 survivors (15360K)
 Metaspace       used 50922K, committed 51392K, reserved 1114112K
  class space    used 6464K, committed 6720K, reserved 1048576K
}
Event: 30.764 GC heap before
{Heap before GC invocations=40 (full 0):
 garbage-first heap   total 399360K, used 297409K [0x00000000c0000000, 0x0000000100000000)
  region size 1024K, 175 young (179200K), 15 survivors (15360K)
 Metaspace       used 51146K, committed 51648K, reserved 1114112K
  class space    used 6491K, committed 6720K, reserved 1048576K
}
Event: 30.775 GC heap after
{Heap after GC invocations=41 (full 0):
 garbage-first heap   total 399360K, used 142138K [0x00000000c0000000, 0x0000000100000000)
  region size 1024K, 14 young (14336K), 14 survivors (14336K)
 Metaspace       used 51146K, committed 51648K, reserved 1114112K
  class space    used 6491K, committed 6720K, reserved 1048576K
}
Event: 30.945 GC heap before
{Heap before GC invocations=42 (full 0):
 garbage-first heap   total 399360K, used 327482K [0x00000000c0000000, 0x0000000100000000)
  region size 1024K, 196 young (200704K), 14 survivors (14336K)
 Metaspace       used 51820K, committed 52224K, reserved 1114112K
  class space    used 6585K, committed 6784K, reserved 1048576K
}
Event: 30.958 GC heap after
{Heap after GC invocations=43 (full 0):
 garbage-first heap   total 399360K, used 150330K [0x00000000c0000000, 0x0000000100000000)
  region size 1024K, 22 young (22528K), 22 survivors (22528K)
 Metaspace       used 51820K, committed 52224K, reserved 1114112K
  class space    used 6585K, committed 6784K, reserved 1048576K
}
Event: 30.962 GC heap before
{Heap before GC invocations=43 (full 0):
 garbage-first heap   total 399360K, used 151354K [0x00000000c0000000, 0x0000000100000000)
  region size 1024K, 24 young (24576K), 22 survivors (22528K)
 Metaspace       used 51842K, committed 52288K, reserved 1114112K
  class space    used 6588K, committed 6784K, reserved 1048576K
}
Event: 30.972 GC heap after
{Heap after GC invocations=44 (full 0):
 garbage-first heap   total 399360K, used 149682K [0x00000000c0000000, 0x0000000100000000)
  region size 1024K, 2 young (2048K), 2 survivors (2048K)
 Metaspace       used 51842K, committed 52288K, reserved 1114112K
  class space    used 6588K, committed 6784K, reserved 1048576K
}
Event: 31.135 GC heap before
{Heap before GC invocations=44 (full 0):
 garbage-first heap   total 399360K, used 329906K [0x00000000c0000000, 0x0000000100000000)
  region size 1024K, 179 young (183296K), 2 survivors (2048K)
 Metaspace       used 51997K, committed 52416K, reserved 1114112K
  class space    used 6608K, committed 6784K, reserved 1048576K
}

Dll operation events (8 events):
Event: 0.018 Loaded shared library c:\Users\HP\.vscode\extensions\redhat.java-1.20.0-win32-x64\jre\17.0.7-win32-x86_64\bin\java.dll
Event: 0.874 Loaded shared library C:\Users\HP\.vscode\extensions\redhat.java-1.20.0-win32-x64\jre\17.0.7-win32-x86_64\bin\net.dll
Event: 0.880 Loaded shared library C:\Users\HP\.vscode\extensions\redhat.java-1.20.0-win32-x64\jre\17.0.7-win32-x86_64\bin\nio.dll
Event: 0.909 Loaded shared library C:\Users\HP\.vscode\extensions\redhat.java-1.20.0-win32-x64\jre\17.0.7-win32-x86_64\bin\zip.dll
Event: 1.716 Loaded shared library C:\Users\HP\.vscode\extensions\redhat.java-1.20.0-win32-x64\jre\17.0.7-win32-x86_64\bin\jimage.dll
Event: 18.087 Loaded shared library C:\Users\HP\.vscode\extensions\redhat.java-1.20.0-win32-x64\jre\17.0.7-win32-x86_64\bin\management.dll
Event: 18.090 Loaded shared library C:\Users\HP\.vscode\extensions\redhat.java-1.20.0-win32-x64\jre\17.0.7-win32-x86_64\bin\management_ext.dll
Event: 25.109 Loaded shared library C:\Users\HP\.vscode\extensions\redhat.java-1.20.0-win32-x64\jre\17.0.7-win32-x86_64\bin\sunmscapi.dll

Deoptimization events (12 events):
Event: 12.583 Thread 0x000001d2504265d0 DEOPT PACKING pc=0x000001d253629099 sp=0x0000005ef09fd430
Event: 12.583 Thread 0x000001d2504265d0 DEOPT UNPACKING pc=0x000001d253107143 sp=0x0000005ef09fc910 mode 3
Event: 21.278 Thread 0x000001d25f14b8d0 DEOPT PACKING pc=0x000001d2535f86b5 sp=0x0000005ef26fcf90
Event: 21.278 Thread 0x000001d25f14b8d0 DEOPT UNPACKING pc=0x000001d253107143 sp=0x0000005ef26fc4a8 mode 3
Event: 21.781 Thread 0x000001d2606e0500 DEOPT PACKING pc=0x000001d2535dedab sp=0x0000005ef28fe950
Event: 21.781 Thread 0x000001d2606e0500 DEOPT UNPACKING pc=0x000001d253107143 sp=0x0000005ef28fde98 mode 3
Event: 22.376 Thread 0x000001d25fae45d0 DEOPT PACKING pc=0x000001d2531fb101 sp=0x0000005ef25fd7d0
Event: 22.376 Thread 0x000001d25fae45d0 DEOPT UNPACKING pc=0x000001d253107143 sp=0x0000005ef25fcc60 mode 3
Event: 22.403 Thread 0x000001d25f14b8d0 DEOPT PACKING pc=0x000001d253221997 sp=0x0000005ef26fec00
Event: 22.403 Thread 0x000001d25f14b8d0 DEOPT UNPACKING pc=0x000001d253107143 sp=0x0000005ef26fe058 mode 3
Event: 25.013 Thread 0x000001d25f125f80 DEOPT PACKING pc=0x000001d25329a98c sp=0x0000005ef2ffea70
Event: 25.013 Thread 0x000001d25f125f80 DEOPT UNPACKING pc=0x000001d253107143 sp=0x0000005ef2ffdf38 mode 0

Classes unloaded (0 events):
No events

Classes redefined (0 events):
No events

Internal exceptions (20 events):
Event: 22.674 Thread 0x000001d25f124770 Exception <a 'sun/nio/fs/WindowsException'{0x00000000c9b2f808}> (0x00000000c9b2f808) 
thrown [s\src\hotspot\share\prims\jni.cpp, line 516]
Event: 22.674 Thread 0x000001d25f124770 Exception <a 'sun/nio/fs/WindowsException'{0x00000000c9b30210}> (0x00000000c9b30210) 
thrown [s\src\hotspot\share\prims\jni.cpp, line 516]
Event: 22.674 Thread 0x000001d25f124770 Exception <a 'sun/nio/fs/WindowsException'{0x00000000c9b305d0}> (0x00000000c9b305d0) 
thrown [s\src\hotspot\share\prims\jni.cpp, line 516]
Event: 22.674 Thread 0x000001d25f124770 Exception <a 'sun/nio/fs/WindowsException'{0x00000000c9b30ff0}> (0x00000000c9b30ff0) 
thrown [s\src\hotspot\share\prims\jni.cpp, line 516]
Event: 22.674 Thread 0x000001d25f124770 Exception <a 'sun/nio/fs/WindowsException'{0x00000000c9b313d0}> (0x00000000c9b313d0) 
thrown [s\src\hotspot\share\prims\jni.cpp, line 516]
Event: 22.674 Thread 0x000001d25f124770 Exception <a 'sun/nio/fs/WindowsException'{0x00000000c9b31dd8}> (0x00000000c9b31dd8) 
thrown [s\src\hotspot\share\prims\jni.cpp, line 516]
Event: 22.674 Thread 0x000001d25f124770 Exception <a 'sun/nio/fs/WindowsException'{0x00000000c9b321b0}> (0x00000000c9b321b0) 
thrown [s\src\hotspot\share\prims\jni.cpp, line 516]
Event: 23.173 Thread 0x000001d25f123900 Exception <a 'sun/nio/fs/WindowsException'{0x00000000c2ad0fa8}> (0x00000000c2ad0fa8) 
thrown [s\src\hotspot\share\prims\jni.cpp, line 516]
Event: 24.508 Thread 0x000001d25f125f80 Exception <a 'java/lang/NoSuchMethodError'{0x00000000cbf7b610}: 'void java.lang.invoke.DirectMethodHandle$Holder.invokeVirtual(java.lang.Object, java.lang.Object, java.lang.Object, java.lang.Object)'> (0x00000000cbf7b610) 
thrown [s\src\hotspot\share\interpreter\linkResolver.cpp, line 759]
Event: 25.176 Thread 0x000001d2609e21b0 Exception <a 'sun/nio/fs/WindowsException'{0x00000000c9bf6488}> (0x00000000c9bf6488) 
thrown [s\src\hotspot\share\prims\jni.cpp, line 516]
Event: 25.177 Thread 0x000001d2609e21b0 Exception <a 'sun/nio/fs/WindowsException'{0x00000000c9bf8c68}> (0x00000000c9bf8c68) 
thrown [s\src\hotspot\share\prims\jni.cpp, line 516]
Event: 25.178 Thread 0x000001d2609e21b0 Exception <a 'sun/nio/fs/WindowsException'{0x00000000c9bfb3b8}> (0x00000000c9bfb3b8) 
thrown [s\src\hotspot\share\prims\jni.cpp, line 516]
Event: 25.178 Thread 0x000001d2609e21b0 Exception <a 'sun/nio/fs/WindowsException'{0x00000000c9bfdb58}> (0x00000000c9bfdb58) 
thrown [s\src\hotspot\share\prims\jni.cpp, line 516]
Event: 25.179 Thread 0x000001d2609e21b0 Exception <a 'sun/nio/fs/WindowsException'{0x00000000c4000388}> (0x00000000c4000388) 
thrown [s\src\hotspot\share\prims\jni.cpp, line 516]
Event: 25.221 Thread 0x000001d25f125f80 Exception <a 'sun/nio/fs/WindowsException'{0x00000000c42098f8}> (0x00000000c42098f8) 
thrown [s\src\hotspot\share\prims\jni.cpp, line 516]
Event: 25.280 Thread 0x000001d2609e21b0 Exception <a 'sun/nio/fs/WindowsException'{0x00000000c41465a8}> (0x00000000c41465a8) 
thrown [s\src\hotspot\share\prims\jni.cpp, line 516]
Event: 25.638 Thread 0x000001d25f126450 Exception <a 'java/lang/NoSuchMethodError'{0x00000000c9dae3c0}: 'java.lang.Object java.lang.invoke.Invokers$Holder.invoke_MT(java.lang.Object, java.lang.Object, java.lang.Object)'> (0x00000000c9dae3c0) 
thrown [s\src\hotspot\share\interpreter\linkResolver.cpp, line 759]
Event: 29.222 Thread 0x000001d25f126450 Exception <a 'java/lang/IncompatibleClassChangeError'{0x00000000d14b6f30}: Found class java.lang.Object, but interface was expected> (0x00000000d14b6f30) 
thrown [s\src\hotspot\share\interpreter\linkResolver.cpp, line 826]
Event: 30.322 Thread 0x000001d25f126450 Exception <a 'java/lang/NoSuchMethodError'{0x00000000ce931750}: 'int java.lang.invoke.DirectMethodHandle$Holder.invokeSpecialIFC(java.lang.Object, java.lang.Object, java.lang.Object)'> (0x00000000ce931750) 
thrown [s\src\hotspot\share\interpreter\linkResolver.cpp, line 759]
Event: 30.322 Thread 0x000001d25f125ab0 Exception <a 'java/lang/NoSuchMethodError'{0x00000000ceb63090}: 'int java.lang.invoke.DirectMethodHandle$Holder.invokeSpecialIFC(java.lang.Object, java.lang.Object, java.lang.Object)'> (0x00000000ceb63090) 
thrown [s\src\hotspot\share\interpreter\linkResolver.cpp, line 759]

VM Operations (20 events):
Event: 30.684 Executing VM operation: G1Concurrent done
Event: 30.684 Executing VM operation: HandshakeAllThreads
Event: 30.685 Executing VM operation: HandshakeAllThreads done
Event: 30.692 Executing VM operation: HandshakeAllThreads
Event: 30.692 Executing VM operation: HandshakeAllThreads done
Event: 30.763 Executing VM operation: G1CollectForAllocation
Event: 30.763 Executing VM operation: G1CollectForAllocation done
Event: 30.763 Executing VM operation: G1CollectForAllocation
Event: 30.775 Executing VM operation: G1CollectForAllocation done
Event: 30.793 Executing VM operation: G1Concurrent
Event: 30.793 Executing VM operation: G1Concurrent done
Event: 30.922 Executing VM operation: G1CollectForAllocation
Event: 30.943 Executing VM operation: G1CollectForAllocation done
Event: 30.945 Executing VM operation: G1CollectForAllocation
Event: 30.958 Executing VM operation: G1CollectForAllocation done
Event: 30.962 Executing VM operation: G1CollectForAllocation
Event: 30.976 Executing VM operation: G1CollectForAllocation done
Event: 31.084 Executing VM operation: G1CollectForAllocation
Event: 31.133 Executing VM operation: G1CollectForAllocation done
Event: 31.134 Executing VM operation: G1CollectForAllocation

Events (20 events):
Event: 30.973 loading class sun/net/www/protocol/http/AuthenticationInfo
Event: 30.974 loading class sun/net/www/protocol/http/AuthCacheValue
Event: 30.974 loading class sun/net/www/protocol/http/AuthCacheValue done
Event: 30.974 loading class sun/net/www/protocol/http/AuthenticationInfo done
Event: 30.974 loading class sun/net/www/protocol/http/AuthCacheImpl
Event: 30.974 loading class sun/net/www/protocol/http/AuthCache
Event: 30.974 loading class sun/net/www/protocol/http/AuthCache done
Event: 30.974 loading class sun/net/www/protocol/http/AuthCacheImpl done
Event: 30.984 loading class sun/security/ssl/ECDHServerKeyExchange
Event: 31.051 loading class sun/security/ssl/ECDHServerKeyExchange done
Event: 31.051 loading class sun/security/ssl/ECDHServerKeyExchange$ECDHServerKeyExchangeConsumer
Event: 31.052 loading class sun/security/ssl/ECDHServerKeyExchange$ECDHServerKeyExchangeConsumer done
Event: 31.052 loading class sun/security/ssl/ECDHServerKeyExchange$ECDHServerKeyExchangeProducer
Event: 31.052 loading class sun/security/ssl/ECDHServerKeyExchange$ECDHServerKeyExchangeProducer done
Event: 31.053 loading class sun/security/ssl/ECDHServerKeyExchange$ECDHServerKeyExchangeMessage
Event: 31.098 loading class sun/security/ssl/ECDHServerKeyExchange$ECDHServerKeyExchangeMessage done
Event: 31.133 loading class sun/security/ssl/ECDHKeyExchange$ECDHECredentials
Event: 31.133 loading class sun/security/ssl/ECDHKeyExchange$ECDHECredentials done
Event: 31.133 loading class java/security/spec/ECPublicKeySpec
Event: 31.133 loading class java/security/spec/ECPublicKeySpec done


Dynamic libraries:
0x00007ff7b6210000 - 0x00007ff7b621e000 	c:\Users\HP\.vscode\extensions\redhat.java-1.20.0-win32-x64\jre\17.0.7-win32-x86_64\bin\java.exe
0x00007ffe51670000 - 0x00007ffe51868000 	C:\WINDOWS\SYSTEM32\ntdll.dll
0x00007ffe50240000 - 0x00007ffe502ff000 	C:\WINDOWS\System32\KERNEL32.DLL
0x00007ffe4f340000 - 0x00007ffe4f636000 	C:\WINDOWS\System32\KERNELBASE.dll
0x00007ffe4eec0000 - 0x00007ffe4efc0000 	C:\WINDOWS\System32\ucrtbase.dll
0x00007ffe489e0000 - 0x00007ffe489f7000 	c:\Users\HP\.vscode\extensions\redhat.java-1.20.0-win32-x64\jre\17.0.7-win32-x86_64\bin\jli.dll
0x00007ffe4f6d0000 - 0x00007ffe4f86d000 	C:\WINDOWS\System32\USER32.dll
0x00007ffe4f270000 - 0x00007ffe4f292000 	C:\WINDOWS\System32\win32u.dll
0x00007ffe506f0000 - 0x00007ffe5071c000 	C:\WINDOWS\System32\GDI32.dll
0x00007ffe4efc0000 - 0x00007ffe4f0d5000 	C:\WINDOWS\System32\gdi32full.dll
0x00007ffe4f2a0000 - 0x00007ffe4f33d000 	C:\WINDOWS\System32\msvcp_win.dll
0x00007ffe45bf0000 - 0x00007ffe45c09000 	c:\Users\HP\.vscode\extensions\redhat.java-1.20.0-win32-x64\jre\17.0.7-win32-x86_64\bin\VCRUNTIME140.dll
0x00007ffe32710000 - 0x00007ffe329aa000 	C:\WINDOWS\WinSxS\amd64_microsoft.windows.common-controls_6595b64144ccf1df_6.0.19041.1110_none_60b5254171f9507e\COMCTL32.dll
0x00007ffe503f0000 - 0x00007ffe5048e000 	C:\WINDOWS\System32\msvcrt.dll
0x00007ffe512e0000 - 0x00007ffe51310000 	C:\WINDOWS\System32\IMM32.DLL
0x00007ffe494b0000 - 0x00007ffe494bc000 	c:\Users\HP\.vscode\extensions\redhat.java-1.20.0-win32-x64\jre\17.0.7-win32-x86_64\bin\vcruntime140_1.dll
0x00007ffe31a30000 - 0x00007ffe31ac1000 	c:\Users\HP\.vscode\extensions\redhat.java-1.20.0-win32-x64\jre\17.0.7-win32-x86_64\bin\msvcp140.dll
0x00007ffdfd040000 - 0x00007ffdfdc88000 	c:\Users\HP\.vscode\extensions\redhat.java-1.20.0-win32-x64\jre\17.0.7-win32-x86_64\bin\server\jvm.dll
0x00007ffe4ff90000 - 0x00007ffe5003f000 	C:\WINDOWS\System32\ADVAPI32.dll
0x00007ffe51590000 - 0x00007ffe5162c000 	C:\WINDOWS\System32\sechost.dll
0x00007ffe51340000 - 0x00007ffe51466000 	C:\WINDOWS\System32\RPCRT4.dll
0x00007ffe49cf0000 - 0x00007ffe49cf9000 	C:\WINDOWS\SYSTEM32\WSOCK32.dll
0x00007ffe501d0000 - 0x00007ffe5023b000 	C:\WINDOWS\System32\WS2_32.dll
0x00007ffe49d20000 - 0x00007ffe49d47000 	C:\WINDOWS\SYSTEM32\WINMM.dll
0x00007ffe492b0000 - 0x00007ffe492ba000 	C:\WINDOWS\SYSTEM32\VERSION.dll
0x00007ffe4d830000 - 0x00007ffe4d842000 	C:\WINDOWS\SYSTEM32\kernel.appcore.dll
0x00007ffe47fb0000 - 0x00007ffe47fba000 	c:\Users\HP\.vscode\extensions\redhat.java-1.20.0-win32-x64\jre\17.0.7-win32-x86_64\bin\jimage.dll
0x00007ffe4d240000 - 0x00007ffe4d424000 	C:\WINDOWS\SYSTEM32\DBGHELP.DLL
0x00007ffe391c0000 - 0x00007ffe391f4000 	C:\WINDOWS\SYSTEM32\dbgcore.DLL
0x00007ffe4f640000 - 0x00007ffe4f6c2000 	C:\WINDOWS\System32\bcryptPrimitives.dll
0x00007ffe3aa00000 - 0x00007ffe3aa25000 	c:\Users\HP\.vscode\extensions\redhat.java-1.20.0-win32-x64\jre\17.0.7-win32-x86_64\bin\java.dll
0x00007ffe42f90000 - 0x00007ffe42fa8000 	c:\Users\HP\.vscode\extensions\redhat.java-1.20.0-win32-x64\jre\17.0.7-win32-x86_64\bin\zip.dll
0x00007ffe50b90000 - 0x00007ffe512d4000 	C:\WINDOWS\System32\SHELL32.dll
0x00007ffe4c980000 - 0x00007ffe4d114000 	C:\WINDOWS\SYSTEM32\windows.storage.dll
0x00007ffe4f8f0000 - 0x00007ffe4fc44000 	C:\WINDOWS\System32\combase.dll
0x00007ffe4e5e0000 - 0x00007ffe4e60e000 	C:\WINDOWS\SYSTEM32\Wldp.dll
0x00007ffe50490000 - 0x00007ffe5053d000 	C:\WINDOWS\System32\SHCORE.dll
0x00007ffe50110000 - 0x00007ffe50165000 	C:\WINDOWS\System32\shlwapi.dll
0x00007ffe4ec80000 - 0x00007ffe4eca5000 	C:\WINDOWS\SYSTEM32\profapi.dll
0x00007ffe39540000 - 0x00007ffe39559000 	C:\Users\HP\.vscode\extensions\redhat.java-1.20.0-win32-x64\jre\17.0.7-win32-x86_64\bin\net.dll
0x00007ffe490a0000 - 0x00007ffe491aa000 	C:\WINDOWS\SYSTEM32\WINHTTP.dll
0x00007ffe4e3c0000 - 0x00007ffe4e42a000 	C:\WINDOWS\system32\mswsock.dll
0x00007ffe393b0000 - 0x00007ffe393c5000 	C:\Users\HP\.vscode\extensions\redhat.java-1.20.0-win32-x64\jre\17.0.7-win32-x86_64\bin\nio.dll
0x00007ffe4e620000 - 0x00007ffe4e638000 	C:\WINDOWS\SYSTEM32\CRYPTSP.dll
0x00007ffe4dd00000 - 0x00007ffe4dd34000 	C:\WINDOWS\system32\rsaenh.dll
0x00007ffe4f240000 - 0x00007ffe4f267000 	C:\WINDOWS\System32\bcrypt.dll
0x00007ffe4ec00000 - 0x00007ffe4ec2e000 	C:\WINDOWS\SYSTEM32\USERENV.dll
0x00007ffe4e550000 - 0x00007ffe4e55c000 	C:\WINDOWS\SYSTEM32\CRYPTBASE.dll
0x00007ffe4e0d0000 - 0x00007ffe4e10c000 	C:\WINDOWS\SYSTEM32\IPHLPAPI.DLL
0x00007ffe51330000 - 0x00007ffe51338000 	C:\WINDOWS\System32\NSI.dll
0x00007ffe495b0000 - 0x00007ffe495c7000 	C:\WINDOWS\SYSTEM32\dhcpcsvc6.DLL
0x00007ffe49590000 - 0x00007ffe495ad000 	C:\WINDOWS\SYSTEM32\dhcpcsvc.DLL
0x00007ffe4e160000 - 0x00007ffe4e22a000 	C:\WINDOWS\SYSTEM32\DNSAPI.dll
0x00007ffe43f70000 - 0x00007ffe43f79000 	C:\Users\HP\.vscode\extensions\redhat.java-1.20.0-win32-x64\jre\17.0.7-win32-x86_64\bin\management.dll
0x00007ffe42f20000 - 0x00007ffe42f2b000 	C:\Users\HP\.vscode\extensions\redhat.java-1.20.0-win32-x64\jre\17.0.7-win32-x86_64\bin\management_ext.dll
0x00007ffe4ff80000 - 0x00007ffe4ff88000 	C:\WINDOWS\System32\PSAPI.DLL
0x00007ffe3f0d0000 - 0x00007ffe3f0de000 	C:\Users\HP\.vscode\extensions\redhat.java-1.20.0-win32-x64\jre\17.0.7-win32-x86_64\bin\sunmscapi.dll
0x00007ffe4f0e0000 - 0x00007ffe4f23e000 	C:\WINDOWS\System32\CRYPT32.dll
0x00007ffe4e6a0000 - 0x00007ffe4e6c8000 	C:\WINDOWS\SYSTEM32\ncrypt.dll
0x00007ffe4e660000 - 0x00007ffe4e69b000 	C:\WINDOWS\SYSTEM32\NTASN1.dll
0x00007ffe42df0000 - 0x00007ffe42dfa000 	C:\Windows\System32\rasadhlp.dll
0x00007ffe46910000 - 0x00007ffe46992000 	C:\WINDOWS\System32\fwpuclnt.dll

dbghelp: loaded successfully - version: 4.0.5 - missing functions: none
symbol engine: initialized successfully - sym options: 0x614 - pdb path: .;c:\Users\HP\.vscode\extensions\redhat.java-1.20.0-win32-x64\jre\17.0.7-win32-x86_64\bin;C:\WINDOWS\SYSTEM32;C:\WINDOWS\WinSxS\amd64_microsoft.windows.common-controls_6595b64144ccf1df_6.0.19041.1110_none_60b5254171f9507e;c:\Users\HP\.vscode\extensions\redhat.java-1.20.0-win32-x64\jre\17.0.7-win32-x86_64\bin\server

VM Arguments:
jvm_args: -XX:+HeapDumpOnOutOfMemoryError -Xmx1024m -Dsts.lsp.client=vscode -Dsts.log.file=/dev/null -XX:TieredStopAtLevel=1 -Xlog:jni+resolve=off -Dspring.config.location=file:c:\Users\HP\.vscode\extensions\vmware.vscode-spring-boot-1.47.0\language-server\BOOT-INF\classes\application.properties 
java_command: org.springframework.ide.vscode.boot.app.BootLanguageServerBootApp
java_class_path (initial): c:\Users\HP\.vscode\extensions\vmware.vscode-spring-boot-1.47.0\language-server\BOOT-INF\classes;c:\Users\HP\.vscode\extensions\vmware.vscode-spring-boot-1.47.0\language-server\BOOT-INF\lib\annotations-24.0.1.jar;c:\Users\HP\.vscode\extensions\vmware.vscode-spring-boot-1.47.0\language-server\BOOT-INF\lib\antlr-runtime-3.5.3.jar;c:\Users\HP\.vscode\extensions\vmware.vscode-spring-boot-1.47.0\language-server\BOOT-INF\lib\antlr4-4.11.1.jar;c:\Users\HP\.vscode\extensions\vmware.vscode-spring-boot-1.47.0\language-server\BOOT-INF\lib\antlr4-runtime-4.11.1.jar;c:\Users\HP\.vscode\extensions\vmware.vscode-spring-boot-1.47.0\language-server\BOOT-INF\lib\aopalliance-1.0.jar;c:\Users\HP\.vscode\extensions\vmware.vscode-spring-boot-1.47.0\language-server\BOOT-INF\lib\asm-9.5.jar;c:\Users\HP\.vscode\extensions\vmware.vscode-spring-boot-1.47.0\language-server\BOOT-INF\lib\asm-analysis-9.5.jar;c:\Users\HP\.vscode\extensions\vmware.vscode-spring-boot-1.47.0\language-server\BOOT-INF\lib\asm-tree-9.5.jar;c:\Users\HP\.vscode\extensions\vmware.vscode-spring-boot-1.47.0\language-server\BOOT-INF\lib\asm-util-9.5.jar;c:\Users\HP\.vscode\extensions\vmware.vscode-spring-boot-1.47.0\language-server\BOOT-INF\lib\auto-common-1.2.1.jar;c:\Users\HP\.vscode\extensions\vmware.vscode-spring-boot-1.47.0\language-server\BOOT-INF\lib\auto-value-annotations-1.9.jar;c:\Users\HP\.vscode\extensions\vmware.vscode-spring-boot-1.47.0\language-server\BOOT-INF\lib\caffeine-3.1.2.jar;c:\Users\HP\.vscode\extensions\vmware.vscode-spring-boot-1.47.0\language-server\BOOT-INF\lib\checker-qual-3.12.0.jar;c:\Users\HP\.vscode\extensions\vmware.vscode-spring-boot-1.47.0\language-server\BOOT-INF\lib\classgraph-4.8.149.jar;c:\Users\HP\.vscode\extensions\vmware.vscode-spring-boot-1.47.0\language-server\BOOT-INF\lib\commons-codec-1.15.jar;c:\Users\HP\.vscode\extensions\vmware.vscode-spring-boot-1.47.0\language-server\BOOT-INF\lib\commons-compress-1.23.0.jar;c:\Users\HP\.vscode\extensions\vmware.
Launcher Type: SUN_STANDARD

[Global flags]
     intx CICompilerCount                          = 3                                         {product} {ergonomic}
     uint ConcGCThreads                            = 1                                         {product} {ergonomic}
     uint G1ConcRefinementThreads                  = 4                                         {product} {ergonomic}
   size_t G1HeapRegionSize                         = 1048576                                   {product} {ergonomic}
    uintx GCDrainStackTargetSize                   = 64                                        {product} {ergonomic}
     bool HeapDumpOnOutOfMemoryError               = true                                   {manageable} {command line}
   size_t InitialHeapSize                          = 201326592                                 {product} {ergonomic}
   size_t MarkStackSize                            = 4194304                                   {product} {ergonomic}
   size_t MaxHeapSize                              = 1073741824                                {product} {command line}
   size_t MaxNewSize                               = 643825664                                 {product} {ergonomic}
   size_t MinHeapDeltaBytes                        = 1048576                                   {product} {ergonomic}
   size_t MinHeapSize                              = 8388608                                   {product} {ergonomic}
    uintx NonProfiledCodeHeapSize                  = 0                                      {pd product} {ergonomic}
     bool ProfileInterpreter                       = false                                  {pd product} {command line}
    uintx ProfiledCodeHeapSize                     = 0                                      {pd product} {ergonomic}
   size_t SoftMaxHeapSize                          = 1073741824                             {manageable} {ergonomic}
     intx TieredStopAtLevel                        = 1                                         {product} {command line}
     bool UseCompressedClassPointers               = true                           {product lp64_product} {ergonomic}
     bool UseCompressedOops                        = true                           {product lp64_product} {ergonomic}
     bool UseG1GC                                  = true                                      {product} {ergonomic}
     bool UseLargePagesIndividualAllocation        = false                                  {pd product} {ergonomic}

Logging:
Log output configuration:
 #0: stdout all=warning,jni+resolve=off uptime,level,tags
 #1: stderr all=off uptime,level,tags

Environment Variables:
JAVA_HOME=C:\Program Files\Java\jdk-11.0.9
PATH=C:\Program Files\Python310\Scripts\;C:\Program Files\Python310\;C:\Program Files (x86)\Common Files\Intel\Shared Libraries\redist\intel64\compiler;C:\WINDOWS\system32;C:\WINDOWS;C:\WINDOWS\System32\Wbem;C:\WINDOWS\System32\WindowsPowerShell\v1.0\;C:\WINDOWS\System32\OpenSSH\;C:\wamp64\www\scriptcase\components\php;C:\wamp64\bin\php\php7.4.26;C:\wamp64\bin\php\php7.3.25;C:\wamp64\bin\php\php7.1.29;C:\Program Files\nodejs;C:\Program Files\PuTTY\;C:\ProgramData\ComposerSetup\bin;C:\Program Files\Git\cmd;C:\Program Files (x86)\Yarn\bin\;C:\Program Files\Java\jdk-11.0.9\bin;C:\Users\HP\AppData\Local\Programs\Python\Python37;C:\Users\HP\AppData\Local\Programs\Python\Python37\Scripts;C:\Users\HP\AppData\Local\Android\flutter\bin;C:\Users\HP\AppData\Roaming\Composer\vendor\laravel\installer\bin;C:\Program Files (x86)\Bitvise SSH Client;C:\wamp64\www\apache-maven-3.8.4\bin;C:\Program Files\NetMake\v9-php73\components\php;C:\Program Files\Docker\Docker\resources\bin;C:\Program Files\nodejs\;C:\Program Files\CMake\bin;C:\Program Files\Java\jdk-11.0.19\bin;C:\Users\HP\AppData\Local\Programs\Python\Python310\Scripts\;C:\Users\HP\AppData\Local\Programs\Python\Python310\;C:\Users\HP\AppData\Local\Microsoft\WindowsApps;C:\Users\HP\AppData\Roaming\Composer\vendor\bin;C:\Users\HP\AppData\Local\Yarn\bin;C:\Program Files\heroku\bin;C:\Users\HP\AppData\Local\Programs\Microsoft VS Code\bin;C:\Users\HP\AppData\Local\GitHubDesktop\bin;C:\Users\HP\AppData\Roaming\npm;
USERNAME=HP
OS=Windows_NT
PROCESSOR_IDENTIFIER=Intel64 Family 6 Model 142 Stepping 10, GenuineIntel
TMP=C:\Users\HP\AppData\Local\Temp
TEMP=C:\Users\HP\AppData\Local\Temp



---------------  S Y S T E M  ---------------

OS:
 Windows 10 , 64 bit Build 19041 (10.0.19041.3155)
OS uptime: 1 days 0:36 hours
Hyper-V role detected

CPU: total 4 (initial active 4) (2 cores per cpu, 2 threads per core) family 6 model 142 stepping 10 microcode 0xca, cx8, cmov, fxsr, ht, mmx, 3dnowpref, sse, sse2, sse3, ssse3, sse4.1, sse4.2, popcnt, lzcnt, tsc, tscinvbit, avx, avx2, aes, erms, clmul, bmi1, bmi2, adx, fma, vzeroupper, clflush, clflushopt, hv

Memory: 4k page, system-wide physical 12199M (4104M free)
TotalPageFile size 14247M (AvailPageFile size 7M)
current process WorkingSet (physical memory assigned to process): 558M, peak: 558M
current process commit charge ("private bytes"): 556M, peak: 810M

vm_info: OpenJDK 64-Bit Server VM (17.0.7+7) for windows-amd64 JRE (17.0.7+7), built on Apr 18 2023 22:10:42 by "temurin" with MS VC++ 16.7 (VS2019)

END.
