#
# There is insufficient memory for the Java Runtime Environment to continue.
# Native memory allocation (malloc) failed to allocate 1290896 bytes for Chunk::new
# Possible reasons:
#   The system is out of physical RAM or swap space
#   The process is running with CompressedOops enabled, and the Java Heap may be blocking the growth of the native heap
# Possible solutions:
#   Reduce memory load on the system
#   Increase physical memory or swap space
#   Check if swap backing store is full
#   Decrease Java heap size (-Xmx/-Xms)
#   Decrease number of Java threads
#   Decrease Java thread stack sizes (-Xss)
#   Set larger code cache with -XX:ReservedCodeCacheSize=
#   JVM is running with Zero Based Compressed Oops mode in which the Java heap is
#     placed in the first 32GB address space. The Java Heap base address is the
#     maximum limit for the native heap growth. Please use -XX:HeapBaseMinAddress
#     to set the Java Heap base and to place the Java Heap above 32GB virtual address.
# This output file may be truncated or incomplete.
#
#  Out of Memory Error (./open/src/hotspot/share/memory/arena.cpp:197), pid=10440, tid=16536
#
# JRE version: Java(TM) SE Runtime Environment 18.9 (11.0.9+7) (build 11.0.9+7-LTS)
# Java VM: Java HotSpot(TM) 64-Bit Server VM 18.9 (11.0.9+7-LTS, mixed mode, tiered, compressed oops, g1 gc, windows-amd64)
# No core dump will be written. Minidumps are not enabled by default on client versions of Windows
#

---------------  S U M M A R Y ------------

Command Line: mcd-0.0.1-SNAPSHOT.jar

Host: Intel(R) Core(TM) i3-8130U CPU @ 2.20GHz, 4 cores, 11G,  Windows 10 , 64 bit Build 19041 (10.0.19041.3155)
Time: Thu Jul 20 18:18:49 2023 Afr. centrale Ouest elapsed time: 31.499339 seconds (0d 0h 0m 31s)

---------------  T H R E A D  ---------------

Current thread (0x000001ad4a1aa800):  JavaThread "C2 CompilerThread0" daemon [_thread_in_native, id=16536, stack(0x0000004f0b400000,0x0000004f0b500000)]


Current CompileTask:
C2:  31499 4988       4       java.util.function.BiPredicate$$Lambda$90/0x0000000800172c40::test (14 bytes)

Stack: [0x0000004f0b400000,0x0000004f0b500000]
Native frames: (J=compiled Java code, j=interpreted, Vv=VM code, C=native code)
V  [jvm.dll+0x611a3a]
V  [jvm.dll+0x748aaf]
V  [jvm.dll+0x74a135]
V  [jvm.dll+0x74a7b3]
V  [jvm.dll+0x2439f8]
V  [jvm.dll+0xba2bc]
V  [jvm.dll+0xba9bc]
V  [jvm.dll+0x3454a2]
V  [jvm.dll+0x194029]
V  [jvm.dll+0x1fd5a2]
V  [jvm.dll+0x1fc64f]
V  [jvm.dll+0x17f08c]
V  [jvm.dll+0x20bc54]
V  [jvm.dll+0x209d2b]
V  [jvm.dll+0x7103d9]
V  [jvm.dll+0x709114]
V  [jvm.dll+0x610cb6]
C  [ucrtbase.dll+0x21bb2]
C  [KERNEL32.DLL+0x17614]
C  [ntdll.dll+0x526b1]


---------------  P R O C E S S  ---------------

Threads class SMR info:
_java_thread_list=0x000001ad4e7d0d50, length=11, elements={
0x000001ad26eab000, 0x000001ad4991f000, 0x000001ad49927800, 0x000001ad4a1a7800,
0x000001ad4a1a9800, 0x000001ad4a1aa800, 0x000001ad4993a000, 0x000001ad4a217800,
0x000001ad4a32c000, 0x000001ad4a338800, 0x000001ad4d173000
}

Java Threads: ( => current thread )
  0x000001ad26eab000 JavaThread "main" [_thread_blocked, id=16580, stack(0x0000004f0a900000,0x0000004f0aa00000)]
  0x000001ad4991f000 JavaThread "Reference Handler" daemon [_thread_blocked, id=124, stack(0x0000004f0b000000,0x0000004f0b100000)]
  0x000001ad49927800 JavaThread "Finalizer" daemon [_thread_blocked, id=17040, stack(0x0000004f0b100000,0x0000004f0b200000)]
  0x000001ad4a1a7800 JavaThread "Signal Dispatcher" daemon [_thread_blocked, id=11888, stack(0x0000004f0b200000,0x0000004f0b300000)]
  0x000001ad4a1a9800 JavaThread "Attach Listener" daemon [_thread_blocked, id=11640, stack(0x0000004f0b300000,0x0000004f0b400000)]
=>0x000001ad4a1aa800 JavaThread "C2 CompilerThread0" daemon [_thread_in_native, id=16536, stack(0x0000004f0b400000,0x0000004f0b500000)]
  0x000001ad4993a000 JavaThread "C1 CompilerThread0" daemon [_thread_blocked, id=5364, stack(0x0000004f0b500000,0x0000004f0b600000)]
  0x000001ad4a217800 JavaThread "Sweeper thread" daemon [_thread_blocked, id=15420, stack(0x0000004f0b600000,0x0000004f0b700000)]
  0x000001ad4a32c000 JavaThread "Service Thread" daemon [_thread_blocked, id=8764, stack(0x0000004f0b700000,0x0000004f0b800000)]
  0x000001ad4a338800 JavaThread "Common-Cleaner" daemon [_thread_blocked, id=15740, stack(0x0000004f0b900000,0x0000004f0ba00000)]
  0x000001ad4d173000 JavaThread "C2 CompilerThread1" daemon [_thread_in_native, id=7336, stack(0x0000004f0bd00000,0x0000004f0be00000)]

Other Threads:
  0x000001ad4991e000 VMThread "VM Thread" [stack: 0x0000004f0af00000,0x0000004f0b000000] [id=12804]
  0x000001ad4a336000 WatcherThread [stack: 0x0000004f0b800000,0x0000004f0b900000] [id=3552]
  0x000001ad26ec2000 GCTaskThread "GC Thread#0" [stack: 0x0000004f0aa00000,0x0000004f0ab00000] [id=11704]
  0x000001ad4a97d800 GCTaskThread "GC Thread#1" [stack: 0x0000004f0ba00000,0x0000004f0bb00000] [id=7476]
  0x000001ad4aa93800 GCTaskThread "GC Thread#2" [stack: 0x0000004f0bb00000,0x0000004f0bc00000] [id=16476]
  0x000001ad4a8e2800 GCTaskThread "GC Thread#3" [stack: 0x0000004f0bc00000,0x0000004f0bd00000] [id=15532]
  0x000001ad26f04000 ConcurrentGCThread "G1 Main Marker" [stack: 0x0000004f0ab00000,0x0000004f0ac00000] [id=5484]
  0x000001ad26f05000 ConcurrentGCThread "G1 Conc#0" [stack: 0x0000004f0ac00000,0x0000004f0ad00000] [id=9532]
  0x000001ad49784800 ConcurrentGCThread "G1 Refine#0" [stack: 0x0000004f0ad00000,0x0000004f0ae00000] [id=14724]
  0x000001ad49785000 ConcurrentGCThread "G1 Young RemSet Sampling" [stack: 0x0000004f0ae00000,0x0000004f0af00000] [id=16648]

Threads with active compile tasks:
C2 CompilerThread0  32340 4988       4       java.util.function.BiPredicate$$Lambda$90/0x0000000800172c40::test (14 bytes)
C1 CompilerThread0  32340 5049   !   2       org.springframework.boot.context.properties.bind.Binder::bindObject (117 bytes)
C2 CompilerThread1  32340 5011   !   4       org.springframework.beans.factory.support.DefaultListableBeanFactory::doGetBeanNamesForType (511 bytes)

VM state:at safepoint (normal execution)

VM Mutex/Monitor currently owned by a thread:  ([mutex/lock_event])
[0x000001ad26ea7250] Threads_lock - owner thread: 0x000001ad4991e000
[0x000001ad26ea7d90] Heap_lock - owner thread: 0x000001ad4993a000
[0x000001ad26ea71c0] MethodData_lock - owner thread: 0x000001ad4993a000

Heap address: 0x0000000741600000, size: 3050 MB, Compressed Oops mode: Zero based, Oop shift amount: 3
Narrow klass base: 0x0000000800000000, Narrow klass shift: 0
Compressed class space size: 1073741824 Address: 0x0000000800000000

Heap:
 garbage-first heap   total 196608K, used 21830K [0x0000000741600000, 0x0000000800000000)
  region size 1024K, 10 young (10240K), 10 survivors (10240K)
 Metaspace       used 46452K, capacity 47652K, committed 47816K, reserved 1099776K
  class space    used 5554K, capacity 6028K, committed 6144K, reserved 1048576K
Heap Regions: E=young(eden), S=young(survivor), O=old, HS=humongous(starts), HC=humongous(continues), CS=collection set, F=free, A=archive, TAMS=top-at-mark-start (previous, next)
|   0|0x0000000741600000, 0x0000000741700000, 0x0000000741700000|100%| O|  |TAMS 0x0000000741700000, 0x0000000741700000| Untracked 
|   1|0x0000000741700000, 0x0000000741800000, 0x0000000741800000|100%| O|  |TAMS 0x0000000741800000, 0x0000000741800000| Untracked 
|   2|0x0000000741800000, 0x0000000741900000, 0x0000000741900000|100%| O|  |TAMS 0x0000000741900000, 0x0000000741900000| Untracked 
|   3|0x0000000741900000, 0x0000000741a00000, 0x0000000741a00000|100%| O|  |TAMS 0x0000000741a00000, 0x0000000741a00000| Untracked 
|   4|0x0000000741a00000, 0x0000000741b00000, 0x0000000741b00000|100%| O|  |TAMS 0x0000000741b00000, 0x0000000741b00000| Untracked 
|   5|0x0000000741b00000, 0x0000000741c00000, 0x0000000741c00000|100%| O|  |TAMS 0x0000000741c00000, 0x0000000741c00000| Untracked 
|   6|0x0000000741c00000, 0x0000000741d00000, 0x0000000741d00000|100%| O|  |TAMS 0x0000000741d00000, 0x0000000741d00000| Untracked 
|   7|0x0000000741d00000, 0x0000000741e00000, 0x0000000741e00000|100%| O|  |TAMS 0x0000000741e00000, 0x0000000741e00000| Untracked 
|   8|0x0000000741e00000, 0x0000000741f00000, 0x0000000741f00000|100%| O|  |TAMS 0x0000000741f00000, 0x0000000741f00000| Untracked 
|   9|0x0000000741f00000, 0x0000000742000000, 0x0000000742000000|100%| O|  |TAMS 0x0000000742000000, 0x0000000742000000| Untracked 
|  10|0x0000000742000000, 0x0000000742100000, 0x0000000742100000|100%| O|  |TAMS 0x000000074201e400, 0x0000000742100000| Untracked 
|  11|0x0000000742100000, 0x00000007421e1a00, 0x0000000742200000| 88%| O|  |TAMS 0x0000000742100000, 0x00000007421e1a00| Untracked 
|  12|0x0000000742200000, 0x0000000742200000, 0x0000000742300000|  0%| F|  |TAMS 0x0000000742200000, 0x0000000742200000| Untracked 
|  13|0x0000000742300000, 0x0000000742300000, 0x0000000742400000|  0%| F|  |TAMS 0x0000000742300000, 0x0000000742300000| Untracked 
|  14|0x0000000742400000, 0x0000000742400000, 0x0000000742500000|  0%| F|  |TAMS 0x0000000742400000, 0x0000000742400000| Untracked 
|  15|0x0000000742500000, 0x0000000742500000, 0x0000000742600000|  0%| F|  |TAMS 0x0000000742500000, 0x0000000742500000| Untracked 
|  16|0x0000000742600000, 0x0000000742600000, 0x0000000742700000|  0%| F|  |TAMS 0x0000000742600000, 0x0000000742600000| Untracked 
|  17|0x0000000742700000, 0x0000000742700000, 0x0000000742800000|  0%| F|  |TAMS 0x0000000742700000, 0x0000000742700000| Untracked 
|  18|0x0000000742800000, 0x0000000742800000, 0x0000000742900000|  0%| F|  |TAMS 0x0000000742800000, 0x0000000742800000| Untracked 
|  19|0x0000000742900000, 0x0000000742900000, 0x0000000742a00000|  0%| F|  |TAMS 0x0000000742900000, 0x0000000742900000| Untracked 
|  20|0x0000000742a00000, 0x0000000742a00000, 0x0000000742b00000|  0%| F|  |TAMS 0x0000000742a00000, 0x0000000742a00000| Untracked 
|  21|0x0000000742b00000, 0x0000000742b00000, 0x0000000742c00000|  0%| F|  |TAMS 0x0000000742b00000, 0x0000000742b00000| Untracked 
|  22|0x0000000742c00000, 0x0000000742c00000, 0x0000000742d00000|  0%| F|  |TAMS 0x0000000742c00000, 0x0000000742c00000| Untracked 
|  23|0x0000000742d00000, 0x0000000742d00000, 0x0000000742e00000|  0%| F|  |TAMS 0x0000000742d00000, 0x0000000742d00000| Untracked 
|  24|0x0000000742e00000, 0x0000000742e00000, 0x0000000742f00000|  0%| F|  |TAMS 0x0000000742e00000, 0x0000000742e00000| Untracked 
|  25|0x0000000742f00000, 0x0000000742f00000, 0x0000000743000000|  0%| F|  |TAMS 0x0000000742f00000, 0x0000000742f00000| Untracked 
|  26|0x0000000743000000, 0x0000000743000000, 0x0000000743100000|  0%| F|  |TAMS 0x0000000743000000, 0x0000000743000000| Untracked 
|  27|0x0000000743100000, 0x0000000743100000, 0x0000000743200000|  0%| F|  |TAMS 0x0000000743100000, 0x0000000743100000| Untracked 
|  28|0x0000000743200000, 0x0000000743200000, 0x0000000743300000|  0%| F|  |TAMS 0x0000000743200000, 0x0000000743200000| Untracked 
|  29|0x0000000743300000, 0x0000000743300000, 0x0000000743400000|  0%| F|  |TAMS 0x0000000743300000, 0x0000000743300000| Untracked 
|  30|0x0000000743400000, 0x0000000743400000, 0x0000000743500000|  0%| F|  |TAMS 0x0000000743400000, 0x0000000743400000| Untracked 
|  31|0x0000000743500000, 0x0000000743500000, 0x0000000743600000|  0%| F|  |TAMS 0x0000000743500000, 0x0000000743500000| Untracked 
|  32|0x0000000743600000, 0x0000000743600000, 0x0000000743700000|  0%| F|  |TAMS 0x0000000743600000, 0x0000000743600000| Untracked 
|  33|0x0000000743700000, 0x0000000743700000, 0x0000000743800000|  0%| F|  |TAMS 0x0000000743700000, 0x0000000743700000| Untracked 
|  34|0x0000000743800000, 0x0000000743800000, 0x0000000743900000|  0%| F|  |TAMS 0x0000000743800000, 0x0000000743800000| Untracked 
|  35|0x0000000743900000, 0x0000000743900000, 0x0000000743a00000|  0%| F|  |TAMS 0x0000000743900000, 0x0000000743900000| Untracked 
|  36|0x0000000743a00000, 0x0000000743a00000, 0x0000000743b00000|  0%| F|  |TAMS 0x0000000743a00000, 0x0000000743a00000| Untracked 
|  37|0x0000000743b00000, 0x0000000743b00000, 0x0000000743c00000|  0%| F|  |TAMS 0x0000000743b00000, 0x0000000743b00000| Untracked 
|  38|0x0000000743c00000, 0x0000000743c00000, 0x0000000743d00000|  0%| F|  |TAMS 0x0000000743c00000, 0x0000000743c00000| Untracked 
|  39|0x0000000743d00000, 0x0000000743d00000, 0x0000000743e00000|  0%| F|  |TAMS 0x0000000743d00000, 0x0000000743d00000| Untracked 
|  40|0x0000000743e00000, 0x0000000743e00000, 0x0000000743f00000|  0%| F|  |TAMS 0x0000000743e00000, 0x0000000743e00000| Untracked 
|  41|0x0000000743f00000, 0x0000000743f00000, 0x0000000744000000|  0%| F|  |TAMS 0x0000000743f00000, 0x0000000743f00000| Untracked 
|  42|0x0000000744000000, 0x0000000744000000, 0x0000000744100000|  0%| F|  |TAMS 0x0000000744000000, 0x0000000744000000| Untracked 
|  43|0x0000000744100000, 0x0000000744100000, 0x0000000744200000|  0%| F|  |TAMS 0x0000000744100000, 0x0000000744100000| Untracked 
|  44|0x0000000744200000, 0x0000000744200000, 0x0000000744300000|  0%| F|  |TAMS 0x0000000744200000, 0x0000000744200000| Untracked 
|  45|0x0000000744300000, 0x0000000744300000, 0x0000000744400000|  0%| F|  |TAMS 0x0000000744300000, 0x0000000744300000| Untracked 
|  46|0x0000000744400000, 0x0000000744400000, 0x0000000744500000|  0%| F|  |TAMS 0x0000000744400000, 0x0000000744400000| Untracked 
|  47|0x0000000744500000, 0x0000000744500000, 0x0000000744600000|  0%| F|  |TAMS 0x0000000744500000, 0x0000000744500000| Untracked 
|  48|0x0000000744600000, 0x0000000744600000, 0x0000000744700000|  0%| F|  |TAMS 0x0000000744600000, 0x0000000744600000| Untracked 
|  49|0x0000000744700000, 0x0000000744700000, 0x0000000744800000|  0%| F|  |TAMS 0x0000000744700000, 0x0000000744700000| Untracked 
|  50|0x0000000744800000, 0x0000000744800000, 0x0000000744900000|  0%| F|  |TAMS 0x0000000744800000, 0x0000000744800000| Untracked 
|  51|0x0000000744900000, 0x0000000744900000, 0x0000000744a00000|  0%| F|  |TAMS 0x0000000744900000, 0x0000000744900000| Untracked 
|  52|0x0000000744a00000, 0x0000000744a00000, 0x0000000744b00000|  0%| F|  |TAMS 0x0000000744a00000, 0x0000000744a00000| Untracked 
|  53|0x0000000744b00000, 0x0000000744b00000, 0x0000000744c00000|  0%| F|  |TAMS 0x0000000744b00000, 0x0000000744b00000| Untracked 
|  54|0x0000000744c00000, 0x0000000744c00000, 0x0000000744d00000|  0%| F|  |TAMS 0x0000000744c00000, 0x0000000744c00000| Untracked 
|  55|0x0000000744d00000, 0x0000000744d00000, 0x0000000744e00000|  0%| F|  |TAMS 0x0000000744d00000, 0x0000000744d00000| Untracked 
|  56|0x0000000744e00000, 0x0000000744e00000, 0x0000000744f00000|  0%| F|  |TAMS 0x0000000744e00000, 0x0000000744e00000| Untracked 
|  57|0x0000000744f00000, 0x0000000744f00000, 0x0000000745000000|  0%| F|  |TAMS 0x0000000744f00000, 0x0000000744f00000| Untracked 
|  58|0x0000000745000000, 0x0000000745000000, 0x0000000745100000|  0%| F|  |TAMS 0x0000000745000000, 0x0000000745000000| Untracked 
|  59|0x0000000745100000, 0x0000000745100000, 0x0000000745200000|  0%| F|  |TAMS 0x0000000745100000, 0x0000000745100000| Untracked 
|  60|0x0000000745200000, 0x0000000745200000, 0x0000000745300000|  0%| F|  |TAMS 0x0000000745200000, 0x0000000745200000| Untracked 
|  61|0x0000000745300000, 0x0000000745300000, 0x0000000745400000|  0%| F|  |TAMS 0x0000000745300000, 0x0000000745300000| Untracked 
|  62|0x0000000745400000, 0x0000000745400000, 0x0000000745500000|  0%| F|  |TAMS 0x0000000745400000, 0x0000000745400000| Untracked 
|  63|0x0000000745500000, 0x0000000745500000, 0x0000000745600000|  0%| F|  |TAMS 0x0000000745500000, 0x0000000745500000| Untracked 
|  64|0x0000000745600000, 0x0000000745600000, 0x0000000745700000|  0%| F|  |TAMS 0x0000000745600000, 0x0000000745600000| Untracked 
|  65|0x0000000745700000, 0x0000000745700000, 0x0000000745800000|  0%| F|  |TAMS 0x0000000745700000, 0x0000000745700000| Untracked 
|  66|0x0000000745800000, 0x0000000745800000, 0x0000000745900000|  0%| F|  |TAMS 0x0000000745800000, 0x0000000745800000| Untracked 
|  67|0x0000000745900000, 0x0000000745900000, 0x0000000745a00000|  0%| F|  |TAMS 0x0000000745900000, 0x0000000745900000| Untracked 
|  68|0x0000000745a00000, 0x0000000745a00000, 0x0000000745b00000|  0%| F|  |TAMS 0x0000000745a00000, 0x0000000745a00000| Untracked 
|  69|0x0000000745b00000, 0x0000000745b00000, 0x0000000745c00000|  0%| F|  |TAMS 0x0000000745b00000, 0x0000000745b00000| Untracked 
|  70|0x0000000745c00000, 0x0000000745c00000, 0x0000000745d00000|  0%| F|  |TAMS 0x0000000745c00000, 0x0000000745c00000| Untracked 
|  71|0x0000000745d00000, 0x0000000745d00000, 0x0000000745e00000|  0%| F|  |TAMS 0x0000000745d00000, 0x0000000745d00000| Untracked 
|  72|0x0000000745e00000, 0x0000000745e00000, 0x0000000745f00000|  0%| F|  |TAMS 0x0000000745e00000, 0x0000000745e00000| Untracked 
|  73|0x0000000745f00000, 0x0000000745f00000, 0x0000000746000000|  0%| F|  |TAMS 0x0000000745f00000, 0x0000000745f00000| Untracked 
|  74|0x0000000746000000, 0x0000000746000000, 0x0000000746100000|  0%| F|  |TAMS 0x0000000746000000, 0x0000000746000000| Untracked 
|  75|0x0000000746100000, 0x0000000746100000, 0x0000000746200000|  0%| F|  |TAMS 0x0000000746100000, 0x0000000746100000| Untracked 
|  76|0x0000000746200000, 0x0000000746200000, 0x0000000746300000|  0%| F|  |TAMS 0x0000000746200000, 0x0000000746200000| Untracked 
|  77|0x0000000746300000, 0x0000000746300000, 0x0000000746400000|  0%| F|  |TAMS 0x0000000746300000, 0x0000000746300000| Untracked 
|  78|0x0000000746400000, 0x0000000746400000, 0x0000000746500000|  0%| F|  |TAMS 0x0000000746400000, 0x0000000746400000| Untracked 
|  79|0x0000000746500000, 0x0000000746500000, 0x0000000746600000|  0%| F|  |TAMS 0x0000000746500000, 0x0000000746500000| Untracked 
|  80|0x0000000746600000, 0x0000000746600000, 0x0000000746700000|  0%| F|  |TAMS 0x0000000746600000, 0x0000000746600000| Untracked 
|  81|0x0000000746700000, 0x0000000746700000, 0x0000000746800000|  0%| F|  |TAMS 0x0000000746700000, 0x0000000746700000| Untracked 
|  82|0x0000000746800000, 0x0000000746800000, 0x0000000746900000|  0%| F|  |TAMS 0x0000000746800000, 0x0000000746800000| Untracked 
|  83|0x0000000746900000, 0x0000000746900000, 0x0000000746a00000|  0%| F|  |TAMS 0x0000000746900000, 0x0000000746900000| Untracked 
|  84|0x0000000746a00000, 0x0000000746a00000, 0x0000000746b00000|  0%| F|  |TAMS 0x0000000746a00000, 0x0000000746a00000| Untracked 
|  85|0x0000000746b00000, 0x0000000746b00000, 0x0000000746c00000|  0%| F|  |TAMS 0x0000000746b00000, 0x0000000746b00000| Untracked 
|  86|0x0000000746c00000, 0x0000000746c00000, 0x0000000746d00000|  0%| F|  |TAMS 0x0000000746c00000, 0x0000000746c00000| Untracked 
|  87|0x0000000746d00000, 0x0000000746d00000, 0x0000000746e00000|  0%| F|  |TAMS 0x0000000746d00000, 0x0000000746d00000| Untracked 
|  88|0x0000000746e00000, 0x0000000746e00000, 0x0000000746f00000|  0%| F|  |TAMS 0x0000000746e00000, 0x0000000746e00000| Untracked 
|  89|0x0000000746f00000, 0x0000000746f00000, 0x0000000747000000|  0%| F|  |TAMS 0x0000000746f00000, 0x0000000746f00000| Untracked 
|  90|0x0000000747000000, 0x0000000747000000, 0x0000000747100000|  0%| F|  |TAMS 0x0000000747000000, 0x0000000747000000| Untracked 
|  91|0x0000000747100000, 0x0000000747100000, 0x0000000747200000|  0%| F|  |TAMS 0x0000000747100000, 0x0000000747100000| Untracked 
|  92|0x0000000747200000, 0x0000000747200000, 0x0000000747300000|  0%| F|  |TAMS 0x0000000747200000, 0x0000000747200000| Untracked 
|  93|0x0000000747300000, 0x0000000747300000, 0x0000000747400000|  0%| F|  |TAMS 0x0000000747300000, 0x0000000747300000| Untracked 
|  94|0x0000000747400000, 0x0000000747400000, 0x0000000747500000|  0%| F|  |TAMS 0x0000000747400000, 0x0000000747400000| Untracked 
|  95|0x0000000747500000, 0x0000000747500000, 0x0000000747600000|  0%| F|  |TAMS 0x0000000747500000, 0x0000000747500000| Untracked 
|  96|0x0000000747600000, 0x0000000747600000, 0x0000000747700000|  0%| F|  |TAMS 0x0000000747600000, 0x0000000747600000| Untracked 
|  97|0x0000000747700000, 0x0000000747700000, 0x0000000747800000|  0%| F|  |TAMS 0x0000000747700000, 0x0000000747700000| Untracked 
|  98|0x0000000747800000, 0x0000000747800000, 0x0000000747900000|  0%| F|  |TAMS 0x0000000747800000, 0x0000000747800000| Untracked 
|  99|0x0000000747900000, 0x0000000747900000, 0x0000000747a00000|  0%| F|  |TAMS 0x0000000747900000, 0x0000000747900000| Untracked 
| 100|0x0000000747a00000, 0x0000000747a00000, 0x0000000747b00000|  0%| F|  |TAMS 0x0000000747a00000, 0x0000000747a00000| Untracked 
| 101|0x0000000747b00000, 0x0000000747b00000, 0x0000000747c00000|  0%| F|  |TAMS 0x0000000747b00000, 0x0000000747b00000| Untracked 
| 102|0x0000000747c00000, 0x0000000747c00000, 0x0000000747d00000|  0%| F|  |TAMS 0x0000000747c00000, 0x0000000747c00000| Untracked 
| 103|0x0000000747d00000, 0x0000000747d00000, 0x0000000747e00000|  0%| F|  |TAMS 0x0000000747d00000, 0x0000000747d00000| Untracked 
| 104|0x0000000747e00000, 0x0000000747e00000, 0x0000000747f00000|  0%| F|  |TAMS 0x0000000747e00000, 0x0000000747e00000| Untracked 
| 105|0x0000000747f00000, 0x0000000747f00000, 0x0000000748000000|  0%| F|  |TAMS 0x0000000747f00000, 0x0000000747f00000| Untracked 
| 106|0x0000000748000000, 0x0000000748000000, 0x0000000748100000|  0%| F|  |TAMS 0x0000000748000000, 0x0000000748000000| Untracked 
| 107|0x0000000748100000, 0x0000000748100000, 0x0000000748200000|  0%| F|  |TAMS 0x0000000748100000, 0x0000000748100000| Untracked 
| 108|0x0000000748200000, 0x0000000748200000, 0x0000000748300000|  0%| F|  |TAMS 0x0000000748200000, 0x0000000748200000| Untracked 
| 109|0x0000000748300000, 0x0000000748300000, 0x0000000748400000|  0%| F|  |TAMS 0x0000000748300000, 0x0000000748300000| Untracked 
| 110|0x0000000748400000, 0x0000000748400000, 0x0000000748500000|  0%| F|  |TAMS 0x0000000748400000, 0x0000000748400000| Untracked 
| 111|0x0000000748500000, 0x0000000748500000, 0x0000000748600000|  0%| F|  |TAMS 0x0000000748500000, 0x0000000748500000| Untracked 
| 112|0x0000000748600000, 0x0000000748600000, 0x0000000748700000|  0%| F|  |TAMS 0x0000000748600000, 0x0000000748600000| Untracked 
| 113|0x0000000748700000, 0x0000000748700000, 0x0000000748800000|  0%| F|  |TAMS 0x0000000748700000, 0x0000000748700000| Untracked 
| 114|0x0000000748800000, 0x0000000748800000, 0x0000000748900000|  0%| F|  |TAMS 0x0000000748800000, 0x0000000748800000| Untracked 
| 115|0x0000000748900000, 0x0000000748900000, 0x0000000748a00000|  0%| F|  |TAMS 0x0000000748900000, 0x0000000748900000| Untracked 
| 116|0x0000000748a00000, 0x0000000748a00000, 0x0000000748b00000|  0%| F|  |TAMS 0x0000000748a00000, 0x0000000748a00000| Untracked 
| 117|0x0000000748b00000, 0x0000000748b00000, 0x0000000748c00000|  0%| F|  |TAMS 0x0000000748b00000, 0x0000000748b00000| Untracked 
| 118|0x0000000748c00000, 0x0000000748c6fed0, 0x0000000748d00000| 43%| S|CS|TAMS 0x0000000748c00000, 0x0000000748c00000| Complete 
| 119|0x0000000748d00000, 0x0000000748e00000, 0x0000000748e00000|100%| S|CS|TAMS 0x0000000748d00000, 0x0000000748d00000| Complete 
| 120|0x0000000748e00000, 0x0000000748f00000, 0x0000000748f00000|100%| S|CS|TAMS 0x0000000748e00000, 0x0000000748e00000| Complete 
| 121|0x0000000748f00000, 0x0000000749000000, 0x0000000749000000|100%| S|CS|TAMS 0x0000000748f00000, 0x0000000748f00000| Complete 
| 122|0x0000000749000000, 0x0000000749100000, 0x0000000749100000|100%| S|CS|TAMS 0x0000000749000000, 0x0000000749000000| Complete 
| 123|0x0000000749100000, 0x0000000749200000, 0x0000000749200000|100%| S|CS|TAMS 0x0000000749100000, 0x0000000749100000| Complete 
| 124|0x0000000749200000, 0x0000000749300000, 0x0000000749300000|100%| S|CS|TAMS 0x0000000749200000, 0x0000000749200000| Complete 
| 125|0x0000000749300000, 0x0000000749400000, 0x0000000749400000|100%| S|CS|TAMS 0x0000000749300000, 0x0000000749300000| Complete 
| 126|0x0000000749400000, 0x0000000749500000, 0x0000000749500000|100%| S|CS|TAMS 0x0000000749400000, 0x0000000749400000| Complete 
| 127|0x0000000749500000, 0x0000000749600000, 0x0000000749600000|100%| S|CS|TAMS 0x0000000749500000, 0x0000000749500000| Complete 
| 128|0x0000000749600000, 0x0000000749600000, 0x0000000749700000|  0%| F|  |TAMS 0x0000000749600000, 0x0000000749600000| Untracked 
| 129|0x0000000749700000, 0x0000000749700000, 0x0000000749800000|  0%| F|  |TAMS 0x0000000749700000, 0x0000000749700000| Untracked 
| 130|0x0000000749800000, 0x0000000749800000, 0x0000000749900000|  0%| F|  |TAMS 0x0000000749800000, 0x0000000749800000| Untracked 
| 131|0x0000000749900000, 0x0000000749900000, 0x0000000749a00000|  0%| F|  |TAMS 0x0000000749900000, 0x0000000749900000| Untracked 
| 132|0x0000000749a00000, 0x0000000749a00000, 0x0000000749b00000|  0%| F|  |TAMS 0x0000000749a00000, 0x0000000749a00000| Untracked 
| 133|0x0000000749b00000, 0x0000000749b00000, 0x0000000749c00000|  0%| F|  |TAMS 0x0000000749b00000, 0x0000000749b00000| Untracked 
| 134|0x0000000749c00000, 0x0000000749c00000, 0x0000000749d00000|  0%| F|  |TAMS 0x0000000749c00000, 0x0000000749c00000| Untracked 
| 135|0x0000000749d00000, 0x0000000749d00000, 0x0000000749e00000|  0%| F|  |TAMS 0x0000000749d00000, 0x0000000749d00000| Untracked 
| 136|0x0000000749e00000, 0x0000000749e00000, 0x0000000749f00000|  0%| F|  |TAMS 0x0000000749e00000, 0x0000000749e00000| Untracked 
| 137|0x0000000749f00000, 0x0000000749f00000, 0x000000074a000000|  0%| F|  |TAMS 0x0000000749f00000, 0x0000000749f00000| Untracked 
| 138|0x000000074a000000, 0x000000074a000000, 0x000000074a100000|  0%| F|  |TAMS 0x000000074a000000, 0x000000074a000000| Untracked 
| 139|0x000000074a100000, 0x000000074a100000, 0x000000074a200000|  0%| F|  |TAMS 0x000000074a100000, 0x000000074a100000| Untracked 
| 140|0x000000074a200000, 0x000000074a200000, 0x000000074a300000|  0%| F|  |TAMS 0x000000074a200000, 0x000000074a200000| Untracked 
| 141|0x000000074a300000, 0x000000074a300000, 0x000000074a400000|  0%| F|  |TAMS 0x000000074a300000, 0x000000074a300000| Untracked 
| 142|0x000000074a400000, 0x000000074a400000, 0x000000074a500000|  0%| F|  |TAMS 0x000000074a400000, 0x000000074a400000| Untracked 
| 143|0x000000074a500000, 0x000000074a500000, 0x000000074a600000|  0%| F|  |TAMS 0x000000074a500000, 0x000000074a500000| Untracked 
| 144|0x000000074a600000, 0x000000074a600000, 0x000000074a700000|  0%| F|  |TAMS 0x000000074a600000, 0x000000074a600000| Untracked 
| 145|0x000000074a700000, 0x000000074a700000, 0x000000074a800000|  0%| F|  |TAMS 0x000000074a700000, 0x000000074a700000| Untracked 
| 146|0x000000074a800000, 0x000000074a800000, 0x000000074a900000|  0%| F|  |TAMS 0x000000074a800000, 0x000000074a800000| Untracked 
| 147|0x000000074a900000, 0x000000074a900000, 0x000000074aa00000|  0%| F|  |TAMS 0x000000074a900000, 0x000000074a900000| Untracked 
| 148|0x000000074aa00000, 0x000000074aa00000, 0x000000074ab00000|  0%| F|  |TAMS 0x000000074aa00000, 0x000000074aa00000| Untracked 
| 149|0x000000074ab00000, 0x000000074ab00000, 0x000000074ac00000|  0%| F|  |TAMS 0x000000074ab00000, 0x000000074ab00000| Untracked 
| 150|0x000000074ac00000, 0x000000074ac00000, 0x000000074ad00000|  0%| F|  |TAMS 0x000000074ac00000, 0x000000074ac00000| Untracked 
| 151|0x000000074ad00000, 0x000000074ad00000, 0x000000074ae00000|  0%| F|  |TAMS 0x000000074ad00000, 0x000000074ad00000| Untracked 
| 152|0x000000074ae00000, 0x000000074ae00000, 0x000000074af00000|  0%| F|  |TAMS 0x000000074ae00000, 0x000000074ae00000| Untracked 
| 153|0x000000074af00000, 0x000000074af00000, 0x000000074b000000|  0%| F|  |TAMS 0x000000074af00000, 0x000000074af00000| Untracked 
| 154|0x000000074b000000, 0x000000074b000000, 0x000000074b100000|  0%| F|  |TAMS 0x000000074b000000, 0x000000074b000000| Untracked 
| 155|0x000000074b100000, 0x000000074b100000, 0x000000074b200000|  0%| F|  |TAMS 0x000000074b100000, 0x000000074b100000| Untracked 
| 156|0x000000074b200000, 0x000000074b200000, 0x000000074b300000|  0%| F|  |TAMS 0x000000074b200000, 0x000000074b200000| Untracked 
| 157|0x000000074b300000, 0x000000074b300000, 0x000000074b400000|  0%| F|  |TAMS 0x000000074b300000, 0x000000074b300000| Untracked 
| 158|0x000000074b400000, 0x000000074b400000, 0x000000074b500000|  0%| F|  |TAMS 0x000000074b400000, 0x000000074b400000| Untracked 
| 159|0x000000074b500000, 0x000000074b500000, 0x000000074b600000|  0%| F|  |TAMS 0x000000074b500000, 0x000000074b500000| Untracked 
| 160|0x000000074b600000, 0x000000074b600000, 0x000000074b700000|  0%| F|  |TAMS 0x000000074b600000, 0x000000074b600000| Untracked 
| 161|0x000000074b700000, 0x000000074b700000, 0x000000074b800000|  0%| F|  |TAMS 0x000000074b700000, 0x000000074b700000| Untracked 
| 162|0x000000074b800000, 0x000000074b800000, 0x000000074b900000|  0%| F|  |TAMS 0x000000074b800000, 0x000000074b800000| Untracked 
| 163|0x000000074b900000, 0x000000074b900000, 0x000000074ba00000|  0%| F|  |TAMS 0x000000074b900000, 0x000000074b900000| Untracked 
| 164|0x000000074ba00000, 0x000000074ba00000, 0x000000074bb00000|  0%| F|  |TAMS 0x000000074ba00000, 0x000000074ba00000| Untracked 
| 165|0x000000074bb00000, 0x000000074bb00000, 0x000000074bc00000|  0%| F|  |TAMS 0x000000074bb00000, 0x000000074bb00000| Untracked 
| 166|0x000000074bc00000, 0x000000074bc00000, 0x000000074bd00000|  0%| F|  |TAMS 0x000000074bc00000, 0x000000074bc00000| Untracked 
| 167|0x000000074bd00000, 0x000000074bd00000, 0x000000074be00000|  0%| F|  |TAMS 0x000000074bd00000, 0x000000074bd00000| Untracked 
| 168|0x000000074be00000, 0x000000074be00000, 0x000000074bf00000|  0%| F|  |TAMS 0x000000074be00000, 0x000000074be00000| Untracked 
| 169|0x000000074bf00000, 0x000000074bf00000, 0x000000074c000000|  0%| F|  |TAMS 0x000000074bf00000, 0x000000074bf00000| Untracked 
| 170|0x000000074c000000, 0x000000074c000000, 0x000000074c100000|  0%| F|  |TAMS 0x000000074c000000, 0x000000074c000000| Untracked 
| 171|0x000000074c100000, 0x000000074c100000, 0x000000074c200000|  0%| F|  |TAMS 0x000000074c100000, 0x000000074c100000| Untracked 
| 172|0x000000074c200000, 0x000000074c200000, 0x000000074c300000|  0%| F|  |TAMS 0x000000074c200000, 0x000000074c200000| Untracked 
| 173|0x000000074c300000, 0x000000074c300000, 0x000000074c400000|  0%| F|  |TAMS 0x000000074c300000, 0x000000074c300000| Untracked 
| 174|0x000000074c400000, 0x000000074c400000, 0x000000074c500000|  0%| F|  |TAMS 0x000000074c400000, 0x000000074c400000| Untracked 
| 175|0x000000074c500000, 0x000000074c500000, 0x000000074c600000|  0%| F|  |TAMS 0x000000074c500000, 0x000000074c500000| Untracked 
| 176|0x000000074c600000, 0x000000074c600000, 0x000000074c700000|  0%| F|  |TAMS 0x000000074c600000, 0x000000074c600000| Untracked 
| 177|0x000000074c700000, 0x000000074c700000, 0x000000074c800000|  0%| F|  |TAMS 0x000000074c700000, 0x000000074c700000| Untracked 
| 178|0x000000074c800000, 0x000000074c800000, 0x000000074c900000|  0%| F|  |TAMS 0x000000074c800000, 0x000000074c800000| Untracked 
| 179|0x000000074c900000, 0x000000074c900000, 0x000000074ca00000|  0%| F|  |TAMS 0x000000074c900000, 0x000000074c900000| Untracked 
| 180|0x000000074ca00000, 0x000000074ca00000, 0x000000074cb00000|  0%| F|  |TAMS 0x000000074ca00000, 0x000000074ca00000| Untracked 
| 181|0x000000074cb00000, 0x000000074cb00000, 0x000000074cc00000|  0%| F|  |TAMS 0x000000074cb00000, 0x000000074cb00000| Untracked 
| 182|0x000000074cc00000, 0x000000074cc00000, 0x000000074cd00000|  0%| F|  |TAMS 0x000000074cc00000, 0x000000074cc00000| Untracked 
| 183|0x000000074cd00000, 0x000000074cd00000, 0x000000074ce00000|  0%| F|  |TAMS 0x000000074cd00000, 0x000000074cd00000| Untracked 
| 184|0x000000074ce00000, 0x000000074ce00000, 0x000000074cf00000|  0%| F|  |TAMS 0x000000074ce00000, 0x000000074ce00000| Untracked 
| 185|0x000000074cf00000, 0x000000074cf00000, 0x000000074d000000|  0%| F|  |TAMS 0x000000074cf00000, 0x000000074cf00000| Untracked 
| 186|0x000000074d000000, 0x000000074d000000, 0x000000074d100000|  0%| F|  |TAMS 0x000000074d000000, 0x000000074d000000| Untracked 
| 187|0x000000074d100000, 0x000000074d100000, 0x000000074d200000|  0%| F|  |TAMS 0x000000074d100000, 0x000000074d100000| Untracked 
| 188|0x000000074d200000, 0x000000074d200000, 0x000000074d300000|  0%| F|  |TAMS 0x000000074d200000, 0x000000074d200000| Untracked 
| 189|0x000000074d300000, 0x000000074d300000, 0x000000074d400000|  0%| F|  |TAMS 0x000000074d300000, 0x000000074d300000| Untracked 
| 190|0x000000074d400000, 0x000000074d400000, 0x000000074d500000|  0%| F|  |TAMS 0x000000074d400000, 0x000000074d400000| Untracked 
| 191|0x000000074d500000, 0x000000074d500000, 0x000000074d600000|  0%| F|  |TAMS 0x000000074d500000, 0x000000074d500000| Untracked 

Card table byte_map: [0x000001ad40730000,0x000001ad40d30000] _byte_map_base: 0x000001ad3cd25000

Marking Bits (Prev, Next): (CMBitMap*) 0x000001ad26ef72e0, (CMBitMap*) 0x000001ad26ef72a8
 Prev Bits: [0x000001ad442e0000, 0x000001ad47288000)
 Next Bits: [0x000001ad41330000, 0x000001ad442d8000)

Polling page: 0x000001ad30ae0000

Metaspace:

Usage:
  Non-class:     40.65 MB capacity,    39.94 MB ( 98%) used,   578.41 KB (  1%) free+waste,   146.75 KB ( <1%) overhead. 
      Class:      5.89 MB capacity,     5.42 MB ( 92%) used,   405.02 KB (  7%) free+waste,    68.94 KB (  1%) overhead. 
       Both:     46.54 MB capacity,    45.36 MB ( 97%) used,   983.43 KB (  2%) free+waste,   215.69 KB ( <1%) overhead. 

Virtual space:
  Non-class space:       50.00 MB reserved,      40.70 MB ( 81%) committed 
      Class space:        1.00 GB reserved,       6.00 MB ( <1%) committed 
             Both:        1.05 GB reserved,      46.70 MB (  4%) committed 

Chunk freelists:
   Non-Class:  6.00 KB
       Class:  2.50 KB
        Both:  8.50 KB

CodeHeap 'non-profiled nmethods': size=120064Kb used=3299Kb max_used=3299Kb free=116764Kb
 bounds [0x000001ad385c0000, 0x000001ad38900000, 0x000001ad3fb00000]
CodeHeap 'profiled nmethods': size=120000Kb used=10320Kb max_used=10320Kb free=109679Kb
 bounds [0x000001ad31090000, 0x000001ad31ac0000, 0x000001ad385c0000]
CodeHeap 'non-nmethods': size=5696Kb used=1157Kb max_used=1202Kb free=4538Kb
 bounds [0x000001ad30b00000, 0x000001ad30d70000, 0x000001ad31090000]
 total_blobs=4935 nmethods=4455 adapters=391
 compilation: enabled
              stopped_count=0, restarted_count=0
 full_count=0

Compilation events (10 events):
Event: 31.122 Thread 0x000001ad4993a000 5014       3       java.lang.reflect.ProxyGenerator$MethodInfo::write (283 bytes)
Event: 31.127 Thread 0x000001ad4993a000 nmethod 5014 0x000001ad31994390 code [0x000001ad31994a40, 0x000001ad319992b0]
Event: 31.128 Thread 0x000001ad4993a000 5015       3       java.lang.reflect.ProxyGenerator::addProxyMethod (233 bytes)
Event: 31.130 Thread 0x000001ad4993a000 nmethod 5015 0x000001ad31a30c90 code [0x000001ad31a31040, 0x000001ad31a32e50]
Event: 31.213 Thread 0x000001ad4d173000 nmethod 4997 0x000001ad388f3090 code [0x000001ad388f34e0, 0x000001ad388f6cf0]
Event: 31.214 Thread 0x000001ad4d173000 5011   !   4       org.springframework.beans.factory.support.DefaultListableBeanFactory::doGetBeanNamesForType (511 bytes)
Event: 31.291 Thread 0x000001ad4993a000 5016       3       org.springframework.core.annotation.AttributeMethods::isAttributeMethod (23 bytes)
Event: 31.291 Thread 0x000001ad4993a000 nmethod 5016 0x000001ad31623410 code [0x000001ad316235c0, 0x000001ad31623838]
Event: 31.293 Thread 0x000001ad4993a000 5017   !   3       com.sun.proxy.$Proxy5::annotationType (29 bytes)
Event: 31.293 Thread 0x000001ad4993a000 nmethod 5017 0x000001ad31660910 code [0x000001ad31660ae0, 0x000001ad31660f60]

GC Heap History (10 events):
Event: 14.852 GC heap before
{Heap before GC invocations=6 (full 0):
 garbage-first heap   total 196608K, used 119586K [0x0000000741600000, 0x0000000800000000)
  region size 1024K, 115 young (117760K), 8 survivors (8192K)
 Metaspace       used 28500K, capacity 29270K, committed 29512K, reserved 1075200K
  class space    used 3158K, capacity 3442K, committed 3456K, reserved 1048576K
}
Event: 14.863 GC heap after
{Heap after GC invocations=7 (full 0):
 garbage-first heap   total 196608K, used 11082K [0x0000000741600000, 0x0000000800000000)
  region size 1024K, 9 young (9216K), 9 survivors (9216K)
 Metaspace       used 28500K, capacity 29270K, committed 29512K, reserved 1075200K
  class space    used 3158K, capacity 3442K, committed 3456K, reserved 1048576K
}
Event: 16.368 GC heap before
{Heap before GC invocations=7 (full 0):
 garbage-first heap   total 196608K, used 119626K [0x0000000741600000, 0x0000000800000000)
  region size 1024K, 115 young (117760K), 9 survivors (9216K)
 Metaspace       used 32598K, capacity 33409K, committed 33480K, reserved 1079296K
  class space    used 3767K, capacity 4075K, committed 4096K, reserved 1048576K
}
Event: 16.382 GC heap after
{Heap after GC invocations=8 (full 0):
 garbage-first heap   total 196608K, used 12882K [0x0000000741600000, 0x0000000800000000)
  region size 1024K, 7 young (7168K), 7 survivors (7168K)
 Metaspace       used 32598K, capacity 33409K, committed 33480K, reserved 1079296K
  class space    used 3767K, capacity 4075K, committed 4096K, reserved 1048576K
}
Event: 17.818 GC heap before
{Heap before GC invocations=8 (full 0):
 garbage-first heap   total 196608K, used 123474K [0x0000000741600000, 0x0000000800000000)
  region size 1024K, 115 young (117760K), 7 survivors (7168K)
 Metaspace       used 34838K, capacity 35720K, committed 35912K, reserved 1081344K
  class space    used 4058K, capacity 4392K, committed 4480K, reserved 1048576K
}
Event: 17.829 GC heap after
{Heap after GC invocations=9 (full 0):
 garbage-first heap   total 196608K, used 14603K [0x0000000741600000, 0x0000000800000000)
  region size 1024K, 9 young (9216K), 9 survivors (9216K)
 Metaspace       used 34838K, capacity 35720K, committed 35912K, reserved 1081344K
  class space    used 4058K, capacity 4392K, committed 4480K, reserved 1048576K
}
Event: 26.258 GC heap before
{Heap before GC invocations=9 (full 0):
 garbage-first heap   total 196608K, used 123147K [0x0000000741600000, 0x0000000800000000)
  region size 1024K, 115 young (117760K), 9 survivors (9216K)
 Metaspace       used 40468K, capacity 41630K, committed 41928K, reserved 1085440K
  class space    used 4861K, capacity 5306K, committed 5376K, reserved 1048576K
}
Event: 26.276 GC heap after
{Heap after GC invocations=10 (full 0):
 garbage-first heap   total 196608K, used 18187K [0x0000000741600000, 0x0000000800000000)
  region size 1024K, 11 young (11264K), 11 survivors (11264K)
 Metaspace       used 40468K, capacity 41630K, committed 41928K, reserved 1085440K
  class space    used 4861K, capacity 5306K, committed 5376K, reserved 1048576K
}
Event: 28.877 GC heap before
{Heap before GC invocations=10 (full 0):
 garbage-first heap   total 196608K, used 70411K [0x0000000741600000, 0x0000000800000000)
  region size 1024K, 63 young (64512K), 11 survivors (11264K)
 Metaspace       used 43588K, capacity 44757K, committed 44872K, reserved 1089536K
  class space    used 5204K, capacity 5666K, committed 5760K, reserved 1048576K
}
Event: 28.897 GC heap after
{Heap after GC invocations=11 (full 0):
 garbage-first heap   total 196608K, used 20534K [0x0000000741600000, 0x0000000800000000)
  region size 1024K, 10 young (10240K), 10 survivors (10240K)
 Metaspace       used 43588K, capacity 44757K, committed 44872K, reserved 1089536K
  class space    used 5204K, capacity 5666K, committed 5760K, reserved 1048576K
}

Deoptimization events (10 events):
Event: 28.616 Thread 0x000001ad26eab000 Uncommon trap: reason=class_check action=maybe_recompile pc=0x000001ad386b8240 method=java.util.regex.Pattern$Slice.match(Ljava/util/regex/Matcher;ILjava/lang/CharSequence;)Z @ 75 c2
Event: 29.462 Thread 0x000001ad26eab000 Uncommon trap: reason=class_check action=maybe_recompile pc=0x000001ad387746b0 method=java.util.Collections$SynchronizedMap.put(Ljava/lang/Object;Ljava/lang/Object;)Ljava/lang/Object; @ 13 c2
Event: 29.463 Thread 0x000001ad26eab000 Uncommon trap: reason=class_check action=maybe_recompile pc=0x000001ad387746b0 method=java.util.Collections$SynchronizedMap.put(Ljava/lang/Object;Ljava/lang/Object;)Ljava/lang/Object; @ 13 c2
Event: 29.465 Thread 0x000001ad26eab000 Uncommon trap: reason=class_check action=maybe_recompile pc=0x000001ad387746b0 method=java.util.Collections$SynchronizedMap.put(Ljava/lang/Object;Ljava/lang/Object;)Ljava/lang/Object; @ 13 c2
Event: 29.466 Thread 0x000001ad26eab000 Uncommon trap: reason=class_check action=maybe_recompile pc=0x000001ad387746b0 method=java.util.Collections$SynchronizedMap.put(Ljava/lang/Object;Ljava/lang/Object;)Ljava/lang/Object; @ 13 c2
Event: 29.836 Thread 0x000001ad26eab000 Uncommon trap: reason=unstable_if action=reinterpret pc=0x000001ad38834a4c method=java.util.Properties.load0(Ljava/util/Properties$LineReader;)V @ 79 c2
Event: 29.914 Thread 0x000001ad26eab000 Uncommon trap: reason=class_check action=maybe_recompile pc=0x000001ad3877ca4c method=org.springframework.core.ResolvableType.resolveType()Lorg/springframework/core/ResolvableType; @ 101 c2
Event: 30.390 Thread 0x000001ad26eab000 Uncommon trap: reason=unstable_if action=reinterpret pc=0x000001ad38875cb0 method=org.springframework.core.annotation.TypeMappedAnnotations.scan(Ljava/lang/Object;Lorg/springframework/core/annotation/AnnotationsProcessor;)Ljava/lang/Object; @ 4 c2
Event: 31.106 Thread 0x000001ad26eab000 Uncommon trap: reason=unstable_if action=reinterpret pc=0x000001ad3889cc40 method=java.security.AccessControlContext.optimize()Ljava/security/AccessControlContext; @ 20 c2
Event: 31.118 Thread 0x000001ad26eab000 Uncommon trap: reason=unstable_if action=reinterpret pc=0x000001ad387dd59c method=sun.reflect.annotation.AnnotationParser.parseMemberValue(Ljava/lang/Class;Ljava/nio/ByteBuffer;Ljdk/internal/reflect/ConstantPool;Ljava/lang/Class;)Ljava/lang/Object; @ 11 c

Classes redefined (0 events):
No events

Internal exceptions (10 events):
Event: 30.310 Thread 0x000001ad26eab000 Exception <a 'java/lang/ClassNotFoundException'{0x000000074c01a588}: org/springframework/web/servlet/config/annotation/WebMvcConfigurationSupportCustomizer> (0x000000074c01a588) thrown at [./open/src/hotspot/share/classfile/systemDictionary.cpp, line 228]
Event: 30.345 Thread 0x000001ad26eab000 Exception <a 'java/lang/ClassNotFoundException'{0x000000074c0893a8}: org/springframework/web/servlet/config/annotation/DelegatingWebMvcConfigurationCustomizer> (0x000000074c0893a8) thrown at [./open/src/hotspot/share/classfile/systemDictionary.cpp, line 2
Event: 30.357 Thread 0x000001ad26eab000 Exception <a 'java/lang/ClassNotFoundException'{0x000000074c0f5290}: org/springframework/boot/autoconfigure/web/servlet/WebMvcAutoConfiguration$EnableWebMvcConfigurationCustomizer> (0x000000074c0f5290) thrown at [./open/src/hotspot/share/classfile/systemD
Event: 30.364 Thread 0x000001ad26eab000 Exception <a 'java/lang/ClassNotFoundException'{0x000000074bf57ce0}: org/springframework/context/ResourceLoaderAwareCustomizer> (0x000000074bf57ce0) thrown at [./open/src/hotspot/share/classfile/systemDictionary.cpp, line 228]
Event: 30.366 Thread 0x000001ad26eab000 Exception <a 'java/lang/ClassNotFoundException'{0x000000074bfa8a48}: org/springframework/beans/factory/AwareCustomizer> (0x000000074bfa8a48) thrown at [./open/src/hotspot/share/classfile/systemDictionary.cpp, line 228]
Event: 30.369 Thread 0x000001ad26eab000 Exception <a 'java/lang/ClassNotFoundException'{0x000000074bffd598}: org/springframework/context/ApplicationContextAwareCustomizer> (0x000000074bffd598) thrown at [./open/src/hotspot/share/classfile/systemDictionary.cpp, line 228]
Event: 30.371 Thread 0x000001ad26eab000 Exception <a 'java/lang/ClassNotFoundException'{0x000000074be4efe8}: org/springframework/beans/factory/AwareCustomizer> (0x000000074be4efe8) thrown at [./open/src/hotspot/share/classfile/systemDictionary.cpp, line 228]
Event: 30.384 Thread 0x000001ad26eab000 Exception <a 'java/lang/ClassNotFoundException'{0x000000074bea3d80}: org/springframework/web/context/ServletContextAwareCustomizer> (0x000000074bea3d80) thrown at [./open/src/hotspot/share/classfile/systemDictionary.cpp, line 228]
Event: 30.387 Thread 0x000001ad26eab000 Exception <a 'java/lang/ClassNotFoundException'{0x000000074bef4d10}: org/springframework/beans/factory/AwareCustomizer> (0x000000074bef4d10) thrown at [./open/src/hotspot/share/classfile/systemDictionary.cpp, line 228]
Event: 31.106 Thread 0x000001ad26eab000 Implicit null exception at 0x000001ad3889a28a to 0x000001ad3889cc0e

Events (10 events):
Event: 31.118 Thread 0x000001ad26eab000 DEOPT PACKING pc=0x000001ad387dd59c sp=0x0000004f0a9f84b0
Event: 31.118 Thread 0x000001ad26eab000 DEOPT UNPACKING pc=0x000001ad30b2922f sp=0x0000004f0a9f8470 mode 2
Event: 31.119 loading class io/swagger/v3/oas/annotations/media/Content
Event: 31.119 loading class io/swagger/v3/oas/annotations/media/Content done
Event: 31.291 loading class io/swagger/v3/oas/annotations/extensions/ExtensionProperty
Event: 31.291 loading class io/swagger/v3/oas/annotations/extensions/ExtensionProperty done
Event: 31.292 loading class io/swagger/v3/oas/annotations/extensions/Extensions
Event: 31.292 loading class io/swagger/v3/oas/annotations/extensions/Extensions done
Event: 31.298 loading class io/swagger/v3/oas/annotations/media/ArraySchema
Event: 31.298 loading class io/swagger/v3/oas/annotations/media/ArraySchema done


Dynamic libraries:
0x00007ff6acf80000 - 0x00007ff6acf8f000 	C:\Program Files\Java\jdk-11.0.9\bin\java.exe
0x00007ffbe07d0000 - 0x00007ffbe09c8000 	C:\WINDOWS\SYSTEM32\ntdll.dll
0x00007ffbe0130000 - 0x00007ffbe01ef000 	C:\WINDOWS\System32\KERNEL32.DLL
0x00007ffbde420000 - 0x00007ffbde716000 	C:\WINDOWS\System32\KERNELBASE.dll
0x00007ffbddfd0000 - 0x00007ffbde0d0000 	C:\WINDOWS\System32\ucrtbase.dll
0x00007ffbd78e0000 - 0x00007ffbd78f8000 	C:\Program Files\Java\jdk-11.0.9\bin\jli.dll
0x00007ffbde830000 - 0x00007ffbde8df000 	C:\WINDOWS\System32\ADVAPI32.dll
0x00007ffbdf820000 - 0x00007ffbdf8be000 	C:\WINDOWS\System32\msvcrt.dll
0x00007ffbd0230000 - 0x00007ffbd0245000 	C:\Program Files\Java\jdk-11.0.9\bin\VCRUNTIME140.dll
0x00007ffbe0440000 - 0x00007ffbe04dc000 	C:\WINDOWS\System32\sechost.dll
0x00007ffbde9b0000 - 0x00007ffbdead6000 	C:\WINDOWS\System32\RPCRT4.dll
0x00007ffbe04e0000 - 0x00007ffbe067d000 	C:\WINDOWS\System32\USER32.dll
0x00007ffbde3f0000 - 0x00007ffbde412000 	C:\WINDOWS\System32\win32u.dll
0x00007ffbdec90000 - 0x00007ffbdecbc000 	C:\WINDOWS\System32\GDI32.dll
0x00007ffbc7310000 - 0x00007ffbc75aa000 	C:\WINDOWS\WinSxS\amd64_microsoft.windows.common-controls_6595b64144ccf1df_6.0.19041.1110_none_60b5254171f9507e\COMCTL32.dll
0x00007ffbddeb0000 - 0x00007ffbddfc5000 	C:\WINDOWS\System32\gdi32full.dll
0x00007ffbde720000 - 0x00007ffbde7bd000 	C:\WINDOWS\System32\msvcp_win.dll
0x00007ffbd8430000 - 0x00007ffbd843a000 	C:\WINDOWS\SYSTEM32\VERSION.dll
0x00007ffbe06e0000 - 0x00007ffbe0710000 	C:\WINDOWS\System32\IMM32.DLL
0x00007ffba8dc0000 - 0x00007ffba8e5b000 	C:\Program Files\Java\jdk-11.0.9\bin\msvcp140.dll
0x00007ffb5fae0000 - 0x00007ffb605d7000 	C:\Program Files\Java\jdk-11.0.9\bin\server\jvm.dll
0x00007ffbdfcb0000 - 0x00007ffbdfcb8000 	C:\WINDOWS\System32\PSAPI.DLL
0x00007ffbcd1f0000 - 0x00007ffbcd1f9000 	C:\WINDOWS\SYSTEM32\WSOCK32.dll
0x00007ffbe03d0000 - 0x00007ffbe043b000 	C:\WINDOWS\System32\WS2_32.dll
0x00007ffbc2770000 - 0x00007ffbc2797000 	C:\WINDOWS\SYSTEM32\WINMM.dll
0x00007ffbdc6a0000 - 0x00007ffbdc6b2000 	C:\WINDOWS\SYSTEM32\kernel.appcore.dll
0x00007ffbd9460000 - 0x00007ffbd9470000 	C:\Program Files\Java\jdk-11.0.9\bin\verify.dll
0x00007ffbdbba0000 - 0x00007ffbdbd84000 	C:\WINDOWS\SYSTEM32\DBGHELP.DLL
0x00007ffbc2980000 - 0x00007ffbc29b4000 	C:\WINDOWS\SYSTEM32\dbgcore.DLL
0x00007ffbde150000 - 0x00007ffbde1d2000 	C:\WINDOWS\System32\bcryptPrimitives.dll
0x00007ffbb7180000 - 0x00007ffbb71a8000 	C:\Program Files\Java\jdk-11.0.9\bin\java.dll
0x00007ffbd5470000 - 0x00007ffbd547a000 	C:\Program Files\Java\jdk-11.0.9\bin\jimage.dll
0x00007ffbd0210000 - 0x00007ffbd0226000 	C:\Program Files\Java\jdk-11.0.9\bin\zip.dll
0x00007ffbdecc0000 - 0x00007ffbdf404000 	C:\WINDOWS\System32\SHELL32.dll
0x00007ffbdbea0000 - 0x00007ffbdc634000 	C:\WINDOWS\SYSTEM32\windows.storage.dll
0x00007ffbdf8c0000 - 0x00007ffbdfc14000 	C:\WINDOWS\System32\combase.dll
0x00007ffbdd740000 - 0x00007ffbdd76e000 	C:\WINDOWS\SYSTEM32\Wldp.dll
0x00007ffbe01f0000 - 0x00007ffbe029d000 	C:\WINDOWS\System32\SHCORE.dll
0x00007ffbde950000 - 0x00007ffbde9a5000 	C:\WINDOWS\System32\shlwapi.dll
0x00007ffbddde0000 - 0x00007ffbdde05000 	C:\WINDOWS\SYSTEM32\profapi.dll
0x00007ffbb9360000 - 0x00007ffbb9379000 	C:\Program Files\Java\jdk-11.0.9\bin\net.dll
0x00007ffbd7440000 - 0x00007ffbd754a000 	C:\WINDOWS\SYSTEM32\WINHTTP.dll
0x00007ffbdd520000 - 0x00007ffbdd58a000 	C:\WINDOWS\system32\mswsock.dll
0x00007ffbb7160000 - 0x00007ffbb7172000 	C:\Program Files\Java\jdk-11.0.9\bin\nio.dll
0x00007ffbc42b0000 - 0x00007ffbc42b9000 	C:\Program Files\Java\jdk-11.0.9\bin\management.dll
0x00007ffbc4240000 - 0x00007ffbc424b000 	C:\Program Files\Java\jdk-11.0.9\bin\management_ext.dll
0x00007ffbc0a90000 - 0x00007ffbc0aa7000 	C:\WINDOWS\system32\napinsp.dll
0x00007ffbc07f0000 - 0x00007ffbc080b000 	C:\WINDOWS\system32\pnrpnsp.dll
0x00007ffbc07d0000 - 0x00007ffbc07e5000 	C:\WINDOWS\system32\wshbth.dll
0x00007ffbd93d0000 - 0x00007ffbd93ed000 	C:\WINDOWS\system32\NLAapi.dll
0x00007ffbdd230000 - 0x00007ffbdd26c000 	C:\WINDOWS\SYSTEM32\IPHLPAPI.DLL
0x00007ffbdd270000 - 0x00007ffbdd33a000 	C:\WINDOWS\SYSTEM32\DNSAPI.dll
0x00007ffbde940000 - 0x00007ffbde948000 	C:\WINDOWS\System32\NSI.dll
0x00007ffbc07b0000 - 0x00007ffbc07c2000 	C:\WINDOWS\System32\winrnr.dll
0x00007ffbccd50000 - 0x00007ffbccd5a000 	C:\Windows\System32\rasadhlp.dll
0x00007ffbd7090000 - 0x00007ffbd7112000 	C:\WINDOWS\System32\fwpuclnt.dll
0x00007ffbde0d0000 - 0x00007ffbde0f7000 	C:\WINDOWS\System32\bcrypt.dll
0x00007ffbb3680000 - 0x00007ffbb36a5000 	C:\Program Files\Java\jdk-11.0.9\bin\sunec.dll
0x00007ffbc2f20000 - 0x00007ffbc2f2d000 	C:\Program Files\Java\jdk-11.0.9\bin\sunmscapi.dll
0x00007ffbde290000 - 0x00007ffbde3ee000 	C:\WINDOWS\System32\CRYPT32.dll
0x00007ffbdd7b0000 - 0x00007ffbdd7d8000 	C:\WINDOWS\SYSTEM32\ncrypt.dll
0x00007ffbdd770000 - 0x00007ffbdd7ab000 	C:\WINDOWS\SYSTEM32\NTASN1.dll
0x00007ffbdd7f0000 - 0x00007ffbdd808000 	C:\WINDOWS\SYSTEM32\CRYPTSP.dll
0x00007ffbdce60000 - 0x00007ffbdce94000 	C:\WINDOWS\system32\rsaenh.dll
0x00007ffbddd60000 - 0x00007ffbddd8e000 	C:\WINDOWS\SYSTEM32\USERENV.dll
0x00007ffbdd6b0000 - 0x00007ffbdd6bc000 	C:\WINDOWS\SYSTEM32\CRYPTBASE.dll
0x00007ffbd72e0000 - 0x00007ffbd72f7000 	C:\WINDOWS\SYSTEM32\dhcpcsvc6.DLL
0x00007ffbd7210000 - 0x00007ffbd722d000 	C:\WINDOWS\SYSTEM32\dhcpcsvc.DLL

dbghelp: loaded successfully - version: 4.0.5 - missing functions: none
symbol engine: initialized successfully - sym options: 0x614 - pdb path: .;C:\Program Files\Java\jdk-11.0.9\bin;C:\WINDOWS\SYSTEM32;C:\WINDOWS\WinSxS\amd64_microsoft.windows.common-controls_6595b64144ccf1df_6.0.19041.1110_none_60b5254171f9507e;C:\Program Files\Java\jdk-11.0.9\bin\server

VM Arguments:
java_command: mcd-0.0.1-SNAPSHOT.jar
java_class_path (initial): mcd-0.0.1-SNAPSHOT.jar
Launcher Type: SUN_STANDARD

[Global flags]
     intx CICompilerCount                          = 3                                         {product} {ergonomic}
     uint ConcGCThreads                            = 1                                         {product} {ergonomic}
     uint G1ConcRefinementThreads                  = 4                                         {product} {ergonomic}
   size_t G1HeapRegionSize                         = 1048576                                   {product} {ergonomic}
    uintx GCDrainStackTargetSize                   = 64                                        {product} {ergonomic}
   size_t InitialHeapSize                          = 201326592                                 {product} {ergonomic}
   size_t MarkStackSize                            = 4194304                                   {product} {ergonomic}
   size_t MaxHeapSize                              = 3198156800                                {product} {ergonomic}
   size_t MaxNewSize                               = 1918894080                                {product} {ergonomic}
   size_t MinHeapDeltaBytes                        = 1048576                                   {product} {ergonomic}
    uintx NonNMethodCodeHeapSize                   = 5830732                                {pd product} {ergonomic}
    uintx NonProfiledCodeHeapSize                  = 122913754                              {pd product} {ergonomic}
    uintx ProfiledCodeHeapSize                     = 122913754                              {pd product} {ergonomic}
    uintx ReservedCodeCacheSize                    = 251658240                              {pd product} {ergonomic}
     bool SegmentedCodeCache                       = true                                      {product} {ergonomic}
     bool UseCompressedClassPointers               = true                                 {lp64_product} {ergonomic}
     bool UseCompressedOops                        = true                                 {lp64_product} {ergonomic}
     bool UseG1GC                                  = true                                      {product} {ergonomic}
     bool UseLargePagesIndividualAllocation        = false                                  {pd product} {ergonomic}

Logging:
Log output configuration:
 #0: stdout all=warning uptime,level,tags
 #1: stderr all=off uptime,level,tags

Environment Variables:
JAVA_HOME=C:\Program Files\Java\jdk-11.0.9
PATH=C:\Program Files\Python310\Scripts\;C:\Program Files\Python310\;C:\Program Files (x86)\Common Files\Intel\Shared Libraries\redist\intel64\compiler;C:\WINDOWS\system32;C:\WINDOWS;C:\WINDOWS\System32\Wbem;C:\WINDOWS\System32\WindowsPowerShell\v1.0\;C:\WINDOWS\System32\OpenSSH\;C:\wamp64\www\scriptcase\components\php;C:\wamp64\bin\php\php7.4.26;C:\wamp64\bin\php\php7.3.25;C:\wamp64\bin\php\php7.1.29;C:\Program Files\nodejs;C:\Program Files\PuTTY\;C:\ProgramData\ComposerSetup\bin;C:\Program Files\Git\cmd;C:\Program Files (x86)\Yarn\bin\;C:\Program Files\Java\jdk-11.0.9\bin;C:\Users\HP\AppData\Local\Programs\Python\Python37;C:\Users\HP\AppData\Local\Programs\Python\Python37\Scripts;C:\Users\HP\AppData\Local\Android\flutter\bin;C:\Users\HP\AppData\Roaming\Composer\vendor\laravel\installer\bin;C:\Program Files (x86)\Bitvise SSH Client;C:\wamp64\www\apache-maven-3.8.4\bin;C:\Program Files\NetMake\v9-php73\components\php;C:\Program Files\Docker\Docker\resources\bin;C:\Program Files\nodejs\;C:\Program Files\CMake\bin;C:\Program Files\Java\jdk-11.0.19\bin;C:\Program Files\Tesseract-OCR;C:\Users\HP\AppData\Local\Programs\Python\Python310\Scripts\;C:\Users\HP\AppData\Local\Programs\Python\Python310\;C:\Users\HP\AppData\Local\Microsoft\WindowsApps;C:\Users\HP\AppData\Roaming\Composer\vendor\bin;C:\Users\HP\AppData\Local\Yarn\bin;C:\Program Files\heroku\bin;C:\Users\HP\AppData\Local\Programs\Microsoft VS Code\bin;C:\Users\HP\AppData\Local\GitHubDesktop\bin;C:\Users\HP\AppData\Roaming\npm;
USERNAME=HP
OS=Windows_NT
PROCESSOR_IDENTIFIER=Intel64 Family 6 Model 142 Stepping 10, GenuineIntel



---------------  S Y S T E M  ---------------

OS: Windows 10 , 64 bit Build 19041 (10.0.19041.3155)
HyperV virtualization detected

CPU:total 4 (initial active 4) (2 cores per cpu, 2 threads per core) family 6 model 142 stepping 10, cmov, cx8, fxsr, mmx, sse, sse2, sse3, ssse3, sse4.1, sse4.2, popcnt, avx, avx2, aes, clmul, erms, 3dnowpref, lzcnt, ht, tsc, tscinvbit, bmi1, bmi2, adx, fma

Memory: 4k page, system-wide physical 12199M (3154M free)
TotalPageFile size 14247M (AvailPageFile size 302M)
current process WorkingSet (physical memory assigned to process): 280M, peak: 293M
current process commit charge ("private bytes"): 365M, peak: 386M

vm_info: Java HotSpot(TM) 64-Bit Server VM (11.0.9+7-LTS) for windows-amd64 JRE (11.0.9+7-LTS), built on Sep 15 2020 16:47:03 by "mach5one" with MS VC++ 15.9 (VS2017)

END.
