#
# There is insufficient memory for the Java Runtime Environment to continue.
# Native memory allocation (malloc) failed to allocate 785456 bytes for Chunk::new
# Possible reasons:
#   The system is out of physical RAM or swap space
#   The process is running with CompressedOops enabled, and the Java Heap may be blocking the growth of the native heap
# Possible solutions:
#   Reduce memory load on the system
#   Increase physical memory or swap space
#   Check if swap backing store is full
#   Decrease Java heap size (-Xmx/-Xms)
#   Decrease number of Java threads
#   Decrease Java thread stack sizes (-Xss)
#   Set larger code cache with -XX:ReservedCodeCacheSize=
#   JVM is running with Zero Based Compressed Oops mode in which the Java heap is
#     placed in the first 32GB address space. The Java Heap base address is the
#     maximum limit for the native heap growth. Please use -XX:HeapBaseMinAddress
#     to set the Java Heap base and to place the Java Heap above 32GB virtual address.
# This output file may be truncated or incomplete.
#
#  Out of Memory Error (./open/src/hotspot/share/memory/arena.cpp:197), pid=11452, tid=15484
#
# JRE version: Java(TM) SE Runtime Environment 18.9 (11.0.9+7) (build 11.0.9+7-LTS)
# Java VM: Java HotSpot(TM) 64-Bit Server VM 18.9 (11.0.9+7-LTS, mixed mode, tiered, compressed oops, g1 gc, windows-amd64)
# No core dump will be written. Minidumps are not enabled by default on client versions of Windows
#

---------------  S U M M A R Y ------------

Command Line: mcd-0.0.1-SNAPSHOT.jar

Host: Intel(R) Core(TM) i3-8130U CPU @ 2.20GHz, 4 cores, 11G,  Windows 10 , 64 bit Build 19041 (10.0.19041.3155)
Time: Thu Jul 20 18:21:09 2023 Afr. centrale Ouest elapsed time: 9.870024 seconds (0d 0h 0m 9s)

---------------  T H R E A D  ---------------

Current thread (0x000001806474b800):  JavaThread "C2 CompilerThread0" daemon [_thread_in_native, id=15484, stack(0x000000542b100000,0x000000542b200000)]


Current CompileTask:
C2:   9870 3522       4       org.springframework.core.ResolvableType::forType (115 bytes)

Stack: [0x000000542b100000,0x000000542b200000]
Native frames: (J=compiled Java code, j=interpreted, Vv=VM code, C=native code)
V  [jvm.dll+0x611a3a]
V  [jvm.dll+0x748aaf]
V  [jvm.dll+0x74a135]
V  [jvm.dll+0x74a7b3]
V  [jvm.dll+0x2439f8]
V  [jvm.dll+0xba2bc]
V  [jvm.dll+0xba9bc]
V  [jvm.dll+0x2b4274]
V  [jvm.dll+0x52a046]
V  [jvm.dll+0x20565d]
V  [jvm.dll+0x1ff5aa]
V  [jvm.dll+0x1fc52f]
V  [jvm.dll+0x17f08c]
V  [jvm.dll+0x20bc54]
V  [jvm.dll+0x209d2b]
V  [jvm.dll+0x7103d9]
V  [jvm.dll+0x709114]
V  [jvm.dll+0x610cb6]
C  [ucrtbase.dll+0x21bb2]
C  [KERNEL32.DLL+0x17614]
C  [ntdll.dll+0x526b1]


---------------  P R O C E S S  ---------------

Threads class SMR info:
_java_thread_list=0x0000018066312610, length=11, elements={
0x0000018042c25800, 0x0000018063ebf000, 0x0000018063ec7800, 0x0000018064748000,
0x000001806474a800, 0x000001806474b800, 0x000001806474f800, 0x000001806475c800,
0x00000180648e5000, 0x00000180648d7800, 0x00000180654b7000
}

Java Threads: ( => current thread )
  0x0000018042c25800 JavaThread "main" [_thread_blocked, id=13360, stack(0x000000542a600000,0x000000542a700000)]
  0x0000018063ebf000 JavaThread "Reference Handler" daemon [_thread_blocked, id=17156, stack(0x000000542ad00000,0x000000542ae00000)]
  0x0000018063ec7800 JavaThread "Finalizer" daemon [_thread_blocked, id=12136, stack(0x000000542ae00000,0x000000542af00000)]
  0x0000018064748000 JavaThread "Signal Dispatcher" daemon [_thread_blocked, id=3320, stack(0x000000542af00000,0x000000542b000000)]
  0x000001806474a800 JavaThread "Attach Listener" daemon [_thread_blocked, id=16972, stack(0x000000542b000000,0x000000542b100000)]
=>0x000001806474b800 JavaThread "C2 CompilerThread0" daemon [_thread_in_native, id=15484, stack(0x000000542b100000,0x000000542b200000)]
  0x000001806474f800 JavaThread "C1 CompilerThread0" daemon [_thread_blocked, id=14188, stack(0x000000542b200000,0x000000542b300000)]
  0x000001806475c800 JavaThread "Sweeper thread" daemon [_thread_blocked, id=16244, stack(0x000000542b300000,0x000000542b400000)]
  0x00000180648e5000 JavaThread "Service Thread" daemon [_thread_blocked, id=14408, stack(0x000000542b400000,0x000000542b500000)]
  0x00000180648d7800 JavaThread "Common-Cleaner" daemon [_thread_blocked, id=9260, stack(0x000000542b600000,0x000000542b700000)]
  0x00000180654b7000 JavaThread "C2 CompilerThread1" daemon [_thread_blocked, id=13392, stack(0x000000542ba00000,0x000000542bb00000)]

Other Threads:
  0x0000018063ebe000 VMThread "VM Thread" [stack: 0x000000542ac00000,0x000000542ad00000] [id=12536]
  0x00000180648d6800 WatcherThread [stack: 0x000000542b500000,0x000000542b600000] [id=15632]
  0x0000018042c3c000 GCTaskThread "GC Thread#0" [stack: 0x000000542a700000,0x000000542a800000] [id=17384]
  0x0000018064ad7800 GCTaskThread "GC Thread#1" [stack: 0x000000542b700000,0x000000542b800000] [id=10964]
  0x00000180648e5800 GCTaskThread "GC Thread#2" [stack: 0x000000542b800000,0x000000542b900000] [id=13164]
  0x00000180648e6800 GCTaskThread "GC Thread#3" [stack: 0x000000542b900000,0x000000542ba00000] [id=13912]
  0x0000018042c84800 ConcurrentGCThread "G1 Main Marker" [stack: 0x000000542a800000,0x000000542a900000] [id=14064]
  0x0000018042c85800 ConcurrentGCThread "G1 Conc#0" [stack: 0x000000542a900000,0x000000542aa00000] [id=4888]
  0x0000018063d28800 ConcurrentGCThread "G1 Refine#0" [stack: 0x000000542aa00000,0x000000542ab00000] [id=17160]
  0x0000018063d29000 ConcurrentGCThread "G1 Young RemSet Sampling" [stack: 0x000000542ab00000,0x000000542ac00000] [id=13948]

Threads with active compile tasks:
C2 CompilerThread0   9987 3522       4       org.springframework.core.ResolvableType::forType (115 bytes)
C1 CompilerThread0   9987 3582       3       org.springframework.data.util.ClassTypeInformation::getTypeVariableMap (205 bytes)
C2 CompilerThread1   9987 3532       4       java.util.concurrent.ConcurrentMap::computeIfAbsent (51 bytes)

VM state:at safepoint (normal execution)

VM Mutex/Monitor currently owned by a thread:  ([mutex/lock_event])
[0x0000018042c23430] Threads_lock - owner thread: 0x0000018063ebe000
[0x0000018042c21c00] Heap_lock - owner thread: 0x000001806474f800
[0x0000018042c222c0] MethodData_lock - owner thread: 0x000001806474f800

Heap address: 0x0000000741600000, size: 3050 MB, Compressed Oops mode: Zero based, Oop shift amount: 3
Narrow klass base: 0x0000000800000000, Narrow klass shift: 0
Compressed class space size: 1073741824 Address: 0x0000000800000000

Heap:
 garbage-first heap   total 236544K, used 13255K [0x0000000741600000, 0x0000000800000000)
  region size 1024K, 11 young (11264K), 11 survivors (11264K)
 Metaspace       used 32702K, capacity 33505K, committed 33664K, reserved 1087488K
  class space    used 3778K, capacity 4107K, committed 4224K, reserved 1048576K
Heap Regions: E=young(eden), S=young(survivor), O=old, HS=humongous(starts), HC=humongous(continues), CS=collection set, F=free, A=archive, TAMS=top-at-mark-start (previous, next)
|   0|0x0000000741600000, 0x0000000741700000, 0x0000000741700000|100%| O|  |TAMS 0x0000000741600000, 0x0000000741700000| Untracked 
|   1|0x0000000741700000, 0x0000000741800000, 0x0000000741800000|100%| O|  |TAMS 0x0000000741729800, 0x0000000741800000| Untracked 
|   2|0x0000000741800000, 0x000000074181c600, 0x0000000741900000| 11%| O|  |TAMS 0x0000000741800000, 0x000000074181c600| Untracked 
|   3|0x0000000741900000, 0x0000000741900000, 0x0000000741a00000|  0%| F|  |TAMS 0x0000000741900000, 0x0000000741900000| Untracked 
|   4|0x0000000741a00000, 0x0000000741a00000, 0x0000000741b00000|  0%| F|  |TAMS 0x0000000741a00000, 0x0000000741a00000| Untracked 
|   5|0x0000000741b00000, 0x0000000741b00000, 0x0000000741c00000|  0%| F|  |TAMS 0x0000000741b00000, 0x0000000741b00000| Untracked 
|   6|0x0000000741c00000, 0x0000000741c00000, 0x0000000741d00000|  0%| F|  |TAMS 0x0000000741c00000, 0x0000000741c00000| Untracked 
|   7|0x0000000741d00000, 0x0000000741d00000, 0x0000000741e00000|  0%| F|  |TAMS 0x0000000741d00000, 0x0000000741d00000| Untracked 
|   8|0x0000000741e00000, 0x0000000741e00000, 0x0000000741f00000|  0%| F|  |TAMS 0x0000000741e00000, 0x0000000741e00000| Untracked 
|   9|0x0000000741f00000, 0x0000000741f00000, 0x0000000742000000|  0%| F|  |TAMS 0x0000000741f00000, 0x0000000741f00000| Untracked 
|  10|0x0000000742000000, 0x0000000742000000, 0x0000000742100000|  0%| F|  |TAMS 0x0000000742000000, 0x0000000742000000| Untracked 
|  11|0x0000000742100000, 0x0000000742100000, 0x0000000742200000|  0%| F|  |TAMS 0x0000000742100000, 0x0000000742100000| Untracked 
|  12|0x0000000742200000, 0x0000000742200000, 0x0000000742300000|  0%| F|  |TAMS 0x0000000742200000, 0x0000000742200000| Untracked 
|  13|0x0000000742300000, 0x0000000742300000, 0x0000000742400000|  0%| F|  |TAMS 0x0000000742300000, 0x0000000742300000| Untracked 
|  14|0x0000000742400000, 0x0000000742400000, 0x0000000742500000|  0%| F|  |TAMS 0x0000000742400000, 0x0000000742400000| Untracked 
|  15|0x0000000742500000, 0x0000000742500000, 0x0000000742600000|  0%| F|  |TAMS 0x0000000742500000, 0x0000000742500000| Untracked 
|  16|0x0000000742600000, 0x0000000742600000, 0x0000000742700000|  0%| F|  |TAMS 0x0000000742600000, 0x0000000742600000| Untracked 
|  17|0x0000000742700000, 0x0000000742700000, 0x0000000742800000|  0%| F|  |TAMS 0x0000000742700000, 0x0000000742700000| Untracked 
|  18|0x0000000742800000, 0x0000000742800000, 0x0000000742900000|  0%| F|  |TAMS 0x0000000742800000, 0x0000000742800000| Untracked 
|  19|0x0000000742900000, 0x0000000742900000, 0x0000000742a00000|  0%| F|  |TAMS 0x0000000742900000, 0x0000000742900000| Untracked 
|  20|0x0000000742a00000, 0x0000000742a00000, 0x0000000742b00000|  0%| F|  |TAMS 0x0000000742a00000, 0x0000000742a00000| Untracked 
|  21|0x0000000742b00000, 0x0000000742b00000, 0x0000000742c00000|  0%| F|  |TAMS 0x0000000742b00000, 0x0000000742b00000| Untracked 
|  22|0x0000000742c00000, 0x0000000742c00000, 0x0000000742d00000|  0%| F|  |TAMS 0x0000000742c00000, 0x0000000742c00000| Untracked 
|  23|0x0000000742d00000, 0x0000000742d00000, 0x0000000742e00000|  0%| F|  |TAMS 0x0000000742d00000, 0x0000000742d00000| Untracked 
|  24|0x0000000742e00000, 0x0000000742e00000, 0x0000000742f00000|  0%| F|  |TAMS 0x0000000742e00000, 0x0000000742e00000| Untracked 
|  25|0x0000000742f00000, 0x0000000742f00000, 0x0000000743000000|  0%| F|  |TAMS 0x0000000742f00000, 0x0000000742f00000| Untracked 
|  26|0x0000000743000000, 0x0000000743000000, 0x0000000743100000|  0%| F|  |TAMS 0x0000000743000000, 0x0000000743000000| Untracked 
|  27|0x0000000743100000, 0x0000000743100000, 0x0000000743200000|  0%| F|  |TAMS 0x0000000743100000, 0x0000000743100000| Untracked 
|  28|0x0000000743200000, 0x0000000743200000, 0x0000000743300000|  0%| F|  |TAMS 0x0000000743200000, 0x0000000743200000| Untracked 
|  29|0x0000000743300000, 0x0000000743300000, 0x0000000743400000|  0%| F|  |TAMS 0x0000000743300000, 0x0000000743300000| Untracked 
|  30|0x0000000743400000, 0x0000000743400000, 0x0000000743500000|  0%| F|  |TAMS 0x0000000743400000, 0x0000000743400000| Untracked 
|  31|0x0000000743500000, 0x0000000743500000, 0x0000000743600000|  0%| F|  |TAMS 0x0000000743500000, 0x0000000743500000| Untracked 
|  32|0x0000000743600000, 0x0000000743600000, 0x0000000743700000|  0%| F|  |TAMS 0x0000000743600000, 0x0000000743600000| Untracked 
|  33|0x0000000743700000, 0x0000000743700000, 0x0000000743800000|  0%| F|  |TAMS 0x0000000743700000, 0x0000000743700000| Untracked 
|  34|0x0000000743800000, 0x0000000743800000, 0x0000000743900000|  0%| F|  |TAMS 0x0000000743800000, 0x0000000743800000| Untracked 
|  35|0x0000000743900000, 0x0000000743900000, 0x0000000743a00000|  0%| F|  |TAMS 0x0000000743900000, 0x0000000743900000| Untracked 
|  36|0x0000000743a00000, 0x0000000743a00000, 0x0000000743b00000|  0%| F|  |TAMS 0x0000000743a00000, 0x0000000743a00000| Untracked 
|  37|0x0000000743b00000, 0x0000000743b00000, 0x0000000743c00000|  0%| F|  |TAMS 0x0000000743b00000, 0x0000000743b00000| Untracked 
|  38|0x0000000743c00000, 0x0000000743c00000, 0x0000000743d00000|  0%| F|  |TAMS 0x0000000743c00000, 0x0000000743c00000| Untracked 
|  39|0x0000000743d00000, 0x0000000743d00000, 0x0000000743e00000|  0%| F|  |TAMS 0x0000000743d00000, 0x0000000743d00000| Untracked 
|  40|0x0000000743e00000, 0x0000000743e00000, 0x0000000743f00000|  0%| F|  |TAMS 0x0000000743e00000, 0x0000000743e00000| Untracked 
|  41|0x0000000743f00000, 0x0000000743f00000, 0x0000000744000000|  0%| F|  |TAMS 0x0000000743f00000, 0x0000000743f00000| Untracked 
|  42|0x0000000744000000, 0x0000000744000000, 0x0000000744100000|  0%| F|  |TAMS 0x0000000744000000, 0x0000000744000000| Untracked 
|  43|0x0000000744100000, 0x0000000744100000, 0x0000000744200000|  0%| F|  |TAMS 0x0000000744100000, 0x0000000744100000| Untracked 
|  44|0x0000000744200000, 0x0000000744200000, 0x0000000744300000|  0%| F|  |TAMS 0x0000000744200000, 0x0000000744200000| Untracked 
|  45|0x0000000744300000, 0x0000000744300000, 0x0000000744400000|  0%| F|  |TAMS 0x0000000744300000, 0x0000000744300000| Untracked 
|  46|0x0000000744400000, 0x0000000744400000, 0x0000000744500000|  0%| F|  |TAMS 0x0000000744400000, 0x0000000744400000| Untracked 
|  47|0x0000000744500000, 0x0000000744500000, 0x0000000744600000|  0%| F|  |TAMS 0x0000000744500000, 0x0000000744500000| Untracked 
|  48|0x0000000744600000, 0x0000000744600000, 0x0000000744700000|  0%| F|  |TAMS 0x0000000744600000, 0x0000000744600000| Untracked 
|  49|0x0000000744700000, 0x0000000744700000, 0x0000000744800000|  0%| F|  |TAMS 0x0000000744700000, 0x0000000744700000| Untracked 
|  50|0x0000000744800000, 0x0000000744800000, 0x0000000744900000|  0%| F|  |TAMS 0x0000000744800000, 0x0000000744800000| Untracked 
|  51|0x0000000744900000, 0x0000000744900000, 0x0000000744a00000|  0%| F|  |TAMS 0x0000000744900000, 0x0000000744900000| Untracked 
|  52|0x0000000744a00000, 0x0000000744a00000, 0x0000000744b00000|  0%| F|  |TAMS 0x0000000744a00000, 0x0000000744a00000| Untracked 
|  53|0x0000000744b00000, 0x0000000744b00000, 0x0000000744c00000|  0%| F|  |TAMS 0x0000000744b00000, 0x0000000744b00000| Untracked 
|  54|0x0000000744c00000, 0x0000000744c00000, 0x0000000744d00000|  0%| F|  |TAMS 0x0000000744c00000, 0x0000000744c00000| Untracked 
|  55|0x0000000744d00000, 0x0000000744d00000, 0x0000000744e00000|  0%| F|  |TAMS 0x0000000744d00000, 0x0000000744d00000| Untracked 
|  56|0x0000000744e00000, 0x0000000744e00000, 0x0000000744f00000|  0%| F|  |TAMS 0x0000000744e00000, 0x0000000744e00000| Untracked 
|  57|0x0000000744f00000, 0x0000000744f00000, 0x0000000745000000|  0%| F|  |TAMS 0x0000000744f00000, 0x0000000744f00000| Untracked 
|  58|0x0000000745000000, 0x0000000745000000, 0x0000000745100000|  0%| F|  |TAMS 0x0000000745000000, 0x0000000745000000| Untracked 
|  59|0x0000000745100000, 0x0000000745100000, 0x0000000745200000|  0%| F|  |TAMS 0x0000000745100000, 0x0000000745100000| Untracked 
|  60|0x0000000745200000, 0x0000000745200000, 0x0000000745300000|  0%| F|  |TAMS 0x0000000745200000, 0x0000000745200000| Untracked 
|  61|0x0000000745300000, 0x0000000745300000, 0x0000000745400000|  0%| F|  |TAMS 0x0000000745300000, 0x0000000745300000| Untracked 
|  62|0x0000000745400000, 0x0000000745400000, 0x0000000745500000|  0%| F|  |TAMS 0x0000000745400000, 0x0000000745400000| Untracked 
|  63|0x0000000745500000, 0x0000000745500000, 0x0000000745600000|  0%| F|  |TAMS 0x0000000745500000, 0x0000000745500000| Untracked 
|  64|0x0000000745600000, 0x0000000745600000, 0x0000000745700000|  0%| F|  |TAMS 0x0000000745600000, 0x0000000745600000| Untracked 
|  65|0x0000000745700000, 0x0000000745700000, 0x0000000745800000|  0%| F|  |TAMS 0x0000000745700000, 0x0000000745700000| Untracked 
|  66|0x0000000745800000, 0x0000000745800000, 0x0000000745900000|  0%| F|  |TAMS 0x0000000745800000, 0x0000000745800000| Untracked 
|  67|0x0000000745900000, 0x0000000745900000, 0x0000000745a00000|  0%| F|  |TAMS 0x0000000745900000, 0x0000000745900000| Untracked 
|  68|0x0000000745a00000, 0x0000000745a00000, 0x0000000745b00000|  0%| F|  |TAMS 0x0000000745a00000, 0x0000000745a00000| Untracked 
|  69|0x0000000745b00000, 0x0000000745b00000, 0x0000000745c00000|  0%| F|  |TAMS 0x0000000745b00000, 0x0000000745b00000| Untracked 
|  70|0x0000000745c00000, 0x0000000745c00000, 0x0000000745d00000|  0%| F|  |TAMS 0x0000000745c00000, 0x0000000745c00000| Untracked 
|  71|0x0000000745d00000, 0x0000000745d00000, 0x0000000745e00000|  0%| F|  |TAMS 0x0000000745d00000, 0x0000000745d00000| Untracked 
|  72|0x0000000745e00000, 0x0000000745e00000, 0x0000000745f00000|  0%| F|  |TAMS 0x0000000745e00000, 0x0000000745e00000| Untracked 
|  73|0x0000000745f00000, 0x0000000745f00000, 0x0000000746000000|  0%| F|  |TAMS 0x0000000745f00000, 0x0000000745f00000| Untracked 
|  74|0x0000000746000000, 0x0000000746000000, 0x0000000746100000|  0%| F|  |TAMS 0x0000000746000000, 0x0000000746000000| Untracked 
|  75|0x0000000746100000, 0x0000000746100000, 0x0000000746200000|  0%| F|  |TAMS 0x0000000746100000, 0x0000000746100000| Untracked 
|  76|0x0000000746200000, 0x0000000746200000, 0x0000000746300000|  0%| F|  |TAMS 0x0000000746200000, 0x0000000746200000| Untracked 
|  77|0x0000000746300000, 0x0000000746300000, 0x0000000746400000|  0%| F|  |TAMS 0x0000000746300000, 0x0000000746300000| Untracked 
|  78|0x0000000746400000, 0x0000000746400000, 0x0000000746500000|  0%| F|  |TAMS 0x0000000746400000, 0x0000000746400000| Untracked 
|  79|0x0000000746500000, 0x0000000746500000, 0x0000000746600000|  0%| F|  |TAMS 0x0000000746500000, 0x0000000746500000| Untracked 
|  80|0x0000000746600000, 0x0000000746600000, 0x0000000746700000|  0%| F|  |TAMS 0x0000000746600000, 0x0000000746600000| Untracked 
|  81|0x0000000746700000, 0x0000000746700000, 0x0000000746800000|  0%| F|  |TAMS 0x0000000746700000, 0x0000000746700000| Untracked 
|  82|0x0000000746800000, 0x0000000746800000, 0x0000000746900000|  0%| F|  |TAMS 0x0000000746800000, 0x0000000746800000| Untracked 
|  83|0x0000000746900000, 0x0000000746900000, 0x0000000746a00000|  0%| F|  |TAMS 0x0000000746900000, 0x0000000746900000| Untracked 
|  84|0x0000000746a00000, 0x0000000746a00000, 0x0000000746b00000|  0%| F|  |TAMS 0x0000000746a00000, 0x0000000746a00000| Untracked 
|  85|0x0000000746b00000, 0x0000000746b00000, 0x0000000746c00000|  0%| F|  |TAMS 0x0000000746b00000, 0x0000000746b00000| Untracked 
|  86|0x0000000746c00000, 0x0000000746c00000, 0x0000000746d00000|  0%| F|  |TAMS 0x0000000746c00000, 0x0000000746c00000| Untracked 
|  87|0x0000000746d00000, 0x0000000746d00000, 0x0000000746e00000|  0%| F|  |TAMS 0x0000000746d00000, 0x0000000746d00000| Untracked 
|  88|0x0000000746e00000, 0x0000000746e00000, 0x0000000746f00000|  0%| F|  |TAMS 0x0000000746e00000, 0x0000000746e00000| Untracked 
|  89|0x0000000746f00000, 0x0000000746f00000, 0x0000000747000000|  0%| F|  |TAMS 0x0000000746f00000, 0x0000000746f00000| Untracked 
|  90|0x0000000747000000, 0x0000000747000000, 0x0000000747100000|  0%| F|  |TAMS 0x0000000747000000, 0x0000000747000000| Untracked 
|  91|0x0000000747100000, 0x0000000747100000, 0x0000000747200000|  0%| F|  |TAMS 0x0000000747100000, 0x0000000747100000| Untracked 
|  92|0x0000000747200000, 0x0000000747200000, 0x0000000747300000|  0%| F|  |TAMS 0x0000000747200000, 0x0000000747200000| Untracked 
|  93|0x0000000747300000, 0x0000000747300000, 0x0000000747400000|  0%| F|  |TAMS 0x0000000747300000, 0x0000000747300000| Untracked 
|  94|0x0000000747400000, 0x0000000747400000, 0x0000000747500000|  0%| F|  |TAMS 0x0000000747400000, 0x0000000747400000| Untracked 
|  95|0x0000000747500000, 0x0000000747500000, 0x0000000747600000|  0%| F|  |TAMS 0x0000000747500000, 0x0000000747500000| Untracked 
|  96|0x0000000747600000, 0x0000000747600000, 0x0000000747700000|  0%| F|  |TAMS 0x0000000747600000, 0x0000000747600000| Untracked 
|  97|0x0000000747700000, 0x0000000747700000, 0x0000000747800000|  0%| F|  |TAMS 0x0000000747700000, 0x0000000747700000| Untracked 
|  98|0x0000000747800000, 0x0000000747800000, 0x0000000747900000|  0%| F|  |TAMS 0x0000000747800000, 0x0000000747800000| Untracked 
|  99|0x0000000747900000, 0x0000000747900000, 0x0000000747a00000|  0%| F|  |TAMS 0x0000000747900000, 0x0000000747900000| Untracked 
| 100|0x0000000747a00000, 0x0000000747a00000, 0x0000000747b00000|  0%| F|  |TAMS 0x0000000747a00000, 0x0000000747a00000| Untracked 
| 101|0x0000000747b00000, 0x0000000747b00000, 0x0000000747c00000|  0%| F|  |TAMS 0x0000000747b00000, 0x0000000747b00000| Untracked 
| 102|0x0000000747c00000, 0x0000000747c00000, 0x0000000747d00000|  0%| F|  |TAMS 0x0000000747c00000, 0x0000000747c00000| Untracked 
| 103|0x0000000747d00000, 0x0000000747dd5990, 0x0000000747e00000| 83%| S|CS|TAMS 0x0000000747d00000, 0x0000000747d00000| Complete 
| 104|0x0000000747e00000, 0x0000000747f00000, 0x0000000747f00000|100%| S|CS|TAMS 0x0000000747e00000, 0x0000000747e00000| Complete 
| 105|0x0000000747f00000, 0x0000000748000000, 0x0000000748000000|100%| S|CS|TAMS 0x0000000747f00000, 0x0000000747f00000| Complete 
| 106|0x0000000748000000, 0x0000000748100000, 0x0000000748100000|100%| S|CS|TAMS 0x0000000748000000, 0x0000000748000000| Complete 
| 107|0x0000000748100000, 0x0000000748200000, 0x0000000748200000|100%| S|CS|TAMS 0x0000000748100000, 0x0000000748100000| Complete 
| 108|0x0000000748200000, 0x0000000748300000, 0x0000000748300000|100%| S|CS|TAMS 0x0000000748200000, 0x0000000748200000| Complete 
| 109|0x0000000748300000, 0x0000000748400000, 0x0000000748400000|100%| S|CS|TAMS 0x0000000748300000, 0x0000000748300000| Complete 
| 110|0x0000000748400000, 0x0000000748500000, 0x0000000748500000|100%| S|CS|TAMS 0x0000000748400000, 0x0000000748400000| Complete 
| 111|0x0000000748500000, 0x0000000748600000, 0x0000000748600000|100%| S|CS|TAMS 0x0000000748500000, 0x0000000748500000| Complete 
| 112|0x0000000748600000, 0x0000000748700000, 0x0000000748700000|100%| S|CS|TAMS 0x0000000748600000, 0x0000000748600000| Complete 
| 113|0x0000000748700000, 0x0000000748800000, 0x0000000748800000|100%| S|CS|TAMS 0x0000000748700000, 0x0000000748700000| Complete 
| 114|0x0000000748800000, 0x0000000748800000, 0x0000000748900000|  0%| F|  |TAMS 0x0000000748800000, 0x0000000748800000| Untracked 
| 115|0x0000000748900000, 0x0000000748900000, 0x0000000748a00000|  0%| F|  |TAMS 0x0000000748900000, 0x0000000748900000| Untracked 
| 116|0x0000000748a00000, 0x0000000748a00000, 0x0000000748b00000|  0%| F|  |TAMS 0x0000000748a00000, 0x0000000748a00000| Untracked 
| 117|0x0000000748b00000, 0x0000000748b00000, 0x0000000748c00000|  0%| F|  |TAMS 0x0000000748b00000, 0x0000000748b00000| Untracked 
| 118|0x0000000748c00000, 0x0000000748c00000, 0x0000000748d00000|  0%| F|  |TAMS 0x0000000748c00000, 0x0000000748c00000| Untracked 
| 119|0x0000000748d00000, 0x0000000748d00000, 0x0000000748e00000|  0%| F|  |TAMS 0x0000000748d00000, 0x0000000748d00000| Untracked 
| 120|0x0000000748e00000, 0x0000000748e00000, 0x0000000748f00000|  0%| F|  |TAMS 0x0000000748e00000, 0x0000000748e00000| Untracked 
| 121|0x0000000748f00000, 0x0000000748f00000, 0x0000000749000000|  0%| F|  |TAMS 0x0000000748f00000, 0x0000000748f00000| Untracked 
| 122|0x0000000749000000, 0x0000000749000000, 0x0000000749100000|  0%| F|  |TAMS 0x0000000749000000, 0x0000000749000000| Untracked 
| 123|0x0000000749100000, 0x0000000749100000, 0x0000000749200000|  0%| F|  |TAMS 0x0000000749100000, 0x0000000749100000| Untracked 
| 124|0x0000000749200000, 0x0000000749200000, 0x0000000749300000|  0%| F|  |TAMS 0x0000000749200000, 0x0000000749200000| Untracked 
| 125|0x0000000749300000, 0x0000000749300000, 0x0000000749400000|  0%| F|  |TAMS 0x0000000749300000, 0x0000000749300000| Untracked 
| 126|0x0000000749400000, 0x0000000749400000, 0x0000000749500000|  0%| F|  |TAMS 0x0000000749400000, 0x0000000749400000| Untracked 
| 127|0x0000000749500000, 0x0000000749500000, 0x0000000749600000|  0%| F|  |TAMS 0x0000000749500000, 0x0000000749500000| Untracked 
| 128|0x0000000749600000, 0x0000000749600000, 0x0000000749700000|  0%| F|  |TAMS 0x0000000749600000, 0x0000000749600000| Untracked 
| 129|0x0000000749700000, 0x0000000749700000, 0x0000000749800000|  0%| F|  |TAMS 0x0000000749700000, 0x0000000749700000| Untracked 
| 130|0x0000000749800000, 0x0000000749800000, 0x0000000749900000|  0%| F|  |TAMS 0x0000000749800000, 0x0000000749800000| Untracked 
| 131|0x0000000749900000, 0x0000000749900000, 0x0000000749a00000|  0%| F|  |TAMS 0x0000000749900000, 0x0000000749900000| Untracked 
| 132|0x0000000749a00000, 0x0000000749a00000, 0x0000000749b00000|  0%| F|  |TAMS 0x0000000749a00000, 0x0000000749a00000| Untracked 
| 133|0x0000000749b00000, 0x0000000749b00000, 0x0000000749c00000|  0%| F|  |TAMS 0x0000000749b00000, 0x0000000749b00000| Untracked 
| 134|0x0000000749c00000, 0x0000000749c00000, 0x0000000749d00000|  0%| F|  |TAMS 0x0000000749c00000, 0x0000000749c00000| Untracked 
| 135|0x0000000749d00000, 0x0000000749d00000, 0x0000000749e00000|  0%| F|  |TAMS 0x0000000749d00000, 0x0000000749d00000| Untracked 
| 136|0x0000000749e00000, 0x0000000749e00000, 0x0000000749f00000|  0%| F|  |TAMS 0x0000000749e00000, 0x0000000749e00000| Untracked 
| 137|0x0000000749f00000, 0x0000000749f00000, 0x000000074a000000|  0%| F|  |TAMS 0x0000000749f00000, 0x0000000749f00000| Untracked 
| 138|0x000000074a000000, 0x000000074a000000, 0x000000074a100000|  0%| F|  |TAMS 0x000000074a000000, 0x000000074a000000| Untracked 
| 139|0x000000074a100000, 0x000000074a100000, 0x000000074a200000|  0%| F|  |TAMS 0x000000074a100000, 0x000000074a100000| Untracked 
| 140|0x000000074a200000, 0x000000074a200000, 0x000000074a300000|  0%| F|  |TAMS 0x000000074a200000, 0x000000074a200000| Untracked 
| 141|0x000000074a300000, 0x000000074a300000, 0x000000074a400000|  0%| F|  |TAMS 0x000000074a300000, 0x000000074a300000| Untracked 
| 142|0x000000074a400000, 0x000000074a400000, 0x000000074a500000|  0%| F|  |TAMS 0x000000074a400000, 0x000000074a400000| Untracked 
| 143|0x000000074a500000, 0x000000074a500000, 0x000000074a600000|  0%| F|  |TAMS 0x000000074a500000, 0x000000074a500000| Untracked 
| 144|0x000000074a600000, 0x000000074a600000, 0x000000074a700000|  0%| F|  |TAMS 0x000000074a600000, 0x000000074a600000| Untracked 
| 145|0x000000074a700000, 0x000000074a700000, 0x000000074a800000|  0%| F|  |TAMS 0x000000074a700000, 0x000000074a700000| Untracked 
| 146|0x000000074a800000, 0x000000074a800000, 0x000000074a900000|  0%| F|  |TAMS 0x000000074a800000, 0x000000074a800000| Untracked 
| 147|0x000000074a900000, 0x000000074a900000, 0x000000074aa00000|  0%| F|  |TAMS 0x000000074a900000, 0x000000074a900000| Untracked 
| 148|0x000000074aa00000, 0x000000074aa00000, 0x000000074ab00000|  0%| F|  |TAMS 0x000000074aa00000, 0x000000074aa00000| Untracked 
| 149|0x000000074ab00000, 0x000000074ab00000, 0x000000074ac00000|  0%| F|  |TAMS 0x000000074ab00000, 0x000000074ab00000| Untracked 
| 150|0x000000074ac00000, 0x000000074ac00000, 0x000000074ad00000|  0%| F|  |TAMS 0x000000074ac00000, 0x000000074ac00000| Untracked 
| 151|0x000000074ad00000, 0x000000074ad00000, 0x000000074ae00000|  0%| F|  |TAMS 0x000000074ad00000, 0x000000074ad00000| Untracked 
| 152|0x000000074ae00000, 0x000000074ae00000, 0x000000074af00000|  0%| F|  |TAMS 0x000000074ae00000, 0x000000074ae00000| Untracked 
| 153|0x000000074af00000, 0x000000074af00000, 0x000000074b000000|  0%| F|  |TAMS 0x000000074af00000, 0x000000074af00000| Untracked 
| 154|0x000000074b000000, 0x000000074b000000, 0x000000074b100000|  0%| F|  |TAMS 0x000000074b000000, 0x000000074b000000| Untracked 
| 155|0x000000074b100000, 0x000000074b100000, 0x000000074b200000|  0%| F|  |TAMS 0x000000074b100000, 0x000000074b100000| Untracked 
| 156|0x000000074b200000, 0x000000074b200000, 0x000000074b300000|  0%| F|  |TAMS 0x000000074b200000, 0x000000074b200000| Untracked 
| 157|0x000000074b300000, 0x000000074b300000, 0x000000074b400000|  0%| F|  |TAMS 0x000000074b300000, 0x000000074b300000| Untracked 
| 158|0x000000074b400000, 0x000000074b400000, 0x000000074b500000|  0%| F|  |TAMS 0x000000074b400000, 0x000000074b400000| Untracked 
| 159|0x000000074b500000, 0x000000074b500000, 0x000000074b600000|  0%| F|  |TAMS 0x000000074b500000, 0x000000074b500000| Untracked 
| 160|0x000000074b600000, 0x000000074b600000, 0x000000074b700000|  0%| F|  |TAMS 0x000000074b600000, 0x000000074b600000| Untracked 
| 161|0x000000074b700000, 0x000000074b700000, 0x000000074b800000|  0%| F|  |TAMS 0x000000074b700000, 0x000000074b700000| Untracked 
| 162|0x000000074b800000, 0x000000074b800000, 0x000000074b900000|  0%| F|  |TAMS 0x000000074b800000, 0x000000074b800000| Untracked 
| 163|0x000000074b900000, 0x000000074b900000, 0x000000074ba00000|  0%| F|  |TAMS 0x000000074b900000, 0x000000074b900000| Untracked 
| 164|0x000000074ba00000, 0x000000074ba00000, 0x000000074bb00000|  0%| F|  |TAMS 0x000000074ba00000, 0x000000074ba00000| Untracked 
| 165|0x000000074bb00000, 0x000000074bb00000, 0x000000074bc00000|  0%| F|  |TAMS 0x000000074bb00000, 0x000000074bb00000| Untracked 
| 166|0x000000074bc00000, 0x000000074bc00000, 0x000000074bd00000|  0%| F|  |TAMS 0x000000074bc00000, 0x000000074bc00000| Untracked 
| 167|0x000000074bd00000, 0x000000074bd00000, 0x000000074be00000|  0%| F|  |TAMS 0x000000074bd00000, 0x000000074bd00000| Untracked 
| 168|0x000000074be00000, 0x000000074be00000, 0x000000074bf00000|  0%| F|  |TAMS 0x000000074be00000, 0x000000074be00000| Untracked 
| 169|0x000000074bf00000, 0x000000074bf00000, 0x000000074c000000|  0%| F|  |TAMS 0x000000074bf00000, 0x000000074bf00000| Untracked 
| 170|0x000000074c000000, 0x000000074c000000, 0x000000074c100000|  0%| F|  |TAMS 0x000000074c000000, 0x000000074c000000| Untracked 
| 171|0x000000074c100000, 0x000000074c100000, 0x000000074c200000|  0%| F|  |TAMS 0x000000074c100000, 0x000000074c100000| Untracked 
| 172|0x000000074c200000, 0x000000074c200000, 0x000000074c300000|  0%| F|  |TAMS 0x000000074c200000, 0x000000074c200000| Untracked 
| 173|0x000000074c300000, 0x000000074c300000, 0x000000074c400000|  0%| F|  |TAMS 0x000000074c300000, 0x000000074c300000| Untracked 
| 174|0x000000074c400000, 0x000000074c400000, 0x000000074c500000|  0%| F|  |TAMS 0x000000074c400000, 0x000000074c400000| Untracked 
| 175|0x000000074c500000, 0x000000074c500000, 0x000000074c600000|  0%| F|  |TAMS 0x000000074c500000, 0x000000074c500000| Untracked 
| 176|0x000000074c600000, 0x000000074c600000, 0x000000074c700000|  0%| F|  |TAMS 0x000000074c600000, 0x000000074c600000| Untracked 
| 177|0x000000074c700000, 0x000000074c700000, 0x000000074c800000|  0%| F|  |TAMS 0x000000074c700000, 0x000000074c700000| Untracked 
| 178|0x000000074c800000, 0x000000074c800000, 0x000000074c900000|  0%| F|  |TAMS 0x000000074c800000, 0x000000074c800000| Untracked 
| 179|0x000000074c900000, 0x000000074c900000, 0x000000074ca00000|  0%| F|  |TAMS 0x000000074c900000, 0x000000074c900000| Untracked 
| 180|0x000000074ca00000, 0x000000074ca00000, 0x000000074cb00000|  0%| F|  |TAMS 0x000000074ca00000, 0x000000074ca00000| Untracked 
| 181|0x000000074cb00000, 0x000000074cb00000, 0x000000074cc00000|  0%| F|  |TAMS 0x000000074cb00000, 0x000000074cb00000| Untracked 
| 182|0x000000074cc00000, 0x000000074cc00000, 0x000000074cd00000|  0%| F|  |TAMS 0x000000074cc00000, 0x000000074cc00000| Untracked 
| 183|0x000000074cd00000, 0x000000074cd00000, 0x000000074ce00000|  0%| F|  |TAMS 0x000000074cd00000, 0x000000074cd00000| Untracked 
| 184|0x000000074ce00000, 0x000000074ce00000, 0x000000074cf00000|  0%| F|  |TAMS 0x000000074ce00000, 0x000000074ce00000| Untracked 
| 185|0x000000074cf00000, 0x000000074cf00000, 0x000000074d000000|  0%| F|  |TAMS 0x000000074cf00000, 0x000000074cf00000| Untracked 
| 186|0x000000074d000000, 0x000000074d000000, 0x000000074d100000|  0%| F|  |TAMS 0x000000074d000000, 0x000000074d000000| Untracked 
| 187|0x000000074d100000, 0x000000074d100000, 0x000000074d200000|  0%| F|  |TAMS 0x000000074d100000, 0x000000074d100000| Untracked 
| 188|0x000000074d200000, 0x000000074d200000, 0x000000074d300000|  0%| F|  |TAMS 0x000000074d200000, 0x000000074d200000| Untracked 
| 189|0x000000074d300000, 0x000000074d300000, 0x000000074d400000|  0%| F|  |TAMS 0x000000074d300000, 0x000000074d300000| Untracked 
| 190|0x000000074d400000, 0x000000074d400000, 0x000000074d500000|  0%| F|  |TAMS 0x000000074d400000, 0x000000074d400000| Untracked 
| 191|0x000000074d500000, 0x000000074d500000, 0x000000074d600000|  0%| F|  |TAMS 0x000000074d500000, 0x000000074d500000| Untracked 
| 192|0x000000074d600000, 0x000000074d600000, 0x000000074d700000|  0%| F|  |TAMS 0x000000074d600000, 0x000000074d600000| Untracked 
| 193|0x000000074d700000, 0x000000074d700000, 0x000000074d800000|  0%| F|  |TAMS 0x000000074d700000, 0x000000074d700000| Untracked 
| 194|0x000000074d800000, 0x000000074d800000, 0x000000074d900000|  0%| F|  |TAMS 0x000000074d800000, 0x000000074d800000| Untracked 
| 195|0x000000074d900000, 0x000000074d900000, 0x000000074da00000|  0%| F|  |TAMS 0x000000074d900000, 0x000000074d900000| Untracked 
| 196|0x000000074da00000, 0x000000074da00000, 0x000000074db00000|  0%| F|  |TAMS 0x000000074da00000, 0x000000074da00000| Untracked 
| 197|0x000000074db00000, 0x000000074db00000, 0x000000074dc00000|  0%| F|  |TAMS 0x000000074db00000, 0x000000074db00000| Untracked 
| 198|0x000000074dc00000, 0x000000074dc00000, 0x000000074dd00000|  0%| F|  |TAMS 0x000000074dc00000, 0x000000074dc00000| Untracked 
| 199|0x000000074dd00000, 0x000000074dd00000, 0x000000074de00000|  0%| F|  |TAMS 0x000000074dd00000, 0x000000074dd00000| Untracked 
| 200|0x000000074de00000, 0x000000074de00000, 0x000000074df00000|  0%| F|  |TAMS 0x000000074de00000, 0x000000074de00000| Untracked 
| 201|0x000000074df00000, 0x000000074df00000, 0x000000074e000000|  0%| F|  |TAMS 0x000000074df00000, 0x000000074df00000| Untracked 
| 202|0x000000074e000000, 0x000000074e000000, 0x000000074e100000|  0%| F|  |TAMS 0x000000074e000000, 0x000000074e000000| Untracked 
| 203|0x000000074e100000, 0x000000074e100000, 0x000000074e200000|  0%| F|  |TAMS 0x000000074e100000, 0x000000074e100000| Untracked 
| 204|0x000000074e200000, 0x000000074e200000, 0x000000074e300000|  0%| F|  |TAMS 0x000000074e200000, 0x000000074e200000| Untracked 
| 205|0x000000074e300000, 0x000000074e300000, 0x000000074e400000|  0%| F|  |TAMS 0x000000074e300000, 0x000000074e300000| Untracked 
| 206|0x000000074e400000, 0x000000074e400000, 0x000000074e500000|  0%| F|  |TAMS 0x000000074e400000, 0x000000074e400000| Untracked 
| 207|0x000000074e500000, 0x000000074e500000, 0x000000074e600000|  0%| F|  |TAMS 0x000000074e500000, 0x000000074e500000| Untracked 
| 208|0x000000074e600000, 0x000000074e600000, 0x000000074e700000|  0%| F|  |TAMS 0x000000074e600000, 0x000000074e600000| Untracked 
| 209|0x000000074e700000, 0x000000074e700000, 0x000000074e800000|  0%| F|  |TAMS 0x000000074e700000, 0x000000074e700000| Untracked 
| 210|0x000000074e800000, 0x000000074e800000, 0x000000074e900000|  0%| F|  |TAMS 0x000000074e800000, 0x000000074e800000| Untracked 
| 211|0x000000074e900000, 0x000000074e900000, 0x000000074ea00000|  0%| F|  |TAMS 0x000000074e900000, 0x000000074e900000| Untracked 
| 212|0x000000074ea00000, 0x000000074ea00000, 0x000000074eb00000|  0%| F|  |TAMS 0x000000074ea00000, 0x000000074ea00000| Untracked 
| 213|0x000000074eb00000, 0x000000074eb00000, 0x000000074ec00000|  0%| F|  |TAMS 0x000000074eb00000, 0x000000074eb00000| Untracked 
| 214|0x000000074ec00000, 0x000000074ec00000, 0x000000074ed00000|  0%| F|  |TAMS 0x000000074ec00000, 0x000000074ec00000| Untracked 
| 215|0x000000074ed00000, 0x000000074ed00000, 0x000000074ee00000|  0%| F|  |TAMS 0x000000074ed00000, 0x000000074ed00000| Untracked 
| 216|0x000000074ee00000, 0x000000074ee00000, 0x000000074ef00000|  0%| F|  |TAMS 0x000000074ee00000, 0x000000074ee00000| Untracked 
| 217|0x000000074ef00000, 0x000000074ef00000, 0x000000074f000000|  0%| F|  |TAMS 0x000000074ef00000, 0x000000074ef00000| Untracked 
| 218|0x000000074f000000, 0x000000074f000000, 0x000000074f100000|  0%| F|  |TAMS 0x000000074f000000, 0x000000074f000000| Untracked 
| 219|0x000000074f100000, 0x000000074f100000, 0x000000074f200000|  0%| F|  |TAMS 0x000000074f100000, 0x000000074f100000| Untracked 
| 220|0x000000074f200000, 0x000000074f200000, 0x000000074f300000|  0%| F|  |TAMS 0x000000074f200000, 0x000000074f200000| Untracked 
| 221|0x000000074f300000, 0x000000074f300000, 0x000000074f400000|  0%| F|  |TAMS 0x000000074f300000, 0x000000074f300000| Untracked 
| 222|0x000000074f400000, 0x000000074f400000, 0x000000074f500000|  0%| F|  |TAMS 0x000000074f400000, 0x000000074f400000| Untracked 
| 223|0x000000074f500000, 0x000000074f500000, 0x000000074f600000|  0%| F|  |TAMS 0x000000074f500000, 0x000000074f500000| Untracked 
| 224|0x000000074f600000, 0x000000074f600000, 0x000000074f700000|  0%| F|  |TAMS 0x000000074f600000, 0x000000074f600000| Untracked 
| 225|0x000000074f700000, 0x000000074f700000, 0x000000074f800000|  0%| F|  |TAMS 0x000000074f700000, 0x000000074f700000| Untracked 
| 226|0x000000074f800000, 0x000000074f800000, 0x000000074f900000|  0%| F|  |TAMS 0x000000074f800000, 0x000000074f800000| Untracked 
| 227|0x000000074f900000, 0x000000074f900000, 0x000000074fa00000|  0%| F|  |TAMS 0x000000074f900000, 0x000000074f900000| Untracked 
| 228|0x000000074fa00000, 0x000000074fa00000, 0x000000074fb00000|  0%| F|  |TAMS 0x000000074fa00000, 0x000000074fa00000| Untracked 
| 229|0x000000074fb00000, 0x000000074fb00000, 0x000000074fc00000|  0%| F|  |TAMS 0x000000074fb00000, 0x000000074fb00000| Untracked 
| 230|0x000000074fc00000, 0x000000074fc00000, 0x000000074fd00000|  0%| F|  |TAMS 0x000000074fc00000, 0x000000074fc00000| Untracked 

Card table byte_map: [0x000001805acd0000,0x000001805b2d0000] _byte_map_base: 0x00000180572c5000

Marking Bits (Prev, Next): (CMBitMap*) 0x0000018042c77970, (CMBitMap*) 0x0000018042c77938
 Prev Bits: [0x000001805e880000, 0x0000018061828000)
 Next Bits: [0x000001805b8d0000, 0x000001805e878000)

Polling page: 0x0000018041430000

Metaspace:

Usage:
  Non-class:     28.71 MB capacity,    28.25 MB ( 98%) used,   378.32 KB (  1%) free+waste,    95.88 KB ( <1%) overhead. 
      Class:      4.01 MB capacity,     3.69 MB ( 92%) used,   282.22 KB (  7%) free+waste,    45.88 KB (  1%) overhead. 
       Both:     32.72 MB capacity,    31.94 MB ( 98%) used,   660.54 KB (  2%) free+waste,   141.75 KB ( <1%) overhead. 

Virtual space:
  Non-class space:       38.00 MB reserved,      28.75 MB ( 76%) committed 
      Class space:        1.00 GB reserved,       4.13 MB ( <1%) committed 
             Both:        1.04 GB reserved,      32.88 MB (  3%) committed 

Chunk freelists:
   Non-Class:  5.25 KB
       Class:  2.63 KB
        Both:  7.88 KB

CodeHeap 'non-profiled nmethods': size=120064Kb used=1687Kb max_used=1834Kb free=118376Kb
 bounds [0x0000018052b70000, 0x0000018052de0000, 0x000001805a0b0000]
CodeHeap 'profiled nmethods': size=120000Kb used=6901Kb max_used=7666Kb free=113098Kb
 bounds [0x000001804b640000, 0x000001804bdc0000, 0x0000018052b70000]
CodeHeap 'non-nmethods': size=5696Kb used=1134Kb max_used=1181Kb free=4561Kb
 bounds [0x000001804b0b0000, 0x000001804b320000, 0x000001804b640000]
 total_blobs=3627 nmethods=3187 adapters=350
 compilation: enabled
              stopped_count=0, restarted_count=0
 full_count=0

Compilation events (10 events):
Event: 9.853 Thread 0x000001806474f800 3571       3       org.springframework.core.ResolvableType::resolveVariable (186 bytes)
Event: 9.855 Thread 0x000001806474f800 nmethod 3571 0x000001804b733d10 code [0x000001804b734040, 0x000001804b735720]
Event: 9.862 Thread 0x000001806474f800 3572       3       java.util.Collections::emptyMap (4 bytes)
Event: 9.862 Thread 0x000001806474f800 nmethod 3572 0x000001804b6cb990 code [0x000001804b6cbb20, 0x000001804b6cbc78]
Event: 9.862 Thread 0x000001806474f800 3573       1       java.util.stream.Streams$RangeIntSpliterator::characteristics (4 bytes)
Event: 9.862 Thread 0x000001806474f800 nmethod 3573 0x0000018052ba6d90 code [0x0000018052ba6f20, 0x0000018052ba7038]
Event: 9.862 Thread 0x000001806474f800 3574       1       org.springframework.data.util.Pair::getFirst (5 bytes)
Event: 9.863 Thread 0x000001806474f800 nmethod 3574 0x0000018052ba6a90 code [0x0000018052ba6c20, 0x0000018052ba6d38]
Event: 9.863 Thread 0x000001806474f800 3575       1       org.springframework.data.util.Pair::getSecond (5 bytes)
Event: 9.863 Thread 0x000001806474f800 nmethod 3575 0x0000018052ba6790 code [0x0000018052ba6920, 0x0000018052ba6a38]

GC Heap History (10 events):
Event: 0.959 GC heap before
{Heap before GC invocations=0 (full 0):
 garbage-first heap   total 196608K, used 14336K [0x0000000741600000, 0x0000000800000000)
  region size 1024K, 14 young (14336K), 0 survivors (0K)
 Metaspace       used 7710K, capacity 7881K, committed 8192K, reserved 1056768K
  class space    used 657K, capacity 709K, committed 768K, reserved 1048576K
}
Event: 0.966 GC heap after
{Heap after GC invocations=1 (full 0):
 garbage-first heap   total 196608K, used 2214K [0x0000000741600000, 0x0000000800000000)
  region size 1024K, 2 young (2048K), 2 survivors (2048K)
 Metaspace       used 7710K, capacity 7881K, committed 8192K, reserved 1056768K
  class space    used 657K, capacity 709K, committed 768K, reserved 1048576K
}
Event: 2.860 GC heap before
{Heap before GC invocations=1 (full 0):
 garbage-first heap   total 196608K, used 116902K [0x0000000741600000, 0x0000000800000000)
  region size 1024K, 115 young (117760K), 2 survivors (2048K)
 Metaspace       used 13386K, capacity 13702K, committed 13952K, reserved 1062912K
  class space    used 1302K, capacity 1405K, committed 1408K, reserved 1048576K
}
Event: 2.873 GC heap after
{Heap after GC invocations=2 (full 0):
 garbage-first heap   total 196608K, used 5865K [0x0000000741600000, 0x0000000800000000)
  region size 1024K, 6 young (6144K), 6 survivors (6144K)
 Metaspace       used 13386K, capacity 13702K, committed 13952K, reserved 1062912K
  class space    used 1302K, capacity 1405K, committed 1408K, reserved 1048576K
}
Event: 4.309 GC heap before
{Heap before GC invocations=2 (full 0):
 garbage-first heap   total 196608K, used 83689K [0x0000000741600000, 0x0000000800000000)
  region size 1024K, 83 young (84992K), 6 survivors (6144K)
 Metaspace       used 20665K, capacity 21197K, committed 21296K, reserved 1069056K
  class space    used 2228K, capacity 2425K, committed 2432K, reserved 1048576K
}
Event: 4.324 GC heap after
{Heap after GC invocations=3 (full 0):
 garbage-first heap   total 196608K, used 7991K [0x0000000741600000, 0x0000000800000000)
  region size 1024K, 8 young (8192K), 8 survivors (8192K)
 Metaspace       used 20665K, capacity 21197K, committed 21296K, reserved 1069056K
  class space    used 2228K, capacity 2425K, committed 2432K, reserved 1048576K
}
Event: 6.203 GC heap before
{Heap before GC invocations=4 (full 0):
 garbage-first heap   total 196608K, used 117559K [0x0000000741600000, 0x0000000800000000)
  region size 1024K, 115 young (117760K), 8 survivors (8192K)
 Metaspace       used 25868K, capacity 26524K, committed 26752K, reserved 1073152K
  class space    used 2833K, capacity 3111K, committed 3200K, reserved 1048576K
}
Event: 6.217 GC heap after
{Heap after GC invocations=5 (full 0):
 garbage-first heap   total 196608K, used 10034K [0x0000000741600000, 0x0000000800000000)
  region size 1024K, 10 young (10240K), 10 survivors (10240K)
 Metaspace       used 25868K, capacity 26524K, committed 26752K, reserved 1073152K
  class space    used 2833K, capacity 3111K, committed 3200K, reserved 1048576K
}
Event: 7.916 GC heap before
{Heap before GC invocations=5 (full 0):
 garbage-first heap   total 196608K, used 117554K [0x0000000741600000, 0x0000000800000000)
  region size 1024K, 115 young (117760K), 10 survivors (10240K)
 Metaspace       used 28600K, capacity 29308K, committed 29440K, reserved 1075200K
  class space    used 3177K, capacity 3475K, committed 3584K, reserved 1048576K
}
Event: 7.937 GC heap after
{Heap after GC invocations=6 (full 0):
 garbage-first heap   total 236544K, used 11377K [0x0000000741600000, 0x0000000800000000)
  region size 1024K, 9 young (9216K), 9 survivors (9216K)
 Metaspace       used 28600K, capacity 29308K, committed 29440K, reserved 1075200K
  class space    used 3177K, capacity 3475K, committed 3584K, reserved 1048576K
}

Deoptimization events (10 events):
Event: 9.213 Thread 0x0000018042c25800 Uncommon trap: reason=bimorphic_or_optimized_type_check action=maybe_recompile pc=0x0000018052d3e7b4 method=org.springframework.core.ResolvableType.calculateHashCode()I @ 48 c2
Event: 9.214 Thread 0x0000018042c25800 Uncommon trap: reason=bimorphic_or_optimized_type_check action=maybe_recompile pc=0x0000018052d3e7b4 method=org.springframework.core.ResolvableType.calculateHashCode()I @ 48 c2
Event: 9.735 Thread 0x0000018042c25800 Uncommon trap: reason=class_check action=maybe_recompile pc=0x0000018052cd7464 method=org.springframework.util.ConcurrentReferenceHashMap$Segment.findInChain(Lorg/springframework/util/ConcurrentReferenceHashMap$Reference;Ljava/lang/Object;I)Lorg/springfra
Event: 9.735 Thread 0x0000018042c25800 Uncommon trap: reason=class_check action=maybe_recompile pc=0x0000018052cee8e0 method=org.springframework.util.ConcurrentReferenceHashMap.get(Ljava/lang/Object;)Ljava/lang/Object; @ 14 c2
Event: 9.743 Thread 0x0000018042c25800 Uncommon trap: reason=class_check action=maybe_recompile pc=0x0000018052cd7464 method=org.springframework.util.ConcurrentReferenceHashMap$Segment.findInChain(Lorg/springframework/util/ConcurrentReferenceHashMap$Reference;Ljava/lang/Object;I)Lorg/springfra
Event: 9.745 Thread 0x0000018042c25800 Uncommon trap: reason=class_check action=maybe_recompile pc=0x0000018052ccbba0 method=org.springframework.util.ConcurrentReferenceHashMap$Segment.findInChain(Lorg/springframework/util/ConcurrentReferenceHashMap$Reference;Ljava/lang/Object;I)Lorg/springfra
Event: 9.745 Thread 0x0000018042c25800 Uncommon trap: reason=class_check action=maybe_recompile pc=0x0000018052cd7464 method=org.springframework.util.ConcurrentReferenceHashMap$Segment.findInChain(Lorg/springframework/util/ConcurrentReferenceHashMap$Reference;Ljava/lang/Object;I)Lorg/springfra
Event: 9.745 Thread 0x0000018042c25800 Uncommon trap: reason=class_check action=maybe_recompile pc=0x0000018052cee8e0 method=org.springframework.util.ConcurrentReferenceHashMap.get(Ljava/lang/Object;)Ljava/lang/Object; @ 14 c2
Event: 9.752 Thread 0x0000018042c25800 Uncommon trap: reason=class_check action=maybe_recompile pc=0x0000018052cee8e0 method=org.springframework.util.ConcurrentReferenceHashMap.get(Ljava/lang/Object;)Ljava/lang/Object; @ 14 c2
Event: 9.759 Thread 0x0000018042c25800 Uncommon trap: reason=class_check action=maybe_recompile pc=0x0000018052cde1e0 method=org.springframework.util.ConcurrentReferenceHashMap.get(Ljava/lang/Object;)Ljava/lang/Object; @ 14 c2

Classes redefined (0 events):
No events

Internal exceptions (10 events):
Event: 4.689 Thread 0x0000018042c25800 Exception <a 'java/lang/ClassNotFoundException'{0x000000074b12a590}: org/springframework/boot/loader/jar/Handler> (0x000000074b12a590) thrown at [./open/src/hotspot/share/classfile/systemDictionary.cpp, line 228]
Event: 5.027 Thread 0x0000018065e95800 Exception <a 'java/lang/NoSuchMethodError'{0x000000074a7beef8}: java.lang.invoke.DirectMethodHandle$Holder.invokeSpecial(Ljava/lang/Object;Ljava/lang/Object;)J> (0x000000074a7beef8) thrown at [./open/src/hotspot/share/interpreter/linkResolver.cpp, line 77
Event: 5.031 Thread 0x0000018065e95800 Exception <a 'java/lang/NoSuchMethodError'{0x000000074a7c9420}: java.lang.invoke.DirectMethodHandle$Holder.invokeStatic(Ljava/lang/Object;Ljava/lang/Object;)J> (0x000000074a7c9420) thrown at [./open/src/hotspot/share/interpreter/linkResolver.cpp, line 772
Event: 5.031 Thread 0x0000018065e95800 Exception <a 'java/lang/NoSuchMethodError'{0x000000074a7cc248}: java.lang.invoke.DirectMethodHandle$Holder.invokeStaticInit(Ljava/lang/Object;Ljava/lang/Object;)J> (0x000000074a7cc248) thrown at [./open/src/hotspot/share/interpreter/linkResolver.cpp, line
Event: 5.035 Thread 0x0000018065e95800 Exception <a 'java/lang/NoSuchMethodError'{0x000000074a7d8900}: java.lang.invoke.DirectMethodHandle$Holder.invokeInterface(Ljava/lang/Object;Ljava/lang/Object;)J> (0x000000074a7d8900) thrown at [./open/src/hotspot/share/interpreter/linkResolver.cpp, line 
Event: 5.035 Thread 0x0000018065e95800 Exception <a 'java/lang/IncompatibleClassChangeError'{0x000000074a7db698}: Found class java.lang.Object, but interface was expected> (0x000000074a7db698) thrown at [./open/src/hotspot/share/interpreter/linkResolver.cpp, line 838]
Event: 5.124 Thread 0x0000018065e95800 Exception <a 'java/lang/NoSuchMethodError'{0x000000074a2efa60}: java.lang.invoke.DirectMethodHandle$Holder.invokeVirtual(Ljava/lang/Object;Ljava/lang/Object;Ljava/lang/Object;Ljava/lang/Object;)Ljava/lang/Object;> (0x000000074a2efa60) thrown at [./open/sr
Event: 6.314 Thread 0x0000018042c25800 Exception <a 'java/lang/IncompatibleClassChangeError'{0x000000074c8c6e18}: Found class java.lang.Object, but interface was expected> (0x000000074c8c6e18) thrown at [./open/src/hotspot/share/interpreter/linkResolver.cpp, line 838]
Event: 6.455 Thread 0x0000018042c25800 Exception <a 'java/lang/NoSuchMethodError'{0x000000074c36eae8}: java.lang.invoke.DirectMethodHandle$Holder.invokeInterface(Ljava/lang/Object;Ljava/lang/Object;Ljava/lang/Object;Ljava/lang/Object;)V> (0x000000074c36eae8) thrown at [./open/src/hotspot/share
Event: 9.722 Thread 0x0000018042c25800 Exception <a 'java/lang/NoSuchMethodError'{0x000000074a1bcb88}: java.lang.invoke.DirectMethodHandle$Holder.invokeStaticInit(Ljava/lang/Object;)I> (0x000000074a1bcb88) thrown at [./open/src/hotspot/share/interpreter/linkResolver.cpp, line 772]

Events (10 events):
Event: 9.863 loading class org/springframework/instrument/InstrumentationSavingAgent
Event: 9.863 loading class org/springframework/instrument/InstrumentationSavingAgent done
Event: 9.864 loading class org/springframework/instrument$InstrumentationSavingAgent
Event: 9.864 loading class org/springframework/instrument$InstrumentationSavingAgent done
Event: 9.865 loading class org/eclipse/persistence/internal/jpa/deployment/JavaSECMPInitializerAgent
Event: 9.865 loading class org/eclipse/persistence/internal/jpa/deployment/JavaSECMPInitializerAgent done
Event: 9.866 loading class org/eclipse/persistence/internal/jpa/deployment$JavaSECMPInitializerAgent
Event: 9.866 loading class org/eclipse/persistence/internal/jpa/deployment$JavaSECMPInitializerAgent done
Event: 9.866 loading class com/ditros/mcd/dao/CountryDao
Event: 9.866 loading class com/ditros/mcd/dao/CountryDao done


Dynamic libraries:
0x00007ff6acf80000 - 0x00007ff6acf8f000 	C:\Program Files\Java\jdk-11.0.9\bin\java.exe
0x00007ffbe07d0000 - 0x00007ffbe09c8000 	C:\WINDOWS\SYSTEM32\ntdll.dll
0x00007ffbe0130000 - 0x00007ffbe01ef000 	C:\WINDOWS\System32\KERNEL32.DLL
0x00007ffbde420000 - 0x00007ffbde716000 	C:\WINDOWS\System32\KERNELBASE.dll
0x00007ffbddfd0000 - 0x00007ffbde0d0000 	C:\WINDOWS\System32\ucrtbase.dll
0x00007ffbd78e0000 - 0x00007ffbd78f5000 	C:\Program Files\Java\jdk-11.0.9\bin\VCRUNTIME140.dll
0x00007ffbd0230000 - 0x00007ffbd0248000 	C:\Program Files\Java\jdk-11.0.9\bin\jli.dll
0x00007ffbde830000 - 0x00007ffbde8df000 	C:\WINDOWS\System32\ADVAPI32.dll
0x00007ffbdf820000 - 0x00007ffbdf8be000 	C:\WINDOWS\System32\msvcrt.dll
0x00007ffbe0440000 - 0x00007ffbe04dc000 	C:\WINDOWS\System32\sechost.dll
0x00007ffbde9b0000 - 0x00007ffbdead6000 	C:\WINDOWS\System32\RPCRT4.dll
0x00007ffbe04e0000 - 0x00007ffbe067d000 	C:\WINDOWS\System32\USER32.dll
0x00007ffbde3f0000 - 0x00007ffbde412000 	C:\WINDOWS\System32\win32u.dll
0x00007ffbdec90000 - 0x00007ffbdecbc000 	C:\WINDOWS\System32\GDI32.dll
0x00007ffbddeb0000 - 0x00007ffbddfc5000 	C:\WINDOWS\System32\gdi32full.dll
0x00007ffbc7310000 - 0x00007ffbc75aa000 	C:\WINDOWS\WinSxS\amd64_microsoft.windows.common-controls_6595b64144ccf1df_6.0.19041.1110_none_60b5254171f9507e\COMCTL32.dll
0x00007ffbde720000 - 0x00007ffbde7bd000 	C:\WINDOWS\System32\msvcp_win.dll
0x00007ffbd8430000 - 0x00007ffbd843a000 	C:\WINDOWS\SYSTEM32\VERSION.dll
0x00007ffbe06e0000 - 0x00007ffbe0710000 	C:\WINDOWS\System32\IMM32.DLL
0x00007ffba8dc0000 - 0x00007ffba8e5b000 	C:\Program Files\Java\jdk-11.0.9\bin\msvcp140.dll
0x00007ffb6e1c0000 - 0x00007ffb6ecb7000 	C:\Program Files\Java\jdk-11.0.9\bin\server\jvm.dll
0x00007ffbdfcb0000 - 0x00007ffbdfcb8000 	C:\WINDOWS\System32\PSAPI.DLL
0x00007ffbcd1f0000 - 0x00007ffbcd1f9000 	C:\WINDOWS\SYSTEM32\WSOCK32.dll
0x00007ffbc2770000 - 0x00007ffbc2797000 	C:\WINDOWS\SYSTEM32\WINMM.dll
0x00007ffbe03d0000 - 0x00007ffbe043b000 	C:\WINDOWS\System32\WS2_32.dll
0x00007ffbdc6a0000 - 0x00007ffbdc6b2000 	C:\WINDOWS\SYSTEM32\kernel.appcore.dll
0x00007ffbd9460000 - 0x00007ffbd9470000 	C:\Program Files\Java\jdk-11.0.9\bin\verify.dll
0x00007ffbdbba0000 - 0x00007ffbdbd84000 	C:\WINDOWS\SYSTEM32\DBGHELP.DLL
0x00007ffbc2980000 - 0x00007ffbc29b4000 	C:\WINDOWS\SYSTEM32\dbgcore.DLL
0x00007ffbde150000 - 0x00007ffbde1d2000 	C:\WINDOWS\System32\bcryptPrimitives.dll
0x00007ffbb7180000 - 0x00007ffbb71a8000 	C:\Program Files\Java\jdk-11.0.9\bin\java.dll
0x00007ffbd5470000 - 0x00007ffbd547a000 	C:\Program Files\Java\jdk-11.0.9\bin\jimage.dll
0x00007ffbd0210000 - 0x00007ffbd0226000 	C:\Program Files\Java\jdk-11.0.9\bin\zip.dll
0x00007ffbdecc0000 - 0x00007ffbdf404000 	C:\WINDOWS\System32\SHELL32.dll
0x00007ffbdbea0000 - 0x00007ffbdc634000 	C:\WINDOWS\SYSTEM32\windows.storage.dll
0x00007ffbdf8c0000 - 0x00007ffbdfc14000 	C:\WINDOWS\System32\combase.dll
0x00007ffbdd740000 - 0x00007ffbdd76e000 	C:\WINDOWS\SYSTEM32\Wldp.dll
0x00007ffbe01f0000 - 0x00007ffbe029d000 	C:\WINDOWS\System32\SHCORE.dll
0x00007ffbde950000 - 0x00007ffbde9a5000 	C:\WINDOWS\System32\shlwapi.dll
0x00007ffbddde0000 - 0x00007ffbdde05000 	C:\WINDOWS\SYSTEM32\profapi.dll
0x00007ffbb9360000 - 0x00007ffbb9379000 	C:\Program Files\Java\jdk-11.0.9\bin\net.dll
0x00007ffbd7440000 - 0x00007ffbd754a000 	C:\WINDOWS\SYSTEM32\WINHTTP.dll
0x00007ffbdd520000 - 0x00007ffbdd58a000 	C:\WINDOWS\system32\mswsock.dll
0x00007ffbb7160000 - 0x00007ffbb7172000 	C:\Program Files\Java\jdk-11.0.9\bin\nio.dll
0x00007ffbc42b0000 - 0x00007ffbc42b9000 	C:\Program Files\Java\jdk-11.0.9\bin\management.dll
0x00007ffbc4240000 - 0x00007ffbc424b000 	C:\Program Files\Java\jdk-11.0.9\bin\management_ext.dll
0x00007ffbc0a90000 - 0x00007ffbc0aa7000 	C:\WINDOWS\system32\napinsp.dll
0x00007ffbc07f0000 - 0x00007ffbc080b000 	C:\WINDOWS\system32\pnrpnsp.dll
0x00007ffbc07d0000 - 0x00007ffbc07e5000 	C:\WINDOWS\system32\wshbth.dll
0x00007ffbd93d0000 - 0x00007ffbd93ed000 	C:\WINDOWS\system32\NLAapi.dll
0x00007ffbdd230000 - 0x00007ffbdd26c000 	C:\WINDOWS\SYSTEM32\IPHLPAPI.DLL
0x00007ffbdd270000 - 0x00007ffbdd33a000 	C:\WINDOWS\SYSTEM32\DNSAPI.dll
0x00007ffbde940000 - 0x00007ffbde948000 	C:\WINDOWS\System32\NSI.dll
0x00007ffbc07b0000 - 0x00007ffbc07c2000 	C:\WINDOWS\System32\winrnr.dll
0x00007ffbccd50000 - 0x00007ffbccd5a000 	C:\Windows\System32\rasadhlp.dll
0x00007ffbd7090000 - 0x00007ffbd7112000 	C:\WINDOWS\System32\fwpuclnt.dll
0x00007ffbde0d0000 - 0x00007ffbde0f7000 	C:\WINDOWS\System32\bcrypt.dll

dbghelp: loaded successfully - version: 4.0.5 - missing functions: none
symbol engine: initialized successfully - sym options: 0x614 - pdb path: .;C:\Program Files\Java\jdk-11.0.9\bin;C:\WINDOWS\SYSTEM32;C:\WINDOWS\WinSxS\amd64_microsoft.windows.common-controls_6595b64144ccf1df_6.0.19041.1110_none_60b5254171f9507e;C:\Program Files\Java\jdk-11.0.9\bin\server

VM Arguments:
java_command: mcd-0.0.1-SNAPSHOT.jar
java_class_path (initial): mcd-0.0.1-SNAPSHOT.jar
Launcher Type: SUN_STANDARD

[Global flags]
     intx CICompilerCount                          = 3                                         {product} {ergonomic}
     uint ConcGCThreads                            = 1                                         {product} {ergonomic}
     uint G1ConcRefinementThreads                  = 4                                         {product} {ergonomic}
   size_t G1HeapRegionSize                         = 1048576                                   {product} {ergonomic}
    uintx GCDrainStackTargetSize                   = 64                                        {product} {ergonomic}
   size_t InitialHeapSize                          = 201326592                                 {product} {ergonomic}
   size_t MarkStackSize                            = 4194304                                   {product} {ergonomic}
   size_t MaxHeapSize                              = 3198156800                                {product} {ergonomic}
   size_t MaxNewSize                               = 1918894080                                {product} {ergonomic}
   size_t MinHeapDeltaBytes                        = 1048576                                   {product} {ergonomic}
    uintx NonNMethodCodeHeapSize                   = 5830732                                {pd product} {ergonomic}
    uintx NonProfiledCodeHeapSize                  = 122913754                              {pd product} {ergonomic}
    uintx ProfiledCodeHeapSize                     = 122913754                              {pd product} {ergonomic}
    uintx ReservedCodeCacheSize                    = 251658240                              {pd product} {ergonomic}
     bool SegmentedCodeCache                       = true                                      {product} {ergonomic}
     bool UseCompressedClassPointers               = true                                 {lp64_product} {ergonomic}
     bool UseCompressedOops                        = true                                 {lp64_product} {ergonomic}
     bool UseG1GC                                  = true                                      {product} {ergonomic}
     bool UseLargePagesIndividualAllocation        = false                                  {pd product} {ergonomic}

Logging:
Log output configuration:
 #0: stdout all=warning uptime,level,tags
 #1: stderr all=off uptime,level,tags

Environment Variables:
JAVA_HOME=C:\Program Files\Java\jdk-11.0.9
PATH=C:\Program Files\Python310\Scripts\;C:\Program Files\Python310\;C:\Program Files (x86)\Common Files\Intel\Shared Libraries\redist\intel64\compiler;C:\WINDOWS\system32;C:\WINDOWS;C:\WINDOWS\System32\Wbem;C:\WINDOWS\System32\WindowsPowerShell\v1.0\;C:\WINDOWS\System32\OpenSSH\;C:\wamp64\www\scriptcase\components\php;C:\wamp64\bin\php\php7.4.26;C:\wamp64\bin\php\php7.3.25;C:\wamp64\bin\php\php7.1.29;C:\Program Files\nodejs;C:\Program Files\PuTTY\;C:\ProgramData\ComposerSetup\bin;C:\Program Files\Git\cmd;C:\Program Files (x86)\Yarn\bin\;C:\Program Files\Java\jdk-11.0.9\bin;C:\Users\HP\AppData\Local\Programs\Python\Python37;C:\Users\HP\AppData\Local\Programs\Python\Python37\Scripts;C:\Users\HP\AppData\Local\Android\flutter\bin;C:\Users\HP\AppData\Roaming\Composer\vendor\laravel\installer\bin;C:\Program Files (x86)\Bitvise SSH Client;C:\wamp64\www\apache-maven-3.8.4\bin;C:\Program Files\NetMake\v9-php73\components\php;C:\Program Files\Docker\Docker\resources\bin;C:\Program Files\nodejs\;C:\Program Files\CMake\bin;C:\Program Files\Java\jdk-11.0.19\bin;C:\Program Files\Tesseract-OCR;C:\Users\HP\AppData\Local\Programs\Python\Python310\Scripts\;C:\Users\HP\AppData\Local\Programs\Python\Python310\;C:\Users\HP\AppData\Local\Microsoft\WindowsApps;C:\Users\HP\AppData\Roaming\Composer\vendor\bin;C:\Users\HP\AppData\Local\Yarn\bin;C:\Program Files\heroku\bin;C:\Users\HP\AppData\Local\Programs\Microsoft VS Code\bin;C:\Users\HP\AppData\Local\GitHubDesktop\bin;C:\Users\HP\AppData\Roaming\npm;
USERNAME=HP
OS=Windows_NT
PROCESSOR_IDENTIFIER=Intel64 Family 6 Model 142 Stepping 10, GenuineIntel



---------------  S Y S T E M  ---------------

OS: Windows 10 , 64 bit Build 19041 (10.0.19041.3155)
HyperV virtualization detected

CPU:total 4 (initial active 4) (2 cores per cpu, 2 threads per core) family 6 model 142 stepping 10, cmov, cx8, fxsr, mmx, sse, sse2, sse3, ssse3, sse4.1, sse4.2, popcnt, avx, avx2, aes, clmul, erms, 3dnowpref, lzcnt, ht, tsc, tscinvbit, bmi1, bmi2, adx, fma

Memory: 4k page, system-wide physical 12199M (2582M free)
TotalPageFile size 14247M (AvailPageFile size 3M)
current process WorkingSet (physical memory assigned to process): 282M, peak: 282M
current process commit charge ("private bytes"): 379M, peak: 380M

vm_info: Java HotSpot(TM) 64-Bit Server VM (11.0.9+7-LTS) for windows-amd64 JRE (11.0.9+7-LTS), built on Sep 15 2020 16:47:03 by "mach5one" with MS VC++ 15.9 (VS2017)

END.
